[2022-06-14 22:26:22,471] {taskinstance.py:1159} INFO - Dependencies all met for <TaskInstance: tutorial_request.print_date scheduled__2022-06-13T22:26:15.668469+00:00 [queued]>
[2022-06-14 22:26:22,479] {taskinstance.py:1159} INFO - Dependencies all met for <TaskInstance: tutorial_request.print_date scheduled__2022-06-13T22:26:15.668469+00:00 [queued]>
[2022-06-14 22:26:22,493] {taskinstance.py:1356} INFO - 
--------------------------------------------------------------------------------
[2022-06-14 22:26:22,494] {taskinstance.py:1357} INFO - Starting attempt 1 of 2
[2022-06-14 22:26:22,495] {taskinstance.py:1358} INFO - 
--------------------------------------------------------------------------------
[2022-06-14 22:26:22,533] {taskinstance.py:1377} INFO - Executing <Task(BashOperator): print_date> on 2022-06-13 22:26:15.668469+00:00
[2022-06-14 22:26:22,539] {standard_task_runner.py:52} INFO - Started process 7595 to run task
[2022-06-14 22:26:22,542] {standard_task_runner.py:79} INFO - Running: ['***', 'tasks', 'run', 'tutorial_request', 'print_date', 'scheduled__2022-06-13T22:26:15.668469+00:00', '--job-id', '32', '--raw', '--subdir', 'DAGS_FOLDER/hello.py', '--cfg-path', '/tmp/tmp2ze58n57', '--error-file', '/tmp/tmpwcqdavh8']
[2022-06-14 22:26:22,557] {standard_task_runner.py:80} INFO - Job 32: Subtask print_date
[2022-06-14 22:26:22,651] {task_command.py:370} INFO - Running <TaskInstance: tutorial_request.print_date scheduled__2022-06-13T22:26:15.668469+00:00 [running]> on host c19de67e094a
[2022-06-14 22:26:22,734] {taskinstance.py:1571} INFO - Exporting the following env vars:
AIRFLOW_CTX_DAG_EMAIL=***@example.com
AIRFLOW_CTX_DAG_OWNER=***
AIRFLOW_CTX_DAG_ID=tutorial_request
AIRFLOW_CTX_TASK_ID=print_date
AIRFLOW_CTX_EXECUTION_DATE=2022-06-13T22:26:15.668469+00:00
AIRFLOW_CTX_TRY_NUMBER=1
AIRFLOW_CTX_DAG_RUN_ID=scheduled__2022-06-13T22:26:15.668469+00:00
[2022-06-14 22:26:22,737] {subprocess.py:62} INFO - Tmp dir root location: 
 /tmp
[2022-06-14 22:26:22,739] {subprocess.py:74} INFO - Running command: ['bash', '-c', 'date']
[2022-06-14 22:26:22,759] {subprocess.py:85} INFO - Output:
[2022-06-14 22:26:22,763] {subprocess.py:92} INFO - Tue Jun 14 22:26:22 UTC 2022
[2022-06-14 22:26:22,764] {subprocess.py:96} INFO - Command exited with return code 0
[2022-06-14 22:26:22,789] {taskinstance.py:1400} INFO - Marking task as SUCCESS. dag_id=tutorial_request, task_id=print_date, execution_date=20220613T222615, start_date=20220614T222622, end_date=20220614T222622
[2022-06-14 22:26:22,814] {local_task_job.py:156} INFO - Task exited with return code 0
[2022-06-14 22:26:22,839] {local_task_job.py:273} INFO - 1 downstream tasks scheduled from follow-on schedule check
