[2022-07-01 12:28:50,082] {processor.py:153} INFO - Started process (PID=55) to work on /home/airflow/.local/lib/python3.7/site-packages/airflow/example_dags/example_latest_only_with_trigger.py
[2022-07-01 12:28:50,088] {processor.py:641} INFO - Processing file /home/airflow/.local/lib/python3.7/site-packages/airflow/example_dags/example_latest_only_with_trigger.py for tasks to queue
[2022-07-01 12:28:50,090] {logging_mixin.py:115} INFO - [2022-07-01 12:28:50,090] {dagbag.py:507} INFO - Filling up the DagBag from /home/airflow/.local/lib/python3.7/site-packages/airflow/example_dags/example_latest_only_with_trigger.py
[2022-07-01 12:28:50,107] {processor.py:651} INFO - DAG(s) dict_keys(['latest_only_with_trigger']) retrieved from /home/airflow/.local/lib/python3.7/site-packages/airflow/example_dags/example_latest_only_with_trigger.py
[2022-07-01 12:28:50,179] {logging_mixin.py:115} INFO - [2022-07-01 12:28:50,179] {dag.py:2379} INFO - Sync 1 DAGs
[2022-07-01 12:28:50,312] {logging_mixin.py:115} INFO - [2022-07-01 12:28:50,312] {dag.py:2931} INFO - Setting next_dagrun for latest_only_with_trigger to 2022-07-01T08:28:50.312649+00:00, run_after=2022-07-01T12:28:50.312649+00:00
[2022-07-01 12:28:50,366] {processor.py:161} INFO - Processing /home/airflow/.local/lib/python3.7/site-packages/airflow/example_dags/example_latest_only_with_trigger.py took 0.287 seconds
[2022-07-01 12:29:20,678] {processor.py:153} INFO - Started process (PID=111) to work on /home/airflow/.local/lib/python3.7/site-packages/airflow/example_dags/example_latest_only_with_trigger.py
[2022-07-01 12:29:20,691] {processor.py:641} INFO - Processing file /home/airflow/.local/lib/python3.7/site-packages/airflow/example_dags/example_latest_only_with_trigger.py for tasks to queue
[2022-07-01 12:29:20,693] {logging_mixin.py:115} INFO - [2022-07-01 12:29:20,693] {dagbag.py:507} INFO - Filling up the DagBag from /home/airflow/.local/lib/python3.7/site-packages/airflow/example_dags/example_latest_only_with_trigger.py
[2022-07-01 12:29:20,710] {processor.py:651} INFO - DAG(s) dict_keys(['latest_only_with_trigger']) retrieved from /home/airflow/.local/lib/python3.7/site-packages/airflow/example_dags/example_latest_only_with_trigger.py
[2022-07-01 12:29:20,747] {logging_mixin.py:115} INFO - [2022-07-01 12:29:20,747] {dag.py:2379} INFO - Sync 1 DAGs
[2022-07-01 12:29:20,780] {logging_mixin.py:115} INFO - [2022-07-01 12:29:20,780] {dag.py:2931} INFO - Setting next_dagrun for latest_only_with_trigger to 2022-07-01T08:29:20.780662+00:00, run_after=2022-07-01T12:29:20.780662+00:00
[2022-07-01 12:29:20,797] {processor.py:161} INFO - Processing /home/airflow/.local/lib/python3.7/site-packages/airflow/example_dags/example_latest_only_with_trigger.py took 0.121 seconds
[2022-07-01 12:29:51,464] {processor.py:153} INFO - Started process (PID=175) to work on /home/airflow/.local/lib/python3.7/site-packages/airflow/example_dags/example_latest_only_with_trigger.py
[2022-07-01 12:29:51,467] {processor.py:641} INFO - Processing file /home/airflow/.local/lib/python3.7/site-packages/airflow/example_dags/example_latest_only_with_trigger.py for tasks to queue
[2022-07-01 12:29:51,468] {logging_mixin.py:115} INFO - [2022-07-01 12:29:51,468] {dagbag.py:507} INFO - Filling up the DagBag from /home/airflow/.local/lib/python3.7/site-packages/airflow/example_dags/example_latest_only_with_trigger.py
[2022-07-01 12:29:51,476] {processor.py:651} INFO - DAG(s) dict_keys(['latest_only_with_trigger']) retrieved from /home/airflow/.local/lib/python3.7/site-packages/airflow/example_dags/example_latest_only_with_trigger.py
[2022-07-01 12:29:51,504] {logging_mixin.py:115} INFO - [2022-07-01 12:29:51,504] {dag.py:2379} INFO - Sync 1 DAGs
[2022-07-01 12:29:51,537] {logging_mixin.py:115} INFO - [2022-07-01 12:29:51,537] {dag.py:2931} INFO - Setting next_dagrun for latest_only_with_trigger to 2022-07-01T08:29:51.536957+00:00, run_after=2022-07-01T12:29:51.536957+00:00
[2022-07-01 12:29:51,548] {processor.py:161} INFO - Processing /home/airflow/.local/lib/python3.7/site-packages/airflow/example_dags/example_latest_only_with_trigger.py took 0.087 seconds
[2022-07-01 12:30:22,318] {processor.py:153} INFO - Started process (PID=239) to work on /home/airflow/.local/lib/python3.7/site-packages/airflow/example_dags/example_latest_only_with_trigger.py
[2022-07-01 12:30:22,320] {processor.py:641} INFO - Processing file /home/airflow/.local/lib/python3.7/site-packages/airflow/example_dags/example_latest_only_with_trigger.py for tasks to queue
[2022-07-01 12:30:22,321] {logging_mixin.py:115} INFO - [2022-07-01 12:30:22,321] {dagbag.py:507} INFO - Filling up the DagBag from /home/airflow/.local/lib/python3.7/site-packages/airflow/example_dags/example_latest_only_with_trigger.py
[2022-07-01 12:30:22,345] {processor.py:651} INFO - DAG(s) dict_keys(['latest_only_with_trigger']) retrieved from /home/airflow/.local/lib/python3.7/site-packages/airflow/example_dags/example_latest_only_with_trigger.py
[2022-07-01 12:30:22,392] {logging_mixin.py:115} INFO - [2022-07-01 12:30:22,391] {dag.py:2379} INFO - Sync 1 DAGs
[2022-07-01 12:30:22,411] {logging_mixin.py:115} INFO - [2022-07-01 12:30:22,411] {dag.py:2931} INFO - Setting next_dagrun for latest_only_with_trigger to 2022-07-01T08:30:22.411535+00:00, run_after=2022-07-01T12:30:22.411535+00:00
[2022-07-01 12:30:22,424] {processor.py:161} INFO - Processing /home/airflow/.local/lib/python3.7/site-packages/airflow/example_dags/example_latest_only_with_trigger.py took 0.108 seconds
[2022-07-01 12:30:53,010] {processor.py:153} INFO - Started process (PID=304) to work on /home/airflow/.local/lib/python3.7/site-packages/airflow/example_dags/example_latest_only_with_trigger.py
[2022-07-01 12:30:53,012] {processor.py:641} INFO - Processing file /home/airflow/.local/lib/python3.7/site-packages/airflow/example_dags/example_latest_only_with_trigger.py for tasks to queue
[2022-07-01 12:30:53,013] {logging_mixin.py:115} INFO - [2022-07-01 12:30:53,013] {dagbag.py:507} INFO - Filling up the DagBag from /home/airflow/.local/lib/python3.7/site-packages/airflow/example_dags/example_latest_only_with_trigger.py
[2022-07-01 12:30:53,039] {processor.py:651} INFO - DAG(s) dict_keys(['latest_only_with_trigger']) retrieved from /home/airflow/.local/lib/python3.7/site-packages/airflow/example_dags/example_latest_only_with_trigger.py
[2022-07-01 12:30:53,090] {logging_mixin.py:115} INFO - [2022-07-01 12:30:53,090] {dag.py:2379} INFO - Sync 1 DAGs
[2022-07-01 12:30:53,128] {logging_mixin.py:115} INFO - [2022-07-01 12:30:53,128] {dag.py:2931} INFO - Setting next_dagrun for latest_only_with_trigger to 2022-07-01T08:30:53.128251+00:00, run_after=2022-07-01T12:30:53.128251+00:00
[2022-07-01 12:30:53,154] {processor.py:161} INFO - Processing /home/airflow/.local/lib/python3.7/site-packages/airflow/example_dags/example_latest_only_with_trigger.py took 0.146 seconds
[2022-07-01 12:31:23,573] {processor.py:153} INFO - Started process (PID=362) to work on /home/airflow/.local/lib/python3.7/site-packages/airflow/example_dags/example_latest_only_with_trigger.py
[2022-07-01 12:31:23,589] {processor.py:641} INFO - Processing file /home/airflow/.local/lib/python3.7/site-packages/airflow/example_dags/example_latest_only_with_trigger.py for tasks to queue
[2022-07-01 12:31:23,591] {logging_mixin.py:115} INFO - [2022-07-01 12:31:23,591] {dagbag.py:507} INFO - Filling up the DagBag from /home/airflow/.local/lib/python3.7/site-packages/airflow/example_dags/example_latest_only_with_trigger.py
[2022-07-01 12:31:23,599] {processor.py:651} INFO - DAG(s) dict_keys(['latest_only_with_trigger']) retrieved from /home/airflow/.local/lib/python3.7/site-packages/airflow/example_dags/example_latest_only_with_trigger.py
[2022-07-01 12:31:23,619] {logging_mixin.py:115} INFO - [2022-07-01 12:31:23,619] {dag.py:2379} INFO - Sync 1 DAGs
[2022-07-01 12:31:23,636] {logging_mixin.py:115} INFO - [2022-07-01 12:31:23,636] {dag.py:2931} INFO - Setting next_dagrun for latest_only_with_trigger to 2022-07-01T08:31:23.636126+00:00, run_after=2022-07-01T12:31:23.636126+00:00
[2022-07-01 12:31:23,646] {processor.py:161} INFO - Processing /home/airflow/.local/lib/python3.7/site-packages/airflow/example_dags/example_latest_only_with_trigger.py took 0.076 seconds
[2022-07-01 12:31:54,863] {processor.py:153} INFO - Started process (PID=427) to work on /home/airflow/.local/lib/python3.7/site-packages/airflow/example_dags/example_latest_only_with_trigger.py
[2022-07-01 12:31:54,865] {processor.py:641} INFO - Processing file /home/airflow/.local/lib/python3.7/site-packages/airflow/example_dags/example_latest_only_with_trigger.py for tasks to queue
[2022-07-01 12:31:54,866] {logging_mixin.py:115} INFO - [2022-07-01 12:31:54,866] {dagbag.py:507} INFO - Filling up the DagBag from /home/airflow/.local/lib/python3.7/site-packages/airflow/example_dags/example_latest_only_with_trigger.py
[2022-07-01 12:31:54,875] {processor.py:651} INFO - DAG(s) dict_keys(['latest_only_with_trigger']) retrieved from /home/airflow/.local/lib/python3.7/site-packages/airflow/example_dags/example_latest_only_with_trigger.py
[2022-07-01 12:31:54,904] {logging_mixin.py:115} INFO - [2022-07-01 12:31:54,904] {dag.py:2379} INFO - Sync 1 DAGs
[2022-07-01 12:31:54,931] {logging_mixin.py:115} INFO - [2022-07-01 12:31:54,930] {dag.py:2931} INFO - Setting next_dagrun for latest_only_with_trigger to 2022-07-01T08:31:54.930746+00:00, run_after=2022-07-01T12:31:54.930746+00:00
[2022-07-01 12:31:54,942] {processor.py:161} INFO - Processing /home/airflow/.local/lib/python3.7/site-packages/airflow/example_dags/example_latest_only_with_trigger.py took 0.082 seconds
[2022-07-01 12:32:25,535] {processor.py:153} INFO - Started process (PID=491) to work on /home/airflow/.local/lib/python3.7/site-packages/airflow/example_dags/example_latest_only_with_trigger.py
[2022-07-01 12:32:25,538] {processor.py:641} INFO - Processing file /home/airflow/.local/lib/python3.7/site-packages/airflow/example_dags/example_latest_only_with_trigger.py for tasks to queue
[2022-07-01 12:32:25,540] {logging_mixin.py:115} INFO - [2022-07-01 12:32:25,540] {dagbag.py:507} INFO - Filling up the DagBag from /home/airflow/.local/lib/python3.7/site-packages/airflow/example_dags/example_latest_only_with_trigger.py
[2022-07-01 12:32:25,548] {processor.py:651} INFO - DAG(s) dict_keys(['latest_only_with_trigger']) retrieved from /home/airflow/.local/lib/python3.7/site-packages/airflow/example_dags/example_latest_only_with_trigger.py
[2022-07-01 12:32:25,573] {logging_mixin.py:115} INFO - [2022-07-01 12:32:25,573] {dag.py:2379} INFO - Sync 1 DAGs
[2022-07-01 12:32:25,596] {logging_mixin.py:115} INFO - [2022-07-01 12:32:25,595] {dag.py:2931} INFO - Setting next_dagrun for latest_only_with_trigger to 2022-07-01T08:32:25.595768+00:00, run_after=2022-07-01T12:32:25.595768+00:00
[2022-07-01 12:32:25,613] {processor.py:161} INFO - Processing /home/airflow/.local/lib/python3.7/site-packages/airflow/example_dags/example_latest_only_with_trigger.py took 0.081 seconds
[2022-07-01 12:32:56,696] {processor.py:153} INFO - Started process (PID=555) to work on /home/airflow/.local/lib/python3.7/site-packages/airflow/example_dags/example_latest_only_with_trigger.py
[2022-07-01 12:32:56,708] {processor.py:641} INFO - Processing file /home/airflow/.local/lib/python3.7/site-packages/airflow/example_dags/example_latest_only_with_trigger.py for tasks to queue
[2022-07-01 12:32:56,710] {logging_mixin.py:115} INFO - [2022-07-01 12:32:56,709] {dagbag.py:507} INFO - Filling up the DagBag from /home/airflow/.local/lib/python3.7/site-packages/airflow/example_dags/example_latest_only_with_trigger.py
[2022-07-01 12:32:56,722] {processor.py:651} INFO - DAG(s) dict_keys(['latest_only_with_trigger']) retrieved from /home/airflow/.local/lib/python3.7/site-packages/airflow/example_dags/example_latest_only_with_trigger.py
[2022-07-01 12:32:56,753] {logging_mixin.py:115} INFO - [2022-07-01 12:32:56,753] {dag.py:2379} INFO - Sync 1 DAGs
[2022-07-01 12:32:56,768] {logging_mixin.py:115} INFO - [2022-07-01 12:32:56,768] {dag.py:2931} INFO - Setting next_dagrun for latest_only_with_trigger to 2022-07-01T08:32:56.768693+00:00, run_after=2022-07-01T12:32:56.768693+00:00
[2022-07-01 12:32:56,780] {processor.py:161} INFO - Processing /home/airflow/.local/lib/python3.7/site-packages/airflow/example_dags/example_latest_only_with_trigger.py took 0.087 seconds
[2022-07-01 12:33:27,348] {processor.py:153} INFO - Started process (PID=619) to work on /home/airflow/.local/lib/python3.7/site-packages/airflow/example_dags/example_latest_only_with_trigger.py
[2022-07-01 12:33:27,350] {processor.py:641} INFO - Processing file /home/airflow/.local/lib/python3.7/site-packages/airflow/example_dags/example_latest_only_with_trigger.py for tasks to queue
[2022-07-01 12:33:27,351] {logging_mixin.py:115} INFO - [2022-07-01 12:33:27,351] {dagbag.py:507} INFO - Filling up the DagBag from /home/airflow/.local/lib/python3.7/site-packages/airflow/example_dags/example_latest_only_with_trigger.py
[2022-07-01 12:33:27,360] {processor.py:651} INFO - DAG(s) dict_keys(['latest_only_with_trigger']) retrieved from /home/airflow/.local/lib/python3.7/site-packages/airflow/example_dags/example_latest_only_with_trigger.py
[2022-07-01 12:33:27,378] {logging_mixin.py:115} INFO - [2022-07-01 12:33:27,378] {dag.py:2379} INFO - Sync 1 DAGs
[2022-07-01 12:33:27,393] {logging_mixin.py:115} INFO - [2022-07-01 12:33:27,393] {dag.py:2931} INFO - Setting next_dagrun for latest_only_with_trigger to 2022-07-01T08:33:27.393238+00:00, run_after=2022-07-01T12:33:27.393238+00:00
[2022-07-01 12:33:27,408] {processor.py:161} INFO - Processing /home/airflow/.local/lib/python3.7/site-packages/airflow/example_dags/example_latest_only_with_trigger.py took 0.062 seconds
[2022-07-01 12:33:57,834] {processor.py:153} INFO - Started process (PID=675) to work on /home/airflow/.local/lib/python3.7/site-packages/airflow/example_dags/example_latest_only_with_trigger.py
[2022-07-01 12:33:57,836] {processor.py:641} INFO - Processing file /home/airflow/.local/lib/python3.7/site-packages/airflow/example_dags/example_latest_only_with_trigger.py for tasks to queue
[2022-07-01 12:33:57,838] {logging_mixin.py:115} INFO - [2022-07-01 12:33:57,838] {dagbag.py:507} INFO - Filling up the DagBag from /home/airflow/.local/lib/python3.7/site-packages/airflow/example_dags/example_latest_only_with_trigger.py
[2022-07-01 12:33:57,842] {processor.py:651} INFO - DAG(s) dict_keys(['latest_only_with_trigger']) retrieved from /home/airflow/.local/lib/python3.7/site-packages/airflow/example_dags/example_latest_only_with_trigger.py
[2022-07-01 12:33:57,862] {logging_mixin.py:115} INFO - [2022-07-01 12:33:57,861] {dag.py:2379} INFO - Sync 1 DAGs
[2022-07-01 12:33:57,876] {logging_mixin.py:115} INFO - [2022-07-01 12:33:57,876] {dag.py:2931} INFO - Setting next_dagrun for latest_only_with_trigger to 2022-07-01T08:33:57.876394+00:00, run_after=2022-07-01T12:33:57.876394+00:00
[2022-07-01 12:33:57,885] {processor.py:161} INFO - Processing /home/airflow/.local/lib/python3.7/site-packages/airflow/example_dags/example_latest_only_with_trigger.py took 0.053 seconds
[2022-07-01 12:34:28,387] {processor.py:153} INFO - Started process (PID=738) to work on /home/airflow/.local/lib/python3.7/site-packages/airflow/example_dags/example_latest_only_with_trigger.py
[2022-07-01 12:34:28,393] {processor.py:641} INFO - Processing file /home/airflow/.local/lib/python3.7/site-packages/airflow/example_dags/example_latest_only_with_trigger.py for tasks to queue
[2022-07-01 12:34:28,394] {logging_mixin.py:115} INFO - [2022-07-01 12:34:28,394] {dagbag.py:507} INFO - Filling up the DagBag from /home/airflow/.local/lib/python3.7/site-packages/airflow/example_dags/example_latest_only_with_trigger.py
[2022-07-01 12:34:28,400] {processor.py:651} INFO - DAG(s) dict_keys(['latest_only_with_trigger']) retrieved from /home/airflow/.local/lib/python3.7/site-packages/airflow/example_dags/example_latest_only_with_trigger.py
[2022-07-01 12:34:28,426] {logging_mixin.py:115} INFO - [2022-07-01 12:34:28,426] {dag.py:2379} INFO - Sync 1 DAGs
[2022-07-01 12:34:28,440] {logging_mixin.py:115} INFO - [2022-07-01 12:34:28,440] {dag.py:2931} INFO - Setting next_dagrun for latest_only_with_trigger to 2022-07-01T08:34:28.440356+00:00, run_after=2022-07-01T12:34:28.440356+00:00
[2022-07-01 12:34:28,449] {processor.py:161} INFO - Processing /home/airflow/.local/lib/python3.7/site-packages/airflow/example_dags/example_latest_only_with_trigger.py took 0.064 seconds
[2022-07-01 12:34:59,360] {processor.py:153} INFO - Started process (PID=803) to work on /home/airflow/.local/lib/python3.7/site-packages/airflow/example_dags/example_latest_only_with_trigger.py
[2022-07-01 12:34:59,361] {processor.py:641} INFO - Processing file /home/airflow/.local/lib/python3.7/site-packages/airflow/example_dags/example_latest_only_with_trigger.py for tasks to queue
[2022-07-01 12:34:59,362] {logging_mixin.py:115} INFO - [2022-07-01 12:34:59,362] {dagbag.py:507} INFO - Filling up the DagBag from /home/airflow/.local/lib/python3.7/site-packages/airflow/example_dags/example_latest_only_with_trigger.py
[2022-07-01 12:34:59,366] {processor.py:651} INFO - DAG(s) dict_keys(['latest_only_with_trigger']) retrieved from /home/airflow/.local/lib/python3.7/site-packages/airflow/example_dags/example_latest_only_with_trigger.py
[2022-07-01 12:34:59,382] {logging_mixin.py:115} INFO - [2022-07-01 12:34:59,382] {dag.py:2379} INFO - Sync 1 DAGs
[2022-07-01 12:34:59,396] {logging_mixin.py:115} INFO - [2022-07-01 12:34:59,396] {dag.py:2931} INFO - Setting next_dagrun for latest_only_with_trigger to 2022-07-01T08:34:59.396520+00:00, run_after=2022-07-01T12:34:59.396520+00:00
[2022-07-01 12:34:59,407] {processor.py:161} INFO - Processing /home/airflow/.local/lib/python3.7/site-packages/airflow/example_dags/example_latest_only_with_trigger.py took 0.050 seconds
[2022-07-01 12:35:30,146] {processor.py:153} INFO - Started process (PID=869) to work on /home/airflow/.local/lib/python3.7/site-packages/airflow/example_dags/example_latest_only_with_trigger.py
[2022-07-01 12:35:30,147] {processor.py:641} INFO - Processing file /home/airflow/.local/lib/python3.7/site-packages/airflow/example_dags/example_latest_only_with_trigger.py for tasks to queue
[2022-07-01 12:35:30,148] {logging_mixin.py:115} INFO - [2022-07-01 12:35:30,148] {dagbag.py:507} INFO - Filling up the DagBag from /home/airflow/.local/lib/python3.7/site-packages/airflow/example_dags/example_latest_only_with_trigger.py
[2022-07-01 12:35:30,153] {processor.py:651} INFO - DAG(s) dict_keys(['latest_only_with_trigger']) retrieved from /home/airflow/.local/lib/python3.7/site-packages/airflow/example_dags/example_latest_only_with_trigger.py
[2022-07-01 12:35:30,171] {logging_mixin.py:115} INFO - [2022-07-01 12:35:30,170] {dag.py:2379} INFO - Sync 1 DAGs
[2022-07-01 12:35:30,186] {logging_mixin.py:115} INFO - [2022-07-01 12:35:30,186] {dag.py:2931} INFO - Setting next_dagrun for latest_only_with_trigger to 2022-07-01T08:35:30.186107+00:00, run_after=2022-07-01T12:35:30.186107+00:00
[2022-07-01 12:35:30,194] {processor.py:161} INFO - Processing /home/airflow/.local/lib/python3.7/site-packages/airflow/example_dags/example_latest_only_with_trigger.py took 0.052 seconds
[2022-07-01 17:12:07,861] {processor.py:153} INFO - Started process (PID=56) to work on /home/airflow/.local/lib/python3.7/site-packages/airflow/example_dags/example_latest_only_with_trigger.py
[2022-07-01 17:12:07,863] {processor.py:641} INFO - Processing file /home/airflow/.local/lib/python3.7/site-packages/airflow/example_dags/example_latest_only_with_trigger.py for tasks to queue
[2022-07-01 17:12:07,865] {logging_mixin.py:115} INFO - [2022-07-01 17:12:07,865] {dagbag.py:507} INFO - Filling up the DagBag from /home/airflow/.local/lib/python3.7/site-packages/airflow/example_dags/example_latest_only_with_trigger.py
[2022-07-01 17:12:07,878] {processor.py:651} INFO - DAG(s) dict_keys(['latest_only_with_trigger']) retrieved from /home/airflow/.local/lib/python3.7/site-packages/airflow/example_dags/example_latest_only_with_trigger.py
[2022-07-01 17:12:07,918] {logging_mixin.py:115} INFO - [2022-07-01 17:12:07,918] {dag.py:2379} INFO - Sync 1 DAGs
[2022-07-01 17:12:07,942] {logging_mixin.py:115} INFO - [2022-07-01 17:12:07,942] {dag.py:2931} INFO - Setting next_dagrun for latest_only_with_trigger to 2022-07-01T13:12:07.942213+00:00, run_after=2022-07-01T17:12:07.942213+00:00
[2022-07-01 17:12:07,956] {processor.py:161} INFO - Processing /home/airflow/.local/lib/python3.7/site-packages/airflow/example_dags/example_latest_only_with_trigger.py took 0.099 seconds
[2022-07-01 18:12:26,606] {processor.py:153} INFO - Started process (PID=55) to work on /home/airflow/.local/lib/python3.7/site-packages/airflow/example_dags/example_latest_only_with_trigger.py
[2022-07-01 18:12:26,609] {processor.py:641} INFO - Processing file /home/airflow/.local/lib/python3.7/site-packages/airflow/example_dags/example_latest_only_with_trigger.py for tasks to queue
[2022-07-01 18:12:26,611] {logging_mixin.py:115} INFO - [2022-07-01 18:12:26,611] {dagbag.py:507} INFO - Filling up the DagBag from /home/airflow/.local/lib/python3.7/site-packages/airflow/example_dags/example_latest_only_with_trigger.py
[2022-07-01 18:12:26,616] {processor.py:651} INFO - DAG(s) dict_keys(['latest_only_with_trigger']) retrieved from /home/airflow/.local/lib/python3.7/site-packages/airflow/example_dags/example_latest_only_with_trigger.py
[2022-07-01 18:12:26,681] {logging_mixin.py:115} INFO - [2022-07-01 18:12:26,681] {dag.py:2379} INFO - Sync 1 DAGs
[2022-07-01 18:12:26,715] {logging_mixin.py:115} INFO - [2022-07-01 18:12:26,713] {dag.py:2931} INFO - Setting next_dagrun for latest_only_with_trigger to 2022-07-01T14:12:26.713793+00:00, run_after=2022-07-01T18:12:26.713793+00:00
[2022-07-01 18:12:26,769] {processor.py:161} INFO - Processing /home/airflow/.local/lib/python3.7/site-packages/airflow/example_dags/example_latest_only_with_trigger.py took 0.168 seconds
