[2022-07-01 12:28:50,840] {processor.py:153} INFO - Started process (PID=60) to work on /home/airflow/.local/lib/python3.7/site-packages/airflow/example_dags/example_branch_day_of_week_operator.py
[2022-07-01 12:28:50,856] {processor.py:641} INFO - Processing file /home/airflow/.local/lib/python3.7/site-packages/airflow/example_dags/example_branch_day_of_week_operator.py for tasks to queue
[2022-07-01 12:28:50,858] {logging_mixin.py:115} INFO - [2022-07-01 12:28:50,858] {dagbag.py:507} INFO - Filling up the DagBag from /home/airflow/.local/lib/python3.7/site-packages/airflow/example_dags/example_branch_day_of_week_operator.py
[2022-07-01 12:28:50,889] {processor.py:651} INFO - DAG(s) dict_keys(['example_weekday_branch_operator']) retrieved from /home/airflow/.local/lib/python3.7/site-packages/airflow/example_dags/example_branch_day_of_week_operator.py
[2022-07-01 12:28:50,984] {logging_mixin.py:115} INFO - [2022-07-01 12:28:50,984] {dag.py:2379} INFO - Sync 1 DAGs
[2022-07-01 12:28:51,051] {logging_mixin.py:115} INFO - [2022-07-01 12:28:51,051] {dag.py:2931} INFO - Setting next_dagrun for example_weekday_branch_operator to 2022-06-30T00:00:00+00:00, run_after=2022-07-01T00:00:00+00:00
[2022-07-01 12:28:51,110] {processor.py:161} INFO - Processing /home/airflow/.local/lib/python3.7/site-packages/airflow/example_dags/example_branch_day_of_week_operator.py took 0.272 seconds
[2022-07-01 12:29:21,243] {processor.py:153} INFO - Started process (PID=116) to work on /home/airflow/.local/lib/python3.7/site-packages/airflow/example_dags/example_branch_day_of_week_operator.py
[2022-07-01 12:29:21,245] {processor.py:641} INFO - Processing file /home/airflow/.local/lib/python3.7/site-packages/airflow/example_dags/example_branch_day_of_week_operator.py for tasks to queue
[2022-07-01 12:29:21,247] {logging_mixin.py:115} INFO - [2022-07-01 12:29:21,247] {dagbag.py:507} INFO - Filling up the DagBag from /home/airflow/.local/lib/python3.7/site-packages/airflow/example_dags/example_branch_day_of_week_operator.py
[2022-07-01 12:29:21,256] {processor.py:651} INFO - DAG(s) dict_keys(['example_weekday_branch_operator']) retrieved from /home/airflow/.local/lib/python3.7/site-packages/airflow/example_dags/example_branch_day_of_week_operator.py
[2022-07-01 12:29:21,291] {logging_mixin.py:115} INFO - [2022-07-01 12:29:21,291] {dag.py:2379} INFO - Sync 1 DAGs
[2022-07-01 12:29:21,310] {logging_mixin.py:115} INFO - [2022-07-01 12:29:21,310] {dag.py:2931} INFO - Setting next_dagrun for example_weekday_branch_operator to 2022-06-30T00:00:00+00:00, run_after=2022-07-01T00:00:00+00:00
[2022-07-01 12:29:21,319] {processor.py:161} INFO - Processing /home/airflow/.local/lib/python3.7/site-packages/airflow/example_dags/example_branch_day_of_week_operator.py took 0.078 seconds
[2022-07-01 12:29:51,814] {processor.py:153} INFO - Started process (PID=180) to work on /home/airflow/.local/lib/python3.7/site-packages/airflow/example_dags/example_branch_day_of_week_operator.py
[2022-07-01 12:29:51,815] {processor.py:641} INFO - Processing file /home/airflow/.local/lib/python3.7/site-packages/airflow/example_dags/example_branch_day_of_week_operator.py for tasks to queue
[2022-07-01 12:29:51,817] {logging_mixin.py:115} INFO - [2022-07-01 12:29:51,817] {dagbag.py:507} INFO - Filling up the DagBag from /home/airflow/.local/lib/python3.7/site-packages/airflow/example_dags/example_branch_day_of_week_operator.py
[2022-07-01 12:29:51,827] {processor.py:651} INFO - DAG(s) dict_keys(['example_weekday_branch_operator']) retrieved from /home/airflow/.local/lib/python3.7/site-packages/airflow/example_dags/example_branch_day_of_week_operator.py
[2022-07-01 12:29:51,854] {logging_mixin.py:115} INFO - [2022-07-01 12:29:51,854] {dag.py:2379} INFO - Sync 1 DAGs
[2022-07-01 12:29:51,876] {logging_mixin.py:115} INFO - [2022-07-01 12:29:51,876] {dag.py:2931} INFO - Setting next_dagrun for example_weekday_branch_operator to 2022-06-30T00:00:00+00:00, run_after=2022-07-01T00:00:00+00:00
[2022-07-01 12:29:51,888] {processor.py:161} INFO - Processing /home/airflow/.local/lib/python3.7/site-packages/airflow/example_dags/example_branch_day_of_week_operator.py took 0.076 seconds
[2022-07-01 12:30:22,662] {processor.py:153} INFO - Started process (PID=244) to work on /home/airflow/.local/lib/python3.7/site-packages/airflow/example_dags/example_branch_day_of_week_operator.py
[2022-07-01 12:30:22,664] {processor.py:641} INFO - Processing file /home/airflow/.local/lib/python3.7/site-packages/airflow/example_dags/example_branch_day_of_week_operator.py for tasks to queue
[2022-07-01 12:30:22,667] {logging_mixin.py:115} INFO - [2022-07-01 12:30:22,667] {dagbag.py:507} INFO - Filling up the DagBag from /home/airflow/.local/lib/python3.7/site-packages/airflow/example_dags/example_branch_day_of_week_operator.py
[2022-07-01 12:30:22,678] {processor.py:651} INFO - DAG(s) dict_keys(['example_weekday_branch_operator']) retrieved from /home/airflow/.local/lib/python3.7/site-packages/airflow/example_dags/example_branch_day_of_week_operator.py
[2022-07-01 12:30:22,713] {logging_mixin.py:115} INFO - [2022-07-01 12:30:22,713] {dag.py:2379} INFO - Sync 1 DAGs
[2022-07-01 12:30:22,740] {logging_mixin.py:115} INFO - [2022-07-01 12:30:22,740] {dag.py:2931} INFO - Setting next_dagrun for example_weekday_branch_operator to 2022-06-30T00:00:00+00:00, run_after=2022-07-01T00:00:00+00:00
[2022-07-01 12:30:22,757] {processor.py:161} INFO - Processing /home/airflow/.local/lib/python3.7/site-packages/airflow/example_dags/example_branch_day_of_week_operator.py took 0.098 seconds
[2022-07-01 12:30:53,422] {processor.py:153} INFO - Started process (PID=309) to work on /home/airflow/.local/lib/python3.7/site-packages/airflow/example_dags/example_branch_day_of_week_operator.py
[2022-07-01 12:30:53,423] {processor.py:641} INFO - Processing file /home/airflow/.local/lib/python3.7/site-packages/airflow/example_dags/example_branch_day_of_week_operator.py for tasks to queue
[2022-07-01 12:30:53,425] {logging_mixin.py:115} INFO - [2022-07-01 12:30:53,425] {dagbag.py:507} INFO - Filling up the DagBag from /home/airflow/.local/lib/python3.7/site-packages/airflow/example_dags/example_branch_day_of_week_operator.py
[2022-07-01 12:30:53,440] {processor.py:651} INFO - DAG(s) dict_keys(['example_weekday_branch_operator']) retrieved from /home/airflow/.local/lib/python3.7/site-packages/airflow/example_dags/example_branch_day_of_week_operator.py
[2022-07-01 12:30:53,484] {logging_mixin.py:115} INFO - [2022-07-01 12:30:53,483] {dag.py:2379} INFO - Sync 1 DAGs
[2022-07-01 12:30:53,521] {logging_mixin.py:115} INFO - [2022-07-01 12:30:53,521] {dag.py:2931} INFO - Setting next_dagrun for example_weekday_branch_operator to 2022-06-30T00:00:00+00:00, run_after=2022-07-01T00:00:00+00:00
[2022-07-01 12:30:53,532] {processor.py:161} INFO - Processing /home/airflow/.local/lib/python3.7/site-packages/airflow/example_dags/example_branch_day_of_week_operator.py took 0.113 seconds
[2022-07-01 12:31:23,870] {processor.py:153} INFO - Started process (PID=367) to work on /home/airflow/.local/lib/python3.7/site-packages/airflow/example_dags/example_branch_day_of_week_operator.py
[2022-07-01 12:31:23,871] {processor.py:641} INFO - Processing file /home/airflow/.local/lib/python3.7/site-packages/airflow/example_dags/example_branch_day_of_week_operator.py for tasks to queue
[2022-07-01 12:31:23,872] {logging_mixin.py:115} INFO - [2022-07-01 12:31:23,872] {dagbag.py:507} INFO - Filling up the DagBag from /home/airflow/.local/lib/python3.7/site-packages/airflow/example_dags/example_branch_day_of_week_operator.py
[2022-07-01 12:31:23,882] {processor.py:651} INFO - DAG(s) dict_keys(['example_weekday_branch_operator']) retrieved from /home/airflow/.local/lib/python3.7/site-packages/airflow/example_dags/example_branch_day_of_week_operator.py
[2022-07-01 12:31:23,902] {logging_mixin.py:115} INFO - [2022-07-01 12:31:23,902] {dag.py:2379} INFO - Sync 1 DAGs
[2022-07-01 12:31:23,920] {logging_mixin.py:115} INFO - [2022-07-01 12:31:23,919] {dag.py:2931} INFO - Setting next_dagrun for example_weekday_branch_operator to 2022-06-30T00:00:00+00:00, run_after=2022-07-01T00:00:00+00:00
[2022-07-01 12:31:23,929] {processor.py:161} INFO - Processing /home/airflow/.local/lib/python3.7/site-packages/airflow/example_dags/example_branch_day_of_week_operator.py took 0.062 seconds
[2022-07-01 12:31:55,181] {processor.py:153} INFO - Started process (PID=432) to work on /home/airflow/.local/lib/python3.7/site-packages/airflow/example_dags/example_branch_day_of_week_operator.py
[2022-07-01 12:31:55,182] {processor.py:641} INFO - Processing file /home/airflow/.local/lib/python3.7/site-packages/airflow/example_dags/example_branch_day_of_week_operator.py for tasks to queue
[2022-07-01 12:31:55,183] {logging_mixin.py:115} INFO - [2022-07-01 12:31:55,183] {dagbag.py:507} INFO - Filling up the DagBag from /home/airflow/.local/lib/python3.7/site-packages/airflow/example_dags/example_branch_day_of_week_operator.py
[2022-07-01 12:31:55,191] {processor.py:651} INFO - DAG(s) dict_keys(['example_weekday_branch_operator']) retrieved from /home/airflow/.local/lib/python3.7/site-packages/airflow/example_dags/example_branch_day_of_week_operator.py
[2022-07-01 12:31:55,222] {logging_mixin.py:115} INFO - [2022-07-01 12:31:55,222] {dag.py:2379} INFO - Sync 1 DAGs
[2022-07-01 12:31:55,254] {logging_mixin.py:115} INFO - [2022-07-01 12:31:55,253] {dag.py:2931} INFO - Setting next_dagrun for example_weekday_branch_operator to 2022-06-30T00:00:00+00:00, run_after=2022-07-01T00:00:00+00:00
[2022-07-01 12:31:55,271] {processor.py:161} INFO - Processing /home/airflow/.local/lib/python3.7/site-packages/airflow/example_dags/example_branch_day_of_week_operator.py took 0.092 seconds
[2022-07-01 12:32:25,778] {processor.py:153} INFO - Started process (PID=496) to work on /home/airflow/.local/lib/python3.7/site-packages/airflow/example_dags/example_branch_day_of_week_operator.py
[2022-07-01 12:32:25,780] {processor.py:641} INFO - Processing file /home/airflow/.local/lib/python3.7/site-packages/airflow/example_dags/example_branch_day_of_week_operator.py for tasks to queue
[2022-07-01 12:32:25,781] {logging_mixin.py:115} INFO - [2022-07-01 12:32:25,781] {dagbag.py:507} INFO - Filling up the DagBag from /home/airflow/.local/lib/python3.7/site-packages/airflow/example_dags/example_branch_day_of_week_operator.py
[2022-07-01 12:32:25,794] {processor.py:651} INFO - DAG(s) dict_keys(['example_weekday_branch_operator']) retrieved from /home/airflow/.local/lib/python3.7/site-packages/airflow/example_dags/example_branch_day_of_week_operator.py
[2022-07-01 12:32:25,826] {logging_mixin.py:115} INFO - [2022-07-01 12:32:25,826] {dag.py:2379} INFO - Sync 1 DAGs
[2022-07-01 12:32:25,851] {logging_mixin.py:115} INFO - [2022-07-01 12:32:25,851] {dag.py:2931} INFO - Setting next_dagrun for example_weekday_branch_operator to 2022-06-30T00:00:00+00:00, run_after=2022-07-01T00:00:00+00:00
[2022-07-01 12:32:25,868] {processor.py:161} INFO - Processing /home/airflow/.local/lib/python3.7/site-packages/airflow/example_dags/example_branch_day_of_week_operator.py took 0.092 seconds
[2022-07-01 12:32:57,121] {processor.py:153} INFO - Started process (PID=560) to work on /home/airflow/.local/lib/python3.7/site-packages/airflow/example_dags/example_branch_day_of_week_operator.py
[2022-07-01 12:32:57,122] {processor.py:641} INFO - Processing file /home/airflow/.local/lib/python3.7/site-packages/airflow/example_dags/example_branch_day_of_week_operator.py for tasks to queue
[2022-07-01 12:32:57,123] {logging_mixin.py:115} INFO - [2022-07-01 12:32:57,123] {dagbag.py:507} INFO - Filling up the DagBag from /home/airflow/.local/lib/python3.7/site-packages/airflow/example_dags/example_branch_day_of_week_operator.py
[2022-07-01 12:32:57,134] {processor.py:651} INFO - DAG(s) dict_keys(['example_weekday_branch_operator']) retrieved from /home/airflow/.local/lib/python3.7/site-packages/airflow/example_dags/example_branch_day_of_week_operator.py
[2022-07-01 12:32:57,166] {logging_mixin.py:115} INFO - [2022-07-01 12:32:57,166] {dag.py:2379} INFO - Sync 1 DAGs
[2022-07-01 12:32:57,195] {logging_mixin.py:115} INFO - [2022-07-01 12:32:57,195] {dag.py:2931} INFO - Setting next_dagrun for example_weekday_branch_operator to 2022-06-30T00:00:00+00:00, run_after=2022-07-01T00:00:00+00:00
[2022-07-01 12:32:57,212] {processor.py:161} INFO - Processing /home/airflow/.local/lib/python3.7/site-packages/airflow/example_dags/example_branch_day_of_week_operator.py took 0.094 seconds
[2022-07-01 12:33:27,581] {processor.py:153} INFO - Started process (PID=624) to work on /home/airflow/.local/lib/python3.7/site-packages/airflow/example_dags/example_branch_day_of_week_operator.py
[2022-07-01 12:33:27,583] {processor.py:641} INFO - Processing file /home/airflow/.local/lib/python3.7/site-packages/airflow/example_dags/example_branch_day_of_week_operator.py for tasks to queue
[2022-07-01 12:33:27,585] {logging_mixin.py:115} INFO - [2022-07-01 12:33:27,585] {dagbag.py:507} INFO - Filling up the DagBag from /home/airflow/.local/lib/python3.7/site-packages/airflow/example_dags/example_branch_day_of_week_operator.py
[2022-07-01 12:33:27,594] {processor.py:651} INFO - DAG(s) dict_keys(['example_weekday_branch_operator']) retrieved from /home/airflow/.local/lib/python3.7/site-packages/airflow/example_dags/example_branch_day_of_week_operator.py
[2022-07-01 12:33:27,614] {logging_mixin.py:115} INFO - [2022-07-01 12:33:27,614] {dag.py:2379} INFO - Sync 1 DAGs
[2022-07-01 12:33:27,630] {logging_mixin.py:115} INFO - [2022-07-01 12:33:27,630] {dag.py:2931} INFO - Setting next_dagrun for example_weekday_branch_operator to 2022-06-30T00:00:00+00:00, run_after=2022-07-01T00:00:00+00:00
[2022-07-01 12:33:27,638] {processor.py:161} INFO - Processing /home/airflow/.local/lib/python3.7/site-packages/airflow/example_dags/example_branch_day_of_week_operator.py took 0.060 seconds
[2022-07-01 12:33:58,046] {processor.py:153} INFO - Started process (PID=680) to work on /home/airflow/.local/lib/python3.7/site-packages/airflow/example_dags/example_branch_day_of_week_operator.py
[2022-07-01 12:33:58,047] {processor.py:641} INFO - Processing file /home/airflow/.local/lib/python3.7/site-packages/airflow/example_dags/example_branch_day_of_week_operator.py for tasks to queue
[2022-07-01 12:33:58,049] {logging_mixin.py:115} INFO - [2022-07-01 12:33:58,049] {dagbag.py:507} INFO - Filling up the DagBag from /home/airflow/.local/lib/python3.7/site-packages/airflow/example_dags/example_branch_day_of_week_operator.py
[2022-07-01 12:33:58,056] {processor.py:651} INFO - DAG(s) dict_keys(['example_weekday_branch_operator']) retrieved from /home/airflow/.local/lib/python3.7/site-packages/airflow/example_dags/example_branch_day_of_week_operator.py
[2022-07-01 12:33:58,081] {logging_mixin.py:115} INFO - [2022-07-01 12:33:58,081] {dag.py:2379} INFO - Sync 1 DAGs
[2022-07-01 12:33:58,107] {logging_mixin.py:115} INFO - [2022-07-01 12:33:58,106] {dag.py:2931} INFO - Setting next_dagrun for example_weekday_branch_operator to 2022-06-30T00:00:00+00:00, run_after=2022-07-01T00:00:00+00:00
[2022-07-01 12:33:58,115] {processor.py:161} INFO - Processing /home/airflow/.local/lib/python3.7/site-packages/airflow/example_dags/example_branch_day_of_week_operator.py took 0.070 seconds
[2022-07-01 12:34:28,646] {processor.py:153} INFO - Started process (PID=743) to work on /home/airflow/.local/lib/python3.7/site-packages/airflow/example_dags/example_branch_day_of_week_operator.py
[2022-07-01 12:34:28,647] {processor.py:641} INFO - Processing file /home/airflow/.local/lib/python3.7/site-packages/airflow/example_dags/example_branch_day_of_week_operator.py for tasks to queue
[2022-07-01 12:34:28,648] {logging_mixin.py:115} INFO - [2022-07-01 12:34:28,648] {dagbag.py:507} INFO - Filling up the DagBag from /home/airflow/.local/lib/python3.7/site-packages/airflow/example_dags/example_branch_day_of_week_operator.py
[2022-07-01 12:34:28,655] {processor.py:651} INFO - DAG(s) dict_keys(['example_weekday_branch_operator']) retrieved from /home/airflow/.local/lib/python3.7/site-packages/airflow/example_dags/example_branch_day_of_week_operator.py
[2022-07-01 12:34:28,673] {logging_mixin.py:115} INFO - [2022-07-01 12:34:28,673] {dag.py:2379} INFO - Sync 1 DAGs
[2022-07-01 12:34:28,688] {logging_mixin.py:115} INFO - [2022-07-01 12:34:28,688] {dag.py:2931} INFO - Setting next_dagrun for example_weekday_branch_operator to 2022-06-30T00:00:00+00:00, run_after=2022-07-01T00:00:00+00:00
[2022-07-01 12:34:28,699] {processor.py:161} INFO - Processing /home/airflow/.local/lib/python3.7/site-packages/airflow/example_dags/example_branch_day_of_week_operator.py took 0.056 seconds
[2022-07-01 12:34:59,673] {processor.py:153} INFO - Started process (PID=808) to work on /home/airflow/.local/lib/python3.7/site-packages/airflow/example_dags/example_branch_day_of_week_operator.py
[2022-07-01 12:34:59,675] {processor.py:641} INFO - Processing file /home/airflow/.local/lib/python3.7/site-packages/airflow/example_dags/example_branch_day_of_week_operator.py for tasks to queue
[2022-07-01 12:34:59,684] {logging_mixin.py:115} INFO - [2022-07-01 12:34:59,684] {dagbag.py:507} INFO - Filling up the DagBag from /home/airflow/.local/lib/python3.7/site-packages/airflow/example_dags/example_branch_day_of_week_operator.py
[2022-07-01 12:34:59,690] {processor.py:651} INFO - DAG(s) dict_keys(['example_weekday_branch_operator']) retrieved from /home/airflow/.local/lib/python3.7/site-packages/airflow/example_dags/example_branch_day_of_week_operator.py
[2022-07-01 12:34:59,709] {logging_mixin.py:115} INFO - [2022-07-01 12:34:59,708] {dag.py:2379} INFO - Sync 1 DAGs
[2022-07-01 12:34:59,725] {logging_mixin.py:115} INFO - [2022-07-01 12:34:59,725] {dag.py:2931} INFO - Setting next_dagrun for example_weekday_branch_operator to 2022-06-30T00:00:00+00:00, run_after=2022-07-01T00:00:00+00:00
[2022-07-01 12:34:59,743] {processor.py:161} INFO - Processing /home/airflow/.local/lib/python3.7/site-packages/airflow/example_dags/example_branch_day_of_week_operator.py took 0.072 seconds
[2022-07-01 12:35:30,420] {processor.py:153} INFO - Started process (PID=874) to work on /home/airflow/.local/lib/python3.7/site-packages/airflow/example_dags/example_branch_day_of_week_operator.py
[2022-07-01 12:35:30,422] {processor.py:641} INFO - Processing file /home/airflow/.local/lib/python3.7/site-packages/airflow/example_dags/example_branch_day_of_week_operator.py for tasks to queue
[2022-07-01 12:35:30,423] {logging_mixin.py:115} INFO - [2022-07-01 12:35:30,423] {dagbag.py:507} INFO - Filling up the DagBag from /home/airflow/.local/lib/python3.7/site-packages/airflow/example_dags/example_branch_day_of_week_operator.py
[2022-07-01 12:35:30,433] {processor.py:651} INFO - DAG(s) dict_keys(['example_weekday_branch_operator']) retrieved from /home/airflow/.local/lib/python3.7/site-packages/airflow/example_dags/example_branch_day_of_week_operator.py
[2022-07-01 12:35:30,470] {logging_mixin.py:115} INFO - [2022-07-01 12:35:30,470] {dag.py:2379} INFO - Sync 1 DAGs
[2022-07-01 12:35:30,491] {logging_mixin.py:115} INFO - [2022-07-01 12:35:30,491] {dag.py:2931} INFO - Setting next_dagrun for example_weekday_branch_operator to 2022-06-30T00:00:00+00:00, run_after=2022-07-01T00:00:00+00:00
[2022-07-01 12:35:30,505] {processor.py:161} INFO - Processing /home/airflow/.local/lib/python3.7/site-packages/airflow/example_dags/example_branch_day_of_week_operator.py took 0.088 seconds
[2022-07-01 17:12:08,176] {processor.py:153} INFO - Started process (PID=61) to work on /home/airflow/.local/lib/python3.7/site-packages/airflow/example_dags/example_branch_day_of_week_operator.py
[2022-07-01 17:12:08,178] {processor.py:641} INFO - Processing file /home/airflow/.local/lib/python3.7/site-packages/airflow/example_dags/example_branch_day_of_week_operator.py for tasks to queue
[2022-07-01 17:12:08,180] {logging_mixin.py:115} INFO - [2022-07-01 17:12:08,180] {dagbag.py:507} INFO - Filling up the DagBag from /home/airflow/.local/lib/python3.7/site-packages/airflow/example_dags/example_branch_day_of_week_operator.py
[2022-07-01 17:12:08,189] {processor.py:651} INFO - DAG(s) dict_keys(['example_weekday_branch_operator']) retrieved from /home/airflow/.local/lib/python3.7/site-packages/airflow/example_dags/example_branch_day_of_week_operator.py
[2022-07-01 17:12:08,223] {logging_mixin.py:115} INFO - [2022-07-01 17:12:08,223] {dag.py:2379} INFO - Sync 1 DAGs
[2022-07-01 17:12:08,250] {logging_mixin.py:115} INFO - [2022-07-01 17:12:08,249] {dag.py:2931} INFO - Setting next_dagrun for example_weekday_branch_operator to 2022-06-30T00:00:00+00:00, run_after=2022-07-01T00:00:00+00:00
[2022-07-01 17:12:08,265] {processor.py:161} INFO - Processing /home/airflow/.local/lib/python3.7/site-packages/airflow/example_dags/example_branch_day_of_week_operator.py took 0.092 seconds
[2022-07-01 18:12:27,295] {processor.py:153} INFO - Started process (PID=60) to work on /home/airflow/.local/lib/python3.7/site-packages/airflow/example_dags/example_branch_day_of_week_operator.py
[2022-07-01 18:12:27,297] {processor.py:641} INFO - Processing file /home/airflow/.local/lib/python3.7/site-packages/airflow/example_dags/example_branch_day_of_week_operator.py for tasks to queue
[2022-07-01 18:12:27,299] {logging_mixin.py:115} INFO - [2022-07-01 18:12:27,299] {dagbag.py:507} INFO - Filling up the DagBag from /home/airflow/.local/lib/python3.7/site-packages/airflow/example_dags/example_branch_day_of_week_operator.py
[2022-07-01 18:12:27,318] {processor.py:651} INFO - DAG(s) dict_keys(['example_weekday_branch_operator']) retrieved from /home/airflow/.local/lib/python3.7/site-packages/airflow/example_dags/example_branch_day_of_week_operator.py
[2022-07-01 18:12:27,387] {logging_mixin.py:115} INFO - [2022-07-01 18:12:27,387] {dag.py:2379} INFO - Sync 1 DAGs
[2022-07-01 18:12:27,442] {logging_mixin.py:115} INFO - [2022-07-01 18:12:27,442] {dag.py:2931} INFO - Setting next_dagrun for example_weekday_branch_operator to 2022-06-30T00:00:00+00:00, run_after=2022-07-01T00:00:00+00:00
[2022-07-01 18:12:27,464] {processor.py:161} INFO - Processing /home/airflow/.local/lib/python3.7/site-packages/airflow/example_dags/example_branch_day_of_week_operator.py took 0.173 seconds
