[2022-07-01 12:28:48,652] {processor.py:153} INFO - Started process (PID=50) to work on /home/airflow/.local/lib/python3.7/site-packages/airflow/example_dags/example_branch_labels.py
[2022-07-01 12:28:48,659] {processor.py:641} INFO - Processing file /home/airflow/.local/lib/python3.7/site-packages/airflow/example_dags/example_branch_labels.py for tasks to queue
[2022-07-01 12:28:48,661] {logging_mixin.py:115} INFO - [2022-07-01 12:28:48,661] {dagbag.py:507} INFO - Filling up the DagBag from /home/airflow/.local/lib/python3.7/site-packages/airflow/example_dags/example_branch_labels.py
[2022-07-01 12:28:48,683] {processor.py:651} INFO - DAG(s) dict_keys(['example_branch_labels']) retrieved from /home/airflow/.local/lib/python3.7/site-packages/airflow/example_dags/example_branch_labels.py
[2022-07-01 12:28:48,799] {logging_mixin.py:115} INFO - [2022-07-01 12:28:48,799] {dag.py:2379} INFO - Sync 1 DAGs
[2022-07-01 12:28:48,886] {logging_mixin.py:115} INFO - [2022-07-01 12:28:48,886] {dag.py:2931} INFO - Setting next_dagrun for example_branch_labels to 2022-06-30T00:00:00+00:00, run_after=2022-07-01T00:00:00+00:00
[2022-07-01 12:28:48,926] {processor.py:161} INFO - Processing /home/airflow/.local/lib/python3.7/site-packages/airflow/example_dags/example_branch_labels.py took 0.278 seconds
[2022-07-01 12:29:19,211] {processor.py:153} INFO - Started process (PID=106) to work on /home/airflow/.local/lib/python3.7/site-packages/airflow/example_dags/example_branch_labels.py
[2022-07-01 12:29:19,214] {processor.py:641} INFO - Processing file /home/airflow/.local/lib/python3.7/site-packages/airflow/example_dags/example_branch_labels.py for tasks to queue
[2022-07-01 12:29:19,216] {logging_mixin.py:115} INFO - [2022-07-01 12:29:19,216] {dagbag.py:507} INFO - Filling up the DagBag from /home/airflow/.local/lib/python3.7/site-packages/airflow/example_dags/example_branch_labels.py
[2022-07-01 12:29:19,231] {processor.py:651} INFO - DAG(s) dict_keys(['example_branch_labels']) retrieved from /home/airflow/.local/lib/python3.7/site-packages/airflow/example_dags/example_branch_labels.py
[2022-07-01 12:29:19,286] {logging_mixin.py:115} INFO - [2022-07-01 12:29:19,286] {dag.py:2379} INFO - Sync 1 DAGs
[2022-07-01 12:29:19,322] {logging_mixin.py:115} INFO - [2022-07-01 12:29:19,322] {dag.py:2931} INFO - Setting next_dagrun for example_branch_labels to 2022-06-30T00:00:00+00:00, run_after=2022-07-01T00:00:00+00:00
[2022-07-01 12:29:19,334] {processor.py:161} INFO - Processing /home/airflow/.local/lib/python3.7/site-packages/airflow/example_dags/example_branch_labels.py took 0.124 seconds
[2022-07-01 12:29:49,954] {processor.py:153} INFO - Started process (PID=170) to work on /home/airflow/.local/lib/python3.7/site-packages/airflow/example_dags/example_branch_labels.py
[2022-07-01 12:29:49,956] {processor.py:641} INFO - Processing file /home/airflow/.local/lib/python3.7/site-packages/airflow/example_dags/example_branch_labels.py for tasks to queue
[2022-07-01 12:29:49,958] {logging_mixin.py:115} INFO - [2022-07-01 12:29:49,958] {dagbag.py:507} INFO - Filling up the DagBag from /home/airflow/.local/lib/python3.7/site-packages/airflow/example_dags/example_branch_labels.py
[2022-07-01 12:29:49,976] {processor.py:651} INFO - DAG(s) dict_keys(['example_branch_labels']) retrieved from /home/airflow/.local/lib/python3.7/site-packages/airflow/example_dags/example_branch_labels.py
[2022-07-01 12:29:50,039] {logging_mixin.py:115} INFO - [2022-07-01 12:29:50,039] {dag.py:2379} INFO - Sync 1 DAGs
[2022-07-01 12:29:50,071] {logging_mixin.py:115} INFO - [2022-07-01 12:29:50,071] {dag.py:2931} INFO - Setting next_dagrun for example_branch_labels to 2022-06-30T00:00:00+00:00, run_after=2022-07-01T00:00:00+00:00
[2022-07-01 12:29:50,087] {processor.py:161} INFO - Processing /home/airflow/.local/lib/python3.7/site-packages/airflow/example_dags/example_branch_labels.py took 0.136 seconds
[2022-07-01 12:30:20,782] {processor.py:153} INFO - Started process (PID=234) to work on /home/airflow/.local/lib/python3.7/site-packages/airflow/example_dags/example_branch_labels.py
[2022-07-01 12:30:20,789] {processor.py:641} INFO - Processing file /home/airflow/.local/lib/python3.7/site-packages/airflow/example_dags/example_branch_labels.py for tasks to queue
[2022-07-01 12:30:20,792] {logging_mixin.py:115} INFO - [2022-07-01 12:30:20,791] {dagbag.py:507} INFO - Filling up the DagBag from /home/airflow/.local/lib/python3.7/site-packages/airflow/example_dags/example_branch_labels.py
[2022-07-01 12:30:20,809] {processor.py:651} INFO - DAG(s) dict_keys(['example_branch_labels']) retrieved from /home/airflow/.local/lib/python3.7/site-packages/airflow/example_dags/example_branch_labels.py
[2022-07-01 12:30:20,848] {logging_mixin.py:115} INFO - [2022-07-01 12:30:20,848] {dag.py:2379} INFO - Sync 1 DAGs
[2022-07-01 12:30:20,874] {logging_mixin.py:115} INFO - [2022-07-01 12:30:20,874] {dag.py:2931} INFO - Setting next_dagrun for example_branch_labels to 2022-06-30T00:00:00+00:00, run_after=2022-07-01T00:00:00+00:00
[2022-07-01 12:30:20,892] {processor.py:161} INFO - Processing /home/airflow/.local/lib/python3.7/site-packages/airflow/example_dags/example_branch_labels.py took 0.112 seconds
[2022-07-01 12:30:52,373] {processor.py:153} INFO - Started process (PID=299) to work on /home/airflow/.local/lib/python3.7/site-packages/airflow/example_dags/example_branch_labels.py
[2022-07-01 12:30:52,375] {processor.py:641} INFO - Processing file /home/airflow/.local/lib/python3.7/site-packages/airflow/example_dags/example_branch_labels.py for tasks to queue
[2022-07-01 12:30:52,376] {logging_mixin.py:115} INFO - [2022-07-01 12:30:52,376] {dagbag.py:507} INFO - Filling up the DagBag from /home/airflow/.local/lib/python3.7/site-packages/airflow/example_dags/example_branch_labels.py
[2022-07-01 12:30:52,403] {processor.py:651} INFO - DAG(s) dict_keys(['example_branch_labels']) retrieved from /home/airflow/.local/lib/python3.7/site-packages/airflow/example_dags/example_branch_labels.py
[2022-07-01 12:30:52,459] {logging_mixin.py:115} INFO - [2022-07-01 12:30:52,459] {dag.py:2379} INFO - Sync 1 DAGs
[2022-07-01 12:30:52,508] {logging_mixin.py:115} INFO - [2022-07-01 12:30:52,507] {dag.py:2931} INFO - Setting next_dagrun for example_branch_labels to 2022-06-30T00:00:00+00:00, run_after=2022-07-01T00:00:00+00:00
[2022-07-01 12:30:52,534] {processor.py:161} INFO - Processing /home/airflow/.local/lib/python3.7/site-packages/airflow/example_dags/example_branch_labels.py took 0.164 seconds
[2022-07-01 12:31:23,228] {processor.py:153} INFO - Started process (PID=357) to work on /home/airflow/.local/lib/python3.7/site-packages/airflow/example_dags/example_branch_labels.py
[2022-07-01 12:31:23,230] {processor.py:641} INFO - Processing file /home/airflow/.local/lib/python3.7/site-packages/airflow/example_dags/example_branch_labels.py for tasks to queue
[2022-07-01 12:31:23,233] {logging_mixin.py:115} INFO - [2022-07-01 12:31:23,233] {dagbag.py:507} INFO - Filling up the DagBag from /home/airflow/.local/lib/python3.7/site-packages/airflow/example_dags/example_branch_labels.py
[2022-07-01 12:31:23,241] {processor.py:651} INFO - DAG(s) dict_keys(['example_branch_labels']) retrieved from /home/airflow/.local/lib/python3.7/site-packages/airflow/example_dags/example_branch_labels.py
[2022-07-01 12:31:23,265] {logging_mixin.py:115} INFO - [2022-07-01 12:31:23,265] {dag.py:2379} INFO - Sync 1 DAGs
[2022-07-01 12:31:23,281] {logging_mixin.py:115} INFO - [2022-07-01 12:31:23,281] {dag.py:2931} INFO - Setting next_dagrun for example_branch_labels to 2022-06-30T00:00:00+00:00, run_after=2022-07-01T00:00:00+00:00
[2022-07-01 12:31:23,293] {processor.py:161} INFO - Processing /home/airflow/.local/lib/python3.7/site-packages/airflow/example_dags/example_branch_labels.py took 0.067 seconds
[2022-07-01 12:31:54,458] {processor.py:153} INFO - Started process (PID=422) to work on /home/airflow/.local/lib/python3.7/site-packages/airflow/example_dags/example_branch_labels.py
[2022-07-01 12:31:54,460] {processor.py:641} INFO - Processing file /home/airflow/.local/lib/python3.7/site-packages/airflow/example_dags/example_branch_labels.py for tasks to queue
[2022-07-01 12:31:54,463] {logging_mixin.py:115} INFO - [2022-07-01 12:31:54,463] {dagbag.py:507} INFO - Filling up the DagBag from /home/airflow/.local/lib/python3.7/site-packages/airflow/example_dags/example_branch_labels.py
[2022-07-01 12:31:54,472] {processor.py:651} INFO - DAG(s) dict_keys(['example_branch_labels']) retrieved from /home/airflow/.local/lib/python3.7/site-packages/airflow/example_dags/example_branch_labels.py
[2022-07-01 12:31:54,520] {logging_mixin.py:115} INFO - [2022-07-01 12:31:54,520] {dag.py:2379} INFO - Sync 1 DAGs
[2022-07-01 12:31:54,558] {logging_mixin.py:115} INFO - [2022-07-01 12:31:54,558] {dag.py:2931} INFO - Setting next_dagrun for example_branch_labels to 2022-06-30T00:00:00+00:00, run_after=2022-07-01T00:00:00+00:00
[2022-07-01 12:31:54,575] {processor.py:161} INFO - Processing /home/airflow/.local/lib/python3.7/site-packages/airflow/example_dags/example_branch_labels.py took 0.121 seconds
[2022-07-01 12:32:25,190] {processor.py:153} INFO - Started process (PID=486) to work on /home/airflow/.local/lib/python3.7/site-packages/airflow/example_dags/example_branch_labels.py
[2022-07-01 12:32:25,192] {processor.py:641} INFO - Processing file /home/airflow/.local/lib/python3.7/site-packages/airflow/example_dags/example_branch_labels.py for tasks to queue
[2022-07-01 12:32:25,194] {logging_mixin.py:115} INFO - [2022-07-01 12:32:25,194] {dagbag.py:507} INFO - Filling up the DagBag from /home/airflow/.local/lib/python3.7/site-packages/airflow/example_dags/example_branch_labels.py
[2022-07-01 12:32:25,201] {processor.py:651} INFO - DAG(s) dict_keys(['example_branch_labels']) retrieved from /home/airflow/.local/lib/python3.7/site-packages/airflow/example_dags/example_branch_labels.py
[2022-07-01 12:32:25,219] {logging_mixin.py:115} INFO - [2022-07-01 12:32:25,219] {dag.py:2379} INFO - Sync 1 DAGs
[2022-07-01 12:32:25,234] {logging_mixin.py:115} INFO - [2022-07-01 12:32:25,234] {dag.py:2931} INFO - Setting next_dagrun for example_branch_labels to 2022-06-30T00:00:00+00:00, run_after=2022-07-01T00:00:00+00:00
[2022-07-01 12:32:25,242] {processor.py:161} INFO - Processing /home/airflow/.local/lib/python3.7/site-packages/airflow/example_dags/example_branch_labels.py took 0.054 seconds
[2022-07-01 12:32:56,165] {processor.py:153} INFO - Started process (PID=550) to work on /home/airflow/.local/lib/python3.7/site-packages/airflow/example_dags/example_branch_labels.py
[2022-07-01 12:32:56,166] {processor.py:641} INFO - Processing file /home/airflow/.local/lib/python3.7/site-packages/airflow/example_dags/example_branch_labels.py for tasks to queue
[2022-07-01 12:32:56,172] {logging_mixin.py:115} INFO - [2022-07-01 12:32:56,170] {dagbag.py:507} INFO - Filling up the DagBag from /home/airflow/.local/lib/python3.7/site-packages/airflow/example_dags/example_branch_labels.py
[2022-07-01 12:32:56,188] {processor.py:651} INFO - DAG(s) dict_keys(['example_branch_labels']) retrieved from /home/airflow/.local/lib/python3.7/site-packages/airflow/example_dags/example_branch_labels.py
[2022-07-01 12:32:56,216] {logging_mixin.py:115} INFO - [2022-07-01 12:32:56,216] {dag.py:2379} INFO - Sync 1 DAGs
[2022-07-01 12:32:56,249] {logging_mixin.py:115} INFO - [2022-07-01 12:32:56,249] {dag.py:2931} INFO - Setting next_dagrun for example_branch_labels to 2022-06-30T00:00:00+00:00, run_after=2022-07-01T00:00:00+00:00
[2022-07-01 12:32:56,261] {processor.py:161} INFO - Processing /home/airflow/.local/lib/python3.7/site-packages/airflow/example_dags/example_branch_labels.py took 0.099 seconds
[2022-07-01 12:33:27,061] {processor.py:153} INFO - Started process (PID=614) to work on /home/airflow/.local/lib/python3.7/site-packages/airflow/example_dags/example_branch_labels.py
[2022-07-01 12:33:27,063] {processor.py:641} INFO - Processing file /home/airflow/.local/lib/python3.7/site-packages/airflow/example_dags/example_branch_labels.py for tasks to queue
[2022-07-01 12:33:27,064] {logging_mixin.py:115} INFO - [2022-07-01 12:33:27,064] {dagbag.py:507} INFO - Filling up the DagBag from /home/airflow/.local/lib/python3.7/site-packages/airflow/example_dags/example_branch_labels.py
[2022-07-01 12:33:27,079] {processor.py:651} INFO - DAG(s) dict_keys(['example_branch_labels']) retrieved from /home/airflow/.local/lib/python3.7/site-packages/airflow/example_dags/example_branch_labels.py
[2022-07-01 12:33:27,096] {logging_mixin.py:115} INFO - [2022-07-01 12:33:27,095] {dag.py:2379} INFO - Sync 1 DAGs
[2022-07-01 12:33:27,108] {logging_mixin.py:115} INFO - [2022-07-01 12:33:27,108] {dag.py:2931} INFO - Setting next_dagrun for example_branch_labels to 2022-06-30T00:00:00+00:00, run_after=2022-07-01T00:00:00+00:00
[2022-07-01 12:33:27,121] {processor.py:161} INFO - Processing /home/airflow/.local/lib/python3.7/site-packages/airflow/example_dags/example_branch_labels.py took 0.065 seconds
[2022-07-01 12:33:57,540] {processor.py:153} INFO - Started process (PID=670) to work on /home/airflow/.local/lib/python3.7/site-packages/airflow/example_dags/example_branch_labels.py
[2022-07-01 12:33:57,542] {processor.py:641} INFO - Processing file /home/airflow/.local/lib/python3.7/site-packages/airflow/example_dags/example_branch_labels.py for tasks to queue
[2022-07-01 12:33:57,543] {logging_mixin.py:115} INFO - [2022-07-01 12:33:57,543] {dagbag.py:507} INFO - Filling up the DagBag from /home/airflow/.local/lib/python3.7/site-packages/airflow/example_dags/example_branch_labels.py
[2022-07-01 12:33:57,548] {processor.py:651} INFO - DAG(s) dict_keys(['example_branch_labels']) retrieved from /home/airflow/.local/lib/python3.7/site-packages/airflow/example_dags/example_branch_labels.py
[2022-07-01 12:33:57,569] {logging_mixin.py:115} INFO - [2022-07-01 12:33:57,569] {dag.py:2379} INFO - Sync 1 DAGs
[2022-07-01 12:33:57,584] {logging_mixin.py:115} INFO - [2022-07-01 12:33:57,583] {dag.py:2931} INFO - Setting next_dagrun for example_branch_labels to 2022-06-30T00:00:00+00:00, run_after=2022-07-01T00:00:00+00:00
[2022-07-01 12:33:57,594] {processor.py:161} INFO - Processing /home/airflow/.local/lib/python3.7/site-packages/airflow/example_dags/example_branch_labels.py took 0.057 seconds
[2022-07-01 12:34:27,999] {processor.py:153} INFO - Started process (PID=733) to work on /home/airflow/.local/lib/python3.7/site-packages/airflow/example_dags/example_branch_labels.py
[2022-07-01 12:34:28,003] {processor.py:641} INFO - Processing file /home/airflow/.local/lib/python3.7/site-packages/airflow/example_dags/example_branch_labels.py for tasks to queue
[2022-07-01 12:34:28,004] {logging_mixin.py:115} INFO - [2022-07-01 12:34:28,004] {dagbag.py:507} INFO - Filling up the DagBag from /home/airflow/.local/lib/python3.7/site-packages/airflow/example_dags/example_branch_labels.py
[2022-07-01 12:34:28,008] {processor.py:651} INFO - DAG(s) dict_keys(['example_branch_labels']) retrieved from /home/airflow/.local/lib/python3.7/site-packages/airflow/example_dags/example_branch_labels.py
[2022-07-01 12:34:28,028] {logging_mixin.py:115} INFO - [2022-07-01 12:34:28,027] {dag.py:2379} INFO - Sync 1 DAGs
[2022-07-01 12:34:28,043] {logging_mixin.py:115} INFO - [2022-07-01 12:34:28,043] {dag.py:2931} INFO - Setting next_dagrun for example_branch_labels to 2022-06-30T00:00:00+00:00, run_after=2022-07-01T00:00:00+00:00
[2022-07-01 12:34:28,051] {processor.py:161} INFO - Processing /home/airflow/.local/lib/python3.7/site-packages/airflow/example_dags/example_branch_labels.py took 0.054 seconds
[2022-07-01 12:34:58,828] {processor.py:153} INFO - Started process (PID=798) to work on /home/airflow/.local/lib/python3.7/site-packages/airflow/example_dags/example_branch_labels.py
[2022-07-01 12:34:58,830] {processor.py:641} INFO - Processing file /home/airflow/.local/lib/python3.7/site-packages/airflow/example_dags/example_branch_labels.py for tasks to queue
[2022-07-01 12:34:58,832] {logging_mixin.py:115} INFO - [2022-07-01 12:34:58,832] {dagbag.py:507} INFO - Filling up the DagBag from /home/airflow/.local/lib/python3.7/site-packages/airflow/example_dags/example_branch_labels.py
[2022-07-01 12:34:58,837] {processor.py:651} INFO - DAG(s) dict_keys(['example_branch_labels']) retrieved from /home/airflow/.local/lib/python3.7/site-packages/airflow/example_dags/example_branch_labels.py
[2022-07-01 12:34:58,866] {logging_mixin.py:115} INFO - [2022-07-01 12:34:58,866] {dag.py:2379} INFO - Sync 1 DAGs
[2022-07-01 12:34:58,898] {logging_mixin.py:115} INFO - [2022-07-01 12:34:58,898] {dag.py:2931} INFO - Setting next_dagrun for example_branch_labels to 2022-06-30T00:00:00+00:00, run_after=2022-07-01T00:00:00+00:00
[2022-07-01 12:34:58,908] {processor.py:161} INFO - Processing /home/airflow/.local/lib/python3.7/site-packages/airflow/example_dags/example_branch_labels.py took 0.083 seconds
[2022-07-01 12:35:29,821] {processor.py:153} INFO - Started process (PID=864) to work on /home/airflow/.local/lib/python3.7/site-packages/airflow/example_dags/example_branch_labels.py
[2022-07-01 12:35:29,822] {processor.py:641} INFO - Processing file /home/airflow/.local/lib/python3.7/site-packages/airflow/example_dags/example_branch_labels.py for tasks to queue
[2022-07-01 12:35:29,823] {logging_mixin.py:115} INFO - [2022-07-01 12:35:29,823] {dagbag.py:507} INFO - Filling up the DagBag from /home/airflow/.local/lib/python3.7/site-packages/airflow/example_dags/example_branch_labels.py
[2022-07-01 12:35:29,827] {processor.py:651} INFO - DAG(s) dict_keys(['example_branch_labels']) retrieved from /home/airflow/.local/lib/python3.7/site-packages/airflow/example_dags/example_branch_labels.py
[2022-07-01 12:35:29,847] {logging_mixin.py:115} INFO - [2022-07-01 12:35:29,847] {dag.py:2379} INFO - Sync 1 DAGs
[2022-07-01 12:35:29,862] {logging_mixin.py:115} INFO - [2022-07-01 12:35:29,862] {dag.py:2931} INFO - Setting next_dagrun for example_branch_labels to 2022-06-30T00:00:00+00:00, run_after=2022-07-01T00:00:00+00:00
[2022-07-01 12:35:29,872] {processor.py:161} INFO - Processing /home/airflow/.local/lib/python3.7/site-packages/airflow/example_dags/example_branch_labels.py took 0.054 seconds
[2022-07-01 17:12:07,115] {processor.py:153} INFO - Started process (PID=51) to work on /home/airflow/.local/lib/python3.7/site-packages/airflow/example_dags/example_branch_labels.py
[2022-07-01 17:12:07,117] {processor.py:641} INFO - Processing file /home/airflow/.local/lib/python3.7/site-packages/airflow/example_dags/example_branch_labels.py for tasks to queue
[2022-07-01 17:12:07,119] {logging_mixin.py:115} INFO - [2022-07-01 17:12:07,119] {dagbag.py:507} INFO - Filling up the DagBag from /home/airflow/.local/lib/python3.7/site-packages/airflow/example_dags/example_branch_labels.py
[2022-07-01 17:12:07,126] {processor.py:651} INFO - DAG(s) dict_keys(['example_branch_labels']) retrieved from /home/airflow/.local/lib/python3.7/site-packages/airflow/example_dags/example_branch_labels.py
[2022-07-01 17:12:07,227] {logging_mixin.py:115} INFO - [2022-07-01 17:12:07,227] {dag.py:2379} INFO - Sync 1 DAGs
[2022-07-01 17:12:07,261] {logging_mixin.py:115} INFO - [2022-07-01 17:12:07,261] {dag.py:2931} INFO - Setting next_dagrun for example_branch_labels to 2022-06-30T00:00:00+00:00, run_after=2022-07-01T00:00:00+00:00
[2022-07-01 17:12:07,283] {processor.py:161} INFO - Processing /home/airflow/.local/lib/python3.7/site-packages/airflow/example_dags/example_branch_labels.py took 0.177 seconds
[2022-07-01 18:12:25,406] {processor.py:153} INFO - Started process (PID=50) to work on /home/airflow/.local/lib/python3.7/site-packages/airflow/example_dags/example_branch_labels.py
[2022-07-01 18:12:25,412] {processor.py:641} INFO - Processing file /home/airflow/.local/lib/python3.7/site-packages/airflow/example_dags/example_branch_labels.py for tasks to queue
[2022-07-01 18:12:25,415] {logging_mixin.py:115} INFO - [2022-07-01 18:12:25,415] {dagbag.py:507} INFO - Filling up the DagBag from /home/airflow/.local/lib/python3.7/site-packages/airflow/example_dags/example_branch_labels.py
[2022-07-01 18:12:25,427] {processor.py:651} INFO - DAG(s) dict_keys(['example_branch_labels']) retrieved from /home/airflow/.local/lib/python3.7/site-packages/airflow/example_dags/example_branch_labels.py
[2022-07-01 18:12:25,506] {logging_mixin.py:115} INFO - [2022-07-01 18:12:25,506] {dag.py:2379} INFO - Sync 1 DAGs
[2022-07-01 18:12:25,590] {logging_mixin.py:115} INFO - [2022-07-01 18:12:25,590] {dag.py:2931} INFO - Setting next_dagrun for example_branch_labels to 2022-06-30T00:00:00+00:00, run_after=2022-07-01T00:00:00+00:00
[2022-07-01 18:12:25,626] {processor.py:161} INFO - Processing /home/airflow/.local/lib/python3.7/site-packages/airflow/example_dags/example_branch_labels.py took 0.223 seconds
