[2022-07-01 12:28:51,763] {processor.py:153} INFO - Started process (PID=66) to work on /home/airflow/.local/lib/python3.7/site-packages/airflow/example_dags/example_subdag_operator.py
[2022-07-01 12:28:51,767] {processor.py:641} INFO - Processing file /home/airflow/.local/lib/python3.7/site-packages/airflow/example_dags/example_subdag_operator.py for tasks to queue
[2022-07-01 12:28:51,772] {logging_mixin.py:115} INFO - [2022-07-01 12:28:51,772] {dagbag.py:507} INFO - Filling up the DagBag from /home/airflow/.local/lib/python3.7/site-packages/airflow/example_dags/example_subdag_operator.py
[2022-07-01 12:28:51,839] {processor.py:651} INFO - DAG(s) dict_keys(['example_subdag_operator.section-1', 'example_subdag_operator.section-2', 'example_subdag_operator']) retrieved from /home/airflow/.local/lib/python3.7/site-packages/airflow/example_dags/example_subdag_operator.py
[2022-07-01 12:28:51,896] {logging_mixin.py:115} INFO - [2022-07-01 12:28:51,895] {dag.py:2379} INFO - Sync 3 DAGs
[2022-07-01 12:28:51,933] {logging_mixin.py:115} INFO - [2022-07-01 12:28:51,933] {dag.py:2931} INFO - Setting next_dagrun for example_subdag_operator to 2022-01-01T00:00:00+00:00, run_after=2022-01-01T00:00:00+00:00
[2022-07-01 12:28:51,935] {logging_mixin.py:115} INFO - [2022-07-01 12:28:51,935] {dag.py:2931} INFO - Setting next_dagrun for example_subdag_operator.section-1 to None, run_after=None
[2022-07-01 12:28:51,936] {logging_mixin.py:115} INFO - [2022-07-01 12:28:51,936] {dag.py:2931} INFO - Setting next_dagrun for example_subdag_operator.section-2 to None, run_after=None
[2022-07-01 12:28:51,946] {logging_mixin.py:115} INFO - [2022-07-01 12:28:51,946] {dag.py:2379} INFO - Sync 2 DAGs
[2022-07-01 12:28:51,958] {logging_mixin.py:115} INFO - [2022-07-01 12:28:51,957] {dag.py:2931} INFO - Setting next_dagrun for example_subdag_operator.section-1 to None, run_after=None
[2022-07-01 12:28:51,958] {logging_mixin.py:115} INFO - [2022-07-01 12:28:51,958] {dag.py:2931} INFO - Setting next_dagrun for example_subdag_operator.section-2 to None, run_after=None
[2022-07-01 12:28:51,969] {processor.py:161} INFO - Processing /home/airflow/.local/lib/python3.7/site-packages/airflow/example_dags/example_subdag_operator.py took 0.208 seconds
[2022-07-01 12:29:22,099] {processor.py:153} INFO - Started process (PID=122) to work on /home/airflow/.local/lib/python3.7/site-packages/airflow/example_dags/example_subdag_operator.py
[2022-07-01 12:29:22,101] {processor.py:641} INFO - Processing file /home/airflow/.local/lib/python3.7/site-packages/airflow/example_dags/example_subdag_operator.py for tasks to queue
[2022-07-01 12:29:22,103] {logging_mixin.py:115} INFO - [2022-07-01 12:29:22,103] {dagbag.py:507} INFO - Filling up the DagBag from /home/airflow/.local/lib/python3.7/site-packages/airflow/example_dags/example_subdag_operator.py
[2022-07-01 12:29:22,142] {processor.py:651} INFO - DAG(s) dict_keys(['example_subdag_operator.section-1', 'example_subdag_operator.section-2', 'example_subdag_operator']) retrieved from /home/airflow/.local/lib/python3.7/site-packages/airflow/example_dags/example_subdag_operator.py
[2022-07-01 12:29:22,191] {logging_mixin.py:115} INFO - [2022-07-01 12:29:22,191] {dag.py:2379} INFO - Sync 3 DAGs
[2022-07-01 12:29:22,218] {logging_mixin.py:115} INFO - [2022-07-01 12:29:22,218] {dag.py:2931} INFO - Setting next_dagrun for example_subdag_operator to 2022-01-01T00:00:00+00:00, run_after=2022-01-01T00:00:00+00:00
[2022-07-01 12:29:22,220] {logging_mixin.py:115} INFO - [2022-07-01 12:29:22,220] {dag.py:2931} INFO - Setting next_dagrun for example_subdag_operator.section-1 to None, run_after=None
[2022-07-01 12:29:22,221] {logging_mixin.py:115} INFO - [2022-07-01 12:29:22,221] {dag.py:2931} INFO - Setting next_dagrun for example_subdag_operator.section-2 to None, run_after=None
[2022-07-01 12:29:22,232] {logging_mixin.py:115} INFO - [2022-07-01 12:29:22,226] {dag.py:2379} INFO - Sync 2 DAGs
[2022-07-01 12:29:22,237] {logging_mixin.py:115} INFO - [2022-07-01 12:29:22,237] {dag.py:2931} INFO - Setting next_dagrun for example_subdag_operator.section-1 to None, run_after=None
[2022-07-01 12:29:22,241] {logging_mixin.py:115} INFO - [2022-07-01 12:29:22,241] {dag.py:2931} INFO - Setting next_dagrun for example_subdag_operator.section-2 to None, run_after=None
[2022-07-01 12:29:22,249] {processor.py:161} INFO - Processing /home/airflow/.local/lib/python3.7/site-packages/airflow/example_dags/example_subdag_operator.py took 0.153 seconds
[2022-07-01 12:29:52,366] {processor.py:153} INFO - Started process (PID=185) to work on /home/airflow/.local/lib/python3.7/site-packages/airflow/example_dags/example_subdag_operator.py
[2022-07-01 12:29:52,367] {processor.py:641} INFO - Processing file /home/airflow/.local/lib/python3.7/site-packages/airflow/example_dags/example_subdag_operator.py for tasks to queue
[2022-07-01 12:29:52,369] {logging_mixin.py:115} INFO - [2022-07-01 12:29:52,369] {dagbag.py:507} INFO - Filling up the DagBag from /home/airflow/.local/lib/python3.7/site-packages/airflow/example_dags/example_subdag_operator.py
[2022-07-01 12:29:52,403] {processor.py:651} INFO - DAG(s) dict_keys(['example_subdag_operator.section-1', 'example_subdag_operator.section-2', 'example_subdag_operator']) retrieved from /home/airflow/.local/lib/python3.7/site-packages/airflow/example_dags/example_subdag_operator.py
[2022-07-01 12:29:52,444] {logging_mixin.py:115} INFO - [2022-07-01 12:29:52,444] {dag.py:2379} INFO - Sync 3 DAGs
[2022-07-01 12:29:52,467] {logging_mixin.py:115} INFO - [2022-07-01 12:29:52,467] {dag.py:2931} INFO - Setting next_dagrun for example_subdag_operator to 2022-01-01T00:00:00+00:00, run_after=2022-01-01T00:00:00+00:00
[2022-07-01 12:29:52,471] {logging_mixin.py:115} INFO - [2022-07-01 12:29:52,471] {dag.py:2931} INFO - Setting next_dagrun for example_subdag_operator.section-1 to None, run_after=None
[2022-07-01 12:29:52,473] {logging_mixin.py:115} INFO - [2022-07-01 12:29:52,473] {dag.py:2931} INFO - Setting next_dagrun for example_subdag_operator.section-2 to None, run_after=None
[2022-07-01 12:29:52,483] {logging_mixin.py:115} INFO - [2022-07-01 12:29:52,483] {dag.py:2379} INFO - Sync 2 DAGs
[2022-07-01 12:29:52,492] {logging_mixin.py:115} INFO - [2022-07-01 12:29:52,492] {dag.py:2931} INFO - Setting next_dagrun for example_subdag_operator.section-1 to None, run_after=None
[2022-07-01 12:29:52,495] {logging_mixin.py:115} INFO - [2022-07-01 12:29:52,495] {dag.py:2931} INFO - Setting next_dagrun for example_subdag_operator.section-2 to None, run_after=None
[2022-07-01 12:29:52,504] {processor.py:161} INFO - Processing /home/airflow/.local/lib/python3.7/site-packages/airflow/example_dags/example_subdag_operator.py took 0.141 seconds
[2022-07-01 12:30:23,095] {processor.py:153} INFO - Started process (PID=248) to work on /home/airflow/.local/lib/python3.7/site-packages/airflow/example_dags/example_subdag_operator.py
[2022-07-01 12:30:23,099] {processor.py:641} INFO - Processing file /home/airflow/.local/lib/python3.7/site-packages/airflow/example_dags/example_subdag_operator.py for tasks to queue
[2022-07-01 12:30:23,103] {logging_mixin.py:115} INFO - [2022-07-01 12:30:23,102] {dagbag.py:507} INFO - Filling up the DagBag from /home/airflow/.local/lib/python3.7/site-packages/airflow/example_dags/example_subdag_operator.py
[2022-07-01 12:30:23,143] {processor.py:651} INFO - DAG(s) dict_keys(['example_subdag_operator.section-1', 'example_subdag_operator.section-2', 'example_subdag_operator']) retrieved from /home/airflow/.local/lib/python3.7/site-packages/airflow/example_dags/example_subdag_operator.py
[2022-07-01 12:30:23,178] {logging_mixin.py:115} INFO - [2022-07-01 12:30:23,178] {dag.py:2379} INFO - Sync 3 DAGs
[2022-07-01 12:30:23,201] {logging_mixin.py:115} INFO - [2022-07-01 12:30:23,201] {dag.py:2931} INFO - Setting next_dagrun for example_subdag_operator to 2022-01-01T00:00:00+00:00, run_after=2022-01-01T00:00:00+00:00
[2022-07-01 12:30:23,203] {logging_mixin.py:115} INFO - [2022-07-01 12:30:23,203] {dag.py:2931} INFO - Setting next_dagrun for example_subdag_operator.section-1 to None, run_after=None
[2022-07-01 12:30:23,204] {logging_mixin.py:115} INFO - [2022-07-01 12:30:23,204] {dag.py:2931} INFO - Setting next_dagrun for example_subdag_operator.section-2 to None, run_after=None
[2022-07-01 12:30:23,214] {logging_mixin.py:115} INFO - [2022-07-01 12:30:23,214] {dag.py:2379} INFO - Sync 2 DAGs
[2022-07-01 12:30:23,221] {logging_mixin.py:115} INFO - [2022-07-01 12:30:23,221] {dag.py:2931} INFO - Setting next_dagrun for example_subdag_operator.section-1 to None, run_after=None
[2022-07-01 12:30:23,223] {logging_mixin.py:115} INFO - [2022-07-01 12:30:23,223] {dag.py:2931} INFO - Setting next_dagrun for example_subdag_operator.section-2 to None, run_after=None
[2022-07-01 12:30:23,230] {processor.py:161} INFO - Processing /home/airflow/.local/lib/python3.7/site-packages/airflow/example_dags/example_subdag_operator.py took 0.137 seconds
[2022-07-01 12:30:54,298] {processor.py:153} INFO - Started process (PID=315) to work on /home/airflow/.local/lib/python3.7/site-packages/airflow/example_dags/example_subdag_operator.py
[2022-07-01 12:30:54,300] {processor.py:641} INFO - Processing file /home/airflow/.local/lib/python3.7/site-packages/airflow/example_dags/example_subdag_operator.py for tasks to queue
[2022-07-01 12:30:54,301] {logging_mixin.py:115} INFO - [2022-07-01 12:30:54,301] {dagbag.py:507} INFO - Filling up the DagBag from /home/airflow/.local/lib/python3.7/site-packages/airflow/example_dags/example_subdag_operator.py
[2022-07-01 12:30:54,328] {processor.py:651} INFO - DAG(s) dict_keys(['example_subdag_operator.section-1', 'example_subdag_operator.section-2', 'example_subdag_operator']) retrieved from /home/airflow/.local/lib/python3.7/site-packages/airflow/example_dags/example_subdag_operator.py
[2022-07-01 12:30:54,379] {logging_mixin.py:115} INFO - [2022-07-01 12:30:54,379] {dag.py:2379} INFO - Sync 3 DAGs
[2022-07-01 12:30:54,406] {logging_mixin.py:115} INFO - [2022-07-01 12:30:54,406] {dag.py:2931} INFO - Setting next_dagrun for example_subdag_operator to 2022-01-01T00:00:00+00:00, run_after=2022-01-01T00:00:00+00:00
[2022-07-01 12:30:54,408] {logging_mixin.py:115} INFO - [2022-07-01 12:30:54,408] {dag.py:2931} INFO - Setting next_dagrun for example_subdag_operator.section-1 to None, run_after=None
[2022-07-01 12:30:54,409] {logging_mixin.py:115} INFO - [2022-07-01 12:30:54,409] {dag.py:2931} INFO - Setting next_dagrun for example_subdag_operator.section-2 to None, run_after=None
[2022-07-01 12:30:54,418] {logging_mixin.py:115} INFO - [2022-07-01 12:30:54,418] {dag.py:2379} INFO - Sync 2 DAGs
[2022-07-01 12:30:54,424] {logging_mixin.py:115} INFO - [2022-07-01 12:30:54,424] {dag.py:2931} INFO - Setting next_dagrun for example_subdag_operator.section-1 to None, run_after=None
[2022-07-01 12:30:54,426] {logging_mixin.py:115} INFO - [2022-07-01 12:30:54,426] {dag.py:2931} INFO - Setting next_dagrun for example_subdag_operator.section-2 to None, run_after=None
[2022-07-01 12:30:54,433] {processor.py:161} INFO - Processing /home/airflow/.local/lib/python3.7/site-packages/airflow/example_dags/example_subdag_operator.py took 0.138 seconds
[2022-07-01 12:31:25,334] {processor.py:153} INFO - Started process (PID=373) to work on /home/airflow/.local/lib/python3.7/site-packages/airflow/example_dags/example_subdag_operator.py
[2022-07-01 12:31:25,336] {processor.py:641} INFO - Processing file /home/airflow/.local/lib/python3.7/site-packages/airflow/example_dags/example_subdag_operator.py for tasks to queue
[2022-07-01 12:31:25,337] {logging_mixin.py:115} INFO - [2022-07-01 12:31:25,337] {dagbag.py:507} INFO - Filling up the DagBag from /home/airflow/.local/lib/python3.7/site-packages/airflow/example_dags/example_subdag_operator.py
[2022-07-01 12:31:25,361] {processor.py:651} INFO - DAG(s) dict_keys(['example_subdag_operator.section-1', 'example_subdag_operator.section-2', 'example_subdag_operator']) retrieved from /home/airflow/.local/lib/python3.7/site-packages/airflow/example_dags/example_subdag_operator.py
[2022-07-01 12:31:25,380] {logging_mixin.py:115} INFO - [2022-07-01 12:31:25,380] {dag.py:2379} INFO - Sync 3 DAGs
[2022-07-01 12:31:25,408] {logging_mixin.py:115} INFO - [2022-07-01 12:31:25,408] {dag.py:2931} INFO - Setting next_dagrun for example_subdag_operator to 2022-01-01T00:00:00+00:00, run_after=2022-01-01T00:00:00+00:00
[2022-07-01 12:31:25,410] {logging_mixin.py:115} INFO - [2022-07-01 12:31:25,410] {dag.py:2931} INFO - Setting next_dagrun for example_subdag_operator.section-1 to None, run_after=None
[2022-07-01 12:31:25,411] {logging_mixin.py:115} INFO - [2022-07-01 12:31:25,411] {dag.py:2931} INFO - Setting next_dagrun for example_subdag_operator.section-2 to None, run_after=None
[2022-07-01 12:31:25,415] {logging_mixin.py:115} INFO - [2022-07-01 12:31:25,415] {dag.py:2379} INFO - Sync 2 DAGs
[2022-07-01 12:31:25,420] {logging_mixin.py:115} INFO - [2022-07-01 12:31:25,420] {dag.py:2931} INFO - Setting next_dagrun for example_subdag_operator.section-1 to None, run_after=None
[2022-07-01 12:31:25,421] {logging_mixin.py:115} INFO - [2022-07-01 12:31:25,421] {dag.py:2931} INFO - Setting next_dagrun for example_subdag_operator.section-2 to None, run_after=None
[2022-07-01 12:31:25,427] {processor.py:161} INFO - Processing /home/airflow/.local/lib/python3.7/site-packages/airflow/example_dags/example_subdag_operator.py took 0.095 seconds
[2022-07-01 12:31:55,789] {processor.py:153} INFO - Started process (PID=438) to work on /home/airflow/.local/lib/python3.7/site-packages/airflow/example_dags/example_subdag_operator.py
[2022-07-01 12:31:55,790] {processor.py:641} INFO - Processing file /home/airflow/.local/lib/python3.7/site-packages/airflow/example_dags/example_subdag_operator.py for tasks to queue
[2022-07-01 12:31:55,792] {logging_mixin.py:115} INFO - [2022-07-01 12:31:55,792] {dagbag.py:507} INFO - Filling up the DagBag from /home/airflow/.local/lib/python3.7/site-packages/airflow/example_dags/example_subdag_operator.py
[2022-07-01 12:31:55,825] {processor.py:651} INFO - DAG(s) dict_keys(['example_subdag_operator.section-1', 'example_subdag_operator.section-2', 'example_subdag_operator']) retrieved from /home/airflow/.local/lib/python3.7/site-packages/airflow/example_dags/example_subdag_operator.py
[2022-07-01 12:31:55,858] {logging_mixin.py:115} INFO - [2022-07-01 12:31:55,858] {dag.py:2379} INFO - Sync 3 DAGs
[2022-07-01 12:31:55,881] {logging_mixin.py:115} INFO - [2022-07-01 12:31:55,881] {dag.py:2931} INFO - Setting next_dagrun for example_subdag_operator to 2022-01-01T00:00:00+00:00, run_after=2022-01-01T00:00:00+00:00
[2022-07-01 12:31:55,883] {logging_mixin.py:115} INFO - [2022-07-01 12:31:55,883] {dag.py:2931} INFO - Setting next_dagrun for example_subdag_operator.section-1 to None, run_after=None
[2022-07-01 12:31:55,884] {logging_mixin.py:115} INFO - [2022-07-01 12:31:55,884] {dag.py:2931} INFO - Setting next_dagrun for example_subdag_operator.section-2 to None, run_after=None
[2022-07-01 12:31:55,891] {logging_mixin.py:115} INFO - [2022-07-01 12:31:55,891] {dag.py:2379} INFO - Sync 2 DAGs
[2022-07-01 12:31:55,897] {logging_mixin.py:115} INFO - [2022-07-01 12:31:55,897] {dag.py:2931} INFO - Setting next_dagrun for example_subdag_operator.section-1 to None, run_after=None
[2022-07-01 12:31:55,900] {logging_mixin.py:115} INFO - [2022-07-01 12:31:55,900] {dag.py:2931} INFO - Setting next_dagrun for example_subdag_operator.section-2 to None, run_after=None
[2022-07-01 12:31:55,907] {processor.py:161} INFO - Processing /home/airflow/.local/lib/python3.7/site-packages/airflow/example_dags/example_subdag_operator.py took 0.121 seconds
[2022-07-01 12:32:26,536] {processor.py:153} INFO - Started process (PID=502) to work on /home/airflow/.local/lib/python3.7/site-packages/airflow/example_dags/example_subdag_operator.py
[2022-07-01 12:32:26,538] {processor.py:641} INFO - Processing file /home/airflow/.local/lib/python3.7/site-packages/airflow/example_dags/example_subdag_operator.py for tasks to queue
[2022-07-01 12:32:26,539] {logging_mixin.py:115} INFO - [2022-07-01 12:32:26,539] {dagbag.py:507} INFO - Filling up the DagBag from /home/airflow/.local/lib/python3.7/site-packages/airflow/example_dags/example_subdag_operator.py
[2022-07-01 12:32:26,563] {processor.py:651} INFO - DAG(s) dict_keys(['example_subdag_operator.section-1', 'example_subdag_operator.section-2', 'example_subdag_operator']) retrieved from /home/airflow/.local/lib/python3.7/site-packages/airflow/example_dags/example_subdag_operator.py
[2022-07-01 12:32:26,596] {logging_mixin.py:115} INFO - [2022-07-01 12:32:26,596] {dag.py:2379} INFO - Sync 3 DAGs
[2022-07-01 12:32:26,616] {logging_mixin.py:115} INFO - [2022-07-01 12:32:26,616] {dag.py:2931} INFO - Setting next_dagrun for example_subdag_operator to 2022-01-01T00:00:00+00:00, run_after=2022-01-01T00:00:00+00:00
[2022-07-01 12:32:26,618] {logging_mixin.py:115} INFO - [2022-07-01 12:32:26,618] {dag.py:2931} INFO - Setting next_dagrun for example_subdag_operator.section-1 to None, run_after=None
[2022-07-01 12:32:26,620] {logging_mixin.py:115} INFO - [2022-07-01 12:32:26,620] {dag.py:2931} INFO - Setting next_dagrun for example_subdag_operator.section-2 to None, run_after=None
[2022-07-01 12:32:26,626] {logging_mixin.py:115} INFO - [2022-07-01 12:32:26,626] {dag.py:2379} INFO - Sync 2 DAGs
[2022-07-01 12:32:26,631] {logging_mixin.py:115} INFO - [2022-07-01 12:32:26,631] {dag.py:2931} INFO - Setting next_dagrun for example_subdag_operator.section-1 to None, run_after=None
[2022-07-01 12:32:26,632] {logging_mixin.py:115} INFO - [2022-07-01 12:32:26,632] {dag.py:2931} INFO - Setting next_dagrun for example_subdag_operator.section-2 to None, run_after=None
[2022-07-01 12:32:26,639] {processor.py:161} INFO - Processing /home/airflow/.local/lib/python3.7/site-packages/airflow/example_dags/example_subdag_operator.py took 0.105 seconds
[2022-07-01 12:32:57,670] {processor.py:153} INFO - Started process (PID=566) to work on /home/airflow/.local/lib/python3.7/site-packages/airflow/example_dags/example_subdag_operator.py
[2022-07-01 12:32:57,672] {processor.py:641} INFO - Processing file /home/airflow/.local/lib/python3.7/site-packages/airflow/example_dags/example_subdag_operator.py for tasks to queue
[2022-07-01 12:32:57,673] {logging_mixin.py:115} INFO - [2022-07-01 12:32:57,673] {dagbag.py:507} INFO - Filling up the DagBag from /home/airflow/.local/lib/python3.7/site-packages/airflow/example_dags/example_subdag_operator.py
[2022-07-01 12:32:57,692] {processor.py:651} INFO - DAG(s) dict_keys(['example_subdag_operator.section-1', 'example_subdag_operator.section-2', 'example_subdag_operator']) retrieved from /home/airflow/.local/lib/python3.7/site-packages/airflow/example_dags/example_subdag_operator.py
[2022-07-01 12:32:57,736] {logging_mixin.py:115} INFO - [2022-07-01 12:32:57,736] {dag.py:2379} INFO - Sync 3 DAGs
[2022-07-01 12:32:57,765] {logging_mixin.py:115} INFO - [2022-07-01 12:32:57,765] {dag.py:2931} INFO - Setting next_dagrun for example_subdag_operator to 2022-01-01T00:00:00+00:00, run_after=2022-01-01T00:00:00+00:00
[2022-07-01 12:32:57,770] {logging_mixin.py:115} INFO - [2022-07-01 12:32:57,770] {dag.py:2931} INFO - Setting next_dagrun for example_subdag_operator.section-1 to None, run_after=None
[2022-07-01 12:32:57,771] {logging_mixin.py:115} INFO - [2022-07-01 12:32:57,771] {dag.py:2931} INFO - Setting next_dagrun for example_subdag_operator.section-2 to None, run_after=None
[2022-07-01 12:32:57,784] {logging_mixin.py:115} INFO - [2022-07-01 12:32:57,784] {dag.py:2379} INFO - Sync 2 DAGs
[2022-07-01 12:32:57,791] {logging_mixin.py:115} INFO - [2022-07-01 12:32:57,791] {dag.py:2931} INFO - Setting next_dagrun for example_subdag_operator.section-1 to None, run_after=None
[2022-07-01 12:32:57,793] {logging_mixin.py:115} INFO - [2022-07-01 12:32:57,793] {dag.py:2931} INFO - Setting next_dagrun for example_subdag_operator.section-2 to None, run_after=None
[2022-07-01 12:32:57,799] {processor.py:161} INFO - Processing /home/airflow/.local/lib/python3.7/site-packages/airflow/example_dags/example_subdag_operator.py took 0.131 seconds
[2022-07-01 12:33:28,030] {processor.py:153} INFO - Started process (PID=630) to work on /home/airflow/.local/lib/python3.7/site-packages/airflow/example_dags/example_subdag_operator.py
[2022-07-01 12:33:28,033] {processor.py:641} INFO - Processing file /home/airflow/.local/lib/python3.7/site-packages/airflow/example_dags/example_subdag_operator.py for tasks to queue
[2022-07-01 12:33:28,035] {logging_mixin.py:115} INFO - [2022-07-01 12:33:28,034] {dagbag.py:507} INFO - Filling up the DagBag from /home/airflow/.local/lib/python3.7/site-packages/airflow/example_dags/example_subdag_operator.py
[2022-07-01 12:33:28,056] {processor.py:651} INFO - DAG(s) dict_keys(['example_subdag_operator.section-1', 'example_subdag_operator.section-2', 'example_subdag_operator']) retrieved from /home/airflow/.local/lib/python3.7/site-packages/airflow/example_dags/example_subdag_operator.py
[2022-07-01 12:33:28,077] {logging_mixin.py:115} INFO - [2022-07-01 12:33:28,077] {dag.py:2379} INFO - Sync 3 DAGs
[2022-07-01 12:33:28,095] {logging_mixin.py:115} INFO - [2022-07-01 12:33:28,094] {dag.py:2931} INFO - Setting next_dagrun for example_subdag_operator to 2022-01-01T00:00:00+00:00, run_after=2022-01-01T00:00:00+00:00
[2022-07-01 12:33:28,095] {logging_mixin.py:115} INFO - [2022-07-01 12:33:28,095] {dag.py:2931} INFO - Setting next_dagrun for example_subdag_operator.section-1 to None, run_after=None
[2022-07-01 12:33:28,096] {logging_mixin.py:115} INFO - [2022-07-01 12:33:28,096] {dag.py:2931} INFO - Setting next_dagrun for example_subdag_operator.section-2 to None, run_after=None
[2022-07-01 12:33:28,102] {logging_mixin.py:115} INFO - [2022-07-01 12:33:28,102] {dag.py:2379} INFO - Sync 2 DAGs
[2022-07-01 12:33:28,107] {logging_mixin.py:115} INFO - [2022-07-01 12:33:28,107] {dag.py:2931} INFO - Setting next_dagrun for example_subdag_operator.section-1 to None, run_after=None
[2022-07-01 12:33:28,108] {logging_mixin.py:115} INFO - [2022-07-01 12:33:28,108] {dag.py:2931} INFO - Setting next_dagrun for example_subdag_operator.section-2 to None, run_after=None
[2022-07-01 12:33:28,114] {processor.py:161} INFO - Processing /home/airflow/.local/lib/python3.7/site-packages/airflow/example_dags/example_subdag_operator.py took 0.086 seconds
[2022-07-01 12:33:58,544] {processor.py:153} INFO - Started process (PID=686) to work on /home/airflow/.local/lib/python3.7/site-packages/airflow/example_dags/example_subdag_operator.py
[2022-07-01 12:33:58,546] {processor.py:641} INFO - Processing file /home/airflow/.local/lib/python3.7/site-packages/airflow/example_dags/example_subdag_operator.py for tasks to queue
[2022-07-01 12:33:58,549] {logging_mixin.py:115} INFO - [2022-07-01 12:33:58,549] {dagbag.py:507} INFO - Filling up the DagBag from /home/airflow/.local/lib/python3.7/site-packages/airflow/example_dags/example_subdag_operator.py
[2022-07-01 12:33:58,569] {processor.py:651} INFO - DAG(s) dict_keys(['example_subdag_operator.section-1', 'example_subdag_operator.section-2', 'example_subdag_operator']) retrieved from /home/airflow/.local/lib/python3.7/site-packages/airflow/example_dags/example_subdag_operator.py
[2022-07-01 12:33:58,604] {logging_mixin.py:115} INFO - [2022-07-01 12:33:58,604] {dag.py:2379} INFO - Sync 3 DAGs
[2022-07-01 12:33:58,622] {logging_mixin.py:115} INFO - [2022-07-01 12:33:58,622] {dag.py:2931} INFO - Setting next_dagrun for example_subdag_operator to 2022-01-01T00:00:00+00:00, run_after=2022-01-01T00:00:00+00:00
[2022-07-01 12:33:58,624] {logging_mixin.py:115} INFO - [2022-07-01 12:33:58,624] {dag.py:2931} INFO - Setting next_dagrun for example_subdag_operator.section-1 to None, run_after=None
[2022-07-01 12:33:58,627] {logging_mixin.py:115} INFO - [2022-07-01 12:33:58,627] {dag.py:2931} INFO - Setting next_dagrun for example_subdag_operator.section-2 to None, run_after=None
[2022-07-01 12:33:58,635] {logging_mixin.py:115} INFO - [2022-07-01 12:33:58,635] {dag.py:2379} INFO - Sync 2 DAGs
[2022-07-01 12:33:58,640] {logging_mixin.py:115} INFO - [2022-07-01 12:33:58,640] {dag.py:2931} INFO - Setting next_dagrun for example_subdag_operator.section-1 to None, run_after=None
[2022-07-01 12:33:58,643] {logging_mixin.py:115} INFO - [2022-07-01 12:33:58,642] {dag.py:2931} INFO - Setting next_dagrun for example_subdag_operator.section-2 to None, run_after=None
[2022-07-01 12:33:58,656] {processor.py:161} INFO - Processing /home/airflow/.local/lib/python3.7/site-packages/airflow/example_dags/example_subdag_operator.py took 0.113 seconds
[2022-07-01 12:34:29,048] {processor.py:153} INFO - Started process (PID=749) to work on /home/airflow/.local/lib/python3.7/site-packages/airflow/example_dags/example_subdag_operator.py
[2022-07-01 12:34:29,049] {processor.py:641} INFO - Processing file /home/airflow/.local/lib/python3.7/site-packages/airflow/example_dags/example_subdag_operator.py for tasks to queue
[2022-07-01 12:34:29,051] {logging_mixin.py:115} INFO - [2022-07-01 12:34:29,051] {dagbag.py:507} INFO - Filling up the DagBag from /home/airflow/.local/lib/python3.7/site-packages/airflow/example_dags/example_subdag_operator.py
[2022-07-01 12:34:29,070] {processor.py:651} INFO - DAG(s) dict_keys(['example_subdag_operator.section-1', 'example_subdag_operator.section-2', 'example_subdag_operator']) retrieved from /home/airflow/.local/lib/python3.7/site-packages/airflow/example_dags/example_subdag_operator.py
[2022-07-01 12:34:29,092] {logging_mixin.py:115} INFO - [2022-07-01 12:34:29,092] {dag.py:2379} INFO - Sync 3 DAGs
[2022-07-01 12:34:29,108] {logging_mixin.py:115} INFO - [2022-07-01 12:34:29,108] {dag.py:2931} INFO - Setting next_dagrun for example_subdag_operator to 2022-01-01T00:00:00+00:00, run_after=2022-01-01T00:00:00+00:00
[2022-07-01 12:34:29,111] {logging_mixin.py:115} INFO - [2022-07-01 12:34:29,111] {dag.py:2931} INFO - Setting next_dagrun for example_subdag_operator.section-1 to None, run_after=None
[2022-07-01 12:34:29,112] {logging_mixin.py:115} INFO - [2022-07-01 12:34:29,112] {dag.py:2931} INFO - Setting next_dagrun for example_subdag_operator.section-2 to None, run_after=None
[2022-07-01 12:34:29,117] {logging_mixin.py:115} INFO - [2022-07-01 12:34:29,117] {dag.py:2379} INFO - Sync 2 DAGs
[2022-07-01 12:34:29,122] {logging_mixin.py:115} INFO - [2022-07-01 12:34:29,122] {dag.py:2931} INFO - Setting next_dagrun for example_subdag_operator.section-1 to None, run_after=None
[2022-07-01 12:34:29,123] {logging_mixin.py:115} INFO - [2022-07-01 12:34:29,123] {dag.py:2931} INFO - Setting next_dagrun for example_subdag_operator.section-2 to None, run_after=None
[2022-07-01 12:34:29,131] {processor.py:161} INFO - Processing /home/airflow/.local/lib/python3.7/site-packages/airflow/example_dags/example_subdag_operator.py took 0.086 seconds
[2022-07-01 12:35:00,422] {processor.py:153} INFO - Started process (PID=814) to work on /home/airflow/.local/lib/python3.7/site-packages/airflow/example_dags/example_subdag_operator.py
[2022-07-01 12:35:00,424] {processor.py:641} INFO - Processing file /home/airflow/.local/lib/python3.7/site-packages/airflow/example_dags/example_subdag_operator.py for tasks to queue
[2022-07-01 12:35:00,425] {logging_mixin.py:115} INFO - [2022-07-01 12:35:00,425] {dagbag.py:507} INFO - Filling up the DagBag from /home/airflow/.local/lib/python3.7/site-packages/airflow/example_dags/example_subdag_operator.py
[2022-07-01 12:35:00,442] {processor.py:651} INFO - DAG(s) dict_keys(['example_subdag_operator.section-1', 'example_subdag_operator.section-2', 'example_subdag_operator']) retrieved from /home/airflow/.local/lib/python3.7/site-packages/airflow/example_dags/example_subdag_operator.py
[2022-07-01 12:35:00,463] {logging_mixin.py:115} INFO - [2022-07-01 12:35:00,463] {dag.py:2379} INFO - Sync 3 DAGs
[2022-07-01 12:35:00,477] {logging_mixin.py:115} INFO - [2022-07-01 12:35:00,476] {dag.py:2931} INFO - Setting next_dagrun for example_subdag_operator to 2022-01-01T00:00:00+00:00, run_after=2022-01-01T00:00:00+00:00
[2022-07-01 12:35:00,478] {logging_mixin.py:115} INFO - [2022-07-01 12:35:00,478] {dag.py:2931} INFO - Setting next_dagrun for example_subdag_operator.section-1 to None, run_after=None
[2022-07-01 12:35:00,479] {logging_mixin.py:115} INFO - [2022-07-01 12:35:00,479] {dag.py:2931} INFO - Setting next_dagrun for example_subdag_operator.section-2 to None, run_after=None
[2022-07-01 12:35:00,484] {logging_mixin.py:115} INFO - [2022-07-01 12:35:00,484] {dag.py:2379} INFO - Sync 2 DAGs
[2022-07-01 12:35:00,488] {logging_mixin.py:115} INFO - [2022-07-01 12:35:00,488] {dag.py:2931} INFO - Setting next_dagrun for example_subdag_operator.section-1 to None, run_after=None
[2022-07-01 12:35:00,490] {logging_mixin.py:115} INFO - [2022-07-01 12:35:00,490] {dag.py:2931} INFO - Setting next_dagrun for example_subdag_operator.section-2 to None, run_after=None
[2022-07-01 12:35:00,495] {processor.py:161} INFO - Processing /home/airflow/.local/lib/python3.7/site-packages/airflow/example_dags/example_subdag_operator.py took 0.076 seconds
[2022-07-01 12:35:31,132] {processor.py:153} INFO - Started process (PID=880) to work on /home/airflow/.local/lib/python3.7/site-packages/airflow/example_dags/example_subdag_operator.py
[2022-07-01 12:35:31,134] {processor.py:641} INFO - Processing file /home/airflow/.local/lib/python3.7/site-packages/airflow/example_dags/example_subdag_operator.py for tasks to queue
[2022-07-01 12:35:31,136] {logging_mixin.py:115} INFO - [2022-07-01 12:35:31,136] {dagbag.py:507} INFO - Filling up the DagBag from /home/airflow/.local/lib/python3.7/site-packages/airflow/example_dags/example_subdag_operator.py
[2022-07-01 12:35:31,197] {processor.py:651} INFO - DAG(s) dict_keys(['example_subdag_operator.section-1', 'example_subdag_operator.section-2', 'example_subdag_operator']) retrieved from /home/airflow/.local/lib/python3.7/site-packages/airflow/example_dags/example_subdag_operator.py
[2022-07-01 12:35:31,240] {logging_mixin.py:115} INFO - [2022-07-01 12:35:31,240] {dag.py:2379} INFO - Sync 3 DAGs
[2022-07-01 12:35:31,311] {logging_mixin.py:115} INFO - [2022-07-01 12:35:31,311] {dag.py:2931} INFO - Setting next_dagrun for example_subdag_operator to 2022-01-01T00:00:00+00:00, run_after=2022-01-01T00:00:00+00:00
[2022-07-01 12:35:31,314] {logging_mixin.py:115} INFO - [2022-07-01 12:35:31,314] {dag.py:2931} INFO - Setting next_dagrun for example_subdag_operator.section-1 to None, run_after=None
[2022-07-01 12:35:31,317] {logging_mixin.py:115} INFO - [2022-07-01 12:35:31,317] {dag.py:2931} INFO - Setting next_dagrun for example_subdag_operator.section-2 to None, run_after=None
[2022-07-01 12:35:31,330] {logging_mixin.py:115} INFO - [2022-07-01 12:35:31,330] {dag.py:2379} INFO - Sync 2 DAGs
[2022-07-01 12:35:31,345] {logging_mixin.py:115} INFO - [2022-07-01 12:35:31,345] {dag.py:2931} INFO - Setting next_dagrun for example_subdag_operator.section-1 to None, run_after=None
[2022-07-01 12:35:31,351] {logging_mixin.py:115} INFO - [2022-07-01 12:35:31,351] {dag.py:2931} INFO - Setting next_dagrun for example_subdag_operator.section-2 to None, run_after=None
[2022-07-01 12:35:31,367] {processor.py:161} INFO - Processing /home/airflow/.local/lib/python3.7/site-packages/airflow/example_dags/example_subdag_operator.py took 0.237 seconds
[2022-07-01 18:12:28,516] {processor.py:153} INFO - Started process (PID=66) to work on /home/airflow/.local/lib/python3.7/site-packages/airflow/example_dags/example_subdag_operator.py
[2022-07-01 18:12:28,517] {processor.py:641} INFO - Processing file /home/airflow/.local/lib/python3.7/site-packages/airflow/example_dags/example_subdag_operator.py for tasks to queue
[2022-07-01 18:12:28,518] {logging_mixin.py:115} INFO - [2022-07-01 18:12:28,518] {dagbag.py:507} INFO - Filling up the DagBag from /home/airflow/.local/lib/python3.7/site-packages/airflow/example_dags/example_subdag_operator.py
[2022-07-01 18:12:28,548] {processor.py:651} INFO - DAG(s) dict_keys(['example_subdag_operator.section-1', 'example_subdag_operator.section-2', 'example_subdag_operator']) retrieved from /home/airflow/.local/lib/python3.7/site-packages/airflow/example_dags/example_subdag_operator.py
[2022-07-01 18:12:28,582] {logging_mixin.py:115} INFO - [2022-07-01 18:12:28,582] {dag.py:2379} INFO - Sync 3 DAGs
[2022-07-01 18:12:28,600] {logging_mixin.py:115} INFO - [2022-07-01 18:12:28,599] {dag.py:2931} INFO - Setting next_dagrun for example_subdag_operator to 2022-01-01T00:00:00+00:00, run_after=2022-01-01T00:00:00+00:00
[2022-07-01 18:12:28,618] {logging_mixin.py:115} INFO - [2022-07-01 18:12:28,618] {dag.py:2931} INFO - Setting next_dagrun for example_subdag_operator.section-1 to None, run_after=None
[2022-07-01 18:12:28,620] {logging_mixin.py:115} INFO - [2022-07-01 18:12:28,620] {dag.py:2931} INFO - Setting next_dagrun for example_subdag_operator.section-2 to None, run_after=None
[2022-07-01 18:12:28,626] {logging_mixin.py:115} INFO - [2022-07-01 18:12:28,626] {dag.py:2379} INFO - Sync 2 DAGs
[2022-07-01 18:12:28,632] {logging_mixin.py:115} INFO - [2022-07-01 18:12:28,632] {dag.py:2931} INFO - Setting next_dagrun for example_subdag_operator.section-1 to None, run_after=None
[2022-07-01 18:12:28,634] {logging_mixin.py:115} INFO - [2022-07-01 18:12:28,634] {dag.py:2931} INFO - Setting next_dagrun for example_subdag_operator.section-2 to None, run_after=None
[2022-07-01 18:12:28,641] {processor.py:161} INFO - Processing /home/airflow/.local/lib/python3.7/site-packages/airflow/example_dags/example_subdag_operator.py took 0.128 seconds
