[2022-07-01 12:28:51,295] {processor.py:153} INFO - Started process (PID=63) to work on /home/airflow/.local/lib/python3.7/site-packages/airflow/example_dags/example_branch_python_dop_operator_3.py
[2022-07-01 12:28:51,297] {processor.py:641} INFO - Processing file /home/airflow/.local/lib/python3.7/site-packages/airflow/example_dags/example_branch_python_dop_operator_3.py for tasks to queue
[2022-07-01 12:28:51,298] {logging_mixin.py:115} INFO - [2022-07-01 12:28:51,298] {dagbag.py:507} INFO - Filling up the DagBag from /home/airflow/.local/lib/python3.7/site-packages/airflow/example_dags/example_branch_python_dop_operator_3.py
[2022-07-01 12:28:51,323] {processor.py:651} INFO - DAG(s) dict_keys(['example_branch_dop_operator_v3']) retrieved from /home/airflow/.local/lib/python3.7/site-packages/airflow/example_dags/example_branch_python_dop_operator_3.py
[2022-07-01 12:28:51,366] {logging_mixin.py:115} INFO - [2022-07-01 12:28:51,361] {dag.py:2379} INFO - Sync 1 DAGs
[2022-07-01 12:28:51,411] {logging_mixin.py:115} INFO - [2022-07-01 12:28:51,411] {dag.py:2931} INFO - Setting next_dagrun for example_branch_dop_operator_v3 to 2022-07-01T12:27:00+00:00, run_after=2022-07-01T12:28:00+00:00
[2022-07-01 12:28:51,440] {processor.py:161} INFO - Processing /home/airflow/.local/lib/python3.7/site-packages/airflow/example_dags/example_branch_python_dop_operator_3.py took 0.147 seconds
[2022-07-01 12:29:21,596] {processor.py:153} INFO - Started process (PID=119) to work on /home/airflow/.local/lib/python3.7/site-packages/airflow/example_dags/example_branch_python_dop_operator_3.py
[2022-07-01 12:29:21,598] {processor.py:641} INFO - Processing file /home/airflow/.local/lib/python3.7/site-packages/airflow/example_dags/example_branch_python_dop_operator_3.py for tasks to queue
[2022-07-01 12:29:21,600] {logging_mixin.py:115} INFO - [2022-07-01 12:29:21,600] {dagbag.py:507} INFO - Filling up the DagBag from /home/airflow/.local/lib/python3.7/site-packages/airflow/example_dags/example_branch_python_dop_operator_3.py
[2022-07-01 12:29:21,610] {processor.py:651} INFO - DAG(s) dict_keys(['example_branch_dop_operator_v3']) retrieved from /home/airflow/.local/lib/python3.7/site-packages/airflow/example_dags/example_branch_python_dop_operator_3.py
[2022-07-01 12:29:21,641] {logging_mixin.py:115} INFO - [2022-07-01 12:29:21,641] {dag.py:2379} INFO - Sync 1 DAGs
[2022-07-01 12:29:21,667] {logging_mixin.py:115} INFO - [2022-07-01 12:29:21,667] {dag.py:2931} INFO - Setting next_dagrun for example_branch_dop_operator_v3 to 2022-07-01T12:28:00+00:00, run_after=2022-07-01T12:29:00+00:00
[2022-07-01 12:29:21,682] {processor.py:161} INFO - Processing /home/airflow/.local/lib/python3.7/site-packages/airflow/example_dags/example_branch_python_dop_operator_3.py took 0.089 seconds
[2022-07-01 12:29:52,208] {processor.py:153} INFO - Started process (PID=183) to work on /home/airflow/.local/lib/python3.7/site-packages/airflow/example_dags/example_branch_python_dop_operator_3.py
[2022-07-01 12:29:52,210] {processor.py:641} INFO - Processing file /home/airflow/.local/lib/python3.7/site-packages/airflow/example_dags/example_branch_python_dop_operator_3.py for tasks to queue
[2022-07-01 12:29:52,216] {logging_mixin.py:115} INFO - [2022-07-01 12:29:52,216] {dagbag.py:507} INFO - Filling up the DagBag from /home/airflow/.local/lib/python3.7/site-packages/airflow/example_dags/example_branch_python_dop_operator_3.py
[2022-07-01 12:29:52,239] {processor.py:651} INFO - DAG(s) dict_keys(['example_branch_dop_operator_v3']) retrieved from /home/airflow/.local/lib/python3.7/site-packages/airflow/example_dags/example_branch_python_dop_operator_3.py
[2022-07-01 12:29:52,280] {logging_mixin.py:115} INFO - [2022-07-01 12:29:52,280] {dag.py:2379} INFO - Sync 1 DAGs
[2022-07-01 12:29:52,313] {logging_mixin.py:115} INFO - [2022-07-01 12:29:52,313] {dag.py:2931} INFO - Setting next_dagrun for example_branch_dop_operator_v3 to 2022-07-01T12:28:00+00:00, run_after=2022-07-01T12:29:00+00:00
[2022-07-01 12:29:52,338] {processor.py:161} INFO - Processing /home/airflow/.local/lib/python3.7/site-packages/airflow/example_dags/example_branch_python_dop_operator_3.py took 0.133 seconds
[2022-07-01 12:30:22,945] {processor.py:153} INFO - Started process (PID=247) to work on /home/airflow/.local/lib/python3.7/site-packages/airflow/example_dags/example_branch_python_dop_operator_3.py
[2022-07-01 12:30:22,951] {processor.py:641} INFO - Processing file /home/airflow/.local/lib/python3.7/site-packages/airflow/example_dags/example_branch_python_dop_operator_3.py for tasks to queue
[2022-07-01 12:30:22,953] {logging_mixin.py:115} INFO - [2022-07-01 12:30:22,953] {dagbag.py:507} INFO - Filling up the DagBag from /home/airflow/.local/lib/python3.7/site-packages/airflow/example_dags/example_branch_python_dop_operator_3.py
[2022-07-01 12:30:22,974] {processor.py:651} INFO - DAG(s) dict_keys(['example_branch_dop_operator_v3']) retrieved from /home/airflow/.local/lib/python3.7/site-packages/airflow/example_dags/example_branch_python_dop_operator_3.py
[2022-07-01 12:30:23,010] {logging_mixin.py:115} INFO - [2022-07-01 12:30:23,010] {dag.py:2379} INFO - Sync 1 DAGs
[2022-07-01 12:30:23,043] {logging_mixin.py:115} INFO - [2022-07-01 12:30:23,043] {dag.py:2931} INFO - Setting next_dagrun for example_branch_dop_operator_v3 to 2022-07-01T12:29:00+00:00, run_after=2022-07-01T12:30:00+00:00
[2022-07-01 12:30:23,059] {processor.py:161} INFO - Processing /home/airflow/.local/lib/python3.7/site-packages/airflow/example_dags/example_branch_python_dop_operator_3.py took 0.116 seconds
[2022-07-01 12:30:53,737] {processor.py:153} INFO - Started process (PID=312) to work on /home/airflow/.local/lib/python3.7/site-packages/airflow/example_dags/example_branch_python_dop_operator_3.py
[2022-07-01 12:30:53,738] {processor.py:641} INFO - Processing file /home/airflow/.local/lib/python3.7/site-packages/airflow/example_dags/example_branch_python_dop_operator_3.py for tasks to queue
[2022-07-01 12:30:53,739] {logging_mixin.py:115} INFO - [2022-07-01 12:30:53,739] {dagbag.py:507} INFO - Filling up the DagBag from /home/airflow/.local/lib/python3.7/site-packages/airflow/example_dags/example_branch_python_dop_operator_3.py
[2022-07-01 12:30:53,759] {processor.py:651} INFO - DAG(s) dict_keys(['example_branch_dop_operator_v3']) retrieved from /home/airflow/.local/lib/python3.7/site-packages/airflow/example_dags/example_branch_python_dop_operator_3.py
[2022-07-01 12:30:53,785] {logging_mixin.py:115} INFO - [2022-07-01 12:30:53,785] {dag.py:2379} INFO - Sync 1 DAGs
[2022-07-01 12:30:53,814] {logging_mixin.py:115} INFO - [2022-07-01 12:30:53,814] {dag.py:2931} INFO - Setting next_dagrun for example_branch_dop_operator_v3 to 2022-07-01T12:29:00+00:00, run_after=2022-07-01T12:30:00+00:00
[2022-07-01 12:30:53,851] {processor.py:161} INFO - Processing /home/airflow/.local/lib/python3.7/site-packages/airflow/example_dags/example_branch_python_dop_operator_3.py took 0.116 seconds
[2022-07-01 12:31:24,039] {processor.py:153} INFO - Started process (PID=370) to work on /home/airflow/.local/lib/python3.7/site-packages/airflow/example_dags/example_branch_python_dop_operator_3.py
[2022-07-01 12:31:24,040] {processor.py:641} INFO - Processing file /home/airflow/.local/lib/python3.7/site-packages/airflow/example_dags/example_branch_python_dop_operator_3.py for tasks to queue
[2022-07-01 12:31:24,043] {logging_mixin.py:115} INFO - [2022-07-01 12:31:24,043] {dagbag.py:507} INFO - Filling up the DagBag from /home/airflow/.local/lib/python3.7/site-packages/airflow/example_dags/example_branch_python_dop_operator_3.py
[2022-07-01 12:31:24,054] {processor.py:651} INFO - DAG(s) dict_keys(['example_branch_dop_operator_v3']) retrieved from /home/airflow/.local/lib/python3.7/site-packages/airflow/example_dags/example_branch_python_dop_operator_3.py
[2022-07-01 12:31:24,073] {logging_mixin.py:115} INFO - [2022-07-01 12:31:24,073] {dag.py:2379} INFO - Sync 1 DAGs
[2022-07-01 12:31:24,090] {logging_mixin.py:115} INFO - [2022-07-01 12:31:24,090] {dag.py:2931} INFO - Setting next_dagrun for example_branch_dop_operator_v3 to 2022-07-01T12:30:00+00:00, run_after=2022-07-01T12:31:00+00:00
[2022-07-01 12:31:24,099] {processor.py:161} INFO - Processing /home/airflow/.local/lib/python3.7/site-packages/airflow/example_dags/example_branch_python_dop_operator_3.py took 0.063 seconds
[2022-07-01 12:31:55,427] {processor.py:153} INFO - Started process (PID=435) to work on /home/airflow/.local/lib/python3.7/site-packages/airflow/example_dags/example_branch_python_dop_operator_3.py
[2022-07-01 12:31:55,429] {processor.py:641} INFO - Processing file /home/airflow/.local/lib/python3.7/site-packages/airflow/example_dags/example_branch_python_dop_operator_3.py for tasks to queue
[2022-07-01 12:31:55,430] {logging_mixin.py:115} INFO - [2022-07-01 12:31:55,430] {dagbag.py:507} INFO - Filling up the DagBag from /home/airflow/.local/lib/python3.7/site-packages/airflow/example_dags/example_branch_python_dop_operator_3.py
[2022-07-01 12:31:55,450] {processor.py:651} INFO - DAG(s) dict_keys(['example_branch_dop_operator_v3']) retrieved from /home/airflow/.local/lib/python3.7/site-packages/airflow/example_dags/example_branch_python_dop_operator_3.py
[2022-07-01 12:31:55,477] {logging_mixin.py:115} INFO - [2022-07-01 12:31:55,477] {dag.py:2379} INFO - Sync 1 DAGs
[2022-07-01 12:31:55,502] {logging_mixin.py:115} INFO - [2022-07-01 12:31:55,502] {dag.py:2931} INFO - Setting next_dagrun for example_branch_dop_operator_v3 to 2022-07-01T12:30:00+00:00, run_after=2022-07-01T12:31:00+00:00
[2022-07-01 12:31:55,530] {processor.py:161} INFO - Processing /home/airflow/.local/lib/python3.7/site-packages/airflow/example_dags/example_branch_python_dop_operator_3.py took 0.105 seconds
[2022-07-01 12:32:26,016] {processor.py:153} INFO - Started process (PID=499) to work on /home/airflow/.local/lib/python3.7/site-packages/airflow/example_dags/example_branch_python_dop_operator_3.py
[2022-07-01 12:32:26,018] {processor.py:641} INFO - Processing file /home/airflow/.local/lib/python3.7/site-packages/airflow/example_dags/example_branch_python_dop_operator_3.py for tasks to queue
[2022-07-01 12:32:26,020] {logging_mixin.py:115} INFO - [2022-07-01 12:32:26,020] {dagbag.py:507} INFO - Filling up the DagBag from /home/airflow/.local/lib/python3.7/site-packages/airflow/example_dags/example_branch_python_dop_operator_3.py
[2022-07-01 12:32:26,032] {processor.py:651} INFO - DAG(s) dict_keys(['example_branch_dop_operator_v3']) retrieved from /home/airflow/.local/lib/python3.7/site-packages/airflow/example_dags/example_branch_python_dop_operator_3.py
[2022-07-01 12:32:26,066] {logging_mixin.py:115} INFO - [2022-07-01 12:32:26,066] {dag.py:2379} INFO - Sync 1 DAGs
[2022-07-01 12:32:26,092] {logging_mixin.py:115} INFO - [2022-07-01 12:32:26,092] {dag.py:2931} INFO - Setting next_dagrun for example_branch_dop_operator_v3 to 2022-07-01T12:31:00+00:00, run_after=2022-07-01T12:32:00+00:00
[2022-07-01 12:32:26,111] {processor.py:161} INFO - Processing /home/airflow/.local/lib/python3.7/site-packages/airflow/example_dags/example_branch_python_dop_operator_3.py took 0.097 seconds
[2022-07-01 12:32:57,411] {processor.py:153} INFO - Started process (PID=563) to work on /home/airflow/.local/lib/python3.7/site-packages/airflow/example_dags/example_branch_python_dop_operator_3.py
[2022-07-01 12:32:57,414] {processor.py:641} INFO - Processing file /home/airflow/.local/lib/python3.7/site-packages/airflow/example_dags/example_branch_python_dop_operator_3.py for tasks to queue
[2022-07-01 12:32:57,415] {logging_mixin.py:115} INFO - [2022-07-01 12:32:57,415] {dagbag.py:507} INFO - Filling up the DagBag from /home/airflow/.local/lib/python3.7/site-packages/airflow/example_dags/example_branch_python_dop_operator_3.py
[2022-07-01 12:32:57,438] {processor.py:651} INFO - DAG(s) dict_keys(['example_branch_dop_operator_v3']) retrieved from /home/airflow/.local/lib/python3.7/site-packages/airflow/example_dags/example_branch_python_dop_operator_3.py
[2022-07-01 12:32:57,475] {logging_mixin.py:115} INFO - [2022-07-01 12:32:57,475] {dag.py:2379} INFO - Sync 1 DAGs
[2022-07-01 12:32:57,497] {logging_mixin.py:115} INFO - [2022-07-01 12:32:57,497] {dag.py:2931} INFO - Setting next_dagrun for example_branch_dop_operator_v3 to 2022-07-01T12:31:00+00:00, run_after=2022-07-01T12:32:00+00:00
[2022-07-01 12:32:57,507] {processor.py:161} INFO - Processing /home/airflow/.local/lib/python3.7/site-packages/airflow/example_dags/example_branch_python_dop_operator_3.py took 0.101 seconds
[2022-07-01 12:33:27,760] {processor.py:153} INFO - Started process (PID=627) to work on /home/airflow/.local/lib/python3.7/site-packages/airflow/example_dags/example_branch_python_dop_operator_3.py
[2022-07-01 12:33:27,761] {processor.py:641} INFO - Processing file /home/airflow/.local/lib/python3.7/site-packages/airflow/example_dags/example_branch_python_dop_operator_3.py for tasks to queue
[2022-07-01 12:33:27,763] {logging_mixin.py:115} INFO - [2022-07-01 12:33:27,763] {dagbag.py:507} INFO - Filling up the DagBag from /home/airflow/.local/lib/python3.7/site-packages/airflow/example_dags/example_branch_python_dop_operator_3.py
[2022-07-01 12:33:27,773] {processor.py:651} INFO - DAG(s) dict_keys(['example_branch_dop_operator_v3']) retrieved from /home/airflow/.local/lib/python3.7/site-packages/airflow/example_dags/example_branch_python_dop_operator_3.py
[2022-07-01 12:33:27,791] {logging_mixin.py:115} INFO - [2022-07-01 12:33:27,791] {dag.py:2379} INFO - Sync 1 DAGs
[2022-07-01 12:33:27,806] {logging_mixin.py:115} INFO - [2022-07-01 12:33:27,806] {dag.py:2931} INFO - Setting next_dagrun for example_branch_dop_operator_v3 to 2022-07-01T12:32:00+00:00, run_after=2022-07-01T12:33:00+00:00
[2022-07-01 12:33:27,816] {processor.py:161} INFO - Processing /home/airflow/.local/lib/python3.7/site-packages/airflow/example_dags/example_branch_python_dop_operator_3.py took 0.059 seconds
[2022-07-01 12:33:58,248] {processor.py:153} INFO - Started process (PID=683) to work on /home/airflow/.local/lib/python3.7/site-packages/airflow/example_dags/example_branch_python_dop_operator_3.py
[2022-07-01 12:33:58,253] {processor.py:641} INFO - Processing file /home/airflow/.local/lib/python3.7/site-packages/airflow/example_dags/example_branch_python_dop_operator_3.py for tasks to queue
[2022-07-01 12:33:58,256] {logging_mixin.py:115} INFO - [2022-07-01 12:33:58,256] {dagbag.py:507} INFO - Filling up the DagBag from /home/airflow/.local/lib/python3.7/site-packages/airflow/example_dags/example_branch_python_dop_operator_3.py
[2022-07-01 12:33:58,273] {processor.py:651} INFO - DAG(s) dict_keys(['example_branch_dop_operator_v3']) retrieved from /home/airflow/.local/lib/python3.7/site-packages/airflow/example_dags/example_branch_python_dop_operator_3.py
[2022-07-01 12:33:58,310] {logging_mixin.py:115} INFO - [2022-07-01 12:33:58,310] {dag.py:2379} INFO - Sync 1 DAGs
[2022-07-01 12:33:58,337] {logging_mixin.py:115} INFO - [2022-07-01 12:33:58,337] {dag.py:2931} INFO - Setting next_dagrun for example_branch_dop_operator_v3 to 2022-07-01T12:32:00+00:00, run_after=2022-07-01T12:33:00+00:00
[2022-07-01 12:33:58,345] {processor.py:161} INFO - Processing /home/airflow/.local/lib/python3.7/site-packages/airflow/example_dags/example_branch_python_dop_operator_3.py took 0.100 seconds
[2022-07-01 12:34:28,736] {processor.py:153} INFO - Started process (PID=746) to work on /home/airflow/.local/lib/python3.7/site-packages/airflow/example_dags/example_branch_python_dop_operator_3.py
[2022-07-01 12:34:28,738] {processor.py:641} INFO - Processing file /home/airflow/.local/lib/python3.7/site-packages/airflow/example_dags/example_branch_python_dop_operator_3.py for tasks to queue
[2022-07-01 12:34:28,739] {logging_mixin.py:115} INFO - [2022-07-01 12:34:28,739] {dagbag.py:507} INFO - Filling up the DagBag from /home/airflow/.local/lib/python3.7/site-packages/airflow/example_dags/example_branch_python_dop_operator_3.py
[2022-07-01 12:34:28,746] {processor.py:651} INFO - DAG(s) dict_keys(['example_branch_dop_operator_v3']) retrieved from /home/airflow/.local/lib/python3.7/site-packages/airflow/example_dags/example_branch_python_dop_operator_3.py
[2022-07-01 12:34:28,764] {logging_mixin.py:115} INFO - [2022-07-01 12:34:28,763] {dag.py:2379} INFO - Sync 1 DAGs
[2022-07-01 12:34:28,781] {logging_mixin.py:115} INFO - [2022-07-01 12:34:28,780] {dag.py:2931} INFO - Setting next_dagrun for example_branch_dop_operator_v3 to 2022-07-01T12:33:00+00:00, run_after=2022-07-01T12:34:00+00:00
[2022-07-01 12:34:28,793] {processor.py:161} INFO - Processing /home/airflow/.local/lib/python3.7/site-packages/airflow/example_dags/example_branch_python_dop_operator_3.py took 0.060 seconds
[2022-07-01 12:34:59,970] {processor.py:153} INFO - Started process (PID=811) to work on /home/airflow/.local/lib/python3.7/site-packages/airflow/example_dags/example_branch_python_dop_operator_3.py
[2022-07-01 12:34:59,974] {processor.py:641} INFO - Processing file /home/airflow/.local/lib/python3.7/site-packages/airflow/example_dags/example_branch_python_dop_operator_3.py for tasks to queue
[2022-07-01 12:34:59,976] {logging_mixin.py:115} INFO - [2022-07-01 12:34:59,976] {dagbag.py:507} INFO - Filling up the DagBag from /home/airflow/.local/lib/python3.7/site-packages/airflow/example_dags/example_branch_python_dop_operator_3.py
[2022-07-01 12:34:59,983] {processor.py:651} INFO - DAG(s) dict_keys(['example_branch_dop_operator_v3']) retrieved from /home/airflow/.local/lib/python3.7/site-packages/airflow/example_dags/example_branch_python_dop_operator_3.py
[2022-07-01 12:35:00,009] {logging_mixin.py:115} INFO - [2022-07-01 12:35:00,007] {dag.py:2379} INFO - Sync 1 DAGs
[2022-07-01 12:35:00,042] {logging_mixin.py:115} INFO - [2022-07-01 12:35:00,042] {dag.py:2931} INFO - Setting next_dagrun for example_branch_dop_operator_v3 to 2022-07-01T12:34:00+00:00, run_after=2022-07-01T12:35:00+00:00
[2022-07-01 12:35:00,057] {processor.py:161} INFO - Processing /home/airflow/.local/lib/python3.7/site-packages/airflow/example_dags/example_branch_python_dop_operator_3.py took 0.090 seconds
[2022-07-01 12:35:30,656] {processor.py:153} INFO - Started process (PID=877) to work on /home/airflow/.local/lib/python3.7/site-packages/airflow/example_dags/example_branch_python_dop_operator_3.py
[2022-07-01 12:35:30,666] {processor.py:641} INFO - Processing file /home/airflow/.local/lib/python3.7/site-packages/airflow/example_dags/example_branch_python_dop_operator_3.py for tasks to queue
[2022-07-01 12:35:30,669] {logging_mixin.py:115} INFO - [2022-07-01 12:35:30,669] {dagbag.py:507} INFO - Filling up the DagBag from /home/airflow/.local/lib/python3.7/site-packages/airflow/example_dags/example_branch_python_dop_operator_3.py
[2022-07-01 12:35:30,690] {processor.py:651} INFO - DAG(s) dict_keys(['example_branch_dop_operator_v3']) retrieved from /home/airflow/.local/lib/python3.7/site-packages/airflow/example_dags/example_branch_python_dop_operator_3.py
[2022-07-01 12:35:30,726] {logging_mixin.py:115} INFO - [2022-07-01 12:35:30,726] {dag.py:2379} INFO - Sync 1 DAGs
[2022-07-01 12:35:30,772] {logging_mixin.py:115} INFO - [2022-07-01 12:35:30,771] {dag.py:2931} INFO - Setting next_dagrun for example_branch_dop_operator_v3 to 2022-07-01T12:34:00+00:00, run_after=2022-07-01T12:35:00+00:00
[2022-07-01 12:35:30,795] {processor.py:161} INFO - Processing /home/airflow/.local/lib/python3.7/site-packages/airflow/example_dags/example_branch_python_dop_operator_3.py took 0.142 seconds
[2022-07-01 17:12:08,389] {processor.py:153} INFO - Started process (PID=64) to work on /home/airflow/.local/lib/python3.7/site-packages/airflow/example_dags/example_branch_python_dop_operator_3.py
[2022-07-01 17:12:08,391] {processor.py:641} INFO - Processing file /home/airflow/.local/lib/python3.7/site-packages/airflow/example_dags/example_branch_python_dop_operator_3.py for tasks to queue
[2022-07-01 17:12:08,393] {logging_mixin.py:115} INFO - [2022-07-01 17:12:08,392] {dagbag.py:507} INFO - Filling up the DagBag from /home/airflow/.local/lib/python3.7/site-packages/airflow/example_dags/example_branch_python_dop_operator_3.py
[2022-07-01 17:12:08,403] {processor.py:651} INFO - DAG(s) dict_keys(['example_branch_dop_operator_v3']) retrieved from /home/airflow/.local/lib/python3.7/site-packages/airflow/example_dags/example_branch_python_dop_operator_3.py
[2022-07-01 17:12:08,431] {logging_mixin.py:115} INFO - [2022-07-01 17:12:08,431] {dag.py:2379} INFO - Sync 1 DAGs
[2022-07-01 17:12:08,451] {logging_mixin.py:115} INFO - [2022-07-01 17:12:08,451] {dag.py:2931} INFO - Setting next_dagrun for example_branch_dop_operator_v3 to 2022-07-01T17:11:00+00:00, run_after=2022-07-01T17:12:00+00:00
[2022-07-01 17:12:08,462] {processor.py:161} INFO - Processing /home/airflow/.local/lib/python3.7/site-packages/airflow/example_dags/example_branch_python_dop_operator_3.py took 0.076 seconds
[2022-07-01 18:12:27,771] {processor.py:153} INFO - Started process (PID=63) to work on /home/airflow/.local/lib/python3.7/site-packages/airflow/example_dags/example_branch_python_dop_operator_3.py
[2022-07-01 18:12:27,775] {processor.py:641} INFO - Processing file /home/airflow/.local/lib/python3.7/site-packages/airflow/example_dags/example_branch_python_dop_operator_3.py for tasks to queue
[2022-07-01 18:12:27,779] {logging_mixin.py:115} INFO - [2022-07-01 18:12:27,779] {dagbag.py:507} INFO - Filling up the DagBag from /home/airflow/.local/lib/python3.7/site-packages/airflow/example_dags/example_branch_python_dop_operator_3.py
[2022-07-01 18:12:27,820] {processor.py:651} INFO - DAG(s) dict_keys(['example_branch_dop_operator_v3']) retrieved from /home/airflow/.local/lib/python3.7/site-packages/airflow/example_dags/example_branch_python_dop_operator_3.py
[2022-07-01 18:12:27,924] {logging_mixin.py:115} INFO - [2022-07-01 18:12:27,924] {dag.py:2379} INFO - Sync 1 DAGs
[2022-07-01 18:12:27,979] {logging_mixin.py:115} INFO - [2022-07-01 18:12:27,978] {dag.py:2931} INFO - Setting next_dagrun for example_branch_dop_operator_v3 to 2022-07-01T18:11:00+00:00, run_after=2022-07-01T18:12:00+00:00
[2022-07-01 18:12:28,013] {processor.py:161} INFO - Processing /home/airflow/.local/lib/python3.7/site-packages/airflow/example_dags/example_branch_python_dop_operator_3.py took 0.246 seconds
