[2022-07-01 12:28:50,772] {processor.py:153} INFO - Started process (PID=59) to work on /home/airflow/.local/lib/python3.7/site-packages/airflow/example_dags/example_latest_only.py
[2022-07-01 12:28:50,777] {processor.py:641} INFO - Processing file /home/airflow/.local/lib/python3.7/site-packages/airflow/example_dags/example_latest_only.py for tasks to queue
[2022-07-01 12:28:50,783] {logging_mixin.py:115} INFO - [2022-07-01 12:28:50,783] {dagbag.py:507} INFO - Filling up the DagBag from /home/airflow/.local/lib/python3.7/site-packages/airflow/example_dags/example_latest_only.py
[2022-07-01 12:28:50,806] {processor.py:651} INFO - DAG(s) dict_keys(['latest_only']) retrieved from /home/airflow/.local/lib/python3.7/site-packages/airflow/example_dags/example_latest_only.py
[2022-07-01 12:28:50,864] {logging_mixin.py:115} INFO - [2022-07-01 12:28:50,864] {dag.py:2379} INFO - Sync 1 DAGs
[2022-07-01 12:28:50,901] {logging_mixin.py:115} INFO - [2022-07-01 12:28:50,900] {dag.py:2931} INFO - Setting next_dagrun for latest_only to 2022-07-01T08:28:50.900691+00:00, run_after=2022-07-01T12:28:50.900691+00:00
[2022-07-01 12:28:50,920] {processor.py:161} INFO - Processing /home/airflow/.local/lib/python3.7/site-packages/airflow/example_dags/example_latest_only.py took 0.154 seconds
[2022-07-01 12:29:21,091] {processor.py:153} INFO - Started process (PID=115) to work on /home/airflow/.local/lib/python3.7/site-packages/airflow/example_dags/example_latest_only.py
[2022-07-01 12:29:21,094] {processor.py:641} INFO - Processing file /home/airflow/.local/lib/python3.7/site-packages/airflow/example_dags/example_latest_only.py for tasks to queue
[2022-07-01 12:29:21,097] {logging_mixin.py:115} INFO - [2022-07-01 12:29:21,097] {dagbag.py:507} INFO - Filling up the DagBag from /home/airflow/.local/lib/python3.7/site-packages/airflow/example_dags/example_latest_only.py
[2022-07-01 12:29:21,116] {processor.py:651} INFO - DAG(s) dict_keys(['latest_only']) retrieved from /home/airflow/.local/lib/python3.7/site-packages/airflow/example_dags/example_latest_only.py
[2022-07-01 12:29:21,141] {logging_mixin.py:115} INFO - [2022-07-01 12:29:21,141] {dag.py:2379} INFO - Sync 1 DAGs
[2022-07-01 12:29:21,169] {logging_mixin.py:115} INFO - [2022-07-01 12:29:21,169] {dag.py:2931} INFO - Setting next_dagrun for latest_only to 2022-07-01T08:29:21.169536+00:00, run_after=2022-07-01T12:29:21.169536+00:00
[2022-07-01 12:29:21,185] {processor.py:161} INFO - Processing /home/airflow/.local/lib/python3.7/site-packages/airflow/example_dags/example_latest_only.py took 0.097 seconds
[2022-07-01 12:29:51,787] {processor.py:153} INFO - Started process (PID=179) to work on /home/airflow/.local/lib/python3.7/site-packages/airflow/example_dags/example_latest_only.py
[2022-07-01 12:29:51,791] {processor.py:641} INFO - Processing file /home/airflow/.local/lib/python3.7/site-packages/airflow/example_dags/example_latest_only.py for tasks to queue
[2022-07-01 12:29:51,793] {logging_mixin.py:115} INFO - [2022-07-01 12:29:51,793] {dagbag.py:507} INFO - Filling up the DagBag from /home/airflow/.local/lib/python3.7/site-packages/airflow/example_dags/example_latest_only.py
[2022-07-01 12:29:51,801] {processor.py:651} INFO - DAG(s) dict_keys(['latest_only']) retrieved from /home/airflow/.local/lib/python3.7/site-packages/airflow/example_dags/example_latest_only.py
[2022-07-01 12:29:51,840] {logging_mixin.py:115} INFO - [2022-07-01 12:29:51,840] {dag.py:2379} INFO - Sync 1 DAGs
[2022-07-01 12:29:51,868] {logging_mixin.py:115} INFO - [2022-07-01 12:29:51,868] {dag.py:2931} INFO - Setting next_dagrun for latest_only to 2022-07-01T08:29:51.868493+00:00, run_after=2022-07-01T12:29:51.868493+00:00
[2022-07-01 12:29:51,886] {processor.py:161} INFO - Processing /home/airflow/.local/lib/python3.7/site-packages/airflow/example_dags/example_latest_only.py took 0.101 seconds
[2022-07-01 12:30:22,586] {processor.py:153} INFO - Started process (PID=243) to work on /home/airflow/.local/lib/python3.7/site-packages/airflow/example_dags/example_latest_only.py
[2022-07-01 12:30:22,589] {processor.py:641} INFO - Processing file /home/airflow/.local/lib/python3.7/site-packages/airflow/example_dags/example_latest_only.py for tasks to queue
[2022-07-01 12:30:22,592] {logging_mixin.py:115} INFO - [2022-07-01 12:30:22,592] {dagbag.py:507} INFO - Filling up the DagBag from /home/airflow/.local/lib/python3.7/site-packages/airflow/example_dags/example_latest_only.py
[2022-07-01 12:30:22,599] {processor.py:651} INFO - DAG(s) dict_keys(['latest_only']) retrieved from /home/airflow/.local/lib/python3.7/site-packages/airflow/example_dags/example_latest_only.py
[2022-07-01 12:30:22,627] {logging_mixin.py:115} INFO - [2022-07-01 12:30:22,627] {dag.py:2379} INFO - Sync 1 DAGs
[2022-07-01 12:30:22,649] {logging_mixin.py:115} INFO - [2022-07-01 12:30:22,649] {dag.py:2931} INFO - Setting next_dagrun for latest_only to 2022-07-01T08:30:22.648897+00:00, run_after=2022-07-01T12:30:22.648897+00:00
[2022-07-01 12:30:22,664] {processor.py:161} INFO - Processing /home/airflow/.local/lib/python3.7/site-packages/airflow/example_dags/example_latest_only.py took 0.080 seconds
[2022-07-01 12:30:53,318] {processor.py:153} INFO - Started process (PID=308) to work on /home/airflow/.local/lib/python3.7/site-packages/airflow/example_dags/example_latest_only.py
[2022-07-01 12:30:53,323] {processor.py:641} INFO - Processing file /home/airflow/.local/lib/python3.7/site-packages/airflow/example_dags/example_latest_only.py for tasks to queue
[2022-07-01 12:30:53,325] {logging_mixin.py:115} INFO - [2022-07-01 12:30:53,325] {dagbag.py:507} INFO - Filling up the DagBag from /home/airflow/.local/lib/python3.7/site-packages/airflow/example_dags/example_latest_only.py
[2022-07-01 12:30:53,340] {processor.py:651} INFO - DAG(s) dict_keys(['latest_only']) retrieved from /home/airflow/.local/lib/python3.7/site-packages/airflow/example_dags/example_latest_only.py
[2022-07-01 12:30:53,378] {logging_mixin.py:115} INFO - [2022-07-01 12:30:53,378] {dag.py:2379} INFO - Sync 1 DAGs
[2022-07-01 12:30:53,424] {logging_mixin.py:115} INFO - [2022-07-01 12:30:53,423] {dag.py:2931} INFO - Setting next_dagrun for latest_only to 2022-07-01T08:30:53.423657+00:00, run_after=2022-07-01T12:30:53.423657+00:00
[2022-07-01 12:30:53,442] {processor.py:161} INFO - Processing /home/airflow/.local/lib/python3.7/site-packages/airflow/example_dags/example_latest_only.py took 0.126 seconds
[2022-07-01 12:31:23,834] {processor.py:153} INFO - Started process (PID=366) to work on /home/airflow/.local/lib/python3.7/site-packages/airflow/example_dags/example_latest_only.py
[2022-07-01 12:31:23,836] {processor.py:641} INFO - Processing file /home/airflow/.local/lib/python3.7/site-packages/airflow/example_dags/example_latest_only.py for tasks to queue
[2022-07-01 12:31:23,838] {logging_mixin.py:115} INFO - [2022-07-01 12:31:23,838] {dagbag.py:507} INFO - Filling up the DagBag from /home/airflow/.local/lib/python3.7/site-packages/airflow/example_dags/example_latest_only.py
[2022-07-01 12:31:23,847] {processor.py:651} INFO - DAG(s) dict_keys(['latest_only']) retrieved from /home/airflow/.local/lib/python3.7/site-packages/airflow/example_dags/example_latest_only.py
[2022-07-01 12:31:23,870] {logging_mixin.py:115} INFO - [2022-07-01 12:31:23,870] {dag.py:2379} INFO - Sync 1 DAGs
[2022-07-01 12:31:23,887] {logging_mixin.py:115} INFO - [2022-07-01 12:31:23,887] {dag.py:2931} INFO - Setting next_dagrun for latest_only to 2022-07-01T08:31:23.886824+00:00, run_after=2022-07-01T12:31:23.886824+00:00
[2022-07-01 12:31:23,895] {processor.py:161} INFO - Processing /home/airflow/.local/lib/python3.7/site-packages/airflow/example_dags/example_latest_only.py took 0.065 seconds
[2022-07-01 12:31:55,090] {processor.py:153} INFO - Started process (PID=431) to work on /home/airflow/.local/lib/python3.7/site-packages/airflow/example_dags/example_latest_only.py
[2022-07-01 12:31:55,091] {processor.py:641} INFO - Processing file /home/airflow/.local/lib/python3.7/site-packages/airflow/example_dags/example_latest_only.py for tasks to queue
[2022-07-01 12:31:55,093] {logging_mixin.py:115} INFO - [2022-07-01 12:31:55,092] {dagbag.py:507} INFO - Filling up the DagBag from /home/airflow/.local/lib/python3.7/site-packages/airflow/example_dags/example_latest_only.py
[2022-07-01 12:31:55,105] {processor.py:651} INFO - DAG(s) dict_keys(['latest_only']) retrieved from /home/airflow/.local/lib/python3.7/site-packages/airflow/example_dags/example_latest_only.py
[2022-07-01 12:31:55,130] {logging_mixin.py:115} INFO - [2022-07-01 12:31:55,130] {dag.py:2379} INFO - Sync 1 DAGs
[2022-07-01 12:31:55,152] {logging_mixin.py:115} INFO - [2022-07-01 12:31:55,152] {dag.py:2931} INFO - Setting next_dagrun for latest_only to 2022-07-01T08:31:55.151965+00:00, run_after=2022-07-01T12:31:55.151965+00:00
[2022-07-01 12:31:55,166] {processor.py:161} INFO - Processing /home/airflow/.local/lib/python3.7/site-packages/airflow/example_dags/example_latest_only.py took 0.079 seconds
[2022-07-01 12:32:25,767] {processor.py:153} INFO - Started process (PID=495) to work on /home/airflow/.local/lib/python3.7/site-packages/airflow/example_dags/example_latest_only.py
[2022-07-01 12:32:25,769] {processor.py:641} INFO - Processing file /home/airflow/.local/lib/python3.7/site-packages/airflow/example_dags/example_latest_only.py for tasks to queue
[2022-07-01 12:32:25,771] {logging_mixin.py:115} INFO - [2022-07-01 12:32:25,771] {dagbag.py:507} INFO - Filling up the DagBag from /home/airflow/.local/lib/python3.7/site-packages/airflow/example_dags/example_latest_only.py
[2022-07-01 12:32:25,787] {processor.py:651} INFO - DAG(s) dict_keys(['latest_only']) retrieved from /home/airflow/.local/lib/python3.7/site-packages/airflow/example_dags/example_latest_only.py
[2022-07-01 12:32:25,812] {logging_mixin.py:115} INFO - [2022-07-01 12:32:25,812] {dag.py:2379} INFO - Sync 1 DAGs
[2022-07-01 12:32:25,842] {logging_mixin.py:115} INFO - [2022-07-01 12:32:25,842] {dag.py:2931} INFO - Setting next_dagrun for latest_only to 2022-07-01T08:32:25.842742+00:00, run_after=2022-07-01T12:32:25.842742+00:00
[2022-07-01 12:32:25,856] {processor.py:161} INFO - Processing /home/airflow/.local/lib/python3.7/site-packages/airflow/example_dags/example_latest_only.py took 0.092 seconds
[2022-07-01 12:32:56,988] {processor.py:153} INFO - Started process (PID=559) to work on /home/airflow/.local/lib/python3.7/site-packages/airflow/example_dags/example_latest_only.py
[2022-07-01 12:32:56,990] {processor.py:641} INFO - Processing file /home/airflow/.local/lib/python3.7/site-packages/airflow/example_dags/example_latest_only.py for tasks to queue
[2022-07-01 12:32:56,992] {logging_mixin.py:115} INFO - [2022-07-01 12:32:56,992] {dagbag.py:507} INFO - Filling up the DagBag from /home/airflow/.local/lib/python3.7/site-packages/airflow/example_dags/example_latest_only.py
[2022-07-01 12:32:57,003] {processor.py:651} INFO - DAG(s) dict_keys(['latest_only']) retrieved from /home/airflow/.local/lib/python3.7/site-packages/airflow/example_dags/example_latest_only.py
[2022-07-01 12:32:57,038] {logging_mixin.py:115} INFO - [2022-07-01 12:32:57,038] {dag.py:2379} INFO - Sync 1 DAGs
[2022-07-01 12:32:57,075] {logging_mixin.py:115} INFO - [2022-07-01 12:32:57,075] {dag.py:2931} INFO - Setting next_dagrun for latest_only to 2022-07-01T08:32:57.074841+00:00, run_after=2022-07-01T12:32:57.074841+00:00
[2022-07-01 12:32:57,087] {processor.py:161} INFO - Processing /home/airflow/.local/lib/python3.7/site-packages/airflow/example_dags/example_latest_only.py took 0.102 seconds
[2022-07-01 12:33:27,526] {processor.py:153} INFO - Started process (PID=623) to work on /home/airflow/.local/lib/python3.7/site-packages/airflow/example_dags/example_latest_only.py
[2022-07-01 12:33:27,528] {processor.py:641} INFO - Processing file /home/airflow/.local/lib/python3.7/site-packages/airflow/example_dags/example_latest_only.py for tasks to queue
[2022-07-01 12:33:27,529] {logging_mixin.py:115} INFO - [2022-07-01 12:33:27,529] {dagbag.py:507} INFO - Filling up the DagBag from /home/airflow/.local/lib/python3.7/site-packages/airflow/example_dags/example_latest_only.py
[2022-07-01 12:33:27,536] {processor.py:651} INFO - DAG(s) dict_keys(['latest_only']) retrieved from /home/airflow/.local/lib/python3.7/site-packages/airflow/example_dags/example_latest_only.py
[2022-07-01 12:33:27,556] {logging_mixin.py:115} INFO - [2022-07-01 12:33:27,555] {dag.py:2379} INFO - Sync 1 DAGs
[2022-07-01 12:33:27,572] {logging_mixin.py:115} INFO - [2022-07-01 12:33:27,572] {dag.py:2931} INFO - Setting next_dagrun for latest_only to 2022-07-01T08:33:27.572488+00:00, run_after=2022-07-01T12:33:27.572488+00:00
[2022-07-01 12:33:27,584] {processor.py:161} INFO - Processing /home/airflow/.local/lib/python3.7/site-packages/airflow/example_dags/example_latest_only.py took 0.061 seconds
[2022-07-01 12:33:58,007] {processor.py:153} INFO - Started process (PID=679) to work on /home/airflow/.local/lib/python3.7/site-packages/airflow/example_dags/example_latest_only.py
[2022-07-01 12:33:58,009] {processor.py:641} INFO - Processing file /home/airflow/.local/lib/python3.7/site-packages/airflow/example_dags/example_latest_only.py for tasks to queue
[2022-07-01 12:33:58,010] {logging_mixin.py:115} INFO - [2022-07-01 12:33:58,010] {dagbag.py:507} INFO - Filling up the DagBag from /home/airflow/.local/lib/python3.7/site-packages/airflow/example_dags/example_latest_only.py
[2022-07-01 12:33:58,014] {processor.py:651} INFO - DAG(s) dict_keys(['latest_only']) retrieved from /home/airflow/.local/lib/python3.7/site-packages/airflow/example_dags/example_latest_only.py
[2022-07-01 12:33:58,036] {logging_mixin.py:115} INFO - [2022-07-01 12:33:58,035] {dag.py:2379} INFO - Sync 1 DAGs
[2022-07-01 12:33:58,053] {logging_mixin.py:115} INFO - [2022-07-01 12:33:58,053] {dag.py:2931} INFO - Setting next_dagrun for latest_only to 2022-07-01T08:33:58.053713+00:00, run_after=2022-07-01T12:33:58.053713+00:00
[2022-07-01 12:33:58,069] {processor.py:161} INFO - Processing /home/airflow/.local/lib/python3.7/site-packages/airflow/example_dags/example_latest_only.py took 0.064 seconds
[2022-07-01 12:34:28,577] {processor.py:153} INFO - Started process (PID=742) to work on /home/airflow/.local/lib/python3.7/site-packages/airflow/example_dags/example_latest_only.py
[2022-07-01 12:34:28,578] {processor.py:641} INFO - Processing file /home/airflow/.local/lib/python3.7/site-packages/airflow/example_dags/example_latest_only.py for tasks to queue
[2022-07-01 12:34:28,580] {logging_mixin.py:115} INFO - [2022-07-01 12:34:28,580] {dagbag.py:507} INFO - Filling up the DagBag from /home/airflow/.local/lib/python3.7/site-packages/airflow/example_dags/example_latest_only.py
[2022-07-01 12:34:28,584] {processor.py:651} INFO - DAG(s) dict_keys(['latest_only']) retrieved from /home/airflow/.local/lib/python3.7/site-packages/airflow/example_dags/example_latest_only.py
[2022-07-01 12:34:28,602] {logging_mixin.py:115} INFO - [2022-07-01 12:34:28,602] {dag.py:2379} INFO - Sync 1 DAGs
[2022-07-01 12:34:28,616] {logging_mixin.py:115} INFO - [2022-07-01 12:34:28,616] {dag.py:2931} INFO - Setting next_dagrun for latest_only to 2022-07-01T08:34:28.616220+00:00, run_after=2022-07-01T12:34:28.616220+00:00
[2022-07-01 12:34:28,625] {processor.py:161} INFO - Processing /home/airflow/.local/lib/python3.7/site-packages/airflow/example_dags/example_latest_only.py took 0.050 seconds
[2022-07-01 12:34:59,646] {processor.py:153} INFO - Started process (PID=807) to work on /home/airflow/.local/lib/python3.7/site-packages/airflow/example_dags/example_latest_only.py
[2022-07-01 12:34:59,648] {processor.py:641} INFO - Processing file /home/airflow/.local/lib/python3.7/site-packages/airflow/example_dags/example_latest_only.py for tasks to queue
[2022-07-01 12:34:59,650] {logging_mixin.py:115} INFO - [2022-07-01 12:34:59,650] {dagbag.py:507} INFO - Filling up the DagBag from /home/airflow/.local/lib/python3.7/site-packages/airflow/example_dags/example_latest_only.py
[2022-07-01 12:34:59,656] {processor.py:651} INFO - DAG(s) dict_keys(['latest_only']) retrieved from /home/airflow/.local/lib/python3.7/site-packages/airflow/example_dags/example_latest_only.py
[2022-07-01 12:34:59,690] {logging_mixin.py:115} INFO - [2022-07-01 12:34:59,689] {dag.py:2379} INFO - Sync 1 DAGs
[2022-07-01 12:34:59,715] {logging_mixin.py:115} INFO - [2022-07-01 12:34:59,715] {dag.py:2931} INFO - Setting next_dagrun for latest_only to 2022-07-01T08:34:59.715279+00:00, run_after=2022-07-01T12:34:59.715279+00:00
[2022-07-01 12:34:59,733] {processor.py:161} INFO - Processing /home/airflow/.local/lib/python3.7/site-packages/airflow/example_dags/example_latest_only.py took 0.089 seconds
[2022-07-01 12:35:30,366] {processor.py:153} INFO - Started process (PID=873) to work on /home/airflow/.local/lib/python3.7/site-packages/airflow/example_dags/example_latest_only.py
[2022-07-01 12:35:30,368] {processor.py:641} INFO - Processing file /home/airflow/.local/lib/python3.7/site-packages/airflow/example_dags/example_latest_only.py for tasks to queue
[2022-07-01 12:35:30,369] {logging_mixin.py:115} INFO - [2022-07-01 12:35:30,369] {dagbag.py:507} INFO - Filling up the DagBag from /home/airflow/.local/lib/python3.7/site-packages/airflow/example_dags/example_latest_only.py
[2022-07-01 12:35:30,375] {processor.py:651} INFO - DAG(s) dict_keys(['latest_only']) retrieved from /home/airflow/.local/lib/python3.7/site-packages/airflow/example_dags/example_latest_only.py
[2022-07-01 12:35:30,406] {logging_mixin.py:115} INFO - [2022-07-01 12:35:30,406] {dag.py:2379} INFO - Sync 1 DAGs
[2022-07-01 12:35:30,447] {logging_mixin.py:115} INFO - [2022-07-01 12:35:30,447] {dag.py:2931} INFO - Setting next_dagrun for latest_only to 2022-07-01T08:35:30.447165+00:00, run_after=2022-07-01T12:35:30.447165+00:00
[2022-07-01 12:35:30,462] {processor.py:161} INFO - Processing /home/airflow/.local/lib/python3.7/site-packages/airflow/example_dags/example_latest_only.py took 0.103 seconds
[2022-07-01 17:12:08,133] {processor.py:153} INFO - Started process (PID=60) to work on /home/airflow/.local/lib/python3.7/site-packages/airflow/example_dags/example_latest_only.py
[2022-07-01 17:12:08,138] {processor.py:641} INFO - Processing file /home/airflow/.local/lib/python3.7/site-packages/airflow/example_dags/example_latest_only.py for tasks to queue
[2022-07-01 17:12:08,140] {logging_mixin.py:115} INFO - [2022-07-01 17:12:08,140] {dagbag.py:507} INFO - Filling up the DagBag from /home/airflow/.local/lib/python3.7/site-packages/airflow/example_dags/example_latest_only.py
[2022-07-01 17:12:08,145] {processor.py:651} INFO - DAG(s) dict_keys(['latest_only']) retrieved from /home/airflow/.local/lib/python3.7/site-packages/airflow/example_dags/example_latest_only.py
[2022-07-01 17:12:08,181] {logging_mixin.py:115} INFO - [2022-07-01 17:12:08,181] {dag.py:2379} INFO - Sync 1 DAGs
[2022-07-01 17:12:08,204] {logging_mixin.py:115} INFO - [2022-07-01 17:12:08,204] {dag.py:2931} INFO - Setting next_dagrun for latest_only to 2022-07-01T13:12:08.204212+00:00, run_after=2022-07-01T17:12:08.204212+00:00
[2022-07-01 17:12:08,217] {processor.py:161} INFO - Processing /home/airflow/.local/lib/python3.7/site-packages/airflow/example_dags/example_latest_only.py took 0.086 seconds
[2022-07-01 18:12:27,183] {processor.py:153} INFO - Started process (PID=59) to work on /home/airflow/.local/lib/python3.7/site-packages/airflow/example_dags/example_latest_only.py
[2022-07-01 18:12:27,185] {processor.py:641} INFO - Processing file /home/airflow/.local/lib/python3.7/site-packages/airflow/example_dags/example_latest_only.py for tasks to queue
[2022-07-01 18:12:27,187] {logging_mixin.py:115} INFO - [2022-07-01 18:12:27,187] {dagbag.py:507} INFO - Filling up the DagBag from /home/airflow/.local/lib/python3.7/site-packages/airflow/example_dags/example_latest_only.py
[2022-07-01 18:12:27,209] {processor.py:651} INFO - DAG(s) dict_keys(['latest_only']) retrieved from /home/airflow/.local/lib/python3.7/site-packages/airflow/example_dags/example_latest_only.py
[2022-07-01 18:12:27,272] {logging_mixin.py:115} INFO - [2022-07-01 18:12:27,272] {dag.py:2379} INFO - Sync 1 DAGs
[2022-07-01 18:12:27,377] {logging_mixin.py:115} INFO - [2022-07-01 18:12:27,377] {dag.py:2931} INFO - Setting next_dagrun for latest_only to 2022-07-01T14:12:27.376802+00:00, run_after=2022-07-01T18:12:27.376802+00:00
[2022-07-01 18:12:27,459] {processor.py:161} INFO - Processing /home/airflow/.local/lib/python3.7/site-packages/airflow/example_dags/example_latest_only.py took 0.287 seconds
