[2022-11-02 18:23:42,209] {taskinstance.py:1159} INFO - Dependencies all met for <TaskInstance: tutorial_request.bronze_senators manual__2022-11-02T18:23:41.399754+00:00 [queued]>
[2022-11-02 18:23:42,218] {taskinstance.py:1159} INFO - Dependencies all met for <TaskInstance: tutorial_request.bronze_senators manual__2022-11-02T18:23:41.399754+00:00 [queued]>
[2022-11-02 18:23:42,226] {taskinstance.py:1356} INFO - 
--------------------------------------------------------------------------------
[2022-11-02 18:23:42,228] {taskinstance.py:1357} INFO - Starting attempt 1 of 2
[2022-11-02 18:23:42,230] {taskinstance.py:1358} INFO - 
--------------------------------------------------------------------------------
[2022-11-02 18:23:42,244] {taskinstance.py:1377} INFO - Executing <Task(HttpSensor): bronze_senators> on 2022-11-02 18:23:41.399754+00:00
[2022-11-02 18:23:42,249] {standard_task_runner.py:52} INFO - Started process 71 to run task
[2022-11-02 18:23:42,253] {standard_task_runner.py:79} INFO - Running: ['***', 'tasks', 'run', 'tutorial_request', 'bronze_senators', 'manual__2022-11-02T18:23:41.399754+00:00', '--job-id', '19', '--raw', '--subdir', 'DAGS_FOLDER/hello.py', '--cfg-path', '/tmp/tmp4tk_eqoh', '--error-file', '/tmp/tmp9x9q1wdu']
[2022-11-02 18:23:42,255] {standard_task_runner.py:80} INFO - Job 19: Subtask bronze_senators
[2022-11-02 18:23:42,314] {task_command.py:370} INFO - Running <TaskInstance: tutorial_request.bronze_senators manual__2022-11-02T18:23:41.399754+00:00 [running]> on host dc5857352665
[2022-11-02 18:23:42,371] {taskinstance.py:1571} INFO - Exporting the following env vars:
AIRFLOW_CTX_DAG_EMAIL=***@example.com
AIRFLOW_CTX_DAG_OWNER=***
AIRFLOW_CTX_DAG_ID=tutorial_request
AIRFLOW_CTX_TASK_ID=bronze_senators
AIRFLOW_CTX_EXECUTION_DATE=2022-11-02T18:23:41.399754+00:00
AIRFLOW_CTX_TRY_NUMBER=1
AIRFLOW_CTX_DAG_RUN_ID=manual__2022-11-02T18:23:41.399754+00:00
[2022-11-02 18:23:42,373] {http.py:97} INFO - Poking: /extract/senators
[2022-11-02 18:23:42,385] {base.py:68} INFO - Using connection ID 'request_lakehouse' for task execution.
[2022-11-02 18:23:42,389] {http.py:129} INFO - Sending 'GET' to url: http://host.docker.internal:80/extract/senators
[2022-11-02 18:23:49,706] {logging_mixin.py:115} INFO - RESPONSE <Response [200]>
[2022-11-02 18:23:49,707] {hello.py:15} INFO - REQUEST SUCCESS
[2022-11-02 18:23:49,708] {base.py:301} INFO - Success criteria met. Exiting.
[2022-11-02 18:23:49,723] {taskinstance.py:1400} INFO - Marking task as SUCCESS. dag_id=tutorial_request, task_id=bronze_senators, execution_date=20221102T182341, start_date=20221102T182342, end_date=20221102T182349
[2022-11-02 18:23:49,751] {local_task_job.py:156} INFO - Task exited with return code 0
[2022-11-02 18:23:49,786] {local_task_job.py:273} INFO - 1 downstream tasks scheduled from follow-on schedule check
