[2022-06-14 22:24:20,994] {taskinstance.py:1159} INFO - Dependencies all met for <TaskInstance: tutorial_request.print_date scheduled__2022-06-13T22:24:13.429229+00:00 [queued]>
[2022-06-14 22:24:21,006] {taskinstance.py:1159} INFO - Dependencies all met for <TaskInstance: tutorial_request.print_date scheduled__2022-06-13T22:24:13.429229+00:00 [queued]>
[2022-06-14 22:24:21,007] {taskinstance.py:1356} INFO - 
--------------------------------------------------------------------------------
[2022-06-14 22:24:21,008] {taskinstance.py:1357} INFO - Starting attempt 1 of 2
[2022-06-14 22:24:21,009] {taskinstance.py:1358} INFO - 
--------------------------------------------------------------------------------
[2022-06-14 22:24:21,021] {taskinstance.py:1377} INFO - Executing <Task(BashOperator): print_date> on 2022-06-13 22:24:13.429229+00:00
[2022-06-14 22:24:21,028] {standard_task_runner.py:52} INFO - Started process 7481 to run task
[2022-06-14 22:24:21,049] {standard_task_runner.py:79} INFO - Running: ['***', 'tasks', 'run', 'tutorial_request', 'print_date', 'scheduled__2022-06-13T22:24:13.429229+00:00', '--job-id', '28', '--raw', '--subdir', 'DAGS_FOLDER/hello.py', '--cfg-path', '/tmp/tmp9f0huw0d', '--error-file', '/tmp/tmph6woa589']
[2022-06-14 22:24:21,052] {standard_task_runner.py:80} INFO - Job 28: Subtask print_date
[2022-06-14 22:24:21,119] {task_command.py:370} INFO - Running <TaskInstance: tutorial_request.print_date scheduled__2022-06-13T22:24:13.429229+00:00 [running]> on host c19de67e094a
[2022-06-14 22:24:21,187] {taskinstance.py:1571} INFO - Exporting the following env vars:
AIRFLOW_CTX_DAG_EMAIL=***@example.com
AIRFLOW_CTX_DAG_OWNER=***
AIRFLOW_CTX_DAG_ID=tutorial_request
AIRFLOW_CTX_TASK_ID=print_date
AIRFLOW_CTX_EXECUTION_DATE=2022-06-13T22:24:13.429229+00:00
AIRFLOW_CTX_TRY_NUMBER=1
AIRFLOW_CTX_DAG_RUN_ID=scheduled__2022-06-13T22:24:13.429229+00:00
[2022-06-14 22:24:21,189] {subprocess.py:62} INFO - Tmp dir root location: 
 /tmp
[2022-06-14 22:24:21,190] {subprocess.py:74} INFO - Running command: ['bash', '-c', 'date']
[2022-06-14 22:24:21,202] {subprocess.py:85} INFO - Output:
[2022-06-14 22:24:21,204] {subprocess.py:92} INFO - Tue Jun 14 22:24:21 UTC 2022
[2022-06-14 22:24:21,205] {subprocess.py:96} INFO - Command exited with return code 0
[2022-06-14 22:24:21,226] {taskinstance.py:1400} INFO - Marking task as SUCCESS. dag_id=tutorial_request, task_id=print_date, execution_date=20220613T222413, start_date=20220614T222420, end_date=20220614T222421
[2022-06-14 22:24:21,255] {local_task_job.py:156} INFO - Task exited with return code 0
[2022-06-14 22:24:21,288] {local_task_job.py:273} INFO - 1 downstream tasks scheduled from follow-on schedule check
