[2022-07-11 09:15:12,119] {taskinstance.py:1159} INFO - Dependencies all met for <TaskInstance: tutorial_request.print_date scheduled__2022-07-10T09:15:10.559320+00:00 [queued]>
[2022-07-11 09:15:12,126] {taskinstance.py:1159} INFO - Dependencies all met for <TaskInstance: tutorial_request.print_date scheduled__2022-07-10T09:15:10.559320+00:00 [queued]>
[2022-07-11 09:15:12,127] {taskinstance.py:1356} INFO - 
--------------------------------------------------------------------------------
[2022-07-11 09:15:12,128] {taskinstance.py:1357} INFO - Starting attempt 1 of 2
[2022-07-11 09:15:12,129] {taskinstance.py:1358} INFO - 
--------------------------------------------------------------------------------
[2022-07-11 09:15:12,139] {taskinstance.py:1377} INFO - Executing <Task(BashOperator): print_date> on 2022-07-10 09:15:10.559320+00:00
[2022-07-11 09:15:12,145] {standard_task_runner.py:52} INFO - Started process 330 to run task
[2022-07-11 09:15:12,147] {standard_task_runner.py:79} INFO - Running: ['***', 'tasks', 'run', 'tutorial_request', 'print_date', 'scheduled__2022-07-10T09:15:10.559320+00:00', '--job-id', '183', '--raw', '--subdir', 'DAGS_FOLDER/hello.py', '--cfg-path', '/tmp/tmpyx8dym5u', '--error-file', '/tmp/tmp333wwgj_']
[2022-07-11 09:15:12,149] {standard_task_runner.py:80} INFO - Job 183: Subtask print_date
[2022-07-11 09:15:12,204] {task_command.py:370} INFO - Running <TaskInstance: tutorial_request.print_date scheduled__2022-07-10T09:15:10.559320+00:00 [running]> on host 3b9da1961faf
[2022-07-11 09:15:12,255] {taskinstance.py:1571} INFO - Exporting the following env vars:
AIRFLOW_CTX_DAG_EMAIL=***@example.com
AIRFLOW_CTX_DAG_OWNER=***
AIRFLOW_CTX_DAG_ID=tutorial_request
AIRFLOW_CTX_TASK_ID=print_date
AIRFLOW_CTX_EXECUTION_DATE=2022-07-10T09:15:10.559320+00:00
AIRFLOW_CTX_TRY_NUMBER=1
AIRFLOW_CTX_DAG_RUN_ID=scheduled__2022-07-10T09:15:10.559320+00:00
[2022-07-11 09:15:12,261] {subprocess.py:62} INFO - Tmp dir root location: 
 /tmp
[2022-07-11 09:15:12,263] {subprocess.py:74} INFO - Running command: ['bash', '-c', 'date']
[2022-07-11 09:15:12,273] {subprocess.py:85} INFO - Output:
[2022-07-11 09:15:12,277] {subprocess.py:92} INFO - Mon Jul 11 09:15:12 UTC 2022
[2022-07-11 09:15:12,278] {subprocess.py:96} INFO - Command exited with return code 0
[2022-07-11 09:15:12,405] {taskinstance.py:1400} INFO - Marking task as SUCCESS. dag_id=tutorial_request, task_id=print_date, execution_date=20220710T091510, start_date=20220711T091512, end_date=20220711T091512
[2022-07-11 09:15:12,458] {local_task_job.py:156} INFO - Task exited with return code 0
[2022-07-11 09:15:12,489] {local_task_job.py:273} INFO - 1 downstream tasks scheduled from follow-on schedule check
