[2022-06-27 15:31:31,295] {processor.py:153} INFO - Started process (PID=34) to work on /opt/airflow/dags/operators/request/senators.py
[2022-06-27 15:31:31,298] {processor.py:641} INFO - Processing file /opt/airflow/dags/operators/request/senators.py for tasks to queue
[2022-06-27 15:31:31,305] {logging_mixin.py:115} INFO - [2022-06-27 15:31:31,305] {dagbag.py:507} INFO - Filling up the DagBag from /opt/airflow/dags/operators/request/senators.py
[2022-06-27 15:31:32,682] {processor.py:653} WARNING - No viable dags retrieved from /opt/airflow/dags/operators/request/senators.py
[2022-06-27 15:31:32,729] {processor.py:161} INFO - Processing /opt/airflow/dags/operators/request/senators.py took 1.436 seconds
[2022-06-27 15:32:03,095] {processor.py:153} INFO - Started process (PID=97) to work on /opt/airflow/dags/operators/request/senators.py
[2022-06-27 15:32:03,099] {processor.py:641} INFO - Processing file /opt/airflow/dags/operators/request/senators.py for tasks to queue
[2022-06-27 15:32:03,103] {logging_mixin.py:115} INFO - [2022-06-27 15:32:03,103] {dagbag.py:507} INFO - Filling up the DagBag from /opt/airflow/dags/operators/request/senators.py
[2022-06-27 15:32:03,478] {processor.py:653} WARNING - No viable dags retrieved from /opt/airflow/dags/operators/request/senators.py
[2022-06-27 15:32:03,495] {processor.py:161} INFO - Processing /opt/airflow/dags/operators/request/senators.py took 0.401 seconds
[2022-06-27 15:32:33,940] {processor.py:153} INFO - Started process (PID=162) to work on /opt/airflow/dags/operators/request/senators.py
[2022-06-27 15:32:33,943] {processor.py:641} INFO - Processing file /opt/airflow/dags/operators/request/senators.py for tasks to queue
[2022-06-27 15:32:33,945] {logging_mixin.py:115} INFO - [2022-06-27 15:32:33,945] {dagbag.py:507} INFO - Filling up the DagBag from /opt/airflow/dags/operators/request/senators.py
[2022-06-27 15:32:34,618] {processor.py:653} WARNING - No viable dags retrieved from /opt/airflow/dags/operators/request/senators.py
[2022-06-27 15:32:34,669] {processor.py:161} INFO - Processing /opt/airflow/dags/operators/request/senators.py took 0.730 seconds
[2022-06-27 15:33:04,916] {processor.py:153} INFO - Started process (PID=228) to work on /opt/airflow/dags/operators/request/senators.py
[2022-06-27 15:33:04,918] {processor.py:641} INFO - Processing file /opt/airflow/dags/operators/request/senators.py for tasks to queue
[2022-06-27 15:33:04,920] {logging_mixin.py:115} INFO - [2022-06-27 15:33:04,920] {dagbag.py:507} INFO - Filling up the DagBag from /opt/airflow/dags/operators/request/senators.py
[2022-06-27 15:33:05,702] {processor.py:653} WARNING - No viable dags retrieved from /opt/airflow/dags/operators/request/senators.py
[2022-06-27 15:33:05,725] {processor.py:161} INFO - Processing /opt/airflow/dags/operators/request/senators.py took 0.812 seconds
[2022-06-27 15:33:35,819] {processor.py:153} INFO - Started process (PID=288) to work on /opt/airflow/dags/operators/request/senators.py
[2022-06-27 15:33:35,820] {processor.py:641} INFO - Processing file /opt/airflow/dags/operators/request/senators.py for tasks to queue
[2022-06-27 15:33:35,822] {logging_mixin.py:115} INFO - [2022-06-27 15:33:35,822] {dagbag.py:507} INFO - Filling up the DagBag from /opt/airflow/dags/operators/request/senators.py
[2022-06-27 15:33:36,209] {processor.py:653} WARNING - No viable dags retrieved from /opt/airflow/dags/operators/request/senators.py
[2022-06-27 15:33:36,225] {processor.py:161} INFO - Processing /opt/airflow/dags/operators/request/senators.py took 0.408 seconds
[2022-06-27 15:34:07,100] {processor.py:153} INFO - Started process (PID=354) to work on /opt/airflow/dags/operators/request/senators.py
[2022-06-27 15:34:07,102] {processor.py:641} INFO - Processing file /opt/airflow/dags/operators/request/senators.py for tasks to queue
[2022-06-27 15:34:07,104] {logging_mixin.py:115} INFO - [2022-06-27 15:34:07,104] {dagbag.py:507} INFO - Filling up the DagBag from /opt/airflow/dags/operators/request/senators.py
[2022-06-27 15:34:07,895] {processor.py:653} WARNING - No viable dags retrieved from /opt/airflow/dags/operators/request/senators.py
[2022-06-27 15:34:07,908] {processor.py:161} INFO - Processing /opt/airflow/dags/operators/request/senators.py took 0.810 seconds
[2022-06-27 15:34:38,129] {processor.py:153} INFO - Started process (PID=423) to work on /opt/airflow/dags/operators/request/senators.py
[2022-06-27 15:34:38,154] {processor.py:641} INFO - Processing file /opt/airflow/dags/operators/request/senators.py for tasks to queue
[2022-06-27 15:34:38,159] {logging_mixin.py:115} INFO - [2022-06-27 15:34:38,159] {dagbag.py:507} INFO - Filling up the DagBag from /opt/airflow/dags/operators/request/senators.py
[2022-06-27 15:34:39,203] {processor.py:653} WARNING - No viable dags retrieved from /opt/airflow/dags/operators/request/senators.py
[2022-06-27 15:34:39,227] {processor.py:161} INFO - Processing /opt/airflow/dags/operators/request/senators.py took 1.103 seconds
[2022-06-27 15:35:09,678] {processor.py:153} INFO - Started process (PID=481) to work on /opt/airflow/dags/operators/request/senators.py
[2022-06-27 15:35:09,681] {processor.py:641} INFO - Processing file /opt/airflow/dags/operators/request/senators.py for tasks to queue
[2022-06-27 15:35:09,683] {logging_mixin.py:115} INFO - [2022-06-27 15:35:09,683] {dagbag.py:507} INFO - Filling up the DagBag from /opt/airflow/dags/operators/request/senators.py
[2022-06-27 15:35:10,174] {processor.py:653} WARNING - No viable dags retrieved from /opt/airflow/dags/operators/request/senators.py
[2022-06-27 15:35:10,198] {processor.py:161} INFO - Processing /opt/airflow/dags/operators/request/senators.py took 0.523 seconds
[2022-06-27 15:35:40,871] {processor.py:153} INFO - Started process (PID=547) to work on /opt/airflow/dags/operators/request/senators.py
[2022-06-27 15:35:40,872] {processor.py:641} INFO - Processing file /opt/airflow/dags/operators/request/senators.py for tasks to queue
[2022-06-27 15:35:40,874] {logging_mixin.py:115} INFO - [2022-06-27 15:35:40,874] {dagbag.py:507} INFO - Filling up the DagBag from /opt/airflow/dags/operators/request/senators.py
[2022-06-27 15:35:41,377] {processor.py:653} WARNING - No viable dags retrieved from /opt/airflow/dags/operators/request/senators.py
[2022-06-27 15:35:41,394] {processor.py:161} INFO - Processing /opt/airflow/dags/operators/request/senators.py took 0.527 seconds
[2022-06-27 15:36:11,588] {processor.py:153} INFO - Started process (PID=611) to work on /opt/airflow/dags/operators/request/senators.py
[2022-06-27 15:36:11,591] {processor.py:641} INFO - Processing file /opt/airflow/dags/operators/request/senators.py for tasks to queue
[2022-06-27 15:36:11,593] {logging_mixin.py:115} INFO - [2022-06-27 15:36:11,593] {dagbag.py:507} INFO - Filling up the DagBag from /opt/airflow/dags/operators/request/senators.py
[2022-06-27 15:36:11,924] {processor.py:653} WARNING - No viable dags retrieved from /opt/airflow/dags/operators/request/senators.py
[2022-06-27 15:36:11,972] {processor.py:161} INFO - Processing /opt/airflow/dags/operators/request/senators.py took 0.386 seconds
[2022-06-27 15:36:42,140] {processor.py:153} INFO - Started process (PID=676) to work on /opt/airflow/dags/operators/request/senators.py
[2022-06-27 15:36:42,142] {processor.py:641} INFO - Processing file /opt/airflow/dags/operators/request/senators.py for tasks to queue
[2022-06-27 15:36:42,146] {logging_mixin.py:115} INFO - [2022-06-27 15:36:42,146] {dagbag.py:507} INFO - Filling up the DagBag from /opt/airflow/dags/operators/request/senators.py
[2022-06-27 15:36:42,806] {processor.py:653} WARNING - No viable dags retrieved from /opt/airflow/dags/operators/request/senators.py
[2022-06-27 15:36:42,818] {processor.py:161} INFO - Processing /opt/airflow/dags/operators/request/senators.py took 0.681 seconds
[2022-06-27 15:37:13,309] {processor.py:153} INFO - Started process (PID=731) to work on /opt/airflow/dags/operators/request/senators.py
[2022-06-27 15:37:13,311] {processor.py:641} INFO - Processing file /opt/airflow/dags/operators/request/senators.py for tasks to queue
[2022-06-27 15:37:13,313] {logging_mixin.py:115} INFO - [2022-06-27 15:37:13,313] {dagbag.py:507} INFO - Filling up the DagBag from /opt/airflow/dags/operators/request/senators.py
[2022-06-27 15:37:13,719] {processor.py:653} WARNING - No viable dags retrieved from /opt/airflow/dags/operators/request/senators.py
[2022-06-27 15:37:13,737] {processor.py:161} INFO - Processing /opt/airflow/dags/operators/request/senators.py took 0.431 seconds
[2022-06-27 15:37:43,840] {processor.py:153} INFO - Started process (PID=796) to work on /opt/airflow/dags/operators/request/senators.py
[2022-06-27 15:37:43,841] {processor.py:641} INFO - Processing file /opt/airflow/dags/operators/request/senators.py for tasks to queue
[2022-06-27 15:37:43,842] {logging_mixin.py:115} INFO - [2022-06-27 15:37:43,842] {dagbag.py:507} INFO - Filling up the DagBag from /opt/airflow/dags/operators/request/senators.py
[2022-06-27 15:37:44,120] {processor.py:653} WARNING - No viable dags retrieved from /opt/airflow/dags/operators/request/senators.py
[2022-06-27 15:37:44,146] {processor.py:161} INFO - Processing /opt/airflow/dags/operators/request/senators.py took 0.308 seconds
[2022-06-27 15:38:14,362] {processor.py:153} INFO - Started process (PID=861) to work on /opt/airflow/dags/operators/request/senators.py
[2022-06-27 15:38:14,376] {processor.py:641} INFO - Processing file /opt/airflow/dags/operators/request/senators.py for tasks to queue
[2022-06-27 15:38:14,378] {logging_mixin.py:115} INFO - [2022-06-27 15:38:14,378] {dagbag.py:507} INFO - Filling up the DagBag from /opt/airflow/dags/operators/request/senators.py
[2022-06-27 15:38:14,706] {processor.py:653} WARNING - No viable dags retrieved from /opt/airflow/dags/operators/request/senators.py
[2022-06-27 15:38:14,723] {processor.py:161} INFO - Processing /opt/airflow/dags/operators/request/senators.py took 0.363 seconds
[2022-06-27 15:38:45,562] {processor.py:153} INFO - Started process (PID=925) to work on /opt/airflow/dags/operators/request/senators.py
[2022-06-27 15:38:45,565] {processor.py:641} INFO - Processing file /opt/airflow/dags/operators/request/senators.py for tasks to queue
[2022-06-27 15:38:45,567] {logging_mixin.py:115} INFO - [2022-06-27 15:38:45,567] {dagbag.py:507} INFO - Filling up the DagBag from /opt/airflow/dags/operators/request/senators.py
[2022-06-27 15:38:45,832] {processor.py:653} WARNING - No viable dags retrieved from /opt/airflow/dags/operators/request/senators.py
[2022-06-27 15:38:45,843] {processor.py:161} INFO - Processing /opt/airflow/dags/operators/request/senators.py took 0.286 seconds
[2022-06-27 15:39:15,902] {processor.py:153} INFO - Started process (PID=989) to work on /opt/airflow/dags/operators/request/senators.py
[2022-06-27 15:39:15,903] {processor.py:641} INFO - Processing file /opt/airflow/dags/operators/request/senators.py for tasks to queue
[2022-06-27 15:39:15,904] {logging_mixin.py:115} INFO - [2022-06-27 15:39:15,904] {dagbag.py:507} INFO - Filling up the DagBag from /opt/airflow/dags/operators/request/senators.py
[2022-06-27 15:39:16,109] {processor.py:653} WARNING - No viable dags retrieved from /opt/airflow/dags/operators/request/senators.py
[2022-06-27 15:39:16,117] {processor.py:161} INFO - Processing /opt/airflow/dags/operators/request/senators.py took 0.218 seconds
[2022-06-27 15:39:46,393] {processor.py:153} INFO - Started process (PID=1046) to work on /opt/airflow/dags/operators/request/senators.py
[2022-06-27 15:39:46,395] {processor.py:641} INFO - Processing file /opt/airflow/dags/operators/request/senators.py for tasks to queue
[2022-06-27 15:39:46,397] {logging_mixin.py:115} INFO - [2022-06-27 15:39:46,397] {dagbag.py:507} INFO - Filling up the DagBag from /opt/airflow/dags/operators/request/senators.py
[2022-06-27 15:39:46,673] {processor.py:653} WARNING - No viable dags retrieved from /opt/airflow/dags/operators/request/senators.py
[2022-06-27 15:39:46,691] {processor.py:161} INFO - Processing /opt/airflow/dags/operators/request/senators.py took 0.299 seconds
[2022-06-27 15:40:16,828] {processor.py:153} INFO - Started process (PID=1112) to work on /opt/airflow/dags/operators/request/senators.py
[2022-06-27 15:40:16,831] {processor.py:641} INFO - Processing file /opt/airflow/dags/operators/request/senators.py for tasks to queue
[2022-06-27 15:40:16,832] {logging_mixin.py:115} INFO - [2022-06-27 15:40:16,832] {dagbag.py:507} INFO - Filling up the DagBag from /opt/airflow/dags/operators/request/senators.py
[2022-06-27 15:40:17,116] {processor.py:653} WARNING - No viable dags retrieved from /opt/airflow/dags/operators/request/senators.py
[2022-06-27 15:40:17,125] {processor.py:161} INFO - Processing /opt/airflow/dags/operators/request/senators.py took 0.299 seconds
[2022-06-27 15:40:47,303] {processor.py:153} INFO - Started process (PID=1175) to work on /opt/airflow/dags/operators/request/senators.py
[2022-06-27 15:40:47,304] {processor.py:641} INFO - Processing file /opt/airflow/dags/operators/request/senators.py for tasks to queue
[2022-06-27 15:40:47,306] {logging_mixin.py:115} INFO - [2022-06-27 15:40:47,306] {dagbag.py:507} INFO - Filling up the DagBag from /opt/airflow/dags/operators/request/senators.py
[2022-06-27 15:40:47,531] {processor.py:653} WARNING - No viable dags retrieved from /opt/airflow/dags/operators/request/senators.py
[2022-06-27 15:40:47,544] {processor.py:161} INFO - Processing /opt/airflow/dags/operators/request/senators.py took 0.244 seconds
[2022-06-27 15:41:18,418] {processor.py:153} INFO - Started process (PID=1240) to work on /opt/airflow/dags/operators/request/senators.py
[2022-06-27 15:41:18,426] {processor.py:641} INFO - Processing file /opt/airflow/dags/operators/request/senators.py for tasks to queue
[2022-06-27 15:41:18,429] {logging_mixin.py:115} INFO - [2022-06-27 15:41:18,429] {dagbag.py:507} INFO - Filling up the DagBag from /opt/airflow/dags/operators/request/senators.py
[2022-06-27 15:41:19,116] {processor.py:653} WARNING - No viable dags retrieved from /opt/airflow/dags/operators/request/senators.py
[2022-06-27 15:41:19,136] {processor.py:161} INFO - Processing /opt/airflow/dags/operators/request/senators.py took 0.720 seconds
[2022-06-27 15:41:49,578] {processor.py:153} INFO - Started process (PID=1303) to work on /opt/airflow/dags/operators/request/senators.py
[2022-06-27 15:41:49,580] {processor.py:641} INFO - Processing file /opt/airflow/dags/operators/request/senators.py for tasks to queue
[2022-06-27 15:41:49,581] {logging_mixin.py:115} INFO - [2022-06-27 15:41:49,581] {dagbag.py:507} INFO - Filling up the DagBag from /opt/airflow/dags/operators/request/senators.py
[2022-06-27 15:41:49,832] {processor.py:653} WARNING - No viable dags retrieved from /opt/airflow/dags/operators/request/senators.py
[2022-06-27 15:41:49,844] {processor.py:161} INFO - Processing /opt/airflow/dags/operators/request/senators.py took 0.269 seconds
[2022-06-27 15:42:19,922] {processor.py:153} INFO - Started process (PID=1367) to work on /opt/airflow/dags/operators/request/senators.py
[2022-06-27 15:42:19,924] {processor.py:641} INFO - Processing file /opt/airflow/dags/operators/request/senators.py for tasks to queue
[2022-06-27 15:42:19,925] {logging_mixin.py:115} INFO - [2022-06-27 15:42:19,925] {dagbag.py:507} INFO - Filling up the DagBag from /opt/airflow/dags/operators/request/senators.py
[2022-06-27 15:42:20,135] {processor.py:653} WARNING - No viable dags retrieved from /opt/airflow/dags/operators/request/senators.py
[2022-06-27 15:42:20,154] {processor.py:161} INFO - Processing /opt/airflow/dags/operators/request/senators.py took 0.233 seconds
[2022-06-27 15:42:50,934] {processor.py:153} INFO - Started process (PID=1433) to work on /opt/airflow/dags/operators/request/senators.py
[2022-06-27 15:42:50,935] {processor.py:641} INFO - Processing file /opt/airflow/dags/operators/request/senators.py for tasks to queue
[2022-06-27 15:42:50,936] {logging_mixin.py:115} INFO - [2022-06-27 15:42:50,936] {dagbag.py:507} INFO - Filling up the DagBag from /opt/airflow/dags/operators/request/senators.py
[2022-06-27 15:42:51,165] {processor.py:653} WARNING - No viable dags retrieved from /opt/airflow/dags/operators/request/senators.py
[2022-06-27 15:42:51,182] {processor.py:161} INFO - Processing /opt/airflow/dags/operators/request/senators.py took 0.250 seconds
[2022-06-27 15:43:21,900] {processor.py:153} INFO - Started process (PID=1488) to work on /opt/airflow/dags/operators/request/senators.py
[2022-06-27 15:43:21,903] {processor.py:641} INFO - Processing file /opt/airflow/dags/operators/request/senators.py for tasks to queue
[2022-06-27 15:43:21,905] {logging_mixin.py:115} INFO - [2022-06-27 15:43:21,905] {dagbag.py:507} INFO - Filling up the DagBag from /opt/airflow/dags/operators/request/senators.py
[2022-06-27 15:43:22,181] {processor.py:653} WARNING - No viable dags retrieved from /opt/airflow/dags/operators/request/senators.py
[2022-06-27 15:43:22,194] {processor.py:161} INFO - Processing /opt/airflow/dags/operators/request/senators.py took 0.297 seconds
[2022-06-27 15:43:53,102] {processor.py:153} INFO - Started process (PID=1552) to work on /opt/airflow/dags/operators/request/senators.py
[2022-06-27 15:43:53,104] {processor.py:641} INFO - Processing file /opt/airflow/dags/operators/request/senators.py for tasks to queue
[2022-06-27 15:43:53,107] {logging_mixin.py:115} INFO - [2022-06-27 15:43:53,107] {dagbag.py:507} INFO - Filling up the DagBag from /opt/airflow/dags/operators/request/senators.py
[2022-06-27 15:43:53,425] {processor.py:653} WARNING - No viable dags retrieved from /opt/airflow/dags/operators/request/senators.py
[2022-06-27 15:43:53,440] {processor.py:161} INFO - Processing /opt/airflow/dags/operators/request/senators.py took 0.341 seconds
[2022-06-27 15:44:24,367] {processor.py:153} INFO - Started process (PID=1616) to work on /opt/airflow/dags/operators/request/senators.py
[2022-06-27 15:44:24,368] {processor.py:641} INFO - Processing file /opt/airflow/dags/operators/request/senators.py for tasks to queue
[2022-06-27 15:44:24,369] {logging_mixin.py:115} INFO - [2022-06-27 15:44:24,369] {dagbag.py:507} INFO - Filling up the DagBag from /opt/airflow/dags/operators/request/senators.py
[2022-06-27 15:44:24,597] {processor.py:653} WARNING - No viable dags retrieved from /opt/airflow/dags/operators/request/senators.py
[2022-06-27 15:44:24,606] {processor.py:161} INFO - Processing /opt/airflow/dags/operators/request/senators.py took 0.242 seconds
[2022-06-27 15:44:54,935] {processor.py:153} INFO - Started process (PID=1681) to work on /opt/airflow/dags/operators/request/senators.py
[2022-06-27 15:44:54,937] {processor.py:641} INFO - Processing file /opt/airflow/dags/operators/request/senators.py for tasks to queue
[2022-06-27 15:44:54,938] {logging_mixin.py:115} INFO - [2022-06-27 15:44:54,938] {dagbag.py:507} INFO - Filling up the DagBag from /opt/airflow/dags/operators/request/senators.py
[2022-06-27 15:44:55,357] {processor.py:653} WARNING - No viable dags retrieved from /opt/airflow/dags/operators/request/senators.py
[2022-06-27 15:44:55,369] {processor.py:161} INFO - Processing /opt/airflow/dags/operators/request/senators.py took 0.437 seconds
[2022-06-27 15:45:26,246] {processor.py:153} INFO - Started process (PID=1746) to work on /opt/airflow/dags/operators/request/senators.py
[2022-06-27 15:45:26,248] {processor.py:641} INFO - Processing file /opt/airflow/dags/operators/request/senators.py for tasks to queue
[2022-06-27 15:45:26,250] {logging_mixin.py:115} INFO - [2022-06-27 15:45:26,250] {dagbag.py:507} INFO - Filling up the DagBag from /opt/airflow/dags/operators/request/senators.py
[2022-06-27 15:45:26,480] {processor.py:653} WARNING - No viable dags retrieved from /opt/airflow/dags/operators/request/senators.py
[2022-06-27 15:45:26,490] {processor.py:161} INFO - Processing /opt/airflow/dags/operators/request/senators.py took 0.246 seconds
[2022-06-27 15:45:57,433] {processor.py:153} INFO - Started process (PID=1811) to work on /opt/airflow/dags/operators/request/senators.py
[2022-06-27 15:45:57,435] {processor.py:641} INFO - Processing file /opt/airflow/dags/operators/request/senators.py for tasks to queue
[2022-06-27 15:45:57,436] {logging_mixin.py:115} INFO - [2022-06-27 15:45:57,436] {dagbag.py:507} INFO - Filling up the DagBag from /opt/airflow/dags/operators/request/senators.py
[2022-06-27 15:45:57,662] {processor.py:653} WARNING - No viable dags retrieved from /opt/airflow/dags/operators/request/senators.py
[2022-06-27 15:45:57,682] {processor.py:161} INFO - Processing /opt/airflow/dags/operators/request/senators.py took 0.251 seconds
[2022-06-27 15:46:27,879] {processor.py:153} INFO - Started process (PID=1874) to work on /opt/airflow/dags/operators/request/senators.py
[2022-06-27 15:46:27,881] {processor.py:641} INFO - Processing file /opt/airflow/dags/operators/request/senators.py for tasks to queue
[2022-06-27 15:46:27,885] {logging_mixin.py:115} INFO - [2022-06-27 15:46:27,885] {dagbag.py:507} INFO - Filling up the DagBag from /opt/airflow/dags/operators/request/senators.py
[2022-06-27 15:46:28,163] {processor.py:653} WARNING - No viable dags retrieved from /opt/airflow/dags/operators/request/senators.py
[2022-06-27 15:46:28,176] {processor.py:161} INFO - Processing /opt/airflow/dags/operators/request/senators.py took 0.299 seconds
[2022-06-27 15:46:58,978] {processor.py:153} INFO - Started process (PID=1930) to work on /opt/airflow/dags/operators/request/senators.py
[2022-06-27 15:46:58,981] {processor.py:641} INFO - Processing file /opt/airflow/dags/operators/request/senators.py for tasks to queue
[2022-06-27 15:46:58,983] {logging_mixin.py:115} INFO - [2022-06-27 15:46:58,983] {dagbag.py:507} INFO - Filling up the DagBag from /opt/airflow/dags/operators/request/senators.py
[2022-06-27 15:46:59,550] {processor.py:653} WARNING - No viable dags retrieved from /opt/airflow/dags/operators/request/senators.py
[2022-06-27 15:46:59,563] {processor.py:161} INFO - Processing /opt/airflow/dags/operators/request/senators.py took 0.587 seconds
[2022-06-27 15:47:30,397] {processor.py:153} INFO - Started process (PID=1994) to work on /opt/airflow/dags/operators/request/senators.py
[2022-06-27 15:47:30,399] {processor.py:641} INFO - Processing file /opt/airflow/dags/operators/request/senators.py for tasks to queue
[2022-06-27 15:47:30,400] {logging_mixin.py:115} INFO - [2022-06-27 15:47:30,400] {dagbag.py:507} INFO - Filling up the DagBag from /opt/airflow/dags/operators/request/senators.py
[2022-06-27 15:47:30,603] {processor.py:653} WARNING - No viable dags retrieved from /opt/airflow/dags/operators/request/senators.py
[2022-06-27 15:47:30,616] {processor.py:161} INFO - Processing /opt/airflow/dags/operators/request/senators.py took 0.221 seconds
[2022-06-27 15:48:01,587] {processor.py:153} INFO - Started process (PID=2059) to work on /opt/airflow/dags/operators/request/senators.py
[2022-06-27 15:48:01,593] {processor.py:641} INFO - Processing file /opt/airflow/dags/operators/request/senators.py for tasks to queue
[2022-06-27 15:48:01,595] {logging_mixin.py:115} INFO - [2022-06-27 15:48:01,595] {dagbag.py:507} INFO - Filling up the DagBag from /opt/airflow/dags/operators/request/senators.py
[2022-06-27 15:48:02,012] {processor.py:653} WARNING - No viable dags retrieved from /opt/airflow/dags/operators/request/senators.py
[2022-06-27 15:48:02,030] {processor.py:161} INFO - Processing /opt/airflow/dags/operators/request/senators.py took 0.447 seconds
[2022-06-27 15:48:32,100] {processor.py:153} INFO - Started process (PID=2124) to work on /opt/airflow/dags/operators/request/senators.py
[2022-06-27 15:48:32,102] {processor.py:641} INFO - Processing file /opt/airflow/dags/operators/request/senators.py for tasks to queue
[2022-06-27 15:48:32,103] {logging_mixin.py:115} INFO - [2022-06-27 15:48:32,103] {dagbag.py:507} INFO - Filling up the DagBag from /opt/airflow/dags/operators/request/senators.py
[2022-06-27 15:48:32,432] {processor.py:653} WARNING - No viable dags retrieved from /opt/airflow/dags/operators/request/senators.py
[2022-06-27 15:48:32,453] {processor.py:161} INFO - Processing /opt/airflow/dags/operators/request/senators.py took 0.355 seconds
[2022-06-27 15:49:02,739] {processor.py:153} INFO - Started process (PID=2191) to work on /opt/airflow/dags/operators/request/senators.py
[2022-06-27 15:49:02,740] {processor.py:641} INFO - Processing file /opt/airflow/dags/operators/request/senators.py for tasks to queue
[2022-06-27 15:49:02,742] {logging_mixin.py:115} INFO - [2022-06-27 15:49:02,742] {dagbag.py:507} INFO - Filling up the DagBag from /opt/airflow/dags/operators/request/senators.py
[2022-06-27 15:49:02,971] {processor.py:653} WARNING - No viable dags retrieved from /opt/airflow/dags/operators/request/senators.py
[2022-06-27 15:49:02,979] {processor.py:161} INFO - Processing /opt/airflow/dags/operators/request/senators.py took 0.242 seconds
[2022-06-27 15:49:33,511] {processor.py:153} INFO - Started process (PID=2255) to work on /opt/airflow/dags/operators/request/senators.py
[2022-06-27 15:49:33,513] {processor.py:641} INFO - Processing file /opt/airflow/dags/operators/request/senators.py for tasks to queue
[2022-06-27 15:49:33,514] {logging_mixin.py:115} INFO - [2022-06-27 15:49:33,514] {dagbag.py:507} INFO - Filling up the DagBag from /opt/airflow/dags/operators/request/senators.py
[2022-06-27 15:49:34,145] {processor.py:653} WARNING - No viable dags retrieved from /opt/airflow/dags/operators/request/senators.py
[2022-06-27 15:49:34,164] {processor.py:161} INFO - Processing /opt/airflow/dags/operators/request/senators.py took 0.656 seconds
[2022-06-27 15:50:04,750] {processor.py:153} INFO - Started process (PID=2311) to work on /opt/airflow/dags/operators/request/senators.py
[2022-06-27 15:50:04,752] {processor.py:641} INFO - Processing file /opt/airflow/dags/operators/request/senators.py for tasks to queue
[2022-06-27 15:50:04,753] {logging_mixin.py:115} INFO - [2022-06-27 15:50:04,753] {dagbag.py:507} INFO - Filling up the DagBag from /opt/airflow/dags/operators/request/senators.py
[2022-06-27 15:50:04,972] {processor.py:653} WARNING - No viable dags retrieved from /opt/airflow/dags/operators/request/senators.py
[2022-06-27 15:50:04,981] {processor.py:161} INFO - Processing /opt/airflow/dags/operators/request/senators.py took 0.234 seconds
[2022-06-27 15:50:35,088] {processor.py:153} INFO - Started process (PID=2374) to work on /opt/airflow/dags/operators/request/senators.py
[2022-06-27 15:50:35,089] {processor.py:641} INFO - Processing file /opt/airflow/dags/operators/request/senators.py for tasks to queue
[2022-06-27 15:50:35,090] {logging_mixin.py:115} INFO - [2022-06-27 15:50:35,090] {dagbag.py:507} INFO - Filling up the DagBag from /opt/airflow/dags/operators/request/senators.py
[2022-06-27 15:50:35,306] {processor.py:653} WARNING - No viable dags retrieved from /opt/airflow/dags/operators/request/senators.py
[2022-06-27 15:50:35,332] {processor.py:161} INFO - Processing /opt/airflow/dags/operators/request/senators.py took 0.247 seconds
[2022-06-27 15:51:05,534] {processor.py:153} INFO - Started process (PID=2437) to work on /opt/airflow/dags/operators/request/senators.py
[2022-06-27 15:51:05,535] {processor.py:641} INFO - Processing file /opt/airflow/dags/operators/request/senators.py for tasks to queue
[2022-06-27 15:51:05,536] {logging_mixin.py:115} INFO - [2022-06-27 15:51:05,536] {dagbag.py:507} INFO - Filling up the DagBag from /opt/airflow/dags/operators/request/senators.py
[2022-06-27 15:51:05,774] {processor.py:653} WARNING - No viable dags retrieved from /opt/airflow/dags/operators/request/senators.py
[2022-06-27 15:51:05,783] {processor.py:161} INFO - Processing /opt/airflow/dags/operators/request/senators.py took 0.251 seconds
[2022-06-27 15:51:36,288] {processor.py:153} INFO - Started process (PID=2504) to work on /opt/airflow/dags/operators/request/senators.py
[2022-06-27 15:51:36,291] {processor.py:641} INFO - Processing file /opt/airflow/dags/operators/request/senators.py for tasks to queue
[2022-06-27 15:51:36,293] {logging_mixin.py:115} INFO - [2022-06-27 15:51:36,293] {dagbag.py:507} INFO - Filling up the DagBag from /opt/airflow/dags/operators/request/senators.py
[2022-06-27 15:51:36,537] {processor.py:653} WARNING - No viable dags retrieved from /opt/airflow/dags/operators/request/senators.py
[2022-06-27 15:51:36,552] {processor.py:161} INFO - Processing /opt/airflow/dags/operators/request/senators.py took 0.268 seconds
[2022-06-27 15:52:06,628] {processor.py:153} INFO - Started process (PID=2567) to work on /opt/airflow/dags/operators/request/senators.py
[2022-06-27 15:52:06,632] {processor.py:641} INFO - Processing file /opt/airflow/dags/operators/request/senators.py for tasks to queue
[2022-06-27 15:52:06,637] {logging_mixin.py:115} INFO - [2022-06-27 15:52:06,637] {dagbag.py:507} INFO - Filling up the DagBag from /opt/airflow/dags/operators/request/senators.py
[2022-06-27 15:52:07,108] {processor.py:653} WARNING - No viable dags retrieved from /opt/airflow/dags/operators/request/senators.py
[2022-06-27 15:52:07,138] {processor.py:161} INFO - Processing /opt/airflow/dags/operators/request/senators.py took 0.512 seconds
[2022-06-27 15:52:37,819] {processor.py:153} INFO - Started process (PID=2623) to work on /opt/airflow/dags/operators/request/senators.py
[2022-06-27 15:52:37,820] {processor.py:641} INFO - Processing file /opt/airflow/dags/operators/request/senators.py for tasks to queue
[2022-06-27 15:52:37,822] {logging_mixin.py:115} INFO - [2022-06-27 15:52:37,821] {dagbag.py:507} INFO - Filling up the DagBag from /opt/airflow/dags/operators/request/senators.py
[2022-06-27 15:52:38,064] {processor.py:653} WARNING - No viable dags retrieved from /opt/airflow/dags/operators/request/senators.py
[2022-06-27 15:52:38,085] {processor.py:161} INFO - Processing /opt/airflow/dags/operators/request/senators.py took 0.269 seconds
[2022-06-27 15:53:08,980] {processor.py:153} INFO - Started process (PID=2687) to work on /opt/airflow/dags/operators/request/senators.py
[2022-06-27 15:53:08,981] {processor.py:641} INFO - Processing file /opt/airflow/dags/operators/request/senators.py for tasks to queue
[2022-06-27 15:53:08,983] {logging_mixin.py:115} INFO - [2022-06-27 15:53:08,983] {dagbag.py:507} INFO - Filling up the DagBag from /opt/airflow/dags/operators/request/senators.py
[2022-06-27 15:53:09,221] {processor.py:653} WARNING - No viable dags retrieved from /opt/airflow/dags/operators/request/senators.py
[2022-06-27 15:53:09,233] {processor.py:161} INFO - Processing /opt/airflow/dags/operators/request/senators.py took 0.255 seconds
[2022-06-27 15:53:40,260] {processor.py:153} INFO - Started process (PID=2752) to work on /opt/airflow/dags/operators/request/senators.py
[2022-06-27 15:53:40,261] {processor.py:641} INFO - Processing file /opt/airflow/dags/operators/request/senators.py for tasks to queue
[2022-06-27 15:53:40,263] {logging_mixin.py:115} INFO - [2022-06-27 15:53:40,263] {dagbag.py:507} INFO - Filling up the DagBag from /opt/airflow/dags/operators/request/senators.py
[2022-06-27 15:53:40,503] {processor.py:653} WARNING - No viable dags retrieved from /opt/airflow/dags/operators/request/senators.py
[2022-06-27 15:53:40,521] {processor.py:161} INFO - Processing /opt/airflow/dags/operators/request/senators.py took 0.264 seconds
[2022-06-27 15:54:10,906] {processor.py:153} INFO - Started process (PID=2819) to work on /opt/airflow/dags/operators/request/senators.py
[2022-06-27 15:54:10,908] {processor.py:641} INFO - Processing file /opt/airflow/dags/operators/request/senators.py for tasks to queue
[2022-06-27 15:54:10,910] {logging_mixin.py:115} INFO - [2022-06-27 15:54:10,909] {dagbag.py:507} INFO - Filling up the DagBag from /opt/airflow/dags/operators/request/senators.py
[2022-06-27 15:54:11,121] {processor.py:653} WARNING - No viable dags retrieved from /opt/airflow/dags/operators/request/senators.py
[2022-06-27 15:54:11,133] {processor.py:161} INFO - Processing /opt/airflow/dags/operators/request/senators.py took 0.230 seconds
[2022-06-27 15:54:42,060] {processor.py:153} INFO - Started process (PID=2882) to work on /opt/airflow/dags/operators/request/senators.py
[2022-06-27 15:54:42,068] {processor.py:641} INFO - Processing file /opt/airflow/dags/operators/request/senators.py for tasks to queue
[2022-06-27 15:54:42,069] {logging_mixin.py:115} INFO - [2022-06-27 15:54:42,069] {dagbag.py:507} INFO - Filling up the DagBag from /opt/airflow/dags/operators/request/senators.py
[2022-06-27 15:54:42,541] {processor.py:653} WARNING - No viable dags retrieved from /opt/airflow/dags/operators/request/senators.py
[2022-06-27 15:54:42,564] {processor.py:161} INFO - Processing /opt/airflow/dags/operators/request/senators.py took 0.506 seconds
[2022-06-27 15:55:12,850] {processor.py:153} INFO - Started process (PID=2946) to work on /opt/airflow/dags/operators/request/senators.py
[2022-06-27 15:55:12,853] {processor.py:641} INFO - Processing file /opt/airflow/dags/operators/request/senators.py for tasks to queue
[2022-06-27 15:55:12,855] {logging_mixin.py:115} INFO - [2022-06-27 15:55:12,855] {dagbag.py:507} INFO - Filling up the DagBag from /opt/airflow/dags/operators/request/senators.py
[2022-06-27 15:55:13,139] {processor.py:653} WARNING - No viable dags retrieved from /opt/airflow/dags/operators/request/senators.py
[2022-06-27 15:55:13,152] {processor.py:161} INFO - Processing /opt/airflow/dags/operators/request/senators.py took 0.305 seconds
[2022-06-27 15:55:43,681] {processor.py:153} INFO - Started process (PID=3009) to work on /opt/airflow/dags/operators/request/senators.py
[2022-06-27 15:55:43,694] {processor.py:641} INFO - Processing file /opt/airflow/dags/operators/request/senators.py for tasks to queue
[2022-06-27 15:55:43,696] {logging_mixin.py:115} INFO - [2022-06-27 15:55:43,696] {dagbag.py:507} INFO - Filling up the DagBag from /opt/airflow/dags/operators/request/senators.py
[2022-06-27 15:55:44,238] {processor.py:653} WARNING - No viable dags retrieved from /opt/airflow/dags/operators/request/senators.py
[2022-06-27 15:55:44,253] {processor.py:161} INFO - Processing /opt/airflow/dags/operators/request/senators.py took 0.574 seconds
[2022-06-27 15:56:15,044] {processor.py:153} INFO - Started process (PID=3067) to work on /opt/airflow/dags/operators/request/senators.py
[2022-06-27 15:56:15,045] {processor.py:641} INFO - Processing file /opt/airflow/dags/operators/request/senators.py for tasks to queue
[2022-06-27 15:56:15,046] {logging_mixin.py:115} INFO - [2022-06-27 15:56:15,046] {dagbag.py:507} INFO - Filling up the DagBag from /opt/airflow/dags/operators/request/senators.py
[2022-06-27 15:56:15,273] {processor.py:653} WARNING - No viable dags retrieved from /opt/airflow/dags/operators/request/senators.py
[2022-06-27 15:56:15,282] {processor.py:161} INFO - Processing /opt/airflow/dags/operators/request/senators.py took 0.240 seconds
[2022-06-27 15:56:45,469] {processor.py:153} INFO - Started process (PID=3132) to work on /opt/airflow/dags/operators/request/senators.py
[2022-06-27 15:56:45,470] {processor.py:641} INFO - Processing file /opt/airflow/dags/operators/request/senators.py for tasks to queue
[2022-06-27 15:56:45,471] {logging_mixin.py:115} INFO - [2022-06-27 15:56:45,471] {dagbag.py:507} INFO - Filling up the DagBag from /opt/airflow/dags/operators/request/senators.py
[2022-06-27 15:56:45,846] {processor.py:653} WARNING - No viable dags retrieved from /opt/airflow/dags/operators/request/senators.py
[2022-06-27 15:56:45,854] {processor.py:161} INFO - Processing /opt/airflow/dags/operators/request/senators.py took 0.388 seconds
[2022-06-27 15:57:16,431] {processor.py:153} INFO - Started process (PID=3197) to work on /opt/airflow/dags/operators/request/senators.py
[2022-06-27 15:57:16,432] {processor.py:641} INFO - Processing file /opt/airflow/dags/operators/request/senators.py for tasks to queue
[2022-06-27 15:57:16,433] {logging_mixin.py:115} INFO - [2022-06-27 15:57:16,433] {dagbag.py:507} INFO - Filling up the DagBag from /opt/airflow/dags/operators/request/senators.py
[2022-06-27 15:57:16,722] {processor.py:653} WARNING - No viable dags retrieved from /opt/airflow/dags/operators/request/senators.py
[2022-06-27 15:57:16,734] {processor.py:161} INFO - Processing /opt/airflow/dags/operators/request/senators.py took 0.308 seconds
[2022-06-27 15:57:46,892] {processor.py:153} INFO - Started process (PID=3262) to work on /opt/airflow/dags/operators/request/senators.py
[2022-06-27 15:57:46,893] {processor.py:641} INFO - Processing file /opt/airflow/dags/operators/request/senators.py for tasks to queue
[2022-06-27 15:57:46,895] {logging_mixin.py:115} INFO - [2022-06-27 15:57:46,895] {dagbag.py:507} INFO - Filling up the DagBag from /opt/airflow/dags/operators/request/senators.py
[2022-06-27 15:57:47,121] {processor.py:653} WARNING - No viable dags retrieved from /opt/airflow/dags/operators/request/senators.py
[2022-06-27 15:57:47,134] {processor.py:161} INFO - Processing /opt/airflow/dags/operators/request/senators.py took 0.244 seconds
[2022-06-27 15:58:17,198] {processor.py:153} INFO - Started process (PID=3326) to work on /opt/airflow/dags/operators/request/senators.py
[2022-06-27 15:58:17,200] {processor.py:641} INFO - Processing file /opt/airflow/dags/operators/request/senators.py for tasks to queue
[2022-06-27 15:58:17,201] {logging_mixin.py:115} INFO - [2022-06-27 15:58:17,201] {dagbag.py:507} INFO - Filling up the DagBag from /opt/airflow/dags/operators/request/senators.py
[2022-06-27 15:58:17,478] {processor.py:653} WARNING - No viable dags retrieved from /opt/airflow/dags/operators/request/senators.py
[2022-06-27 15:58:17,492] {processor.py:161} INFO - Processing /opt/airflow/dags/operators/request/senators.py took 0.296 seconds
[2022-06-27 15:58:48,111] {processor.py:153} INFO - Started process (PID=3383) to work on /opt/airflow/dags/operators/request/senators.py
[2022-06-27 15:58:48,112] {processor.py:641} INFO - Processing file /opt/airflow/dags/operators/request/senators.py for tasks to queue
[2022-06-27 15:58:48,114] {logging_mixin.py:115} INFO - [2022-06-27 15:58:48,114] {dagbag.py:507} INFO - Filling up the DagBag from /opt/airflow/dags/operators/request/senators.py
[2022-06-27 15:58:48,467] {processor.py:653} WARNING - No viable dags retrieved from /opt/airflow/dags/operators/request/senators.py
[2022-06-27 15:58:48,478] {processor.py:161} INFO - Processing /opt/airflow/dags/operators/request/senators.py took 0.371 seconds
[2022-06-27 15:59:19,238] {processor.py:153} INFO - Started process (PID=3449) to work on /opt/airflow/dags/operators/request/senators.py
[2022-06-27 15:59:19,240] {processor.py:641} INFO - Processing file /opt/airflow/dags/operators/request/senators.py for tasks to queue
[2022-06-27 15:59:19,241] {logging_mixin.py:115} INFO - [2022-06-27 15:59:19,241] {dagbag.py:507} INFO - Filling up the DagBag from /opt/airflow/dags/operators/request/senators.py
[2022-06-27 15:59:19,505] {processor.py:653} WARNING - No viable dags retrieved from /opt/airflow/dags/operators/request/senators.py
[2022-06-27 15:59:19,514] {processor.py:161} INFO - Processing /opt/airflow/dags/operators/request/senators.py took 0.279 seconds
[2022-06-27 15:59:49,645] {processor.py:153} INFO - Started process (PID=3514) to work on /opt/airflow/dags/operators/request/senators.py
[2022-06-27 15:59:49,646] {processor.py:641} INFO - Processing file /opt/airflow/dags/operators/request/senators.py for tasks to queue
[2022-06-27 15:59:49,647] {logging_mixin.py:115} INFO - [2022-06-27 15:59:49,647] {dagbag.py:507} INFO - Filling up the DagBag from /opt/airflow/dags/operators/request/senators.py
[2022-06-27 15:59:49,867] {processor.py:653} WARNING - No viable dags retrieved from /opt/airflow/dags/operators/request/senators.py
[2022-06-27 15:59:49,876] {processor.py:161} INFO - Processing /opt/airflow/dags/operators/request/senators.py took 0.233 seconds
[2022-06-27 16:00:20,761] {processor.py:153} INFO - Started process (PID=3580) to work on /opt/airflow/dags/operators/request/senators.py
[2022-06-27 16:00:20,762] {processor.py:641} INFO - Processing file /opt/airflow/dags/operators/request/senators.py for tasks to queue
[2022-06-27 16:00:20,763] {logging_mixin.py:115} INFO - [2022-06-27 16:00:20,763] {dagbag.py:507} INFO - Filling up the DagBag from /opt/airflow/dags/operators/request/senators.py
[2022-06-27 16:00:21,169] {processor.py:653} WARNING - No viable dags retrieved from /opt/airflow/dags/operators/request/senators.py
[2022-06-27 16:00:21,190] {processor.py:161} INFO - Processing /opt/airflow/dags/operators/request/senators.py took 0.432 seconds
[2022-06-27 16:00:52,020] {processor.py:153} INFO - Started process (PID=3643) to work on /opt/airflow/dags/operators/request/senators.py
[2022-06-27 16:00:52,021] {processor.py:641} INFO - Processing file /opt/airflow/dags/operators/request/senators.py for tasks to queue
[2022-06-27 16:00:52,023] {logging_mixin.py:115} INFO - [2022-06-27 16:00:52,023] {dagbag.py:507} INFO - Filling up the DagBag from /opt/airflow/dags/operators/request/senators.py
[2022-06-27 16:00:52,248] {processor.py:653} WARNING - No viable dags retrieved from /opt/airflow/dags/operators/request/senators.py
[2022-06-27 16:00:52,257] {processor.py:161} INFO - Processing /opt/airflow/dags/operators/request/senators.py took 0.240 seconds
[2022-06-27 16:01:23,186] {processor.py:153} INFO - Started process (PID=3709) to work on /opt/airflow/dags/operators/request/senators.py
[2022-06-27 16:01:23,187] {processor.py:641} INFO - Processing file /opt/airflow/dags/operators/request/senators.py for tasks to queue
[2022-06-27 16:01:23,188] {logging_mixin.py:115} INFO - [2022-06-27 16:01:23,188] {dagbag.py:507} INFO - Filling up the DagBag from /opt/airflow/dags/operators/request/senators.py
[2022-06-27 16:01:23,466] {processor.py:653} WARNING - No viable dags retrieved from /opt/airflow/dags/operators/request/senators.py
[2022-06-27 16:01:23,484] {processor.py:161} INFO - Processing /opt/airflow/dags/operators/request/senators.py took 0.301 seconds
[2022-06-27 16:01:53,925] {processor.py:153} INFO - Started process (PID=3775) to work on /opt/airflow/dags/operators/request/senators.py
[2022-06-27 16:01:53,927] {processor.py:641} INFO - Processing file /opt/airflow/dags/operators/request/senators.py for tasks to queue
[2022-06-27 16:01:53,930] {logging_mixin.py:115} INFO - [2022-06-27 16:01:53,930] {dagbag.py:507} INFO - Filling up the DagBag from /opt/airflow/dags/operators/request/senators.py
[2022-06-27 16:01:54,608] {processor.py:653} WARNING - No viable dags retrieved from /opt/airflow/dags/operators/request/senators.py
[2022-06-27 16:01:54,620] {processor.py:161} INFO - Processing /opt/airflow/dags/operators/request/senators.py took 0.697 seconds
[2022-06-27 16:02:25,242] {processor.py:153} INFO - Started process (PID=3842) to work on /opt/airflow/dags/operators/request/senators.py
[2022-06-27 16:02:25,244] {processor.py:641} INFO - Processing file /opt/airflow/dags/operators/request/senators.py for tasks to queue
[2022-06-27 16:02:25,246] {logging_mixin.py:115} INFO - [2022-06-27 16:02:25,246] {dagbag.py:507} INFO - Filling up the DagBag from /opt/airflow/dags/operators/request/senators.py
[2022-06-27 16:02:25,630] {processor.py:653} WARNING - No viable dags retrieved from /opt/airflow/dags/operators/request/senators.py
[2022-06-27 16:02:25,659] {processor.py:161} INFO - Processing /opt/airflow/dags/operators/request/senators.py took 0.420 seconds
[2022-06-27 16:02:56,601] {processor.py:153} INFO - Started process (PID=3898) to work on /opt/airflow/dags/operators/request/senators.py
[2022-06-27 16:02:56,603] {processor.py:641} INFO - Processing file /opt/airflow/dags/operators/request/senators.py for tasks to queue
[2022-06-27 16:02:56,605] {logging_mixin.py:115} INFO - [2022-06-27 16:02:56,604] {dagbag.py:507} INFO - Filling up the DagBag from /opt/airflow/dags/operators/request/senators.py
[2022-06-27 16:02:57,131] {processor.py:653} WARNING - No viable dags retrieved from /opt/airflow/dags/operators/request/senators.py
[2022-06-27 16:02:57,141] {processor.py:161} INFO - Processing /opt/airflow/dags/operators/request/senators.py took 0.542 seconds
[2022-06-27 16:03:27,727] {processor.py:153} INFO - Started process (PID=3964) to work on /opt/airflow/dags/operators/request/senators.py
[2022-06-27 16:03:27,728] {processor.py:641} INFO - Processing file /opt/airflow/dags/operators/request/senators.py for tasks to queue
[2022-06-27 16:03:27,730] {logging_mixin.py:115} INFO - [2022-06-27 16:03:27,729] {dagbag.py:507} INFO - Filling up the DagBag from /opt/airflow/dags/operators/request/senators.py
[2022-06-27 16:03:28,062] {processor.py:653} WARNING - No viable dags retrieved from /opt/airflow/dags/operators/request/senators.py
[2022-06-27 16:03:28,070] {processor.py:161} INFO - Processing /opt/airflow/dags/operators/request/senators.py took 0.347 seconds
[2022-06-27 16:03:58,222] {processor.py:153} INFO - Started process (PID=4029) to work on /opt/airflow/dags/operators/request/senators.py
[2022-06-27 16:03:58,223] {processor.py:641} INFO - Processing file /opt/airflow/dags/operators/request/senators.py for tasks to queue
[2022-06-27 16:03:58,225] {logging_mixin.py:115} INFO - [2022-06-27 16:03:58,225] {dagbag.py:507} INFO - Filling up the DagBag from /opt/airflow/dags/operators/request/senators.py
[2022-06-27 16:03:58,640] {processor.py:653} WARNING - No viable dags retrieved from /opt/airflow/dags/operators/request/senators.py
[2022-06-27 16:03:58,657] {processor.py:161} INFO - Processing /opt/airflow/dags/operators/request/senators.py took 0.437 seconds
[2022-06-27 16:04:29,235] {processor.py:153} INFO - Started process (PID=4093) to work on /opt/airflow/dags/operators/request/senators.py
[2022-06-27 16:04:29,236] {processor.py:641} INFO - Processing file /opt/airflow/dags/operators/request/senators.py for tasks to queue
[2022-06-27 16:04:29,238] {logging_mixin.py:115} INFO - [2022-06-27 16:04:29,238] {dagbag.py:507} INFO - Filling up the DagBag from /opt/airflow/dags/operators/request/senators.py
[2022-06-27 16:04:29,445] {processor.py:653} WARNING - No viable dags retrieved from /opt/airflow/dags/operators/request/senators.py
[2022-06-27 16:04:29,462] {processor.py:161} INFO - Processing /opt/airflow/dags/operators/request/senators.py took 0.230 seconds
[2022-06-27 16:04:59,526] {processor.py:153} INFO - Started process (PID=4155) to work on /opt/airflow/dags/operators/request/senators.py
[2022-06-27 16:04:59,527] {processor.py:641} INFO - Processing file /opt/airflow/dags/operators/request/senators.py for tasks to queue
[2022-06-27 16:04:59,528] {logging_mixin.py:115} INFO - [2022-06-27 16:04:59,528] {dagbag.py:507} INFO - Filling up the DagBag from /opt/airflow/dags/operators/request/senators.py
[2022-06-27 16:04:59,729] {processor.py:653} WARNING - No viable dags retrieved from /opt/airflow/dags/operators/request/senators.py
[2022-06-27 16:04:59,738] {processor.py:161} INFO - Processing /opt/airflow/dags/operators/request/senators.py took 0.214 seconds
[2022-06-27 16:05:29,794] {processor.py:153} INFO - Started process (PID=4212) to work on /opt/airflow/dags/operators/request/senators.py
[2022-06-27 16:05:29,795] {processor.py:641} INFO - Processing file /opt/airflow/dags/operators/request/senators.py for tasks to queue
[2022-06-27 16:05:29,796] {logging_mixin.py:115} INFO - [2022-06-27 16:05:29,796] {dagbag.py:507} INFO - Filling up the DagBag from /opt/airflow/dags/operators/request/senators.py
[2022-06-27 16:05:30,015] {processor.py:653} WARNING - No viable dags retrieved from /opt/airflow/dags/operators/request/senators.py
[2022-06-27 16:05:30,024] {processor.py:161} INFO - Processing /opt/airflow/dags/operators/request/senators.py took 0.233 seconds
[2022-06-27 16:06:00,408] {processor.py:153} INFO - Started process (PID=4275) to work on /opt/airflow/dags/operators/request/senators.py
[2022-06-27 16:06:00,409] {processor.py:641} INFO - Processing file /opt/airflow/dags/operators/request/senators.py for tasks to queue
[2022-06-27 16:06:00,411] {logging_mixin.py:115} INFO - [2022-06-27 16:06:00,411] {dagbag.py:507} INFO - Filling up the DagBag from /opt/airflow/dags/operators/request/senators.py
[2022-06-27 16:06:00,758] {processor.py:653} WARNING - No viable dags retrieved from /opt/airflow/dags/operators/request/senators.py
[2022-06-27 16:06:00,783] {processor.py:161} INFO - Processing /opt/airflow/dags/operators/request/senators.py took 0.377 seconds
[2022-06-27 16:06:31,112] {processor.py:153} INFO - Started process (PID=4342) to work on /opt/airflow/dags/operators/request/senators.py
[2022-06-27 16:06:31,114] {processor.py:641} INFO - Processing file /opt/airflow/dags/operators/request/senators.py for tasks to queue
[2022-06-27 16:06:31,115] {logging_mixin.py:115} INFO - [2022-06-27 16:06:31,115] {dagbag.py:507} INFO - Filling up the DagBag from /opt/airflow/dags/operators/request/senators.py
[2022-06-27 16:06:31,347] {processor.py:653} WARNING - No viable dags retrieved from /opt/airflow/dags/operators/request/senators.py
[2022-06-27 16:06:31,359] {processor.py:161} INFO - Processing /opt/airflow/dags/operators/request/senators.py took 0.249 seconds
[2022-06-27 16:07:01,688] {processor.py:153} INFO - Started process (PID=4409) to work on /opt/airflow/dags/operators/request/senators.py
[2022-06-27 16:07:01,690] {processor.py:641} INFO - Processing file /opt/airflow/dags/operators/request/senators.py for tasks to queue
[2022-06-27 16:07:01,691] {logging_mixin.py:115} INFO - [2022-06-27 16:07:01,691] {dagbag.py:507} INFO - Filling up the DagBag from /opt/airflow/dags/operators/request/senators.py
[2022-06-27 16:07:02,181] {processor.py:653} WARNING - No viable dags retrieved from /opt/airflow/dags/operators/request/senators.py
[2022-06-27 16:07:02,198] {processor.py:161} INFO - Processing /opt/airflow/dags/operators/request/senators.py took 0.512 seconds
[2022-06-27 16:07:32,830] {processor.py:153} INFO - Started process (PID=4477) to work on /opt/airflow/dags/operators/request/senators.py
[2022-06-27 16:07:32,831] {processor.py:641} INFO - Processing file /opt/airflow/dags/operators/request/senators.py for tasks to queue
[2022-06-27 16:07:32,834] {logging_mixin.py:115} INFO - [2022-06-27 16:07:32,833] {dagbag.py:507} INFO - Filling up the DagBag from /opt/airflow/dags/operators/request/senators.py
[2022-06-27 16:07:33,431] {processor.py:653} WARNING - No viable dags retrieved from /opt/airflow/dags/operators/request/senators.py
[2022-06-27 16:07:33,457] {processor.py:161} INFO - Processing /opt/airflow/dags/operators/request/senators.py took 0.631 seconds
[2022-06-27 16:08:04,057] {processor.py:153} INFO - Started process (PID=4533) to work on /opt/airflow/dags/operators/request/senators.py
[2022-06-27 16:08:04,060] {processor.py:641} INFO - Processing file /opt/airflow/dags/operators/request/senators.py for tasks to queue
[2022-06-27 16:08:04,061] {logging_mixin.py:115} INFO - [2022-06-27 16:08:04,061] {dagbag.py:507} INFO - Filling up the DagBag from /opt/airflow/dags/operators/request/senators.py
[2022-06-27 16:08:04,764] {processor.py:653} WARNING - No viable dags retrieved from /opt/airflow/dags/operators/request/senators.py
[2022-06-27 16:08:04,777] {processor.py:161} INFO - Processing /opt/airflow/dags/operators/request/senators.py took 0.722 seconds
[2022-06-27 16:08:35,239] {processor.py:153} INFO - Started process (PID=4598) to work on /opt/airflow/dags/operators/request/senators.py
[2022-06-27 16:08:35,240] {processor.py:641} INFO - Processing file /opt/airflow/dags/operators/request/senators.py for tasks to queue
[2022-06-27 16:08:35,241] {logging_mixin.py:115} INFO - [2022-06-27 16:08:35,241] {dagbag.py:507} INFO - Filling up the DagBag from /opt/airflow/dags/operators/request/senators.py
[2022-06-27 16:08:35,479] {processor.py:653} WARNING - No viable dags retrieved from /opt/airflow/dags/operators/request/senators.py
[2022-06-27 16:08:35,498] {processor.py:161} INFO - Processing /opt/airflow/dags/operators/request/senators.py took 0.262 seconds
[2022-06-27 16:09:05,861] {processor.py:153} INFO - Started process (PID=4662) to work on /opt/airflow/dags/operators/request/senators.py
[2022-06-27 16:09:05,863] {processor.py:641} INFO - Processing file /opt/airflow/dags/operators/request/senators.py for tasks to queue
[2022-06-27 16:09:05,865] {logging_mixin.py:115} INFO - [2022-06-27 16:09:05,864] {dagbag.py:507} INFO - Filling up the DagBag from /opt/airflow/dags/operators/request/senators.py
[2022-06-27 16:09:06,097] {processor.py:653} WARNING - No viable dags retrieved from /opt/airflow/dags/operators/request/senators.py
[2022-06-27 16:09:06,115] {processor.py:161} INFO - Processing /opt/airflow/dags/operators/request/senators.py took 0.258 seconds
[2022-06-27 16:09:36,749] {processor.py:153} INFO - Started process (PID=4727) to work on /opt/airflow/dags/operators/request/senators.py
[2022-06-27 16:09:36,750] {processor.py:641} INFO - Processing file /opt/airflow/dags/operators/request/senators.py for tasks to queue
[2022-06-27 16:09:36,751] {logging_mixin.py:115} INFO - [2022-06-27 16:09:36,751] {dagbag.py:507} INFO - Filling up the DagBag from /opt/airflow/dags/operators/request/senators.py
[2022-06-27 16:09:36,970] {processor.py:653} WARNING - No viable dags retrieved from /opt/airflow/dags/operators/request/senators.py
[2022-06-27 16:09:36,978] {processor.py:161} INFO - Processing /opt/airflow/dags/operators/request/senators.py took 0.235 seconds
[2022-06-27 16:10:07,184] {processor.py:153} INFO - Started process (PID=4792) to work on /opt/airflow/dags/operators/request/senators.py
[2022-06-27 16:10:07,185] {processor.py:641} INFO - Processing file /opt/airflow/dags/operators/request/senators.py for tasks to queue
[2022-06-27 16:10:07,187] {logging_mixin.py:115} INFO - [2022-06-27 16:10:07,187] {dagbag.py:507} INFO - Filling up the DagBag from /opt/airflow/dags/operators/request/senators.py
[2022-06-27 16:10:07,401] {processor.py:653} WARNING - No viable dags retrieved from /opt/airflow/dags/operators/request/senators.py
[2022-06-27 16:10:07,414] {processor.py:161} INFO - Processing /opt/airflow/dags/operators/request/senators.py took 0.234 seconds
[2022-06-27 16:10:37,470] {processor.py:153} INFO - Started process (PID=4847) to work on /opt/airflow/dags/operators/request/senators.py
[2022-06-27 16:10:37,472] {processor.py:641} INFO - Processing file /opt/airflow/dags/operators/request/senators.py for tasks to queue
[2022-06-27 16:10:37,474] {logging_mixin.py:115} INFO - [2022-06-27 16:10:37,474] {dagbag.py:507} INFO - Filling up the DagBag from /opt/airflow/dags/operators/request/senators.py
[2022-06-27 16:10:37,766] {processor.py:653} WARNING - No viable dags retrieved from /opt/airflow/dags/operators/request/senators.py
[2022-06-27 16:10:37,788] {processor.py:161} INFO - Processing /opt/airflow/dags/operators/request/senators.py took 0.321 seconds
[2022-06-27 16:11:07,966] {processor.py:153} INFO - Started process (PID=4912) to work on /opt/airflow/dags/operators/request/senators.py
[2022-06-27 16:11:07,967] {processor.py:641} INFO - Processing file /opt/airflow/dags/operators/request/senators.py for tasks to queue
[2022-06-27 16:11:07,968] {logging_mixin.py:115} INFO - [2022-06-27 16:11:07,968] {dagbag.py:507} INFO - Filling up the DagBag from /opt/airflow/dags/operators/request/senators.py
[2022-06-27 16:11:08,228] {processor.py:653} WARNING - No viable dags retrieved from /opt/airflow/dags/operators/request/senators.py
[2022-06-27 16:11:08,237] {processor.py:161} INFO - Processing /opt/airflow/dags/operators/request/senators.py took 0.274 seconds
[2022-06-27 16:11:38,322] {processor.py:153} INFO - Started process (PID=4976) to work on /opt/airflow/dags/operators/request/senators.py
[2022-06-27 16:11:38,323] {processor.py:641} INFO - Processing file /opt/airflow/dags/operators/request/senators.py for tasks to queue
[2022-06-27 16:11:38,324] {logging_mixin.py:115} INFO - [2022-06-27 16:11:38,324] {dagbag.py:507} INFO - Filling up the DagBag from /opt/airflow/dags/operators/request/senators.py
[2022-06-27 16:11:38,559] {processor.py:653} WARNING - No viable dags retrieved from /opt/airflow/dags/operators/request/senators.py
[2022-06-27 16:11:38,568] {processor.py:161} INFO - Processing /opt/airflow/dags/operators/request/senators.py took 0.254 seconds
[2022-06-27 16:12:08,988] {processor.py:153} INFO - Started process (PID=5041) to work on /opt/airflow/dags/operators/request/senators.py
[2022-06-27 16:12:08,989] {processor.py:641} INFO - Processing file /opt/airflow/dags/operators/request/senators.py for tasks to queue
[2022-06-27 16:12:08,990] {logging_mixin.py:115} INFO - [2022-06-27 16:12:08,990] {dagbag.py:507} INFO - Filling up the DagBag from /opt/airflow/dags/operators/request/senators.py
[2022-06-27 16:12:09,217] {processor.py:653} WARNING - No viable dags retrieved from /opt/airflow/dags/operators/request/senators.py
[2022-06-27 16:12:09,226] {processor.py:161} INFO - Processing /opt/airflow/dags/operators/request/senators.py took 0.240 seconds
[2022-06-27 16:12:39,971] {processor.py:153} INFO - Started process (PID=5105) to work on /opt/airflow/dags/operators/request/senators.py
[2022-06-27 16:12:39,974] {processor.py:641} INFO - Processing file /opt/airflow/dags/operators/request/senators.py for tasks to queue
[2022-06-27 16:12:39,975] {logging_mixin.py:115} INFO - [2022-06-27 16:12:39,975] {dagbag.py:507} INFO - Filling up the DagBag from /opt/airflow/dags/operators/request/senators.py
[2022-06-27 16:12:40,240] {processor.py:653} WARNING - No viable dags retrieved from /opt/airflow/dags/operators/request/senators.py
[2022-06-27 16:12:40,248] {processor.py:161} INFO - Processing /opt/airflow/dags/operators/request/senators.py took 0.280 seconds
[2022-06-27 16:13:10,452] {processor.py:153} INFO - Started process (PID=5160) to work on /opt/airflow/dags/operators/request/senators.py
[2022-06-27 16:13:10,462] {processor.py:641} INFO - Processing file /opt/airflow/dags/operators/request/senators.py for tasks to queue
[2022-06-27 16:13:10,463] {logging_mixin.py:115} INFO - [2022-06-27 16:13:10,463] {dagbag.py:507} INFO - Filling up the DagBag from /opt/airflow/dags/operators/request/senators.py
[2022-06-27 16:13:10,663] {processor.py:653} WARNING - No viable dags retrieved from /opt/airflow/dags/operators/request/senators.py
[2022-06-27 16:13:10,673] {processor.py:161} INFO - Processing /opt/airflow/dags/operators/request/senators.py took 0.223 seconds
[2022-06-27 16:13:41,092] {processor.py:153} INFO - Started process (PID=5225) to work on /opt/airflow/dags/operators/request/senators.py
[2022-06-27 16:13:41,093] {processor.py:641} INFO - Processing file /opt/airflow/dags/operators/request/senators.py for tasks to queue
[2022-06-27 16:13:41,095] {logging_mixin.py:115} INFO - [2022-06-27 16:13:41,095] {dagbag.py:507} INFO - Filling up the DagBag from /opt/airflow/dags/operators/request/senators.py
[2022-06-27 16:13:41,323] {processor.py:653} WARNING - No viable dags retrieved from /opt/airflow/dags/operators/request/senators.py
[2022-06-27 16:13:41,331] {processor.py:161} INFO - Processing /opt/airflow/dags/operators/request/senators.py took 0.241 seconds
[2022-06-27 16:14:11,592] {processor.py:153} INFO - Started process (PID=5290) to work on /opt/airflow/dags/operators/request/senators.py
[2022-06-27 16:14:11,594] {processor.py:641} INFO - Processing file /opt/airflow/dags/operators/request/senators.py for tasks to queue
[2022-06-27 16:14:11,598] {logging_mixin.py:115} INFO - [2022-06-27 16:14:11,597] {dagbag.py:507} INFO - Filling up the DagBag from /opt/airflow/dags/operators/request/senators.py
[2022-06-27 16:14:11,816] {processor.py:653} WARNING - No viable dags retrieved from /opt/airflow/dags/operators/request/senators.py
[2022-06-27 16:14:11,829] {processor.py:161} INFO - Processing /opt/airflow/dags/operators/request/senators.py took 0.239 seconds
[2022-06-27 16:14:42,480] {processor.py:153} INFO - Started process (PID=5355) to work on /opt/airflow/dags/operators/request/senators.py
[2022-06-27 16:14:42,481] {processor.py:641} INFO - Processing file /opt/airflow/dags/operators/request/senators.py for tasks to queue
[2022-06-27 16:14:42,483] {logging_mixin.py:115} INFO - [2022-06-27 16:14:42,483] {dagbag.py:507} INFO - Filling up the DagBag from /opt/airflow/dags/operators/request/senators.py
[2022-06-27 16:14:42,836] {processor.py:653} WARNING - No viable dags retrieved from /opt/airflow/dags/operators/request/senators.py
[2022-06-27 16:14:42,847] {processor.py:161} INFO - Processing /opt/airflow/dags/operators/request/senators.py took 0.369 seconds
[2022-06-27 16:15:13,003] {processor.py:153} INFO - Started process (PID=5419) to work on /opt/airflow/dags/operators/request/senators.py
[2022-06-27 16:15:13,004] {processor.py:641} INFO - Processing file /opt/airflow/dags/operators/request/senators.py for tasks to queue
[2022-06-27 16:15:13,006] {logging_mixin.py:115} INFO - [2022-06-27 16:15:13,005] {dagbag.py:507} INFO - Filling up the DagBag from /opt/airflow/dags/operators/request/senators.py
[2022-06-27 16:15:13,231] {processor.py:653} WARNING - No viable dags retrieved from /opt/airflow/dags/operators/request/senators.py
[2022-06-27 16:15:13,240] {processor.py:161} INFO - Processing /opt/airflow/dags/operators/request/senators.py took 0.240 seconds
[2022-06-27 16:15:43,461] {processor.py:153} INFO - Started process (PID=5484) to work on /opt/airflow/dags/operators/request/senators.py
[2022-06-27 16:15:43,463] {processor.py:641} INFO - Processing file /opt/airflow/dags/operators/request/senators.py for tasks to queue
[2022-06-27 16:15:43,464] {logging_mixin.py:115} INFO - [2022-06-27 16:15:43,464] {dagbag.py:507} INFO - Filling up the DagBag from /opt/airflow/dags/operators/request/senators.py
[2022-06-27 16:15:43,716] {processor.py:653} WARNING - No viable dags retrieved from /opt/airflow/dags/operators/request/senators.py
[2022-06-27 16:15:43,725] {processor.py:161} INFO - Processing /opt/airflow/dags/operators/request/senators.py took 0.266 seconds
[2022-06-27 16:16:13,799] {processor.py:153} INFO - Started process (PID=5543) to work on /opt/airflow/dags/operators/request/senators.py
[2022-06-27 16:16:13,802] {processor.py:641} INFO - Processing file /opt/airflow/dags/operators/request/senators.py for tasks to queue
[2022-06-27 16:16:13,804] {logging_mixin.py:115} INFO - [2022-06-27 16:16:13,804] {dagbag.py:507} INFO - Filling up the DagBag from /opt/airflow/dags/operators/request/senators.py
[2022-06-27 16:16:14,078] {processor.py:653} WARNING - No viable dags retrieved from /opt/airflow/dags/operators/request/senators.py
[2022-06-27 16:16:14,102] {processor.py:161} INFO - Processing /opt/airflow/dags/operators/request/senators.py took 0.306 seconds
[2022-06-27 16:16:44,320] {processor.py:153} INFO - Started process (PID=5604) to work on /opt/airflow/dags/operators/request/senators.py
[2022-06-27 16:16:44,322] {processor.py:641} INFO - Processing file /opt/airflow/dags/operators/request/senators.py for tasks to queue
[2022-06-27 16:16:44,323] {logging_mixin.py:115} INFO - [2022-06-27 16:16:44,323] {dagbag.py:507} INFO - Filling up the DagBag from /opt/airflow/dags/operators/request/senators.py
[2022-06-27 16:16:44,585] {processor.py:653} WARNING - No viable dags retrieved from /opt/airflow/dags/operators/request/senators.py
[2022-06-27 16:16:44,595] {processor.py:161} INFO - Processing /opt/airflow/dags/operators/request/senators.py took 0.277 seconds
[2022-06-27 16:17:14,986] {processor.py:153} INFO - Started process (PID=5668) to work on /opt/airflow/dags/operators/request/senators.py
[2022-06-27 16:17:14,989] {processor.py:641} INFO - Processing file /opt/airflow/dags/operators/request/senators.py for tasks to queue
[2022-06-27 16:17:14,991] {logging_mixin.py:115} INFO - [2022-06-27 16:17:14,991] {dagbag.py:507} INFO - Filling up the DagBag from /opt/airflow/dags/operators/request/senators.py
[2022-06-27 16:17:15,302] {processor.py:653} WARNING - No viable dags retrieved from /opt/airflow/dags/operators/request/senators.py
[2022-06-27 16:17:15,316] {processor.py:161} INFO - Processing /opt/airflow/dags/operators/request/senators.py took 0.333 seconds
[2022-06-27 16:17:46,009] {processor.py:153} INFO - Started process (PID=5733) to work on /opt/airflow/dags/operators/request/senators.py
[2022-06-27 16:17:46,012] {processor.py:641} INFO - Processing file /opt/airflow/dags/operators/request/senators.py for tasks to queue
[2022-06-27 16:17:46,013] {logging_mixin.py:115} INFO - [2022-06-27 16:17:46,013] {dagbag.py:507} INFO - Filling up the DagBag from /opt/airflow/dags/operators/request/senators.py
[2022-06-27 16:17:46,349] {processor.py:653} WARNING - No viable dags retrieved from /opt/airflow/dags/operators/request/senators.py
[2022-06-27 16:17:46,377] {processor.py:161} INFO - Processing /opt/airflow/dags/operators/request/senators.py took 0.371 seconds
[2022-06-27 16:18:17,362] {processor.py:153} INFO - Started process (PID=5800) to work on /opt/airflow/dags/operators/request/senators.py
[2022-06-27 16:18:17,364] {processor.py:641} INFO - Processing file /opt/airflow/dags/operators/request/senators.py for tasks to queue
[2022-06-27 16:18:17,366] {logging_mixin.py:115} INFO - [2022-06-27 16:18:17,365] {dagbag.py:507} INFO - Filling up the DagBag from /opt/airflow/dags/operators/request/senators.py
[2022-06-27 16:18:17,633] {processor.py:653} WARNING - No viable dags retrieved from /opt/airflow/dags/operators/request/senators.py
[2022-06-27 16:18:17,650] {processor.py:161} INFO - Processing /opt/airflow/dags/operators/request/senators.py took 0.290 seconds
[2022-06-27 16:18:47,933] {processor.py:153} INFO - Started process (PID=5865) to work on /opt/airflow/dags/operators/request/senators.py
[2022-06-27 16:18:47,935] {processor.py:641} INFO - Processing file /opt/airflow/dags/operators/request/senators.py for tasks to queue
[2022-06-27 16:18:47,936] {logging_mixin.py:115} INFO - [2022-06-27 16:18:47,936] {dagbag.py:507} INFO - Filling up the DagBag from /opt/airflow/dags/operators/request/senators.py
[2022-06-27 16:18:48,166] {processor.py:653} WARNING - No viable dags retrieved from /opt/airflow/dags/operators/request/senators.py
[2022-06-27 16:18:48,176] {processor.py:161} INFO - Processing /opt/airflow/dags/operators/request/senators.py took 0.245 seconds
[2022-06-27 16:19:18,275] {processor.py:153} INFO - Started process (PID=5922) to work on /opt/airflow/dags/operators/request/senators.py
[2022-06-27 16:19:18,285] {processor.py:641} INFO - Processing file /opt/airflow/dags/operators/request/senators.py for tasks to queue
[2022-06-27 16:19:18,287] {logging_mixin.py:115} INFO - [2022-06-27 16:19:18,287] {dagbag.py:507} INFO - Filling up the DagBag from /opt/airflow/dags/operators/request/senators.py
[2022-06-27 16:19:18,617] {processor.py:653} WARNING - No viable dags retrieved from /opt/airflow/dags/operators/request/senators.py
[2022-06-27 16:19:18,631] {processor.py:161} INFO - Processing /opt/airflow/dags/operators/request/senators.py took 0.359 seconds
[2022-06-27 16:19:48,894] {processor.py:153} INFO - Started process (PID=5986) to work on /opt/airflow/dags/operators/request/senators.py
[2022-06-27 16:19:48,895] {processor.py:641} INFO - Processing file /opt/airflow/dags/operators/request/senators.py for tasks to queue
[2022-06-27 16:19:48,897] {logging_mixin.py:115} INFO - [2022-06-27 16:19:48,897] {dagbag.py:507} INFO - Filling up the DagBag from /opt/airflow/dags/operators/request/senators.py
[2022-06-27 16:19:49,146] {processor.py:653} WARNING - No viable dags retrieved from /opt/airflow/dags/operators/request/senators.py
[2022-06-27 16:19:49,155] {processor.py:161} INFO - Processing /opt/airflow/dags/operators/request/senators.py took 0.263 seconds
[2022-06-27 16:20:19,268] {processor.py:153} INFO - Started process (PID=6052) to work on /opt/airflow/dags/operators/request/senators.py
[2022-06-27 16:20:19,270] {processor.py:641} INFO - Processing file /opt/airflow/dags/operators/request/senators.py for tasks to queue
[2022-06-27 16:20:19,271] {logging_mixin.py:115} INFO - [2022-06-27 16:20:19,271] {dagbag.py:507} INFO - Filling up the DagBag from /opt/airflow/dags/operators/request/senators.py
[2022-06-27 16:20:19,560] {processor.py:653} WARNING - No viable dags retrieved from /opt/airflow/dags/operators/request/senators.py
[2022-06-27 16:20:19,581] {processor.py:161} INFO - Processing /opt/airflow/dags/operators/request/senators.py took 0.315 seconds
[2022-06-27 16:20:50,337] {processor.py:153} INFO - Started process (PID=6118) to work on /opt/airflow/dags/operators/request/senators.py
[2022-06-27 16:20:50,338] {processor.py:641} INFO - Processing file /opt/airflow/dags/operators/request/senators.py for tasks to queue
[2022-06-27 16:20:50,339] {logging_mixin.py:115} INFO - [2022-06-27 16:20:50,339] {dagbag.py:507} INFO - Filling up the DagBag from /opt/airflow/dags/operators/request/senators.py
[2022-06-27 16:20:50,552] {processor.py:653} WARNING - No viable dags retrieved from /opt/airflow/dags/operators/request/senators.py
[2022-06-27 16:20:50,560] {processor.py:161} INFO - Processing /opt/airflow/dags/operators/request/senators.py took 0.226 seconds
[2022-06-27 16:21:20,897] {processor.py:153} INFO - Started process (PID=6182) to work on /opt/airflow/dags/operators/request/senators.py
[2022-06-27 16:21:20,898] {processor.py:641} INFO - Processing file /opt/airflow/dags/operators/request/senators.py for tasks to queue
[2022-06-27 16:21:20,900] {logging_mixin.py:115} INFO - [2022-06-27 16:21:20,900] {dagbag.py:507} INFO - Filling up the DagBag from /opt/airflow/dags/operators/request/senators.py
[2022-06-27 16:21:21,153] {processor.py:653} WARNING - No viable dags retrieved from /opt/airflow/dags/operators/request/senators.py
[2022-06-27 16:21:21,163] {processor.py:161} INFO - Processing /opt/airflow/dags/operators/request/senators.py took 0.268 seconds
[2022-06-27 16:21:51,840] {processor.py:153} INFO - Started process (PID=6247) to work on /opt/airflow/dags/operators/request/senators.py
[2022-06-27 16:21:51,841] {processor.py:641} INFO - Processing file /opt/airflow/dags/operators/request/senators.py for tasks to queue
[2022-06-27 16:21:51,842] {logging_mixin.py:115} INFO - [2022-06-27 16:21:51,842] {dagbag.py:507} INFO - Filling up the DagBag from /opt/airflow/dags/operators/request/senators.py
[2022-06-27 16:21:52,052] {processor.py:653} WARNING - No viable dags retrieved from /opt/airflow/dags/operators/request/senators.py
[2022-06-27 16:21:52,061] {processor.py:161} INFO - Processing /opt/airflow/dags/operators/request/senators.py took 0.224 seconds
[2022-06-27 16:22:22,539] {processor.py:153} INFO - Started process (PID=6303) to work on /opt/airflow/dags/operators/request/senators.py
[2022-06-27 16:22:22,543] {processor.py:641} INFO - Processing file /opt/airflow/dags/operators/request/senators.py for tasks to queue
[2022-06-27 16:22:22,545] {logging_mixin.py:115} INFO - [2022-06-27 16:22:22,545] {dagbag.py:507} INFO - Filling up the DagBag from /opt/airflow/dags/operators/request/senators.py
[2022-06-27 16:22:23,020] {processor.py:653} WARNING - No viable dags retrieved from /opt/airflow/dags/operators/request/senators.py
[2022-06-27 16:22:23,036] {processor.py:161} INFO - Processing /opt/airflow/dags/operators/request/senators.py took 0.500 seconds
[2022-06-27 16:22:53,334] {processor.py:153} INFO - Started process (PID=6368) to work on /opt/airflow/dags/operators/request/senators.py
[2022-06-27 16:22:53,335] {processor.py:641} INFO - Processing file /opt/airflow/dags/operators/request/senators.py for tasks to queue
[2022-06-27 16:22:53,336] {logging_mixin.py:115} INFO - [2022-06-27 16:22:53,336] {dagbag.py:507} INFO - Filling up the DagBag from /opt/airflow/dags/operators/request/senators.py
[2022-06-27 16:22:53,575] {processor.py:653} WARNING - No viable dags retrieved from /opt/airflow/dags/operators/request/senators.py
[2022-06-27 16:22:53,583] {processor.py:161} INFO - Processing /opt/airflow/dags/operators/request/senators.py took 0.251 seconds
[2022-06-27 16:23:24,026] {processor.py:153} INFO - Started process (PID=6432) to work on /opt/airflow/dags/operators/request/senators.py
[2022-06-27 16:23:24,027] {processor.py:641} INFO - Processing file /opt/airflow/dags/operators/request/senators.py for tasks to queue
[2022-06-27 16:23:24,028] {logging_mixin.py:115} INFO - [2022-06-27 16:23:24,028] {dagbag.py:507} INFO - Filling up the DagBag from /opt/airflow/dags/operators/request/senators.py
[2022-06-27 16:23:24,322] {processor.py:653} WARNING - No viable dags retrieved from /opt/airflow/dags/operators/request/senators.py
[2022-06-27 16:23:24,329] {processor.py:161} INFO - Processing /opt/airflow/dags/operators/request/senators.py took 0.306 seconds
[2022-06-27 16:23:54,932] {processor.py:153} INFO - Started process (PID=6497) to work on /opt/airflow/dags/operators/request/senators.py
[2022-06-27 16:23:54,935] {processor.py:641} INFO - Processing file /opt/airflow/dags/operators/request/senators.py for tasks to queue
[2022-06-27 16:23:54,937] {logging_mixin.py:115} INFO - [2022-06-27 16:23:54,937] {dagbag.py:507} INFO - Filling up the DagBag from /opt/airflow/dags/operators/request/senators.py
[2022-06-27 16:23:55,256] {processor.py:653} WARNING - No viable dags retrieved from /opt/airflow/dags/operators/request/senators.py
[2022-06-27 16:23:55,267] {processor.py:161} INFO - Processing /opt/airflow/dags/operators/request/senators.py took 0.337 seconds
[2022-06-27 16:24:25,721] {processor.py:153} INFO - Started process (PID=6563) to work on /opt/airflow/dags/operators/request/senators.py
[2022-06-27 16:24:25,734] {processor.py:641} INFO - Processing file /opt/airflow/dags/operators/request/senators.py for tasks to queue
[2022-06-27 16:24:25,737] {logging_mixin.py:115} INFO - [2022-06-27 16:24:25,737] {dagbag.py:507} INFO - Filling up the DagBag from /opt/airflow/dags/operators/request/senators.py
[2022-06-27 16:24:26,221] {processor.py:653} WARNING - No viable dags retrieved from /opt/airflow/dags/operators/request/senators.py
[2022-06-27 16:24:26,229] {processor.py:161} INFO - Processing /opt/airflow/dags/operators/request/senators.py took 0.510 seconds
[2022-06-27 16:24:56,470] {processor.py:153} INFO - Started process (PID=6618) to work on /opt/airflow/dags/operators/request/senators.py
[2022-06-27 16:24:56,471] {processor.py:641} INFO - Processing file /opt/airflow/dags/operators/request/senators.py for tasks to queue
[2022-06-27 16:24:56,472] {logging_mixin.py:115} INFO - [2022-06-27 16:24:56,472] {dagbag.py:507} INFO - Filling up the DagBag from /opt/airflow/dags/operators/request/senators.py
[2022-06-27 16:24:56,791] {processor.py:653} WARNING - No viable dags retrieved from /opt/airflow/dags/operators/request/senators.py
[2022-06-27 16:24:56,813] {processor.py:161} INFO - Processing /opt/airflow/dags/operators/request/senators.py took 0.346 seconds
[2022-06-27 16:25:26,888] {processor.py:153} INFO - Started process (PID=6682) to work on /opt/airflow/dags/operators/request/senators.py
[2022-06-27 16:25:26,890] {processor.py:641} INFO - Processing file /opt/airflow/dags/operators/request/senators.py for tasks to queue
[2022-06-27 16:25:26,891] {logging_mixin.py:115} INFO - [2022-06-27 16:25:26,891] {dagbag.py:507} INFO - Filling up the DagBag from /opt/airflow/dags/operators/request/senators.py
[2022-06-27 16:25:27,405] {processor.py:653} WARNING - No viable dags retrieved from /opt/airflow/dags/operators/request/senators.py
[2022-06-27 16:25:27,414] {processor.py:161} INFO - Processing /opt/airflow/dags/operators/request/senators.py took 0.529 seconds
[2022-06-27 16:25:57,550] {processor.py:153} INFO - Started process (PID=6748) to work on /opt/airflow/dags/operators/request/senators.py
[2022-06-27 16:25:57,552] {processor.py:641} INFO - Processing file /opt/airflow/dags/operators/request/senators.py for tasks to queue
[2022-06-27 16:25:57,553] {logging_mixin.py:115} INFO - [2022-06-27 16:25:57,553] {dagbag.py:507} INFO - Filling up the DagBag from /opt/airflow/dags/operators/request/senators.py
[2022-06-27 16:25:57,798] {processor.py:653} WARNING - No viable dags retrieved from /opt/airflow/dags/operators/request/senators.py
[2022-06-27 16:25:57,808] {processor.py:161} INFO - Processing /opt/airflow/dags/operators/request/senators.py took 0.260 seconds
[2022-06-27 16:26:28,262] {processor.py:153} INFO - Started process (PID=6813) to work on /opt/airflow/dags/operators/request/senators.py
[2022-06-27 16:26:28,264] {processor.py:641} INFO - Processing file /opt/airflow/dags/operators/request/senators.py for tasks to queue
[2022-06-27 16:26:28,265] {logging_mixin.py:115} INFO - [2022-06-27 16:26:28,265] {dagbag.py:507} INFO - Filling up the DagBag from /opt/airflow/dags/operators/request/senators.py
[2022-06-27 16:26:28,492] {processor.py:653} WARNING - No viable dags retrieved from /opt/airflow/dags/operators/request/senators.py
[2022-06-27 16:26:28,501] {processor.py:161} INFO - Processing /opt/airflow/dags/operators/request/senators.py took 0.242 seconds
[2022-06-27 16:26:58,875] {processor.py:153} INFO - Started process (PID=6878) to work on /opt/airflow/dags/operators/request/senators.py
[2022-06-27 16:26:58,876] {processor.py:641} INFO - Processing file /opt/airflow/dags/operators/request/senators.py for tasks to queue
[2022-06-27 16:26:58,882] {logging_mixin.py:115} INFO - [2022-06-27 16:26:58,882] {dagbag.py:507} INFO - Filling up the DagBag from /opt/airflow/dags/operators/request/senators.py
[2022-06-27 16:26:59,175] {processor.py:653} WARNING - No viable dags retrieved from /opt/airflow/dags/operators/request/senators.py
[2022-06-27 16:26:59,192] {processor.py:161} INFO - Processing /opt/airflow/dags/operators/request/senators.py took 0.320 seconds
[2022-06-27 16:27:29,432] {processor.py:153} INFO - Started process (PID=6934) to work on /opt/airflow/dags/operators/request/senators.py
[2022-06-27 16:27:29,435] {processor.py:641} INFO - Processing file /opt/airflow/dags/operators/request/senators.py for tasks to queue
[2022-06-27 16:27:29,436] {logging_mixin.py:115} INFO - [2022-06-27 16:27:29,436] {dagbag.py:507} INFO - Filling up the DagBag from /opt/airflow/dags/operators/request/senators.py
[2022-06-27 16:27:29,707] {processor.py:653} WARNING - No viable dags retrieved from /opt/airflow/dags/operators/request/senators.py
[2022-06-27 16:27:29,716] {processor.py:161} INFO - Processing /opt/airflow/dags/operators/request/senators.py took 0.286 seconds
[2022-06-27 16:28:00,397] {processor.py:153} INFO - Started process (PID=6999) to work on /opt/airflow/dags/operators/request/senators.py
[2022-06-27 16:28:00,399] {processor.py:641} INFO - Processing file /opt/airflow/dags/operators/request/senators.py for tasks to queue
[2022-06-27 16:28:00,400] {logging_mixin.py:115} INFO - [2022-06-27 16:28:00,400] {dagbag.py:507} INFO - Filling up the DagBag from /opt/airflow/dags/operators/request/senators.py
[2022-06-27 16:28:00,657] {processor.py:653} WARNING - No viable dags retrieved from /opt/airflow/dags/operators/request/senators.py
[2022-06-27 16:28:00,685] {processor.py:161} INFO - Processing /opt/airflow/dags/operators/request/senators.py took 0.290 seconds
[2022-06-27 16:28:31,620] {processor.py:153} INFO - Started process (PID=7062) to work on /opt/airflow/dags/operators/request/senators.py
[2022-06-27 16:28:31,622] {processor.py:641} INFO - Processing file /opt/airflow/dags/operators/request/senators.py for tasks to queue
[2022-06-27 16:28:31,623] {logging_mixin.py:115} INFO - [2022-06-27 16:28:31,623] {dagbag.py:507} INFO - Filling up the DagBag from /opt/airflow/dags/operators/request/senators.py
[2022-06-27 16:28:31,839] {processor.py:653} WARNING - No viable dags retrieved from /opt/airflow/dags/operators/request/senators.py
[2022-06-27 16:28:31,848] {processor.py:161} INFO - Processing /opt/airflow/dags/operators/request/senators.py took 0.230 seconds
[2022-06-27 16:29:02,054] {processor.py:153} INFO - Started process (PID=7125) to work on /opt/airflow/dags/operators/request/senators.py
[2022-06-27 16:29:02,057] {processor.py:641} INFO - Processing file /opt/airflow/dags/operators/request/senators.py for tasks to queue
[2022-06-27 16:29:02,058] {logging_mixin.py:115} INFO - [2022-06-27 16:29:02,058] {dagbag.py:507} INFO - Filling up the DagBag from /opt/airflow/dags/operators/request/senators.py
[2022-06-27 16:29:02,295] {processor.py:653} WARNING - No viable dags retrieved from /opt/airflow/dags/operators/request/senators.py
[2022-06-27 16:29:02,308] {processor.py:161} INFO - Processing /opt/airflow/dags/operators/request/senators.py took 0.256 seconds
[2022-06-27 16:29:32,871] {processor.py:153} INFO - Started process (PID=7190) to work on /opt/airflow/dags/operators/request/senators.py
[2022-06-27 16:29:32,874] {processor.py:641} INFO - Processing file /opt/airflow/dags/operators/request/senators.py for tasks to queue
[2022-06-27 16:29:32,876] {logging_mixin.py:115} INFO - [2022-06-27 16:29:32,876] {dagbag.py:507} INFO - Filling up the DagBag from /opt/airflow/dags/operators/request/senators.py
[2022-06-27 16:29:33,103] {processor.py:653} WARNING - No viable dags retrieved from /opt/airflow/dags/operators/request/senators.py
[2022-06-27 16:29:33,112] {processor.py:161} INFO - Processing /opt/airflow/dags/operators/request/senators.py took 0.246 seconds
[2022-06-27 16:30:03,731] {processor.py:153} INFO - Started process (PID=7253) to work on /opt/airflow/dags/operators/request/senators.py
[2022-06-27 16:30:03,733] {processor.py:641} INFO - Processing file /opt/airflow/dags/operators/request/senators.py for tasks to queue
[2022-06-27 16:30:03,735] {logging_mixin.py:115} INFO - [2022-06-27 16:30:03,735] {dagbag.py:507} INFO - Filling up the DagBag from /opt/airflow/dags/operators/request/senators.py
[2022-06-27 16:30:04,026] {processor.py:653} WARNING - No viable dags retrieved from /opt/airflow/dags/operators/request/senators.py
[2022-06-27 16:30:04,037] {processor.py:161} INFO - Processing /opt/airflow/dags/operators/request/senators.py took 0.308 seconds
[2022-06-27 16:30:34,629] {processor.py:153} INFO - Started process (PID=7308) to work on /opt/airflow/dags/operators/request/senators.py
[2022-06-27 16:30:34,630] {processor.py:641} INFO - Processing file /opt/airflow/dags/operators/request/senators.py for tasks to queue
[2022-06-27 16:30:34,631] {logging_mixin.py:115} INFO - [2022-06-27 16:30:34,631] {dagbag.py:507} INFO - Filling up the DagBag from /opt/airflow/dags/operators/request/senators.py
[2022-06-27 16:30:34,854] {processor.py:653} WARNING - No viable dags retrieved from /opt/airflow/dags/operators/request/senators.py
[2022-06-27 16:30:34,862] {processor.py:161} INFO - Processing /opt/airflow/dags/operators/request/senators.py took 0.235 seconds
[2022-06-27 16:31:05,744] {processor.py:153} INFO - Started process (PID=7373) to work on /opt/airflow/dags/operators/request/senators.py
[2022-06-27 16:31:05,746] {processor.py:641} INFO - Processing file /opt/airflow/dags/operators/request/senators.py for tasks to queue
[2022-06-27 16:31:05,747] {logging_mixin.py:115} INFO - [2022-06-27 16:31:05,747] {dagbag.py:507} INFO - Filling up the DagBag from /opt/airflow/dags/operators/request/senators.py
[2022-06-27 16:31:05,991] {processor.py:653} WARNING - No viable dags retrieved from /opt/airflow/dags/operators/request/senators.py
[2022-06-27 16:31:05,999] {processor.py:161} INFO - Processing /opt/airflow/dags/operators/request/senators.py took 0.257 seconds
[2022-06-27 16:31:36,455] {processor.py:153} INFO - Started process (PID=7438) to work on /opt/airflow/dags/operators/request/senators.py
[2022-06-27 16:31:36,457] {processor.py:641} INFO - Processing file /opt/airflow/dags/operators/request/senators.py for tasks to queue
[2022-06-27 16:31:36,458] {logging_mixin.py:115} INFO - [2022-06-27 16:31:36,458] {dagbag.py:507} INFO - Filling up the DagBag from /opt/airflow/dags/operators/request/senators.py
[2022-06-27 16:31:36,948] {processor.py:653} WARNING - No viable dags retrieved from /opt/airflow/dags/operators/request/senators.py
[2022-06-27 16:31:36,967] {processor.py:161} INFO - Processing /opt/airflow/dags/operators/request/senators.py took 0.514 seconds
[2022-06-27 16:32:07,463] {processor.py:153} INFO - Started process (PID=7503) to work on /opt/airflow/dags/operators/request/senators.py
[2022-06-27 16:32:07,468] {processor.py:641} INFO - Processing file /opt/airflow/dags/operators/request/senators.py for tasks to queue
[2022-06-27 16:32:07,469] {logging_mixin.py:115} INFO - [2022-06-27 16:32:07,469] {dagbag.py:507} INFO - Filling up the DagBag from /opt/airflow/dags/operators/request/senators.py
[2022-06-27 16:32:08,008] {processor.py:653} WARNING - No viable dags retrieved from /opt/airflow/dags/operators/request/senators.py
[2022-06-27 16:32:08,025] {processor.py:161} INFO - Processing /opt/airflow/dags/operators/request/senators.py took 0.568 seconds
[2022-06-27 16:32:38,119] {processor.py:153} INFO - Started process (PID=7572) to work on /opt/airflow/dags/operators/request/senators.py
[2022-06-27 16:32:38,120] {processor.py:641} INFO - Processing file /opt/airflow/dags/operators/request/senators.py for tasks to queue
[2022-06-27 16:32:38,122] {logging_mixin.py:115} INFO - [2022-06-27 16:32:38,122] {dagbag.py:507} INFO - Filling up the DagBag from /opt/airflow/dags/operators/request/senators.py
[2022-06-27 16:32:38,331] {processor.py:653} WARNING - No viable dags retrieved from /opt/airflow/dags/operators/request/senators.py
[2022-06-27 16:32:38,339] {processor.py:161} INFO - Processing /opt/airflow/dags/operators/request/senators.py took 0.222 seconds
[2022-06-27 16:33:08,509] {processor.py:153} INFO - Started process (PID=7624) to work on /opt/airflow/dags/operators/request/senators.py
[2022-06-27 16:33:08,512] {processor.py:641} INFO - Processing file /opt/airflow/dags/operators/request/senators.py for tasks to queue
[2022-06-27 16:33:08,518] {logging_mixin.py:115} INFO - [2022-06-27 16:33:08,518] {dagbag.py:507} INFO - Filling up the DagBag from /opt/airflow/dags/operators/request/senators.py
[2022-06-27 16:33:08,800] {processor.py:653} WARNING - No viable dags retrieved from /opt/airflow/dags/operators/request/senators.py
[2022-06-27 16:33:08,810] {processor.py:161} INFO - Processing /opt/airflow/dags/operators/request/senators.py took 0.304 seconds
[2022-06-27 16:33:39,570] {processor.py:153} INFO - Started process (PID=7688) to work on /opt/airflow/dags/operators/request/senators.py
[2022-06-27 16:33:39,572] {processor.py:641} INFO - Processing file /opt/airflow/dags/operators/request/senators.py for tasks to queue
[2022-06-27 16:33:39,574] {logging_mixin.py:115} INFO - [2022-06-27 16:33:39,574] {dagbag.py:507} INFO - Filling up the DagBag from /opt/airflow/dags/operators/request/senators.py
[2022-06-27 16:33:39,859] {processor.py:653} WARNING - No viable dags retrieved from /opt/airflow/dags/operators/request/senators.py
[2022-06-27 16:33:39,869] {processor.py:161} INFO - Processing /opt/airflow/dags/operators/request/senators.py took 0.302 seconds
[2022-06-27 16:34:10,052] {processor.py:153} INFO - Started process (PID=7753) to work on /opt/airflow/dags/operators/request/senators.py
[2022-06-27 16:34:10,054] {processor.py:641} INFO - Processing file /opt/airflow/dags/operators/request/senators.py for tasks to queue
[2022-06-27 16:34:10,055] {logging_mixin.py:115} INFO - [2022-06-27 16:34:10,055] {dagbag.py:507} INFO - Filling up the DagBag from /opt/airflow/dags/operators/request/senators.py
[2022-06-27 16:34:10,317] {processor.py:653} WARNING - No viable dags retrieved from /opt/airflow/dags/operators/request/senators.py
[2022-06-27 16:34:10,327] {processor.py:161} INFO - Processing /opt/airflow/dags/operators/request/senators.py took 0.279 seconds
[2022-06-27 16:34:40,857] {processor.py:153} INFO - Started process (PID=7817) to work on /opt/airflow/dags/operators/request/senators.py
[2022-06-27 16:34:40,859] {processor.py:641} INFO - Processing file /opt/airflow/dags/operators/request/senators.py for tasks to queue
[2022-06-27 16:34:40,861] {logging_mixin.py:115} INFO - [2022-06-27 16:34:40,861] {dagbag.py:507} INFO - Filling up the DagBag from /opt/airflow/dags/operators/request/senators.py
[2022-06-27 16:34:41,236] {processor.py:653} WARNING - No viable dags retrieved from /opt/airflow/dags/operators/request/senators.py
[2022-06-27 16:34:41,251] {processor.py:161} INFO - Processing /opt/airflow/dags/operators/request/senators.py took 0.397 seconds
[2022-06-27 16:35:12,187] {processor.py:153} INFO - Started process (PID=7883) to work on /opt/airflow/dags/operators/request/senators.py
[2022-06-27 16:35:12,189] {processor.py:641} INFO - Processing file /opt/airflow/dags/operators/request/senators.py for tasks to queue
[2022-06-27 16:35:12,190] {logging_mixin.py:115} INFO - [2022-06-27 16:35:12,190] {dagbag.py:507} INFO - Filling up the DagBag from /opt/airflow/dags/operators/request/senators.py
[2022-06-27 16:35:12,437] {processor.py:653} WARNING - No viable dags retrieved from /opt/airflow/dags/operators/request/senators.py
[2022-06-27 16:35:12,449] {processor.py:161} INFO - Processing /opt/airflow/dags/operators/request/senators.py took 0.264 seconds
[2022-06-27 16:35:42,774] {processor.py:153} INFO - Started process (PID=7946) to work on /opt/airflow/dags/operators/request/senators.py
[2022-06-27 16:35:42,776] {processor.py:641} INFO - Processing file /opt/airflow/dags/operators/request/senators.py for tasks to queue
[2022-06-27 16:35:42,778] {logging_mixin.py:115} INFO - [2022-06-27 16:35:42,778] {dagbag.py:507} INFO - Filling up the DagBag from /opt/airflow/dags/operators/request/senators.py
[2022-06-27 16:35:43,153] {processor.py:653} WARNING - No viable dags retrieved from /opt/airflow/dags/operators/request/senators.py
[2022-06-27 16:35:43,163] {processor.py:161} INFO - Processing /opt/airflow/dags/operators/request/senators.py took 0.399 seconds
[2022-06-27 16:36:13,233] {processor.py:153} INFO - Started process (PID=8003) to work on /opt/airflow/dags/operators/request/senators.py
[2022-06-27 16:36:13,235] {processor.py:641} INFO - Processing file /opt/airflow/dags/operators/request/senators.py for tasks to queue
[2022-06-27 16:36:13,236] {logging_mixin.py:115} INFO - [2022-06-27 16:36:13,236] {dagbag.py:507} INFO - Filling up the DagBag from /opt/airflow/dags/operators/request/senators.py
[2022-06-27 16:36:13,716] {processor.py:653} WARNING - No viable dags retrieved from /opt/airflow/dags/operators/request/senators.py
[2022-06-27 16:36:13,726] {processor.py:161} INFO - Processing /opt/airflow/dags/operators/request/senators.py took 0.495 seconds
[2022-06-27 16:36:44,571] {processor.py:153} INFO - Started process (PID=8070) to work on /opt/airflow/dags/operators/request/senators.py
[2022-06-27 16:36:44,576] {processor.py:641} INFO - Processing file /opt/airflow/dags/operators/request/senators.py for tasks to queue
[2022-06-27 16:36:44,578] {logging_mixin.py:115} INFO - [2022-06-27 16:36:44,578] {dagbag.py:507} INFO - Filling up the DagBag from /opt/airflow/dags/operators/request/senators.py
[2022-06-27 16:36:45,056] {processor.py:653} WARNING - No viable dags retrieved from /opt/airflow/dags/operators/request/senators.py
[2022-06-27 16:36:45,066] {processor.py:161} INFO - Processing /opt/airflow/dags/operators/request/senators.py took 0.498 seconds
[2022-06-27 16:37:15,673] {processor.py:153} INFO - Started process (PID=8136) to work on /opt/airflow/dags/operators/request/senators.py
[2022-06-27 16:37:15,680] {processor.py:641} INFO - Processing file /opt/airflow/dags/operators/request/senators.py for tasks to queue
[2022-06-27 16:37:15,682] {logging_mixin.py:115} INFO - [2022-06-27 16:37:15,682] {dagbag.py:507} INFO - Filling up the DagBag from /opt/airflow/dags/operators/request/senators.py
[2022-06-27 16:37:16,028] {processor.py:653} WARNING - No viable dags retrieved from /opt/airflow/dags/operators/request/senators.py
[2022-06-27 16:37:16,037] {processor.py:161} INFO - Processing /opt/airflow/dags/operators/request/senators.py took 0.369 seconds
[2022-06-27 16:37:46,113] {processor.py:153} INFO - Started process (PID=8201) to work on /opt/airflow/dags/operators/request/senators.py
[2022-06-27 16:37:46,114] {processor.py:641} INFO - Processing file /opt/airflow/dags/operators/request/senators.py for tasks to queue
[2022-06-27 16:37:46,116] {logging_mixin.py:115} INFO - [2022-06-27 16:37:46,116] {dagbag.py:507} INFO - Filling up the DagBag from /opt/airflow/dags/operators/request/senators.py
[2022-06-27 16:37:46,600] {processor.py:653} WARNING - No viable dags retrieved from /opt/airflow/dags/operators/request/senators.py
[2022-06-27 16:37:46,611] {processor.py:161} INFO - Processing /opt/airflow/dags/operators/request/senators.py took 0.500 seconds
[2022-06-27 16:38:16,715] {processor.py:153} INFO - Started process (PID=8267) to work on /opt/airflow/dags/operators/request/senators.py
[2022-06-27 16:38:16,716] {processor.py:641} INFO - Processing file /opt/airflow/dags/operators/request/senators.py for tasks to queue
[2022-06-27 16:38:16,717] {logging_mixin.py:115} INFO - [2022-06-27 16:38:16,717] {dagbag.py:507} INFO - Filling up the DagBag from /opt/airflow/dags/operators/request/senators.py
[2022-06-27 16:38:17,244] {processor.py:653} WARNING - No viable dags retrieved from /opt/airflow/dags/operators/request/senators.py
[2022-06-27 16:38:17,256] {processor.py:161} INFO - Processing /opt/airflow/dags/operators/request/senators.py took 0.544 seconds
[2022-06-27 16:38:47,869] {processor.py:153} INFO - Started process (PID=8322) to work on /opt/airflow/dags/operators/request/senators.py
[2022-06-27 16:38:47,871] {processor.py:641} INFO - Processing file /opt/airflow/dags/operators/request/senators.py for tasks to queue
[2022-06-27 16:38:47,872] {logging_mixin.py:115} INFO - [2022-06-27 16:38:47,872] {dagbag.py:507} INFO - Filling up the DagBag from /opt/airflow/dags/operators/request/senators.py
[2022-06-27 16:38:48,141] {processor.py:653} WARNING - No viable dags retrieved from /opt/airflow/dags/operators/request/senators.py
[2022-06-27 16:38:48,150] {processor.py:161} INFO - Processing /opt/airflow/dags/operators/request/senators.py took 0.284 seconds
[2022-06-27 16:39:18,269] {processor.py:153} INFO - Started process (PID=8386) to work on /opt/airflow/dags/operators/request/senators.py
[2022-06-27 16:39:18,272] {processor.py:641} INFO - Processing file /opt/airflow/dags/operators/request/senators.py for tasks to queue
[2022-06-27 16:39:18,273] {logging_mixin.py:115} INFO - [2022-06-27 16:39:18,273] {dagbag.py:507} INFO - Filling up the DagBag from /opt/airflow/dags/operators/request/senators.py
[2022-06-27 16:39:18,527] {processor.py:653} WARNING - No viable dags retrieved from /opt/airflow/dags/operators/request/senators.py
[2022-06-27 16:39:18,536] {processor.py:161} INFO - Processing /opt/airflow/dags/operators/request/senators.py took 0.270 seconds
[2022-06-27 16:39:48,977] {processor.py:153} INFO - Started process (PID=8450) to work on /opt/airflow/dags/operators/request/senators.py
[2022-06-27 16:39:48,979] {processor.py:641} INFO - Processing file /opt/airflow/dags/operators/request/senators.py for tasks to queue
[2022-06-27 16:39:48,980] {logging_mixin.py:115} INFO - [2022-06-27 16:39:48,980] {dagbag.py:507} INFO - Filling up the DagBag from /opt/airflow/dags/operators/request/senators.py
[2022-06-27 16:39:49,208] {processor.py:653} WARNING - No viable dags retrieved from /opt/airflow/dags/operators/request/senators.py
[2022-06-27 16:39:49,218] {processor.py:161} INFO - Processing /opt/airflow/dags/operators/request/senators.py took 0.243 seconds
[2022-06-27 16:40:19,291] {processor.py:153} INFO - Started process (PID=8514) to work on /opt/airflow/dags/operators/request/senators.py
[2022-06-27 16:40:19,293] {processor.py:641} INFO - Processing file /opt/airflow/dags/operators/request/senators.py for tasks to queue
[2022-06-27 16:40:19,294] {logging_mixin.py:115} INFO - [2022-06-27 16:40:19,294] {dagbag.py:507} INFO - Filling up the DagBag from /opt/airflow/dags/operators/request/senators.py
[2022-06-27 16:40:19,598] {processor.py:653} WARNING - No viable dags retrieved from /opt/airflow/dags/operators/request/senators.py
[2022-06-27 16:40:19,619] {processor.py:161} INFO - Processing /opt/airflow/dags/operators/request/senators.py took 0.331 seconds
[2022-06-27 16:40:49,992] {processor.py:153} INFO - Started process (PID=8570) to work on /opt/airflow/dags/operators/request/senators.py
[2022-06-27 16:40:49,995] {processor.py:641} INFO - Processing file /opt/airflow/dags/operators/request/senators.py for tasks to queue
[2022-06-27 16:40:49,996] {logging_mixin.py:115} INFO - [2022-06-27 16:40:49,996] {dagbag.py:507} INFO - Filling up the DagBag from /opt/airflow/dags/operators/request/senators.py
[2022-06-27 16:40:50,287] {processor.py:653} WARNING - No viable dags retrieved from /opt/airflow/dags/operators/request/senators.py
[2022-06-27 16:40:50,303] {processor.py:161} INFO - Processing /opt/airflow/dags/operators/request/senators.py took 0.314 seconds
[2022-06-27 16:41:20,859] {processor.py:153} INFO - Started process (PID=8633) to work on /opt/airflow/dags/operators/request/senators.py
[2022-06-27 16:41:20,860] {processor.py:641} INFO - Processing file /opt/airflow/dags/operators/request/senators.py for tasks to queue
[2022-06-27 16:41:20,863] {logging_mixin.py:115} INFO - [2022-06-27 16:41:20,862] {dagbag.py:507} INFO - Filling up the DagBag from /opt/airflow/dags/operators/request/senators.py
[2022-06-27 16:41:21,451] {processor.py:653} WARNING - No viable dags retrieved from /opt/airflow/dags/operators/request/senators.py
[2022-06-27 16:41:21,468] {processor.py:161} INFO - Processing /opt/airflow/dags/operators/request/senators.py took 0.612 seconds
[2022-06-27 16:41:52,366] {processor.py:153} INFO - Started process (PID=8697) to work on /opt/airflow/dags/operators/request/senators.py
[2022-06-27 16:41:52,367] {processor.py:641} INFO - Processing file /opt/airflow/dags/operators/request/senators.py for tasks to queue
[2022-06-27 16:41:52,370] {logging_mixin.py:115} INFO - [2022-06-27 16:41:52,370] {dagbag.py:507} INFO - Filling up the DagBag from /opt/airflow/dags/operators/request/senators.py
[2022-06-27 16:41:52,622] {processor.py:653} WARNING - No viable dags retrieved from /opt/airflow/dags/operators/request/senators.py
[2022-06-27 16:41:52,633] {processor.py:161} INFO - Processing /opt/airflow/dags/operators/request/senators.py took 0.269 seconds
[2022-06-27 16:42:22,827] {processor.py:153} INFO - Started process (PID=8763) to work on /opt/airflow/dags/operators/request/senators.py
[2022-06-27 16:42:22,829] {processor.py:641} INFO - Processing file /opt/airflow/dags/operators/request/senators.py for tasks to queue
[2022-06-27 16:42:22,830] {logging_mixin.py:115} INFO - [2022-06-27 16:42:22,830] {dagbag.py:507} INFO - Filling up the DagBag from /opt/airflow/dags/operators/request/senators.py
[2022-06-27 16:42:23,147] {processor.py:653} WARNING - No viable dags retrieved from /opt/airflow/dags/operators/request/senators.py
[2022-06-27 16:42:23,160] {processor.py:161} INFO - Processing /opt/airflow/dags/operators/request/senators.py took 0.335 seconds
