[2022-06-14 22:24:21,001] {taskinstance.py:1159} INFO - Dependencies all met for <TaskInstance: tutorial_request.print_date manual__2022-06-14T22:24:19.928051+00:00 [queued]>
[2022-06-14 22:24:21,014] {taskinstance.py:1159} INFO - Dependencies all met for <TaskInstance: tutorial_request.print_date manual__2022-06-14T22:24:19.928051+00:00 [queued]>
[2022-06-14 22:24:21,015] {taskinstance.py:1356} INFO - 
--------------------------------------------------------------------------------
[2022-06-14 22:24:21,016] {taskinstance.py:1357} INFO - Starting attempt 1 of 2
[2022-06-14 22:24:21,018] {taskinstance.py:1358} INFO - 
--------------------------------------------------------------------------------
[2022-06-14 22:24:21,031] {taskinstance.py:1377} INFO - Executing <Task(BashOperator): print_date> on 2022-06-14 22:24:19.928051+00:00
[2022-06-14 22:24:21,037] {standard_task_runner.py:52} INFO - Started process 7482 to run task
[2022-06-14 22:24:21,040] {standard_task_runner.py:79} INFO - Running: ['***', 'tasks', 'run', 'tutorial_request', 'print_date', 'manual__2022-06-14T22:24:19.928051+00:00', '--job-id', '27', '--raw', '--subdir', 'DAGS_FOLDER/hello.py', '--cfg-path', '/tmp/tmptyzqdw96', '--error-file', '/tmp/tmpmplzkv2l']
[2022-06-14 22:24:21,043] {standard_task_runner.py:80} INFO - Job 27: Subtask print_date
[2022-06-14 22:24:21,103] {task_command.py:370} INFO - Running <TaskInstance: tutorial_request.print_date manual__2022-06-14T22:24:19.928051+00:00 [running]> on host c19de67e094a
[2022-06-14 22:24:21,171] {taskinstance.py:1571} INFO - Exporting the following env vars:
AIRFLOW_CTX_DAG_EMAIL=***@example.com
AIRFLOW_CTX_DAG_OWNER=***
AIRFLOW_CTX_DAG_ID=tutorial_request
AIRFLOW_CTX_TASK_ID=print_date
AIRFLOW_CTX_EXECUTION_DATE=2022-06-14T22:24:19.928051+00:00
AIRFLOW_CTX_TRY_NUMBER=1
AIRFLOW_CTX_DAG_RUN_ID=manual__2022-06-14T22:24:19.928051+00:00
[2022-06-14 22:24:21,174] {subprocess.py:62} INFO - Tmp dir root location: 
 /tmp
[2022-06-14 22:24:21,178] {subprocess.py:74} INFO - Running command: ['bash', '-c', 'date']
[2022-06-14 22:24:21,191] {subprocess.py:85} INFO - Output:
[2022-06-14 22:24:21,193] {subprocess.py:92} INFO - Tue Jun 14 22:24:21 UTC 2022
[2022-06-14 22:24:21,195] {subprocess.py:96} INFO - Command exited with return code 0
[2022-06-14 22:24:21,217] {taskinstance.py:1400} INFO - Marking task as SUCCESS. dag_id=tutorial_request, task_id=print_date, execution_date=20220614T222419, start_date=20220614T222421, end_date=20220614T222421
[2022-06-14 22:24:21,253] {local_task_job.py:156} INFO - Task exited with return code 0
[2022-06-14 22:24:21,288] {local_task_job.py:273} INFO - 1 downstream tasks scheduled from follow-on schedule check
