[2022-09-20 23:41:26,208] {taskinstance.py:1159} INFO - Dependencies all met for <TaskInstance: tutorial_request.silver_votation_by_senator manual__2022-09-20T23:41:22.605190+00:00 [queued]>
[2022-09-20 23:41:26,255] {taskinstance.py:1159} INFO - Dependencies all met for <TaskInstance: tutorial_request.silver_votation_by_senator manual__2022-09-20T23:41:22.605190+00:00 [queued]>
[2022-09-20 23:41:26,259] {taskinstance.py:1356} INFO - 
--------------------------------------------------------------------------------
[2022-09-20 23:41:26,260] {taskinstance.py:1357} INFO - Starting attempt 1 of 2
[2022-09-20 23:41:26,261] {taskinstance.py:1358} INFO - 
--------------------------------------------------------------------------------
[2022-09-20 23:41:26,283] {taskinstance.py:1377} INFO - Executing <Task(SimpleHttpOperator): silver_votation_by_senator> on 2022-09-20 23:41:22.605190+00:00
[2022-09-20 23:41:26,295] {standard_task_runner.py:52} INFO - Started process 419 to run task
[2022-09-20 23:41:26,304] {standard_task_runner.py:79} INFO - Running: ['***', 'tasks', 'run', 'tutorial_request', 'silver_votation_by_senator', 'manual__2022-09-20T23:41:22.605190+00:00', '--job-id', '145', '--raw', '--subdir', 'DAGS_FOLDER/hello.py', '--cfg-path', '/tmp/tmps16qvycz', '--error-file', '/tmp/tmpjk57q1ce']
[2022-09-20 23:41:26,305] {standard_task_runner.py:80} INFO - Job 145: Subtask silver_votation_by_senator
[2022-09-20 23:41:26,444] {task_command.py:370} INFO - Running <TaskInstance: tutorial_request.silver_votation_by_senator manual__2022-09-20T23:41:22.605190+00:00 [running]> on host 6e14261407f3
[2022-09-20 23:41:26,591] {taskinstance.py:1571} INFO - Exporting the following env vars:
AIRFLOW_CTX_DAG_EMAIL=***@example.com
AIRFLOW_CTX_DAG_OWNER=***
AIRFLOW_CTX_DAG_ID=tutorial_request
AIRFLOW_CTX_TASK_ID=silver_votation_by_senator
AIRFLOW_CTX_EXECUTION_DATE=2022-09-20T23:41:22.605190+00:00
AIRFLOW_CTX_TRY_NUMBER=1
AIRFLOW_CTX_DAG_RUN_ID=manual__2022-09-20T23:41:22.605190+00:00
[2022-09-20 23:41:26,593] {http.py:102} INFO - Calling HTTP method
[2022-09-20 23:41:26,608] {base.py:68} INFO - Using connection ID 'request_lakehouse' for task execution.
[2022-09-20 23:41:26,616] {http.py:129} INFO - Sending 'GET' to url: http://host.docker.internal:5000/silver/votation_by_senator
[2022-09-20 23:41:29,594] {logging_mixin.py:115} INFO - RESPONSE <Response [200]>
[2022-09-20 23:41:29,595] {hello.py:15} INFO - REQUEST SUCCESS
[2022-09-20 23:41:29,615] {taskinstance.py:1400} INFO - Marking task as SUCCESS. dag_id=tutorial_request, task_id=silver_votation_by_senator, execution_date=20220920T234122, start_date=20220920T234126, end_date=20220920T234129
[2022-09-20 23:41:29,649] {local_task_job.py:156} INFO - Task exited with return code 0
[2022-09-20 23:41:29,692] {local_task_job.py:273} INFO - 0 downstream tasks scheduled from follow-on schedule check
