[2022-09-20 23:34:39,649] {processor.py:153} INFO - Started process (PID=69) to work on /home/airflow/.local/lib/python3.7/site-packages/airflow/example_dags/example_complex.py
[2022-09-20 23:34:39,651] {processor.py:641} INFO - Processing file /home/airflow/.local/lib/python3.7/site-packages/airflow/example_dags/example_complex.py for tasks to queue
[2022-09-20 23:34:39,652] {logging_mixin.py:115} INFO - [2022-09-20 23:34:39,652] {dagbag.py:507} INFO - Filling up the DagBag from /home/airflow/.local/lib/python3.7/site-packages/airflow/example_dags/example_complex.py
[2022-09-20 23:34:39,670] {processor.py:651} INFO - DAG(s) dict_keys(['example_complex']) retrieved from /home/airflow/.local/lib/python3.7/site-packages/airflow/example_dags/example_complex.py
[2022-09-20 23:34:39,699] {logging_mixin.py:115} INFO - [2022-09-20 23:34:39,699] {dag.py:2379} INFO - Sync 1 DAGs
[2022-09-20 23:34:39,729] {logging_mixin.py:115} INFO - [2022-09-20 23:34:39,728] {dag.py:2931} INFO - Setting next_dagrun for example_complex to None, run_after=None
[2022-09-20 23:34:39,739] {processor.py:161} INFO - Processing /home/airflow/.local/lib/python3.7/site-packages/airflow/example_dags/example_complex.py took 0.092 seconds
[2022-09-20 23:35:10,033] {processor.py:153} INFO - Started process (PID=130) to work on /home/airflow/.local/lib/python3.7/site-packages/airflow/example_dags/example_complex.py
[2022-09-20 23:35:10,034] {processor.py:641} INFO - Processing file /home/airflow/.local/lib/python3.7/site-packages/airflow/example_dags/example_complex.py for tasks to queue
[2022-09-20 23:35:10,036] {logging_mixin.py:115} INFO - [2022-09-20 23:35:10,036] {dagbag.py:507} INFO - Filling up the DagBag from /home/airflow/.local/lib/python3.7/site-packages/airflow/example_dags/example_complex.py
[2022-09-20 23:35:10,047] {processor.py:651} INFO - DAG(s) dict_keys(['example_complex']) retrieved from /home/airflow/.local/lib/python3.7/site-packages/airflow/example_dags/example_complex.py
[2022-09-20 23:35:10,069] {logging_mixin.py:115} INFO - [2022-09-20 23:35:10,069] {dag.py:2379} INFO - Sync 1 DAGs
[2022-09-20 23:35:10,084] {logging_mixin.py:115} INFO - [2022-09-20 23:35:10,084] {dag.py:2931} INFO - Setting next_dagrun for example_complex to None, run_after=None
[2022-09-20 23:35:10,093] {processor.py:161} INFO - Processing /home/airflow/.local/lib/python3.7/site-packages/airflow/example_dags/example_complex.py took 0.062 seconds
[2022-09-20 23:35:40,733] {processor.py:153} INFO - Started process (PID=192) to work on /home/airflow/.local/lib/python3.7/site-packages/airflow/example_dags/example_complex.py
[2022-09-20 23:35:40,734] {processor.py:641} INFO - Processing file /home/airflow/.local/lib/python3.7/site-packages/airflow/example_dags/example_complex.py for tasks to queue
[2022-09-20 23:35:40,735] {logging_mixin.py:115} INFO - [2022-09-20 23:35:40,735] {dagbag.py:507} INFO - Filling up the DagBag from /home/airflow/.local/lib/python3.7/site-packages/airflow/example_dags/example_complex.py
[2022-09-20 23:35:40,747] {processor.py:651} INFO - DAG(s) dict_keys(['example_complex']) retrieved from /home/airflow/.local/lib/python3.7/site-packages/airflow/example_dags/example_complex.py
[2022-09-20 23:35:40,774] {logging_mixin.py:115} INFO - [2022-09-20 23:35:40,774] {dag.py:2379} INFO - Sync 1 DAGs
[2022-09-20 23:35:40,793] {logging_mixin.py:115} INFO - [2022-09-20 23:35:40,793] {dag.py:2931} INFO - Setting next_dagrun for example_complex to None, run_after=None
[2022-09-20 23:35:40,819] {processor.py:161} INFO - Processing /home/airflow/.local/lib/python3.7/site-packages/airflow/example_dags/example_complex.py took 0.089 seconds
[2022-09-20 23:36:11,646] {processor.py:153} INFO - Started process (PID=253) to work on /home/airflow/.local/lib/python3.7/site-packages/airflow/example_dags/example_complex.py
[2022-09-20 23:36:11,647] {processor.py:641} INFO - Processing file /home/airflow/.local/lib/python3.7/site-packages/airflow/example_dags/example_complex.py for tasks to queue
[2022-09-20 23:36:11,649] {logging_mixin.py:115} INFO - [2022-09-20 23:36:11,648] {dagbag.py:507} INFO - Filling up the DagBag from /home/airflow/.local/lib/python3.7/site-packages/airflow/example_dags/example_complex.py
[2022-09-20 23:36:11,663] {processor.py:651} INFO - DAG(s) dict_keys(['example_complex']) retrieved from /home/airflow/.local/lib/python3.7/site-packages/airflow/example_dags/example_complex.py
[2022-09-20 23:36:11,683] {logging_mixin.py:115} INFO - [2022-09-20 23:36:11,683] {dag.py:2379} INFO - Sync 1 DAGs
[2022-09-20 23:36:11,696] {logging_mixin.py:115} INFO - [2022-09-20 23:36:11,696] {dag.py:2931} INFO - Setting next_dagrun for example_complex to None, run_after=None
[2022-09-20 23:36:11,706] {processor.py:161} INFO - Processing /home/airflow/.local/lib/python3.7/site-packages/airflow/example_dags/example_complex.py took 0.063 seconds
[2022-09-20 23:36:42,062] {processor.py:153} INFO - Started process (PID=310) to work on /home/airflow/.local/lib/python3.7/site-packages/airflow/example_dags/example_complex.py
[2022-09-20 23:36:42,064] {processor.py:641} INFO - Processing file /home/airflow/.local/lib/python3.7/site-packages/airflow/example_dags/example_complex.py for tasks to queue
[2022-09-20 23:36:42,065] {logging_mixin.py:115} INFO - [2022-09-20 23:36:42,065] {dagbag.py:507} INFO - Filling up the DagBag from /home/airflow/.local/lib/python3.7/site-packages/airflow/example_dags/example_complex.py
[2022-09-20 23:36:42,078] {processor.py:651} INFO - DAG(s) dict_keys(['example_complex']) retrieved from /home/airflow/.local/lib/python3.7/site-packages/airflow/example_dags/example_complex.py
[2022-09-20 23:36:42,099] {logging_mixin.py:115} INFO - [2022-09-20 23:36:42,099] {dag.py:2379} INFO - Sync 1 DAGs
[2022-09-20 23:36:42,122] {logging_mixin.py:115} INFO - [2022-09-20 23:36:42,122] {dag.py:2931} INFO - Setting next_dagrun for example_complex to None, run_after=None
[2022-09-20 23:36:42,132] {processor.py:161} INFO - Processing /home/airflow/.local/lib/python3.7/site-packages/airflow/example_dags/example_complex.py took 0.073 seconds
[2022-09-20 23:37:12,671] {processor.py:153} INFO - Started process (PID=378) to work on /home/airflow/.local/lib/python3.7/site-packages/airflow/example_dags/example_complex.py
[2022-09-20 23:37:12,672] {processor.py:641} INFO - Processing file /home/airflow/.local/lib/python3.7/site-packages/airflow/example_dags/example_complex.py for tasks to queue
[2022-09-20 23:37:12,675] {logging_mixin.py:115} INFO - [2022-09-20 23:37:12,674] {dagbag.py:507} INFO - Filling up the DagBag from /home/airflow/.local/lib/python3.7/site-packages/airflow/example_dags/example_complex.py
[2022-09-20 23:37:12,691] {processor.py:651} INFO - DAG(s) dict_keys(['example_complex']) retrieved from /home/airflow/.local/lib/python3.7/site-packages/airflow/example_dags/example_complex.py
[2022-09-20 23:37:12,716] {logging_mixin.py:115} INFO - [2022-09-20 23:37:12,716] {dag.py:2379} INFO - Sync 1 DAGs
[2022-09-20 23:37:12,733] {logging_mixin.py:115} INFO - [2022-09-20 23:37:12,733] {dag.py:2931} INFO - Setting next_dagrun for example_complex to None, run_after=None
[2022-09-20 23:37:12,744] {processor.py:161} INFO - Processing /home/airflow/.local/lib/python3.7/site-packages/airflow/example_dags/example_complex.py took 0.077 seconds
[2022-09-20 23:37:43,060] {processor.py:153} INFO - Started process (PID=446) to work on /home/airflow/.local/lib/python3.7/site-packages/airflow/example_dags/example_complex.py
[2022-09-20 23:37:43,061] {processor.py:641} INFO - Processing file /home/airflow/.local/lib/python3.7/site-packages/airflow/example_dags/example_complex.py for tasks to queue
[2022-09-20 23:37:43,062] {logging_mixin.py:115} INFO - [2022-09-20 23:37:43,062] {dagbag.py:507} INFO - Filling up the DagBag from /home/airflow/.local/lib/python3.7/site-packages/airflow/example_dags/example_complex.py
[2022-09-20 23:37:43,073] {processor.py:651} INFO - DAG(s) dict_keys(['example_complex']) retrieved from /home/airflow/.local/lib/python3.7/site-packages/airflow/example_dags/example_complex.py
[2022-09-20 23:37:43,099] {logging_mixin.py:115} INFO - [2022-09-20 23:37:43,099] {dag.py:2379} INFO - Sync 1 DAGs
[2022-09-20 23:37:43,117] {logging_mixin.py:115} INFO - [2022-09-20 23:37:43,117] {dag.py:2931} INFO - Setting next_dagrun for example_complex to None, run_after=None
[2022-09-20 23:37:43,125] {processor.py:161} INFO - Processing /home/airflow/.local/lib/python3.7/site-packages/airflow/example_dags/example_complex.py took 0.067 seconds
[2022-09-20 23:38:14,234] {processor.py:153} INFO - Started process (PID=510) to work on /home/airflow/.local/lib/python3.7/site-packages/airflow/example_dags/example_complex.py
[2022-09-20 23:38:14,235] {processor.py:641} INFO - Processing file /home/airflow/.local/lib/python3.7/site-packages/airflow/example_dags/example_complex.py for tasks to queue
[2022-09-20 23:38:14,236] {logging_mixin.py:115} INFO - [2022-09-20 23:38:14,236] {dagbag.py:507} INFO - Filling up the DagBag from /home/airflow/.local/lib/python3.7/site-packages/airflow/example_dags/example_complex.py
[2022-09-20 23:38:14,248] {processor.py:651} INFO - DAG(s) dict_keys(['example_complex']) retrieved from /home/airflow/.local/lib/python3.7/site-packages/airflow/example_dags/example_complex.py
[2022-09-20 23:38:14,269] {logging_mixin.py:115} INFO - [2022-09-20 23:38:14,268] {dag.py:2379} INFO - Sync 1 DAGs
[2022-09-20 23:38:14,281] {logging_mixin.py:115} INFO - [2022-09-20 23:38:14,281] {dag.py:2931} INFO - Setting next_dagrun for example_complex to None, run_after=None
[2022-09-20 23:38:14,289] {processor.py:161} INFO - Processing /home/airflow/.local/lib/python3.7/site-packages/airflow/example_dags/example_complex.py took 0.058 seconds
[2022-09-20 23:38:44,651] {processor.py:153} INFO - Started process (PID=579) to work on /home/airflow/.local/lib/python3.7/site-packages/airflow/example_dags/example_complex.py
[2022-09-20 23:38:44,652] {processor.py:641} INFO - Processing file /home/airflow/.local/lib/python3.7/site-packages/airflow/example_dags/example_complex.py for tasks to queue
[2022-09-20 23:38:44,653] {logging_mixin.py:115} INFO - [2022-09-20 23:38:44,653] {dagbag.py:507} INFO - Filling up the DagBag from /home/airflow/.local/lib/python3.7/site-packages/airflow/example_dags/example_complex.py
[2022-09-20 23:38:44,663] {processor.py:651} INFO - DAG(s) dict_keys(['example_complex']) retrieved from /home/airflow/.local/lib/python3.7/site-packages/airflow/example_dags/example_complex.py
[2022-09-20 23:38:44,683] {logging_mixin.py:115} INFO - [2022-09-20 23:38:44,683] {dag.py:2379} INFO - Sync 1 DAGs
[2022-09-20 23:38:44,697] {logging_mixin.py:115} INFO - [2022-09-20 23:38:44,697] {dag.py:2931} INFO - Setting next_dagrun for example_complex to None, run_after=None
[2022-09-20 23:38:44,706] {processor.py:161} INFO - Processing /home/airflow/.local/lib/python3.7/site-packages/airflow/example_dags/example_complex.py took 0.057 seconds
[2022-09-20 23:39:15,059] {processor.py:153} INFO - Started process (PID=634) to work on /home/airflow/.local/lib/python3.7/site-packages/airflow/example_dags/example_complex.py
[2022-09-20 23:39:15,060] {processor.py:641} INFO - Processing file /home/airflow/.local/lib/python3.7/site-packages/airflow/example_dags/example_complex.py for tasks to queue
[2022-09-20 23:39:15,061] {logging_mixin.py:115} INFO - [2022-09-20 23:39:15,061] {dagbag.py:507} INFO - Filling up the DagBag from /home/airflow/.local/lib/python3.7/site-packages/airflow/example_dags/example_complex.py
[2022-09-20 23:39:15,071] {processor.py:651} INFO - DAG(s) dict_keys(['example_complex']) retrieved from /home/airflow/.local/lib/python3.7/site-packages/airflow/example_dags/example_complex.py
[2022-09-20 23:39:15,089] {logging_mixin.py:115} INFO - [2022-09-20 23:39:15,089] {dag.py:2379} INFO - Sync 1 DAGs
[2022-09-20 23:39:15,100] {logging_mixin.py:115} INFO - [2022-09-20 23:39:15,100] {dag.py:2931} INFO - Setting next_dagrun for example_complex to None, run_after=None
[2022-09-20 23:39:15,109] {processor.py:161} INFO - Processing /home/airflow/.local/lib/python3.7/site-packages/airflow/example_dags/example_complex.py took 0.052 seconds
[2022-09-20 23:39:45,415] {processor.py:153} INFO - Started process (PID=698) to work on /home/airflow/.local/lib/python3.7/site-packages/airflow/example_dags/example_complex.py
[2022-09-20 23:39:45,417] {processor.py:641} INFO - Processing file /home/airflow/.local/lib/python3.7/site-packages/airflow/example_dags/example_complex.py for tasks to queue
[2022-09-20 23:39:45,418] {logging_mixin.py:115} INFO - [2022-09-20 23:39:45,418] {dagbag.py:507} INFO - Filling up the DagBag from /home/airflow/.local/lib/python3.7/site-packages/airflow/example_dags/example_complex.py
[2022-09-20 23:39:45,427] {processor.py:651} INFO - DAG(s) dict_keys(['example_complex']) retrieved from /home/airflow/.local/lib/python3.7/site-packages/airflow/example_dags/example_complex.py
[2022-09-20 23:39:45,447] {logging_mixin.py:115} INFO - [2022-09-20 23:39:45,447] {dag.py:2379} INFO - Sync 1 DAGs
[2022-09-20 23:39:45,460] {logging_mixin.py:115} INFO - [2022-09-20 23:39:45,460] {dag.py:2931} INFO - Setting next_dagrun for example_complex to None, run_after=None
[2022-09-20 23:39:45,469] {processor.py:161} INFO - Processing /home/airflow/.local/lib/python3.7/site-packages/airflow/example_dags/example_complex.py took 0.056 seconds
[2022-09-20 23:40:16,366] {processor.py:153} INFO - Started process (PID=763) to work on /home/airflow/.local/lib/python3.7/site-packages/airflow/example_dags/example_complex.py
[2022-09-20 23:40:16,367] {processor.py:641} INFO - Processing file /home/airflow/.local/lib/python3.7/site-packages/airflow/example_dags/example_complex.py for tasks to queue
[2022-09-20 23:40:16,369] {logging_mixin.py:115} INFO - [2022-09-20 23:40:16,369] {dagbag.py:507} INFO - Filling up the DagBag from /home/airflow/.local/lib/python3.7/site-packages/airflow/example_dags/example_complex.py
[2022-09-20 23:40:16,376] {processor.py:651} INFO - DAG(s) dict_keys(['example_complex']) retrieved from /home/airflow/.local/lib/python3.7/site-packages/airflow/example_dags/example_complex.py
[2022-09-20 23:40:16,398] {logging_mixin.py:115} INFO - [2022-09-20 23:40:16,398] {dag.py:2379} INFO - Sync 1 DAGs
[2022-09-20 23:40:16,411] {logging_mixin.py:115} INFO - [2022-09-20 23:40:16,411] {dag.py:2931} INFO - Setting next_dagrun for example_complex to None, run_after=None
[2022-09-20 23:40:16,419] {processor.py:161} INFO - Processing /home/airflow/.local/lib/python3.7/site-packages/airflow/example_dags/example_complex.py took 0.055 seconds
[2022-09-20 23:40:46,687] {processor.py:153} INFO - Started process (PID=830) to work on /home/airflow/.local/lib/python3.7/site-packages/airflow/example_dags/example_complex.py
[2022-09-20 23:40:46,688] {processor.py:641} INFO - Processing file /home/airflow/.local/lib/python3.7/site-packages/airflow/example_dags/example_complex.py for tasks to queue
[2022-09-20 23:40:46,690] {logging_mixin.py:115} INFO - [2022-09-20 23:40:46,690] {dagbag.py:507} INFO - Filling up the DagBag from /home/airflow/.local/lib/python3.7/site-packages/airflow/example_dags/example_complex.py
[2022-09-20 23:40:46,699] {processor.py:651} INFO - DAG(s) dict_keys(['example_complex']) retrieved from /home/airflow/.local/lib/python3.7/site-packages/airflow/example_dags/example_complex.py
[2022-09-20 23:40:46,722] {logging_mixin.py:115} INFO - [2022-09-20 23:40:46,722] {dag.py:2379} INFO - Sync 1 DAGs
[2022-09-20 23:40:46,736] {logging_mixin.py:115} INFO - [2022-09-20 23:40:46,736] {dag.py:2931} INFO - Setting next_dagrun for example_complex to None, run_after=None
[2022-09-20 23:40:46,745] {processor.py:161} INFO - Processing /home/airflow/.local/lib/python3.7/site-packages/airflow/example_dags/example_complex.py took 0.060 seconds
[2022-09-20 23:41:17,760] {processor.py:153} INFO - Started process (PID=893) to work on /home/airflow/.local/lib/python3.7/site-packages/airflow/example_dags/example_complex.py
[2022-09-20 23:41:17,762] {processor.py:641} INFO - Processing file /home/airflow/.local/lib/python3.7/site-packages/airflow/example_dags/example_complex.py for tasks to queue
[2022-09-20 23:41:17,763] {logging_mixin.py:115} INFO - [2022-09-20 23:41:17,763] {dagbag.py:507} INFO - Filling up the DagBag from /home/airflow/.local/lib/python3.7/site-packages/airflow/example_dags/example_complex.py
[2022-09-20 23:41:17,774] {processor.py:651} INFO - DAG(s) dict_keys(['example_complex']) retrieved from /home/airflow/.local/lib/python3.7/site-packages/airflow/example_dags/example_complex.py
[2022-09-20 23:41:17,801] {logging_mixin.py:115} INFO - [2022-09-20 23:41:17,801] {dag.py:2379} INFO - Sync 1 DAGs
[2022-09-20 23:41:17,818] {logging_mixin.py:115} INFO - [2022-09-20 23:41:17,818] {dag.py:2931} INFO - Setting next_dagrun for example_complex to None, run_after=None
[2022-09-20 23:41:17,830] {processor.py:161} INFO - Processing /home/airflow/.local/lib/python3.7/site-packages/airflow/example_dags/example_complex.py took 0.073 seconds
[2022-09-20 23:41:48,037] {processor.py:153} INFO - Started process (PID=956) to work on /home/airflow/.local/lib/python3.7/site-packages/airflow/example_dags/example_complex.py
[2022-09-20 23:41:48,038] {processor.py:641} INFO - Processing file /home/airflow/.local/lib/python3.7/site-packages/airflow/example_dags/example_complex.py for tasks to queue
[2022-09-20 23:41:48,039] {logging_mixin.py:115} INFO - [2022-09-20 23:41:48,039] {dagbag.py:507} INFO - Filling up the DagBag from /home/airflow/.local/lib/python3.7/site-packages/airflow/example_dags/example_complex.py
[2022-09-20 23:41:48,047] {processor.py:651} INFO - DAG(s) dict_keys(['example_complex']) retrieved from /home/airflow/.local/lib/python3.7/site-packages/airflow/example_dags/example_complex.py
[2022-09-20 23:41:48,072] {logging_mixin.py:115} INFO - [2022-09-20 23:41:48,072] {dag.py:2379} INFO - Sync 1 DAGs
[2022-09-20 23:41:48,087] {logging_mixin.py:115} INFO - [2022-09-20 23:41:48,087] {dag.py:2931} INFO - Setting next_dagrun for example_complex to None, run_after=None
[2022-09-20 23:41:48,100] {processor.py:161} INFO - Processing /home/airflow/.local/lib/python3.7/site-packages/airflow/example_dags/example_complex.py took 0.066 seconds
[2022-09-20 23:42:18,342] {processor.py:153} INFO - Started process (PID=1017) to work on /home/airflow/.local/lib/python3.7/site-packages/airflow/example_dags/example_complex.py
[2022-09-20 23:42:18,344] {processor.py:641} INFO - Processing file /home/airflow/.local/lib/python3.7/site-packages/airflow/example_dags/example_complex.py for tasks to queue
[2022-09-20 23:42:18,345] {logging_mixin.py:115} INFO - [2022-09-20 23:42:18,345] {dagbag.py:507} INFO - Filling up the DagBag from /home/airflow/.local/lib/python3.7/site-packages/airflow/example_dags/example_complex.py
[2022-09-20 23:42:18,352] {processor.py:651} INFO - DAG(s) dict_keys(['example_complex']) retrieved from /home/airflow/.local/lib/python3.7/site-packages/airflow/example_dags/example_complex.py
[2022-09-20 23:42:18,372] {logging_mixin.py:115} INFO - [2022-09-20 23:42:18,372] {dag.py:2379} INFO - Sync 1 DAGs
[2022-09-20 23:42:18,385] {logging_mixin.py:115} INFO - [2022-09-20 23:42:18,385] {dag.py:2931} INFO - Setting next_dagrun for example_complex to None, run_after=None
[2022-09-20 23:42:18,398] {processor.py:161} INFO - Processing /home/airflow/.local/lib/python3.7/site-packages/airflow/example_dags/example_complex.py took 0.058 seconds
[2022-09-20 23:42:49,071] {processor.py:153} INFO - Started process (PID=1078) to work on /home/airflow/.local/lib/python3.7/site-packages/airflow/example_dags/example_complex.py
[2022-09-20 23:42:49,073] {processor.py:641} INFO - Processing file /home/airflow/.local/lib/python3.7/site-packages/airflow/example_dags/example_complex.py for tasks to queue
[2022-09-20 23:42:49,074] {logging_mixin.py:115} INFO - [2022-09-20 23:42:49,074] {dagbag.py:507} INFO - Filling up the DagBag from /home/airflow/.local/lib/python3.7/site-packages/airflow/example_dags/example_complex.py
[2022-09-20 23:42:49,082] {processor.py:651} INFO - DAG(s) dict_keys(['example_complex']) retrieved from /home/airflow/.local/lib/python3.7/site-packages/airflow/example_dags/example_complex.py
[2022-09-20 23:42:49,102] {logging_mixin.py:115} INFO - [2022-09-20 23:42:49,101] {dag.py:2379} INFO - Sync 1 DAGs
[2022-09-20 23:42:49,115] {logging_mixin.py:115} INFO - [2022-09-20 23:42:49,115] {dag.py:2931} INFO - Setting next_dagrun for example_complex to None, run_after=None
[2022-09-20 23:42:49,124] {processor.py:161} INFO - Processing /home/airflow/.local/lib/python3.7/site-packages/airflow/example_dags/example_complex.py took 0.056 seconds
[2022-09-20 23:43:19,944] {processor.py:153} INFO - Started process (PID=1140) to work on /home/airflow/.local/lib/python3.7/site-packages/airflow/example_dags/example_complex.py
[2022-09-20 23:43:19,945] {processor.py:641} INFO - Processing file /home/airflow/.local/lib/python3.7/site-packages/airflow/example_dags/example_complex.py for tasks to queue
[2022-09-20 23:43:19,947] {logging_mixin.py:115} INFO - [2022-09-20 23:43:19,947] {dagbag.py:507} INFO - Filling up the DagBag from /home/airflow/.local/lib/python3.7/site-packages/airflow/example_dags/example_complex.py
[2022-09-20 23:43:19,957] {processor.py:651} INFO - DAG(s) dict_keys(['example_complex']) retrieved from /home/airflow/.local/lib/python3.7/site-packages/airflow/example_dags/example_complex.py
[2022-09-20 23:43:19,981] {logging_mixin.py:115} INFO - [2022-09-20 23:43:19,981] {dag.py:2379} INFO - Sync 1 DAGs
[2022-09-20 23:43:20,001] {logging_mixin.py:115} INFO - [2022-09-20 23:43:20,001] {dag.py:2931} INFO - Setting next_dagrun for example_complex to None, run_after=None
[2022-09-20 23:43:20,011] {processor.py:161} INFO - Processing /home/airflow/.local/lib/python3.7/site-packages/airflow/example_dags/example_complex.py took 0.070 seconds
[2022-09-20 23:43:50,814] {processor.py:153} INFO - Started process (PID=1202) to work on /home/airflow/.local/lib/python3.7/site-packages/airflow/example_dags/example_complex.py
[2022-09-20 23:43:50,815] {processor.py:641} INFO - Processing file /home/airflow/.local/lib/python3.7/site-packages/airflow/example_dags/example_complex.py for tasks to queue
[2022-09-20 23:43:50,816] {logging_mixin.py:115} INFO - [2022-09-20 23:43:50,816] {dagbag.py:507} INFO - Filling up the DagBag from /home/airflow/.local/lib/python3.7/site-packages/airflow/example_dags/example_complex.py
[2022-09-20 23:43:50,824] {processor.py:651} INFO - DAG(s) dict_keys(['example_complex']) retrieved from /home/airflow/.local/lib/python3.7/site-packages/airflow/example_dags/example_complex.py
[2022-09-20 23:43:50,844] {logging_mixin.py:115} INFO - [2022-09-20 23:43:50,844] {dag.py:2379} INFO - Sync 1 DAGs
[2022-09-20 23:43:50,860] {logging_mixin.py:115} INFO - [2022-09-20 23:43:50,860] {dag.py:2931} INFO - Setting next_dagrun for example_complex to None, run_after=None
[2022-09-20 23:43:50,871] {processor.py:161} INFO - Processing /home/airflow/.local/lib/python3.7/site-packages/airflow/example_dags/example_complex.py took 0.059 seconds
[2022-09-20 23:44:21,518] {processor.py:153} INFO - Started process (PID=1264) to work on /home/airflow/.local/lib/python3.7/site-packages/airflow/example_dags/example_complex.py
[2022-09-20 23:44:21,519] {processor.py:641} INFO - Processing file /home/airflow/.local/lib/python3.7/site-packages/airflow/example_dags/example_complex.py for tasks to queue
[2022-09-20 23:44:21,520] {logging_mixin.py:115} INFO - [2022-09-20 23:44:21,520] {dagbag.py:507} INFO - Filling up the DagBag from /home/airflow/.local/lib/python3.7/site-packages/airflow/example_dags/example_complex.py
[2022-09-20 23:44:21,528] {processor.py:651} INFO - DAG(s) dict_keys(['example_complex']) retrieved from /home/airflow/.local/lib/python3.7/site-packages/airflow/example_dags/example_complex.py
[2022-09-20 23:44:21,548] {logging_mixin.py:115} INFO - [2022-09-20 23:44:21,548] {dag.py:2379} INFO - Sync 1 DAGs
[2022-09-20 23:44:21,562] {logging_mixin.py:115} INFO - [2022-09-20 23:44:21,562] {dag.py:2931} INFO - Setting next_dagrun for example_complex to None, run_after=None
[2022-09-20 23:44:21,569] {processor.py:161} INFO - Processing /home/airflow/.local/lib/python3.7/site-packages/airflow/example_dags/example_complex.py took 0.053 seconds
[2022-09-20 23:44:52,558] {processor.py:153} INFO - Started process (PID=1326) to work on /home/airflow/.local/lib/python3.7/site-packages/airflow/example_dags/example_complex.py
[2022-09-20 23:44:52,561] {processor.py:641} INFO - Processing file /home/airflow/.local/lib/python3.7/site-packages/airflow/example_dags/example_complex.py for tasks to queue
[2022-09-20 23:44:52,562] {logging_mixin.py:115} INFO - [2022-09-20 23:44:52,562] {dagbag.py:507} INFO - Filling up the DagBag from /home/airflow/.local/lib/python3.7/site-packages/airflow/example_dags/example_complex.py
[2022-09-20 23:44:52,572] {processor.py:651} INFO - DAG(s) dict_keys(['example_complex']) retrieved from /home/airflow/.local/lib/python3.7/site-packages/airflow/example_dags/example_complex.py
[2022-09-20 23:44:52,595] {logging_mixin.py:115} INFO - [2022-09-20 23:44:52,595] {dag.py:2379} INFO - Sync 1 DAGs
[2022-09-20 23:44:52,617] {logging_mixin.py:115} INFO - [2022-09-20 23:44:52,617] {dag.py:2931} INFO - Setting next_dagrun for example_complex to None, run_after=None
[2022-09-20 23:44:52,626] {processor.py:161} INFO - Processing /home/airflow/.local/lib/python3.7/site-packages/airflow/example_dags/example_complex.py took 0.071 seconds
[2022-09-20 23:45:22,745] {processor.py:153} INFO - Started process (PID=1378) to work on /home/airflow/.local/lib/python3.7/site-packages/airflow/example_dags/example_complex.py
[2022-09-20 23:45:22,747] {processor.py:641} INFO - Processing file /home/airflow/.local/lib/python3.7/site-packages/airflow/example_dags/example_complex.py for tasks to queue
[2022-09-20 23:45:22,748] {logging_mixin.py:115} INFO - [2022-09-20 23:45:22,748] {dagbag.py:507} INFO - Filling up the DagBag from /home/airflow/.local/lib/python3.7/site-packages/airflow/example_dags/example_complex.py
[2022-09-20 23:45:22,756] {processor.py:651} INFO - DAG(s) dict_keys(['example_complex']) retrieved from /home/airflow/.local/lib/python3.7/site-packages/airflow/example_dags/example_complex.py
[2022-09-20 23:45:22,775] {logging_mixin.py:115} INFO - [2022-09-20 23:45:22,775] {dag.py:2379} INFO - Sync 1 DAGs
[2022-09-20 23:45:22,790] {logging_mixin.py:115} INFO - [2022-09-20 23:45:22,790] {dag.py:2931} INFO - Setting next_dagrun for example_complex to None, run_after=None
[2022-09-20 23:45:22,798] {processor.py:161} INFO - Processing /home/airflow/.local/lib/python3.7/site-packages/airflow/example_dags/example_complex.py took 0.055 seconds
[2022-09-20 23:45:53,551] {processor.py:153} INFO - Started process (PID=1440) to work on /home/airflow/.local/lib/python3.7/site-packages/airflow/example_dags/example_complex.py
[2022-09-20 23:45:53,552] {processor.py:641} INFO - Processing file /home/airflow/.local/lib/python3.7/site-packages/airflow/example_dags/example_complex.py for tasks to queue
[2022-09-20 23:45:53,553] {logging_mixin.py:115} INFO - [2022-09-20 23:45:53,553] {dagbag.py:507} INFO - Filling up the DagBag from /home/airflow/.local/lib/python3.7/site-packages/airflow/example_dags/example_complex.py
[2022-09-20 23:45:53,560] {processor.py:651} INFO - DAG(s) dict_keys(['example_complex']) retrieved from /home/airflow/.local/lib/python3.7/site-packages/airflow/example_dags/example_complex.py
[2022-09-20 23:45:53,579] {logging_mixin.py:115} INFO - [2022-09-20 23:45:53,579] {dag.py:2379} INFO - Sync 1 DAGs
[2022-09-20 23:45:53,592] {logging_mixin.py:115} INFO - [2022-09-20 23:45:53,592] {dag.py:2931} INFO - Setting next_dagrun for example_complex to None, run_after=None
[2022-09-20 23:45:53,602] {processor.py:161} INFO - Processing /home/airflow/.local/lib/python3.7/site-packages/airflow/example_dags/example_complex.py took 0.053 seconds
[2022-09-20 23:46:24,305] {processor.py:153} INFO - Started process (PID=1502) to work on /home/airflow/.local/lib/python3.7/site-packages/airflow/example_dags/example_complex.py
[2022-09-20 23:46:24,306] {processor.py:641} INFO - Processing file /home/airflow/.local/lib/python3.7/site-packages/airflow/example_dags/example_complex.py for tasks to queue
[2022-09-20 23:46:24,307] {logging_mixin.py:115} INFO - [2022-09-20 23:46:24,307] {dagbag.py:507} INFO - Filling up the DagBag from /home/airflow/.local/lib/python3.7/site-packages/airflow/example_dags/example_complex.py
[2022-09-20 23:46:24,316] {processor.py:651} INFO - DAG(s) dict_keys(['example_complex']) retrieved from /home/airflow/.local/lib/python3.7/site-packages/airflow/example_dags/example_complex.py
[2022-09-20 23:46:24,339] {logging_mixin.py:115} INFO - [2022-09-20 23:46:24,339] {dag.py:2379} INFO - Sync 1 DAGs
[2022-09-20 23:46:24,352] {logging_mixin.py:115} INFO - [2022-09-20 23:46:24,352] {dag.py:2931} INFO - Setting next_dagrun for example_complex to None, run_after=None
[2022-09-20 23:46:24,361] {processor.py:161} INFO - Processing /home/airflow/.local/lib/python3.7/site-packages/airflow/example_dags/example_complex.py took 0.058 seconds
[2022-09-20 23:46:55,116] {processor.py:153} INFO - Started process (PID=1564) to work on /home/airflow/.local/lib/python3.7/site-packages/airflow/example_dags/example_complex.py
[2022-09-20 23:46:55,117] {processor.py:641} INFO - Processing file /home/airflow/.local/lib/python3.7/site-packages/airflow/example_dags/example_complex.py for tasks to queue
[2022-09-20 23:46:55,119] {logging_mixin.py:115} INFO - [2022-09-20 23:46:55,118] {dagbag.py:507} INFO - Filling up the DagBag from /home/airflow/.local/lib/python3.7/site-packages/airflow/example_dags/example_complex.py
[2022-09-20 23:46:55,127] {processor.py:651} INFO - DAG(s) dict_keys(['example_complex']) retrieved from /home/airflow/.local/lib/python3.7/site-packages/airflow/example_dags/example_complex.py
[2022-09-20 23:46:55,147] {logging_mixin.py:115} INFO - [2022-09-20 23:46:55,147] {dag.py:2379} INFO - Sync 1 DAGs
[2022-09-20 23:46:55,160] {logging_mixin.py:115} INFO - [2022-09-20 23:46:55,160] {dag.py:2931} INFO - Setting next_dagrun for example_complex to None, run_after=None
[2022-09-20 23:46:55,168] {processor.py:161} INFO - Processing /home/airflow/.local/lib/python3.7/site-packages/airflow/example_dags/example_complex.py took 0.055 seconds
[2022-09-20 23:47:25,995] {processor.py:153} INFO - Started process (PID=1625) to work on /home/airflow/.local/lib/python3.7/site-packages/airflow/example_dags/example_complex.py
[2022-09-20 23:47:25,997] {processor.py:641} INFO - Processing file /home/airflow/.local/lib/python3.7/site-packages/airflow/example_dags/example_complex.py for tasks to queue
[2022-09-20 23:47:25,998] {logging_mixin.py:115} INFO - [2022-09-20 23:47:25,998] {dagbag.py:507} INFO - Filling up the DagBag from /home/airflow/.local/lib/python3.7/site-packages/airflow/example_dags/example_complex.py
[2022-09-20 23:47:26,006] {processor.py:651} INFO - DAG(s) dict_keys(['example_complex']) retrieved from /home/airflow/.local/lib/python3.7/site-packages/airflow/example_dags/example_complex.py
[2022-09-20 23:47:26,027] {logging_mixin.py:115} INFO - [2022-09-20 23:47:26,027] {dag.py:2379} INFO - Sync 1 DAGs
[2022-09-20 23:47:26,041] {logging_mixin.py:115} INFO - [2022-09-20 23:47:26,041] {dag.py:2931} INFO - Setting next_dagrun for example_complex to None, run_after=None
[2022-09-20 23:47:26,051] {processor.py:161} INFO - Processing /home/airflow/.local/lib/python3.7/site-packages/airflow/example_dags/example_complex.py took 0.058 seconds
[2022-09-20 23:47:56,774] {processor.py:153} INFO - Started process (PID=1686) to work on /home/airflow/.local/lib/python3.7/site-packages/airflow/example_dags/example_complex.py
[2022-09-20 23:47:56,775] {processor.py:641} INFO - Processing file /home/airflow/.local/lib/python3.7/site-packages/airflow/example_dags/example_complex.py for tasks to queue
[2022-09-20 23:47:56,776] {logging_mixin.py:115} INFO - [2022-09-20 23:47:56,776] {dagbag.py:507} INFO - Filling up the DagBag from /home/airflow/.local/lib/python3.7/site-packages/airflow/example_dags/example_complex.py
[2022-09-20 23:47:56,784] {processor.py:651} INFO - DAG(s) dict_keys(['example_complex']) retrieved from /home/airflow/.local/lib/python3.7/site-packages/airflow/example_dags/example_complex.py
[2022-09-20 23:47:56,803] {logging_mixin.py:115} INFO - [2022-09-20 23:47:56,803] {dag.py:2379} INFO - Sync 1 DAGs
[2022-09-20 23:47:56,816] {logging_mixin.py:115} INFO - [2022-09-20 23:47:56,816] {dag.py:2931} INFO - Setting next_dagrun for example_complex to None, run_after=None
[2022-09-20 23:47:56,824] {processor.py:161} INFO - Processing /home/airflow/.local/lib/python3.7/site-packages/airflow/example_dags/example_complex.py took 0.053 seconds
[2022-09-20 23:48:27,634] {processor.py:153} INFO - Started process (PID=1739) to work on /home/airflow/.local/lib/python3.7/site-packages/airflow/example_dags/example_complex.py
[2022-09-20 23:48:27,635] {processor.py:641} INFO - Processing file /home/airflow/.local/lib/python3.7/site-packages/airflow/example_dags/example_complex.py for tasks to queue
[2022-09-20 23:48:27,636] {logging_mixin.py:115} INFO - [2022-09-20 23:48:27,636] {dagbag.py:507} INFO - Filling up the DagBag from /home/airflow/.local/lib/python3.7/site-packages/airflow/example_dags/example_complex.py
[2022-09-20 23:48:27,644] {processor.py:651} INFO - DAG(s) dict_keys(['example_complex']) retrieved from /home/airflow/.local/lib/python3.7/site-packages/airflow/example_dags/example_complex.py
[2022-09-20 23:48:27,672] {logging_mixin.py:115} INFO - [2022-09-20 23:48:27,672] {dag.py:2379} INFO - Sync 1 DAGs
[2022-09-20 23:48:27,688] {logging_mixin.py:115} INFO - [2022-09-20 23:48:27,688] {dag.py:2931} INFO - Setting next_dagrun for example_complex to None, run_after=None
[2022-09-20 23:48:27,709] {processor.py:161} INFO - Processing /home/airflow/.local/lib/python3.7/site-packages/airflow/example_dags/example_complex.py took 0.078 seconds
[2022-09-20 23:48:57,790] {processor.py:153} INFO - Started process (PID=1801) to work on /home/airflow/.local/lib/python3.7/site-packages/airflow/example_dags/example_complex.py
[2022-09-20 23:48:57,792] {processor.py:641} INFO - Processing file /home/airflow/.local/lib/python3.7/site-packages/airflow/example_dags/example_complex.py for tasks to queue
[2022-09-20 23:48:57,793] {logging_mixin.py:115} INFO - [2022-09-20 23:48:57,793] {dagbag.py:507} INFO - Filling up the DagBag from /home/airflow/.local/lib/python3.7/site-packages/airflow/example_dags/example_complex.py
[2022-09-20 23:48:57,801] {processor.py:651} INFO - DAG(s) dict_keys(['example_complex']) retrieved from /home/airflow/.local/lib/python3.7/site-packages/airflow/example_dags/example_complex.py
[2022-09-20 23:48:57,826] {logging_mixin.py:115} INFO - [2022-09-20 23:48:57,825] {dag.py:2379} INFO - Sync 1 DAGs
[2022-09-20 23:48:57,838] {logging_mixin.py:115} INFO - [2022-09-20 23:48:57,838] {dag.py:2931} INFO - Setting next_dagrun for example_complex to None, run_after=None
[2022-09-20 23:48:57,847] {processor.py:161} INFO - Processing /home/airflow/.local/lib/python3.7/site-packages/airflow/example_dags/example_complex.py took 0.059 seconds
[2022-09-20 23:49:28,857] {processor.py:153} INFO - Started process (PID=1862) to work on /home/airflow/.local/lib/python3.7/site-packages/airflow/example_dags/example_complex.py
[2022-09-20 23:49:28,859] {processor.py:641} INFO - Processing file /home/airflow/.local/lib/python3.7/site-packages/airflow/example_dags/example_complex.py for tasks to queue
[2022-09-20 23:49:28,861] {logging_mixin.py:115} INFO - [2022-09-20 23:49:28,861] {dagbag.py:507} INFO - Filling up the DagBag from /home/airflow/.local/lib/python3.7/site-packages/airflow/example_dags/example_complex.py
[2022-09-20 23:49:28,871] {processor.py:651} INFO - DAG(s) dict_keys(['example_complex']) retrieved from /home/airflow/.local/lib/python3.7/site-packages/airflow/example_dags/example_complex.py
[2022-09-20 23:49:28,897] {logging_mixin.py:115} INFO - [2022-09-20 23:49:28,897] {dag.py:2379} INFO - Sync 1 DAGs
[2022-09-20 23:49:28,917] {logging_mixin.py:115} INFO - [2022-09-20 23:49:28,917] {dag.py:2931} INFO - Setting next_dagrun for example_complex to None, run_after=None
[2022-09-20 23:49:28,928] {processor.py:161} INFO - Processing /home/airflow/.local/lib/python3.7/site-packages/airflow/example_dags/example_complex.py took 0.073 seconds
[2022-09-20 23:49:59,082] {processor.py:153} INFO - Started process (PID=1923) to work on /home/airflow/.local/lib/python3.7/site-packages/airflow/example_dags/example_complex.py
[2022-09-20 23:49:59,083] {processor.py:641} INFO - Processing file /home/airflow/.local/lib/python3.7/site-packages/airflow/example_dags/example_complex.py for tasks to queue
[2022-09-20 23:49:59,085] {logging_mixin.py:115} INFO - [2022-09-20 23:49:59,085] {dagbag.py:507} INFO - Filling up the DagBag from /home/airflow/.local/lib/python3.7/site-packages/airflow/example_dags/example_complex.py
[2022-09-20 23:49:59,093] {processor.py:651} INFO - DAG(s) dict_keys(['example_complex']) retrieved from /home/airflow/.local/lib/python3.7/site-packages/airflow/example_dags/example_complex.py
[2022-09-20 23:49:59,115] {logging_mixin.py:115} INFO - [2022-09-20 23:49:59,115] {dag.py:2379} INFO - Sync 1 DAGs
[2022-09-20 23:49:59,129] {logging_mixin.py:115} INFO - [2022-09-20 23:49:59,129] {dag.py:2931} INFO - Setting next_dagrun for example_complex to None, run_after=None
[2022-09-20 23:49:59,137] {processor.py:161} INFO - Processing /home/airflow/.local/lib/python3.7/site-packages/airflow/example_dags/example_complex.py took 0.057 seconds
[2022-09-20 23:50:29,923] {processor.py:153} INFO - Started process (PID=1985) to work on /home/airflow/.local/lib/python3.7/site-packages/airflow/example_dags/example_complex.py
[2022-09-20 23:50:29,925] {processor.py:641} INFO - Processing file /home/airflow/.local/lib/python3.7/site-packages/airflow/example_dags/example_complex.py for tasks to queue
[2022-09-20 23:50:29,926] {logging_mixin.py:115} INFO - [2022-09-20 23:50:29,925] {dagbag.py:507} INFO - Filling up the DagBag from /home/airflow/.local/lib/python3.7/site-packages/airflow/example_dags/example_complex.py
[2022-09-20 23:50:29,934] {processor.py:651} INFO - DAG(s) dict_keys(['example_complex']) retrieved from /home/airflow/.local/lib/python3.7/site-packages/airflow/example_dags/example_complex.py
[2022-09-20 23:50:29,953] {logging_mixin.py:115} INFO - [2022-09-20 23:50:29,953] {dag.py:2379} INFO - Sync 1 DAGs
[2022-09-20 23:50:29,967] {logging_mixin.py:115} INFO - [2022-09-20 23:50:29,967] {dag.py:2931} INFO - Setting next_dagrun for example_complex to None, run_after=None
[2022-09-20 23:50:29,977] {processor.py:161} INFO - Processing /home/airflow/.local/lib/python3.7/site-packages/airflow/example_dags/example_complex.py took 0.056 seconds
[2022-09-20 23:51:00,803] {processor.py:153} INFO - Started process (PID=2047) to work on /home/airflow/.local/lib/python3.7/site-packages/airflow/example_dags/example_complex.py
[2022-09-20 23:51:00,804] {processor.py:641} INFO - Processing file /home/airflow/.local/lib/python3.7/site-packages/airflow/example_dags/example_complex.py for tasks to queue
[2022-09-20 23:51:00,805] {logging_mixin.py:115} INFO - [2022-09-20 23:51:00,805] {dagbag.py:507} INFO - Filling up the DagBag from /home/airflow/.local/lib/python3.7/site-packages/airflow/example_dags/example_complex.py
[2022-09-20 23:51:00,813] {processor.py:651} INFO - DAG(s) dict_keys(['example_complex']) retrieved from /home/airflow/.local/lib/python3.7/site-packages/airflow/example_dags/example_complex.py
[2022-09-20 23:51:00,834] {logging_mixin.py:115} INFO - [2022-09-20 23:51:00,834] {dag.py:2379} INFO - Sync 1 DAGs
[2022-09-20 23:51:00,847] {logging_mixin.py:115} INFO - [2022-09-20 23:51:00,847] {dag.py:2931} INFO - Setting next_dagrun for example_complex to None, run_after=None
[2022-09-20 23:51:00,856] {processor.py:161} INFO - Processing /home/airflow/.local/lib/python3.7/site-packages/airflow/example_dags/example_complex.py took 0.055 seconds
[2022-09-20 23:51:31,529] {processor.py:153} INFO - Started process (PID=2100) to work on /home/airflow/.local/lib/python3.7/site-packages/airflow/example_dags/example_complex.py
[2022-09-20 23:51:31,530] {processor.py:641} INFO - Processing file /home/airflow/.local/lib/python3.7/site-packages/airflow/example_dags/example_complex.py for tasks to queue
[2022-09-20 23:51:31,532] {logging_mixin.py:115} INFO - [2022-09-20 23:51:31,532] {dagbag.py:507} INFO - Filling up the DagBag from /home/airflow/.local/lib/python3.7/site-packages/airflow/example_dags/example_complex.py
[2022-09-20 23:51:31,540] {processor.py:651} INFO - DAG(s) dict_keys(['example_complex']) retrieved from /home/airflow/.local/lib/python3.7/site-packages/airflow/example_dags/example_complex.py
[2022-09-20 23:51:31,560] {logging_mixin.py:115} INFO - [2022-09-20 23:51:31,560] {dag.py:2379} INFO - Sync 1 DAGs
[2022-09-20 23:51:31,575] {logging_mixin.py:115} INFO - [2022-09-20 23:51:31,574] {dag.py:2931} INFO - Setting next_dagrun for example_complex to None, run_after=None
[2022-09-20 23:51:31,590] {processor.py:161} INFO - Processing /home/airflow/.local/lib/python3.7/site-packages/airflow/example_dags/example_complex.py took 0.063 seconds
[2022-09-20 23:52:02,522] {processor.py:153} INFO - Started process (PID=2162) to work on /home/airflow/.local/lib/python3.7/site-packages/airflow/example_dags/example_complex.py
[2022-09-20 23:52:02,524] {processor.py:641} INFO - Processing file /home/airflow/.local/lib/python3.7/site-packages/airflow/example_dags/example_complex.py for tasks to queue
[2022-09-20 23:52:02,524] {logging_mixin.py:115} INFO - [2022-09-20 23:52:02,524] {dagbag.py:507} INFO - Filling up the DagBag from /home/airflow/.local/lib/python3.7/site-packages/airflow/example_dags/example_complex.py
[2022-09-20 23:52:02,532] {processor.py:651} INFO - DAG(s) dict_keys(['example_complex']) retrieved from /home/airflow/.local/lib/python3.7/site-packages/airflow/example_dags/example_complex.py
[2022-09-20 23:52:02,553] {logging_mixin.py:115} INFO - [2022-09-20 23:52:02,553] {dag.py:2379} INFO - Sync 1 DAGs
[2022-09-20 23:52:02,567] {logging_mixin.py:115} INFO - [2022-09-20 23:52:02,567] {dag.py:2931} INFO - Setting next_dagrun for example_complex to None, run_after=None
[2022-09-20 23:52:02,575] {processor.py:161} INFO - Processing /home/airflow/.local/lib/python3.7/site-packages/airflow/example_dags/example_complex.py took 0.055 seconds
[2022-09-20 23:52:33,452] {processor.py:153} INFO - Started process (PID=2224) to work on /home/airflow/.local/lib/python3.7/site-packages/airflow/example_dags/example_complex.py
[2022-09-20 23:52:33,453] {processor.py:641} INFO - Processing file /home/airflow/.local/lib/python3.7/site-packages/airflow/example_dags/example_complex.py for tasks to queue
[2022-09-20 23:52:33,455] {logging_mixin.py:115} INFO - [2022-09-20 23:52:33,454] {dagbag.py:507} INFO - Filling up the DagBag from /home/airflow/.local/lib/python3.7/site-packages/airflow/example_dags/example_complex.py
[2022-09-20 23:52:33,462] {processor.py:651} INFO - DAG(s) dict_keys(['example_complex']) retrieved from /home/airflow/.local/lib/python3.7/site-packages/airflow/example_dags/example_complex.py
[2022-09-20 23:52:33,481] {logging_mixin.py:115} INFO - [2022-09-20 23:52:33,481] {dag.py:2379} INFO - Sync 1 DAGs
[2022-09-20 23:52:33,492] {logging_mixin.py:115} INFO - [2022-09-20 23:52:33,492] {dag.py:2931} INFO - Setting next_dagrun for example_complex to None, run_after=None
[2022-09-20 23:52:33,501] {processor.py:161} INFO - Processing /home/airflow/.local/lib/python3.7/site-packages/airflow/example_dags/example_complex.py took 0.051 seconds
[2022-09-20 23:53:04,410] {processor.py:153} INFO - Started process (PID=2284) to work on /home/airflow/.local/lib/python3.7/site-packages/airflow/example_dags/example_complex.py
[2022-09-20 23:53:04,411] {processor.py:641} INFO - Processing file /home/airflow/.local/lib/python3.7/site-packages/airflow/example_dags/example_complex.py for tasks to queue
[2022-09-20 23:53:04,412] {logging_mixin.py:115} INFO - [2022-09-20 23:53:04,412] {dagbag.py:507} INFO - Filling up the DagBag from /home/airflow/.local/lib/python3.7/site-packages/airflow/example_dags/example_complex.py
[2022-09-20 23:53:04,420] {processor.py:651} INFO - DAG(s) dict_keys(['example_complex']) retrieved from /home/airflow/.local/lib/python3.7/site-packages/airflow/example_dags/example_complex.py
[2022-09-20 23:53:04,440] {logging_mixin.py:115} INFO - [2022-09-20 23:53:04,440] {dag.py:2379} INFO - Sync 1 DAGs
[2022-09-20 23:53:04,453] {logging_mixin.py:115} INFO - [2022-09-20 23:53:04,453] {dag.py:2931} INFO - Setting next_dagrun for example_complex to None, run_after=None
[2022-09-20 23:53:04,464] {processor.py:161} INFO - Processing /home/airflow/.local/lib/python3.7/site-packages/airflow/example_dags/example_complex.py took 0.057 seconds
[2022-09-20 23:53:35,110] {processor.py:153} INFO - Started process (PID=2346) to work on /home/airflow/.local/lib/python3.7/site-packages/airflow/example_dags/example_complex.py
[2022-09-20 23:53:35,111] {processor.py:641} INFO - Processing file /home/airflow/.local/lib/python3.7/site-packages/airflow/example_dags/example_complex.py for tasks to queue
[2022-09-20 23:53:35,112] {logging_mixin.py:115} INFO - [2022-09-20 23:53:35,112] {dagbag.py:507} INFO - Filling up the DagBag from /home/airflow/.local/lib/python3.7/site-packages/airflow/example_dags/example_complex.py
[2022-09-20 23:53:35,120] {processor.py:651} INFO - DAG(s) dict_keys(['example_complex']) retrieved from /home/airflow/.local/lib/python3.7/site-packages/airflow/example_dags/example_complex.py
[2022-09-20 23:53:35,140] {logging_mixin.py:115} INFO - [2022-09-20 23:53:35,140] {dag.py:2379} INFO - Sync 1 DAGs
[2022-09-20 23:53:35,157] {logging_mixin.py:115} INFO - [2022-09-20 23:53:35,157] {dag.py:2931} INFO - Setting next_dagrun for example_complex to None, run_after=None
[2022-09-20 23:53:35,165] {processor.py:161} INFO - Processing /home/airflow/.local/lib/python3.7/site-packages/airflow/example_dags/example_complex.py took 0.057 seconds
[2022-09-20 23:54:05,909] {processor.py:153} INFO - Started process (PID=2409) to work on /home/airflow/.local/lib/python3.7/site-packages/airflow/example_dags/example_complex.py
[2022-09-20 23:54:05,910] {processor.py:641} INFO - Processing file /home/airflow/.local/lib/python3.7/site-packages/airflow/example_dags/example_complex.py for tasks to queue
[2022-09-20 23:54:05,912] {logging_mixin.py:115} INFO - [2022-09-20 23:54:05,911] {dagbag.py:507} INFO - Filling up the DagBag from /home/airflow/.local/lib/python3.7/site-packages/airflow/example_dags/example_complex.py
[2022-09-20 23:54:05,920] {processor.py:651} INFO - DAG(s) dict_keys(['example_complex']) retrieved from /home/airflow/.local/lib/python3.7/site-packages/airflow/example_dags/example_complex.py
[2022-09-20 23:54:05,940] {logging_mixin.py:115} INFO - [2022-09-20 23:54:05,940] {dag.py:2379} INFO - Sync 1 DAGs
[2022-09-20 23:54:05,955] {logging_mixin.py:115} INFO - [2022-09-20 23:54:05,955] {dag.py:2931} INFO - Setting next_dagrun for example_complex to None, run_after=None
[2022-09-20 23:54:05,962] {processor.py:161} INFO - Processing /home/airflow/.local/lib/python3.7/site-packages/airflow/example_dags/example_complex.py took 0.056 seconds
[2022-09-20 23:54:36,481] {processor.py:153} INFO - Started process (PID=2470) to work on /home/airflow/.local/lib/python3.7/site-packages/airflow/example_dags/example_complex.py
[2022-09-20 23:54:36,482] {processor.py:641} INFO - Processing file /home/airflow/.local/lib/python3.7/site-packages/airflow/example_dags/example_complex.py for tasks to queue
[2022-09-20 23:54:36,484] {logging_mixin.py:115} INFO - [2022-09-20 23:54:36,484] {dagbag.py:507} INFO - Filling up the DagBag from /home/airflow/.local/lib/python3.7/site-packages/airflow/example_dags/example_complex.py
[2022-09-20 23:54:36,492] {processor.py:651} INFO - DAG(s) dict_keys(['example_complex']) retrieved from /home/airflow/.local/lib/python3.7/site-packages/airflow/example_dags/example_complex.py
[2022-09-20 23:54:36,511] {logging_mixin.py:115} INFO - [2022-09-20 23:54:36,511] {dag.py:2379} INFO - Sync 1 DAGs
[2022-09-20 23:54:36,524] {logging_mixin.py:115} INFO - [2022-09-20 23:54:36,524] {dag.py:2931} INFO - Setting next_dagrun for example_complex to None, run_after=None
[2022-09-20 23:54:36,533] {processor.py:161} INFO - Processing /home/airflow/.local/lib/python3.7/site-packages/airflow/example_dags/example_complex.py took 0.055 seconds
[2022-09-20 23:55:07,425] {processor.py:153} INFO - Started process (PID=2526) to work on /home/airflow/.local/lib/python3.7/site-packages/airflow/example_dags/example_complex.py
[2022-09-20 23:55:07,426] {processor.py:641} INFO - Processing file /home/airflow/.local/lib/python3.7/site-packages/airflow/example_dags/example_complex.py for tasks to queue
[2022-09-20 23:55:07,430] {logging_mixin.py:115} INFO - [2022-09-20 23:55:07,429] {dagbag.py:507} INFO - Filling up the DagBag from /home/airflow/.local/lib/python3.7/site-packages/airflow/example_dags/example_complex.py
[2022-09-20 23:55:07,440] {processor.py:651} INFO - DAG(s) dict_keys(['example_complex']) retrieved from /home/airflow/.local/lib/python3.7/site-packages/airflow/example_dags/example_complex.py
[2022-09-20 23:55:07,465] {logging_mixin.py:115} INFO - [2022-09-20 23:55:07,465] {dag.py:2379} INFO - Sync 1 DAGs
[2022-09-20 23:55:07,487] {logging_mixin.py:115} INFO - [2022-09-20 23:55:07,487] {dag.py:2931} INFO - Setting next_dagrun for example_complex to None, run_after=None
[2022-09-20 23:55:07,495] {processor.py:161} INFO - Processing /home/airflow/.local/lib/python3.7/site-packages/airflow/example_dags/example_complex.py took 0.073 seconds
[2022-09-20 23:55:38,405] {processor.py:153} INFO - Started process (PID=2584) to work on /home/airflow/.local/lib/python3.7/site-packages/airflow/example_dags/example_complex.py
[2022-09-20 23:55:38,407] {processor.py:641} INFO - Processing file /home/airflow/.local/lib/python3.7/site-packages/airflow/example_dags/example_complex.py for tasks to queue
[2022-09-20 23:55:38,408] {logging_mixin.py:115} INFO - [2022-09-20 23:55:38,408] {dagbag.py:507} INFO - Filling up the DagBag from /home/airflow/.local/lib/python3.7/site-packages/airflow/example_dags/example_complex.py
[2022-09-20 23:55:38,418] {processor.py:651} INFO - DAG(s) dict_keys(['example_complex']) retrieved from /home/airflow/.local/lib/python3.7/site-packages/airflow/example_dags/example_complex.py
[2022-09-20 23:55:38,438] {logging_mixin.py:115} INFO - [2022-09-20 23:55:38,438] {dag.py:2379} INFO - Sync 1 DAGs
[2022-09-20 23:55:38,450] {logging_mixin.py:115} INFO - [2022-09-20 23:55:38,450] {dag.py:2931} INFO - Setting next_dagrun for example_complex to None, run_after=None
[2022-09-20 23:55:38,459] {processor.py:161} INFO - Processing /home/airflow/.local/lib/python3.7/site-packages/airflow/example_dags/example_complex.py took 0.056 seconds
[2022-09-20 23:56:09,247] {processor.py:153} INFO - Started process (PID=2646) to work on /home/airflow/.local/lib/python3.7/site-packages/airflow/example_dags/example_complex.py
[2022-09-20 23:56:09,249] {processor.py:641} INFO - Processing file /home/airflow/.local/lib/python3.7/site-packages/airflow/example_dags/example_complex.py for tasks to queue
[2022-09-20 23:56:09,250] {logging_mixin.py:115} INFO - [2022-09-20 23:56:09,250] {dagbag.py:507} INFO - Filling up the DagBag from /home/airflow/.local/lib/python3.7/site-packages/airflow/example_dags/example_complex.py
[2022-09-20 23:56:09,260] {processor.py:651} INFO - DAG(s) dict_keys(['example_complex']) retrieved from /home/airflow/.local/lib/python3.7/site-packages/airflow/example_dags/example_complex.py
[2022-09-20 23:56:09,281] {logging_mixin.py:115} INFO - [2022-09-20 23:56:09,281] {dag.py:2379} INFO - Sync 1 DAGs
[2022-09-20 23:56:09,294] {logging_mixin.py:115} INFO - [2022-09-20 23:56:09,294] {dag.py:2931} INFO - Setting next_dagrun for example_complex to None, run_after=None
[2022-09-20 23:56:09,305] {processor.py:161} INFO - Processing /home/airflow/.local/lib/python3.7/site-packages/airflow/example_dags/example_complex.py took 0.060 seconds
[2022-09-20 23:56:39,602] {processor.py:153} INFO - Started process (PID=2707) to work on /home/airflow/.local/lib/python3.7/site-packages/airflow/example_dags/example_complex.py
[2022-09-20 23:56:39,603] {processor.py:641} INFO - Processing file /home/airflow/.local/lib/python3.7/site-packages/airflow/example_dags/example_complex.py for tasks to queue
[2022-09-20 23:56:39,604] {logging_mixin.py:115} INFO - [2022-09-20 23:56:39,604] {dagbag.py:507} INFO - Filling up the DagBag from /home/airflow/.local/lib/python3.7/site-packages/airflow/example_dags/example_complex.py
[2022-09-20 23:56:39,612] {processor.py:651} INFO - DAG(s) dict_keys(['example_complex']) retrieved from /home/airflow/.local/lib/python3.7/site-packages/airflow/example_dags/example_complex.py
[2022-09-20 23:56:39,631] {logging_mixin.py:115} INFO - [2022-09-20 23:56:39,631] {dag.py:2379} INFO - Sync 1 DAGs
[2022-09-20 23:56:39,643] {logging_mixin.py:115} INFO - [2022-09-20 23:56:39,643] {dag.py:2931} INFO - Setting next_dagrun for example_complex to None, run_after=None
[2022-09-20 23:56:39,652] {processor.py:161} INFO - Processing /home/airflow/.local/lib/python3.7/site-packages/airflow/example_dags/example_complex.py took 0.053 seconds
[2022-09-20 23:57:09,839] {processor.py:153} INFO - Started process (PID=2769) to work on /home/airflow/.local/lib/python3.7/site-packages/airflow/example_dags/example_complex.py
[2022-09-20 23:57:09,840] {processor.py:641} INFO - Processing file /home/airflow/.local/lib/python3.7/site-packages/airflow/example_dags/example_complex.py for tasks to queue
[2022-09-20 23:57:09,841] {logging_mixin.py:115} INFO - [2022-09-20 23:57:09,841] {dagbag.py:507} INFO - Filling up the DagBag from /home/airflow/.local/lib/python3.7/site-packages/airflow/example_dags/example_complex.py
[2022-09-20 23:57:09,850] {processor.py:651} INFO - DAG(s) dict_keys(['example_complex']) retrieved from /home/airflow/.local/lib/python3.7/site-packages/airflow/example_dags/example_complex.py
[2022-09-20 23:57:09,870] {logging_mixin.py:115} INFO - [2022-09-20 23:57:09,870] {dag.py:2379} INFO - Sync 1 DAGs
[2022-09-20 23:57:09,884] {logging_mixin.py:115} INFO - [2022-09-20 23:57:09,884] {dag.py:2931} INFO - Setting next_dagrun for example_complex to None, run_after=None
[2022-09-20 23:57:09,894] {processor.py:161} INFO - Processing /home/airflow/.local/lib/python3.7/site-packages/airflow/example_dags/example_complex.py took 0.057 seconds
[2022-09-20 23:57:40,124] {processor.py:153} INFO - Started process (PID=2830) to work on /home/airflow/.local/lib/python3.7/site-packages/airflow/example_dags/example_complex.py
[2022-09-20 23:57:40,125] {processor.py:641} INFO - Processing file /home/airflow/.local/lib/python3.7/site-packages/airflow/example_dags/example_complex.py for tasks to queue
[2022-09-20 23:57:40,126] {logging_mixin.py:115} INFO - [2022-09-20 23:57:40,126] {dagbag.py:507} INFO - Filling up the DagBag from /home/airflow/.local/lib/python3.7/site-packages/airflow/example_dags/example_complex.py
[2022-09-20 23:57:40,135] {processor.py:651} INFO - DAG(s) dict_keys(['example_complex']) retrieved from /home/airflow/.local/lib/python3.7/site-packages/airflow/example_dags/example_complex.py
[2022-09-20 23:57:40,155] {logging_mixin.py:115} INFO - [2022-09-20 23:57:40,155] {dag.py:2379} INFO - Sync 1 DAGs
[2022-09-20 23:57:40,168] {logging_mixin.py:115} INFO - [2022-09-20 23:57:40,168] {dag.py:2931} INFO - Setting next_dagrun for example_complex to None, run_after=None
[2022-09-20 23:57:40,176] {processor.py:161} INFO - Processing /home/airflow/.local/lib/python3.7/site-packages/airflow/example_dags/example_complex.py took 0.054 seconds
[2022-09-20 23:58:10,333] {processor.py:153} INFO - Started process (PID=2887) to work on /home/airflow/.local/lib/python3.7/site-packages/airflow/example_dags/example_complex.py
[2022-09-20 23:58:10,334] {processor.py:641} INFO - Processing file /home/airflow/.local/lib/python3.7/site-packages/airflow/example_dags/example_complex.py for tasks to queue
[2022-09-20 23:58:10,336] {logging_mixin.py:115} INFO - [2022-09-20 23:58:10,336] {dagbag.py:507} INFO - Filling up the DagBag from /home/airflow/.local/lib/python3.7/site-packages/airflow/example_dags/example_complex.py
[2022-09-20 23:58:10,344] {processor.py:651} INFO - DAG(s) dict_keys(['example_complex']) retrieved from /home/airflow/.local/lib/python3.7/site-packages/airflow/example_dags/example_complex.py
[2022-09-20 23:58:10,367] {logging_mixin.py:115} INFO - [2022-09-20 23:58:10,367] {dag.py:2379} INFO - Sync 1 DAGs
[2022-09-20 23:58:10,380] {logging_mixin.py:115} INFO - [2022-09-20 23:58:10,380] {dag.py:2931} INFO - Setting next_dagrun for example_complex to None, run_after=None
[2022-09-20 23:58:10,388] {processor.py:161} INFO - Processing /home/airflow/.local/lib/python3.7/site-packages/airflow/example_dags/example_complex.py took 0.058 seconds
[2022-09-20 23:58:40,515] {processor.py:153} INFO - Started process (PID=2948) to work on /home/airflow/.local/lib/python3.7/site-packages/airflow/example_dags/example_complex.py
[2022-09-20 23:58:40,516] {processor.py:641} INFO - Processing file /home/airflow/.local/lib/python3.7/site-packages/airflow/example_dags/example_complex.py for tasks to queue
[2022-09-20 23:58:40,517] {logging_mixin.py:115} INFO - [2022-09-20 23:58:40,517] {dagbag.py:507} INFO - Filling up the DagBag from /home/airflow/.local/lib/python3.7/site-packages/airflow/example_dags/example_complex.py
[2022-09-20 23:58:40,526] {processor.py:651} INFO - DAG(s) dict_keys(['example_complex']) retrieved from /home/airflow/.local/lib/python3.7/site-packages/airflow/example_dags/example_complex.py
[2022-09-20 23:58:40,546] {logging_mixin.py:115} INFO - [2022-09-20 23:58:40,546] {dag.py:2379} INFO - Sync 1 DAGs
[2022-09-20 23:58:40,560] {logging_mixin.py:115} INFO - [2022-09-20 23:58:40,560] {dag.py:2931} INFO - Setting next_dagrun for example_complex to None, run_after=None
[2022-09-20 23:58:40,570] {processor.py:161} INFO - Processing /home/airflow/.local/lib/python3.7/site-packages/airflow/example_dags/example_complex.py took 0.057 seconds
[2022-09-20 23:59:10,794] {processor.py:153} INFO - Started process (PID=3009) to work on /home/airflow/.local/lib/python3.7/site-packages/airflow/example_dags/example_complex.py
[2022-09-20 23:59:10,804] {processor.py:641} INFO - Processing file /home/airflow/.local/lib/python3.7/site-packages/airflow/example_dags/example_complex.py for tasks to queue
[2022-09-20 23:59:10,805] {logging_mixin.py:115} INFO - [2022-09-20 23:59:10,805] {dagbag.py:507} INFO - Filling up the DagBag from /home/airflow/.local/lib/python3.7/site-packages/airflow/example_dags/example_complex.py
[2022-09-20 23:59:10,812] {processor.py:651} INFO - DAG(s) dict_keys(['example_complex']) retrieved from /home/airflow/.local/lib/python3.7/site-packages/airflow/example_dags/example_complex.py
[2022-09-20 23:59:10,836] {logging_mixin.py:115} INFO - [2022-09-20 23:59:10,836] {dag.py:2379} INFO - Sync 1 DAGs
[2022-09-20 23:59:10,848] {logging_mixin.py:115} INFO - [2022-09-20 23:59:10,848] {dag.py:2931} INFO - Setting next_dagrun for example_complex to None, run_after=None
[2022-09-20 23:59:10,855] {processor.py:161} INFO - Processing /home/airflow/.local/lib/python3.7/site-packages/airflow/example_dags/example_complex.py took 0.064 seconds
[2022-09-20 23:59:41,738] {processor.py:153} INFO - Started process (PID=3071) to work on /home/airflow/.local/lib/python3.7/site-packages/airflow/example_dags/example_complex.py
[2022-09-20 23:59:41,739] {processor.py:641} INFO - Processing file /home/airflow/.local/lib/python3.7/site-packages/airflow/example_dags/example_complex.py for tasks to queue
[2022-09-20 23:59:41,740] {logging_mixin.py:115} INFO - [2022-09-20 23:59:41,740] {dagbag.py:507} INFO - Filling up the DagBag from /home/airflow/.local/lib/python3.7/site-packages/airflow/example_dags/example_complex.py
[2022-09-20 23:59:41,747] {processor.py:651} INFO - DAG(s) dict_keys(['example_complex']) retrieved from /home/airflow/.local/lib/python3.7/site-packages/airflow/example_dags/example_complex.py
[2022-09-20 23:59:41,768] {logging_mixin.py:115} INFO - [2022-09-20 23:59:41,767] {dag.py:2379} INFO - Sync 1 DAGs
[2022-09-20 23:59:41,781] {logging_mixin.py:115} INFO - [2022-09-20 23:59:41,780] {dag.py:2931} INFO - Setting next_dagrun for example_complex to None, run_after=None
[2022-09-20 23:59:41,789] {processor.py:161} INFO - Processing /home/airflow/.local/lib/python3.7/site-packages/airflow/example_dags/example_complex.py took 0.053 seconds
