[2022-09-20 23:34:38,242] {processor.py:153} INFO - Started process (PID=54) to work on /home/airflow/.local/lib/python3.7/site-packages/airflow/example_dags/example_branch_day_of_week_operator.py
[2022-09-20 23:34:38,244] {processor.py:641} INFO - Processing file /home/airflow/.local/lib/python3.7/site-packages/airflow/example_dags/example_branch_day_of_week_operator.py for tasks to queue
[2022-09-20 23:34:38,246] {logging_mixin.py:115} INFO - [2022-09-20 23:34:38,246] {dagbag.py:507} INFO - Filling up the DagBag from /home/airflow/.local/lib/python3.7/site-packages/airflow/example_dags/example_branch_day_of_week_operator.py
[2022-09-20 23:34:38,272] {processor.py:651} INFO - DAG(s) dict_keys(['example_weekday_branch_operator']) retrieved from /home/airflow/.local/lib/python3.7/site-packages/airflow/example_dags/example_branch_day_of_week_operator.py
[2022-09-20 23:34:38,306] {logging_mixin.py:115} INFO - [2022-09-20 23:34:38,306] {dag.py:2379} INFO - Sync 1 DAGs
[2022-09-20 23:34:38,324] {logging_mixin.py:115} INFO - [2022-09-20 23:34:38,324] {dag.py:2931} INFO - Setting next_dagrun for example_weekday_branch_operator to 2022-09-19T00:00:00+00:00, run_after=2022-09-20T00:00:00+00:00
[2022-09-20 23:34:38,348] {processor.py:161} INFO - Processing /home/airflow/.local/lib/python3.7/site-packages/airflow/example_dags/example_branch_day_of_week_operator.py took 0.113 seconds
[2022-09-20 23:35:09,248] {processor.py:153} INFO - Started process (PID=115) to work on /home/airflow/.local/lib/python3.7/site-packages/airflow/example_dags/example_branch_day_of_week_operator.py
[2022-09-20 23:35:09,249] {processor.py:641} INFO - Processing file /home/airflow/.local/lib/python3.7/site-packages/airflow/example_dags/example_branch_day_of_week_operator.py for tasks to queue
[2022-09-20 23:35:09,250] {logging_mixin.py:115} INFO - [2022-09-20 23:35:09,250] {dagbag.py:507} INFO - Filling up the DagBag from /home/airflow/.local/lib/python3.7/site-packages/airflow/example_dags/example_branch_day_of_week_operator.py
[2022-09-20 23:35:09,258] {processor.py:651} INFO - DAG(s) dict_keys(['example_weekday_branch_operator']) retrieved from /home/airflow/.local/lib/python3.7/site-packages/airflow/example_dags/example_branch_day_of_week_operator.py
[2022-09-20 23:35:09,285] {logging_mixin.py:115} INFO - [2022-09-20 23:35:09,285] {dag.py:2379} INFO - Sync 1 DAGs
[2022-09-20 23:35:09,298] {logging_mixin.py:115} INFO - [2022-09-20 23:35:09,298] {dag.py:2931} INFO - Setting next_dagrun for example_weekday_branch_operator to 2022-09-19T00:00:00+00:00, run_after=2022-09-20T00:00:00+00:00
[2022-09-20 23:35:09,304] {processor.py:161} INFO - Processing /home/airflow/.local/lib/python3.7/site-packages/airflow/example_dags/example_branch_day_of_week_operator.py took 0.059 seconds
[2022-09-20 23:35:39,593] {processor.py:153} INFO - Started process (PID=177) to work on /home/airflow/.local/lib/python3.7/site-packages/airflow/example_dags/example_branch_day_of_week_operator.py
[2022-09-20 23:35:39,594] {processor.py:641} INFO - Processing file /home/airflow/.local/lib/python3.7/site-packages/airflow/example_dags/example_branch_day_of_week_operator.py for tasks to queue
[2022-09-20 23:35:39,595] {logging_mixin.py:115} INFO - [2022-09-20 23:35:39,595] {dagbag.py:507} INFO - Filling up the DagBag from /home/airflow/.local/lib/python3.7/site-packages/airflow/example_dags/example_branch_day_of_week_operator.py
[2022-09-20 23:35:39,603] {processor.py:651} INFO - DAG(s) dict_keys(['example_weekday_branch_operator']) retrieved from /home/airflow/.local/lib/python3.7/site-packages/airflow/example_dags/example_branch_day_of_week_operator.py
[2022-09-20 23:35:39,620] {logging_mixin.py:115} INFO - [2022-09-20 23:35:39,619] {dag.py:2379} INFO - Sync 1 DAGs
[2022-09-20 23:35:39,632] {logging_mixin.py:115} INFO - [2022-09-20 23:35:39,632] {dag.py:2931} INFO - Setting next_dagrun for example_weekday_branch_operator to 2022-09-19T00:00:00+00:00, run_after=2022-09-20T00:00:00+00:00
[2022-09-20 23:35:39,639] {processor.py:161} INFO - Processing /home/airflow/.local/lib/python3.7/site-packages/airflow/example_dags/example_branch_day_of_week_operator.py took 0.049 seconds
[2022-09-20 23:36:09,828] {processor.py:153} INFO - Started process (PID=230) to work on /home/airflow/.local/lib/python3.7/site-packages/airflow/example_dags/example_branch_day_of_week_operator.py
[2022-09-20 23:36:09,829] {processor.py:641} INFO - Processing file /home/airflow/.local/lib/python3.7/site-packages/airflow/example_dags/example_branch_day_of_week_operator.py for tasks to queue
[2022-09-20 23:36:09,831] {logging_mixin.py:115} INFO - [2022-09-20 23:36:09,831] {dagbag.py:507} INFO - Filling up the DagBag from /home/airflow/.local/lib/python3.7/site-packages/airflow/example_dags/example_branch_day_of_week_operator.py
[2022-09-20 23:36:09,839] {processor.py:651} INFO - DAG(s) dict_keys(['example_weekday_branch_operator']) retrieved from /home/airflow/.local/lib/python3.7/site-packages/airflow/example_dags/example_branch_day_of_week_operator.py
[2022-09-20 23:36:09,855] {logging_mixin.py:115} INFO - [2022-09-20 23:36:09,855] {dag.py:2379} INFO - Sync 1 DAGs
[2022-09-20 23:36:09,867] {logging_mixin.py:115} INFO - [2022-09-20 23:36:09,867] {dag.py:2931} INFO - Setting next_dagrun for example_weekday_branch_operator to 2022-09-19T00:00:00+00:00, run_after=2022-09-20T00:00:00+00:00
[2022-09-20 23:36:09,874] {processor.py:161} INFO - Processing /home/airflow/.local/lib/python3.7/site-packages/airflow/example_dags/example_branch_day_of_week_operator.py took 0.047 seconds
[2022-09-20 23:36:40,137] {processor.py:153} INFO - Started process (PID=295) to work on /home/airflow/.local/lib/python3.7/site-packages/airflow/example_dags/example_branch_day_of_week_operator.py
[2022-09-20 23:36:40,138] {processor.py:641} INFO - Processing file /home/airflow/.local/lib/python3.7/site-packages/airflow/example_dags/example_branch_day_of_week_operator.py for tasks to queue
[2022-09-20 23:36:40,139] {logging_mixin.py:115} INFO - [2022-09-20 23:36:40,139] {dagbag.py:507} INFO - Filling up the DagBag from /home/airflow/.local/lib/python3.7/site-packages/airflow/example_dags/example_branch_day_of_week_operator.py
[2022-09-20 23:36:40,147] {processor.py:651} INFO - DAG(s) dict_keys(['example_weekday_branch_operator']) retrieved from /home/airflow/.local/lib/python3.7/site-packages/airflow/example_dags/example_branch_day_of_week_operator.py
[2022-09-20 23:36:40,164] {logging_mixin.py:115} INFO - [2022-09-20 23:36:40,164] {dag.py:2379} INFO - Sync 1 DAGs
[2022-09-20 23:36:40,179] {logging_mixin.py:115} INFO - [2022-09-20 23:36:40,179] {dag.py:2931} INFO - Setting next_dagrun for example_weekday_branch_operator to 2022-09-19T00:00:00+00:00, run_after=2022-09-20T00:00:00+00:00
[2022-09-20 23:36:40,188] {processor.py:161} INFO - Processing /home/airflow/.local/lib/python3.7/site-packages/airflow/example_dags/example_branch_day_of_week_operator.py took 0.054 seconds
[2022-09-20 23:37:10,512] {processor.py:153} INFO - Started process (PID=358) to work on /home/airflow/.local/lib/python3.7/site-packages/airflow/example_dags/example_branch_day_of_week_operator.py
[2022-09-20 23:37:10,515] {processor.py:641} INFO - Processing file /home/airflow/.local/lib/python3.7/site-packages/airflow/example_dags/example_branch_day_of_week_operator.py for tasks to queue
[2022-09-20 23:37:10,517] {logging_mixin.py:115} INFO - [2022-09-20 23:37:10,517] {dagbag.py:507} INFO - Filling up the DagBag from /home/airflow/.local/lib/python3.7/site-packages/airflow/example_dags/example_branch_day_of_week_operator.py
[2022-09-20 23:37:10,530] {processor.py:651} INFO - DAG(s) dict_keys(['example_weekday_branch_operator']) retrieved from /home/airflow/.local/lib/python3.7/site-packages/airflow/example_dags/example_branch_day_of_week_operator.py
[2022-09-20 23:37:10,554] {logging_mixin.py:115} INFO - [2022-09-20 23:37:10,554] {dag.py:2379} INFO - Sync 1 DAGs
[2022-09-20 23:37:10,572] {logging_mixin.py:115} INFO - [2022-09-20 23:37:10,572] {dag.py:2931} INFO - Setting next_dagrun for example_weekday_branch_operator to 2022-09-19T00:00:00+00:00, run_after=2022-09-20T00:00:00+00:00
[2022-09-20 23:37:10,580] {processor.py:161} INFO - Processing /home/airflow/.local/lib/python3.7/site-packages/airflow/example_dags/example_branch_day_of_week_operator.py took 0.071 seconds
[2022-09-20 23:37:41,063] {processor.py:153} INFO - Started process (PID=431) to work on /home/airflow/.local/lib/python3.7/site-packages/airflow/example_dags/example_branch_day_of_week_operator.py
[2022-09-20 23:37:41,065] {processor.py:641} INFO - Processing file /home/airflow/.local/lib/python3.7/site-packages/airflow/example_dags/example_branch_day_of_week_operator.py for tasks to queue
[2022-09-20 23:37:41,067] {logging_mixin.py:115} INFO - [2022-09-20 23:37:41,067] {dagbag.py:507} INFO - Filling up the DagBag from /home/airflow/.local/lib/python3.7/site-packages/airflow/example_dags/example_branch_day_of_week_operator.py
[2022-09-20 23:37:41,078] {processor.py:651} INFO - DAG(s) dict_keys(['example_weekday_branch_operator']) retrieved from /home/airflow/.local/lib/python3.7/site-packages/airflow/example_dags/example_branch_day_of_week_operator.py
[2022-09-20 23:37:41,108] {logging_mixin.py:115} INFO - [2022-09-20 23:37:41,108] {dag.py:2379} INFO - Sync 1 DAGs
[2022-09-20 23:37:41,121] {logging_mixin.py:115} INFO - [2022-09-20 23:37:41,121] {dag.py:2931} INFO - Setting next_dagrun for example_weekday_branch_operator to 2022-09-19T00:00:00+00:00, run_after=2022-09-20T00:00:00+00:00
[2022-09-20 23:37:41,130] {processor.py:161} INFO - Processing /home/airflow/.local/lib/python3.7/site-packages/airflow/example_dags/example_branch_day_of_week_operator.py took 0.069 seconds
[2022-09-20 23:38:11,188] {processor.py:153} INFO - Started process (PID=495) to work on /home/airflow/.local/lib/python3.7/site-packages/airflow/example_dags/example_branch_day_of_week_operator.py
[2022-09-20 23:38:11,189] {processor.py:641} INFO - Processing file /home/airflow/.local/lib/python3.7/site-packages/airflow/example_dags/example_branch_day_of_week_operator.py for tasks to queue
[2022-09-20 23:38:11,190] {logging_mixin.py:115} INFO - [2022-09-20 23:38:11,190] {dagbag.py:507} INFO - Filling up the DagBag from /home/airflow/.local/lib/python3.7/site-packages/airflow/example_dags/example_branch_day_of_week_operator.py
[2022-09-20 23:38:11,198] {processor.py:651} INFO - DAG(s) dict_keys(['example_weekday_branch_operator']) retrieved from /home/airflow/.local/lib/python3.7/site-packages/airflow/example_dags/example_branch_day_of_week_operator.py
[2022-09-20 23:38:11,214] {logging_mixin.py:115} INFO - [2022-09-20 23:38:11,214] {dag.py:2379} INFO - Sync 1 DAGs
[2022-09-20 23:38:11,226] {logging_mixin.py:115} INFO - [2022-09-20 23:38:11,226] {dag.py:2931} INFO - Setting next_dagrun for example_weekday_branch_operator to 2022-09-19T00:00:00+00:00, run_after=2022-09-20T00:00:00+00:00
[2022-09-20 23:38:11,233] {processor.py:161} INFO - Processing /home/airflow/.local/lib/python3.7/site-packages/airflow/example_dags/example_branch_day_of_week_operator.py took 0.048 seconds
[2022-09-20 23:38:41,917] {processor.py:153} INFO - Started process (PID=554) to work on /home/airflow/.local/lib/python3.7/site-packages/airflow/example_dags/example_branch_day_of_week_operator.py
[2022-09-20 23:38:41,919] {processor.py:641} INFO - Processing file /home/airflow/.local/lib/python3.7/site-packages/airflow/example_dags/example_branch_day_of_week_operator.py for tasks to queue
[2022-09-20 23:38:41,920] {logging_mixin.py:115} INFO - [2022-09-20 23:38:41,920] {dagbag.py:507} INFO - Filling up the DagBag from /home/airflow/.local/lib/python3.7/site-packages/airflow/example_dags/example_branch_day_of_week_operator.py
[2022-09-20 23:38:41,929] {processor.py:651} INFO - DAG(s) dict_keys(['example_weekday_branch_operator']) retrieved from /home/airflow/.local/lib/python3.7/site-packages/airflow/example_dags/example_branch_day_of_week_operator.py
[2022-09-20 23:38:41,948] {logging_mixin.py:115} INFO - [2022-09-20 23:38:41,948] {dag.py:2379} INFO - Sync 1 DAGs
[2022-09-20 23:38:41,963] {logging_mixin.py:115} INFO - [2022-09-20 23:38:41,963] {dag.py:2931} INFO - Setting next_dagrun for example_weekday_branch_operator to 2022-09-19T00:00:00+00:00, run_after=2022-09-20T00:00:00+00:00
[2022-09-20 23:38:41,973] {processor.py:161} INFO - Processing /home/airflow/.local/lib/python3.7/site-packages/airflow/example_dags/example_branch_day_of_week_operator.py took 0.058 seconds
[2022-09-20 23:39:12,140] {processor.py:153} INFO - Started process (PID=619) to work on /home/airflow/.local/lib/python3.7/site-packages/airflow/example_dags/example_branch_day_of_week_operator.py
[2022-09-20 23:39:12,141] {processor.py:641} INFO - Processing file /home/airflow/.local/lib/python3.7/site-packages/airflow/example_dags/example_branch_day_of_week_operator.py for tasks to queue
[2022-09-20 23:39:12,143] {logging_mixin.py:115} INFO - [2022-09-20 23:39:12,143] {dagbag.py:507} INFO - Filling up the DagBag from /home/airflow/.local/lib/python3.7/site-packages/airflow/example_dags/example_branch_day_of_week_operator.py
[2022-09-20 23:39:12,150] {processor.py:651} INFO - DAG(s) dict_keys(['example_weekday_branch_operator']) retrieved from /home/airflow/.local/lib/python3.7/site-packages/airflow/example_dags/example_branch_day_of_week_operator.py
[2022-09-20 23:39:12,166] {logging_mixin.py:115} INFO - [2022-09-20 23:39:12,166] {dag.py:2379} INFO - Sync 1 DAGs
[2022-09-20 23:39:12,179] {logging_mixin.py:115} INFO - [2022-09-20 23:39:12,179] {dag.py:2931} INFO - Setting next_dagrun for example_weekday_branch_operator to 2022-09-19T00:00:00+00:00, run_after=2022-09-20T00:00:00+00:00
[2022-09-20 23:39:12,186] {processor.py:161} INFO - Processing /home/airflow/.local/lib/python3.7/site-packages/airflow/example_dags/example_branch_day_of_week_operator.py took 0.048 seconds
[2022-09-20 23:39:42,405] {processor.py:153} INFO - Started process (PID=682) to work on /home/airflow/.local/lib/python3.7/site-packages/airflow/example_dags/example_branch_day_of_week_operator.py
[2022-09-20 23:39:42,407] {processor.py:641} INFO - Processing file /home/airflow/.local/lib/python3.7/site-packages/airflow/example_dags/example_branch_day_of_week_operator.py for tasks to queue
[2022-09-20 23:39:42,408] {logging_mixin.py:115} INFO - [2022-09-20 23:39:42,408] {dagbag.py:507} INFO - Filling up the DagBag from /home/airflow/.local/lib/python3.7/site-packages/airflow/example_dags/example_branch_day_of_week_operator.py
[2022-09-20 23:39:42,415] {processor.py:651} INFO - DAG(s) dict_keys(['example_weekday_branch_operator']) retrieved from /home/airflow/.local/lib/python3.7/site-packages/airflow/example_dags/example_branch_day_of_week_operator.py
[2022-09-20 23:39:42,434] {logging_mixin.py:115} INFO - [2022-09-20 23:39:42,434] {dag.py:2379} INFO - Sync 1 DAGs
[2022-09-20 23:39:42,449] {logging_mixin.py:115} INFO - [2022-09-20 23:39:42,449] {dag.py:2931} INFO - Setting next_dagrun for example_weekday_branch_operator to 2022-09-19T00:00:00+00:00, run_after=2022-09-20T00:00:00+00:00
[2022-09-20 23:39:42,458] {processor.py:161} INFO - Processing /home/airflow/.local/lib/python3.7/site-packages/airflow/example_dags/example_branch_day_of_week_operator.py took 0.055 seconds
[2022-09-20 23:40:12,543] {processor.py:153} INFO - Started process (PID=748) to work on /home/airflow/.local/lib/python3.7/site-packages/airflow/example_dags/example_branch_day_of_week_operator.py
[2022-09-20 23:40:12,544] {processor.py:641} INFO - Processing file /home/airflow/.local/lib/python3.7/site-packages/airflow/example_dags/example_branch_day_of_week_operator.py for tasks to queue
[2022-09-20 23:40:12,546] {logging_mixin.py:115} INFO - [2022-09-20 23:40:12,545] {dagbag.py:507} INFO - Filling up the DagBag from /home/airflow/.local/lib/python3.7/site-packages/airflow/example_dags/example_branch_day_of_week_operator.py
[2022-09-20 23:40:12,552] {processor.py:651} INFO - DAG(s) dict_keys(['example_weekday_branch_operator']) retrieved from /home/airflow/.local/lib/python3.7/site-packages/airflow/example_dags/example_branch_day_of_week_operator.py
[2022-09-20 23:40:12,569] {logging_mixin.py:115} INFO - [2022-09-20 23:40:12,569] {dag.py:2379} INFO - Sync 1 DAGs
[2022-09-20 23:40:12,586] {logging_mixin.py:115} INFO - [2022-09-20 23:40:12,586] {dag.py:2931} INFO - Setting next_dagrun for example_weekday_branch_operator to 2022-09-19T00:00:00+00:00, run_after=2022-09-20T00:00:00+00:00
[2022-09-20 23:40:12,596] {processor.py:161} INFO - Processing /home/airflow/.local/lib/python3.7/site-packages/airflow/example_dags/example_branch_day_of_week_operator.py took 0.055 seconds
[2022-09-20 23:40:42,852] {processor.py:153} INFO - Started process (PID=815) to work on /home/airflow/.local/lib/python3.7/site-packages/airflow/example_dags/example_branch_day_of_week_operator.py
[2022-09-20 23:40:42,855] {processor.py:641} INFO - Processing file /home/airflow/.local/lib/python3.7/site-packages/airflow/example_dags/example_branch_day_of_week_operator.py for tasks to queue
[2022-09-20 23:40:42,856] {logging_mixin.py:115} INFO - [2022-09-20 23:40:42,856] {dagbag.py:507} INFO - Filling up the DagBag from /home/airflow/.local/lib/python3.7/site-packages/airflow/example_dags/example_branch_day_of_week_operator.py
[2022-09-20 23:40:42,864] {processor.py:651} INFO - DAG(s) dict_keys(['example_weekday_branch_operator']) retrieved from /home/airflow/.local/lib/python3.7/site-packages/airflow/example_dags/example_branch_day_of_week_operator.py
[2022-09-20 23:40:42,887] {logging_mixin.py:115} INFO - [2022-09-20 23:40:42,887] {dag.py:2379} INFO - Sync 1 DAGs
[2022-09-20 23:40:42,919] {logging_mixin.py:115} INFO - [2022-09-20 23:40:42,919] {dag.py:2931} INFO - Setting next_dagrun for example_weekday_branch_operator to 2022-09-19T00:00:00+00:00, run_after=2022-09-20T00:00:00+00:00
[2022-09-20 23:40:42,929] {processor.py:161} INFO - Processing /home/airflow/.local/lib/python3.7/site-packages/airflow/example_dags/example_branch_day_of_week_operator.py took 0.080 seconds
[2022-09-20 23:41:13,805] {processor.py:153} INFO - Started process (PID=868) to work on /home/airflow/.local/lib/python3.7/site-packages/airflow/example_dags/example_branch_day_of_week_operator.py
[2022-09-20 23:41:13,806] {processor.py:641} INFO - Processing file /home/airflow/.local/lib/python3.7/site-packages/airflow/example_dags/example_branch_day_of_week_operator.py for tasks to queue
[2022-09-20 23:41:13,808] {logging_mixin.py:115} INFO - [2022-09-20 23:41:13,807] {dagbag.py:507} INFO - Filling up the DagBag from /home/airflow/.local/lib/python3.7/site-packages/airflow/example_dags/example_branch_day_of_week_operator.py
[2022-09-20 23:41:13,815] {processor.py:651} INFO - DAG(s) dict_keys(['example_weekday_branch_operator']) retrieved from /home/airflow/.local/lib/python3.7/site-packages/airflow/example_dags/example_branch_day_of_week_operator.py
[2022-09-20 23:41:13,838] {logging_mixin.py:115} INFO - [2022-09-20 23:41:13,838] {dag.py:2379} INFO - Sync 1 DAGs
[2022-09-20 23:41:13,854] {logging_mixin.py:115} INFO - [2022-09-20 23:41:13,854] {dag.py:2931} INFO - Setting next_dagrun for example_weekday_branch_operator to 2022-09-19T00:00:00+00:00, run_after=2022-09-20T00:00:00+00:00
[2022-09-20 23:41:13,862] {processor.py:161} INFO - Processing /home/airflow/.local/lib/python3.7/site-packages/airflow/example_dags/example_branch_day_of_week_operator.py took 0.060 seconds
[2022-09-20 23:41:44,122] {processor.py:153} INFO - Started process (PID=941) to work on /home/airflow/.local/lib/python3.7/site-packages/airflow/example_dags/example_branch_day_of_week_operator.py
[2022-09-20 23:41:44,123] {processor.py:641} INFO - Processing file /home/airflow/.local/lib/python3.7/site-packages/airflow/example_dags/example_branch_day_of_week_operator.py for tasks to queue
[2022-09-20 23:41:44,125] {logging_mixin.py:115} INFO - [2022-09-20 23:41:44,125] {dagbag.py:507} INFO - Filling up the DagBag from /home/airflow/.local/lib/python3.7/site-packages/airflow/example_dags/example_branch_day_of_week_operator.py
[2022-09-20 23:41:44,131] {processor.py:651} INFO - DAG(s) dict_keys(['example_weekday_branch_operator']) retrieved from /home/airflow/.local/lib/python3.7/site-packages/airflow/example_dags/example_branch_day_of_week_operator.py
[2022-09-20 23:41:44,150] {logging_mixin.py:115} INFO - [2022-09-20 23:41:44,150] {dag.py:2379} INFO - Sync 1 DAGs
[2022-09-20 23:41:44,166] {logging_mixin.py:115} INFO - [2022-09-20 23:41:44,166] {dag.py:2931} INFO - Setting next_dagrun for example_weekday_branch_operator to 2022-09-19T00:00:00+00:00, run_after=2022-09-20T00:00:00+00:00
[2022-09-20 23:41:44,176] {processor.py:161} INFO - Processing /home/airflow/.local/lib/python3.7/site-packages/airflow/example_dags/example_branch_day_of_week_operator.py took 0.056 seconds
[2022-09-20 23:42:14,217] {processor.py:153} INFO - Started process (PID=1002) to work on /home/airflow/.local/lib/python3.7/site-packages/airflow/example_dags/example_branch_day_of_week_operator.py
[2022-09-20 23:42:14,218] {processor.py:641} INFO - Processing file /home/airflow/.local/lib/python3.7/site-packages/airflow/example_dags/example_branch_day_of_week_operator.py for tasks to queue
[2022-09-20 23:42:14,219] {logging_mixin.py:115} INFO - [2022-09-20 23:42:14,219] {dagbag.py:507} INFO - Filling up the DagBag from /home/airflow/.local/lib/python3.7/site-packages/airflow/example_dags/example_branch_day_of_week_operator.py
[2022-09-20 23:42:14,225] {processor.py:651} INFO - DAG(s) dict_keys(['example_weekday_branch_operator']) retrieved from /home/airflow/.local/lib/python3.7/site-packages/airflow/example_dags/example_branch_day_of_week_operator.py
[2022-09-20 23:42:14,243] {logging_mixin.py:115} INFO - [2022-09-20 23:42:14,243] {dag.py:2379} INFO - Sync 1 DAGs
[2022-09-20 23:42:14,257] {logging_mixin.py:115} INFO - [2022-09-20 23:42:14,257] {dag.py:2931} INFO - Setting next_dagrun for example_weekday_branch_operator to 2022-09-19T00:00:00+00:00, run_after=2022-09-20T00:00:00+00:00
[2022-09-20 23:42:14,266] {processor.py:161} INFO - Processing /home/airflow/.local/lib/python3.7/site-packages/airflow/example_dags/example_branch_day_of_week_operator.py took 0.050 seconds
[2022-09-20 23:42:44,393] {processor.py:153} INFO - Started process (PID=1063) to work on /home/airflow/.local/lib/python3.7/site-packages/airflow/example_dags/example_branch_day_of_week_operator.py
[2022-09-20 23:42:44,395] {processor.py:641} INFO - Processing file /home/airflow/.local/lib/python3.7/site-packages/airflow/example_dags/example_branch_day_of_week_operator.py for tasks to queue
[2022-09-20 23:42:44,396] {logging_mixin.py:115} INFO - [2022-09-20 23:42:44,396] {dagbag.py:507} INFO - Filling up the DagBag from /home/airflow/.local/lib/python3.7/site-packages/airflow/example_dags/example_branch_day_of_week_operator.py
[2022-09-20 23:42:44,401] {processor.py:651} INFO - DAG(s) dict_keys(['example_weekday_branch_operator']) retrieved from /home/airflow/.local/lib/python3.7/site-packages/airflow/example_dags/example_branch_day_of_week_operator.py
[2022-09-20 23:42:44,417] {logging_mixin.py:115} INFO - [2022-09-20 23:42:44,417] {dag.py:2379} INFO - Sync 1 DAGs
[2022-09-20 23:42:44,431] {logging_mixin.py:115} INFO - [2022-09-20 23:42:44,431] {dag.py:2931} INFO - Setting next_dagrun for example_weekday_branch_operator to 2022-09-19T00:00:00+00:00, run_after=2022-09-20T00:00:00+00:00
[2022-09-20 23:42:44,439] {processor.py:161} INFO - Processing /home/airflow/.local/lib/python3.7/site-packages/airflow/example_dags/example_branch_day_of_week_operator.py took 0.048 seconds
[2022-09-20 23:43:15,153] {processor.py:153} INFO - Started process (PID=1125) to work on /home/airflow/.local/lib/python3.7/site-packages/airflow/example_dags/example_branch_day_of_week_operator.py
[2022-09-20 23:43:15,155] {processor.py:641} INFO - Processing file /home/airflow/.local/lib/python3.7/site-packages/airflow/example_dags/example_branch_day_of_week_operator.py for tasks to queue
[2022-09-20 23:43:15,159] {logging_mixin.py:115} INFO - [2022-09-20 23:43:15,159] {dagbag.py:507} INFO - Filling up the DagBag from /home/airflow/.local/lib/python3.7/site-packages/airflow/example_dags/example_branch_day_of_week_operator.py
[2022-09-20 23:43:15,166] {processor.py:651} INFO - DAG(s) dict_keys(['example_weekday_branch_operator']) retrieved from /home/airflow/.local/lib/python3.7/site-packages/airflow/example_dags/example_branch_day_of_week_operator.py
[2022-09-20 23:43:15,194] {logging_mixin.py:115} INFO - [2022-09-20 23:43:15,194] {dag.py:2379} INFO - Sync 1 DAGs
[2022-09-20 23:43:15,211] {logging_mixin.py:115} INFO - [2022-09-20 23:43:15,211] {dag.py:2931} INFO - Setting next_dagrun for example_weekday_branch_operator to 2022-09-19T00:00:00+00:00, run_after=2022-09-20T00:00:00+00:00
[2022-09-20 23:43:15,221] {processor.py:161} INFO - Processing /home/airflow/.local/lib/python3.7/site-packages/airflow/example_dags/example_branch_day_of_week_operator.py took 0.070 seconds
[2022-09-20 23:43:45,905] {processor.py:153} INFO - Started process (PID=1178) to work on /home/airflow/.local/lib/python3.7/site-packages/airflow/example_dags/example_branch_day_of_week_operator.py
[2022-09-20 23:43:45,906] {processor.py:641} INFO - Processing file /home/airflow/.local/lib/python3.7/site-packages/airflow/example_dags/example_branch_day_of_week_operator.py for tasks to queue
[2022-09-20 23:43:45,907] {logging_mixin.py:115} INFO - [2022-09-20 23:43:45,907] {dagbag.py:507} INFO - Filling up the DagBag from /home/airflow/.local/lib/python3.7/site-packages/airflow/example_dags/example_branch_day_of_week_operator.py
[2022-09-20 23:43:45,913] {processor.py:651} INFO - DAG(s) dict_keys(['example_weekday_branch_operator']) retrieved from /home/airflow/.local/lib/python3.7/site-packages/airflow/example_dags/example_branch_day_of_week_operator.py
[2022-09-20 23:43:45,931] {logging_mixin.py:115} INFO - [2022-09-20 23:43:45,931] {dag.py:2379} INFO - Sync 1 DAGs
[2022-09-20 23:43:45,945] {logging_mixin.py:115} INFO - [2022-09-20 23:43:45,944] {dag.py:2931} INFO - Setting next_dagrun for example_weekday_branch_operator to 2022-09-19T00:00:00+00:00, run_after=2022-09-20T00:00:00+00:00
[2022-09-20 23:43:45,952] {processor.py:161} INFO - Processing /home/airflow/.local/lib/python3.7/site-packages/airflow/example_dags/example_branch_day_of_week_operator.py took 0.050 seconds
[2022-09-20 23:44:16,761] {processor.py:153} INFO - Started process (PID=1240) to work on /home/airflow/.local/lib/python3.7/site-packages/airflow/example_dags/example_branch_day_of_week_operator.py
[2022-09-20 23:44:16,762] {processor.py:641} INFO - Processing file /home/airflow/.local/lib/python3.7/site-packages/airflow/example_dags/example_branch_day_of_week_operator.py for tasks to queue
[2022-09-20 23:44:16,763] {logging_mixin.py:115} INFO - [2022-09-20 23:44:16,763] {dagbag.py:507} INFO - Filling up the DagBag from /home/airflow/.local/lib/python3.7/site-packages/airflow/example_dags/example_branch_day_of_week_operator.py
[2022-09-20 23:44:16,769] {processor.py:651} INFO - DAG(s) dict_keys(['example_weekday_branch_operator']) retrieved from /home/airflow/.local/lib/python3.7/site-packages/airflow/example_dags/example_branch_day_of_week_operator.py
[2022-09-20 23:44:16,784] {logging_mixin.py:115} INFO - [2022-09-20 23:44:16,784] {dag.py:2379} INFO - Sync 1 DAGs
[2022-09-20 23:44:16,798] {logging_mixin.py:115} INFO - [2022-09-20 23:44:16,797] {dag.py:2931} INFO - Setting next_dagrun for example_weekday_branch_operator to 2022-09-19T00:00:00+00:00, run_after=2022-09-20T00:00:00+00:00
[2022-09-20 23:44:16,805] {processor.py:161} INFO - Processing /home/airflow/.local/lib/python3.7/site-packages/airflow/example_dags/example_branch_day_of_week_operator.py took 0.046 seconds
[2022-09-20 23:44:47,674] {processor.py:153} INFO - Started process (PID=1302) to work on /home/airflow/.local/lib/python3.7/site-packages/airflow/example_dags/example_branch_day_of_week_operator.py
[2022-09-20 23:44:47,676] {processor.py:641} INFO - Processing file /home/airflow/.local/lib/python3.7/site-packages/airflow/example_dags/example_branch_day_of_week_operator.py for tasks to queue
[2022-09-20 23:44:47,677] {logging_mixin.py:115} INFO - [2022-09-20 23:44:47,677] {dagbag.py:507} INFO - Filling up the DagBag from /home/airflow/.local/lib/python3.7/site-packages/airflow/example_dags/example_branch_day_of_week_operator.py
[2022-09-20 23:44:47,683] {processor.py:651} INFO - DAG(s) dict_keys(['example_weekday_branch_operator']) retrieved from /home/airflow/.local/lib/python3.7/site-packages/airflow/example_dags/example_branch_day_of_week_operator.py
[2022-09-20 23:44:47,701] {logging_mixin.py:115} INFO - [2022-09-20 23:44:47,701] {dag.py:2379} INFO - Sync 1 DAGs
[2022-09-20 23:44:47,715] {logging_mixin.py:115} INFO - [2022-09-20 23:44:47,715] {dag.py:2931} INFO - Setting next_dagrun for example_weekday_branch_operator to 2022-09-19T00:00:00+00:00, run_after=2022-09-20T00:00:00+00:00
[2022-09-20 23:44:47,723] {processor.py:161} INFO - Processing /home/airflow/.local/lib/python3.7/site-packages/airflow/example_dags/example_branch_day_of_week_operator.py took 0.051 seconds
[2022-09-20 23:45:17,944] {processor.py:153} INFO - Started process (PID=1363) to work on /home/airflow/.local/lib/python3.7/site-packages/airflow/example_dags/example_branch_day_of_week_operator.py
[2022-09-20 23:45:17,946] {processor.py:641} INFO - Processing file /home/airflow/.local/lib/python3.7/site-packages/airflow/example_dags/example_branch_day_of_week_operator.py for tasks to queue
[2022-09-20 23:45:17,947] {logging_mixin.py:115} INFO - [2022-09-20 23:45:17,947] {dagbag.py:507} INFO - Filling up the DagBag from /home/airflow/.local/lib/python3.7/site-packages/airflow/example_dags/example_branch_day_of_week_operator.py
[2022-09-20 23:45:17,953] {processor.py:651} INFO - DAG(s) dict_keys(['example_weekday_branch_operator']) retrieved from /home/airflow/.local/lib/python3.7/site-packages/airflow/example_dags/example_branch_day_of_week_operator.py
[2022-09-20 23:45:17,972] {logging_mixin.py:115} INFO - [2022-09-20 23:45:17,972] {dag.py:2379} INFO - Sync 1 DAGs
[2022-09-20 23:45:17,990] {logging_mixin.py:115} INFO - [2022-09-20 23:45:17,990] {dag.py:2931} INFO - Setting next_dagrun for example_weekday_branch_operator to 2022-09-19T00:00:00+00:00, run_after=2022-09-20T00:00:00+00:00
[2022-09-20 23:45:18,002] {processor.py:161} INFO - Processing /home/airflow/.local/lib/python3.7/site-packages/airflow/example_dags/example_branch_day_of_week_operator.py took 0.060 seconds
[2022-09-20 23:45:48,763] {processor.py:153} INFO - Started process (PID=1425) to work on /home/airflow/.local/lib/python3.7/site-packages/airflow/example_dags/example_branch_day_of_week_operator.py
[2022-09-20 23:45:48,764] {processor.py:641} INFO - Processing file /home/airflow/.local/lib/python3.7/site-packages/airflow/example_dags/example_branch_day_of_week_operator.py for tasks to queue
[2022-09-20 23:45:48,765] {logging_mixin.py:115} INFO - [2022-09-20 23:45:48,765] {dagbag.py:507} INFO - Filling up the DagBag from /home/airflow/.local/lib/python3.7/site-packages/airflow/example_dags/example_branch_day_of_week_operator.py
[2022-09-20 23:45:48,771] {processor.py:651} INFO - DAG(s) dict_keys(['example_weekday_branch_operator']) retrieved from /home/airflow/.local/lib/python3.7/site-packages/airflow/example_dags/example_branch_day_of_week_operator.py
[2022-09-20 23:45:48,789] {logging_mixin.py:115} INFO - [2022-09-20 23:45:48,789] {dag.py:2379} INFO - Sync 1 DAGs
[2022-09-20 23:45:48,802] {logging_mixin.py:115} INFO - [2022-09-20 23:45:48,802] {dag.py:2931} INFO - Setting next_dagrun for example_weekday_branch_operator to 2022-09-19T00:00:00+00:00, run_after=2022-09-20T00:00:00+00:00
[2022-09-20 23:45:48,810] {processor.py:161} INFO - Processing /home/airflow/.local/lib/python3.7/site-packages/airflow/example_dags/example_branch_day_of_week_operator.py took 0.050 seconds
[2022-09-20 23:46:19,577] {processor.py:153} INFO - Started process (PID=1487) to work on /home/airflow/.local/lib/python3.7/site-packages/airflow/example_dags/example_branch_day_of_week_operator.py
[2022-09-20 23:46:19,578] {processor.py:641} INFO - Processing file /home/airflow/.local/lib/python3.7/site-packages/airflow/example_dags/example_branch_day_of_week_operator.py for tasks to queue
[2022-09-20 23:46:19,579] {logging_mixin.py:115} INFO - [2022-09-20 23:46:19,579] {dagbag.py:507} INFO - Filling up the DagBag from /home/airflow/.local/lib/python3.7/site-packages/airflow/example_dags/example_branch_day_of_week_operator.py
[2022-09-20 23:46:19,585] {processor.py:651} INFO - DAG(s) dict_keys(['example_weekday_branch_operator']) retrieved from /home/airflow/.local/lib/python3.7/site-packages/airflow/example_dags/example_branch_day_of_week_operator.py
[2022-09-20 23:46:19,603] {logging_mixin.py:115} INFO - [2022-09-20 23:46:19,603] {dag.py:2379} INFO - Sync 1 DAGs
[2022-09-20 23:46:19,616] {logging_mixin.py:115} INFO - [2022-09-20 23:46:19,616] {dag.py:2931} INFO - Setting next_dagrun for example_weekday_branch_operator to 2022-09-19T00:00:00+00:00, run_after=2022-09-20T00:00:00+00:00
[2022-09-20 23:46:19,625] {processor.py:161} INFO - Processing /home/airflow/.local/lib/python3.7/site-packages/airflow/example_dags/example_branch_day_of_week_operator.py took 0.051 seconds
[2022-09-20 23:46:50,334] {processor.py:153} INFO - Started process (PID=1540) to work on /home/airflow/.local/lib/python3.7/site-packages/airflow/example_dags/example_branch_day_of_week_operator.py
[2022-09-20 23:46:50,335] {processor.py:641} INFO - Processing file /home/airflow/.local/lib/python3.7/site-packages/airflow/example_dags/example_branch_day_of_week_operator.py for tasks to queue
[2022-09-20 23:46:50,337] {logging_mixin.py:115} INFO - [2022-09-20 23:46:50,337] {dagbag.py:507} INFO - Filling up the DagBag from /home/airflow/.local/lib/python3.7/site-packages/airflow/example_dags/example_branch_day_of_week_operator.py
[2022-09-20 23:46:50,342] {processor.py:651} INFO - DAG(s) dict_keys(['example_weekday_branch_operator']) retrieved from /home/airflow/.local/lib/python3.7/site-packages/airflow/example_dags/example_branch_day_of_week_operator.py
[2022-09-20 23:46:50,360] {logging_mixin.py:115} INFO - [2022-09-20 23:46:50,359] {dag.py:2379} INFO - Sync 1 DAGs
[2022-09-20 23:46:50,373] {logging_mixin.py:115} INFO - [2022-09-20 23:46:50,373] {dag.py:2931} INFO - Setting next_dagrun for example_weekday_branch_operator to 2022-09-19T00:00:00+00:00, run_after=2022-09-20T00:00:00+00:00
[2022-09-20 23:46:50,382] {processor.py:161} INFO - Processing /home/airflow/.local/lib/python3.7/site-packages/airflow/example_dags/example_branch_day_of_week_operator.py took 0.050 seconds
[2022-09-20 23:47:21,187] {processor.py:153} INFO - Started process (PID=1602) to work on /home/airflow/.local/lib/python3.7/site-packages/airflow/example_dags/example_branch_day_of_week_operator.py
[2022-09-20 23:47:21,188] {processor.py:641} INFO - Processing file /home/airflow/.local/lib/python3.7/site-packages/airflow/example_dags/example_branch_day_of_week_operator.py for tasks to queue
[2022-09-20 23:47:21,190] {logging_mixin.py:115} INFO - [2022-09-20 23:47:21,190] {dagbag.py:507} INFO - Filling up the DagBag from /home/airflow/.local/lib/python3.7/site-packages/airflow/example_dags/example_branch_day_of_week_operator.py
[2022-09-20 23:47:21,196] {processor.py:651} INFO - DAG(s) dict_keys(['example_weekday_branch_operator']) retrieved from /home/airflow/.local/lib/python3.7/site-packages/airflow/example_dags/example_branch_day_of_week_operator.py
[2022-09-20 23:47:21,213] {logging_mixin.py:115} INFO - [2022-09-20 23:47:21,213] {dag.py:2379} INFO - Sync 1 DAGs
[2022-09-20 23:47:21,226] {logging_mixin.py:115} INFO - [2022-09-20 23:47:21,226] {dag.py:2931} INFO - Setting next_dagrun for example_weekday_branch_operator to 2022-09-19T00:00:00+00:00, run_after=2022-09-20T00:00:00+00:00
[2022-09-20 23:47:21,235] {processor.py:161} INFO - Processing /home/airflow/.local/lib/python3.7/site-packages/airflow/example_dags/example_branch_day_of_week_operator.py took 0.050 seconds
[2022-09-20 23:47:51,888] {processor.py:153} INFO - Started process (PID=1662) to work on /home/airflow/.local/lib/python3.7/site-packages/airflow/example_dags/example_branch_day_of_week_operator.py
[2022-09-20 23:47:51,889] {processor.py:641} INFO - Processing file /home/airflow/.local/lib/python3.7/site-packages/airflow/example_dags/example_branch_day_of_week_operator.py for tasks to queue
[2022-09-20 23:47:51,890] {logging_mixin.py:115} INFO - [2022-09-20 23:47:51,890] {dagbag.py:507} INFO - Filling up the DagBag from /home/airflow/.local/lib/python3.7/site-packages/airflow/example_dags/example_branch_day_of_week_operator.py
[2022-09-20 23:47:51,896] {processor.py:651} INFO - DAG(s) dict_keys(['example_weekday_branch_operator']) retrieved from /home/airflow/.local/lib/python3.7/site-packages/airflow/example_dags/example_branch_day_of_week_operator.py
[2022-09-20 23:47:51,913] {logging_mixin.py:115} INFO - [2022-09-20 23:47:51,913] {dag.py:2379} INFO - Sync 1 DAGs
[2022-09-20 23:47:51,927] {logging_mixin.py:115} INFO - [2022-09-20 23:47:51,927] {dag.py:2931} INFO - Setting next_dagrun for example_weekday_branch_operator to 2022-09-19T00:00:00+00:00, run_after=2022-09-20T00:00:00+00:00
[2022-09-20 23:47:51,936] {processor.py:161} INFO - Processing /home/airflow/.local/lib/python3.7/site-packages/airflow/example_dags/example_branch_day_of_week_operator.py took 0.050 seconds
[2022-09-20 23:48:22,681] {processor.py:153} INFO - Started process (PID=1724) to work on /home/airflow/.local/lib/python3.7/site-packages/airflow/example_dags/example_branch_day_of_week_operator.py
[2022-09-20 23:48:22,682] {processor.py:641} INFO - Processing file /home/airflow/.local/lib/python3.7/site-packages/airflow/example_dags/example_branch_day_of_week_operator.py for tasks to queue
[2022-09-20 23:48:22,684] {logging_mixin.py:115} INFO - [2022-09-20 23:48:22,684] {dagbag.py:507} INFO - Filling up the DagBag from /home/airflow/.local/lib/python3.7/site-packages/airflow/example_dags/example_branch_day_of_week_operator.py
[2022-09-20 23:48:22,689] {processor.py:651} INFO - DAG(s) dict_keys(['example_weekday_branch_operator']) retrieved from /home/airflow/.local/lib/python3.7/site-packages/airflow/example_dags/example_branch_day_of_week_operator.py
[2022-09-20 23:48:22,706] {logging_mixin.py:115} INFO - [2022-09-20 23:48:22,706] {dag.py:2379} INFO - Sync 1 DAGs
[2022-09-20 23:48:22,719] {logging_mixin.py:115} INFO - [2022-09-20 23:48:22,719] {dag.py:2931} INFO - Setting next_dagrun for example_weekday_branch_operator to 2022-09-19T00:00:00+00:00, run_after=2022-09-20T00:00:00+00:00
[2022-09-20 23:48:22,726] {processor.py:161} INFO - Processing /home/airflow/.local/lib/python3.7/site-packages/airflow/example_dags/example_branch_day_of_week_operator.py took 0.048 seconds
[2022-09-20 23:48:52,949] {processor.py:153} INFO - Started process (PID=1786) to work on /home/airflow/.local/lib/python3.7/site-packages/airflow/example_dags/example_branch_day_of_week_operator.py
[2022-09-20 23:48:52,950] {processor.py:641} INFO - Processing file /home/airflow/.local/lib/python3.7/site-packages/airflow/example_dags/example_branch_day_of_week_operator.py for tasks to queue
[2022-09-20 23:48:52,951] {logging_mixin.py:115} INFO - [2022-09-20 23:48:52,951] {dagbag.py:507} INFO - Filling up the DagBag from /home/airflow/.local/lib/python3.7/site-packages/airflow/example_dags/example_branch_day_of_week_operator.py
[2022-09-20 23:48:52,956] {processor.py:651} INFO - DAG(s) dict_keys(['example_weekday_branch_operator']) retrieved from /home/airflow/.local/lib/python3.7/site-packages/airflow/example_dags/example_branch_day_of_week_operator.py
[2022-09-20 23:48:52,974] {logging_mixin.py:115} INFO - [2022-09-20 23:48:52,974] {dag.py:2379} INFO - Sync 1 DAGs
[2022-09-20 23:48:52,987] {logging_mixin.py:115} INFO - [2022-09-20 23:48:52,987] {dag.py:2931} INFO - Setting next_dagrun for example_weekday_branch_operator to 2022-09-19T00:00:00+00:00, run_after=2022-09-20T00:00:00+00:00
[2022-09-20 23:48:52,995] {processor.py:161} INFO - Processing /home/airflow/.local/lib/python3.7/site-packages/airflow/example_dags/example_branch_day_of_week_operator.py took 0.048 seconds
[2022-09-20 23:49:23,907] {processor.py:153} INFO - Started process (PID=1847) to work on /home/airflow/.local/lib/python3.7/site-packages/airflow/example_dags/example_branch_day_of_week_operator.py
[2022-09-20 23:49:23,908] {processor.py:641} INFO - Processing file /home/airflow/.local/lib/python3.7/site-packages/airflow/example_dags/example_branch_day_of_week_operator.py for tasks to queue
[2022-09-20 23:49:23,910] {logging_mixin.py:115} INFO - [2022-09-20 23:49:23,910] {dagbag.py:507} INFO - Filling up the DagBag from /home/airflow/.local/lib/python3.7/site-packages/airflow/example_dags/example_branch_day_of_week_operator.py
[2022-09-20 23:49:23,917] {processor.py:651} INFO - DAG(s) dict_keys(['example_weekday_branch_operator']) retrieved from /home/airflow/.local/lib/python3.7/site-packages/airflow/example_dags/example_branch_day_of_week_operator.py
[2022-09-20 23:49:23,935] {logging_mixin.py:115} INFO - [2022-09-20 23:49:23,935] {dag.py:2379} INFO - Sync 1 DAGs
[2022-09-20 23:49:23,947] {logging_mixin.py:115} INFO - [2022-09-20 23:49:23,947] {dag.py:2931} INFO - Setting next_dagrun for example_weekday_branch_operator to 2022-09-19T00:00:00+00:00, run_after=2022-09-20T00:00:00+00:00
[2022-09-20 23:49:23,954] {processor.py:161} INFO - Processing /home/airflow/.local/lib/python3.7/site-packages/airflow/example_dags/example_branch_day_of_week_operator.py took 0.049 seconds
[2022-09-20 23:49:54,109] {processor.py:153} INFO - Started process (PID=1899) to work on /home/airflow/.local/lib/python3.7/site-packages/airflow/example_dags/example_branch_day_of_week_operator.py
[2022-09-20 23:49:54,110] {processor.py:641} INFO - Processing file /home/airflow/.local/lib/python3.7/site-packages/airflow/example_dags/example_branch_day_of_week_operator.py for tasks to queue
[2022-09-20 23:49:54,111] {logging_mixin.py:115} INFO - [2022-09-20 23:49:54,111] {dagbag.py:507} INFO - Filling up the DagBag from /home/airflow/.local/lib/python3.7/site-packages/airflow/example_dags/example_branch_day_of_week_operator.py
[2022-09-20 23:49:54,116] {processor.py:651} INFO - DAG(s) dict_keys(['example_weekday_branch_operator']) retrieved from /home/airflow/.local/lib/python3.7/site-packages/airflow/example_dags/example_branch_day_of_week_operator.py
[2022-09-20 23:49:54,133] {logging_mixin.py:115} INFO - [2022-09-20 23:49:54,133] {dag.py:2379} INFO - Sync 1 DAGs
[2022-09-20 23:49:54,146] {logging_mixin.py:115} INFO - [2022-09-20 23:49:54,146] {dag.py:2931} INFO - Setting next_dagrun for example_weekday_branch_operator to 2022-09-19T00:00:00+00:00, run_after=2022-09-20T00:00:00+00:00
[2022-09-20 23:49:54,154] {processor.py:161} INFO - Processing /home/airflow/.local/lib/python3.7/site-packages/airflow/example_dags/example_branch_day_of_week_operator.py took 0.048 seconds
[2022-09-20 23:50:24,184] {processor.py:153} INFO - Started process (PID=1961) to work on /home/airflow/.local/lib/python3.7/site-packages/airflow/example_dags/example_branch_day_of_week_operator.py
[2022-09-20 23:50:24,186] {processor.py:641} INFO - Processing file /home/airflow/.local/lib/python3.7/site-packages/airflow/example_dags/example_branch_day_of_week_operator.py for tasks to queue
[2022-09-20 23:50:24,187] {logging_mixin.py:115} INFO - [2022-09-20 23:50:24,187] {dagbag.py:507} INFO - Filling up the DagBag from /home/airflow/.local/lib/python3.7/site-packages/airflow/example_dags/example_branch_day_of_week_operator.py
[2022-09-20 23:50:24,192] {processor.py:651} INFO - DAG(s) dict_keys(['example_weekday_branch_operator']) retrieved from /home/airflow/.local/lib/python3.7/site-packages/airflow/example_dags/example_branch_day_of_week_operator.py
[2022-09-20 23:50:24,208] {logging_mixin.py:115} INFO - [2022-09-20 23:50:24,208] {dag.py:2379} INFO - Sync 1 DAGs
[2022-09-20 23:50:24,221] {logging_mixin.py:115} INFO - [2022-09-20 23:50:24,221] {dag.py:2931} INFO - Setting next_dagrun for example_weekday_branch_operator to 2022-09-19T00:00:00+00:00, run_after=2022-09-20T00:00:00+00:00
[2022-09-20 23:50:24,229] {processor.py:161} INFO - Processing /home/airflow/.local/lib/python3.7/site-packages/airflow/example_dags/example_branch_day_of_week_operator.py took 0.047 seconds
[2022-09-20 23:50:54,989] {processor.py:153} INFO - Started process (PID=2023) to work on /home/airflow/.local/lib/python3.7/site-packages/airflow/example_dags/example_branch_day_of_week_operator.py
[2022-09-20 23:50:54,990] {processor.py:641} INFO - Processing file /home/airflow/.local/lib/python3.7/site-packages/airflow/example_dags/example_branch_day_of_week_operator.py for tasks to queue
[2022-09-20 23:50:54,992] {logging_mixin.py:115} INFO - [2022-09-20 23:50:54,992] {dagbag.py:507} INFO - Filling up the DagBag from /home/airflow/.local/lib/python3.7/site-packages/airflow/example_dags/example_branch_day_of_week_operator.py
[2022-09-20 23:50:54,998] {processor.py:651} INFO - DAG(s) dict_keys(['example_weekday_branch_operator']) retrieved from /home/airflow/.local/lib/python3.7/site-packages/airflow/example_dags/example_branch_day_of_week_operator.py
[2022-09-20 23:50:55,015] {logging_mixin.py:115} INFO - [2022-09-20 23:50:55,015] {dag.py:2379} INFO - Sync 1 DAGs
[2022-09-20 23:50:55,029] {logging_mixin.py:115} INFO - [2022-09-20 23:50:55,029] {dag.py:2931} INFO - Setting next_dagrun for example_weekday_branch_operator to 2022-09-19T00:00:00+00:00, run_after=2022-09-20T00:00:00+00:00
[2022-09-20 23:50:55,038] {processor.py:161} INFO - Processing /home/airflow/.local/lib/python3.7/site-packages/airflow/example_dags/example_branch_day_of_week_operator.py took 0.051 seconds
[2022-09-20 23:51:25,707] {processor.py:153} INFO - Started process (PID=2085) to work on /home/airflow/.local/lib/python3.7/site-packages/airflow/example_dags/example_branch_day_of_week_operator.py
[2022-09-20 23:51:25,708] {processor.py:641} INFO - Processing file /home/airflow/.local/lib/python3.7/site-packages/airflow/example_dags/example_branch_day_of_week_operator.py for tasks to queue
[2022-09-20 23:51:25,709] {logging_mixin.py:115} INFO - [2022-09-20 23:51:25,709] {dagbag.py:507} INFO - Filling up the DagBag from /home/airflow/.local/lib/python3.7/site-packages/airflow/example_dags/example_branch_day_of_week_operator.py
[2022-09-20 23:51:25,715] {processor.py:651} INFO - DAG(s) dict_keys(['example_weekday_branch_operator']) retrieved from /home/airflow/.local/lib/python3.7/site-packages/airflow/example_dags/example_branch_day_of_week_operator.py
[2022-09-20 23:51:25,734] {logging_mixin.py:115} INFO - [2022-09-20 23:51:25,734] {dag.py:2379} INFO - Sync 1 DAGs
[2022-09-20 23:51:25,747] {logging_mixin.py:115} INFO - [2022-09-20 23:51:25,747] {dag.py:2931} INFO - Setting next_dagrun for example_weekday_branch_operator to 2022-09-19T00:00:00+00:00, run_after=2022-09-20T00:00:00+00:00
[2022-09-20 23:51:25,755] {processor.py:161} INFO - Processing /home/airflow/.local/lib/python3.7/site-packages/airflow/example_dags/example_branch_day_of_week_operator.py took 0.050 seconds
[2022-09-20 23:51:56,641] {processor.py:153} INFO - Started process (PID=2147) to work on /home/airflow/.local/lib/python3.7/site-packages/airflow/example_dags/example_branch_day_of_week_operator.py
[2022-09-20 23:51:56,643] {processor.py:641} INFO - Processing file /home/airflow/.local/lib/python3.7/site-packages/airflow/example_dags/example_branch_day_of_week_operator.py for tasks to queue
[2022-09-20 23:51:56,644] {logging_mixin.py:115} INFO - [2022-09-20 23:51:56,644] {dagbag.py:507} INFO - Filling up the DagBag from /home/airflow/.local/lib/python3.7/site-packages/airflow/example_dags/example_branch_day_of_week_operator.py
[2022-09-20 23:51:56,650] {processor.py:651} INFO - DAG(s) dict_keys(['example_weekday_branch_operator']) retrieved from /home/airflow/.local/lib/python3.7/site-packages/airflow/example_dags/example_branch_day_of_week_operator.py
[2022-09-20 23:51:56,676] {logging_mixin.py:115} INFO - [2022-09-20 23:51:56,676] {dag.py:2379} INFO - Sync 1 DAGs
[2022-09-20 23:51:56,694] {logging_mixin.py:115} INFO - [2022-09-20 23:51:56,694] {dag.py:2931} INFO - Setting next_dagrun for example_weekday_branch_operator to 2022-09-19T00:00:00+00:00, run_after=2022-09-20T00:00:00+00:00
[2022-09-20 23:51:56,703] {processor.py:161} INFO - Processing /home/airflow/.local/lib/python3.7/site-packages/airflow/example_dags/example_branch_day_of_week_operator.py took 0.064 seconds
[2022-09-20 23:52:27,653] {processor.py:153} INFO - Started process (PID=2209) to work on /home/airflow/.local/lib/python3.7/site-packages/airflow/example_dags/example_branch_day_of_week_operator.py
[2022-09-20 23:52:27,654] {processor.py:641} INFO - Processing file /home/airflow/.local/lib/python3.7/site-packages/airflow/example_dags/example_branch_day_of_week_operator.py for tasks to queue
[2022-09-20 23:52:27,656] {logging_mixin.py:115} INFO - [2022-09-20 23:52:27,656] {dagbag.py:507} INFO - Filling up the DagBag from /home/airflow/.local/lib/python3.7/site-packages/airflow/example_dags/example_branch_day_of_week_operator.py
[2022-09-20 23:52:27,662] {processor.py:651} INFO - DAG(s) dict_keys(['example_weekday_branch_operator']) retrieved from /home/airflow/.local/lib/python3.7/site-packages/airflow/example_dags/example_branch_day_of_week_operator.py
[2022-09-20 23:52:27,681] {logging_mixin.py:115} INFO - [2022-09-20 23:52:27,680] {dag.py:2379} INFO - Sync 1 DAGs
[2022-09-20 23:52:27,694] {logging_mixin.py:115} INFO - [2022-09-20 23:52:27,694] {dag.py:2931} INFO - Setting next_dagrun for example_weekday_branch_operator to 2022-09-19T00:00:00+00:00, run_after=2022-09-20T00:00:00+00:00
[2022-09-20 23:52:27,701] {processor.py:161} INFO - Processing /home/airflow/.local/lib/python3.7/site-packages/airflow/example_dags/example_branch_day_of_week_operator.py took 0.050 seconds
[2022-09-20 23:52:58,658] {processor.py:153} INFO - Started process (PID=2269) to work on /home/airflow/.local/lib/python3.7/site-packages/airflow/example_dags/example_branch_day_of_week_operator.py
[2022-09-20 23:52:58,660] {processor.py:641} INFO - Processing file /home/airflow/.local/lib/python3.7/site-packages/airflow/example_dags/example_branch_day_of_week_operator.py for tasks to queue
[2022-09-20 23:52:58,661] {logging_mixin.py:115} INFO - [2022-09-20 23:52:58,661] {dagbag.py:507} INFO - Filling up the DagBag from /home/airflow/.local/lib/python3.7/site-packages/airflow/example_dags/example_branch_day_of_week_operator.py
[2022-09-20 23:52:58,671] {processor.py:651} INFO - DAG(s) dict_keys(['example_weekday_branch_operator']) retrieved from /home/airflow/.local/lib/python3.7/site-packages/airflow/example_dags/example_branch_day_of_week_operator.py
[2022-09-20 23:52:58,694] {logging_mixin.py:115} INFO - [2022-09-20 23:52:58,694] {dag.py:2379} INFO - Sync 1 DAGs
[2022-09-20 23:52:58,708] {logging_mixin.py:115} INFO - [2022-09-20 23:52:58,708] {dag.py:2931} INFO - Setting next_dagrun for example_weekday_branch_operator to 2022-09-19T00:00:00+00:00, run_after=2022-09-20T00:00:00+00:00
[2022-09-20 23:52:58,716] {processor.py:161} INFO - Processing /home/airflow/.local/lib/python3.7/site-packages/airflow/example_dags/example_branch_day_of_week_operator.py took 0.060 seconds
[2022-09-20 23:53:29,435] {processor.py:153} INFO - Started process (PID=2322) to work on /home/airflow/.local/lib/python3.7/site-packages/airflow/example_dags/example_branch_day_of_week_operator.py
[2022-09-20 23:53:29,437] {processor.py:641} INFO - Processing file /home/airflow/.local/lib/python3.7/site-packages/airflow/example_dags/example_branch_day_of_week_operator.py for tasks to queue
[2022-09-20 23:53:29,438] {logging_mixin.py:115} INFO - [2022-09-20 23:53:29,438] {dagbag.py:507} INFO - Filling up the DagBag from /home/airflow/.local/lib/python3.7/site-packages/airflow/example_dags/example_branch_day_of_week_operator.py
[2022-09-20 23:53:29,444] {processor.py:651} INFO - DAG(s) dict_keys(['example_weekday_branch_operator']) retrieved from /home/airflow/.local/lib/python3.7/site-packages/airflow/example_dags/example_branch_day_of_week_operator.py
[2022-09-20 23:53:29,461] {logging_mixin.py:115} INFO - [2022-09-20 23:53:29,461] {dag.py:2379} INFO - Sync 1 DAGs
[2022-09-20 23:53:29,475] {logging_mixin.py:115} INFO - [2022-09-20 23:53:29,475] {dag.py:2931} INFO - Setting next_dagrun for example_weekday_branch_operator to 2022-09-19T00:00:00+00:00, run_after=2022-09-20T00:00:00+00:00
[2022-09-20 23:53:29,482] {processor.py:161} INFO - Processing /home/airflow/.local/lib/python3.7/site-packages/airflow/example_dags/example_branch_day_of_week_operator.py took 0.050 seconds
[2022-09-20 23:54:00,183] {processor.py:153} INFO - Started process (PID=2384) to work on /home/airflow/.local/lib/python3.7/site-packages/airflow/example_dags/example_branch_day_of_week_operator.py
[2022-09-20 23:54:00,186] {processor.py:641} INFO - Processing file /home/airflow/.local/lib/python3.7/site-packages/airflow/example_dags/example_branch_day_of_week_operator.py for tasks to queue
[2022-09-20 23:54:00,186] {logging_mixin.py:115} INFO - [2022-09-20 23:54:00,186] {dagbag.py:507} INFO - Filling up the DagBag from /home/airflow/.local/lib/python3.7/site-packages/airflow/example_dags/example_branch_day_of_week_operator.py
[2022-09-20 23:54:00,192] {processor.py:651} INFO - DAG(s) dict_keys(['example_weekday_branch_operator']) retrieved from /home/airflow/.local/lib/python3.7/site-packages/airflow/example_dags/example_branch_day_of_week_operator.py
[2022-09-20 23:54:00,209] {logging_mixin.py:115} INFO - [2022-09-20 23:54:00,209] {dag.py:2379} INFO - Sync 1 DAGs
[2022-09-20 23:54:00,223] {logging_mixin.py:115} INFO - [2022-09-20 23:54:00,223] {dag.py:2931} INFO - Setting next_dagrun for example_weekday_branch_operator to 2022-09-19T00:00:00+00:00, run_after=2022-09-20T00:00:00+00:00
[2022-09-20 23:54:00,230] {processor.py:161} INFO - Processing /home/airflow/.local/lib/python3.7/site-packages/airflow/example_dags/example_branch_day_of_week_operator.py took 0.050 seconds
[2022-09-20 23:54:30,795] {processor.py:153} INFO - Started process (PID=2446) to work on /home/airflow/.local/lib/python3.7/site-packages/airflow/example_dags/example_branch_day_of_week_operator.py
[2022-09-20 23:54:30,796] {processor.py:641} INFO - Processing file /home/airflow/.local/lib/python3.7/site-packages/airflow/example_dags/example_branch_day_of_week_operator.py for tasks to queue
[2022-09-20 23:54:30,797] {logging_mixin.py:115} INFO - [2022-09-20 23:54:30,797] {dagbag.py:507} INFO - Filling up the DagBag from /home/airflow/.local/lib/python3.7/site-packages/airflow/example_dags/example_branch_day_of_week_operator.py
[2022-09-20 23:54:30,803] {processor.py:651} INFO - DAG(s) dict_keys(['example_weekday_branch_operator']) retrieved from /home/airflow/.local/lib/python3.7/site-packages/airflow/example_dags/example_branch_day_of_week_operator.py
[2022-09-20 23:54:30,819] {logging_mixin.py:115} INFO - [2022-09-20 23:54:30,819] {dag.py:2379} INFO - Sync 1 DAGs
[2022-09-20 23:54:30,833] {logging_mixin.py:115} INFO - [2022-09-20 23:54:30,833] {dag.py:2931} INFO - Setting next_dagrun for example_weekday_branch_operator to 2022-09-19T00:00:00+00:00, run_after=2022-09-20T00:00:00+00:00
[2022-09-20 23:54:30,841] {processor.py:161} INFO - Processing /home/airflow/.local/lib/python3.7/site-packages/airflow/example_dags/example_branch_day_of_week_operator.py took 0.048 seconds
[2022-09-20 23:55:01,604] {processor.py:153} INFO - Started process (PID=2507) to work on /home/airflow/.local/lib/python3.7/site-packages/airflow/example_dags/example_branch_day_of_week_operator.py
[2022-09-20 23:55:01,605] {processor.py:641} INFO - Processing file /home/airflow/.local/lib/python3.7/site-packages/airflow/example_dags/example_branch_day_of_week_operator.py for tasks to queue
[2022-09-20 23:55:01,606] {logging_mixin.py:115} INFO - [2022-09-20 23:55:01,606] {dagbag.py:507} INFO - Filling up the DagBag from /home/airflow/.local/lib/python3.7/site-packages/airflow/example_dags/example_branch_day_of_week_operator.py
[2022-09-20 23:55:01,611] {processor.py:651} INFO - DAG(s) dict_keys(['example_weekday_branch_operator']) retrieved from /home/airflow/.local/lib/python3.7/site-packages/airflow/example_dags/example_branch_day_of_week_operator.py
[2022-09-20 23:55:01,630] {logging_mixin.py:115} INFO - [2022-09-20 23:55:01,629] {dag.py:2379} INFO - Sync 1 DAGs
[2022-09-20 23:55:01,646] {logging_mixin.py:115} INFO - [2022-09-20 23:55:01,646] {dag.py:2931} INFO - Setting next_dagrun for example_weekday_branch_operator to 2022-09-19T00:00:00+00:00, run_after=2022-09-20T00:00:00+00:00
[2022-09-20 23:55:01,655] {processor.py:161} INFO - Processing /home/airflow/.local/lib/python3.7/site-packages/airflow/example_dags/example_branch_day_of_week_operator.py took 0.054 seconds
[2022-09-20 23:55:32,609] {processor.py:153} INFO - Started process (PID=2569) to work on /home/airflow/.local/lib/python3.7/site-packages/airflow/example_dags/example_branch_day_of_week_operator.py
[2022-09-20 23:55:32,612] {processor.py:641} INFO - Processing file /home/airflow/.local/lib/python3.7/site-packages/airflow/example_dags/example_branch_day_of_week_operator.py for tasks to queue
[2022-09-20 23:55:32,613] {logging_mixin.py:115} INFO - [2022-09-20 23:55:32,613] {dagbag.py:507} INFO - Filling up the DagBag from /home/airflow/.local/lib/python3.7/site-packages/airflow/example_dags/example_branch_day_of_week_operator.py
[2022-09-20 23:55:32,619] {processor.py:651} INFO - DAG(s) dict_keys(['example_weekday_branch_operator']) retrieved from /home/airflow/.local/lib/python3.7/site-packages/airflow/example_dags/example_branch_day_of_week_operator.py
[2022-09-20 23:55:32,636] {logging_mixin.py:115} INFO - [2022-09-20 23:55:32,636] {dag.py:2379} INFO - Sync 1 DAGs
[2022-09-20 23:55:32,650] {logging_mixin.py:115} INFO - [2022-09-20 23:55:32,650] {dag.py:2931} INFO - Setting next_dagrun for example_weekday_branch_operator to 2022-09-19T00:00:00+00:00, run_after=2022-09-20T00:00:00+00:00
[2022-09-20 23:55:32,658] {processor.py:161} INFO - Processing /home/airflow/.local/lib/python3.7/site-packages/airflow/example_dags/example_branch_day_of_week_operator.py took 0.052 seconds
[2022-09-20 23:56:03,576] {processor.py:153} INFO - Started process (PID=2631) to work on /home/airflow/.local/lib/python3.7/site-packages/airflow/example_dags/example_branch_day_of_week_operator.py
[2022-09-20 23:56:03,577] {processor.py:641} INFO - Processing file /home/airflow/.local/lib/python3.7/site-packages/airflow/example_dags/example_branch_day_of_week_operator.py for tasks to queue
[2022-09-20 23:56:03,582] {logging_mixin.py:115} INFO - [2022-09-20 23:56:03,582] {dagbag.py:507} INFO - Filling up the DagBag from /home/airflow/.local/lib/python3.7/site-packages/airflow/example_dags/example_branch_day_of_week_operator.py
[2022-09-20 23:56:03,587] {processor.py:651} INFO - DAG(s) dict_keys(['example_weekday_branch_operator']) retrieved from /home/airflow/.local/lib/python3.7/site-packages/airflow/example_dags/example_branch_day_of_week_operator.py
[2022-09-20 23:56:03,611] {logging_mixin.py:115} INFO - [2022-09-20 23:56:03,611] {dag.py:2379} INFO - Sync 1 DAGs
[2022-09-20 23:56:03,626] {logging_mixin.py:115} INFO - [2022-09-20 23:56:03,626] {dag.py:2931} INFO - Setting next_dagrun for example_weekday_branch_operator to 2022-09-19T00:00:00+00:00, run_after=2022-09-20T00:00:00+00:00
[2022-09-20 23:56:03,635] {processor.py:161} INFO - Processing /home/airflow/.local/lib/python3.7/site-packages/airflow/example_dags/example_branch_day_of_week_operator.py took 0.061 seconds
[2022-09-20 23:56:34,459] {processor.py:153} INFO - Started process (PID=2692) to work on /home/airflow/.local/lib/python3.7/site-packages/airflow/example_dags/example_branch_day_of_week_operator.py
[2022-09-20 23:56:34,461] {processor.py:641} INFO - Processing file /home/airflow/.local/lib/python3.7/site-packages/airflow/example_dags/example_branch_day_of_week_operator.py for tasks to queue
[2022-09-20 23:56:34,462] {logging_mixin.py:115} INFO - [2022-09-20 23:56:34,462] {dagbag.py:507} INFO - Filling up the DagBag from /home/airflow/.local/lib/python3.7/site-packages/airflow/example_dags/example_branch_day_of_week_operator.py
[2022-09-20 23:56:34,468] {processor.py:651} INFO - DAG(s) dict_keys(['example_weekday_branch_operator']) retrieved from /home/airflow/.local/lib/python3.7/site-packages/airflow/example_dags/example_branch_day_of_week_operator.py
[2022-09-20 23:56:34,491] {logging_mixin.py:115} INFO - [2022-09-20 23:56:34,491] {dag.py:2379} INFO - Sync 1 DAGs
[2022-09-20 23:56:34,507] {logging_mixin.py:115} INFO - [2022-09-20 23:56:34,507] {dag.py:2931} INFO - Setting next_dagrun for example_weekday_branch_operator to 2022-09-19T00:00:00+00:00, run_after=2022-09-20T00:00:00+00:00
[2022-09-20 23:56:34,518] {processor.py:161} INFO - Processing /home/airflow/.local/lib/python3.7/site-packages/airflow/example_dags/example_branch_day_of_week_operator.py took 0.063 seconds
[2022-09-20 23:57:04,716] {processor.py:153} INFO - Started process (PID=2745) to work on /home/airflow/.local/lib/python3.7/site-packages/airflow/example_dags/example_branch_day_of_week_operator.py
[2022-09-20 23:57:04,718] {processor.py:641} INFO - Processing file /home/airflow/.local/lib/python3.7/site-packages/airflow/example_dags/example_branch_day_of_week_operator.py for tasks to queue
[2022-09-20 23:57:04,719] {logging_mixin.py:115} INFO - [2022-09-20 23:57:04,719] {dagbag.py:507} INFO - Filling up the DagBag from /home/airflow/.local/lib/python3.7/site-packages/airflow/example_dags/example_branch_day_of_week_operator.py
[2022-09-20 23:57:04,725] {processor.py:651} INFO - DAG(s) dict_keys(['example_weekday_branch_operator']) retrieved from /home/airflow/.local/lib/python3.7/site-packages/airflow/example_dags/example_branch_day_of_week_operator.py
[2022-09-20 23:57:04,740] {logging_mixin.py:115} INFO - [2022-09-20 23:57:04,740] {dag.py:2379} INFO - Sync 1 DAGs
[2022-09-20 23:57:04,754] {logging_mixin.py:115} INFO - [2022-09-20 23:57:04,754] {dag.py:2931} INFO - Setting next_dagrun for example_weekday_branch_operator to 2022-09-19T00:00:00+00:00, run_after=2022-09-20T00:00:00+00:00
[2022-09-20 23:57:04,763] {processor.py:161} INFO - Processing /home/airflow/.local/lib/python3.7/site-packages/airflow/example_dags/example_branch_day_of_week_operator.py took 0.050 seconds
[2022-09-20 23:57:34,950] {processor.py:153} INFO - Started process (PID=2807) to work on /home/airflow/.local/lib/python3.7/site-packages/airflow/example_dags/example_branch_day_of_week_operator.py
[2022-09-20 23:57:34,951] {processor.py:641} INFO - Processing file /home/airflow/.local/lib/python3.7/site-packages/airflow/example_dags/example_branch_day_of_week_operator.py for tasks to queue
[2022-09-20 23:57:34,952] {logging_mixin.py:115} INFO - [2022-09-20 23:57:34,952] {dagbag.py:507} INFO - Filling up the DagBag from /home/airflow/.local/lib/python3.7/site-packages/airflow/example_dags/example_branch_day_of_week_operator.py
[2022-09-20 23:57:34,957] {processor.py:651} INFO - DAG(s) dict_keys(['example_weekday_branch_operator']) retrieved from /home/airflow/.local/lib/python3.7/site-packages/airflow/example_dags/example_branch_day_of_week_operator.py
[2022-09-20 23:57:34,975] {logging_mixin.py:115} INFO - [2022-09-20 23:57:34,975] {dag.py:2379} INFO - Sync 1 DAGs
[2022-09-20 23:57:34,989] {logging_mixin.py:115} INFO - [2022-09-20 23:57:34,988] {dag.py:2931} INFO - Setting next_dagrun for example_weekday_branch_operator to 2022-09-19T00:00:00+00:00, run_after=2022-09-20T00:00:00+00:00
[2022-09-20 23:57:34,997] {processor.py:161} INFO - Processing /home/airflow/.local/lib/python3.7/site-packages/airflow/example_dags/example_branch_day_of_week_operator.py took 0.049 seconds
[2022-09-20 23:58:05,273] {processor.py:153} INFO - Started process (PID=2871) to work on /home/airflow/.local/lib/python3.7/site-packages/airflow/example_dags/example_branch_day_of_week_operator.py
[2022-09-20 23:58:05,274] {processor.py:641} INFO - Processing file /home/airflow/.local/lib/python3.7/site-packages/airflow/example_dags/example_branch_day_of_week_operator.py for tasks to queue
[2022-09-20 23:58:05,275] {logging_mixin.py:115} INFO - [2022-09-20 23:58:05,275] {dagbag.py:507} INFO - Filling up the DagBag from /home/airflow/.local/lib/python3.7/site-packages/airflow/example_dags/example_branch_day_of_week_operator.py
[2022-09-20 23:58:05,280] {processor.py:651} INFO - DAG(s) dict_keys(['example_weekday_branch_operator']) retrieved from /home/airflow/.local/lib/python3.7/site-packages/airflow/example_dags/example_branch_day_of_week_operator.py
[2022-09-20 23:58:05,298] {logging_mixin.py:115} INFO - [2022-09-20 23:58:05,298] {dag.py:2379} INFO - Sync 1 DAGs
[2022-09-20 23:58:05,312] {logging_mixin.py:115} INFO - [2022-09-20 23:58:05,312] {dag.py:2931} INFO - Setting next_dagrun for example_weekday_branch_operator to 2022-09-19T00:00:00+00:00, run_after=2022-09-20T00:00:00+00:00
[2022-09-20 23:58:05,321] {processor.py:161} INFO - Processing /home/airflow/.local/lib/python3.7/site-packages/airflow/example_dags/example_branch_day_of_week_operator.py took 0.050 seconds
[2022-09-20 23:58:35,487] {processor.py:153} INFO - Started process (PID=2933) to work on /home/airflow/.local/lib/python3.7/site-packages/airflow/example_dags/example_branch_day_of_week_operator.py
[2022-09-20 23:58:35,489] {processor.py:641} INFO - Processing file /home/airflow/.local/lib/python3.7/site-packages/airflow/example_dags/example_branch_day_of_week_operator.py for tasks to queue
[2022-09-20 23:58:35,490] {logging_mixin.py:115} INFO - [2022-09-20 23:58:35,490] {dagbag.py:507} INFO - Filling up the DagBag from /home/airflow/.local/lib/python3.7/site-packages/airflow/example_dags/example_branch_day_of_week_operator.py
[2022-09-20 23:58:35,495] {processor.py:651} INFO - DAG(s) dict_keys(['example_weekday_branch_operator']) retrieved from /home/airflow/.local/lib/python3.7/site-packages/airflow/example_dags/example_branch_day_of_week_operator.py
[2022-09-20 23:58:35,518] {logging_mixin.py:115} INFO - [2022-09-20 23:58:35,518] {dag.py:2379} INFO - Sync 1 DAGs
[2022-09-20 23:58:35,533] {logging_mixin.py:115} INFO - [2022-09-20 23:58:35,533] {dag.py:2931} INFO - Setting next_dagrun for example_weekday_branch_operator to 2022-09-19T00:00:00+00:00, run_after=2022-09-20T00:00:00+00:00
[2022-09-20 23:58:35,541] {processor.py:161} INFO - Processing /home/airflow/.local/lib/python3.7/site-packages/airflow/example_dags/example_branch_day_of_week_operator.py took 0.056 seconds
[2022-09-20 23:59:05,762] {processor.py:153} INFO - Started process (PID=2994) to work on /home/airflow/.local/lib/python3.7/site-packages/airflow/example_dags/example_branch_day_of_week_operator.py
[2022-09-20 23:59:05,764] {processor.py:641} INFO - Processing file /home/airflow/.local/lib/python3.7/site-packages/airflow/example_dags/example_branch_day_of_week_operator.py for tasks to queue
[2022-09-20 23:59:05,764] {logging_mixin.py:115} INFO - [2022-09-20 23:59:05,764] {dagbag.py:507} INFO - Filling up the DagBag from /home/airflow/.local/lib/python3.7/site-packages/airflow/example_dags/example_branch_day_of_week_operator.py
[2022-09-20 23:59:05,770] {processor.py:651} INFO - DAG(s) dict_keys(['example_weekday_branch_operator']) retrieved from /home/airflow/.local/lib/python3.7/site-packages/airflow/example_dags/example_branch_day_of_week_operator.py
[2022-09-20 23:59:05,790] {logging_mixin.py:115} INFO - [2022-09-20 23:59:05,790] {dag.py:2379} INFO - Sync 1 DAGs
[2022-09-20 23:59:05,803] {logging_mixin.py:115} INFO - [2022-09-20 23:59:05,803] {dag.py:2931} INFO - Setting next_dagrun for example_weekday_branch_operator to 2022-09-19T00:00:00+00:00, run_after=2022-09-20T00:00:00+00:00
[2022-09-20 23:59:05,811] {processor.py:161} INFO - Processing /home/airflow/.local/lib/python3.7/site-packages/airflow/example_dags/example_branch_day_of_week_operator.py took 0.050 seconds
[2022-09-20 23:59:36,843] {processor.py:153} INFO - Started process (PID=3047) to work on /home/airflow/.local/lib/python3.7/site-packages/airflow/example_dags/example_branch_day_of_week_operator.py
[2022-09-20 23:59:36,844] {processor.py:641} INFO - Processing file /home/airflow/.local/lib/python3.7/site-packages/airflow/example_dags/example_branch_day_of_week_operator.py for tasks to queue
[2022-09-20 23:59:36,844] {logging_mixin.py:115} INFO - [2022-09-20 23:59:36,844] {dagbag.py:507} INFO - Filling up the DagBag from /home/airflow/.local/lib/python3.7/site-packages/airflow/example_dags/example_branch_day_of_week_operator.py
[2022-09-20 23:59:36,850] {processor.py:651} INFO - DAG(s) dict_keys(['example_weekday_branch_operator']) retrieved from /home/airflow/.local/lib/python3.7/site-packages/airflow/example_dags/example_branch_day_of_week_operator.py
[2022-09-20 23:59:36,870] {logging_mixin.py:115} INFO - [2022-09-20 23:59:36,869] {dag.py:2379} INFO - Sync 1 DAGs
[2022-09-20 23:59:36,884] {logging_mixin.py:115} INFO - [2022-09-20 23:59:36,884] {dag.py:2931} INFO - Setting next_dagrun for example_weekday_branch_operator to 2022-09-19T00:00:00+00:00, run_after=2022-09-20T00:00:00+00:00
[2022-09-20 23:59:36,893] {processor.py:161} INFO - Processing /home/airflow/.local/lib/python3.7/site-packages/airflow/example_dags/example_branch_day_of_week_operator.py took 0.053 seconds
