[2022-09-20 23:34:38,013] {processor.py:153} INFO - Started process (PID=52) to work on /home/airflow/.local/lib/python3.7/site-packages/airflow/example_dags/example_nested_branch_dag.py
[2022-09-20 23:34:38,019] {processor.py:641} INFO - Processing file /home/airflow/.local/lib/python3.7/site-packages/airflow/example_dags/example_nested_branch_dag.py for tasks to queue
[2022-09-20 23:34:38,021] {logging_mixin.py:115} INFO - [2022-09-20 23:34:38,020] {dagbag.py:507} INFO - Filling up the DagBag from /home/airflow/.local/lib/python3.7/site-packages/airflow/example_dags/example_nested_branch_dag.py
[2022-09-20 23:34:38,049] {processor.py:651} INFO - DAG(s) dict_keys(['example_nested_branch_dag']) retrieved from /home/airflow/.local/lib/python3.7/site-packages/airflow/example_dags/example_nested_branch_dag.py
[2022-09-20 23:34:38,112] {logging_mixin.py:115} INFO - [2022-09-20 23:34:38,112] {dag.py:2379} INFO - Sync 1 DAGs
[2022-09-20 23:34:38,171] {logging_mixin.py:115} INFO - [2022-09-20 23:34:38,171] {dag.py:2931} INFO - Setting next_dagrun for example_nested_branch_dag to 2022-09-19T00:00:00+00:00, run_after=2022-09-20T00:00:00+00:00
[2022-09-20 23:34:38,194] {processor.py:161} INFO - Processing /home/airflow/.local/lib/python3.7/site-packages/airflow/example_dags/example_nested_branch_dag.py took 0.184 seconds
[2022-09-20 23:35:09,172] {processor.py:153} INFO - Started process (PID=113) to work on /home/airflow/.local/lib/python3.7/site-packages/airflow/example_dags/example_nested_branch_dag.py
[2022-09-20 23:35:09,175] {processor.py:641} INFO - Processing file /home/airflow/.local/lib/python3.7/site-packages/airflow/example_dags/example_nested_branch_dag.py for tasks to queue
[2022-09-20 23:35:09,177] {logging_mixin.py:115} INFO - [2022-09-20 23:35:09,177] {dagbag.py:507} INFO - Filling up the DagBag from /home/airflow/.local/lib/python3.7/site-packages/airflow/example_dags/example_nested_branch_dag.py
[2022-09-20 23:35:09,189] {processor.py:651} INFO - DAG(s) dict_keys(['example_nested_branch_dag']) retrieved from /home/airflow/.local/lib/python3.7/site-packages/airflow/example_dags/example_nested_branch_dag.py
[2022-09-20 23:35:09,205] {logging_mixin.py:115} INFO - [2022-09-20 23:35:09,205] {dag.py:2379} INFO - Sync 1 DAGs
[2022-09-20 23:35:09,218] {logging_mixin.py:115} INFO - [2022-09-20 23:35:09,218] {dag.py:2931} INFO - Setting next_dagrun for example_nested_branch_dag to 2022-09-19T00:00:00+00:00, run_after=2022-09-20T00:00:00+00:00
[2022-09-20 23:35:09,225] {processor.py:161} INFO - Processing /home/airflow/.local/lib/python3.7/site-packages/airflow/example_dags/example_nested_branch_dag.py took 0.055 seconds
[2022-09-20 23:35:39,516] {processor.py:153} INFO - Started process (PID=175) to work on /home/airflow/.local/lib/python3.7/site-packages/airflow/example_dags/example_nested_branch_dag.py
[2022-09-20 23:35:39,519] {processor.py:641} INFO - Processing file /home/airflow/.local/lib/python3.7/site-packages/airflow/example_dags/example_nested_branch_dag.py for tasks to queue
[2022-09-20 23:35:39,521] {logging_mixin.py:115} INFO - [2022-09-20 23:35:39,521] {dagbag.py:507} INFO - Filling up the DagBag from /home/airflow/.local/lib/python3.7/site-packages/airflow/example_dags/example_nested_branch_dag.py
[2022-09-20 23:35:39,532] {processor.py:651} INFO - DAG(s) dict_keys(['example_nested_branch_dag']) retrieved from /home/airflow/.local/lib/python3.7/site-packages/airflow/example_dags/example_nested_branch_dag.py
[2022-09-20 23:35:39,549] {logging_mixin.py:115} INFO - [2022-09-20 23:35:39,549] {dag.py:2379} INFO - Sync 1 DAGs
[2022-09-20 23:35:39,562] {logging_mixin.py:115} INFO - [2022-09-20 23:35:39,562] {dag.py:2931} INFO - Setting next_dagrun for example_nested_branch_dag to 2022-09-19T00:00:00+00:00, run_after=2022-09-20T00:00:00+00:00
[2022-09-20 23:35:39,569] {processor.py:161} INFO - Processing /home/airflow/.local/lib/python3.7/site-packages/airflow/example_dags/example_nested_branch_dag.py took 0.058 seconds
[2022-09-20 23:36:09,747] {processor.py:153} INFO - Started process (PID=228) to work on /home/airflow/.local/lib/python3.7/site-packages/airflow/example_dags/example_nested_branch_dag.py
[2022-09-20 23:36:09,751] {processor.py:641} INFO - Processing file /home/airflow/.local/lib/python3.7/site-packages/airflow/example_dags/example_nested_branch_dag.py for tasks to queue
[2022-09-20 23:36:09,752] {logging_mixin.py:115} INFO - [2022-09-20 23:36:09,752] {dagbag.py:507} INFO - Filling up the DagBag from /home/airflow/.local/lib/python3.7/site-packages/airflow/example_dags/example_nested_branch_dag.py
[2022-09-20 23:36:09,766] {processor.py:651} INFO - DAG(s) dict_keys(['example_nested_branch_dag']) retrieved from /home/airflow/.local/lib/python3.7/site-packages/airflow/example_dags/example_nested_branch_dag.py
[2022-09-20 23:36:09,785] {logging_mixin.py:115} INFO - [2022-09-20 23:36:09,785] {dag.py:2379} INFO - Sync 1 DAGs
[2022-09-20 23:36:09,799] {logging_mixin.py:115} INFO - [2022-09-20 23:36:09,799] {dag.py:2931} INFO - Setting next_dagrun for example_nested_branch_dag to 2022-09-19T00:00:00+00:00, run_after=2022-09-20T00:00:00+00:00
[2022-09-20 23:36:09,807] {processor.py:161} INFO - Processing /home/airflow/.local/lib/python3.7/site-packages/airflow/example_dags/example_nested_branch_dag.py took 0.065 seconds
[2022-09-20 23:36:40,039] {processor.py:153} INFO - Started process (PID=293) to work on /home/airflow/.local/lib/python3.7/site-packages/airflow/example_dags/example_nested_branch_dag.py
[2022-09-20 23:36:40,040] {processor.py:641} INFO - Processing file /home/airflow/.local/lib/python3.7/site-packages/airflow/example_dags/example_nested_branch_dag.py for tasks to queue
[2022-09-20 23:36:40,042] {logging_mixin.py:115} INFO - [2022-09-20 23:36:40,041] {dagbag.py:507} INFO - Filling up the DagBag from /home/airflow/.local/lib/python3.7/site-packages/airflow/example_dags/example_nested_branch_dag.py
[2022-09-20 23:36:40,059] {processor.py:651} INFO - DAG(s) dict_keys(['example_nested_branch_dag']) retrieved from /home/airflow/.local/lib/python3.7/site-packages/airflow/example_dags/example_nested_branch_dag.py
[2022-09-20 23:36:40,090] {logging_mixin.py:115} INFO - [2022-09-20 23:36:40,090] {dag.py:2379} INFO - Sync 1 DAGs
[2022-09-20 23:36:40,110] {logging_mixin.py:115} INFO - [2022-09-20 23:36:40,110] {dag.py:2931} INFO - Setting next_dagrun for example_nested_branch_dag to 2022-09-19T00:00:00+00:00, run_after=2022-09-20T00:00:00+00:00
[2022-09-20 23:36:40,119] {processor.py:161} INFO - Processing /home/airflow/.local/lib/python3.7/site-packages/airflow/example_dags/example_nested_branch_dag.py took 0.083 seconds
[2022-09-20 23:37:10,416] {processor.py:153} INFO - Started process (PID=356) to work on /home/airflow/.local/lib/python3.7/site-packages/airflow/example_dags/example_nested_branch_dag.py
[2022-09-20 23:37:10,417] {processor.py:641} INFO - Processing file /home/airflow/.local/lib/python3.7/site-packages/airflow/example_dags/example_nested_branch_dag.py for tasks to queue
[2022-09-20 23:37:10,419] {logging_mixin.py:115} INFO - [2022-09-20 23:37:10,419] {dagbag.py:507} INFO - Filling up the DagBag from /home/airflow/.local/lib/python3.7/site-packages/airflow/example_dags/example_nested_branch_dag.py
[2022-09-20 23:37:10,431] {processor.py:651} INFO - DAG(s) dict_keys(['example_nested_branch_dag']) retrieved from /home/airflow/.local/lib/python3.7/site-packages/airflow/example_dags/example_nested_branch_dag.py
[2022-09-20 23:37:10,449] {logging_mixin.py:115} INFO - [2022-09-20 23:37:10,449] {dag.py:2379} INFO - Sync 1 DAGs
[2022-09-20 23:37:10,473] {logging_mixin.py:115} INFO - [2022-09-20 23:37:10,473] {dag.py:2931} INFO - Setting next_dagrun for example_nested_branch_dag to 2022-09-19T00:00:00+00:00, run_after=2022-09-20T00:00:00+00:00
[2022-09-20 23:37:10,481] {processor.py:161} INFO - Processing /home/airflow/.local/lib/python3.7/site-packages/airflow/example_dags/example_nested_branch_dag.py took 0.069 seconds
[2022-09-20 23:37:40,961] {processor.py:153} INFO - Started process (PID=429) to work on /home/airflow/.local/lib/python3.7/site-packages/airflow/example_dags/example_nested_branch_dag.py
[2022-09-20 23:37:40,964] {processor.py:641} INFO - Processing file /home/airflow/.local/lib/python3.7/site-packages/airflow/example_dags/example_nested_branch_dag.py for tasks to queue
[2022-09-20 23:37:40,967] {logging_mixin.py:115} INFO - [2022-09-20 23:37:40,967] {dagbag.py:507} INFO - Filling up the DagBag from /home/airflow/.local/lib/python3.7/site-packages/airflow/example_dags/example_nested_branch_dag.py
[2022-09-20 23:37:40,980] {processor.py:651} INFO - DAG(s) dict_keys(['example_nested_branch_dag']) retrieved from /home/airflow/.local/lib/python3.7/site-packages/airflow/example_dags/example_nested_branch_dag.py
[2022-09-20 23:37:41,008] {logging_mixin.py:115} INFO - [2022-09-20 23:37:41,008] {dag.py:2379} INFO - Sync 1 DAGs
[2022-09-20 23:37:41,023] {logging_mixin.py:115} INFO - [2022-09-20 23:37:41,023] {dag.py:2931} INFO - Setting next_dagrun for example_nested_branch_dag to 2022-09-19T00:00:00+00:00, run_after=2022-09-20T00:00:00+00:00
[2022-09-20 23:37:41,033] {processor.py:161} INFO - Processing /home/airflow/.local/lib/python3.7/site-packages/airflow/example_dags/example_nested_branch_dag.py took 0.076 seconds
[2022-09-20 23:38:11,109] {processor.py:153} INFO - Started process (PID=493) to work on /home/airflow/.local/lib/python3.7/site-packages/airflow/example_dags/example_nested_branch_dag.py
[2022-09-20 23:38:11,113] {processor.py:641} INFO - Processing file /home/airflow/.local/lib/python3.7/site-packages/airflow/example_dags/example_nested_branch_dag.py for tasks to queue
[2022-09-20 23:38:11,115] {logging_mixin.py:115} INFO - [2022-09-20 23:38:11,115] {dagbag.py:507} INFO - Filling up the DagBag from /home/airflow/.local/lib/python3.7/site-packages/airflow/example_dags/example_nested_branch_dag.py
[2022-09-20 23:38:11,125] {processor.py:651} INFO - DAG(s) dict_keys(['example_nested_branch_dag']) retrieved from /home/airflow/.local/lib/python3.7/site-packages/airflow/example_dags/example_nested_branch_dag.py
[2022-09-20 23:38:11,143] {logging_mixin.py:115} INFO - [2022-09-20 23:38:11,143] {dag.py:2379} INFO - Sync 1 DAGs
[2022-09-20 23:38:11,157] {logging_mixin.py:115} INFO - [2022-09-20 23:38:11,157] {dag.py:2931} INFO - Setting next_dagrun for example_nested_branch_dag to 2022-09-19T00:00:00+00:00, run_after=2022-09-20T00:00:00+00:00
[2022-09-20 23:38:11,165] {processor.py:161} INFO - Processing /home/airflow/.local/lib/python3.7/site-packages/airflow/example_dags/example_nested_branch_dag.py took 0.058 seconds
[2022-09-20 23:38:41,829] {processor.py:153} INFO - Started process (PID=552) to work on /home/airflow/.local/lib/python3.7/site-packages/airflow/example_dags/example_nested_branch_dag.py
[2022-09-20 23:38:41,831] {processor.py:641} INFO - Processing file /home/airflow/.local/lib/python3.7/site-packages/airflow/example_dags/example_nested_branch_dag.py for tasks to queue
[2022-09-20 23:38:41,833] {logging_mixin.py:115} INFO - [2022-09-20 23:38:41,833] {dagbag.py:507} INFO - Filling up the DagBag from /home/airflow/.local/lib/python3.7/site-packages/airflow/example_dags/example_nested_branch_dag.py
[2022-09-20 23:38:41,846] {processor.py:651} INFO - DAG(s) dict_keys(['example_nested_branch_dag']) retrieved from /home/airflow/.local/lib/python3.7/site-packages/airflow/example_dags/example_nested_branch_dag.py
[2022-09-20 23:38:41,865] {logging_mixin.py:115} INFO - [2022-09-20 23:38:41,865] {dag.py:2379} INFO - Sync 1 DAGs
[2022-09-20 23:38:41,881] {logging_mixin.py:115} INFO - [2022-09-20 23:38:41,881] {dag.py:2931} INFO - Setting next_dagrun for example_nested_branch_dag to 2022-09-19T00:00:00+00:00, run_after=2022-09-20T00:00:00+00:00
[2022-09-20 23:38:41,890] {processor.py:161} INFO - Processing /home/airflow/.local/lib/python3.7/site-packages/airflow/example_dags/example_nested_branch_dag.py took 0.063 seconds
[2022-09-20 23:39:12,060] {processor.py:153} INFO - Started process (PID=617) to work on /home/airflow/.local/lib/python3.7/site-packages/airflow/example_dags/example_nested_branch_dag.py
[2022-09-20 23:39:12,062] {processor.py:641} INFO - Processing file /home/airflow/.local/lib/python3.7/site-packages/airflow/example_dags/example_nested_branch_dag.py for tasks to queue
[2022-09-20 23:39:12,064] {logging_mixin.py:115} INFO - [2022-09-20 23:39:12,064] {dagbag.py:507} INFO - Filling up the DagBag from /home/airflow/.local/lib/python3.7/site-packages/airflow/example_dags/example_nested_branch_dag.py
[2022-09-20 23:39:12,076] {processor.py:651} INFO - DAG(s) dict_keys(['example_nested_branch_dag']) retrieved from /home/airflow/.local/lib/python3.7/site-packages/airflow/example_dags/example_nested_branch_dag.py
[2022-09-20 23:39:12,095] {logging_mixin.py:115} INFO - [2022-09-20 23:39:12,095] {dag.py:2379} INFO - Sync 1 DAGs
[2022-09-20 23:39:12,110] {logging_mixin.py:115} INFO - [2022-09-20 23:39:12,110] {dag.py:2931} INFO - Setting next_dagrun for example_nested_branch_dag to 2022-09-19T00:00:00+00:00, run_after=2022-09-20T00:00:00+00:00
[2022-09-20 23:39:12,119] {processor.py:161} INFO - Processing /home/airflow/.local/lib/python3.7/site-packages/airflow/example_dags/example_nested_branch_dag.py took 0.062 seconds
[2022-09-20 23:39:42,325] {processor.py:153} INFO - Started process (PID=680) to work on /home/airflow/.local/lib/python3.7/site-packages/airflow/example_dags/example_nested_branch_dag.py
[2022-09-20 23:39:42,327] {processor.py:641} INFO - Processing file /home/airflow/.local/lib/python3.7/site-packages/airflow/example_dags/example_nested_branch_dag.py for tasks to queue
[2022-09-20 23:39:42,328] {logging_mixin.py:115} INFO - [2022-09-20 23:39:42,328] {dagbag.py:507} INFO - Filling up the DagBag from /home/airflow/.local/lib/python3.7/site-packages/airflow/example_dags/example_nested_branch_dag.py
[2022-09-20 23:39:42,336] {processor.py:651} INFO - DAG(s) dict_keys(['example_nested_branch_dag']) retrieved from /home/airflow/.local/lib/python3.7/site-packages/airflow/example_dags/example_nested_branch_dag.py
[2022-09-20 23:39:42,357] {logging_mixin.py:115} INFO - [2022-09-20 23:39:42,357] {dag.py:2379} INFO - Sync 1 DAGs
[2022-09-20 23:39:42,372] {logging_mixin.py:115} INFO - [2022-09-20 23:39:42,372] {dag.py:2931} INFO - Setting next_dagrun for example_nested_branch_dag to 2022-09-19T00:00:00+00:00, run_after=2022-09-20T00:00:00+00:00
[2022-09-20 23:39:42,380] {processor.py:161} INFO - Processing /home/airflow/.local/lib/python3.7/site-packages/airflow/example_dags/example_nested_branch_dag.py took 0.057 seconds
[2022-09-20 23:40:12,471] {processor.py:153} INFO - Started process (PID=746) to work on /home/airflow/.local/lib/python3.7/site-packages/airflow/example_dags/example_nested_branch_dag.py
[2022-09-20 23:40:12,472] {processor.py:641} INFO - Processing file /home/airflow/.local/lib/python3.7/site-packages/airflow/example_dags/example_nested_branch_dag.py for tasks to queue
[2022-09-20 23:40:12,474] {logging_mixin.py:115} INFO - [2022-09-20 23:40:12,474] {dagbag.py:507} INFO - Filling up the DagBag from /home/airflow/.local/lib/python3.7/site-packages/airflow/example_dags/example_nested_branch_dag.py
[2022-09-20 23:40:12,481] {processor.py:651} INFO - DAG(s) dict_keys(['example_nested_branch_dag']) retrieved from /home/airflow/.local/lib/python3.7/site-packages/airflow/example_dags/example_nested_branch_dag.py
[2022-09-20 23:40:12,500] {logging_mixin.py:115} INFO - [2022-09-20 23:40:12,500] {dag.py:2379} INFO - Sync 1 DAGs
[2022-09-20 23:40:12,514] {logging_mixin.py:115} INFO - [2022-09-20 23:40:12,514] {dag.py:2931} INFO - Setting next_dagrun for example_nested_branch_dag to 2022-09-19T00:00:00+00:00, run_after=2022-09-20T00:00:00+00:00
[2022-09-20 23:40:12,523] {processor.py:161} INFO - Processing /home/airflow/.local/lib/python3.7/site-packages/airflow/example_dags/example_nested_branch_dag.py took 0.055 seconds
[2022-09-20 23:40:42,708] {processor.py:153} INFO - Started process (PID=813) to work on /home/airflow/.local/lib/python3.7/site-packages/airflow/example_dags/example_nested_branch_dag.py
[2022-09-20 23:40:42,709] {processor.py:641} INFO - Processing file /home/airflow/.local/lib/python3.7/site-packages/airflow/example_dags/example_nested_branch_dag.py for tasks to queue
[2022-09-20 23:40:42,710] {logging_mixin.py:115} INFO - [2022-09-20 23:40:42,710] {dagbag.py:507} INFO - Filling up the DagBag from /home/airflow/.local/lib/python3.7/site-packages/airflow/example_dags/example_nested_branch_dag.py
[2022-09-20 23:40:42,718] {processor.py:651} INFO - DAG(s) dict_keys(['example_nested_branch_dag']) retrieved from /home/airflow/.local/lib/python3.7/site-packages/airflow/example_dags/example_nested_branch_dag.py
[2022-09-20 23:40:42,764] {logging_mixin.py:115} INFO - [2022-09-20 23:40:42,764] {dag.py:2379} INFO - Sync 1 DAGs
[2022-09-20 23:40:42,786] {logging_mixin.py:115} INFO - [2022-09-20 23:40:42,786] {dag.py:2931} INFO - Setting next_dagrun for example_nested_branch_dag to 2022-09-19T00:00:00+00:00, run_after=2022-09-20T00:00:00+00:00
[2022-09-20 23:40:42,796] {processor.py:161} INFO - Processing /home/airflow/.local/lib/python3.7/site-packages/airflow/example_dags/example_nested_branch_dag.py took 0.092 seconds
[2022-09-20 23:41:13,648] {processor.py:153} INFO - Started process (PID=866) to work on /home/airflow/.local/lib/python3.7/site-packages/airflow/example_dags/example_nested_branch_dag.py
[2022-09-20 23:41:13,649] {processor.py:641} INFO - Processing file /home/airflow/.local/lib/python3.7/site-packages/airflow/example_dags/example_nested_branch_dag.py for tasks to queue
[2022-09-20 23:41:13,651] {logging_mixin.py:115} INFO - [2022-09-20 23:41:13,651] {dagbag.py:507} INFO - Filling up the DagBag from /home/airflow/.local/lib/python3.7/site-packages/airflow/example_dags/example_nested_branch_dag.py
[2022-09-20 23:41:13,660] {processor.py:651} INFO - DAG(s) dict_keys(['example_nested_branch_dag']) retrieved from /home/airflow/.local/lib/python3.7/site-packages/airflow/example_dags/example_nested_branch_dag.py
[2022-09-20 23:41:13,678] {logging_mixin.py:115} INFO - [2022-09-20 23:41:13,678] {dag.py:2379} INFO - Sync 1 DAGs
[2022-09-20 23:41:13,693] {logging_mixin.py:115} INFO - [2022-09-20 23:41:13,693] {dag.py:2931} INFO - Setting next_dagrun for example_nested_branch_dag to 2022-09-19T00:00:00+00:00, run_after=2022-09-20T00:00:00+00:00
[2022-09-20 23:41:13,702] {processor.py:161} INFO - Processing /home/airflow/.local/lib/python3.7/site-packages/airflow/example_dags/example_nested_branch_dag.py took 0.058 seconds
[2022-09-20 23:41:44,011] {processor.py:153} INFO - Started process (PID=939) to work on /home/airflow/.local/lib/python3.7/site-packages/airflow/example_dags/example_nested_branch_dag.py
[2022-09-20 23:41:44,013] {processor.py:641} INFO - Processing file /home/airflow/.local/lib/python3.7/site-packages/airflow/example_dags/example_nested_branch_dag.py for tasks to queue
[2022-09-20 23:41:44,016] {logging_mixin.py:115} INFO - [2022-09-20 23:41:44,016] {dagbag.py:507} INFO - Filling up the DagBag from /home/airflow/.local/lib/python3.7/site-packages/airflow/example_dags/example_nested_branch_dag.py
[2022-09-20 23:41:44,025] {processor.py:651} INFO - DAG(s) dict_keys(['example_nested_branch_dag']) retrieved from /home/airflow/.local/lib/python3.7/site-packages/airflow/example_dags/example_nested_branch_dag.py
[2022-09-20 23:41:44,054] {logging_mixin.py:115} INFO - [2022-09-20 23:41:44,054] {dag.py:2379} INFO - Sync 1 DAGs
[2022-09-20 23:41:44,071] {logging_mixin.py:115} INFO - [2022-09-20 23:41:44,071] {dag.py:2931} INFO - Setting next_dagrun for example_nested_branch_dag to 2022-09-19T00:00:00+00:00, run_after=2022-09-20T00:00:00+00:00
[2022-09-20 23:41:44,082] {processor.py:161} INFO - Processing /home/airflow/.local/lib/python3.7/site-packages/airflow/example_dags/example_nested_branch_dag.py took 0.076 seconds
[2022-09-20 23:42:14,132] {processor.py:153} INFO - Started process (PID=1000) to work on /home/airflow/.local/lib/python3.7/site-packages/airflow/example_dags/example_nested_branch_dag.py
[2022-09-20 23:42:14,134] {processor.py:641} INFO - Processing file /home/airflow/.local/lib/python3.7/site-packages/airflow/example_dags/example_nested_branch_dag.py for tasks to queue
[2022-09-20 23:42:14,135] {logging_mixin.py:115} INFO - [2022-09-20 23:42:14,135] {dagbag.py:507} INFO - Filling up the DagBag from /home/airflow/.local/lib/python3.7/site-packages/airflow/example_dags/example_nested_branch_dag.py
[2022-09-20 23:42:14,143] {processor.py:651} INFO - DAG(s) dict_keys(['example_nested_branch_dag']) retrieved from /home/airflow/.local/lib/python3.7/site-packages/airflow/example_dags/example_nested_branch_dag.py
[2022-09-20 23:42:14,161] {logging_mixin.py:115} INFO - [2022-09-20 23:42:14,161] {dag.py:2379} INFO - Sync 1 DAGs
[2022-09-20 23:42:14,175] {logging_mixin.py:115} INFO - [2022-09-20 23:42:14,175] {dag.py:2931} INFO - Setting next_dagrun for example_nested_branch_dag to 2022-09-19T00:00:00+00:00, run_after=2022-09-20T00:00:00+00:00
[2022-09-20 23:42:14,183] {processor.py:161} INFO - Processing /home/airflow/.local/lib/python3.7/site-packages/airflow/example_dags/example_nested_branch_dag.py took 0.053 seconds
[2022-09-20 23:42:44,302] {processor.py:153} INFO - Started process (PID=1061) to work on /home/airflow/.local/lib/python3.7/site-packages/airflow/example_dags/example_nested_branch_dag.py
[2022-09-20 23:42:44,304] {processor.py:641} INFO - Processing file /home/airflow/.local/lib/python3.7/site-packages/airflow/example_dags/example_nested_branch_dag.py for tasks to queue
[2022-09-20 23:42:44,306] {logging_mixin.py:115} INFO - [2022-09-20 23:42:44,306] {dagbag.py:507} INFO - Filling up the DagBag from /home/airflow/.local/lib/python3.7/site-packages/airflow/example_dags/example_nested_branch_dag.py
[2022-09-20 23:42:44,317] {processor.py:651} INFO - DAG(s) dict_keys(['example_nested_branch_dag']) retrieved from /home/airflow/.local/lib/python3.7/site-packages/airflow/example_dags/example_nested_branch_dag.py
[2022-09-20 23:42:44,336] {logging_mixin.py:115} INFO - [2022-09-20 23:42:44,336] {dag.py:2379} INFO - Sync 1 DAGs
[2022-09-20 23:42:44,351] {logging_mixin.py:115} INFO - [2022-09-20 23:42:44,351] {dag.py:2931} INFO - Setting next_dagrun for example_nested_branch_dag to 2022-09-19T00:00:00+00:00, run_after=2022-09-20T00:00:00+00:00
[2022-09-20 23:42:44,359] {processor.py:161} INFO - Processing /home/airflow/.local/lib/python3.7/site-packages/airflow/example_dags/example_nested_branch_dag.py took 0.063 seconds
[2022-09-20 23:43:15,050] {processor.py:153} INFO - Started process (PID=1123) to work on /home/airflow/.local/lib/python3.7/site-packages/airflow/example_dags/example_nested_branch_dag.py
[2022-09-20 23:43:15,052] {processor.py:641} INFO - Processing file /home/airflow/.local/lib/python3.7/site-packages/airflow/example_dags/example_nested_branch_dag.py for tasks to queue
[2022-09-20 23:43:15,054] {logging_mixin.py:115} INFO - [2022-09-20 23:43:15,054] {dagbag.py:507} INFO - Filling up the DagBag from /home/airflow/.local/lib/python3.7/site-packages/airflow/example_dags/example_nested_branch_dag.py
[2022-09-20 23:43:15,072] {processor.py:651} INFO - DAG(s) dict_keys(['example_nested_branch_dag']) retrieved from /home/airflow/.local/lib/python3.7/site-packages/airflow/example_dags/example_nested_branch_dag.py
[2022-09-20 23:43:15,092] {logging_mixin.py:115} INFO - [2022-09-20 23:43:15,092] {dag.py:2379} INFO - Sync 1 DAGs
[2022-09-20 23:43:15,108] {logging_mixin.py:115} INFO - [2022-09-20 23:43:15,108] {dag.py:2931} INFO - Setting next_dagrun for example_nested_branch_dag to 2022-09-19T00:00:00+00:00, run_after=2022-09-20T00:00:00+00:00
[2022-09-20 23:43:15,118] {processor.py:161} INFO - Processing /home/airflow/.local/lib/python3.7/site-packages/airflow/example_dags/example_nested_branch_dag.py took 0.070 seconds
[2022-09-20 23:43:45,809] {processor.py:153} INFO - Started process (PID=1176) to work on /home/airflow/.local/lib/python3.7/site-packages/airflow/example_dags/example_nested_branch_dag.py
[2022-09-20 23:43:45,812] {processor.py:641} INFO - Processing file /home/airflow/.local/lib/python3.7/site-packages/airflow/example_dags/example_nested_branch_dag.py for tasks to queue
[2022-09-20 23:43:45,813] {logging_mixin.py:115} INFO - [2022-09-20 23:43:45,813] {dagbag.py:507} INFO - Filling up the DagBag from /home/airflow/.local/lib/python3.7/site-packages/airflow/example_dags/example_nested_branch_dag.py
[2022-09-20 23:43:45,826] {processor.py:651} INFO - DAG(s) dict_keys(['example_nested_branch_dag']) retrieved from /home/airflow/.local/lib/python3.7/site-packages/airflow/example_dags/example_nested_branch_dag.py
[2022-09-20 23:43:45,846] {logging_mixin.py:115} INFO - [2022-09-20 23:43:45,846] {dag.py:2379} INFO - Sync 1 DAGs
[2022-09-20 23:43:45,861] {logging_mixin.py:115} INFO - [2022-09-20 23:43:45,861] {dag.py:2931} INFO - Setting next_dagrun for example_nested_branch_dag to 2022-09-19T00:00:00+00:00, run_after=2022-09-20T00:00:00+00:00
[2022-09-20 23:43:45,869] {processor.py:161} INFO - Processing /home/airflow/.local/lib/python3.7/site-packages/airflow/example_dags/example_nested_branch_dag.py took 0.064 seconds
[2022-09-20 23:44:16,673] {processor.py:153} INFO - Started process (PID=1238) to work on /home/airflow/.local/lib/python3.7/site-packages/airflow/example_dags/example_nested_branch_dag.py
[2022-09-20 23:44:16,675] {processor.py:641} INFO - Processing file /home/airflow/.local/lib/python3.7/site-packages/airflow/example_dags/example_nested_branch_dag.py for tasks to queue
[2022-09-20 23:44:16,677] {logging_mixin.py:115} INFO - [2022-09-20 23:44:16,677] {dagbag.py:507} INFO - Filling up the DagBag from /home/airflow/.local/lib/python3.7/site-packages/airflow/example_dags/example_nested_branch_dag.py
[2022-09-20 23:44:16,689] {processor.py:651} INFO - DAG(s) dict_keys(['example_nested_branch_dag']) retrieved from /home/airflow/.local/lib/python3.7/site-packages/airflow/example_dags/example_nested_branch_dag.py
[2022-09-20 23:44:16,709] {logging_mixin.py:115} INFO - [2022-09-20 23:44:16,709] {dag.py:2379} INFO - Sync 1 DAGs
[2022-09-20 23:44:16,723] {logging_mixin.py:115} INFO - [2022-09-20 23:44:16,723] {dag.py:2931} INFO - Setting next_dagrun for example_nested_branch_dag to 2022-09-19T00:00:00+00:00, run_after=2022-09-20T00:00:00+00:00
[2022-09-20 23:44:16,732] {processor.py:161} INFO - Processing /home/airflow/.local/lib/python3.7/site-packages/airflow/example_dags/example_nested_branch_dag.py took 0.063 seconds
[2022-09-20 23:44:47,578] {processor.py:153} INFO - Started process (PID=1300) to work on /home/airflow/.local/lib/python3.7/site-packages/airflow/example_dags/example_nested_branch_dag.py
[2022-09-20 23:44:47,579] {processor.py:641} INFO - Processing file /home/airflow/.local/lib/python3.7/site-packages/airflow/example_dags/example_nested_branch_dag.py for tasks to queue
[2022-09-20 23:44:47,580] {logging_mixin.py:115} INFO - [2022-09-20 23:44:47,580] {dagbag.py:507} INFO - Filling up the DagBag from /home/airflow/.local/lib/python3.7/site-packages/airflow/example_dags/example_nested_branch_dag.py
[2022-09-20 23:44:47,588] {processor.py:651} INFO - DAG(s) dict_keys(['example_nested_branch_dag']) retrieved from /home/airflow/.local/lib/python3.7/site-packages/airflow/example_dags/example_nested_branch_dag.py
[2022-09-20 23:44:47,606] {logging_mixin.py:115} INFO - [2022-09-20 23:44:47,606] {dag.py:2379} INFO - Sync 1 DAGs
[2022-09-20 23:44:47,621] {logging_mixin.py:115} INFO - [2022-09-20 23:44:47,621] {dag.py:2931} INFO - Setting next_dagrun for example_nested_branch_dag to 2022-09-19T00:00:00+00:00, run_after=2022-09-20T00:00:00+00:00
[2022-09-20 23:44:47,628] {processor.py:161} INFO - Processing /home/airflow/.local/lib/python3.7/site-packages/airflow/example_dags/example_nested_branch_dag.py took 0.053 seconds
[2022-09-20 23:45:17,826] {processor.py:153} INFO - Started process (PID=1361) to work on /home/airflow/.local/lib/python3.7/site-packages/airflow/example_dags/example_nested_branch_dag.py
[2022-09-20 23:45:17,828] {processor.py:641} INFO - Processing file /home/airflow/.local/lib/python3.7/site-packages/airflow/example_dags/example_nested_branch_dag.py for tasks to queue
[2022-09-20 23:45:17,829] {logging_mixin.py:115} INFO - [2022-09-20 23:45:17,829] {dagbag.py:507} INFO - Filling up the DagBag from /home/airflow/.local/lib/python3.7/site-packages/airflow/example_dags/example_nested_branch_dag.py
[2022-09-20 23:45:17,837] {processor.py:651} INFO - DAG(s) dict_keys(['example_nested_branch_dag']) retrieved from /home/airflow/.local/lib/python3.7/site-packages/airflow/example_dags/example_nested_branch_dag.py
[2022-09-20 23:45:17,860] {logging_mixin.py:115} INFO - [2022-09-20 23:45:17,860] {dag.py:2379} INFO - Sync 1 DAGs
[2022-09-20 23:45:17,876] {logging_mixin.py:115} INFO - [2022-09-20 23:45:17,876] {dag.py:2931} INFO - Setting next_dagrun for example_nested_branch_dag to 2022-09-19T00:00:00+00:00, run_after=2022-09-20T00:00:00+00:00
[2022-09-20 23:45:17,888] {processor.py:161} INFO - Processing /home/airflow/.local/lib/python3.7/site-packages/airflow/example_dags/example_nested_branch_dag.py took 0.064 seconds
[2022-09-20 23:45:48,628] {processor.py:153} INFO - Started process (PID=1423) to work on /home/airflow/.local/lib/python3.7/site-packages/airflow/example_dags/example_nested_branch_dag.py
[2022-09-20 23:45:48,629] {processor.py:641} INFO - Processing file /home/airflow/.local/lib/python3.7/site-packages/airflow/example_dags/example_nested_branch_dag.py for tasks to queue
[2022-09-20 23:45:48,630] {logging_mixin.py:115} INFO - [2022-09-20 23:45:48,630] {dagbag.py:507} INFO - Filling up the DagBag from /home/airflow/.local/lib/python3.7/site-packages/airflow/example_dags/example_nested_branch_dag.py
[2022-09-20 23:45:48,637] {processor.py:651} INFO - DAG(s) dict_keys(['example_nested_branch_dag']) retrieved from /home/airflow/.local/lib/python3.7/site-packages/airflow/example_dags/example_nested_branch_dag.py
[2022-09-20 23:45:48,653] {logging_mixin.py:115} INFO - [2022-09-20 23:45:48,653] {dag.py:2379} INFO - Sync 1 DAGs
[2022-09-20 23:45:48,666] {logging_mixin.py:115} INFO - [2022-09-20 23:45:48,666] {dag.py:2931} INFO - Setting next_dagrun for example_nested_branch_dag to 2022-09-19T00:00:00+00:00, run_after=2022-09-20T00:00:00+00:00
[2022-09-20 23:45:48,675] {processor.py:161} INFO - Processing /home/airflow/.local/lib/python3.7/site-packages/airflow/example_dags/example_nested_branch_dag.py took 0.050 seconds
[2022-09-20 23:46:19,485] {processor.py:153} INFO - Started process (PID=1485) to work on /home/airflow/.local/lib/python3.7/site-packages/airflow/example_dags/example_nested_branch_dag.py
[2022-09-20 23:46:19,487] {processor.py:641} INFO - Processing file /home/airflow/.local/lib/python3.7/site-packages/airflow/example_dags/example_nested_branch_dag.py for tasks to queue
[2022-09-20 23:46:19,489] {logging_mixin.py:115} INFO - [2022-09-20 23:46:19,489] {dagbag.py:507} INFO - Filling up the DagBag from /home/airflow/.local/lib/python3.7/site-packages/airflow/example_dags/example_nested_branch_dag.py
[2022-09-20 23:46:19,499] {processor.py:651} INFO - DAG(s) dict_keys(['example_nested_branch_dag']) retrieved from /home/airflow/.local/lib/python3.7/site-packages/airflow/example_dags/example_nested_branch_dag.py
[2022-09-20 23:46:19,522] {logging_mixin.py:115} INFO - [2022-09-20 23:46:19,522] {dag.py:2379} INFO - Sync 1 DAGs
[2022-09-20 23:46:19,537] {logging_mixin.py:115} INFO - [2022-09-20 23:46:19,537] {dag.py:2931} INFO - Setting next_dagrun for example_nested_branch_dag to 2022-09-19T00:00:00+00:00, run_after=2022-09-20T00:00:00+00:00
[2022-09-20 23:46:19,545] {processor.py:161} INFO - Processing /home/airflow/.local/lib/python3.7/site-packages/airflow/example_dags/example_nested_branch_dag.py took 0.063 seconds
[2022-09-20 23:46:50,246] {processor.py:153} INFO - Started process (PID=1538) to work on /home/airflow/.local/lib/python3.7/site-packages/airflow/example_dags/example_nested_branch_dag.py
[2022-09-20 23:46:50,248] {processor.py:641} INFO - Processing file /home/airflow/.local/lib/python3.7/site-packages/airflow/example_dags/example_nested_branch_dag.py for tasks to queue
[2022-09-20 23:46:50,250] {logging_mixin.py:115} INFO - [2022-09-20 23:46:50,250] {dagbag.py:507} INFO - Filling up the DagBag from /home/airflow/.local/lib/python3.7/site-packages/airflow/example_dags/example_nested_branch_dag.py
[2022-09-20 23:46:50,259] {processor.py:651} INFO - DAG(s) dict_keys(['example_nested_branch_dag']) retrieved from /home/airflow/.local/lib/python3.7/site-packages/airflow/example_dags/example_nested_branch_dag.py
[2022-09-20 23:46:50,278] {logging_mixin.py:115} INFO - [2022-09-20 23:46:50,278] {dag.py:2379} INFO - Sync 1 DAGs
[2022-09-20 23:46:50,291] {logging_mixin.py:115} INFO - [2022-09-20 23:46:50,291] {dag.py:2931} INFO - Setting next_dagrun for example_nested_branch_dag to 2022-09-19T00:00:00+00:00, run_after=2022-09-20T00:00:00+00:00
[2022-09-20 23:46:50,298] {processor.py:161} INFO - Processing /home/airflow/.local/lib/python3.7/site-packages/airflow/example_dags/example_nested_branch_dag.py took 0.056 seconds
[2022-09-20 23:47:21,025] {processor.py:153} INFO - Started process (PID=1600) to work on /home/airflow/.local/lib/python3.7/site-packages/airflow/example_dags/example_nested_branch_dag.py
[2022-09-20 23:47:21,029] {processor.py:641} INFO - Processing file /home/airflow/.local/lib/python3.7/site-packages/airflow/example_dags/example_nested_branch_dag.py for tasks to queue
[2022-09-20 23:47:21,033] {logging_mixin.py:115} INFO - [2022-09-20 23:47:21,033] {dagbag.py:507} INFO - Filling up the DagBag from /home/airflow/.local/lib/python3.7/site-packages/airflow/example_dags/example_nested_branch_dag.py
[2022-09-20 23:47:21,044] {processor.py:651} INFO - DAG(s) dict_keys(['example_nested_branch_dag']) retrieved from /home/airflow/.local/lib/python3.7/site-packages/airflow/example_dags/example_nested_branch_dag.py
[2022-09-20 23:47:21,063] {logging_mixin.py:115} INFO - [2022-09-20 23:47:21,063] {dag.py:2379} INFO - Sync 1 DAGs
[2022-09-20 23:47:21,084] {logging_mixin.py:115} INFO - [2022-09-20 23:47:21,084] {dag.py:2931} INFO - Setting next_dagrun for example_nested_branch_dag to 2022-09-19T00:00:00+00:00, run_after=2022-09-20T00:00:00+00:00
[2022-09-20 23:47:21,091] {processor.py:161} INFO - Processing /home/airflow/.local/lib/python3.7/site-packages/airflow/example_dags/example_nested_branch_dag.py took 0.070 seconds
[2022-09-20 23:47:51,801] {processor.py:153} INFO - Started process (PID=1660) to work on /home/airflow/.local/lib/python3.7/site-packages/airflow/example_dags/example_nested_branch_dag.py
[2022-09-20 23:47:51,803] {processor.py:641} INFO - Processing file /home/airflow/.local/lib/python3.7/site-packages/airflow/example_dags/example_nested_branch_dag.py for tasks to queue
[2022-09-20 23:47:51,805] {logging_mixin.py:115} INFO - [2022-09-20 23:47:51,805] {dagbag.py:507} INFO - Filling up the DagBag from /home/airflow/.local/lib/python3.7/site-packages/airflow/example_dags/example_nested_branch_dag.py
[2022-09-20 23:47:51,815] {processor.py:651} INFO - DAG(s) dict_keys(['example_nested_branch_dag']) retrieved from /home/airflow/.local/lib/python3.7/site-packages/airflow/example_dags/example_nested_branch_dag.py
[2022-09-20 23:47:51,834] {logging_mixin.py:115} INFO - [2022-09-20 23:47:51,834] {dag.py:2379} INFO - Sync 1 DAGs
[2022-09-20 23:47:51,847] {logging_mixin.py:115} INFO - [2022-09-20 23:47:51,847] {dag.py:2931} INFO - Setting next_dagrun for example_nested_branch_dag to 2022-09-19T00:00:00+00:00, run_after=2022-09-20T00:00:00+00:00
[2022-09-20 23:47:51,855] {processor.py:161} INFO - Processing /home/airflow/.local/lib/python3.7/site-packages/airflow/example_dags/example_nested_branch_dag.py took 0.058 seconds
[2022-09-20 23:48:22,595] {processor.py:153} INFO - Started process (PID=1722) to work on /home/airflow/.local/lib/python3.7/site-packages/airflow/example_dags/example_nested_branch_dag.py
[2022-09-20 23:48:22,596] {processor.py:641} INFO - Processing file /home/airflow/.local/lib/python3.7/site-packages/airflow/example_dags/example_nested_branch_dag.py for tasks to queue
[2022-09-20 23:48:22,598] {logging_mixin.py:115} INFO - [2022-09-20 23:48:22,598] {dagbag.py:507} INFO - Filling up the DagBag from /home/airflow/.local/lib/python3.7/site-packages/airflow/example_dags/example_nested_branch_dag.py
[2022-09-20 23:48:22,605] {processor.py:651} INFO - DAG(s) dict_keys(['example_nested_branch_dag']) retrieved from /home/airflow/.local/lib/python3.7/site-packages/airflow/example_dags/example_nested_branch_dag.py
[2022-09-20 23:48:22,623] {logging_mixin.py:115} INFO - [2022-09-20 23:48:22,623] {dag.py:2379} INFO - Sync 1 DAGs
[2022-09-20 23:48:22,639] {logging_mixin.py:115} INFO - [2022-09-20 23:48:22,639] {dag.py:2931} INFO - Setting next_dagrun for example_nested_branch_dag to 2022-09-19T00:00:00+00:00, run_after=2022-09-20T00:00:00+00:00
[2022-09-20 23:48:22,650] {processor.py:161} INFO - Processing /home/airflow/.local/lib/python3.7/site-packages/airflow/example_dags/example_nested_branch_dag.py took 0.058 seconds
[2022-09-20 23:48:52,869] {processor.py:153} INFO - Started process (PID=1784) to work on /home/airflow/.local/lib/python3.7/site-packages/airflow/example_dags/example_nested_branch_dag.py
[2022-09-20 23:48:52,872] {processor.py:641} INFO - Processing file /home/airflow/.local/lib/python3.7/site-packages/airflow/example_dags/example_nested_branch_dag.py for tasks to queue
[2022-09-20 23:48:52,873] {logging_mixin.py:115} INFO - [2022-09-20 23:48:52,873] {dagbag.py:507} INFO - Filling up the DagBag from /home/airflow/.local/lib/python3.7/site-packages/airflow/example_dags/example_nested_branch_dag.py
[2022-09-20 23:48:52,886] {processor.py:651} INFO - DAG(s) dict_keys(['example_nested_branch_dag']) retrieved from /home/airflow/.local/lib/python3.7/site-packages/airflow/example_dags/example_nested_branch_dag.py
[2022-09-20 23:48:52,906] {logging_mixin.py:115} INFO - [2022-09-20 23:48:52,906] {dag.py:2379} INFO - Sync 1 DAGs
[2022-09-20 23:48:52,920] {logging_mixin.py:115} INFO - [2022-09-20 23:48:52,920] {dag.py:2931} INFO - Setting next_dagrun for example_nested_branch_dag to 2022-09-19T00:00:00+00:00, run_after=2022-09-20T00:00:00+00:00
[2022-09-20 23:48:52,927] {processor.py:161} INFO - Processing /home/airflow/.local/lib/python3.7/site-packages/airflow/example_dags/example_nested_branch_dag.py took 0.063 seconds
[2022-09-20 23:49:23,839] {processor.py:153} INFO - Started process (PID=1845) to work on /home/airflow/.local/lib/python3.7/site-packages/airflow/example_dags/example_nested_branch_dag.py
[2022-09-20 23:49:23,840] {processor.py:641} INFO - Processing file /home/airflow/.local/lib/python3.7/site-packages/airflow/example_dags/example_nested_branch_dag.py for tasks to queue
[2022-09-20 23:49:23,842] {logging_mixin.py:115} INFO - [2022-09-20 23:49:23,842] {dagbag.py:507} INFO - Filling up the DagBag from /home/airflow/.local/lib/python3.7/site-packages/airflow/example_dags/example_nested_branch_dag.py
[2022-09-20 23:49:23,849] {processor.py:651} INFO - DAG(s) dict_keys(['example_nested_branch_dag']) retrieved from /home/airflow/.local/lib/python3.7/site-packages/airflow/example_dags/example_nested_branch_dag.py
[2022-09-20 23:49:23,866] {logging_mixin.py:115} INFO - [2022-09-20 23:49:23,866] {dag.py:2379} INFO - Sync 1 DAGs
[2022-09-20 23:49:23,879] {logging_mixin.py:115} INFO - [2022-09-20 23:49:23,879] {dag.py:2931} INFO - Setting next_dagrun for example_nested_branch_dag to 2022-09-19T00:00:00+00:00, run_after=2022-09-20T00:00:00+00:00
[2022-09-20 23:49:23,886] {processor.py:161} INFO - Processing /home/airflow/.local/lib/python3.7/site-packages/airflow/example_dags/example_nested_branch_dag.py took 0.050 seconds
[2022-09-20 23:49:54,040] {processor.py:153} INFO - Started process (PID=1897) to work on /home/airflow/.local/lib/python3.7/site-packages/airflow/example_dags/example_nested_branch_dag.py
[2022-09-20 23:49:54,041] {processor.py:641} INFO - Processing file /home/airflow/.local/lib/python3.7/site-packages/airflow/example_dags/example_nested_branch_dag.py for tasks to queue
[2022-09-20 23:49:54,043] {logging_mixin.py:115} INFO - [2022-09-20 23:49:54,043] {dagbag.py:507} INFO - Filling up the DagBag from /home/airflow/.local/lib/python3.7/site-packages/airflow/example_dags/example_nested_branch_dag.py
[2022-09-20 23:49:54,050] {processor.py:651} INFO - DAG(s) dict_keys(['example_nested_branch_dag']) retrieved from /home/airflow/.local/lib/python3.7/site-packages/airflow/example_dags/example_nested_branch_dag.py
[2022-09-20 23:49:54,066] {logging_mixin.py:115} INFO - [2022-09-20 23:49:54,066] {dag.py:2379} INFO - Sync 1 DAGs
[2022-09-20 23:49:54,080] {logging_mixin.py:115} INFO - [2022-09-20 23:49:54,080] {dag.py:2931} INFO - Setting next_dagrun for example_nested_branch_dag to 2022-09-19T00:00:00+00:00, run_after=2022-09-20T00:00:00+00:00
[2022-09-20 23:49:54,087] {processor.py:161} INFO - Processing /home/airflow/.local/lib/python3.7/site-packages/airflow/example_dags/example_nested_branch_dag.py took 0.050 seconds
[2022-09-20 23:50:24,111] {processor.py:153} INFO - Started process (PID=1959) to work on /home/airflow/.local/lib/python3.7/site-packages/airflow/example_dags/example_nested_branch_dag.py
[2022-09-20 23:50:24,113] {processor.py:641} INFO - Processing file /home/airflow/.local/lib/python3.7/site-packages/airflow/example_dags/example_nested_branch_dag.py for tasks to queue
[2022-09-20 23:50:24,114] {logging_mixin.py:115} INFO - [2022-09-20 23:50:24,114] {dagbag.py:507} INFO - Filling up the DagBag from /home/airflow/.local/lib/python3.7/site-packages/airflow/example_dags/example_nested_branch_dag.py
[2022-09-20 23:50:24,121] {processor.py:651} INFO - DAG(s) dict_keys(['example_nested_branch_dag']) retrieved from /home/airflow/.local/lib/python3.7/site-packages/airflow/example_dags/example_nested_branch_dag.py
[2022-09-20 23:50:24,141] {logging_mixin.py:115} INFO - [2022-09-20 23:50:24,140] {dag.py:2379} INFO - Sync 1 DAGs
[2022-09-20 23:50:24,155] {logging_mixin.py:115} INFO - [2022-09-20 23:50:24,155] {dag.py:2931} INFO - Setting next_dagrun for example_nested_branch_dag to 2022-09-19T00:00:00+00:00, run_after=2022-09-20T00:00:00+00:00
[2022-09-20 23:50:24,162] {processor.py:161} INFO - Processing /home/airflow/.local/lib/python3.7/site-packages/airflow/example_dags/example_nested_branch_dag.py took 0.053 seconds
[2022-09-20 23:50:54,911] {processor.py:153} INFO - Started process (PID=2021) to work on /home/airflow/.local/lib/python3.7/site-packages/airflow/example_dags/example_nested_branch_dag.py
[2022-09-20 23:50:54,912] {processor.py:641} INFO - Processing file /home/airflow/.local/lib/python3.7/site-packages/airflow/example_dags/example_nested_branch_dag.py for tasks to queue
[2022-09-20 23:50:54,913] {logging_mixin.py:115} INFO - [2022-09-20 23:50:54,913] {dagbag.py:507} INFO - Filling up the DagBag from /home/airflow/.local/lib/python3.7/site-packages/airflow/example_dags/example_nested_branch_dag.py
[2022-09-20 23:50:54,921] {processor.py:651} INFO - DAG(s) dict_keys(['example_nested_branch_dag']) retrieved from /home/airflow/.local/lib/python3.7/site-packages/airflow/example_dags/example_nested_branch_dag.py
[2022-09-20 23:50:54,937] {logging_mixin.py:115} INFO - [2022-09-20 23:50:54,937] {dag.py:2379} INFO - Sync 1 DAGs
[2022-09-20 23:50:54,953] {logging_mixin.py:115} INFO - [2022-09-20 23:50:54,953] {dag.py:2931} INFO - Setting next_dagrun for example_nested_branch_dag to 2022-09-19T00:00:00+00:00, run_after=2022-09-20T00:00:00+00:00
[2022-09-20 23:50:54,961] {processor.py:161} INFO - Processing /home/airflow/.local/lib/python3.7/site-packages/airflow/example_dags/example_nested_branch_dag.py took 0.052 seconds
[2022-09-20 23:51:25,633] {processor.py:153} INFO - Started process (PID=2083) to work on /home/airflow/.local/lib/python3.7/site-packages/airflow/example_dags/example_nested_branch_dag.py
[2022-09-20 23:51:25,634] {processor.py:641} INFO - Processing file /home/airflow/.local/lib/python3.7/site-packages/airflow/example_dags/example_nested_branch_dag.py for tasks to queue
[2022-09-20 23:51:25,635] {logging_mixin.py:115} INFO - [2022-09-20 23:51:25,635] {dagbag.py:507} INFO - Filling up the DagBag from /home/airflow/.local/lib/python3.7/site-packages/airflow/example_dags/example_nested_branch_dag.py
[2022-09-20 23:51:25,643] {processor.py:651} INFO - DAG(s) dict_keys(['example_nested_branch_dag']) retrieved from /home/airflow/.local/lib/python3.7/site-packages/airflow/example_dags/example_nested_branch_dag.py
[2022-09-20 23:51:25,661] {logging_mixin.py:115} INFO - [2022-09-20 23:51:25,661] {dag.py:2379} INFO - Sync 1 DAGs
[2022-09-20 23:51:25,675] {logging_mixin.py:115} INFO - [2022-09-20 23:51:25,675] {dag.py:2931} INFO - Setting next_dagrun for example_nested_branch_dag to 2022-09-19T00:00:00+00:00, run_after=2022-09-20T00:00:00+00:00
[2022-09-20 23:51:25,683] {processor.py:161} INFO - Processing /home/airflow/.local/lib/python3.7/site-packages/airflow/example_dags/example_nested_branch_dag.py took 0.052 seconds
[2022-09-20 23:51:56,558] {processor.py:153} INFO - Started process (PID=2145) to work on /home/airflow/.local/lib/python3.7/site-packages/airflow/example_dags/example_nested_branch_dag.py
[2022-09-20 23:51:56,559] {processor.py:641} INFO - Processing file /home/airflow/.local/lib/python3.7/site-packages/airflow/example_dags/example_nested_branch_dag.py for tasks to queue
[2022-09-20 23:51:56,561] {logging_mixin.py:115} INFO - [2022-09-20 23:51:56,560] {dagbag.py:507} INFO - Filling up the DagBag from /home/airflow/.local/lib/python3.7/site-packages/airflow/example_dags/example_nested_branch_dag.py
[2022-09-20 23:51:56,568] {processor.py:651} INFO - DAG(s) dict_keys(['example_nested_branch_dag']) retrieved from /home/airflow/.local/lib/python3.7/site-packages/airflow/example_dags/example_nested_branch_dag.py
[2022-09-20 23:51:56,595] {logging_mixin.py:115} INFO - [2022-09-20 23:51:56,594] {dag.py:2379} INFO - Sync 1 DAGs
[2022-09-20 23:51:56,608] {logging_mixin.py:115} INFO - [2022-09-20 23:51:56,608] {dag.py:2931} INFO - Setting next_dagrun for example_nested_branch_dag to 2022-09-19T00:00:00+00:00, run_after=2022-09-20T00:00:00+00:00
[2022-09-20 23:51:56,616] {processor.py:161} INFO - Processing /home/airflow/.local/lib/python3.7/site-packages/airflow/example_dags/example_nested_branch_dag.py took 0.060 seconds
[2022-09-20 23:52:27,577] {processor.py:153} INFO - Started process (PID=2207) to work on /home/airflow/.local/lib/python3.7/site-packages/airflow/example_dags/example_nested_branch_dag.py
[2022-09-20 23:52:27,578] {processor.py:641} INFO - Processing file /home/airflow/.local/lib/python3.7/site-packages/airflow/example_dags/example_nested_branch_dag.py for tasks to queue
[2022-09-20 23:52:27,579] {logging_mixin.py:115} INFO - [2022-09-20 23:52:27,579] {dagbag.py:507} INFO - Filling up the DagBag from /home/airflow/.local/lib/python3.7/site-packages/airflow/example_dags/example_nested_branch_dag.py
[2022-09-20 23:52:27,586] {processor.py:651} INFO - DAG(s) dict_keys(['example_nested_branch_dag']) retrieved from /home/airflow/.local/lib/python3.7/site-packages/airflow/example_dags/example_nested_branch_dag.py
[2022-09-20 23:52:27,609] {logging_mixin.py:115} INFO - [2022-09-20 23:52:27,609] {dag.py:2379} INFO - Sync 1 DAGs
[2022-09-20 23:52:27,623] {logging_mixin.py:115} INFO - [2022-09-20 23:52:27,622] {dag.py:2931} INFO - Setting next_dagrun for example_nested_branch_dag to 2022-09-19T00:00:00+00:00, run_after=2022-09-20T00:00:00+00:00
[2022-09-20 23:52:27,631] {processor.py:161} INFO - Processing /home/airflow/.local/lib/python3.7/site-packages/airflow/example_dags/example_nested_branch_dag.py took 0.056 seconds
[2022-09-20 23:52:58,550] {processor.py:153} INFO - Started process (PID=2267) to work on /home/airflow/.local/lib/python3.7/site-packages/airflow/example_dags/example_nested_branch_dag.py
[2022-09-20 23:52:58,551] {processor.py:641} INFO - Processing file /home/airflow/.local/lib/python3.7/site-packages/airflow/example_dags/example_nested_branch_dag.py for tasks to queue
[2022-09-20 23:52:58,552] {logging_mixin.py:115} INFO - [2022-09-20 23:52:58,552] {dagbag.py:507} INFO - Filling up the DagBag from /home/airflow/.local/lib/python3.7/site-packages/airflow/example_dags/example_nested_branch_dag.py
[2022-09-20 23:52:58,559] {processor.py:651} INFO - DAG(s) dict_keys(['example_nested_branch_dag']) retrieved from /home/airflow/.local/lib/python3.7/site-packages/airflow/example_dags/example_nested_branch_dag.py
[2022-09-20 23:52:58,581] {logging_mixin.py:115} INFO - [2022-09-20 23:52:58,581] {dag.py:2379} INFO - Sync 1 DAGs
[2022-09-20 23:52:58,599] {logging_mixin.py:115} INFO - [2022-09-20 23:52:58,598] {dag.py:2931} INFO - Setting next_dagrun for example_nested_branch_dag to 2022-09-19T00:00:00+00:00, run_after=2022-09-20T00:00:00+00:00
[2022-09-20 23:52:58,609] {processor.py:161} INFO - Processing /home/airflow/.local/lib/python3.7/site-packages/airflow/example_dags/example_nested_branch_dag.py took 0.061 seconds
[2022-09-20 23:53:29,363] {processor.py:153} INFO - Started process (PID=2320) to work on /home/airflow/.local/lib/python3.7/site-packages/airflow/example_dags/example_nested_branch_dag.py
[2022-09-20 23:53:29,364] {processor.py:641} INFO - Processing file /home/airflow/.local/lib/python3.7/site-packages/airflow/example_dags/example_nested_branch_dag.py for tasks to queue
[2022-09-20 23:53:29,366] {logging_mixin.py:115} INFO - [2022-09-20 23:53:29,366] {dagbag.py:507} INFO - Filling up the DagBag from /home/airflow/.local/lib/python3.7/site-packages/airflow/example_dags/example_nested_branch_dag.py
[2022-09-20 23:53:29,372] {processor.py:651} INFO - DAG(s) dict_keys(['example_nested_branch_dag']) retrieved from /home/airflow/.local/lib/python3.7/site-packages/airflow/example_dags/example_nested_branch_dag.py
[2022-09-20 23:53:29,389] {logging_mixin.py:115} INFO - [2022-09-20 23:53:29,389] {dag.py:2379} INFO - Sync 1 DAGs
[2022-09-20 23:53:29,402] {logging_mixin.py:115} INFO - [2022-09-20 23:53:29,402] {dag.py:2931} INFO - Setting next_dagrun for example_nested_branch_dag to 2022-09-19T00:00:00+00:00, run_after=2022-09-20T00:00:00+00:00
[2022-09-20 23:53:29,408] {processor.py:161} INFO - Processing /home/airflow/.local/lib/python3.7/site-packages/airflow/example_dags/example_nested_branch_dag.py took 0.047 seconds
[2022-09-20 23:54:00,052] {processor.py:153} INFO - Started process (PID=2382) to work on /home/airflow/.local/lib/python3.7/site-packages/airflow/example_dags/example_nested_branch_dag.py
[2022-09-20 23:54:00,053] {processor.py:641} INFO - Processing file /home/airflow/.local/lib/python3.7/site-packages/airflow/example_dags/example_nested_branch_dag.py for tasks to queue
[2022-09-20 23:54:00,054] {logging_mixin.py:115} INFO - [2022-09-20 23:54:00,054] {dagbag.py:507} INFO - Filling up the DagBag from /home/airflow/.local/lib/python3.7/site-packages/airflow/example_dags/example_nested_branch_dag.py
[2022-09-20 23:54:00,061] {processor.py:651} INFO - DAG(s) dict_keys(['example_nested_branch_dag']) retrieved from /home/airflow/.local/lib/python3.7/site-packages/airflow/example_dags/example_nested_branch_dag.py
[2022-09-20 23:54:00,077] {logging_mixin.py:115} INFO - [2022-09-20 23:54:00,077] {dag.py:2379} INFO - Sync 1 DAGs
[2022-09-20 23:54:00,090] {logging_mixin.py:115} INFO - [2022-09-20 23:54:00,090] {dag.py:2931} INFO - Setting next_dagrun for example_nested_branch_dag to 2022-09-19T00:00:00+00:00, run_after=2022-09-20T00:00:00+00:00
[2022-09-20 23:54:00,097] {processor.py:161} INFO - Processing /home/airflow/.local/lib/python3.7/site-packages/airflow/example_dags/example_nested_branch_dag.py took 0.047 seconds
[2022-09-20 23:54:30,719] {processor.py:153} INFO - Started process (PID=2444) to work on /home/airflow/.local/lib/python3.7/site-packages/airflow/example_dags/example_nested_branch_dag.py
[2022-09-20 23:54:30,721] {processor.py:641} INFO - Processing file /home/airflow/.local/lib/python3.7/site-packages/airflow/example_dags/example_nested_branch_dag.py for tasks to queue
[2022-09-20 23:54:30,722] {logging_mixin.py:115} INFO - [2022-09-20 23:54:30,722] {dagbag.py:507} INFO - Filling up the DagBag from /home/airflow/.local/lib/python3.7/site-packages/airflow/example_dags/example_nested_branch_dag.py
[2022-09-20 23:54:30,728] {processor.py:651} INFO - DAG(s) dict_keys(['example_nested_branch_dag']) retrieved from /home/airflow/.local/lib/python3.7/site-packages/airflow/example_dags/example_nested_branch_dag.py
[2022-09-20 23:54:30,746] {logging_mixin.py:115} INFO - [2022-09-20 23:54:30,746] {dag.py:2379} INFO - Sync 1 DAGs
[2022-09-20 23:54:30,758] {logging_mixin.py:115} INFO - [2022-09-20 23:54:30,758] {dag.py:2931} INFO - Setting next_dagrun for example_nested_branch_dag to 2022-09-19T00:00:00+00:00, run_after=2022-09-20T00:00:00+00:00
[2022-09-20 23:54:30,770] {processor.py:161} INFO - Processing /home/airflow/.local/lib/python3.7/site-packages/airflow/example_dags/example_nested_branch_dag.py took 0.052 seconds
[2022-09-20 23:55:01,532] {processor.py:153} INFO - Started process (PID=2505) to work on /home/airflow/.local/lib/python3.7/site-packages/airflow/example_dags/example_nested_branch_dag.py
[2022-09-20 23:55:01,533] {processor.py:641} INFO - Processing file /home/airflow/.local/lib/python3.7/site-packages/airflow/example_dags/example_nested_branch_dag.py for tasks to queue
[2022-09-20 23:55:01,534] {logging_mixin.py:115} INFO - [2022-09-20 23:55:01,534] {dagbag.py:507} INFO - Filling up the DagBag from /home/airflow/.local/lib/python3.7/site-packages/airflow/example_dags/example_nested_branch_dag.py
[2022-09-20 23:55:01,541] {processor.py:651} INFO - DAG(s) dict_keys(['example_nested_branch_dag']) retrieved from /home/airflow/.local/lib/python3.7/site-packages/airflow/example_dags/example_nested_branch_dag.py
[2022-09-20 23:55:01,559] {logging_mixin.py:115} INFO - [2022-09-20 23:55:01,559] {dag.py:2379} INFO - Sync 1 DAGs
[2022-09-20 23:55:01,573] {logging_mixin.py:115} INFO - [2022-09-20 23:55:01,573] {dag.py:2931} INFO - Setting next_dagrun for example_nested_branch_dag to 2022-09-19T00:00:00+00:00, run_after=2022-09-20T00:00:00+00:00
[2022-09-20 23:55:01,581] {processor.py:161} INFO - Processing /home/airflow/.local/lib/python3.7/site-packages/airflow/example_dags/example_nested_branch_dag.py took 0.051 seconds
[2022-09-20 23:55:32,538] {processor.py:153} INFO - Started process (PID=2567) to work on /home/airflow/.local/lib/python3.7/site-packages/airflow/example_dags/example_nested_branch_dag.py
[2022-09-20 23:55:32,540] {processor.py:641} INFO - Processing file /home/airflow/.local/lib/python3.7/site-packages/airflow/example_dags/example_nested_branch_dag.py for tasks to queue
[2022-09-20 23:55:32,541] {logging_mixin.py:115} INFO - [2022-09-20 23:55:32,541] {dagbag.py:507} INFO - Filling up the DagBag from /home/airflow/.local/lib/python3.7/site-packages/airflow/example_dags/example_nested_branch_dag.py
[2022-09-20 23:55:32,547] {processor.py:651} INFO - DAG(s) dict_keys(['example_nested_branch_dag']) retrieved from /home/airflow/.local/lib/python3.7/site-packages/airflow/example_dags/example_nested_branch_dag.py
[2022-09-20 23:55:32,565] {logging_mixin.py:115} INFO - [2022-09-20 23:55:32,565] {dag.py:2379} INFO - Sync 1 DAGs
[2022-09-20 23:55:32,579] {logging_mixin.py:115} INFO - [2022-09-20 23:55:32,579] {dag.py:2931} INFO - Setting next_dagrun for example_nested_branch_dag to 2022-09-19T00:00:00+00:00, run_after=2022-09-20T00:00:00+00:00
[2022-09-20 23:55:32,587] {processor.py:161} INFO - Processing /home/airflow/.local/lib/python3.7/site-packages/airflow/example_dags/example_nested_branch_dag.py took 0.050 seconds
[2022-09-20 23:56:03,414] {processor.py:153} INFO - Started process (PID=2629) to work on /home/airflow/.local/lib/python3.7/site-packages/airflow/example_dags/example_nested_branch_dag.py
[2022-09-20 23:56:03,416] {processor.py:641} INFO - Processing file /home/airflow/.local/lib/python3.7/site-packages/airflow/example_dags/example_nested_branch_dag.py for tasks to queue
[2022-09-20 23:56:03,417] {logging_mixin.py:115} INFO - [2022-09-20 23:56:03,417] {dagbag.py:507} INFO - Filling up the DagBag from /home/airflow/.local/lib/python3.7/site-packages/airflow/example_dags/example_nested_branch_dag.py
[2022-09-20 23:56:03,427] {processor.py:651} INFO - DAG(s) dict_keys(['example_nested_branch_dag']) retrieved from /home/airflow/.local/lib/python3.7/site-packages/airflow/example_dags/example_nested_branch_dag.py
[2022-09-20 23:56:03,450] {logging_mixin.py:115} INFO - [2022-09-20 23:56:03,449] {dag.py:2379} INFO - Sync 1 DAGs
[2022-09-20 23:56:03,463] {logging_mixin.py:115} INFO - [2022-09-20 23:56:03,463] {dag.py:2931} INFO - Setting next_dagrun for example_nested_branch_dag to 2022-09-19T00:00:00+00:00, run_after=2022-09-20T00:00:00+00:00
[2022-09-20 23:56:03,471] {processor.py:161} INFO - Processing /home/airflow/.local/lib/python3.7/site-packages/airflow/example_dags/example_nested_branch_dag.py took 0.060 seconds
[2022-09-20 23:56:34,381] {processor.py:153} INFO - Started process (PID=2690) to work on /home/airflow/.local/lib/python3.7/site-packages/airflow/example_dags/example_nested_branch_dag.py
[2022-09-20 23:56:34,382] {processor.py:641} INFO - Processing file /home/airflow/.local/lib/python3.7/site-packages/airflow/example_dags/example_nested_branch_dag.py for tasks to queue
[2022-09-20 23:56:34,383] {logging_mixin.py:115} INFO - [2022-09-20 23:56:34,383] {dagbag.py:507} INFO - Filling up the DagBag from /home/airflow/.local/lib/python3.7/site-packages/airflow/example_dags/example_nested_branch_dag.py
[2022-09-20 23:56:34,389] {processor.py:651} INFO - DAG(s) dict_keys(['example_nested_branch_dag']) retrieved from /home/airflow/.local/lib/python3.7/site-packages/airflow/example_dags/example_nested_branch_dag.py
[2022-09-20 23:56:34,406] {logging_mixin.py:115} INFO - [2022-09-20 23:56:34,406] {dag.py:2379} INFO - Sync 1 DAGs
[2022-09-20 23:56:34,421] {logging_mixin.py:115} INFO - [2022-09-20 23:56:34,421] {dag.py:2931} INFO - Setting next_dagrun for example_nested_branch_dag to 2022-09-19T00:00:00+00:00, run_after=2022-09-20T00:00:00+00:00
[2022-09-20 23:56:34,430] {processor.py:161} INFO - Processing /home/airflow/.local/lib/python3.7/site-packages/airflow/example_dags/example_nested_branch_dag.py took 0.052 seconds
[2022-09-20 23:57:04,644] {processor.py:153} INFO - Started process (PID=2743) to work on /home/airflow/.local/lib/python3.7/site-packages/airflow/example_dags/example_nested_branch_dag.py
[2022-09-20 23:57:04,645] {processor.py:641} INFO - Processing file /home/airflow/.local/lib/python3.7/site-packages/airflow/example_dags/example_nested_branch_dag.py for tasks to queue
[2022-09-20 23:57:04,647] {logging_mixin.py:115} INFO - [2022-09-20 23:57:04,647] {dagbag.py:507} INFO - Filling up the DagBag from /home/airflow/.local/lib/python3.7/site-packages/airflow/example_dags/example_nested_branch_dag.py
[2022-09-20 23:57:04,653] {processor.py:651} INFO - DAG(s) dict_keys(['example_nested_branch_dag']) retrieved from /home/airflow/.local/lib/python3.7/site-packages/airflow/example_dags/example_nested_branch_dag.py
[2022-09-20 23:57:04,671] {logging_mixin.py:115} INFO - [2022-09-20 23:57:04,671] {dag.py:2379} INFO - Sync 1 DAGs
[2022-09-20 23:57:04,684] {logging_mixin.py:115} INFO - [2022-09-20 23:57:04,684] {dag.py:2931} INFO - Setting next_dagrun for example_nested_branch_dag to 2022-09-19T00:00:00+00:00, run_after=2022-09-20T00:00:00+00:00
[2022-09-20 23:57:04,691] {processor.py:161} INFO - Processing /home/airflow/.local/lib/python3.7/site-packages/airflow/example_dags/example_nested_branch_dag.py took 0.049 seconds
[2022-09-20 23:57:34,876] {processor.py:153} INFO - Started process (PID=2805) to work on /home/airflow/.local/lib/python3.7/site-packages/airflow/example_dags/example_nested_branch_dag.py
[2022-09-20 23:57:34,877] {processor.py:641} INFO - Processing file /home/airflow/.local/lib/python3.7/site-packages/airflow/example_dags/example_nested_branch_dag.py for tasks to queue
[2022-09-20 23:57:34,878] {logging_mixin.py:115} INFO - [2022-09-20 23:57:34,878] {dagbag.py:507} INFO - Filling up the DagBag from /home/airflow/.local/lib/python3.7/site-packages/airflow/example_dags/example_nested_branch_dag.py
[2022-09-20 23:57:34,885] {processor.py:651} INFO - DAG(s) dict_keys(['example_nested_branch_dag']) retrieved from /home/airflow/.local/lib/python3.7/site-packages/airflow/example_dags/example_nested_branch_dag.py
[2022-09-20 23:57:34,903] {logging_mixin.py:115} INFO - [2022-09-20 23:57:34,903] {dag.py:2379} INFO - Sync 1 DAGs
[2022-09-20 23:57:34,916] {logging_mixin.py:115} INFO - [2022-09-20 23:57:34,916] {dag.py:2931} INFO - Setting next_dagrun for example_nested_branch_dag to 2022-09-19T00:00:00+00:00, run_after=2022-09-20T00:00:00+00:00
[2022-09-20 23:57:34,924] {processor.py:161} INFO - Processing /home/airflow/.local/lib/python3.7/site-packages/airflow/example_dags/example_nested_branch_dag.py took 0.051 seconds
[2022-09-20 23:58:05,196] {processor.py:153} INFO - Started process (PID=2869) to work on /home/airflow/.local/lib/python3.7/site-packages/airflow/example_dags/example_nested_branch_dag.py
[2022-09-20 23:58:05,198] {processor.py:641} INFO - Processing file /home/airflow/.local/lib/python3.7/site-packages/airflow/example_dags/example_nested_branch_dag.py for tasks to queue
[2022-09-20 23:58:05,199] {logging_mixin.py:115} INFO - [2022-09-20 23:58:05,199] {dagbag.py:507} INFO - Filling up the DagBag from /home/airflow/.local/lib/python3.7/site-packages/airflow/example_dags/example_nested_branch_dag.py
[2022-09-20 23:58:05,206] {processor.py:651} INFO - DAG(s) dict_keys(['example_nested_branch_dag']) retrieved from /home/airflow/.local/lib/python3.7/site-packages/airflow/example_dags/example_nested_branch_dag.py
[2022-09-20 23:58:05,228] {logging_mixin.py:115} INFO - [2022-09-20 23:58:05,228] {dag.py:2379} INFO - Sync 1 DAGs
[2022-09-20 23:58:05,242] {logging_mixin.py:115} INFO - [2022-09-20 23:58:05,242] {dag.py:2931} INFO - Setting next_dagrun for example_nested_branch_dag to 2022-09-19T00:00:00+00:00, run_after=2022-09-20T00:00:00+00:00
[2022-09-20 23:58:05,249] {processor.py:161} INFO - Processing /home/airflow/.local/lib/python3.7/site-packages/airflow/example_dags/example_nested_branch_dag.py took 0.055 seconds
[2022-09-20 23:58:35,409] {processor.py:153} INFO - Started process (PID=2931) to work on /home/airflow/.local/lib/python3.7/site-packages/airflow/example_dags/example_nested_branch_dag.py
[2022-09-20 23:58:35,410] {processor.py:641} INFO - Processing file /home/airflow/.local/lib/python3.7/site-packages/airflow/example_dags/example_nested_branch_dag.py for tasks to queue
[2022-09-20 23:58:35,411] {logging_mixin.py:115} INFO - [2022-09-20 23:58:35,411] {dagbag.py:507} INFO - Filling up the DagBag from /home/airflow/.local/lib/python3.7/site-packages/airflow/example_dags/example_nested_branch_dag.py
[2022-09-20 23:58:35,418] {processor.py:651} INFO - DAG(s) dict_keys(['example_nested_branch_dag']) retrieved from /home/airflow/.local/lib/python3.7/site-packages/airflow/example_dags/example_nested_branch_dag.py
[2022-09-20 23:58:35,441] {logging_mixin.py:115} INFO - [2022-09-20 23:58:35,441] {dag.py:2379} INFO - Sync 1 DAGs
[2022-09-20 23:58:35,457] {logging_mixin.py:115} INFO - [2022-09-20 23:58:35,457] {dag.py:2931} INFO - Setting next_dagrun for example_nested_branch_dag to 2022-09-19T00:00:00+00:00, run_after=2022-09-20T00:00:00+00:00
[2022-09-20 23:58:35,464] {processor.py:161} INFO - Processing /home/airflow/.local/lib/python3.7/site-packages/airflow/example_dags/example_nested_branch_dag.py took 0.057 seconds
[2022-09-20 23:59:05,687] {processor.py:153} INFO - Started process (PID=2992) to work on /home/airflow/.local/lib/python3.7/site-packages/airflow/example_dags/example_nested_branch_dag.py
[2022-09-20 23:59:05,688] {processor.py:641} INFO - Processing file /home/airflow/.local/lib/python3.7/site-packages/airflow/example_dags/example_nested_branch_dag.py for tasks to queue
[2022-09-20 23:59:05,690] {logging_mixin.py:115} INFO - [2022-09-20 23:59:05,690] {dagbag.py:507} INFO - Filling up the DagBag from /home/airflow/.local/lib/python3.7/site-packages/airflow/example_dags/example_nested_branch_dag.py
[2022-09-20 23:59:05,696] {processor.py:651} INFO - DAG(s) dict_keys(['example_nested_branch_dag']) retrieved from /home/airflow/.local/lib/python3.7/site-packages/airflow/example_dags/example_nested_branch_dag.py
[2022-09-20 23:59:05,718] {logging_mixin.py:115} INFO - [2022-09-20 23:59:05,718] {dag.py:2379} INFO - Sync 1 DAGs
[2022-09-20 23:59:05,732] {logging_mixin.py:115} INFO - [2022-09-20 23:59:05,732] {dag.py:2931} INFO - Setting next_dagrun for example_nested_branch_dag to 2022-09-19T00:00:00+00:00, run_after=2022-09-20T00:00:00+00:00
[2022-09-20 23:59:05,739] {processor.py:161} INFO - Processing /home/airflow/.local/lib/python3.7/site-packages/airflow/example_dags/example_nested_branch_dag.py took 0.055 seconds
[2022-09-20 23:59:36,692] {processor.py:153} INFO - Started process (PID=3045) to work on /home/airflow/.local/lib/python3.7/site-packages/airflow/example_dags/example_nested_branch_dag.py
[2022-09-20 23:59:36,695] {processor.py:641} INFO - Processing file /home/airflow/.local/lib/python3.7/site-packages/airflow/example_dags/example_nested_branch_dag.py for tasks to queue
[2022-09-20 23:59:36,696] {logging_mixin.py:115} INFO - [2022-09-20 23:59:36,696] {dagbag.py:507} INFO - Filling up the DagBag from /home/airflow/.local/lib/python3.7/site-packages/airflow/example_dags/example_nested_branch_dag.py
[2022-09-20 23:59:36,704] {processor.py:651} INFO - DAG(s) dict_keys(['example_nested_branch_dag']) retrieved from /home/airflow/.local/lib/python3.7/site-packages/airflow/example_dags/example_nested_branch_dag.py
[2022-09-20 23:59:36,726] {logging_mixin.py:115} INFO - [2022-09-20 23:59:36,725] {dag.py:2379} INFO - Sync 1 DAGs
[2022-09-20 23:59:36,742] {logging_mixin.py:115} INFO - [2022-09-20 23:59:36,742] {dag.py:2931} INFO - Setting next_dagrun for example_nested_branch_dag to 2022-09-19T00:00:00+00:00, run_after=2022-09-20T00:00:00+00:00
[2022-09-20 23:59:36,752] {processor.py:161} INFO - Processing /home/airflow/.local/lib/python3.7/site-packages/airflow/example_dags/example_nested_branch_dag.py took 0.062 seconds
