[2022-09-20 23:34:37,605] {processor.py:153} INFO - Started process (PID=49) to work on /home/airflow/.local/lib/python3.7/site-packages/airflow/example_dags/example_latest_only_with_trigger.py
[2022-09-20 23:34:37,608] {processor.py:641} INFO - Processing file /home/airflow/.local/lib/python3.7/site-packages/airflow/example_dags/example_latest_only_with_trigger.py for tasks to queue
[2022-09-20 23:34:37,614] {logging_mixin.py:115} INFO - [2022-09-20 23:34:37,614] {dagbag.py:507} INFO - Filling up the DagBag from /home/airflow/.local/lib/python3.7/site-packages/airflow/example_dags/example_latest_only_with_trigger.py
[2022-09-20 23:34:37,627] {processor.py:651} INFO - DAG(s) dict_keys(['latest_only_with_trigger']) retrieved from /home/airflow/.local/lib/python3.7/site-packages/airflow/example_dags/example_latest_only_with_trigger.py
[2022-09-20 23:34:37,676] {logging_mixin.py:115} INFO - [2022-09-20 23:34:37,676] {dag.py:2379} INFO - Sync 1 DAGs
[2022-09-20 23:34:37,720] {logging_mixin.py:115} INFO - [2022-09-20 23:34:37,720] {dag.py:2931} INFO - Setting next_dagrun for latest_only_with_trigger to 2022-09-20T19:34:37.720161+00:00, run_after=2022-09-20T23:34:37.720161+00:00
[2022-09-20 23:34:37,733] {processor.py:161} INFO - Processing /home/airflow/.local/lib/python3.7/site-packages/airflow/example_dags/example_latest_only_with_trigger.py took 0.132 seconds
[2022-09-20 23:35:07,954] {processor.py:153} INFO - Started process (PID=110) to work on /home/airflow/.local/lib/python3.7/site-packages/airflow/example_dags/example_latest_only_with_trigger.py
[2022-09-20 23:35:07,956] {processor.py:641} INFO - Processing file /home/airflow/.local/lib/python3.7/site-packages/airflow/example_dags/example_latest_only_with_trigger.py for tasks to queue
[2022-09-20 23:35:07,956] {logging_mixin.py:115} INFO - [2022-09-20 23:35:07,956] {dagbag.py:507} INFO - Filling up the DagBag from /home/airflow/.local/lib/python3.7/site-packages/airflow/example_dags/example_latest_only_with_trigger.py
[2022-09-20 23:35:07,965] {processor.py:651} INFO - DAG(s) dict_keys(['latest_only_with_trigger']) retrieved from /home/airflow/.local/lib/python3.7/site-packages/airflow/example_dags/example_latest_only_with_trigger.py
[2022-09-20 23:35:07,985] {logging_mixin.py:115} INFO - [2022-09-20 23:35:07,985] {dag.py:2379} INFO - Sync 1 DAGs
[2022-09-20 23:35:08,001] {logging_mixin.py:115} INFO - [2022-09-20 23:35:08,001] {dag.py:2931} INFO - Setting next_dagrun for latest_only_with_trigger to 2022-09-20T19:35:08.001088+00:00, run_after=2022-09-20T23:35:08.001088+00:00
[2022-09-20 23:35:08,012] {processor.py:161} INFO - Processing /home/airflow/.local/lib/python3.7/site-packages/airflow/example_dags/example_latest_only_with_trigger.py took 0.061 seconds
[2022-09-20 23:35:38,231] {processor.py:153} INFO - Started process (PID=172) to work on /home/airflow/.local/lib/python3.7/site-packages/airflow/example_dags/example_latest_only_with_trigger.py
[2022-09-20 23:35:38,232] {processor.py:641} INFO - Processing file /home/airflow/.local/lib/python3.7/site-packages/airflow/example_dags/example_latest_only_with_trigger.py for tasks to queue
[2022-09-20 23:35:38,234] {logging_mixin.py:115} INFO - [2022-09-20 23:35:38,234] {dagbag.py:507} INFO - Filling up the DagBag from /home/airflow/.local/lib/python3.7/site-packages/airflow/example_dags/example_latest_only_with_trigger.py
[2022-09-20 23:35:38,260] {processor.py:651} INFO - DAG(s) dict_keys(['latest_only_with_trigger']) retrieved from /home/airflow/.local/lib/python3.7/site-packages/airflow/example_dags/example_latest_only_with_trigger.py
[2022-09-20 23:35:38,302] {logging_mixin.py:115} INFO - [2022-09-20 23:35:38,302] {dag.py:2379} INFO - Sync 1 DAGs
[2022-09-20 23:35:38,339] {logging_mixin.py:115} INFO - [2022-09-20 23:35:38,339] {dag.py:2931} INFO - Setting next_dagrun for latest_only_with_trigger to 2022-09-20T19:35:38.339412+00:00, run_after=2022-09-20T23:35:38.339412+00:00
[2022-09-20 23:35:38,356] {processor.py:161} INFO - Processing /home/airflow/.local/lib/python3.7/site-packages/airflow/example_dags/example_latest_only_with_trigger.py took 0.129 seconds
[2022-09-20 23:36:08,550] {processor.py:153} INFO - Started process (PID=225) to work on /home/airflow/.local/lib/python3.7/site-packages/airflow/example_dags/example_latest_only_with_trigger.py
[2022-09-20 23:36:08,551] {processor.py:641} INFO - Processing file /home/airflow/.local/lib/python3.7/site-packages/airflow/example_dags/example_latest_only_with_trigger.py for tasks to queue
[2022-09-20 23:36:08,553] {logging_mixin.py:115} INFO - [2022-09-20 23:36:08,553] {dagbag.py:507} INFO - Filling up the DagBag from /home/airflow/.local/lib/python3.7/site-packages/airflow/example_dags/example_latest_only_with_trigger.py
[2022-09-20 23:36:08,561] {processor.py:651} INFO - DAG(s) dict_keys(['latest_only_with_trigger']) retrieved from /home/airflow/.local/lib/python3.7/site-packages/airflow/example_dags/example_latest_only_with_trigger.py
[2022-09-20 23:36:08,579] {logging_mixin.py:115} INFO - [2022-09-20 23:36:08,579] {dag.py:2379} INFO - Sync 1 DAGs
[2022-09-20 23:36:08,593] {logging_mixin.py:115} INFO - [2022-09-20 23:36:08,592] {dag.py:2931} INFO - Setting next_dagrun for latest_only_with_trigger to 2022-09-20T19:36:08.592732+00:00, run_after=2022-09-20T23:36:08.592732+00:00
[2022-09-20 23:36:08,601] {processor.py:161} INFO - Processing /home/airflow/.local/lib/python3.7/site-packages/airflow/example_dags/example_latest_only_with_trigger.py took 0.054 seconds
[2022-09-20 23:36:38,942] {processor.py:153} INFO - Started process (PID=290) to work on /home/airflow/.local/lib/python3.7/site-packages/airflow/example_dags/example_latest_only_with_trigger.py
[2022-09-20 23:36:38,944] {processor.py:641} INFO - Processing file /home/airflow/.local/lib/python3.7/site-packages/airflow/example_dags/example_latest_only_with_trigger.py for tasks to queue
[2022-09-20 23:36:38,946] {logging_mixin.py:115} INFO - [2022-09-20 23:36:38,946] {dagbag.py:507} INFO - Filling up the DagBag from /home/airflow/.local/lib/python3.7/site-packages/airflow/example_dags/example_latest_only_with_trigger.py
[2022-09-20 23:36:38,954] {processor.py:651} INFO - DAG(s) dict_keys(['latest_only_with_trigger']) retrieved from /home/airflow/.local/lib/python3.7/site-packages/airflow/example_dags/example_latest_only_with_trigger.py
[2022-09-20 23:36:38,971] {logging_mixin.py:115} INFO - [2022-09-20 23:36:38,971] {dag.py:2379} INFO - Sync 1 DAGs
[2022-09-20 23:36:38,984] {logging_mixin.py:115} INFO - [2022-09-20 23:36:38,984] {dag.py:2931} INFO - Setting next_dagrun for latest_only_with_trigger to 2022-09-20T19:36:38.984577+00:00, run_after=2022-09-20T23:36:38.984577+00:00
[2022-09-20 23:36:38,995] {processor.py:161} INFO - Processing /home/airflow/.local/lib/python3.7/site-packages/airflow/example_dags/example_latest_only_with_trigger.py took 0.055 seconds
[2022-09-20 23:37:09,189] {processor.py:153} INFO - Started process (PID=353) to work on /home/airflow/.local/lib/python3.7/site-packages/airflow/example_dags/example_latest_only_with_trigger.py
[2022-09-20 23:37:09,191] {processor.py:641} INFO - Processing file /home/airflow/.local/lib/python3.7/site-packages/airflow/example_dags/example_latest_only_with_trigger.py for tasks to queue
[2022-09-20 23:37:09,192] {logging_mixin.py:115} INFO - [2022-09-20 23:37:09,192] {dagbag.py:507} INFO - Filling up the DagBag from /home/airflow/.local/lib/python3.7/site-packages/airflow/example_dags/example_latest_only_with_trigger.py
[2022-09-20 23:37:09,204] {processor.py:651} INFO - DAG(s) dict_keys(['latest_only_with_trigger']) retrieved from /home/airflow/.local/lib/python3.7/site-packages/airflow/example_dags/example_latest_only_with_trigger.py
[2022-09-20 23:37:09,237] {logging_mixin.py:115} INFO - [2022-09-20 23:37:09,237] {dag.py:2379} INFO - Sync 1 DAGs
[2022-09-20 23:37:09,259] {logging_mixin.py:115} INFO - [2022-09-20 23:37:09,259] {dag.py:2931} INFO - Setting next_dagrun for latest_only_with_trigger to 2022-09-20T19:37:09.258901+00:00, run_after=2022-09-20T23:37:09.258901+00:00
[2022-09-20 23:37:09,269] {processor.py:161} INFO - Processing /home/airflow/.local/lib/python3.7/site-packages/airflow/example_dags/example_latest_only_with_trigger.py took 0.083 seconds
[2022-09-20 23:37:39,765] {processor.py:153} INFO - Started process (PID=426) to work on /home/airflow/.local/lib/python3.7/site-packages/airflow/example_dags/example_latest_only_with_trigger.py
[2022-09-20 23:37:39,766] {processor.py:641} INFO - Processing file /home/airflow/.local/lib/python3.7/site-packages/airflow/example_dags/example_latest_only_with_trigger.py for tasks to queue
[2022-09-20 23:37:39,767] {logging_mixin.py:115} INFO - [2022-09-20 23:37:39,767] {dagbag.py:507} INFO - Filling up the DagBag from /home/airflow/.local/lib/python3.7/site-packages/airflow/example_dags/example_latest_only_with_trigger.py
[2022-09-20 23:37:39,776] {processor.py:651} INFO - DAG(s) dict_keys(['latest_only_with_trigger']) retrieved from /home/airflow/.local/lib/python3.7/site-packages/airflow/example_dags/example_latest_only_with_trigger.py
[2022-09-20 23:37:39,792] {logging_mixin.py:115} INFO - [2022-09-20 23:37:39,792] {dag.py:2379} INFO - Sync 1 DAGs
[2022-09-20 23:37:39,806] {logging_mixin.py:115} INFO - [2022-09-20 23:37:39,806] {dag.py:2931} INFO - Setting next_dagrun for latest_only_with_trigger to 2022-09-20T19:37:39.806140+00:00, run_after=2022-09-20T23:37:39.806140+00:00
[2022-09-20 23:37:39,814] {processor.py:161} INFO - Processing /home/airflow/.local/lib/python3.7/site-packages/airflow/example_dags/example_latest_only_with_trigger.py took 0.053 seconds
[2022-09-20 23:38:09,924] {processor.py:153} INFO - Started process (PID=481) to work on /home/airflow/.local/lib/python3.7/site-packages/airflow/example_dags/example_latest_only_with_trigger.py
[2022-09-20 23:38:09,933] {processor.py:641} INFO - Processing file /home/airflow/.local/lib/python3.7/site-packages/airflow/example_dags/example_latest_only_with_trigger.py for tasks to queue
[2022-09-20 23:38:09,934] {logging_mixin.py:115} INFO - [2022-09-20 23:38:09,934] {dagbag.py:507} INFO - Filling up the DagBag from /home/airflow/.local/lib/python3.7/site-packages/airflow/example_dags/example_latest_only_with_trigger.py
[2022-09-20 23:38:09,943] {processor.py:651} INFO - DAG(s) dict_keys(['latest_only_with_trigger']) retrieved from /home/airflow/.local/lib/python3.7/site-packages/airflow/example_dags/example_latest_only_with_trigger.py
[2022-09-20 23:38:09,965] {logging_mixin.py:115} INFO - [2022-09-20 23:38:09,965] {dag.py:2379} INFO - Sync 1 DAGs
[2022-09-20 23:38:09,980] {logging_mixin.py:115} INFO - [2022-09-20 23:38:09,980] {dag.py:2931} INFO - Setting next_dagrun for latest_only_with_trigger to 2022-09-20T19:38:09.980081+00:00, run_after=2022-09-20T23:38:09.980081+00:00
[2022-09-20 23:38:09,990] {processor.py:161} INFO - Processing /home/airflow/.local/lib/python3.7/site-packages/airflow/example_dags/example_latest_only_with_trigger.py took 0.069 seconds
[2022-09-20 23:38:40,615] {processor.py:153} INFO - Started process (PID=549) to work on /home/airflow/.local/lib/python3.7/site-packages/airflow/example_dags/example_latest_only_with_trigger.py
[2022-09-20 23:38:40,617] {processor.py:641} INFO - Processing file /home/airflow/.local/lib/python3.7/site-packages/airflow/example_dags/example_latest_only_with_trigger.py for tasks to queue
[2022-09-20 23:38:40,618] {logging_mixin.py:115} INFO - [2022-09-20 23:38:40,618] {dagbag.py:507} INFO - Filling up the DagBag from /home/airflow/.local/lib/python3.7/site-packages/airflow/example_dags/example_latest_only_with_trigger.py
[2022-09-20 23:38:40,625] {processor.py:651} INFO - DAG(s) dict_keys(['latest_only_with_trigger']) retrieved from /home/airflow/.local/lib/python3.7/site-packages/airflow/example_dags/example_latest_only_with_trigger.py
[2022-09-20 23:38:40,646] {logging_mixin.py:115} INFO - [2022-09-20 23:38:40,646] {dag.py:2379} INFO - Sync 1 DAGs
[2022-09-20 23:38:40,665] {logging_mixin.py:115} INFO - [2022-09-20 23:38:40,665] {dag.py:2931} INFO - Setting next_dagrun for latest_only_with_trigger to 2022-09-20T19:38:40.665123+00:00, run_after=2022-09-20T23:38:40.665123+00:00
[2022-09-20 23:38:40,681] {processor.py:161} INFO - Processing /home/airflow/.local/lib/python3.7/site-packages/airflow/example_dags/example_latest_only_with_trigger.py took 0.069 seconds
[2022-09-20 23:39:10,954] {processor.py:153} INFO - Started process (PID=614) to work on /home/airflow/.local/lib/python3.7/site-packages/airflow/example_dags/example_latest_only_with_trigger.py
[2022-09-20 23:39:10,956] {processor.py:641} INFO - Processing file /home/airflow/.local/lib/python3.7/site-packages/airflow/example_dags/example_latest_only_with_trigger.py for tasks to queue
[2022-09-20 23:39:10,957] {logging_mixin.py:115} INFO - [2022-09-20 23:39:10,957] {dagbag.py:507} INFO - Filling up the DagBag from /home/airflow/.local/lib/python3.7/site-packages/airflow/example_dags/example_latest_only_with_trigger.py
[2022-09-20 23:39:10,965] {processor.py:651} INFO - DAG(s) dict_keys(['latest_only_with_trigger']) retrieved from /home/airflow/.local/lib/python3.7/site-packages/airflow/example_dags/example_latest_only_with_trigger.py
[2022-09-20 23:39:10,985] {logging_mixin.py:115} INFO - [2022-09-20 23:39:10,985] {dag.py:2379} INFO - Sync 1 DAGs
[2022-09-20 23:39:10,999] {logging_mixin.py:115} INFO - [2022-09-20 23:39:10,999] {dag.py:2931} INFO - Setting next_dagrun for latest_only_with_trigger to 2022-09-20T19:39:10.999236+00:00, run_after=2022-09-20T23:39:10.999236+00:00
[2022-09-20 23:39:11,007] {processor.py:161} INFO - Processing /home/airflow/.local/lib/python3.7/site-packages/airflow/example_dags/example_latest_only_with_trigger.py took 0.055 seconds
[2022-09-20 23:39:41,060] {processor.py:153} INFO - Started process (PID=677) to work on /home/airflow/.local/lib/python3.7/site-packages/airflow/example_dags/example_latest_only_with_trigger.py
[2022-09-20 23:39:41,076] {processor.py:641} INFO - Processing file /home/airflow/.local/lib/python3.7/site-packages/airflow/example_dags/example_latest_only_with_trigger.py for tasks to queue
[2022-09-20 23:39:41,077] {logging_mixin.py:115} INFO - [2022-09-20 23:39:41,077] {dagbag.py:507} INFO - Filling up the DagBag from /home/airflow/.local/lib/python3.7/site-packages/airflow/example_dags/example_latest_only_with_trigger.py
[2022-09-20 23:39:41,082] {processor.py:651} INFO - DAG(s) dict_keys(['latest_only_with_trigger']) retrieved from /home/airflow/.local/lib/python3.7/site-packages/airflow/example_dags/example_latest_only_with_trigger.py
[2022-09-20 23:39:41,101] {logging_mixin.py:115} INFO - [2022-09-20 23:39:41,101] {dag.py:2379} INFO - Sync 1 DAGs
[2022-09-20 23:39:41,115] {logging_mixin.py:115} INFO - [2022-09-20 23:39:41,115] {dag.py:2931} INFO - Setting next_dagrun for latest_only_with_trigger to 2022-09-20T19:39:41.114957+00:00, run_after=2022-09-20T23:39:41.114957+00:00
[2022-09-20 23:39:41,123] {processor.py:161} INFO - Processing /home/airflow/.local/lib/python3.7/site-packages/airflow/example_dags/example_latest_only_with_trigger.py took 0.065 seconds
[2022-09-20 23:40:11,318] {processor.py:153} INFO - Started process (PID=742) to work on /home/airflow/.local/lib/python3.7/site-packages/airflow/example_dags/example_latest_only_with_trigger.py
[2022-09-20 23:40:11,320] {processor.py:641} INFO - Processing file /home/airflow/.local/lib/python3.7/site-packages/airflow/example_dags/example_latest_only_with_trigger.py for tasks to queue
[2022-09-20 23:40:11,321] {logging_mixin.py:115} INFO - [2022-09-20 23:40:11,321] {dagbag.py:507} INFO - Filling up the DagBag from /home/airflow/.local/lib/python3.7/site-packages/airflow/example_dags/example_latest_only_with_trigger.py
[2022-09-20 23:40:11,325] {processor.py:651} INFO - DAG(s) dict_keys(['latest_only_with_trigger']) retrieved from /home/airflow/.local/lib/python3.7/site-packages/airflow/example_dags/example_latest_only_with_trigger.py
[2022-09-20 23:40:11,343] {logging_mixin.py:115} INFO - [2022-09-20 23:40:11,343] {dag.py:2379} INFO - Sync 1 DAGs
[2022-09-20 23:40:11,355] {logging_mixin.py:115} INFO - [2022-09-20 23:40:11,355] {dag.py:2931} INFO - Setting next_dagrun for latest_only_with_trigger to 2022-09-20T19:40:11.355208+00:00, run_after=2022-09-20T23:40:11.355208+00:00
[2022-09-20 23:40:11,362] {processor.py:161} INFO - Processing /home/airflow/.local/lib/python3.7/site-packages/airflow/example_dags/example_latest_only_with_trigger.py took 0.045 seconds
[2022-09-20 23:40:41,464] {processor.py:153} INFO - Started process (PID=799) to work on /home/airflow/.local/lib/python3.7/site-packages/airflow/example_dags/example_latest_only_with_trigger.py
[2022-09-20 23:40:41,465] {processor.py:641} INFO - Processing file /home/airflow/.local/lib/python3.7/site-packages/airflow/example_dags/example_latest_only_with_trigger.py for tasks to queue
[2022-09-20 23:40:41,467] {logging_mixin.py:115} INFO - [2022-09-20 23:40:41,467] {dagbag.py:507} INFO - Filling up the DagBag from /home/airflow/.local/lib/python3.7/site-packages/airflow/example_dags/example_latest_only_with_trigger.py
[2022-09-20 23:40:41,471] {processor.py:651} INFO - DAG(s) dict_keys(['latest_only_with_trigger']) retrieved from /home/airflow/.local/lib/python3.7/site-packages/airflow/example_dags/example_latest_only_with_trigger.py
[2022-09-20 23:40:41,491] {logging_mixin.py:115} INFO - [2022-09-20 23:40:41,491] {dag.py:2379} INFO - Sync 1 DAGs
[2022-09-20 23:40:41,504] {logging_mixin.py:115} INFO - [2022-09-20 23:40:41,504] {dag.py:2931} INFO - Setting next_dagrun for latest_only_with_trigger to 2022-09-20T19:40:41.504116+00:00, run_after=2022-09-20T23:40:41.504116+00:00
[2022-09-20 23:40:41,512] {processor.py:161} INFO - Processing /home/airflow/.local/lib/python3.7/site-packages/airflow/example_dags/example_latest_only_with_trigger.py took 0.051 seconds
[2022-09-20 23:41:12,493] {processor.py:153} INFO - Started process (PID=862) to work on /home/airflow/.local/lib/python3.7/site-packages/airflow/example_dags/example_latest_only_with_trigger.py
[2022-09-20 23:41:12,494] {processor.py:641} INFO - Processing file /home/airflow/.local/lib/python3.7/site-packages/airflow/example_dags/example_latest_only_with_trigger.py for tasks to queue
[2022-09-20 23:41:12,495] {logging_mixin.py:115} INFO - [2022-09-20 23:41:12,495] {dagbag.py:507} INFO - Filling up the DagBag from /home/airflow/.local/lib/python3.7/site-packages/airflow/example_dags/example_latest_only_with_trigger.py
[2022-09-20 23:41:12,500] {processor.py:651} INFO - DAG(s) dict_keys(['latest_only_with_trigger']) retrieved from /home/airflow/.local/lib/python3.7/site-packages/airflow/example_dags/example_latest_only_with_trigger.py
[2022-09-20 23:41:12,519] {logging_mixin.py:115} INFO - [2022-09-20 23:41:12,519] {dag.py:2379} INFO - Sync 1 DAGs
[2022-09-20 23:41:12,532] {logging_mixin.py:115} INFO - [2022-09-20 23:41:12,531] {dag.py:2931} INFO - Setting next_dagrun for latest_only_with_trigger to 2022-09-20T19:41:12.531841+00:00, run_after=2022-09-20T23:41:12.531841+00:00
[2022-09-20 23:41:12,540] {processor.py:161} INFO - Processing /home/airflow/.local/lib/python3.7/site-packages/airflow/example_dags/example_latest_only_with_trigger.py took 0.049 seconds
[2022-09-20 23:41:42,750] {processor.py:153} INFO - Started process (PID=935) to work on /home/airflow/.local/lib/python3.7/site-packages/airflow/example_dags/example_latest_only_with_trigger.py
[2022-09-20 23:41:42,751] {processor.py:641} INFO - Processing file /home/airflow/.local/lib/python3.7/site-packages/airflow/example_dags/example_latest_only_with_trigger.py for tasks to queue
[2022-09-20 23:41:42,753] {logging_mixin.py:115} INFO - [2022-09-20 23:41:42,752] {dagbag.py:507} INFO - Filling up the DagBag from /home/airflow/.local/lib/python3.7/site-packages/airflow/example_dags/example_latest_only_with_trigger.py
[2022-09-20 23:41:42,758] {processor.py:651} INFO - DAG(s) dict_keys(['latest_only_with_trigger']) retrieved from /home/airflow/.local/lib/python3.7/site-packages/airflow/example_dags/example_latest_only_with_trigger.py
[2022-09-20 23:41:42,782] {logging_mixin.py:115} INFO - [2022-09-20 23:41:42,781] {dag.py:2379} INFO - Sync 1 DAGs
[2022-09-20 23:41:42,802] {logging_mixin.py:115} INFO - [2022-09-20 23:41:42,802] {dag.py:2931} INFO - Setting next_dagrun for latest_only_with_trigger to 2022-09-20T19:41:42.802033+00:00, run_after=2022-09-20T23:41:42.802033+00:00
[2022-09-20 23:41:42,813] {processor.py:161} INFO - Processing /home/airflow/.local/lib/python3.7/site-packages/airflow/example_dags/example_latest_only_with_trigger.py took 0.066 seconds
[2022-09-20 23:42:12,860] {processor.py:153} INFO - Started process (PID=995) to work on /home/airflow/.local/lib/python3.7/site-packages/airflow/example_dags/example_latest_only_with_trigger.py
[2022-09-20 23:42:12,862] {processor.py:641} INFO - Processing file /home/airflow/.local/lib/python3.7/site-packages/airflow/example_dags/example_latest_only_with_trigger.py for tasks to queue
[2022-09-20 23:42:12,862] {logging_mixin.py:115} INFO - [2022-09-20 23:42:12,862] {dagbag.py:507} INFO - Filling up the DagBag from /home/airflow/.local/lib/python3.7/site-packages/airflow/example_dags/example_latest_only_with_trigger.py
[2022-09-20 23:42:12,868] {processor.py:651} INFO - DAG(s) dict_keys(['latest_only_with_trigger']) retrieved from /home/airflow/.local/lib/python3.7/site-packages/airflow/example_dags/example_latest_only_with_trigger.py
[2022-09-20 23:42:12,885] {logging_mixin.py:115} INFO - [2022-09-20 23:42:12,885] {dag.py:2379} INFO - Sync 1 DAGs
[2022-09-20 23:42:12,899] {logging_mixin.py:115} INFO - [2022-09-20 23:42:12,899] {dag.py:2931} INFO - Setting next_dagrun for latest_only_with_trigger to 2022-09-20T19:42:12.899082+00:00, run_after=2022-09-20T23:42:12.899082+00:00
[2022-09-20 23:42:12,906] {processor.py:161} INFO - Processing /home/airflow/.local/lib/python3.7/site-packages/airflow/example_dags/example_latest_only_with_trigger.py took 0.048 seconds
[2022-09-20 23:42:43,000] {processor.py:153} INFO - Started process (PID=1056) to work on /home/airflow/.local/lib/python3.7/site-packages/airflow/example_dags/example_latest_only_with_trigger.py
[2022-09-20 23:42:43,001] {processor.py:641} INFO - Processing file /home/airflow/.local/lib/python3.7/site-packages/airflow/example_dags/example_latest_only_with_trigger.py for tasks to queue
[2022-09-20 23:42:43,002] {logging_mixin.py:115} INFO - [2022-09-20 23:42:43,002] {dagbag.py:507} INFO - Filling up the DagBag from /home/airflow/.local/lib/python3.7/site-packages/airflow/example_dags/example_latest_only_with_trigger.py
[2022-09-20 23:42:43,010] {processor.py:651} INFO - DAG(s) dict_keys(['latest_only_with_trigger']) retrieved from /home/airflow/.local/lib/python3.7/site-packages/airflow/example_dags/example_latest_only_with_trigger.py
[2022-09-20 23:42:43,036] {logging_mixin.py:115} INFO - [2022-09-20 23:42:43,036] {dag.py:2379} INFO - Sync 1 DAGs
[2022-09-20 23:42:43,053] {logging_mixin.py:115} INFO - [2022-09-20 23:42:43,053] {dag.py:2931} INFO - Setting next_dagrun for latest_only_with_trigger to 2022-09-20T19:42:43.052951+00:00, run_after=2022-09-20T23:42:43.052951+00:00
[2022-09-20 23:42:43,064] {processor.py:161} INFO - Processing /home/airflow/.local/lib/python3.7/site-packages/airflow/example_dags/example_latest_only_with_trigger.py took 0.066 seconds
[2022-09-20 23:43:13,870] {processor.py:153} INFO - Started process (PID=1109) to work on /home/airflow/.local/lib/python3.7/site-packages/airflow/example_dags/example_latest_only_with_trigger.py
[2022-09-20 23:43:13,872] {processor.py:641} INFO - Processing file /home/airflow/.local/lib/python3.7/site-packages/airflow/example_dags/example_latest_only_with_trigger.py for tasks to queue
[2022-09-20 23:43:13,873] {logging_mixin.py:115} INFO - [2022-09-20 23:43:13,873] {dagbag.py:507} INFO - Filling up the DagBag from /home/airflow/.local/lib/python3.7/site-packages/airflow/example_dags/example_latest_only_with_trigger.py
[2022-09-20 23:43:13,878] {processor.py:651} INFO - DAG(s) dict_keys(['latest_only_with_trigger']) retrieved from /home/airflow/.local/lib/python3.7/site-packages/airflow/example_dags/example_latest_only_with_trigger.py
[2022-09-20 23:43:13,899] {logging_mixin.py:115} INFO - [2022-09-20 23:43:13,899] {dag.py:2379} INFO - Sync 1 DAGs
[2022-09-20 23:43:13,914] {logging_mixin.py:115} INFO - [2022-09-20 23:43:13,914] {dag.py:2931} INFO - Setting next_dagrun for latest_only_with_trigger to 2022-09-20T19:43:13.914244+00:00, run_after=2022-09-20T23:43:13.914244+00:00
[2022-09-20 23:43:13,924] {processor.py:161} INFO - Processing /home/airflow/.local/lib/python3.7/site-packages/airflow/example_dags/example_latest_only_with_trigger.py took 0.057 seconds
[2022-09-20 23:43:44,606] {processor.py:153} INFO - Started process (PID=1171) to work on /home/airflow/.local/lib/python3.7/site-packages/airflow/example_dags/example_latest_only_with_trigger.py
[2022-09-20 23:43:44,608] {processor.py:641} INFO - Processing file /home/airflow/.local/lib/python3.7/site-packages/airflow/example_dags/example_latest_only_with_trigger.py for tasks to queue
[2022-09-20 23:43:44,609] {logging_mixin.py:115} INFO - [2022-09-20 23:43:44,609] {dagbag.py:507} INFO - Filling up the DagBag from /home/airflow/.local/lib/python3.7/site-packages/airflow/example_dags/example_latest_only_with_trigger.py
[2022-09-20 23:43:44,614] {processor.py:651} INFO - DAG(s) dict_keys(['latest_only_with_trigger']) retrieved from /home/airflow/.local/lib/python3.7/site-packages/airflow/example_dags/example_latest_only_with_trigger.py
[2022-09-20 23:43:44,631] {logging_mixin.py:115} INFO - [2022-09-20 23:43:44,631] {dag.py:2379} INFO - Sync 1 DAGs
[2022-09-20 23:43:44,644] {logging_mixin.py:115} INFO - [2022-09-20 23:43:44,644] {dag.py:2931} INFO - Setting next_dagrun for latest_only_with_trigger to 2022-09-20T19:43:44.644087+00:00, run_after=2022-09-20T23:43:44.644087+00:00
[2022-09-20 23:43:44,652] {processor.py:161} INFO - Processing /home/airflow/.local/lib/python3.7/site-packages/airflow/example_dags/example_latest_only_with_trigger.py took 0.048 seconds
[2022-09-20 23:44:15,521] {processor.py:153} INFO - Started process (PID=1234) to work on /home/airflow/.local/lib/python3.7/site-packages/airflow/example_dags/example_latest_only_with_trigger.py
[2022-09-20 23:44:15,522] {processor.py:641} INFO - Processing file /home/airflow/.local/lib/python3.7/site-packages/airflow/example_dags/example_latest_only_with_trigger.py for tasks to queue
[2022-09-20 23:44:15,523] {logging_mixin.py:115} INFO - [2022-09-20 23:44:15,523] {dagbag.py:507} INFO - Filling up the DagBag from /home/airflow/.local/lib/python3.7/site-packages/airflow/example_dags/example_latest_only_with_trigger.py
[2022-09-20 23:44:15,528] {processor.py:651} INFO - DAG(s) dict_keys(['latest_only_with_trigger']) retrieved from /home/airflow/.local/lib/python3.7/site-packages/airflow/example_dags/example_latest_only_with_trigger.py
[2022-09-20 23:44:15,546] {logging_mixin.py:115} INFO - [2022-09-20 23:44:15,546] {dag.py:2379} INFO - Sync 1 DAGs
[2022-09-20 23:44:15,559] {logging_mixin.py:115} INFO - [2022-09-20 23:44:15,559] {dag.py:2931} INFO - Setting next_dagrun for latest_only_with_trigger to 2022-09-20T19:44:15.559461+00:00, run_after=2022-09-20T23:44:15.559461+00:00
[2022-09-20 23:44:15,567] {processor.py:161} INFO - Processing /home/airflow/.local/lib/python3.7/site-packages/airflow/example_dags/example_latest_only_with_trigger.py took 0.048 seconds
[2022-09-20 23:44:46,404] {processor.py:153} INFO - Started process (PID=1296) to work on /home/airflow/.local/lib/python3.7/site-packages/airflow/example_dags/example_latest_only_with_trigger.py
[2022-09-20 23:44:46,406] {processor.py:641} INFO - Processing file /home/airflow/.local/lib/python3.7/site-packages/airflow/example_dags/example_latest_only_with_trigger.py for tasks to queue
[2022-09-20 23:44:46,408] {logging_mixin.py:115} INFO - [2022-09-20 23:44:46,408] {dagbag.py:507} INFO - Filling up the DagBag from /home/airflow/.local/lib/python3.7/site-packages/airflow/example_dags/example_latest_only_with_trigger.py
[2022-09-20 23:44:46,414] {processor.py:651} INFO - DAG(s) dict_keys(['latest_only_with_trigger']) retrieved from /home/airflow/.local/lib/python3.7/site-packages/airflow/example_dags/example_latest_only_with_trigger.py
[2022-09-20 23:44:46,435] {logging_mixin.py:115} INFO - [2022-09-20 23:44:46,435] {dag.py:2379} INFO - Sync 1 DAGs
[2022-09-20 23:44:46,450] {logging_mixin.py:115} INFO - [2022-09-20 23:44:46,450] {dag.py:2931} INFO - Setting next_dagrun for latest_only_with_trigger to 2022-09-20T19:44:46.450477+00:00, run_after=2022-09-20T23:44:46.450477+00:00
[2022-09-20 23:44:46,460] {processor.py:161} INFO - Processing /home/airflow/.local/lib/python3.7/site-packages/airflow/example_dags/example_latest_only_with_trigger.py took 0.059 seconds
[2022-09-20 23:45:16,740] {processor.py:153} INFO - Started process (PID=1357) to work on /home/airflow/.local/lib/python3.7/site-packages/airflow/example_dags/example_latest_only_with_trigger.py
[2022-09-20 23:45:16,741] {processor.py:641} INFO - Processing file /home/airflow/.local/lib/python3.7/site-packages/airflow/example_dags/example_latest_only_with_trigger.py for tasks to queue
[2022-09-20 23:45:16,742] {logging_mixin.py:115} INFO - [2022-09-20 23:45:16,742] {dagbag.py:507} INFO - Filling up the DagBag from /home/airflow/.local/lib/python3.7/site-packages/airflow/example_dags/example_latest_only_with_trigger.py
[2022-09-20 23:45:16,747] {processor.py:651} INFO - DAG(s) dict_keys(['latest_only_with_trigger']) retrieved from /home/airflow/.local/lib/python3.7/site-packages/airflow/example_dags/example_latest_only_with_trigger.py
[2022-09-20 23:45:16,765] {logging_mixin.py:115} INFO - [2022-09-20 23:45:16,765] {dag.py:2379} INFO - Sync 1 DAGs
[2022-09-20 23:45:16,779] {logging_mixin.py:115} INFO - [2022-09-20 23:45:16,779] {dag.py:2931} INFO - Setting next_dagrun for latest_only_with_trigger to 2022-09-20T19:45:16.779431+00:00, run_after=2022-09-20T23:45:16.779431+00:00
[2022-09-20 23:45:16,787] {processor.py:161} INFO - Processing /home/airflow/.local/lib/python3.7/site-packages/airflow/example_dags/example_latest_only_with_trigger.py took 0.050 seconds
[2022-09-20 23:45:47,478] {processor.py:153} INFO - Started process (PID=1419) to work on /home/airflow/.local/lib/python3.7/site-packages/airflow/example_dags/example_latest_only_with_trigger.py
[2022-09-20 23:45:47,479] {processor.py:641} INFO - Processing file /home/airflow/.local/lib/python3.7/site-packages/airflow/example_dags/example_latest_only_with_trigger.py for tasks to queue
[2022-09-20 23:45:47,480] {logging_mixin.py:115} INFO - [2022-09-20 23:45:47,480] {dagbag.py:507} INFO - Filling up the DagBag from /home/airflow/.local/lib/python3.7/site-packages/airflow/example_dags/example_latest_only_with_trigger.py
[2022-09-20 23:45:47,484] {processor.py:651} INFO - DAG(s) dict_keys(['latest_only_with_trigger']) retrieved from /home/airflow/.local/lib/python3.7/site-packages/airflow/example_dags/example_latest_only_with_trigger.py
[2022-09-20 23:45:47,502] {logging_mixin.py:115} INFO - [2022-09-20 23:45:47,502] {dag.py:2379} INFO - Sync 1 DAGs
[2022-09-20 23:45:47,516] {logging_mixin.py:115} INFO - [2022-09-20 23:45:47,516] {dag.py:2931} INFO - Setting next_dagrun for latest_only_with_trigger to 2022-09-20T19:45:47.515680+00:00, run_after=2022-09-20T23:45:47.515680+00:00
[2022-09-20 23:45:47,526] {processor.py:161} INFO - Processing /home/airflow/.local/lib/python3.7/site-packages/airflow/example_dags/example_latest_only_with_trigger.py took 0.050 seconds
[2022-09-20 23:46:18,350] {processor.py:153} INFO - Started process (PID=1472) to work on /home/airflow/.local/lib/python3.7/site-packages/airflow/example_dags/example_latest_only_with_trigger.py
[2022-09-20 23:46:18,351] {processor.py:641} INFO - Processing file /home/airflow/.local/lib/python3.7/site-packages/airflow/example_dags/example_latest_only_with_trigger.py for tasks to queue
[2022-09-20 23:46:18,352] {logging_mixin.py:115} INFO - [2022-09-20 23:46:18,352] {dagbag.py:507} INFO - Filling up the DagBag from /home/airflow/.local/lib/python3.7/site-packages/airflow/example_dags/example_latest_only_with_trigger.py
[2022-09-20 23:46:18,358] {processor.py:651} INFO - DAG(s) dict_keys(['latest_only_with_trigger']) retrieved from /home/airflow/.local/lib/python3.7/site-packages/airflow/example_dags/example_latest_only_with_trigger.py
[2022-09-20 23:46:18,379] {logging_mixin.py:115} INFO - [2022-09-20 23:46:18,378] {dag.py:2379} INFO - Sync 1 DAGs
[2022-09-20 23:46:18,392] {logging_mixin.py:115} INFO - [2022-09-20 23:46:18,392] {dag.py:2931} INFO - Setting next_dagrun for latest_only_with_trigger to 2022-09-20T19:46:18.391860+00:00, run_after=2022-09-20T23:46:18.391860+00:00
[2022-09-20 23:46:18,401] {processor.py:161} INFO - Processing /home/airflow/.local/lib/python3.7/site-packages/airflow/example_dags/example_latest_only_with_trigger.py took 0.054 seconds
[2022-09-20 23:46:49,101] {processor.py:153} INFO - Started process (PID=1534) to work on /home/airflow/.local/lib/python3.7/site-packages/airflow/example_dags/example_latest_only_with_trigger.py
[2022-09-20 23:46:49,102] {processor.py:641} INFO - Processing file /home/airflow/.local/lib/python3.7/site-packages/airflow/example_dags/example_latest_only_with_trigger.py for tasks to queue
[2022-09-20 23:46:49,103] {logging_mixin.py:115} INFO - [2022-09-20 23:46:49,103] {dagbag.py:507} INFO - Filling up the DagBag from /home/airflow/.local/lib/python3.7/site-packages/airflow/example_dags/example_latest_only_with_trigger.py
[2022-09-20 23:46:49,107] {processor.py:651} INFO - DAG(s) dict_keys(['latest_only_with_trigger']) retrieved from /home/airflow/.local/lib/python3.7/site-packages/airflow/example_dags/example_latest_only_with_trigger.py
[2022-09-20 23:46:49,125] {logging_mixin.py:115} INFO - [2022-09-20 23:46:49,125] {dag.py:2379} INFO - Sync 1 DAGs
[2022-09-20 23:46:49,139] {logging_mixin.py:115} INFO - [2022-09-20 23:46:49,139] {dag.py:2931} INFO - Setting next_dagrun for latest_only_with_trigger to 2022-09-20T19:46:49.139406+00:00, run_after=2022-09-20T23:46:49.139406+00:00
[2022-09-20 23:46:49,159] {processor.py:161} INFO - Processing /home/airflow/.local/lib/python3.7/site-packages/airflow/example_dags/example_latest_only_with_trigger.py took 0.060 seconds
[2022-09-20 23:47:19,861] {processor.py:153} INFO - Started process (PID=1596) to work on /home/airflow/.local/lib/python3.7/site-packages/airflow/example_dags/example_latest_only_with_trigger.py
[2022-09-20 23:47:19,862] {processor.py:641} INFO - Processing file /home/airflow/.local/lib/python3.7/site-packages/airflow/example_dags/example_latest_only_with_trigger.py for tasks to queue
[2022-09-20 23:47:19,863] {logging_mixin.py:115} INFO - [2022-09-20 23:47:19,863] {dagbag.py:507} INFO - Filling up the DagBag from /home/airflow/.local/lib/python3.7/site-packages/airflow/example_dags/example_latest_only_with_trigger.py
[2022-09-20 23:47:19,867] {processor.py:651} INFO - DAG(s) dict_keys(['latest_only_with_trigger']) retrieved from /home/airflow/.local/lib/python3.7/site-packages/airflow/example_dags/example_latest_only_with_trigger.py
[2022-09-20 23:47:19,886] {logging_mixin.py:115} INFO - [2022-09-20 23:47:19,886] {dag.py:2379} INFO - Sync 1 DAGs
[2022-09-20 23:47:19,900] {logging_mixin.py:115} INFO - [2022-09-20 23:47:19,900] {dag.py:2931} INFO - Setting next_dagrun for latest_only_with_trigger to 2022-09-20T19:47:19.900542+00:00, run_after=2022-09-20T23:47:19.900542+00:00
[2022-09-20 23:47:19,910] {processor.py:161} INFO - Processing /home/airflow/.local/lib/python3.7/site-packages/airflow/example_dags/example_latest_only_with_trigger.py took 0.052 seconds
[2022-09-20 23:47:50,709] {processor.py:153} INFO - Started process (PID=1656) to work on /home/airflow/.local/lib/python3.7/site-packages/airflow/example_dags/example_latest_only_with_trigger.py
[2022-09-20 23:47:50,710] {processor.py:641} INFO - Processing file /home/airflow/.local/lib/python3.7/site-packages/airflow/example_dags/example_latest_only_with_trigger.py for tasks to queue
[2022-09-20 23:47:50,712] {logging_mixin.py:115} INFO - [2022-09-20 23:47:50,712] {dagbag.py:507} INFO - Filling up the DagBag from /home/airflow/.local/lib/python3.7/site-packages/airflow/example_dags/example_latest_only_with_trigger.py
[2022-09-20 23:47:50,716] {processor.py:651} INFO - DAG(s) dict_keys(['latest_only_with_trigger']) retrieved from /home/airflow/.local/lib/python3.7/site-packages/airflow/example_dags/example_latest_only_with_trigger.py
[2022-09-20 23:47:50,735] {logging_mixin.py:115} INFO - [2022-09-20 23:47:50,735] {dag.py:2379} INFO - Sync 1 DAGs
[2022-09-20 23:47:50,750] {logging_mixin.py:115} INFO - [2022-09-20 23:47:50,750] {dag.py:2931} INFO - Setting next_dagrun for latest_only_with_trigger to 2022-09-20T19:47:50.749940+00:00, run_after=2022-09-20T23:47:50.749940+00:00
[2022-09-20 23:47:50,758] {processor.py:161} INFO - Processing /home/airflow/.local/lib/python3.7/site-packages/airflow/example_dags/example_latest_only_with_trigger.py took 0.051 seconds
[2022-09-20 23:48:21,470] {processor.py:153} INFO - Started process (PID=1718) to work on /home/airflow/.local/lib/python3.7/site-packages/airflow/example_dags/example_latest_only_with_trigger.py
[2022-09-20 23:48:21,471] {processor.py:641} INFO - Processing file /home/airflow/.local/lib/python3.7/site-packages/airflow/example_dags/example_latest_only_with_trigger.py for tasks to queue
[2022-09-20 23:48:21,473] {logging_mixin.py:115} INFO - [2022-09-20 23:48:21,473] {dagbag.py:507} INFO - Filling up the DagBag from /home/airflow/.local/lib/python3.7/site-packages/airflow/example_dags/example_latest_only_with_trigger.py
[2022-09-20 23:48:21,477] {processor.py:651} INFO - DAG(s) dict_keys(['latest_only_with_trigger']) retrieved from /home/airflow/.local/lib/python3.7/site-packages/airflow/example_dags/example_latest_only_with_trigger.py
[2022-09-20 23:48:21,496] {logging_mixin.py:115} INFO - [2022-09-20 23:48:21,496] {dag.py:2379} INFO - Sync 1 DAGs
[2022-09-20 23:48:21,510] {logging_mixin.py:115} INFO - [2022-09-20 23:48:21,510] {dag.py:2931} INFO - Setting next_dagrun for latest_only_with_trigger to 2022-09-20T19:48:21.509933+00:00, run_after=2022-09-20T23:48:21.509933+00:00
[2022-09-20 23:48:21,518] {processor.py:161} INFO - Processing /home/airflow/.local/lib/python3.7/site-packages/airflow/example_dags/example_latest_only_with_trigger.py took 0.051 seconds
[2022-09-20 23:48:51,683] {processor.py:153} INFO - Started process (PID=1781) to work on /home/airflow/.local/lib/python3.7/site-packages/airflow/example_dags/example_latest_only_with_trigger.py
[2022-09-20 23:48:51,684] {processor.py:641} INFO - Processing file /home/airflow/.local/lib/python3.7/site-packages/airflow/example_dags/example_latest_only_with_trigger.py for tasks to queue
[2022-09-20 23:48:51,686] {logging_mixin.py:115} INFO - [2022-09-20 23:48:51,686] {dagbag.py:507} INFO - Filling up the DagBag from /home/airflow/.local/lib/python3.7/site-packages/airflow/example_dags/example_latest_only_with_trigger.py
[2022-09-20 23:48:51,690] {processor.py:651} INFO - DAG(s) dict_keys(['latest_only_with_trigger']) retrieved from /home/airflow/.local/lib/python3.7/site-packages/airflow/example_dags/example_latest_only_with_trigger.py
[2022-09-20 23:48:51,709] {logging_mixin.py:115} INFO - [2022-09-20 23:48:51,709] {dag.py:2379} INFO - Sync 1 DAGs
[2022-09-20 23:48:51,722] {logging_mixin.py:115} INFO - [2022-09-20 23:48:51,722] {dag.py:2931} INFO - Setting next_dagrun for latest_only_with_trigger to 2022-09-20T19:48:51.722263+00:00, run_after=2022-09-20T23:48:51.722263+00:00
[2022-09-20 23:48:51,730] {processor.py:161} INFO - Processing /home/airflow/.local/lib/python3.7/site-packages/airflow/example_dags/example_latest_only_with_trigger.py took 0.049 seconds
[2022-09-20 23:49:22,662] {processor.py:153} INFO - Started process (PID=1842) to work on /home/airflow/.local/lib/python3.7/site-packages/airflow/example_dags/example_latest_only_with_trigger.py
[2022-09-20 23:49:22,664] {processor.py:641} INFO - Processing file /home/airflow/.local/lib/python3.7/site-packages/airflow/example_dags/example_latest_only_with_trigger.py for tasks to queue
[2022-09-20 23:49:22,666] {logging_mixin.py:115} INFO - [2022-09-20 23:49:22,665] {dagbag.py:507} INFO - Filling up the DagBag from /home/airflow/.local/lib/python3.7/site-packages/airflow/example_dags/example_latest_only_with_trigger.py
[2022-09-20 23:49:22,670] {processor.py:651} INFO - DAG(s) dict_keys(['latest_only_with_trigger']) retrieved from /home/airflow/.local/lib/python3.7/site-packages/airflow/example_dags/example_latest_only_with_trigger.py
[2022-09-20 23:49:22,690] {logging_mixin.py:115} INFO - [2022-09-20 23:49:22,690] {dag.py:2379} INFO - Sync 1 DAGs
[2022-09-20 23:49:22,705] {logging_mixin.py:115} INFO - [2022-09-20 23:49:22,705] {dag.py:2931} INFO - Setting next_dagrun for latest_only_with_trigger to 2022-09-20T19:49:22.705110+00:00, run_after=2022-09-20T23:49:22.705110+00:00
[2022-09-20 23:49:22,716] {processor.py:161} INFO - Processing /home/airflow/.local/lib/python3.7/site-packages/airflow/example_dags/example_latest_only_with_trigger.py took 0.059 seconds
[2022-09-20 23:49:52,886] {processor.py:153} INFO - Started process (PID=1894) to work on /home/airflow/.local/lib/python3.7/site-packages/airflow/example_dags/example_latest_only_with_trigger.py
[2022-09-20 23:49:52,888] {processor.py:641} INFO - Processing file /home/airflow/.local/lib/python3.7/site-packages/airflow/example_dags/example_latest_only_with_trigger.py for tasks to queue
[2022-09-20 23:49:52,889] {logging_mixin.py:115} INFO - [2022-09-20 23:49:52,889] {dagbag.py:507} INFO - Filling up the DagBag from /home/airflow/.local/lib/python3.7/site-packages/airflow/example_dags/example_latest_only_with_trigger.py
[2022-09-20 23:49:52,893] {processor.py:651} INFO - DAG(s) dict_keys(['latest_only_with_trigger']) retrieved from /home/airflow/.local/lib/python3.7/site-packages/airflow/example_dags/example_latest_only_with_trigger.py
[2022-09-20 23:49:52,912] {logging_mixin.py:115} INFO - [2022-09-20 23:49:52,912] {dag.py:2379} INFO - Sync 1 DAGs
[2022-09-20 23:49:52,927] {logging_mixin.py:115} INFO - [2022-09-20 23:49:52,927] {dag.py:2931} INFO - Setting next_dagrun for latest_only_with_trigger to 2022-09-20T19:49:52.927528+00:00, run_after=2022-09-20T23:49:52.927528+00:00
[2022-09-20 23:49:52,935] {processor.py:161} INFO - Processing /home/airflow/.local/lib/python3.7/site-packages/airflow/example_dags/example_latest_only_with_trigger.py took 0.051 seconds
[2022-09-20 23:50:23,950] {processor.py:153} INFO - Started process (PID=1956) to work on /home/airflow/.local/lib/python3.7/site-packages/airflow/example_dags/example_latest_only_with_trigger.py
[2022-09-20 23:50:23,951] {processor.py:641} INFO - Processing file /home/airflow/.local/lib/python3.7/site-packages/airflow/example_dags/example_latest_only_with_trigger.py for tasks to queue
[2022-09-20 23:50:23,952] {logging_mixin.py:115} INFO - [2022-09-20 23:50:23,952] {dagbag.py:507} INFO - Filling up the DagBag from /home/airflow/.local/lib/python3.7/site-packages/airflow/example_dags/example_latest_only_with_trigger.py
[2022-09-20 23:50:23,957] {processor.py:651} INFO - DAG(s) dict_keys(['latest_only_with_trigger']) retrieved from /home/airflow/.local/lib/python3.7/site-packages/airflow/example_dags/example_latest_only_with_trigger.py
[2022-09-20 23:50:23,974] {logging_mixin.py:115} INFO - [2022-09-20 23:50:23,974] {dag.py:2379} INFO - Sync 1 DAGs
[2022-09-20 23:50:23,988] {logging_mixin.py:115} INFO - [2022-09-20 23:50:23,988] {dag.py:2931} INFO - Setting next_dagrun for latest_only_with_trigger to 2022-09-20T19:50:23.988074+00:00, run_after=2022-09-20T23:50:23.988074+00:00
[2022-09-20 23:50:23,997] {processor.py:161} INFO - Processing /home/airflow/.local/lib/python3.7/site-packages/airflow/example_dags/example_latest_only_with_trigger.py took 0.049 seconds
[2022-09-20 23:50:54,767] {processor.py:153} INFO - Started process (PID=2018) to work on /home/airflow/.local/lib/python3.7/site-packages/airflow/example_dags/example_latest_only_with_trigger.py
[2022-09-20 23:50:54,769] {processor.py:641} INFO - Processing file /home/airflow/.local/lib/python3.7/site-packages/airflow/example_dags/example_latest_only_with_trigger.py for tasks to queue
[2022-09-20 23:50:54,771] {logging_mixin.py:115} INFO - [2022-09-20 23:50:54,771] {dagbag.py:507} INFO - Filling up the DagBag from /home/airflow/.local/lib/python3.7/site-packages/airflow/example_dags/example_latest_only_with_trigger.py
[2022-09-20 23:50:54,775] {processor.py:651} INFO - DAG(s) dict_keys(['latest_only_with_trigger']) retrieved from /home/airflow/.local/lib/python3.7/site-packages/airflow/example_dags/example_latest_only_with_trigger.py
[2022-09-20 23:50:54,792] {logging_mixin.py:115} INFO - [2022-09-20 23:50:54,792] {dag.py:2379} INFO - Sync 1 DAGs
[2022-09-20 23:50:54,807] {logging_mixin.py:115} INFO - [2022-09-20 23:50:54,807] {dag.py:2931} INFO - Setting next_dagrun for latest_only_with_trigger to 2022-09-20T19:50:54.807265+00:00, run_after=2022-09-20T23:50:54.807265+00:00
[2022-09-20 23:50:54,815] {processor.py:161} INFO - Processing /home/airflow/.local/lib/python3.7/site-packages/airflow/example_dags/example_latest_only_with_trigger.py took 0.051 seconds
[2022-09-20 23:51:25,479] {processor.py:153} INFO - Started process (PID=2080) to work on /home/airflow/.local/lib/python3.7/site-packages/airflow/example_dags/example_latest_only_with_trigger.py
[2022-09-20 23:51:25,480] {processor.py:641} INFO - Processing file /home/airflow/.local/lib/python3.7/site-packages/airflow/example_dags/example_latest_only_with_trigger.py for tasks to queue
[2022-09-20 23:51:25,481] {logging_mixin.py:115} INFO - [2022-09-20 23:51:25,481] {dagbag.py:507} INFO - Filling up the DagBag from /home/airflow/.local/lib/python3.7/site-packages/airflow/example_dags/example_latest_only_with_trigger.py
[2022-09-20 23:51:25,486] {processor.py:651} INFO - DAG(s) dict_keys(['latest_only_with_trigger']) retrieved from /home/airflow/.local/lib/python3.7/site-packages/airflow/example_dags/example_latest_only_with_trigger.py
[2022-09-20 23:51:25,504] {logging_mixin.py:115} INFO - [2022-09-20 23:51:25,504] {dag.py:2379} INFO - Sync 1 DAGs
[2022-09-20 23:51:25,518] {logging_mixin.py:115} INFO - [2022-09-20 23:51:25,518] {dag.py:2931} INFO - Setting next_dagrun for latest_only_with_trigger to 2022-09-20T19:51:25.518290+00:00, run_after=2022-09-20T23:51:25.518290+00:00
[2022-09-20 23:51:25,528] {processor.py:161} INFO - Processing /home/airflow/.local/lib/python3.7/site-packages/airflow/example_dags/example_latest_only_with_trigger.py took 0.052 seconds
[2022-09-20 23:51:56,405] {processor.py:153} INFO - Started process (PID=2142) to work on /home/airflow/.local/lib/python3.7/site-packages/airflow/example_dags/example_latest_only_with_trigger.py
[2022-09-20 23:51:56,406] {processor.py:641} INFO - Processing file /home/airflow/.local/lib/python3.7/site-packages/airflow/example_dags/example_latest_only_with_trigger.py for tasks to queue
[2022-09-20 23:51:56,407] {logging_mixin.py:115} INFO - [2022-09-20 23:51:56,407] {dagbag.py:507} INFO - Filling up the DagBag from /home/airflow/.local/lib/python3.7/site-packages/airflow/example_dags/example_latest_only_with_trigger.py
[2022-09-20 23:51:56,412] {processor.py:651} INFO - DAG(s) dict_keys(['latest_only_with_trigger']) retrieved from /home/airflow/.local/lib/python3.7/site-packages/airflow/example_dags/example_latest_only_with_trigger.py
[2022-09-20 23:51:56,429] {logging_mixin.py:115} INFO - [2022-09-20 23:51:56,429] {dag.py:2379} INFO - Sync 1 DAGs
[2022-09-20 23:51:56,443] {logging_mixin.py:115} INFO - [2022-09-20 23:51:56,443] {dag.py:2931} INFO - Setting next_dagrun for latest_only_with_trigger to 2022-09-20T19:51:56.442893+00:00, run_after=2022-09-20T23:51:56.442893+00:00
[2022-09-20 23:51:56,452] {processor.py:161} INFO - Processing /home/airflow/.local/lib/python3.7/site-packages/airflow/example_dags/example_latest_only_with_trigger.py took 0.049 seconds
[2022-09-20 23:52:27,420] {processor.py:153} INFO - Started process (PID=2204) to work on /home/airflow/.local/lib/python3.7/site-packages/airflow/example_dags/example_latest_only_with_trigger.py
[2022-09-20 23:52:27,421] {processor.py:641} INFO - Processing file /home/airflow/.local/lib/python3.7/site-packages/airflow/example_dags/example_latest_only_with_trigger.py for tasks to queue
[2022-09-20 23:52:27,422] {logging_mixin.py:115} INFO - [2022-09-20 23:52:27,422] {dagbag.py:507} INFO - Filling up the DagBag from /home/airflow/.local/lib/python3.7/site-packages/airflow/example_dags/example_latest_only_with_trigger.py
[2022-09-20 23:52:27,427] {processor.py:651} INFO - DAG(s) dict_keys(['latest_only_with_trigger']) retrieved from /home/airflow/.local/lib/python3.7/site-packages/airflow/example_dags/example_latest_only_with_trigger.py
[2022-09-20 23:52:27,446] {logging_mixin.py:115} INFO - [2022-09-20 23:52:27,446] {dag.py:2379} INFO - Sync 1 DAGs
[2022-09-20 23:52:27,459] {logging_mixin.py:115} INFO - [2022-09-20 23:52:27,459] {dag.py:2931} INFO - Setting next_dagrun for latest_only_with_trigger to 2022-09-20T19:52:27.459704+00:00, run_after=2022-09-20T23:52:27.459704+00:00
[2022-09-20 23:52:27,468] {processor.py:161} INFO - Processing /home/airflow/.local/lib/python3.7/site-packages/airflow/example_dags/example_latest_only_with_trigger.py took 0.051 seconds
[2022-09-20 23:52:58,453] {processor.py:153} INFO - Started process (PID=2264) to work on /home/airflow/.local/lib/python3.7/site-packages/airflow/example_dags/example_latest_only_with_trigger.py
[2022-09-20 23:52:58,454] {processor.py:641} INFO - Processing file /home/airflow/.local/lib/python3.7/site-packages/airflow/example_dags/example_latest_only_with_trigger.py for tasks to queue
[2022-09-20 23:52:58,455] {logging_mixin.py:115} INFO - [2022-09-20 23:52:58,455] {dagbag.py:507} INFO - Filling up the DagBag from /home/airflow/.local/lib/python3.7/site-packages/airflow/example_dags/example_latest_only_with_trigger.py
[2022-09-20 23:52:58,460] {processor.py:651} INFO - DAG(s) dict_keys(['latest_only_with_trigger']) retrieved from /home/airflow/.local/lib/python3.7/site-packages/airflow/example_dags/example_latest_only_with_trigger.py
[2022-09-20 23:52:58,477] {logging_mixin.py:115} INFO - [2022-09-20 23:52:58,477] {dag.py:2379} INFO - Sync 1 DAGs
[2022-09-20 23:52:58,494] {logging_mixin.py:115} INFO - [2022-09-20 23:52:58,494] {dag.py:2931} INFO - Setting next_dagrun for latest_only_with_trigger to 2022-09-20T19:52:58.494689+00:00, run_after=2022-09-20T23:52:58.494689+00:00
[2022-09-20 23:52:58,504] {processor.py:161} INFO - Processing /home/airflow/.local/lib/python3.7/site-packages/airflow/example_dags/example_latest_only_with_trigger.py took 0.053 seconds
[2022-09-20 23:53:29,221] {processor.py:153} INFO - Started process (PID=2317) to work on /home/airflow/.local/lib/python3.7/site-packages/airflow/example_dags/example_latest_only_with_trigger.py
[2022-09-20 23:53:29,222] {processor.py:641} INFO - Processing file /home/airflow/.local/lib/python3.7/site-packages/airflow/example_dags/example_latest_only_with_trigger.py for tasks to queue
[2022-09-20 23:53:29,224] {logging_mixin.py:115} INFO - [2022-09-20 23:53:29,224] {dagbag.py:507} INFO - Filling up the DagBag from /home/airflow/.local/lib/python3.7/site-packages/airflow/example_dags/example_latest_only_with_trigger.py
[2022-09-20 23:53:29,229] {processor.py:651} INFO - DAG(s) dict_keys(['latest_only_with_trigger']) retrieved from /home/airflow/.local/lib/python3.7/site-packages/airflow/example_dags/example_latest_only_with_trigger.py
[2022-09-20 23:53:29,246] {logging_mixin.py:115} INFO - [2022-09-20 23:53:29,246] {dag.py:2379} INFO - Sync 1 DAGs
[2022-09-20 23:53:29,257] {logging_mixin.py:115} INFO - [2022-09-20 23:53:29,257] {dag.py:2931} INFO - Setting next_dagrun for latest_only_with_trigger to 2022-09-20T19:53:29.257621+00:00, run_after=2022-09-20T23:53:29.257621+00:00
[2022-09-20 23:53:29,264] {processor.py:161} INFO - Processing /home/airflow/.local/lib/python3.7/site-packages/airflow/example_dags/example_latest_only_with_trigger.py took 0.046 seconds
[2022-09-20 23:53:59,964] {processor.py:153} INFO - Started process (PID=2379) to work on /home/airflow/.local/lib/python3.7/site-packages/airflow/example_dags/example_latest_only_with_trigger.py
[2022-09-20 23:53:59,965] {processor.py:641} INFO - Processing file /home/airflow/.local/lib/python3.7/site-packages/airflow/example_dags/example_latest_only_with_trigger.py for tasks to queue
[2022-09-20 23:53:59,967] {logging_mixin.py:115} INFO - [2022-09-20 23:53:59,967] {dagbag.py:507} INFO - Filling up the DagBag from /home/airflow/.local/lib/python3.7/site-packages/airflow/example_dags/example_latest_only_with_trigger.py
[2022-09-20 23:53:59,971] {processor.py:651} INFO - DAG(s) dict_keys(['latest_only_with_trigger']) retrieved from /home/airflow/.local/lib/python3.7/site-packages/airflow/example_dags/example_latest_only_with_trigger.py
[2022-09-20 23:53:59,989] {logging_mixin.py:115} INFO - [2022-09-20 23:53:59,989] {dag.py:2379} INFO - Sync 1 DAGs
[2022-09-20 23:54:00,002] {logging_mixin.py:115} INFO - [2022-09-20 23:54:00,002] {dag.py:2931} INFO - Setting next_dagrun for latest_only_with_trigger to 2022-09-20T19:54:00.002118+00:00, run_after=2022-09-20T23:54:00.002118+00:00
[2022-09-20 23:54:00,011] {processor.py:161} INFO - Processing /home/airflow/.local/lib/python3.7/site-packages/airflow/example_dags/example_latest_only_with_trigger.py took 0.049 seconds
[2022-09-20 23:54:30,631] {processor.py:153} INFO - Started process (PID=2441) to work on /home/airflow/.local/lib/python3.7/site-packages/airflow/example_dags/example_latest_only_with_trigger.py
[2022-09-20 23:54:30,632] {processor.py:641} INFO - Processing file /home/airflow/.local/lib/python3.7/site-packages/airflow/example_dags/example_latest_only_with_trigger.py for tasks to queue
[2022-09-20 23:54:30,633] {logging_mixin.py:115} INFO - [2022-09-20 23:54:30,633] {dagbag.py:507} INFO - Filling up the DagBag from /home/airflow/.local/lib/python3.7/site-packages/airflow/example_dags/example_latest_only_with_trigger.py
[2022-09-20 23:54:30,638] {processor.py:651} INFO - DAG(s) dict_keys(['latest_only_with_trigger']) retrieved from /home/airflow/.local/lib/python3.7/site-packages/airflow/example_dags/example_latest_only_with_trigger.py
[2022-09-20 23:54:30,656] {logging_mixin.py:115} INFO - [2022-09-20 23:54:30,656] {dag.py:2379} INFO - Sync 1 DAGs
[2022-09-20 23:54:30,668] {logging_mixin.py:115} INFO - [2022-09-20 23:54:30,668] {dag.py:2931} INFO - Setting next_dagrun for latest_only_with_trigger to 2022-09-20T19:54:30.668426+00:00, run_after=2022-09-20T23:54:30.668426+00:00
[2022-09-20 23:54:30,676] {processor.py:161} INFO - Processing /home/airflow/.local/lib/python3.7/site-packages/airflow/example_dags/example_latest_only_with_trigger.py took 0.047 seconds
[2022-09-20 23:55:01,376] {processor.py:153} INFO - Started process (PID=2502) to work on /home/airflow/.local/lib/python3.7/site-packages/airflow/example_dags/example_latest_only_with_trigger.py
[2022-09-20 23:55:01,377] {processor.py:641} INFO - Processing file /home/airflow/.local/lib/python3.7/site-packages/airflow/example_dags/example_latest_only_with_trigger.py for tasks to queue
[2022-09-20 23:55:01,378] {logging_mixin.py:115} INFO - [2022-09-20 23:55:01,378] {dagbag.py:507} INFO - Filling up the DagBag from /home/airflow/.local/lib/python3.7/site-packages/airflow/example_dags/example_latest_only_with_trigger.py
[2022-09-20 23:55:01,383] {processor.py:651} INFO - DAG(s) dict_keys(['latest_only_with_trigger']) retrieved from /home/airflow/.local/lib/python3.7/site-packages/airflow/example_dags/example_latest_only_with_trigger.py
[2022-09-20 23:55:01,400] {logging_mixin.py:115} INFO - [2022-09-20 23:55:01,400] {dag.py:2379} INFO - Sync 1 DAGs
[2022-09-20 23:55:01,415] {logging_mixin.py:115} INFO - [2022-09-20 23:55:01,415] {dag.py:2931} INFO - Setting next_dagrun for latest_only_with_trigger to 2022-09-20T19:55:01.414882+00:00, run_after=2022-09-20T23:55:01.414882+00:00
[2022-09-20 23:55:01,423] {processor.py:161} INFO - Processing /home/airflow/.local/lib/python3.7/site-packages/airflow/example_dags/example_latest_only_with_trigger.py took 0.049 seconds
[2022-09-20 23:55:32,387] {processor.py:153} INFO - Started process (PID=2564) to work on /home/airflow/.local/lib/python3.7/site-packages/airflow/example_dags/example_latest_only_with_trigger.py
[2022-09-20 23:55:32,388] {processor.py:641} INFO - Processing file /home/airflow/.local/lib/python3.7/site-packages/airflow/example_dags/example_latest_only_with_trigger.py for tasks to queue
[2022-09-20 23:55:32,389] {logging_mixin.py:115} INFO - [2022-09-20 23:55:32,389] {dagbag.py:507} INFO - Filling up the DagBag from /home/airflow/.local/lib/python3.7/site-packages/airflow/example_dags/example_latest_only_with_trigger.py
[2022-09-20 23:55:32,393] {processor.py:651} INFO - DAG(s) dict_keys(['latest_only_with_trigger']) retrieved from /home/airflow/.local/lib/python3.7/site-packages/airflow/example_dags/example_latest_only_with_trigger.py
[2022-09-20 23:55:32,413] {logging_mixin.py:115} INFO - [2022-09-20 23:55:32,413] {dag.py:2379} INFO - Sync 1 DAGs
[2022-09-20 23:55:32,427] {logging_mixin.py:115} INFO - [2022-09-20 23:55:32,427] {dag.py:2931} INFO - Setting next_dagrun for latest_only_with_trigger to 2022-09-20T19:55:32.426845+00:00, run_after=2022-09-20T23:55:32.426845+00:00
[2022-09-20 23:55:32,436] {processor.py:161} INFO - Processing /home/airflow/.local/lib/python3.7/site-packages/airflow/example_dags/example_latest_only_with_trigger.py took 0.052 seconds
[2022-09-20 23:56:03,319] {processor.py:153} INFO - Started process (PID=2626) to work on /home/airflow/.local/lib/python3.7/site-packages/airflow/example_dags/example_latest_only_with_trigger.py
[2022-09-20 23:56:03,320] {processor.py:641} INFO - Processing file /home/airflow/.local/lib/python3.7/site-packages/airflow/example_dags/example_latest_only_with_trigger.py for tasks to queue
[2022-09-20 23:56:03,321] {logging_mixin.py:115} INFO - [2022-09-20 23:56:03,321] {dagbag.py:507} INFO - Filling up the DagBag from /home/airflow/.local/lib/python3.7/site-packages/airflow/example_dags/example_latest_only_with_trigger.py
[2022-09-20 23:56:03,325] {processor.py:651} INFO - DAG(s) dict_keys(['latest_only_with_trigger']) retrieved from /home/airflow/.local/lib/python3.7/site-packages/airflow/example_dags/example_latest_only_with_trigger.py
[2022-09-20 23:56:03,343] {logging_mixin.py:115} INFO - [2022-09-20 23:56:03,343] {dag.py:2379} INFO - Sync 1 DAGs
[2022-09-20 23:56:03,355] {logging_mixin.py:115} INFO - [2022-09-20 23:56:03,355] {dag.py:2931} INFO - Setting next_dagrun for latest_only_with_trigger to 2022-09-20T19:56:03.355569+00:00, run_after=2022-09-20T23:56:03.355569+00:00
[2022-09-20 23:56:03,363] {processor.py:161} INFO - Processing /home/airflow/.local/lib/python3.7/site-packages/airflow/example_dags/example_latest_only_with_trigger.py took 0.046 seconds
[2022-09-20 23:56:34,217] {processor.py:153} INFO - Started process (PID=2687) to work on /home/airflow/.local/lib/python3.7/site-packages/airflow/example_dags/example_latest_only_with_trigger.py
[2022-09-20 23:56:34,219] {processor.py:641} INFO - Processing file /home/airflow/.local/lib/python3.7/site-packages/airflow/example_dags/example_latest_only_with_trigger.py for tasks to queue
[2022-09-20 23:56:34,220] {logging_mixin.py:115} INFO - [2022-09-20 23:56:34,220] {dagbag.py:507} INFO - Filling up the DagBag from /home/airflow/.local/lib/python3.7/site-packages/airflow/example_dags/example_latest_only_with_trigger.py
[2022-09-20 23:56:34,224] {processor.py:651} INFO - DAG(s) dict_keys(['latest_only_with_trigger']) retrieved from /home/airflow/.local/lib/python3.7/site-packages/airflow/example_dags/example_latest_only_with_trigger.py
[2022-09-20 23:56:34,241] {logging_mixin.py:115} INFO - [2022-09-20 23:56:34,241] {dag.py:2379} INFO - Sync 1 DAGs
[2022-09-20 23:56:34,254] {logging_mixin.py:115} INFO - [2022-09-20 23:56:34,254] {dag.py:2931} INFO - Setting next_dagrun for latest_only_with_trigger to 2022-09-20T19:56:34.254590+00:00, run_after=2022-09-20T23:56:34.254590+00:00
[2022-09-20 23:56:34,263] {processor.py:161} INFO - Processing /home/airflow/.local/lib/python3.7/site-packages/airflow/example_dags/example_latest_only_with_trigger.py took 0.047 seconds
[2022-09-20 23:57:04,473] {processor.py:153} INFO - Started process (PID=2740) to work on /home/airflow/.local/lib/python3.7/site-packages/airflow/example_dags/example_latest_only_with_trigger.py
[2022-09-20 23:57:04,475] {processor.py:641} INFO - Processing file /home/airflow/.local/lib/python3.7/site-packages/airflow/example_dags/example_latest_only_with_trigger.py for tasks to queue
[2022-09-20 23:57:04,476] {logging_mixin.py:115} INFO - [2022-09-20 23:57:04,476] {dagbag.py:507} INFO - Filling up the DagBag from /home/airflow/.local/lib/python3.7/site-packages/airflow/example_dags/example_latest_only_with_trigger.py
[2022-09-20 23:57:04,480] {processor.py:651} INFO - DAG(s) dict_keys(['latest_only_with_trigger']) retrieved from /home/airflow/.local/lib/python3.7/site-packages/airflow/example_dags/example_latest_only_with_trigger.py
[2022-09-20 23:57:04,499] {logging_mixin.py:115} INFO - [2022-09-20 23:57:04,499] {dag.py:2379} INFO - Sync 1 DAGs
[2022-09-20 23:57:04,512] {logging_mixin.py:115} INFO - [2022-09-20 23:57:04,512] {dag.py:2931} INFO - Setting next_dagrun for latest_only_with_trigger to 2022-09-20T19:57:04.512729+00:00, run_after=2022-09-20T23:57:04.512729+00:00
[2022-09-20 23:57:04,521] {processor.py:161} INFO - Processing /home/airflow/.local/lib/python3.7/site-packages/airflow/example_dags/example_latest_only_with_trigger.py took 0.050 seconds
[2022-09-20 23:57:34,713] {processor.py:153} INFO - Started process (PID=2802) to work on /home/airflow/.local/lib/python3.7/site-packages/airflow/example_dags/example_latest_only_with_trigger.py
[2022-09-20 23:57:34,715] {processor.py:641} INFO - Processing file /home/airflow/.local/lib/python3.7/site-packages/airflow/example_dags/example_latest_only_with_trigger.py for tasks to queue
[2022-09-20 23:57:34,716] {logging_mixin.py:115} INFO - [2022-09-20 23:57:34,716] {dagbag.py:507} INFO - Filling up the DagBag from /home/airflow/.local/lib/python3.7/site-packages/airflow/example_dags/example_latest_only_with_trigger.py
[2022-09-20 23:57:34,720] {processor.py:651} INFO - DAG(s) dict_keys(['latest_only_with_trigger']) retrieved from /home/airflow/.local/lib/python3.7/site-packages/airflow/example_dags/example_latest_only_with_trigger.py
[2022-09-20 23:57:34,744] {logging_mixin.py:115} INFO - [2022-09-20 23:57:34,744] {dag.py:2379} INFO - Sync 1 DAGs
[2022-09-20 23:57:34,761] {logging_mixin.py:115} INFO - [2022-09-20 23:57:34,761] {dag.py:2931} INFO - Setting next_dagrun for latest_only_with_trigger to 2022-09-20T19:57:34.761274+00:00, run_after=2022-09-20T23:57:34.761274+00:00
[2022-09-20 23:57:34,770] {processor.py:161} INFO - Processing /home/airflow/.local/lib/python3.7/site-packages/airflow/example_dags/example_latest_only_with_trigger.py took 0.060 seconds
[2022-09-20 23:58:05,018] {processor.py:153} INFO - Started process (PID=2866) to work on /home/airflow/.local/lib/python3.7/site-packages/airflow/example_dags/example_latest_only_with_trigger.py
[2022-09-20 23:58:05,019] {processor.py:641} INFO - Processing file /home/airflow/.local/lib/python3.7/site-packages/airflow/example_dags/example_latest_only_with_trigger.py for tasks to queue
[2022-09-20 23:58:05,021] {logging_mixin.py:115} INFO - [2022-09-20 23:58:05,021] {dagbag.py:507} INFO - Filling up the DagBag from /home/airflow/.local/lib/python3.7/site-packages/airflow/example_dags/example_latest_only_with_trigger.py
[2022-09-20 23:58:05,026] {processor.py:651} INFO - DAG(s) dict_keys(['latest_only_with_trigger']) retrieved from /home/airflow/.local/lib/python3.7/site-packages/airflow/example_dags/example_latest_only_with_trigger.py
[2022-09-20 23:58:05,046] {logging_mixin.py:115} INFO - [2022-09-20 23:58:05,045] {dag.py:2379} INFO - Sync 1 DAGs
[2022-09-20 23:58:05,060] {logging_mixin.py:115} INFO - [2022-09-20 23:58:05,060] {dag.py:2931} INFO - Setting next_dagrun for latest_only_with_trigger to 2022-09-20T19:58:05.060221+00:00, run_after=2022-09-20T23:58:05.060221+00:00
[2022-09-20 23:58:05,070] {processor.py:161} INFO - Processing /home/airflow/.local/lib/python3.7/site-packages/airflow/example_dags/example_latest_only_with_trigger.py took 0.055 seconds
[2022-09-20 23:58:35,194] {processor.py:153} INFO - Started process (PID=2928) to work on /home/airflow/.local/lib/python3.7/site-packages/airflow/example_dags/example_latest_only_with_trigger.py
[2022-09-20 23:58:35,195] {processor.py:641} INFO - Processing file /home/airflow/.local/lib/python3.7/site-packages/airflow/example_dags/example_latest_only_with_trigger.py for tasks to queue
[2022-09-20 23:58:35,196] {logging_mixin.py:115} INFO - [2022-09-20 23:58:35,196] {dagbag.py:507} INFO - Filling up the DagBag from /home/airflow/.local/lib/python3.7/site-packages/airflow/example_dags/example_latest_only_with_trigger.py
[2022-09-20 23:58:35,202] {processor.py:651} INFO - DAG(s) dict_keys(['latest_only_with_trigger']) retrieved from /home/airflow/.local/lib/python3.7/site-packages/airflow/example_dags/example_latest_only_with_trigger.py
[2022-09-20 23:58:35,222] {logging_mixin.py:115} INFO - [2022-09-20 23:58:35,221] {dag.py:2379} INFO - Sync 1 DAGs
[2022-09-20 23:58:35,236] {logging_mixin.py:115} INFO - [2022-09-20 23:58:35,236] {dag.py:2931} INFO - Setting next_dagrun for latest_only_with_trigger to 2022-09-20T19:58:35.236341+00:00, run_after=2022-09-20T23:58:35.236341+00:00
[2022-09-20 23:58:35,244] {processor.py:161} INFO - Processing /home/airflow/.local/lib/python3.7/site-packages/airflow/example_dags/example_latest_only_with_trigger.py took 0.053 seconds
[2022-09-20 23:59:05,360] {processor.py:153} INFO - Started process (PID=2988) to work on /home/airflow/.local/lib/python3.7/site-packages/airflow/example_dags/example_latest_only_with_trigger.py
[2022-09-20 23:59:05,361] {processor.py:641} INFO - Processing file /home/airflow/.local/lib/python3.7/site-packages/airflow/example_dags/example_latest_only_with_trigger.py for tasks to queue
[2022-09-20 23:59:05,363] {logging_mixin.py:115} INFO - [2022-09-20 23:59:05,363] {dagbag.py:507} INFO - Filling up the DagBag from /home/airflow/.local/lib/python3.7/site-packages/airflow/example_dags/example_latest_only_with_trigger.py
[2022-09-20 23:59:05,367] {processor.py:651} INFO - DAG(s) dict_keys(['latest_only_with_trigger']) retrieved from /home/airflow/.local/lib/python3.7/site-packages/airflow/example_dags/example_latest_only_with_trigger.py
[2022-09-20 23:59:05,385] {logging_mixin.py:115} INFO - [2022-09-20 23:59:05,384] {dag.py:2379} INFO - Sync 1 DAGs
[2022-09-20 23:59:05,405] {logging_mixin.py:115} INFO - [2022-09-20 23:59:05,404] {dag.py:2931} INFO - Setting next_dagrun for latest_only_with_trigger to 2022-09-20T19:59:05.404798+00:00, run_after=2022-09-20T23:59:05.404798+00:00
[2022-09-20 23:59:05,416] {processor.py:161} INFO - Processing /home/airflow/.local/lib/python3.7/site-packages/airflow/example_dags/example_latest_only_with_trigger.py took 0.062 seconds
[2022-09-20 23:59:35,504] {processor.py:153} INFO - Started process (PID=3041) to work on /home/airflow/.local/lib/python3.7/site-packages/airflow/example_dags/example_latest_only_with_trigger.py
[2022-09-20 23:59:35,505] {processor.py:641} INFO - Processing file /home/airflow/.local/lib/python3.7/site-packages/airflow/example_dags/example_latest_only_with_trigger.py for tasks to queue
[2022-09-20 23:59:35,506] {logging_mixin.py:115} INFO - [2022-09-20 23:59:35,506] {dagbag.py:507} INFO - Filling up the DagBag from /home/airflow/.local/lib/python3.7/site-packages/airflow/example_dags/example_latest_only_with_trigger.py
[2022-09-20 23:59:35,512] {processor.py:651} INFO - DAG(s) dict_keys(['latest_only_with_trigger']) retrieved from /home/airflow/.local/lib/python3.7/site-packages/airflow/example_dags/example_latest_only_with_trigger.py
[2022-09-20 23:59:35,531] {logging_mixin.py:115} INFO - [2022-09-20 23:59:35,531] {dag.py:2379} INFO - Sync 1 DAGs
[2022-09-20 23:59:35,545] {logging_mixin.py:115} INFO - [2022-09-20 23:59:35,545] {dag.py:2931} INFO - Setting next_dagrun for latest_only_with_trigger to 2022-09-20T19:59:35.544880+00:00, run_after=2022-09-20T23:59:35.544880+00:00
[2022-09-20 23:59:35,553] {processor.py:161} INFO - Processing /home/airflow/.local/lib/python3.7/site-packages/airflow/example_dags/example_latest_only_with_trigger.py took 0.051 seconds
