[2022-09-20 23:34:36,873] {processor.py:153} INFO - Started process (PID=44) to work on /home/airflow/.local/lib/python3.7/site-packages/airflow/example_dags/example_branch_labels.py
[2022-09-20 23:34:36,875] {processor.py:641} INFO - Processing file /home/airflow/.local/lib/python3.7/site-packages/airflow/example_dags/example_branch_labels.py for tasks to queue
[2022-09-20 23:34:36,877] {logging_mixin.py:115} INFO - [2022-09-20 23:34:36,877] {dagbag.py:507} INFO - Filling up the DagBag from /home/airflow/.local/lib/python3.7/site-packages/airflow/example_dags/example_branch_labels.py
[2022-09-20 23:34:36,896] {processor.py:651} INFO - DAG(s) dict_keys(['example_branch_labels']) retrieved from /home/airflow/.local/lib/python3.7/site-packages/airflow/example_dags/example_branch_labels.py
[2022-09-20 23:34:36,933] {logging_mixin.py:115} INFO - [2022-09-20 23:34:36,933] {dag.py:2379} INFO - Sync 1 DAGs
[2022-09-20 23:34:36,953] {logging_mixin.py:115} INFO - [2022-09-20 23:34:36,953] {dag.py:2931} INFO - Setting next_dagrun for example_branch_labels to 2022-09-19T00:00:00+00:00, run_after=2022-09-20T00:00:00+00:00
[2022-09-20 23:34:36,966] {processor.py:161} INFO - Processing /home/airflow/.local/lib/python3.7/site-packages/airflow/example_dags/example_branch_labels.py took 0.095 seconds
[2022-09-20 23:35:07,417] {processor.py:153} INFO - Started process (PID=105) to work on /home/airflow/.local/lib/python3.7/site-packages/airflow/example_dags/example_branch_labels.py
[2022-09-20 23:35:07,418] {processor.py:641} INFO - Processing file /home/airflow/.local/lib/python3.7/site-packages/airflow/example_dags/example_branch_labels.py for tasks to queue
[2022-09-20 23:35:07,419] {logging_mixin.py:115} INFO - [2022-09-20 23:35:07,419] {dagbag.py:507} INFO - Filling up the DagBag from /home/airflow/.local/lib/python3.7/site-packages/airflow/example_dags/example_branch_labels.py
[2022-09-20 23:35:07,427] {processor.py:651} INFO - DAG(s) dict_keys(['example_branch_labels']) retrieved from /home/airflow/.local/lib/python3.7/site-packages/airflow/example_dags/example_branch_labels.py
[2022-09-20 23:35:07,448] {logging_mixin.py:115} INFO - [2022-09-20 23:35:07,448] {dag.py:2379} INFO - Sync 1 DAGs
[2022-09-20 23:35:07,463] {logging_mixin.py:115} INFO - [2022-09-20 23:35:07,463] {dag.py:2931} INFO - Setting next_dagrun for example_branch_labels to 2022-09-19T00:00:00+00:00, run_after=2022-09-20T00:00:00+00:00
[2022-09-20 23:35:07,470] {processor.py:161} INFO - Processing /home/airflow/.local/lib/python3.7/site-packages/airflow/example_dags/example_branch_labels.py took 0.055 seconds
[2022-09-20 23:35:37,778] {processor.py:153} INFO - Started process (PID=167) to work on /home/airflow/.local/lib/python3.7/site-packages/airflow/example_dags/example_branch_labels.py
[2022-09-20 23:35:37,779] {processor.py:641} INFO - Processing file /home/airflow/.local/lib/python3.7/site-packages/airflow/example_dags/example_branch_labels.py for tasks to queue
[2022-09-20 23:35:37,786] {logging_mixin.py:115} INFO - [2022-09-20 23:35:37,786] {dagbag.py:507} INFO - Filling up the DagBag from /home/airflow/.local/lib/python3.7/site-packages/airflow/example_dags/example_branch_labels.py
[2022-09-20 23:35:37,794] {processor.py:651} INFO - DAG(s) dict_keys(['example_branch_labels']) retrieved from /home/airflow/.local/lib/python3.7/site-packages/airflow/example_dags/example_branch_labels.py
[2022-09-20 23:35:37,815] {logging_mixin.py:115} INFO - [2022-09-20 23:35:37,815] {dag.py:2379} INFO - Sync 1 DAGs
[2022-09-20 23:35:37,831] {logging_mixin.py:115} INFO - [2022-09-20 23:35:37,831] {dag.py:2931} INFO - Setting next_dagrun for example_branch_labels to 2022-09-19T00:00:00+00:00, run_after=2022-09-20T00:00:00+00:00
[2022-09-20 23:35:37,840] {processor.py:161} INFO - Processing /home/airflow/.local/lib/python3.7/site-packages/airflow/example_dags/example_branch_labels.py took 0.065 seconds
[2022-09-20 23:36:08,323] {processor.py:153} INFO - Started process (PID=220) to work on /home/airflow/.local/lib/python3.7/site-packages/airflow/example_dags/example_branch_labels.py
[2022-09-20 23:36:08,325] {processor.py:641} INFO - Processing file /home/airflow/.local/lib/python3.7/site-packages/airflow/example_dags/example_branch_labels.py for tasks to queue
[2022-09-20 23:36:08,327] {logging_mixin.py:115} INFO - [2022-09-20 23:36:08,327] {dagbag.py:507} INFO - Filling up the DagBag from /home/airflow/.local/lib/python3.7/site-packages/airflow/example_dags/example_branch_labels.py
[2022-09-20 23:36:08,334] {processor.py:651} INFO - DAG(s) dict_keys(['example_branch_labels']) retrieved from /home/airflow/.local/lib/python3.7/site-packages/airflow/example_dags/example_branch_labels.py
[2022-09-20 23:36:08,351] {logging_mixin.py:115} INFO - [2022-09-20 23:36:08,351] {dag.py:2379} INFO - Sync 1 DAGs
[2022-09-20 23:36:08,365] {logging_mixin.py:115} INFO - [2022-09-20 23:36:08,364] {dag.py:2931} INFO - Setting next_dagrun for example_branch_labels to 2022-09-19T00:00:00+00:00, run_after=2022-09-20T00:00:00+00:00
[2022-09-20 23:36:08,371] {processor.py:161} INFO - Processing /home/airflow/.local/lib/python3.7/site-packages/airflow/example_dags/example_branch_labels.py took 0.050 seconds
[2022-09-20 23:36:38,597] {processor.py:153} INFO - Started process (PID=285) to work on /home/airflow/.local/lib/python3.7/site-packages/airflow/example_dags/example_branch_labels.py
[2022-09-20 23:36:38,598] {processor.py:641} INFO - Processing file /home/airflow/.local/lib/python3.7/site-packages/airflow/example_dags/example_branch_labels.py for tasks to queue
[2022-09-20 23:36:38,599] {logging_mixin.py:115} INFO - [2022-09-20 23:36:38,599] {dagbag.py:507} INFO - Filling up the DagBag from /home/airflow/.local/lib/python3.7/site-packages/airflow/example_dags/example_branch_labels.py
[2022-09-20 23:36:38,607] {processor.py:651} INFO - DAG(s) dict_keys(['example_branch_labels']) retrieved from /home/airflow/.local/lib/python3.7/site-packages/airflow/example_dags/example_branch_labels.py
[2022-09-20 23:36:38,625] {logging_mixin.py:115} INFO - [2022-09-20 23:36:38,625] {dag.py:2379} INFO - Sync 1 DAGs
[2022-09-20 23:36:38,646] {logging_mixin.py:115} INFO - [2022-09-20 23:36:38,646] {dag.py:2931} INFO - Setting next_dagrun for example_branch_labels to 2022-09-19T00:00:00+00:00, run_after=2022-09-20T00:00:00+00:00
[2022-09-20 23:36:38,654] {processor.py:161} INFO - Processing /home/airflow/.local/lib/python3.7/site-packages/airflow/example_dags/example_branch_labels.py took 0.059 seconds
[2022-09-20 23:37:08,802] {processor.py:153} INFO - Started process (PID=348) to work on /home/airflow/.local/lib/python3.7/site-packages/airflow/example_dags/example_branch_labels.py
[2022-09-20 23:37:08,803] {processor.py:641} INFO - Processing file /home/airflow/.local/lib/python3.7/site-packages/airflow/example_dags/example_branch_labels.py for tasks to queue
[2022-09-20 23:37:08,805] {logging_mixin.py:115} INFO - [2022-09-20 23:37:08,805] {dagbag.py:507} INFO - Filling up the DagBag from /home/airflow/.local/lib/python3.7/site-packages/airflow/example_dags/example_branch_labels.py
[2022-09-20 23:37:08,812] {processor.py:651} INFO - DAG(s) dict_keys(['example_branch_labels']) retrieved from /home/airflow/.local/lib/python3.7/site-packages/airflow/example_dags/example_branch_labels.py
[2022-09-20 23:37:08,827] {logging_mixin.py:115} INFO - [2022-09-20 23:37:08,827] {dag.py:2379} INFO - Sync 1 DAGs
[2022-09-20 23:37:08,843] {logging_mixin.py:115} INFO - [2022-09-20 23:37:08,842] {dag.py:2931} INFO - Setting next_dagrun for example_branch_labels to 2022-09-19T00:00:00+00:00, run_after=2022-09-20T00:00:00+00:00
[2022-09-20 23:37:08,850] {processor.py:161} INFO - Processing /home/airflow/.local/lib/python3.7/site-packages/airflow/example_dags/example_branch_labels.py took 0.050 seconds
[2022-09-20 23:37:39,359] {processor.py:153} INFO - Started process (PID=421) to work on /home/airflow/.local/lib/python3.7/site-packages/airflow/example_dags/example_branch_labels.py
[2022-09-20 23:37:39,360] {processor.py:641} INFO - Processing file /home/airflow/.local/lib/python3.7/site-packages/airflow/example_dags/example_branch_labels.py for tasks to queue
[2022-09-20 23:37:39,363] {logging_mixin.py:115} INFO - [2022-09-20 23:37:39,363] {dagbag.py:507} INFO - Filling up the DagBag from /home/airflow/.local/lib/python3.7/site-packages/airflow/example_dags/example_branch_labels.py
[2022-09-20 23:37:39,370] {processor.py:651} INFO - DAG(s) dict_keys(['example_branch_labels']) retrieved from /home/airflow/.local/lib/python3.7/site-packages/airflow/example_dags/example_branch_labels.py
[2022-09-20 23:37:39,394] {logging_mixin.py:115} INFO - [2022-09-20 23:37:39,394] {dag.py:2379} INFO - Sync 1 DAGs
[2022-09-20 23:37:39,422] {logging_mixin.py:115} INFO - [2022-09-20 23:37:39,422] {dag.py:2931} INFO - Setting next_dagrun for example_branch_labels to 2022-09-19T00:00:00+00:00, run_after=2022-09-20T00:00:00+00:00
[2022-09-20 23:37:39,432] {processor.py:161} INFO - Processing /home/airflow/.local/lib/python3.7/site-packages/airflow/example_dags/example_branch_labels.py took 0.075 seconds
[2022-09-20 23:38:09,670] {processor.py:153} INFO - Started process (PID=476) to work on /home/airflow/.local/lib/python3.7/site-packages/airflow/example_dags/example_branch_labels.py
[2022-09-20 23:38:09,671] {processor.py:641} INFO - Processing file /home/airflow/.local/lib/python3.7/site-packages/airflow/example_dags/example_branch_labels.py for tasks to queue
[2022-09-20 23:38:09,672] {logging_mixin.py:115} INFO - [2022-09-20 23:38:09,672] {dagbag.py:507} INFO - Filling up the DagBag from /home/airflow/.local/lib/python3.7/site-packages/airflow/example_dags/example_branch_labels.py
[2022-09-20 23:38:09,680] {processor.py:651} INFO - DAG(s) dict_keys(['example_branch_labels']) retrieved from /home/airflow/.local/lib/python3.7/site-packages/airflow/example_dags/example_branch_labels.py
[2022-09-20 23:38:09,699] {logging_mixin.py:115} INFO - [2022-09-20 23:38:09,699] {dag.py:2379} INFO - Sync 1 DAGs
[2022-09-20 23:38:09,714] {logging_mixin.py:115} INFO - [2022-09-20 23:38:09,714] {dag.py:2931} INFO - Setting next_dagrun for example_branch_labels to 2022-09-19T00:00:00+00:00, run_after=2022-09-20T00:00:00+00:00
[2022-09-20 23:38:09,723] {processor.py:161} INFO - Processing /home/airflow/.local/lib/python3.7/site-packages/airflow/example_dags/example_branch_labels.py took 0.055 seconds
[2022-09-20 23:38:40,342] {processor.py:153} INFO - Started process (PID=544) to work on /home/airflow/.local/lib/python3.7/site-packages/airflow/example_dags/example_branch_labels.py
[2022-09-20 23:38:40,344] {processor.py:641} INFO - Processing file /home/airflow/.local/lib/python3.7/site-packages/airflow/example_dags/example_branch_labels.py for tasks to queue
[2022-09-20 23:38:40,345] {logging_mixin.py:115} INFO - [2022-09-20 23:38:40,345] {dagbag.py:507} INFO - Filling up the DagBag from /home/airflow/.local/lib/python3.7/site-packages/airflow/example_dags/example_branch_labels.py
[2022-09-20 23:38:40,353] {processor.py:651} INFO - DAG(s) dict_keys(['example_branch_labels']) retrieved from /home/airflow/.local/lib/python3.7/site-packages/airflow/example_dags/example_branch_labels.py
[2022-09-20 23:38:40,372] {logging_mixin.py:115} INFO - [2022-09-20 23:38:40,372] {dag.py:2379} INFO - Sync 1 DAGs
[2022-09-20 23:38:40,388] {logging_mixin.py:115} INFO - [2022-09-20 23:38:40,388] {dag.py:2931} INFO - Setting next_dagrun for example_branch_labels to 2022-09-19T00:00:00+00:00, run_after=2022-09-20T00:00:00+00:00
[2022-09-20 23:38:40,396] {processor.py:161} INFO - Processing /home/airflow/.local/lib/python3.7/site-packages/airflow/example_dags/example_branch_labels.py took 0.056 seconds
[2022-09-20 23:39:10,469] {processor.py:153} INFO - Started process (PID=609) to work on /home/airflow/.local/lib/python3.7/site-packages/airflow/example_dags/example_branch_labels.py
[2022-09-20 23:39:10,470] {processor.py:641} INFO - Processing file /home/airflow/.local/lib/python3.7/site-packages/airflow/example_dags/example_branch_labels.py for tasks to queue
[2022-09-20 23:39:10,471] {logging_mixin.py:115} INFO - [2022-09-20 23:39:10,471] {dagbag.py:507} INFO - Filling up the DagBag from /home/airflow/.local/lib/python3.7/site-packages/airflow/example_dags/example_branch_labels.py
[2022-09-20 23:39:10,480] {processor.py:651} INFO - DAG(s) dict_keys(['example_branch_labels']) retrieved from /home/airflow/.local/lib/python3.7/site-packages/airflow/example_dags/example_branch_labels.py
[2022-09-20 23:39:10,498] {logging_mixin.py:115} INFO - [2022-09-20 23:39:10,498] {dag.py:2379} INFO - Sync 1 DAGs
[2022-09-20 23:39:10,512] {logging_mixin.py:115} INFO - [2022-09-20 23:39:10,512] {dag.py:2931} INFO - Setting next_dagrun for example_branch_labels to 2022-09-19T00:00:00+00:00, run_after=2022-09-20T00:00:00+00:00
[2022-09-20 23:39:10,522] {processor.py:161} INFO - Processing /home/airflow/.local/lib/python3.7/site-packages/airflow/example_dags/example_branch_labels.py took 0.056 seconds
[2022-09-20 23:39:40,819] {processor.py:153} INFO - Started process (PID=672) to work on /home/airflow/.local/lib/python3.7/site-packages/airflow/example_dags/example_branch_labels.py
[2022-09-20 23:39:40,821] {processor.py:641} INFO - Processing file /home/airflow/.local/lib/python3.7/site-packages/airflow/example_dags/example_branch_labels.py for tasks to queue
[2022-09-20 23:39:40,822] {logging_mixin.py:115} INFO - [2022-09-20 23:39:40,822] {dagbag.py:507} INFO - Filling up the DagBag from /home/airflow/.local/lib/python3.7/site-packages/airflow/example_dags/example_branch_labels.py
[2022-09-20 23:39:40,827] {processor.py:651} INFO - DAG(s) dict_keys(['example_branch_labels']) retrieved from /home/airflow/.local/lib/python3.7/site-packages/airflow/example_dags/example_branch_labels.py
[2022-09-20 23:39:40,845] {logging_mixin.py:115} INFO - [2022-09-20 23:39:40,845] {dag.py:2379} INFO - Sync 1 DAGs
[2022-09-20 23:39:40,859] {logging_mixin.py:115} INFO - [2022-09-20 23:39:40,859] {dag.py:2931} INFO - Setting next_dagrun for example_branch_labels to 2022-09-19T00:00:00+00:00, run_after=2022-09-20T00:00:00+00:00
[2022-09-20 23:39:40,866] {processor.py:161} INFO - Processing /home/airflow/.local/lib/python3.7/site-packages/airflow/example_dags/example_branch_labels.py took 0.049 seconds
[2022-09-20 23:40:11,068] {processor.py:153} INFO - Started process (PID=738) to work on /home/airflow/.local/lib/python3.7/site-packages/airflow/example_dags/example_branch_labels.py
[2022-09-20 23:40:11,076] {processor.py:641} INFO - Processing file /home/airflow/.local/lib/python3.7/site-packages/airflow/example_dags/example_branch_labels.py for tasks to queue
[2022-09-20 23:40:11,077] {logging_mixin.py:115} INFO - [2022-09-20 23:40:11,077] {dagbag.py:507} INFO - Filling up the DagBag from /home/airflow/.local/lib/python3.7/site-packages/airflow/example_dags/example_branch_labels.py
[2022-09-20 23:40:11,083] {processor.py:651} INFO - DAG(s) dict_keys(['example_branch_labels']) retrieved from /home/airflow/.local/lib/python3.7/site-packages/airflow/example_dags/example_branch_labels.py
[2022-09-20 23:40:11,107] {logging_mixin.py:115} INFO - [2022-09-20 23:40:11,107] {dag.py:2379} INFO - Sync 1 DAGs
[2022-09-20 23:40:11,121] {logging_mixin.py:115} INFO - [2022-09-20 23:40:11,121] {dag.py:2931} INFO - Setting next_dagrun for example_branch_labels to 2022-09-19T00:00:00+00:00, run_after=2022-09-20T00:00:00+00:00
[2022-09-20 23:40:11,129] {processor.py:161} INFO - Processing /home/airflow/.local/lib/python3.7/site-packages/airflow/example_dags/example_branch_labels.py took 0.063 seconds
[2022-09-20 23:40:41,236] {processor.py:153} INFO - Started process (PID=795) to work on /home/airflow/.local/lib/python3.7/site-packages/airflow/example_dags/example_branch_labels.py
[2022-09-20 23:40:41,238] {processor.py:641} INFO - Processing file /home/airflow/.local/lib/python3.7/site-packages/airflow/example_dags/example_branch_labels.py for tasks to queue
[2022-09-20 23:40:41,239] {logging_mixin.py:115} INFO - [2022-09-20 23:40:41,239] {dagbag.py:507} INFO - Filling up the DagBag from /home/airflow/.local/lib/python3.7/site-packages/airflow/example_dags/example_branch_labels.py
[2022-09-20 23:40:41,243] {processor.py:651} INFO - DAG(s) dict_keys(['example_branch_labels']) retrieved from /home/airflow/.local/lib/python3.7/site-packages/airflow/example_dags/example_branch_labels.py
[2022-09-20 23:40:41,261] {logging_mixin.py:115} INFO - [2022-09-20 23:40:41,261] {dag.py:2379} INFO - Sync 1 DAGs
[2022-09-20 23:40:41,275] {logging_mixin.py:115} INFO - [2022-09-20 23:40:41,275] {dag.py:2931} INFO - Setting next_dagrun for example_branch_labels to 2022-09-19T00:00:00+00:00, run_after=2022-09-20T00:00:00+00:00
[2022-09-20 23:40:41,283] {processor.py:161} INFO - Processing /home/airflow/.local/lib/python3.7/site-packages/airflow/example_dags/example_branch_labels.py took 0.049 seconds
[2022-09-20 23:41:12,219] {processor.py:153} INFO - Started process (PID=857) to work on /home/airflow/.local/lib/python3.7/site-packages/airflow/example_dags/example_branch_labels.py
[2022-09-20 23:41:12,220] {processor.py:641} INFO - Processing file /home/airflow/.local/lib/python3.7/site-packages/airflow/example_dags/example_branch_labels.py for tasks to queue
[2022-09-20 23:41:12,221] {logging_mixin.py:115} INFO - [2022-09-20 23:41:12,221] {dagbag.py:507} INFO - Filling up the DagBag from /home/airflow/.local/lib/python3.7/site-packages/airflow/example_dags/example_branch_labels.py
[2022-09-20 23:41:12,226] {processor.py:651} INFO - DAG(s) dict_keys(['example_branch_labels']) retrieved from /home/airflow/.local/lib/python3.7/site-packages/airflow/example_dags/example_branch_labels.py
[2022-09-20 23:41:12,245] {logging_mixin.py:115} INFO - [2022-09-20 23:41:12,245] {dag.py:2379} INFO - Sync 1 DAGs
[2022-09-20 23:41:12,259] {logging_mixin.py:115} INFO - [2022-09-20 23:41:12,259] {dag.py:2931} INFO - Setting next_dagrun for example_branch_labels to 2022-09-19T00:00:00+00:00, run_after=2022-09-20T00:00:00+00:00
[2022-09-20 23:41:12,268] {processor.py:161} INFO - Processing /home/airflow/.local/lib/python3.7/site-packages/airflow/example_dags/example_branch_labels.py took 0.050 seconds
[2022-09-20 23:41:42,468] {processor.py:153} INFO - Started process (PID=930) to work on /home/airflow/.local/lib/python3.7/site-packages/airflow/example_dags/example_branch_labels.py
[2022-09-20 23:41:42,469] {processor.py:641} INFO - Processing file /home/airflow/.local/lib/python3.7/site-packages/airflow/example_dags/example_branch_labels.py for tasks to queue
[2022-09-20 23:41:42,470] {logging_mixin.py:115} INFO - [2022-09-20 23:41:42,470] {dagbag.py:507} INFO - Filling up the DagBag from /home/airflow/.local/lib/python3.7/site-packages/airflow/example_dags/example_branch_labels.py
[2022-09-20 23:41:42,475] {processor.py:651} INFO - DAG(s) dict_keys(['example_branch_labels']) retrieved from /home/airflow/.local/lib/python3.7/site-packages/airflow/example_dags/example_branch_labels.py
[2022-09-20 23:41:42,493] {logging_mixin.py:115} INFO - [2022-09-20 23:41:42,493] {dag.py:2379} INFO - Sync 1 DAGs
[2022-09-20 23:41:42,506] {logging_mixin.py:115} INFO - [2022-09-20 23:41:42,506] {dag.py:2931} INFO - Setting next_dagrun for example_branch_labels to 2022-09-19T00:00:00+00:00, run_after=2022-09-20T00:00:00+00:00
[2022-09-20 23:41:42,513] {processor.py:161} INFO - Processing /home/airflow/.local/lib/python3.7/site-packages/airflow/example_dags/example_branch_labels.py took 0.048 seconds
[2022-09-20 23:42:12,541] {processor.py:153} INFO - Started process (PID=991) to work on /home/airflow/.local/lib/python3.7/site-packages/airflow/example_dags/example_branch_labels.py
[2022-09-20 23:42:12,542] {processor.py:641} INFO - Processing file /home/airflow/.local/lib/python3.7/site-packages/airflow/example_dags/example_branch_labels.py for tasks to queue
[2022-09-20 23:42:12,544] {logging_mixin.py:115} INFO - [2022-09-20 23:42:12,544] {dagbag.py:507} INFO - Filling up the DagBag from /home/airflow/.local/lib/python3.7/site-packages/airflow/example_dags/example_branch_labels.py
[2022-09-20 23:42:12,548] {processor.py:651} INFO - DAG(s) dict_keys(['example_branch_labels']) retrieved from /home/airflow/.local/lib/python3.7/site-packages/airflow/example_dags/example_branch_labels.py
[2022-09-20 23:42:12,566] {logging_mixin.py:115} INFO - [2022-09-20 23:42:12,566] {dag.py:2379} INFO - Sync 1 DAGs
[2022-09-20 23:42:12,581] {logging_mixin.py:115} INFO - [2022-09-20 23:42:12,581] {dag.py:2931} INFO - Setting next_dagrun for example_branch_labels to 2022-09-19T00:00:00+00:00, run_after=2022-09-20T00:00:00+00:00
[2022-09-20 23:42:12,587] {processor.py:161} INFO - Processing /home/airflow/.local/lib/python3.7/site-packages/airflow/example_dags/example_branch_labels.py took 0.048 seconds
[2022-09-20 23:42:42,833] {processor.py:153} INFO - Started process (PID=1052) to work on /home/airflow/.local/lib/python3.7/site-packages/airflow/example_dags/example_branch_labels.py
[2022-09-20 23:42:42,835] {processor.py:641} INFO - Processing file /home/airflow/.local/lib/python3.7/site-packages/airflow/example_dags/example_branch_labels.py for tasks to queue
[2022-09-20 23:42:42,837] {logging_mixin.py:115} INFO - [2022-09-20 23:42:42,837] {dagbag.py:507} INFO - Filling up the DagBag from /home/airflow/.local/lib/python3.7/site-packages/airflow/example_dags/example_branch_labels.py
[2022-09-20 23:42:42,841] {processor.py:651} INFO - DAG(s) dict_keys(['example_branch_labels']) retrieved from /home/airflow/.local/lib/python3.7/site-packages/airflow/example_dags/example_branch_labels.py
[2022-09-20 23:42:42,862] {logging_mixin.py:115} INFO - [2022-09-20 23:42:42,862] {dag.py:2379} INFO - Sync 1 DAGs
[2022-09-20 23:42:42,882] {logging_mixin.py:115} INFO - [2022-09-20 23:42:42,882] {dag.py:2931} INFO - Setting next_dagrun for example_branch_labels to 2022-09-19T00:00:00+00:00, run_after=2022-09-20T00:00:00+00:00
[2022-09-20 23:42:42,895] {processor.py:161} INFO - Processing /home/airflow/.local/lib/python3.7/site-packages/airflow/example_dags/example_branch_labels.py took 0.065 seconds
[2022-09-20 23:43:13,663] {processor.py:153} INFO - Started process (PID=1105) to work on /home/airflow/.local/lib/python3.7/site-packages/airflow/example_dags/example_branch_labels.py
[2022-09-20 23:43:13,666] {processor.py:641} INFO - Processing file /home/airflow/.local/lib/python3.7/site-packages/airflow/example_dags/example_branch_labels.py for tasks to queue
[2022-09-20 23:43:13,667] {logging_mixin.py:115} INFO - [2022-09-20 23:43:13,667] {dagbag.py:507} INFO - Filling up the DagBag from /home/airflow/.local/lib/python3.7/site-packages/airflow/example_dags/example_branch_labels.py
[2022-09-20 23:43:13,673] {processor.py:651} INFO - DAG(s) dict_keys(['example_branch_labels']) retrieved from /home/airflow/.local/lib/python3.7/site-packages/airflow/example_dags/example_branch_labels.py
[2022-09-20 23:43:13,696] {logging_mixin.py:115} INFO - [2022-09-20 23:43:13,696] {dag.py:2379} INFO - Sync 1 DAGs
[2022-09-20 23:43:13,713] {logging_mixin.py:115} INFO - [2022-09-20 23:43:13,713] {dag.py:2931} INFO - Setting next_dagrun for example_branch_labels to 2022-09-19T00:00:00+00:00, run_after=2022-09-20T00:00:00+00:00
[2022-09-20 23:43:13,725] {processor.py:161} INFO - Processing /home/airflow/.local/lib/python3.7/site-packages/airflow/example_dags/example_branch_labels.py took 0.064 seconds
[2022-09-20 23:43:44,454] {processor.py:153} INFO - Started process (PID=1167) to work on /home/airflow/.local/lib/python3.7/site-packages/airflow/example_dags/example_branch_labels.py
[2022-09-20 23:43:44,455] {processor.py:641} INFO - Processing file /home/airflow/.local/lib/python3.7/site-packages/airflow/example_dags/example_branch_labels.py for tasks to queue
[2022-09-20 23:43:44,456] {logging_mixin.py:115} INFO - [2022-09-20 23:43:44,456] {dagbag.py:507} INFO - Filling up the DagBag from /home/airflow/.local/lib/python3.7/site-packages/airflow/example_dags/example_branch_labels.py
[2022-09-20 23:43:44,463] {processor.py:651} INFO - DAG(s) dict_keys(['example_branch_labels']) retrieved from /home/airflow/.local/lib/python3.7/site-packages/airflow/example_dags/example_branch_labels.py
[2022-09-20 23:43:44,481] {logging_mixin.py:115} INFO - [2022-09-20 23:43:44,481] {dag.py:2379} INFO - Sync 1 DAGs
[2022-09-20 23:43:44,496] {logging_mixin.py:115} INFO - [2022-09-20 23:43:44,495] {dag.py:2931} INFO - Setting next_dagrun for example_branch_labels to 2022-09-19T00:00:00+00:00, run_after=2022-09-20T00:00:00+00:00
[2022-09-20 23:43:44,503] {processor.py:161} INFO - Processing /home/airflow/.local/lib/python3.7/site-packages/airflow/example_dags/example_branch_labels.py took 0.052 seconds
[2022-09-20 23:44:15,280] {processor.py:153} INFO - Started process (PID=1229) to work on /home/airflow/.local/lib/python3.7/site-packages/airflow/example_dags/example_branch_labels.py
[2022-09-20 23:44:15,281] {processor.py:641} INFO - Processing file /home/airflow/.local/lib/python3.7/site-packages/airflow/example_dags/example_branch_labels.py for tasks to queue
[2022-09-20 23:44:15,282] {logging_mixin.py:115} INFO - [2022-09-20 23:44:15,282] {dagbag.py:507} INFO - Filling up the DagBag from /home/airflow/.local/lib/python3.7/site-packages/airflow/example_dags/example_branch_labels.py
[2022-09-20 23:44:15,288] {processor.py:651} INFO - DAG(s) dict_keys(['example_branch_labels']) retrieved from /home/airflow/.local/lib/python3.7/site-packages/airflow/example_dags/example_branch_labels.py
[2022-09-20 23:44:15,307] {logging_mixin.py:115} INFO - [2022-09-20 23:44:15,307] {dag.py:2379} INFO - Sync 1 DAGs
[2022-09-20 23:44:15,321] {logging_mixin.py:115} INFO - [2022-09-20 23:44:15,321] {dag.py:2931} INFO - Setting next_dagrun for example_branch_labels to 2022-09-19T00:00:00+00:00, run_after=2022-09-20T00:00:00+00:00
[2022-09-20 23:44:15,328] {processor.py:161} INFO - Processing /home/airflow/.local/lib/python3.7/site-packages/airflow/example_dags/example_branch_labels.py took 0.050 seconds
[2022-09-20 23:44:46,114] {processor.py:153} INFO - Started process (PID=1291) to work on /home/airflow/.local/lib/python3.7/site-packages/airflow/example_dags/example_branch_labels.py
[2022-09-20 23:44:46,115] {processor.py:641} INFO - Processing file /home/airflow/.local/lib/python3.7/site-packages/airflow/example_dags/example_branch_labels.py for tasks to queue
[2022-09-20 23:44:46,117] {logging_mixin.py:115} INFO - [2022-09-20 23:44:46,117] {dagbag.py:507} INFO - Filling up the DagBag from /home/airflow/.local/lib/python3.7/site-packages/airflow/example_dags/example_branch_labels.py
[2022-09-20 23:44:46,123] {processor.py:651} INFO - DAG(s) dict_keys(['example_branch_labels']) retrieved from /home/airflow/.local/lib/python3.7/site-packages/airflow/example_dags/example_branch_labels.py
[2022-09-20 23:44:46,142] {logging_mixin.py:115} INFO - [2022-09-20 23:44:46,142] {dag.py:2379} INFO - Sync 1 DAGs
[2022-09-20 23:44:46,155] {logging_mixin.py:115} INFO - [2022-09-20 23:44:46,155] {dag.py:2931} INFO - Setting next_dagrun for example_branch_labels to 2022-09-19T00:00:00+00:00, run_after=2022-09-20T00:00:00+00:00
[2022-09-20 23:44:46,166] {processor.py:161} INFO - Processing /home/airflow/.local/lib/python3.7/site-packages/airflow/example_dags/example_branch_labels.py took 0.053 seconds
[2022-09-20 23:45:16,317] {processor.py:153} INFO - Started process (PID=1352) to work on /home/airflow/.local/lib/python3.7/site-packages/airflow/example_dags/example_branch_labels.py
[2022-09-20 23:45:16,318] {processor.py:641} INFO - Processing file /home/airflow/.local/lib/python3.7/site-packages/airflow/example_dags/example_branch_labels.py for tasks to queue
[2022-09-20 23:45:16,319] {logging_mixin.py:115} INFO - [2022-09-20 23:45:16,319] {dagbag.py:507} INFO - Filling up the DagBag from /home/airflow/.local/lib/python3.7/site-packages/airflow/example_dags/example_branch_labels.py
[2022-09-20 23:45:16,323] {processor.py:651} INFO - DAG(s) dict_keys(['example_branch_labels']) retrieved from /home/airflow/.local/lib/python3.7/site-packages/airflow/example_dags/example_branch_labels.py
[2022-09-20 23:45:16,340] {logging_mixin.py:115} INFO - [2022-09-20 23:45:16,340] {dag.py:2379} INFO - Sync 1 DAGs
[2022-09-20 23:45:16,353] {logging_mixin.py:115} INFO - [2022-09-20 23:45:16,353] {dag.py:2931} INFO - Setting next_dagrun for example_branch_labels to 2022-09-19T00:00:00+00:00, run_after=2022-09-20T00:00:00+00:00
[2022-09-20 23:45:16,361] {processor.py:161} INFO - Processing /home/airflow/.local/lib/python3.7/site-packages/airflow/example_dags/example_branch_labels.py took 0.046 seconds
[2022-09-20 23:45:47,222] {processor.py:153} INFO - Started process (PID=1414) to work on /home/airflow/.local/lib/python3.7/site-packages/airflow/example_dags/example_branch_labels.py
[2022-09-20 23:45:47,223] {processor.py:641} INFO - Processing file /home/airflow/.local/lib/python3.7/site-packages/airflow/example_dags/example_branch_labels.py for tasks to queue
[2022-09-20 23:45:47,225] {logging_mixin.py:115} INFO - [2022-09-20 23:45:47,225] {dagbag.py:507} INFO - Filling up the DagBag from /home/airflow/.local/lib/python3.7/site-packages/airflow/example_dags/example_branch_labels.py
[2022-09-20 23:45:47,229] {processor.py:651} INFO - DAG(s) dict_keys(['example_branch_labels']) retrieved from /home/airflow/.local/lib/python3.7/site-packages/airflow/example_dags/example_branch_labels.py
[2022-09-20 23:45:47,246] {logging_mixin.py:115} INFO - [2022-09-20 23:45:47,246] {dag.py:2379} INFO - Sync 1 DAGs
[2022-09-20 23:45:47,259] {logging_mixin.py:115} INFO - [2022-09-20 23:45:47,259] {dag.py:2931} INFO - Setting next_dagrun for example_branch_labels to 2022-09-19T00:00:00+00:00, run_after=2022-09-20T00:00:00+00:00
[2022-09-20 23:45:47,265] {processor.py:161} INFO - Processing /home/airflow/.local/lib/python3.7/site-packages/airflow/example_dags/example_branch_labels.py took 0.045 seconds
[2022-09-20 23:46:18,094] {processor.py:153} INFO - Started process (PID=1467) to work on /home/airflow/.local/lib/python3.7/site-packages/airflow/example_dags/example_branch_labels.py
[2022-09-20 23:46:18,095] {processor.py:641} INFO - Processing file /home/airflow/.local/lib/python3.7/site-packages/airflow/example_dags/example_branch_labels.py for tasks to queue
[2022-09-20 23:46:18,096] {logging_mixin.py:115} INFO - [2022-09-20 23:46:18,096] {dagbag.py:507} INFO - Filling up the DagBag from /home/airflow/.local/lib/python3.7/site-packages/airflow/example_dags/example_branch_labels.py
[2022-09-20 23:46:18,101] {processor.py:651} INFO - DAG(s) dict_keys(['example_branch_labels']) retrieved from /home/airflow/.local/lib/python3.7/site-packages/airflow/example_dags/example_branch_labels.py
[2022-09-20 23:46:18,119] {logging_mixin.py:115} INFO - [2022-09-20 23:46:18,119] {dag.py:2379} INFO - Sync 1 DAGs
[2022-09-20 23:46:18,131] {logging_mixin.py:115} INFO - [2022-09-20 23:46:18,131] {dag.py:2931} INFO - Setting next_dagrun for example_branch_labels to 2022-09-19T00:00:00+00:00, run_after=2022-09-20T00:00:00+00:00
[2022-09-20 23:46:18,139] {processor.py:161} INFO - Processing /home/airflow/.local/lib/python3.7/site-packages/airflow/example_dags/example_branch_labels.py took 0.047 seconds
[2022-09-20 23:46:48,888] {processor.py:153} INFO - Started process (PID=1529) to work on /home/airflow/.local/lib/python3.7/site-packages/airflow/example_dags/example_branch_labels.py
[2022-09-20 23:46:48,889] {processor.py:641} INFO - Processing file /home/airflow/.local/lib/python3.7/site-packages/airflow/example_dags/example_branch_labels.py for tasks to queue
[2022-09-20 23:46:48,890] {logging_mixin.py:115} INFO - [2022-09-20 23:46:48,890] {dagbag.py:507} INFO - Filling up the DagBag from /home/airflow/.local/lib/python3.7/site-packages/airflow/example_dags/example_branch_labels.py
[2022-09-20 23:46:48,895] {processor.py:651} INFO - DAG(s) dict_keys(['example_branch_labels']) retrieved from /home/airflow/.local/lib/python3.7/site-packages/airflow/example_dags/example_branch_labels.py
[2022-09-20 23:46:48,913] {logging_mixin.py:115} INFO - [2022-09-20 23:46:48,913] {dag.py:2379} INFO - Sync 1 DAGs
[2022-09-20 23:46:48,925] {logging_mixin.py:115} INFO - [2022-09-20 23:46:48,925] {dag.py:2931} INFO - Setting next_dagrun for example_branch_labels to 2022-09-19T00:00:00+00:00, run_after=2022-09-20T00:00:00+00:00
[2022-09-20 23:46:48,932] {processor.py:161} INFO - Processing /home/airflow/.local/lib/python3.7/site-packages/airflow/example_dags/example_branch_labels.py took 0.046 seconds
[2022-09-20 23:47:19,637] {processor.py:153} INFO - Started process (PID=1591) to work on /home/airflow/.local/lib/python3.7/site-packages/airflow/example_dags/example_branch_labels.py
[2022-09-20 23:47:19,639] {processor.py:641} INFO - Processing file /home/airflow/.local/lib/python3.7/site-packages/airflow/example_dags/example_branch_labels.py for tasks to queue
[2022-09-20 23:47:19,640] {logging_mixin.py:115} INFO - [2022-09-20 23:47:19,640] {dagbag.py:507} INFO - Filling up the DagBag from /home/airflow/.local/lib/python3.7/site-packages/airflow/example_dags/example_branch_labels.py
[2022-09-20 23:47:19,644] {processor.py:651} INFO - DAG(s) dict_keys(['example_branch_labels']) retrieved from /home/airflow/.local/lib/python3.7/site-packages/airflow/example_dags/example_branch_labels.py
[2022-09-20 23:47:19,662] {logging_mixin.py:115} INFO - [2022-09-20 23:47:19,662] {dag.py:2379} INFO - Sync 1 DAGs
[2022-09-20 23:47:19,675] {logging_mixin.py:115} INFO - [2022-09-20 23:47:19,675] {dag.py:2931} INFO - Setting next_dagrun for example_branch_labels to 2022-09-19T00:00:00+00:00, run_after=2022-09-20T00:00:00+00:00
[2022-09-20 23:47:19,685] {processor.py:161} INFO - Processing /home/airflow/.local/lib/python3.7/site-packages/airflow/example_dags/example_branch_labels.py took 0.050 seconds
[2022-09-20 23:47:50,558] {processor.py:153} INFO - Started process (PID=1651) to work on /home/airflow/.local/lib/python3.7/site-packages/airflow/example_dags/example_branch_labels.py
[2022-09-20 23:47:50,559] {processor.py:641} INFO - Processing file /home/airflow/.local/lib/python3.7/site-packages/airflow/example_dags/example_branch_labels.py for tasks to queue
[2022-09-20 23:47:50,560] {logging_mixin.py:115} INFO - [2022-09-20 23:47:50,560] {dagbag.py:507} INFO - Filling up the DagBag from /home/airflow/.local/lib/python3.7/site-packages/airflow/example_dags/example_branch_labels.py
[2022-09-20 23:47:50,565] {processor.py:651} INFO - DAG(s) dict_keys(['example_branch_labels']) retrieved from /home/airflow/.local/lib/python3.7/site-packages/airflow/example_dags/example_branch_labels.py
[2022-09-20 23:47:50,583] {logging_mixin.py:115} INFO - [2022-09-20 23:47:50,583] {dag.py:2379} INFO - Sync 1 DAGs
[2022-09-20 23:47:50,598] {logging_mixin.py:115} INFO - [2022-09-20 23:47:50,598] {dag.py:2931} INFO - Setting next_dagrun for example_branch_labels to 2022-09-19T00:00:00+00:00, run_after=2022-09-20T00:00:00+00:00
[2022-09-20 23:47:50,606] {processor.py:161} INFO - Processing /home/airflow/.local/lib/python3.7/site-packages/airflow/example_dags/example_branch_labels.py took 0.050 seconds
[2022-09-20 23:48:21,196] {processor.py:153} INFO - Started process (PID=1713) to work on /home/airflow/.local/lib/python3.7/site-packages/airflow/example_dags/example_branch_labels.py
[2022-09-20 23:48:21,197] {processor.py:641} INFO - Processing file /home/airflow/.local/lib/python3.7/site-packages/airflow/example_dags/example_branch_labels.py for tasks to queue
[2022-09-20 23:48:21,199] {logging_mixin.py:115} INFO - [2022-09-20 23:48:21,198] {dagbag.py:507} INFO - Filling up the DagBag from /home/airflow/.local/lib/python3.7/site-packages/airflow/example_dags/example_branch_labels.py
[2022-09-20 23:48:21,203] {processor.py:651} INFO - DAG(s) dict_keys(['example_branch_labels']) retrieved from /home/airflow/.local/lib/python3.7/site-packages/airflow/example_dags/example_branch_labels.py
[2022-09-20 23:48:21,221] {logging_mixin.py:115} INFO - [2022-09-20 23:48:21,221] {dag.py:2379} INFO - Sync 1 DAGs
[2022-09-20 23:48:21,237] {logging_mixin.py:115} INFO - [2022-09-20 23:48:21,237] {dag.py:2931} INFO - Setting next_dagrun for example_branch_labels to 2022-09-19T00:00:00+00:00, run_after=2022-09-20T00:00:00+00:00
[2022-09-20 23:48:21,249] {processor.py:161} INFO - Processing /home/airflow/.local/lib/python3.7/site-packages/airflow/example_dags/example_branch_labels.py took 0.056 seconds
[2022-09-20 23:48:51,354] {processor.py:153} INFO - Started process (PID=1776) to work on /home/airflow/.local/lib/python3.7/site-packages/airflow/example_dags/example_branch_labels.py
[2022-09-20 23:48:51,356] {processor.py:641} INFO - Processing file /home/airflow/.local/lib/python3.7/site-packages/airflow/example_dags/example_branch_labels.py for tasks to queue
[2022-09-20 23:48:51,358] {logging_mixin.py:115} INFO - [2022-09-20 23:48:51,358] {dagbag.py:507} INFO - Filling up the DagBag from /home/airflow/.local/lib/python3.7/site-packages/airflow/example_dags/example_branch_labels.py
[2022-09-20 23:48:51,362] {processor.py:651} INFO - DAG(s) dict_keys(['example_branch_labels']) retrieved from /home/airflow/.local/lib/python3.7/site-packages/airflow/example_dags/example_branch_labels.py
[2022-09-20 23:48:51,379] {logging_mixin.py:115} INFO - [2022-09-20 23:48:51,379] {dag.py:2379} INFO - Sync 1 DAGs
[2022-09-20 23:48:51,393] {logging_mixin.py:115} INFO - [2022-09-20 23:48:51,393] {dag.py:2931} INFO - Setting next_dagrun for example_branch_labels to 2022-09-19T00:00:00+00:00, run_after=2022-09-20T00:00:00+00:00
[2022-09-20 23:48:51,402] {processor.py:161} INFO - Processing /home/airflow/.local/lib/python3.7/site-packages/airflow/example_dags/example_branch_labels.py took 0.051 seconds
[2022-09-20 23:49:22,454] {processor.py:153} INFO - Started process (PID=1837) to work on /home/airflow/.local/lib/python3.7/site-packages/airflow/example_dags/example_branch_labels.py
[2022-09-20 23:49:22,455] {processor.py:641} INFO - Processing file /home/airflow/.local/lib/python3.7/site-packages/airflow/example_dags/example_branch_labels.py for tasks to queue
[2022-09-20 23:49:22,456] {logging_mixin.py:115} INFO - [2022-09-20 23:49:22,456] {dagbag.py:507} INFO - Filling up the DagBag from /home/airflow/.local/lib/python3.7/site-packages/airflow/example_dags/example_branch_labels.py
[2022-09-20 23:49:22,463] {processor.py:651} INFO - DAG(s) dict_keys(['example_branch_labels']) retrieved from /home/airflow/.local/lib/python3.7/site-packages/airflow/example_dags/example_branch_labels.py
[2022-09-20 23:49:22,483] {logging_mixin.py:115} INFO - [2022-09-20 23:49:22,483] {dag.py:2379} INFO - Sync 1 DAGs
[2022-09-20 23:49:22,500] {logging_mixin.py:115} INFO - [2022-09-20 23:49:22,500] {dag.py:2931} INFO - Setting next_dagrun for example_branch_labels to 2022-09-19T00:00:00+00:00, run_after=2022-09-20T00:00:00+00:00
[2022-09-20 23:49:22,509] {processor.py:161} INFO - Processing /home/airflow/.local/lib/python3.7/site-packages/airflow/example_dags/example_branch_labels.py took 0.058 seconds
[2022-09-20 23:49:52,573] {processor.py:153} INFO - Started process (PID=1889) to work on /home/airflow/.local/lib/python3.7/site-packages/airflow/example_dags/example_branch_labels.py
[2022-09-20 23:49:52,574] {processor.py:641} INFO - Processing file /home/airflow/.local/lib/python3.7/site-packages/airflow/example_dags/example_branch_labels.py for tasks to queue
[2022-09-20 23:49:52,575] {logging_mixin.py:115} INFO - [2022-09-20 23:49:52,575] {dagbag.py:507} INFO - Filling up the DagBag from /home/airflow/.local/lib/python3.7/site-packages/airflow/example_dags/example_branch_labels.py
[2022-09-20 23:49:52,580] {processor.py:651} INFO - DAG(s) dict_keys(['example_branch_labels']) retrieved from /home/airflow/.local/lib/python3.7/site-packages/airflow/example_dags/example_branch_labels.py
[2022-09-20 23:49:52,600] {logging_mixin.py:115} INFO - [2022-09-20 23:49:52,600] {dag.py:2379} INFO - Sync 1 DAGs
[2022-09-20 23:49:52,612] {logging_mixin.py:115} INFO - [2022-09-20 23:49:52,612] {dag.py:2931} INFO - Setting next_dagrun for example_branch_labels to 2022-09-19T00:00:00+00:00, run_after=2022-09-20T00:00:00+00:00
[2022-09-20 23:49:52,619] {processor.py:161} INFO - Processing /home/airflow/.local/lib/python3.7/site-packages/airflow/example_dags/example_branch_labels.py took 0.048 seconds
[2022-09-20 23:50:22,695] {processor.py:153} INFO - Started process (PID=1951) to work on /home/airflow/.local/lib/python3.7/site-packages/airflow/example_dags/example_branch_labels.py
[2022-09-20 23:50:22,697] {processor.py:641} INFO - Processing file /home/airflow/.local/lib/python3.7/site-packages/airflow/example_dags/example_branch_labels.py for tasks to queue
[2022-09-20 23:50:22,698] {logging_mixin.py:115} INFO - [2022-09-20 23:50:22,698] {dagbag.py:507} INFO - Filling up the DagBag from /home/airflow/.local/lib/python3.7/site-packages/airflow/example_dags/example_branch_labels.py
[2022-09-20 23:50:22,704] {processor.py:651} INFO - DAG(s) dict_keys(['example_branch_labels']) retrieved from /home/airflow/.local/lib/python3.7/site-packages/airflow/example_dags/example_branch_labels.py
[2022-09-20 23:50:22,720] {logging_mixin.py:115} INFO - [2022-09-20 23:50:22,720] {dag.py:2379} INFO - Sync 1 DAGs
[2022-09-20 23:50:22,738] {logging_mixin.py:115} INFO - [2022-09-20 23:50:22,738] {dag.py:2931} INFO - Setting next_dagrun for example_branch_labels to 2022-09-19T00:00:00+00:00, run_after=2022-09-20T00:00:00+00:00
[2022-09-20 23:50:22,747] {processor.py:161} INFO - Processing /home/airflow/.local/lib/python3.7/site-packages/airflow/example_dags/example_branch_labels.py took 0.054 seconds
[2022-09-20 23:50:53,434] {processor.py:153} INFO - Started process (PID=2013) to work on /home/airflow/.local/lib/python3.7/site-packages/airflow/example_dags/example_branch_labels.py
[2022-09-20 23:50:53,435] {processor.py:641} INFO - Processing file /home/airflow/.local/lib/python3.7/site-packages/airflow/example_dags/example_branch_labels.py for tasks to queue
[2022-09-20 23:50:53,436] {logging_mixin.py:115} INFO - [2022-09-20 23:50:53,436] {dagbag.py:507} INFO - Filling up the DagBag from /home/airflow/.local/lib/python3.7/site-packages/airflow/example_dags/example_branch_labels.py
[2022-09-20 23:50:53,441] {processor.py:651} INFO - DAG(s) dict_keys(['example_branch_labels']) retrieved from /home/airflow/.local/lib/python3.7/site-packages/airflow/example_dags/example_branch_labels.py
[2022-09-20 23:50:53,457] {logging_mixin.py:115} INFO - [2022-09-20 23:50:53,457] {dag.py:2379} INFO - Sync 1 DAGs
[2022-09-20 23:50:53,470] {logging_mixin.py:115} INFO - [2022-09-20 23:50:53,470] {dag.py:2931} INFO - Setting next_dagrun for example_branch_labels to 2022-09-19T00:00:00+00:00, run_after=2022-09-20T00:00:00+00:00
[2022-09-20 23:50:53,478] {processor.py:161} INFO - Processing /home/airflow/.local/lib/python3.7/site-packages/airflow/example_dags/example_branch_labels.py took 0.047 seconds
[2022-09-20 23:51:24,306] {processor.py:153} INFO - Started process (PID=2075) to work on /home/airflow/.local/lib/python3.7/site-packages/airflow/example_dags/example_branch_labels.py
[2022-09-20 23:51:24,307] {processor.py:641} INFO - Processing file /home/airflow/.local/lib/python3.7/site-packages/airflow/example_dags/example_branch_labels.py for tasks to queue
[2022-09-20 23:51:24,308] {logging_mixin.py:115} INFO - [2022-09-20 23:51:24,308] {dagbag.py:507} INFO - Filling up the DagBag from /home/airflow/.local/lib/python3.7/site-packages/airflow/example_dags/example_branch_labels.py
[2022-09-20 23:51:24,313] {processor.py:651} INFO - DAG(s) dict_keys(['example_branch_labels']) retrieved from /home/airflow/.local/lib/python3.7/site-packages/airflow/example_dags/example_branch_labels.py
[2022-09-20 23:51:24,330] {logging_mixin.py:115} INFO - [2022-09-20 23:51:24,330] {dag.py:2379} INFO - Sync 1 DAGs
[2022-09-20 23:51:24,344] {logging_mixin.py:115} INFO - [2022-09-20 23:51:24,344] {dag.py:2931} INFO - Setting next_dagrun for example_branch_labels to 2022-09-19T00:00:00+00:00, run_after=2022-09-20T00:00:00+00:00
[2022-09-20 23:51:24,352] {processor.py:161} INFO - Processing /home/airflow/.local/lib/python3.7/site-packages/airflow/example_dags/example_branch_labels.py took 0.048 seconds
[2022-09-20 23:51:55,236] {processor.py:153} INFO - Started process (PID=2137) to work on /home/airflow/.local/lib/python3.7/site-packages/airflow/example_dags/example_branch_labels.py
[2022-09-20 23:51:55,238] {processor.py:641} INFO - Processing file /home/airflow/.local/lib/python3.7/site-packages/airflow/example_dags/example_branch_labels.py for tasks to queue
[2022-09-20 23:51:55,239] {logging_mixin.py:115} INFO - [2022-09-20 23:51:55,239] {dagbag.py:507} INFO - Filling up the DagBag from /home/airflow/.local/lib/python3.7/site-packages/airflow/example_dags/example_branch_labels.py
[2022-09-20 23:51:55,245] {processor.py:651} INFO - DAG(s) dict_keys(['example_branch_labels']) retrieved from /home/airflow/.local/lib/python3.7/site-packages/airflow/example_dags/example_branch_labels.py
[2022-09-20 23:51:55,265] {logging_mixin.py:115} INFO - [2022-09-20 23:51:55,265] {dag.py:2379} INFO - Sync 1 DAGs
[2022-09-20 23:51:55,278] {logging_mixin.py:115} INFO - [2022-09-20 23:51:55,278] {dag.py:2931} INFO - Setting next_dagrun for example_branch_labels to 2022-09-19T00:00:00+00:00, run_after=2022-09-20T00:00:00+00:00
[2022-09-20 23:51:55,286] {processor.py:161} INFO - Processing /home/airflow/.local/lib/python3.7/site-packages/airflow/example_dags/example_branch_labels.py took 0.052 seconds
[2022-09-20 23:52:26,126] {processor.py:153} INFO - Started process (PID=2199) to work on /home/airflow/.local/lib/python3.7/site-packages/airflow/example_dags/example_branch_labels.py
[2022-09-20 23:52:26,127] {processor.py:641} INFO - Processing file /home/airflow/.local/lib/python3.7/site-packages/airflow/example_dags/example_branch_labels.py for tasks to queue
[2022-09-20 23:52:26,131] {logging_mixin.py:115} INFO - [2022-09-20 23:52:26,131] {dagbag.py:507} INFO - Filling up the DagBag from /home/airflow/.local/lib/python3.7/site-packages/airflow/example_dags/example_branch_labels.py
[2022-09-20 23:52:26,136] {processor.py:651} INFO - DAG(s) dict_keys(['example_branch_labels']) retrieved from /home/airflow/.local/lib/python3.7/site-packages/airflow/example_dags/example_branch_labels.py
[2022-09-20 23:52:26,154] {logging_mixin.py:115} INFO - [2022-09-20 23:52:26,154] {dag.py:2379} INFO - Sync 1 DAGs
[2022-09-20 23:52:26,172] {logging_mixin.py:115} INFO - [2022-09-20 23:52:26,172] {dag.py:2931} INFO - Setting next_dagrun for example_branch_labels to 2022-09-19T00:00:00+00:00, run_after=2022-09-20T00:00:00+00:00
[2022-09-20 23:52:26,181] {processor.py:161} INFO - Processing /home/airflow/.local/lib/python3.7/site-packages/airflow/example_dags/example_branch_labels.py took 0.058 seconds
[2022-09-20 23:52:57,217] {processor.py:153} INFO - Started process (PID=2250) to work on /home/airflow/.local/lib/python3.7/site-packages/airflow/example_dags/example_branch_labels.py
[2022-09-20 23:52:57,218] {processor.py:641} INFO - Processing file /home/airflow/.local/lib/python3.7/site-packages/airflow/example_dags/example_branch_labels.py for tasks to queue
[2022-09-20 23:52:57,219] {logging_mixin.py:115} INFO - [2022-09-20 23:52:57,219] {dagbag.py:507} INFO - Filling up the DagBag from /home/airflow/.local/lib/python3.7/site-packages/airflow/example_dags/example_branch_labels.py
[2022-09-20 23:52:57,223] {processor.py:651} INFO - DAG(s) dict_keys(['example_branch_labels']) retrieved from /home/airflow/.local/lib/python3.7/site-packages/airflow/example_dags/example_branch_labels.py
[2022-09-20 23:52:57,240] {logging_mixin.py:115} INFO - [2022-09-20 23:52:57,240] {dag.py:2379} INFO - Sync 1 DAGs
[2022-09-20 23:52:57,253] {logging_mixin.py:115} INFO - [2022-09-20 23:52:57,253] {dag.py:2931} INFO - Setting next_dagrun for example_branch_labels to 2022-09-19T00:00:00+00:00, run_after=2022-09-20T00:00:00+00:00
[2022-09-20 23:52:57,260] {processor.py:161} INFO - Processing /home/airflow/.local/lib/python3.7/site-packages/airflow/example_dags/example_branch_labels.py took 0.045 seconds
[2022-09-20 23:53:27,990] {processor.py:153} INFO - Started process (PID=2312) to work on /home/airflow/.local/lib/python3.7/site-packages/airflow/example_dags/example_branch_labels.py
[2022-09-20 23:53:27,991] {processor.py:641} INFO - Processing file /home/airflow/.local/lib/python3.7/site-packages/airflow/example_dags/example_branch_labels.py for tasks to queue
[2022-09-20 23:53:27,992] {logging_mixin.py:115} INFO - [2022-09-20 23:53:27,992] {dagbag.py:507} INFO - Filling up the DagBag from /home/airflow/.local/lib/python3.7/site-packages/airflow/example_dags/example_branch_labels.py
[2022-09-20 23:53:27,997] {processor.py:651} INFO - DAG(s) dict_keys(['example_branch_labels']) retrieved from /home/airflow/.local/lib/python3.7/site-packages/airflow/example_dags/example_branch_labels.py
[2022-09-20 23:53:28,015] {logging_mixin.py:115} INFO - [2022-09-20 23:53:28,015] {dag.py:2379} INFO - Sync 1 DAGs
[2022-09-20 23:53:28,029] {logging_mixin.py:115} INFO - [2022-09-20 23:53:28,029] {dag.py:2931} INFO - Setting next_dagrun for example_branch_labels to 2022-09-19T00:00:00+00:00, run_after=2022-09-20T00:00:00+00:00
[2022-09-20 23:53:28,037] {processor.py:161} INFO - Processing /home/airflow/.local/lib/python3.7/site-packages/airflow/example_dags/example_branch_labels.py took 0.049 seconds
[2022-09-20 23:53:58,741] {processor.py:153} INFO - Started process (PID=2374) to work on /home/airflow/.local/lib/python3.7/site-packages/airflow/example_dags/example_branch_labels.py
[2022-09-20 23:53:58,742] {processor.py:641} INFO - Processing file /home/airflow/.local/lib/python3.7/site-packages/airflow/example_dags/example_branch_labels.py for tasks to queue
[2022-09-20 23:53:58,743] {logging_mixin.py:115} INFO - [2022-09-20 23:53:58,743] {dagbag.py:507} INFO - Filling up the DagBag from /home/airflow/.local/lib/python3.7/site-packages/airflow/example_dags/example_branch_labels.py
[2022-09-20 23:53:58,747] {processor.py:651} INFO - DAG(s) dict_keys(['example_branch_labels']) retrieved from /home/airflow/.local/lib/python3.7/site-packages/airflow/example_dags/example_branch_labels.py
[2022-09-20 23:53:58,764] {logging_mixin.py:115} INFO - [2022-09-20 23:53:58,764] {dag.py:2379} INFO - Sync 1 DAGs
[2022-09-20 23:53:58,777] {logging_mixin.py:115} INFO - [2022-09-20 23:53:58,777] {dag.py:2931} INFO - Setting next_dagrun for example_branch_labels to 2022-09-19T00:00:00+00:00, run_after=2022-09-20T00:00:00+00:00
[2022-09-20 23:53:58,784] {processor.py:161} INFO - Processing /home/airflow/.local/lib/python3.7/site-packages/airflow/example_dags/example_branch_labels.py took 0.045 seconds
[2022-09-20 23:54:29,466] {processor.py:153} INFO - Started process (PID=2436) to work on /home/airflow/.local/lib/python3.7/site-packages/airflow/example_dags/example_branch_labels.py
[2022-09-20 23:54:29,467] {processor.py:641} INFO - Processing file /home/airflow/.local/lib/python3.7/site-packages/airflow/example_dags/example_branch_labels.py for tasks to queue
[2022-09-20 23:54:29,468] {logging_mixin.py:115} INFO - [2022-09-20 23:54:29,468] {dagbag.py:507} INFO - Filling up the DagBag from /home/airflow/.local/lib/python3.7/site-packages/airflow/example_dags/example_branch_labels.py
[2022-09-20 23:54:29,472] {processor.py:651} INFO - DAG(s) dict_keys(['example_branch_labels']) retrieved from /home/airflow/.local/lib/python3.7/site-packages/airflow/example_dags/example_branch_labels.py
[2022-09-20 23:54:29,490] {logging_mixin.py:115} INFO - [2022-09-20 23:54:29,490] {dag.py:2379} INFO - Sync 1 DAGs
[2022-09-20 23:54:29,503] {logging_mixin.py:115} INFO - [2022-09-20 23:54:29,503] {dag.py:2931} INFO - Setting next_dagrun for example_branch_labels to 2022-09-19T00:00:00+00:00, run_after=2022-09-20T00:00:00+00:00
[2022-09-20 23:54:29,514] {processor.py:161} INFO - Processing /home/airflow/.local/lib/python3.7/site-packages/airflow/example_dags/example_branch_labels.py took 0.050 seconds
[2022-09-20 23:55:00,175] {processor.py:153} INFO - Started process (PID=2497) to work on /home/airflow/.local/lib/python3.7/site-packages/airflow/example_dags/example_branch_labels.py
[2022-09-20 23:55:00,176] {processor.py:641} INFO - Processing file /home/airflow/.local/lib/python3.7/site-packages/airflow/example_dags/example_branch_labels.py for tasks to queue
[2022-09-20 23:55:00,177] {logging_mixin.py:115} INFO - [2022-09-20 23:55:00,177] {dagbag.py:507} INFO - Filling up the DagBag from /home/airflow/.local/lib/python3.7/site-packages/airflow/example_dags/example_branch_labels.py
[2022-09-20 23:55:00,182] {processor.py:651} INFO - DAG(s) dict_keys(['example_branch_labels']) retrieved from /home/airflow/.local/lib/python3.7/site-packages/airflow/example_dags/example_branch_labels.py
[2022-09-20 23:55:00,200] {logging_mixin.py:115} INFO - [2022-09-20 23:55:00,199] {dag.py:2379} INFO - Sync 1 DAGs
[2022-09-20 23:55:00,212] {logging_mixin.py:115} INFO - [2022-09-20 23:55:00,212] {dag.py:2931} INFO - Setting next_dagrun for example_branch_labels to 2022-09-19T00:00:00+00:00, run_after=2022-09-20T00:00:00+00:00
[2022-09-20 23:55:00,222] {processor.py:161} INFO - Processing /home/airflow/.local/lib/python3.7/site-packages/airflow/example_dags/example_branch_labels.py took 0.048 seconds
[2022-09-20 23:55:31,114] {processor.py:153} INFO - Started process (PID=2559) to work on /home/airflow/.local/lib/python3.7/site-packages/airflow/example_dags/example_branch_labels.py
[2022-09-20 23:55:31,115] {processor.py:641} INFO - Processing file /home/airflow/.local/lib/python3.7/site-packages/airflow/example_dags/example_branch_labels.py for tasks to queue
[2022-09-20 23:55:31,116] {logging_mixin.py:115} INFO - [2022-09-20 23:55:31,116] {dagbag.py:507} INFO - Filling up the DagBag from /home/airflow/.local/lib/python3.7/site-packages/airflow/example_dags/example_branch_labels.py
[2022-09-20 23:55:31,120] {processor.py:651} INFO - DAG(s) dict_keys(['example_branch_labels']) retrieved from /home/airflow/.local/lib/python3.7/site-packages/airflow/example_dags/example_branch_labels.py
[2022-09-20 23:55:31,137] {logging_mixin.py:115} INFO - [2022-09-20 23:55:31,137] {dag.py:2379} INFO - Sync 1 DAGs
[2022-09-20 23:55:31,149] {logging_mixin.py:115} INFO - [2022-09-20 23:55:31,149] {dag.py:2931} INFO - Setting next_dagrun for example_branch_labels to 2022-09-19T00:00:00+00:00, run_after=2022-09-20T00:00:00+00:00
[2022-09-20 23:55:31,156] {processor.py:161} INFO - Processing /home/airflow/.local/lib/python3.7/site-packages/airflow/example_dags/example_branch_labels.py took 0.045 seconds
[2022-09-20 23:56:02,069] {processor.py:153} INFO - Started process (PID=2621) to work on /home/airflow/.local/lib/python3.7/site-packages/airflow/example_dags/example_branch_labels.py
[2022-09-20 23:56:02,071] {processor.py:641} INFO - Processing file /home/airflow/.local/lib/python3.7/site-packages/airflow/example_dags/example_branch_labels.py for tasks to queue
[2022-09-20 23:56:02,073] {logging_mixin.py:115} INFO - [2022-09-20 23:56:02,073] {dagbag.py:507} INFO - Filling up the DagBag from /home/airflow/.local/lib/python3.7/site-packages/airflow/example_dags/example_branch_labels.py
[2022-09-20 23:56:02,077] {processor.py:651} INFO - DAG(s) dict_keys(['example_branch_labels']) retrieved from /home/airflow/.local/lib/python3.7/site-packages/airflow/example_dags/example_branch_labels.py
[2022-09-20 23:56:02,106] {logging_mixin.py:115} INFO - [2022-09-20 23:56:02,105] {dag.py:2379} INFO - Sync 1 DAGs
[2022-09-20 23:56:02,130] {logging_mixin.py:115} INFO - [2022-09-20 23:56:02,130] {dag.py:2931} INFO - Setting next_dagrun for example_branch_labels to 2022-09-19T00:00:00+00:00, run_after=2022-09-20T00:00:00+00:00
[2022-09-20 23:56:02,138] {processor.py:161} INFO - Processing /home/airflow/.local/lib/python3.7/site-packages/airflow/example_dags/example_branch_labels.py took 0.071 seconds
[2022-09-20 23:56:32,983] {processor.py:153} INFO - Started process (PID=2673) to work on /home/airflow/.local/lib/python3.7/site-packages/airflow/example_dags/example_branch_labels.py
[2022-09-20 23:56:32,984] {processor.py:641} INFO - Processing file /home/airflow/.local/lib/python3.7/site-packages/airflow/example_dags/example_branch_labels.py for tasks to queue
[2022-09-20 23:56:32,985] {logging_mixin.py:115} INFO - [2022-09-20 23:56:32,985] {dagbag.py:507} INFO - Filling up the DagBag from /home/airflow/.local/lib/python3.7/site-packages/airflow/example_dags/example_branch_labels.py
[2022-09-20 23:56:32,989] {processor.py:651} INFO - DAG(s) dict_keys(['example_branch_labels']) retrieved from /home/airflow/.local/lib/python3.7/site-packages/airflow/example_dags/example_branch_labels.py
[2022-09-20 23:56:33,007] {logging_mixin.py:115} INFO - [2022-09-20 23:56:33,007] {dag.py:2379} INFO - Sync 1 DAGs
[2022-09-20 23:56:33,020] {logging_mixin.py:115} INFO - [2022-09-20 23:56:33,019] {dag.py:2931} INFO - Setting next_dagrun for example_branch_labels to 2022-09-19T00:00:00+00:00, run_after=2022-09-20T00:00:00+00:00
[2022-09-20 23:56:33,026] {processor.py:161} INFO - Processing /home/airflow/.local/lib/python3.7/site-packages/airflow/example_dags/example_branch_labels.py took 0.046 seconds
[2022-09-20 23:57:03,252] {processor.py:153} INFO - Started process (PID=2735) to work on /home/airflow/.local/lib/python3.7/site-packages/airflow/example_dags/example_branch_labels.py
[2022-09-20 23:57:03,253] {processor.py:641} INFO - Processing file /home/airflow/.local/lib/python3.7/site-packages/airflow/example_dags/example_branch_labels.py for tasks to queue
[2022-09-20 23:57:03,254] {logging_mixin.py:115} INFO - [2022-09-20 23:57:03,254] {dagbag.py:507} INFO - Filling up the DagBag from /home/airflow/.local/lib/python3.7/site-packages/airflow/example_dags/example_branch_labels.py
[2022-09-20 23:57:03,258] {processor.py:651} INFO - DAG(s) dict_keys(['example_branch_labels']) retrieved from /home/airflow/.local/lib/python3.7/site-packages/airflow/example_dags/example_branch_labels.py
[2022-09-20 23:57:03,275] {logging_mixin.py:115} INFO - [2022-09-20 23:57:03,275] {dag.py:2379} INFO - Sync 1 DAGs
[2022-09-20 23:57:03,290] {logging_mixin.py:115} INFO - [2022-09-20 23:57:03,289] {dag.py:2931} INFO - Setting next_dagrun for example_branch_labels to 2022-09-19T00:00:00+00:00, run_after=2022-09-20T00:00:00+00:00
[2022-09-20 23:57:03,297] {processor.py:161} INFO - Processing /home/airflow/.local/lib/python3.7/site-packages/airflow/example_dags/example_branch_labels.py took 0.048 seconds
[2022-09-20 23:57:33,531] {processor.py:153} INFO - Started process (PID=2797) to work on /home/airflow/.local/lib/python3.7/site-packages/airflow/example_dags/example_branch_labels.py
[2022-09-20 23:57:33,533] {processor.py:641} INFO - Processing file /home/airflow/.local/lib/python3.7/site-packages/airflow/example_dags/example_branch_labels.py for tasks to queue
[2022-09-20 23:57:33,535] {logging_mixin.py:115} INFO - [2022-09-20 23:57:33,535] {dagbag.py:507} INFO - Filling up the DagBag from /home/airflow/.local/lib/python3.7/site-packages/airflow/example_dags/example_branch_labels.py
[2022-09-20 23:57:33,543] {processor.py:651} INFO - DAG(s) dict_keys(['example_branch_labels']) retrieved from /home/airflow/.local/lib/python3.7/site-packages/airflow/example_dags/example_branch_labels.py
[2022-09-20 23:57:33,560] {logging_mixin.py:115} INFO - [2022-09-20 23:57:33,560] {dag.py:2379} INFO - Sync 1 DAGs
[2022-09-20 23:57:33,574] {logging_mixin.py:115} INFO - [2022-09-20 23:57:33,574] {dag.py:2931} INFO - Setting next_dagrun for example_branch_labels to 2022-09-19T00:00:00+00:00, run_after=2022-09-20T00:00:00+00:00
[2022-09-20 23:57:33,581] {processor.py:161} INFO - Processing /home/airflow/.local/lib/python3.7/site-packages/airflow/example_dags/example_branch_labels.py took 0.052 seconds
[2022-09-20 23:58:03,758] {processor.py:153} INFO - Started process (PID=2861) to work on /home/airflow/.local/lib/python3.7/site-packages/airflow/example_dags/example_branch_labels.py
[2022-09-20 23:58:03,760] {processor.py:641} INFO - Processing file /home/airflow/.local/lib/python3.7/site-packages/airflow/example_dags/example_branch_labels.py for tasks to queue
[2022-09-20 23:58:03,761] {logging_mixin.py:115} INFO - [2022-09-20 23:58:03,761] {dagbag.py:507} INFO - Filling up the DagBag from /home/airflow/.local/lib/python3.7/site-packages/airflow/example_dags/example_branch_labels.py
[2022-09-20 23:58:03,765] {processor.py:651} INFO - DAG(s) dict_keys(['example_branch_labels']) retrieved from /home/airflow/.local/lib/python3.7/site-packages/airflow/example_dags/example_branch_labels.py
[2022-09-20 23:58:03,784] {logging_mixin.py:115} INFO - [2022-09-20 23:58:03,784] {dag.py:2379} INFO - Sync 1 DAGs
[2022-09-20 23:58:03,798] {logging_mixin.py:115} INFO - [2022-09-20 23:58:03,797] {dag.py:2931} INFO - Setting next_dagrun for example_branch_labels to 2022-09-19T00:00:00+00:00, run_after=2022-09-20T00:00:00+00:00
[2022-09-20 23:58:03,805] {processor.py:161} INFO - Processing /home/airflow/.local/lib/python3.7/site-packages/airflow/example_dags/example_branch_labels.py took 0.049 seconds
[2022-09-20 23:58:33,941] {processor.py:153} INFO - Started process (PID=2923) to work on /home/airflow/.local/lib/python3.7/site-packages/airflow/example_dags/example_branch_labels.py
[2022-09-20 23:58:33,943] {processor.py:641} INFO - Processing file /home/airflow/.local/lib/python3.7/site-packages/airflow/example_dags/example_branch_labels.py for tasks to queue
[2022-09-20 23:58:33,944] {logging_mixin.py:115} INFO - [2022-09-20 23:58:33,944] {dagbag.py:507} INFO - Filling up the DagBag from /home/airflow/.local/lib/python3.7/site-packages/airflow/example_dags/example_branch_labels.py
[2022-09-20 23:58:33,949] {processor.py:651} INFO - DAG(s) dict_keys(['example_branch_labels']) retrieved from /home/airflow/.local/lib/python3.7/site-packages/airflow/example_dags/example_branch_labels.py
[2022-09-20 23:58:33,966] {logging_mixin.py:115} INFO - [2022-09-20 23:58:33,966] {dag.py:2379} INFO - Sync 1 DAGs
[2022-09-20 23:58:33,978] {logging_mixin.py:115} INFO - [2022-09-20 23:58:33,978] {dag.py:2931} INFO - Setting next_dagrun for example_branch_labels to 2022-09-19T00:00:00+00:00, run_after=2022-09-20T00:00:00+00:00
[2022-09-20 23:58:33,985] {processor.py:161} INFO - Processing /home/airflow/.local/lib/python3.7/site-packages/airflow/example_dags/example_branch_labels.py took 0.046 seconds
[2022-09-20 23:59:04,210] {processor.py:153} INFO - Started process (PID=2976) to work on /home/airflow/.local/lib/python3.7/site-packages/airflow/example_dags/example_branch_labels.py
[2022-09-20 23:59:04,212] {processor.py:641} INFO - Processing file /home/airflow/.local/lib/python3.7/site-packages/airflow/example_dags/example_branch_labels.py for tasks to queue
[2022-09-20 23:59:04,213] {logging_mixin.py:115} INFO - [2022-09-20 23:59:04,213] {dagbag.py:507} INFO - Filling up the DagBag from /home/airflow/.local/lib/python3.7/site-packages/airflow/example_dags/example_branch_labels.py
[2022-09-20 23:59:04,217] {processor.py:651} INFO - DAG(s) dict_keys(['example_branch_labels']) retrieved from /home/airflow/.local/lib/python3.7/site-packages/airflow/example_dags/example_branch_labels.py
[2022-09-20 23:59:04,235] {logging_mixin.py:115} INFO - [2022-09-20 23:59:04,235] {dag.py:2379} INFO - Sync 1 DAGs
[2022-09-20 23:59:04,248] {logging_mixin.py:115} INFO - [2022-09-20 23:59:04,248] {dag.py:2931} INFO - Setting next_dagrun for example_branch_labels to 2022-09-19T00:00:00+00:00, run_after=2022-09-20T00:00:00+00:00
[2022-09-20 23:59:04,255] {processor.py:161} INFO - Processing /home/airflow/.local/lib/python3.7/site-packages/airflow/example_dags/example_branch_labels.py took 0.047 seconds
[2022-09-20 23:59:34,425] {processor.py:153} INFO - Started process (PID=3037) to work on /home/airflow/.local/lib/python3.7/site-packages/airflow/example_dags/example_branch_labels.py
[2022-09-20 23:59:34,426] {processor.py:641} INFO - Processing file /home/airflow/.local/lib/python3.7/site-packages/airflow/example_dags/example_branch_labels.py for tasks to queue
[2022-09-20 23:59:34,427] {logging_mixin.py:115} INFO - [2022-09-20 23:59:34,427] {dagbag.py:507} INFO - Filling up the DagBag from /home/airflow/.local/lib/python3.7/site-packages/airflow/example_dags/example_branch_labels.py
[2022-09-20 23:59:34,432] {processor.py:651} INFO - DAG(s) dict_keys(['example_branch_labels']) retrieved from /home/airflow/.local/lib/python3.7/site-packages/airflow/example_dags/example_branch_labels.py
[2022-09-20 23:59:34,449] {logging_mixin.py:115} INFO - [2022-09-20 23:59:34,449] {dag.py:2379} INFO - Sync 1 DAGs
[2022-09-20 23:59:34,463] {logging_mixin.py:115} INFO - [2022-09-20 23:59:34,463] {dag.py:2931} INFO - Setting next_dagrun for example_branch_labels to 2022-09-19T00:00:00+00:00, run_after=2022-09-20T00:00:00+00:00
[2022-09-20 23:59:34,470] {processor.py:161} INFO - Processing /home/airflow/.local/lib/python3.7/site-packages/airflow/example_dags/example_branch_labels.py took 0.047 seconds
