[2022-07-11 09:14:50,138] {processor.py:153} INFO - Started process (PID=52) to work on /home/airflow/.local/lib/python3.7/site-packages/airflow/example_dags/example_branch_operator_decorator.py
[2022-07-11 09:14:50,142] {processor.py:641} INFO - Processing file /home/airflow/.local/lib/python3.7/site-packages/airflow/example_dags/example_branch_operator_decorator.py for tasks to queue
[2022-07-11 09:14:50,143] {logging_mixin.py:115} INFO - [2022-07-11 09:14:50,143] {dagbag.py:507} INFO - Filling up the DagBag from /home/airflow/.local/lib/python3.7/site-packages/airflow/example_dags/example_branch_operator_decorator.py
[2022-07-11 09:14:50,260] {processor.py:651} INFO - DAG(s) dict_keys(['example_branch_python_operator_decorator']) retrieved from /home/airflow/.local/lib/python3.7/site-packages/airflow/example_dags/example_branch_operator_decorator.py
[2022-07-11 09:14:50,398] {logging_mixin.py:115} INFO - [2022-07-11 09:14:50,398] {dag.py:2379} INFO - Sync 1 DAGs
[2022-07-11 09:14:50,500] {logging_mixin.py:115} INFO - [2022-07-11 09:14:50,499] {dag.py:2931} INFO - Setting next_dagrun for example_branch_python_operator_decorator to 2022-07-10T00:00:00+00:00, run_after=2022-07-11T00:00:00+00:00
[2022-07-11 09:14:50,582] {processor.py:161} INFO - Processing /home/airflow/.local/lib/python3.7/site-packages/airflow/example_dags/example_branch_operator_decorator.py took 0.449 seconds
[2022-07-11 09:15:21,409] {processor.py:153} INFO - Started process (PID=111) to work on /home/airflow/.local/lib/python3.7/site-packages/airflow/example_dags/example_branch_operator_decorator.py
[2022-07-11 09:15:21,411] {processor.py:641} INFO - Processing file /home/airflow/.local/lib/python3.7/site-packages/airflow/example_dags/example_branch_operator_decorator.py for tasks to queue
[2022-07-11 09:15:21,417] {logging_mixin.py:115} INFO - [2022-07-11 09:15:21,417] {dagbag.py:507} INFO - Filling up the DagBag from /home/airflow/.local/lib/python3.7/site-packages/airflow/example_dags/example_branch_operator_decorator.py
[2022-07-11 09:15:21,475] {processor.py:651} INFO - DAG(s) dict_keys(['example_branch_python_operator_decorator']) retrieved from /home/airflow/.local/lib/python3.7/site-packages/airflow/example_dags/example_branch_operator_decorator.py
[2022-07-11 09:15:21,539] {logging_mixin.py:115} INFO - [2022-07-11 09:15:21,539] {dag.py:2379} INFO - Sync 1 DAGs
[2022-07-11 09:15:21,631] {logging_mixin.py:115} INFO - [2022-07-11 09:15:21,631] {dag.py:2931} INFO - Setting next_dagrun for example_branch_python_operator_decorator to 2022-07-10T00:00:00+00:00, run_after=2022-07-11T00:00:00+00:00
[2022-07-11 09:15:21,681] {processor.py:161} INFO - Processing /home/airflow/.local/lib/python3.7/site-packages/airflow/example_dags/example_branch_operator_decorator.py took 0.275 seconds
[2022-07-11 09:15:52,472] {processor.py:153} INFO - Started process (PID=174) to work on /home/airflow/.local/lib/python3.7/site-packages/airflow/example_dags/example_branch_operator_decorator.py
[2022-07-11 09:15:52,473] {processor.py:641} INFO - Processing file /home/airflow/.local/lib/python3.7/site-packages/airflow/example_dags/example_branch_operator_decorator.py for tasks to queue
[2022-07-11 09:15:52,474] {logging_mixin.py:115} INFO - [2022-07-11 09:15:52,474] {dagbag.py:507} INFO - Filling up the DagBag from /home/airflow/.local/lib/python3.7/site-packages/airflow/example_dags/example_branch_operator_decorator.py
[2022-07-11 09:15:52,513] {processor.py:651} INFO - DAG(s) dict_keys(['example_branch_python_operator_decorator']) retrieved from /home/airflow/.local/lib/python3.7/site-packages/airflow/example_dags/example_branch_operator_decorator.py
[2022-07-11 09:15:52,544] {logging_mixin.py:115} INFO - [2022-07-11 09:15:52,544] {dag.py:2379} INFO - Sync 1 DAGs
[2022-07-11 09:15:52,592] {logging_mixin.py:115} INFO - [2022-07-11 09:15:52,592] {dag.py:2931} INFO - Setting next_dagrun for example_branch_python_operator_decorator to 2022-07-10T00:00:00+00:00, run_after=2022-07-11T00:00:00+00:00
[2022-07-11 09:15:52,606] {processor.py:161} INFO - Processing /home/airflow/.local/lib/python3.7/site-packages/airflow/example_dags/example_branch_operator_decorator.py took 0.138 seconds
[2022-07-11 09:16:23,377] {processor.py:153} INFO - Started process (PID=238) to work on /home/airflow/.local/lib/python3.7/site-packages/airflow/example_dags/example_branch_operator_decorator.py
[2022-07-11 09:16:23,379] {processor.py:641} INFO - Processing file /home/airflow/.local/lib/python3.7/site-packages/airflow/example_dags/example_branch_operator_decorator.py for tasks to queue
[2022-07-11 09:16:23,381] {logging_mixin.py:115} INFO - [2022-07-11 09:16:23,381] {dagbag.py:507} INFO - Filling up the DagBag from /home/airflow/.local/lib/python3.7/site-packages/airflow/example_dags/example_branch_operator_decorator.py
[2022-07-11 09:16:23,405] {processor.py:651} INFO - DAG(s) dict_keys(['example_branch_python_operator_decorator']) retrieved from /home/airflow/.local/lib/python3.7/site-packages/airflow/example_dags/example_branch_operator_decorator.py
[2022-07-11 09:16:23,431] {logging_mixin.py:115} INFO - [2022-07-11 09:16:23,431] {dag.py:2379} INFO - Sync 1 DAGs
[2022-07-11 09:16:23,451] {logging_mixin.py:115} INFO - [2022-07-11 09:16:23,451] {dag.py:2931} INFO - Setting next_dagrun for example_branch_python_operator_decorator to 2022-07-10T00:00:00+00:00, run_after=2022-07-11T00:00:00+00:00
[2022-07-11 09:16:23,463] {processor.py:161} INFO - Processing /home/airflow/.local/lib/python3.7/site-packages/airflow/example_dags/example_branch_operator_decorator.py took 0.089 seconds
[2022-07-11 09:16:53,624] {processor.py:153} INFO - Started process (PID=294) to work on /home/airflow/.local/lib/python3.7/site-packages/airflow/example_dags/example_branch_operator_decorator.py
[2022-07-11 09:16:53,626] {processor.py:641} INFO - Processing file /home/airflow/.local/lib/python3.7/site-packages/airflow/example_dags/example_branch_operator_decorator.py for tasks to queue
[2022-07-11 09:16:53,628] {logging_mixin.py:115} INFO - [2022-07-11 09:16:53,628] {dagbag.py:507} INFO - Filling up the DagBag from /home/airflow/.local/lib/python3.7/site-packages/airflow/example_dags/example_branch_operator_decorator.py
[2022-07-11 09:16:53,649] {processor.py:651} INFO - DAG(s) dict_keys(['example_branch_python_operator_decorator']) retrieved from /home/airflow/.local/lib/python3.7/site-packages/airflow/example_dags/example_branch_operator_decorator.py
[2022-07-11 09:16:53,690] {logging_mixin.py:115} INFO - [2022-07-11 09:16:53,690] {dag.py:2379} INFO - Sync 1 DAGs
[2022-07-11 09:16:53,728] {logging_mixin.py:115} INFO - [2022-07-11 09:16:53,728] {dag.py:2931} INFO - Setting next_dagrun for example_branch_python_operator_decorator to 2022-07-10T00:00:00+00:00, run_after=2022-07-11T00:00:00+00:00
[2022-07-11 09:16:53,746] {processor.py:161} INFO - Processing /home/airflow/.local/lib/python3.7/site-packages/airflow/example_dags/example_branch_operator_decorator.py took 0.125 seconds
[2022-07-11 09:17:23,803] {processor.py:153} INFO - Started process (PID=359) to work on /home/airflow/.local/lib/python3.7/site-packages/airflow/example_dags/example_branch_operator_decorator.py
[2022-07-11 09:17:23,805] {processor.py:641} INFO - Processing file /home/airflow/.local/lib/python3.7/site-packages/airflow/example_dags/example_branch_operator_decorator.py for tasks to queue
[2022-07-11 09:17:23,808] {logging_mixin.py:115} INFO - [2022-07-11 09:17:23,808] {dagbag.py:507} INFO - Filling up the DagBag from /home/airflow/.local/lib/python3.7/site-packages/airflow/example_dags/example_branch_operator_decorator.py
[2022-07-11 09:17:23,833] {processor.py:651} INFO - DAG(s) dict_keys(['example_branch_python_operator_decorator']) retrieved from /home/airflow/.local/lib/python3.7/site-packages/airflow/example_dags/example_branch_operator_decorator.py
[2022-07-11 09:17:23,866] {logging_mixin.py:115} INFO - [2022-07-11 09:17:23,866] {dag.py:2379} INFO - Sync 1 DAGs
[2022-07-11 09:17:23,892] {logging_mixin.py:115} INFO - [2022-07-11 09:17:23,892] {dag.py:2931} INFO - Setting next_dagrun for example_branch_python_operator_decorator to 2022-07-10T00:00:00+00:00, run_after=2022-07-11T00:00:00+00:00
[2022-07-11 09:17:23,906] {processor.py:161} INFO - Processing /home/airflow/.local/lib/python3.7/site-packages/airflow/example_dags/example_branch_operator_decorator.py took 0.105 seconds
[2022-07-11 09:17:54,467] {processor.py:153} INFO - Started process (PID=422) to work on /home/airflow/.local/lib/python3.7/site-packages/airflow/example_dags/example_branch_operator_decorator.py
[2022-07-11 09:17:54,470] {processor.py:641} INFO - Processing file /home/airflow/.local/lib/python3.7/site-packages/airflow/example_dags/example_branch_operator_decorator.py for tasks to queue
[2022-07-11 09:17:54,473] {logging_mixin.py:115} INFO - [2022-07-11 09:17:54,473] {dagbag.py:507} INFO - Filling up the DagBag from /home/airflow/.local/lib/python3.7/site-packages/airflow/example_dags/example_branch_operator_decorator.py
[2022-07-11 09:17:54,501] {processor.py:651} INFO - DAG(s) dict_keys(['example_branch_python_operator_decorator']) retrieved from /home/airflow/.local/lib/python3.7/site-packages/airflow/example_dags/example_branch_operator_decorator.py
[2022-07-11 09:17:54,538] {logging_mixin.py:115} INFO - [2022-07-11 09:17:54,538] {dag.py:2379} INFO - Sync 1 DAGs
[2022-07-11 09:17:54,557] {logging_mixin.py:115} INFO - [2022-07-11 09:17:54,557] {dag.py:2931} INFO - Setting next_dagrun for example_branch_python_operator_decorator to 2022-07-10T00:00:00+00:00, run_after=2022-07-11T00:00:00+00:00
[2022-07-11 09:17:54,574] {processor.py:161} INFO - Processing /home/airflow/.local/lib/python3.7/site-packages/airflow/example_dags/example_branch_operator_decorator.py took 0.122 seconds
[2022-07-11 09:18:24,891] {processor.py:153} INFO - Started process (PID=485) to work on /home/airflow/.local/lib/python3.7/site-packages/airflow/example_dags/example_branch_operator_decorator.py
[2022-07-11 09:18:24,893] {processor.py:641} INFO - Processing file /home/airflow/.local/lib/python3.7/site-packages/airflow/example_dags/example_branch_operator_decorator.py for tasks to queue
[2022-07-11 09:18:24,894] {logging_mixin.py:115} INFO - [2022-07-11 09:18:24,894] {dagbag.py:507} INFO - Filling up the DagBag from /home/airflow/.local/lib/python3.7/site-packages/airflow/example_dags/example_branch_operator_decorator.py
[2022-07-11 09:18:24,921] {processor.py:651} INFO - DAG(s) dict_keys(['example_branch_python_operator_decorator']) retrieved from /home/airflow/.local/lib/python3.7/site-packages/airflow/example_dags/example_branch_operator_decorator.py
[2022-07-11 09:18:24,936] {logging_mixin.py:115} INFO - [2022-07-11 09:18:24,936] {dag.py:2379} INFO - Sync 1 DAGs
[2022-07-11 09:18:24,962] {logging_mixin.py:115} INFO - [2022-07-11 09:18:24,962] {dag.py:2931} INFO - Setting next_dagrun for example_branch_python_operator_decorator to 2022-07-10T00:00:00+00:00, run_after=2022-07-11T00:00:00+00:00
[2022-07-11 09:18:24,988] {processor.py:161} INFO - Processing /home/airflow/.local/lib/python3.7/site-packages/airflow/example_dags/example_branch_operator_decorator.py took 0.102 seconds
[2022-07-11 09:18:55,972] {processor.py:153} INFO - Started process (PID=540) to work on /home/airflow/.local/lib/python3.7/site-packages/airflow/example_dags/example_branch_operator_decorator.py
[2022-07-11 09:18:55,977] {processor.py:641} INFO - Processing file /home/airflow/.local/lib/python3.7/site-packages/airflow/example_dags/example_branch_operator_decorator.py for tasks to queue
[2022-07-11 09:18:55,978] {logging_mixin.py:115} INFO - [2022-07-11 09:18:55,978] {dagbag.py:507} INFO - Filling up the DagBag from /home/airflow/.local/lib/python3.7/site-packages/airflow/example_dags/example_branch_operator_decorator.py
[2022-07-11 09:18:56,005] {processor.py:651} INFO - DAG(s) dict_keys(['example_branch_python_operator_decorator']) retrieved from /home/airflow/.local/lib/python3.7/site-packages/airflow/example_dags/example_branch_operator_decorator.py
[2022-07-11 09:18:56,037] {logging_mixin.py:115} INFO - [2022-07-11 09:18:56,037] {dag.py:2379} INFO - Sync 1 DAGs
[2022-07-11 09:18:56,071] {logging_mixin.py:115} INFO - [2022-07-11 09:18:56,071] {dag.py:2931} INFO - Setting next_dagrun for example_branch_python_operator_decorator to 2022-07-10T00:00:00+00:00, run_after=2022-07-11T00:00:00+00:00
[2022-07-11 09:18:56,094] {processor.py:161} INFO - Processing /home/airflow/.local/lib/python3.7/site-packages/airflow/example_dags/example_branch_operator_decorator.py took 0.124 seconds
[2022-07-11 09:19:26,755] {processor.py:153} INFO - Started process (PID=605) to work on /home/airflow/.local/lib/python3.7/site-packages/airflow/example_dags/example_branch_operator_decorator.py
[2022-07-11 09:19:26,759] {processor.py:641} INFO - Processing file /home/airflow/.local/lib/python3.7/site-packages/airflow/example_dags/example_branch_operator_decorator.py for tasks to queue
[2022-07-11 09:19:26,761] {logging_mixin.py:115} INFO - [2022-07-11 09:19:26,761] {dagbag.py:507} INFO - Filling up the DagBag from /home/airflow/.local/lib/python3.7/site-packages/airflow/example_dags/example_branch_operator_decorator.py
[2022-07-11 09:19:26,782] {processor.py:651} INFO - DAG(s) dict_keys(['example_branch_python_operator_decorator']) retrieved from /home/airflow/.local/lib/python3.7/site-packages/airflow/example_dags/example_branch_operator_decorator.py
[2022-07-11 09:19:26,815] {logging_mixin.py:115} INFO - [2022-07-11 09:19:26,815] {dag.py:2379} INFO - Sync 1 DAGs
[2022-07-11 09:19:26,845] {logging_mixin.py:115} INFO - [2022-07-11 09:19:26,845] {dag.py:2931} INFO - Setting next_dagrun for example_branch_python_operator_decorator to 2022-07-10T00:00:00+00:00, run_after=2022-07-11T00:00:00+00:00
[2022-07-11 09:19:26,859] {processor.py:161} INFO - Processing /home/airflow/.local/lib/python3.7/site-packages/airflow/example_dags/example_branch_operator_decorator.py took 0.107 seconds
[2022-07-11 09:19:57,477] {processor.py:153} INFO - Started process (PID=670) to work on /home/airflow/.local/lib/python3.7/site-packages/airflow/example_dags/example_branch_operator_decorator.py
[2022-07-11 09:19:57,483] {processor.py:641} INFO - Processing file /home/airflow/.local/lib/python3.7/site-packages/airflow/example_dags/example_branch_operator_decorator.py for tasks to queue
[2022-07-11 09:19:57,485] {logging_mixin.py:115} INFO - [2022-07-11 09:19:57,485] {dagbag.py:507} INFO - Filling up the DagBag from /home/airflow/.local/lib/python3.7/site-packages/airflow/example_dags/example_branch_operator_decorator.py
[2022-07-11 09:19:57,505] {processor.py:651} INFO - DAG(s) dict_keys(['example_branch_python_operator_decorator']) retrieved from /home/airflow/.local/lib/python3.7/site-packages/airflow/example_dags/example_branch_operator_decorator.py
[2022-07-11 09:19:57,526] {logging_mixin.py:115} INFO - [2022-07-11 09:19:57,526] {dag.py:2379} INFO - Sync 1 DAGs
[2022-07-11 09:19:57,554] {logging_mixin.py:115} INFO - [2022-07-11 09:19:57,554] {dag.py:2931} INFO - Setting next_dagrun for example_branch_python_operator_decorator to 2022-07-10T00:00:00+00:00, run_after=2022-07-11T00:00:00+00:00
[2022-07-11 09:19:57,564] {processor.py:161} INFO - Processing /home/airflow/.local/lib/python3.7/site-packages/airflow/example_dags/example_branch_operator_decorator.py took 0.089 seconds
[2022-07-11 09:20:28,237] {processor.py:153} INFO - Started process (PID=734) to work on /home/airflow/.local/lib/python3.7/site-packages/airflow/example_dags/example_branch_operator_decorator.py
[2022-07-11 09:20:28,239] {processor.py:641} INFO - Processing file /home/airflow/.local/lib/python3.7/site-packages/airflow/example_dags/example_branch_operator_decorator.py for tasks to queue
[2022-07-11 09:20:28,242] {logging_mixin.py:115} INFO - [2022-07-11 09:20:28,242] {dagbag.py:507} INFO - Filling up the DagBag from /home/airflow/.local/lib/python3.7/site-packages/airflow/example_dags/example_branch_operator_decorator.py
[2022-07-11 09:20:28,266] {processor.py:651} INFO - DAG(s) dict_keys(['example_branch_python_operator_decorator']) retrieved from /home/airflow/.local/lib/python3.7/site-packages/airflow/example_dags/example_branch_operator_decorator.py
[2022-07-11 09:20:28,282] {logging_mixin.py:115} INFO - [2022-07-11 09:20:28,282] {dag.py:2379} INFO - Sync 1 DAGs
[2022-07-11 09:20:28,297] {logging_mixin.py:115} INFO - [2022-07-11 09:20:28,297] {dag.py:2931} INFO - Setting next_dagrun for example_branch_python_operator_decorator to 2022-07-10T00:00:00+00:00, run_after=2022-07-11T00:00:00+00:00
[2022-07-11 09:20:28,308] {processor.py:161} INFO - Processing /home/airflow/.local/lib/python3.7/site-packages/airflow/example_dags/example_branch_operator_decorator.py took 0.073 seconds
[2022-07-11 09:20:58,932] {processor.py:153} INFO - Started process (PID=799) to work on /home/airflow/.local/lib/python3.7/site-packages/airflow/example_dags/example_branch_operator_decorator.py
[2022-07-11 09:20:58,934] {processor.py:641} INFO - Processing file /home/airflow/.local/lib/python3.7/site-packages/airflow/example_dags/example_branch_operator_decorator.py for tasks to queue
[2022-07-11 09:20:58,935] {logging_mixin.py:115} INFO - [2022-07-11 09:20:58,935] {dagbag.py:507} INFO - Filling up the DagBag from /home/airflow/.local/lib/python3.7/site-packages/airflow/example_dags/example_branch_operator_decorator.py
[2022-07-11 09:20:58,948] {processor.py:651} INFO - DAG(s) dict_keys(['example_branch_python_operator_decorator']) retrieved from /home/airflow/.local/lib/python3.7/site-packages/airflow/example_dags/example_branch_operator_decorator.py
[2022-07-11 09:20:58,965] {logging_mixin.py:115} INFO - [2022-07-11 09:20:58,965] {dag.py:2379} INFO - Sync 1 DAGs
[2022-07-11 09:20:58,979] {logging_mixin.py:115} INFO - [2022-07-11 09:20:58,979] {dag.py:2931} INFO - Setting next_dagrun for example_branch_python_operator_decorator to 2022-07-10T00:00:00+00:00, run_after=2022-07-11T00:00:00+00:00
[2022-07-11 09:20:58,989] {processor.py:161} INFO - Processing /home/airflow/.local/lib/python3.7/site-packages/airflow/example_dags/example_branch_operator_decorator.py took 0.059 seconds
[2022-07-11 09:21:29,145] {processor.py:153} INFO - Started process (PID=863) to work on /home/airflow/.local/lib/python3.7/site-packages/airflow/example_dags/example_branch_operator_decorator.py
[2022-07-11 09:21:29,160] {processor.py:641} INFO - Processing file /home/airflow/.local/lib/python3.7/site-packages/airflow/example_dags/example_branch_operator_decorator.py for tasks to queue
[2022-07-11 09:21:29,168] {logging_mixin.py:115} INFO - [2022-07-11 09:21:29,168] {dagbag.py:507} INFO - Filling up the DagBag from /home/airflow/.local/lib/python3.7/site-packages/airflow/example_dags/example_branch_operator_decorator.py
[2022-07-11 09:21:29,237] {processor.py:651} INFO - DAG(s) dict_keys(['example_branch_python_operator_decorator']) retrieved from /home/airflow/.local/lib/python3.7/site-packages/airflow/example_dags/example_branch_operator_decorator.py
[2022-07-11 09:21:29,274] {logging_mixin.py:115} INFO - [2022-07-11 09:21:29,274] {dag.py:2379} INFO - Sync 1 DAGs
[2022-07-11 09:21:29,297] {logging_mixin.py:115} INFO - [2022-07-11 09:21:29,297] {dag.py:2931} INFO - Setting next_dagrun for example_branch_python_operator_decorator to 2022-07-10T00:00:00+00:00, run_after=2022-07-11T00:00:00+00:00
[2022-07-11 09:21:29,310] {processor.py:161} INFO - Processing /home/airflow/.local/lib/python3.7/site-packages/airflow/example_dags/example_branch_operator_decorator.py took 0.167 seconds
[2022-07-11 09:21:59,526] {processor.py:153} INFO - Started process (PID=919) to work on /home/airflow/.local/lib/python3.7/site-packages/airflow/example_dags/example_branch_operator_decorator.py
[2022-07-11 09:21:59,528] {processor.py:641} INFO - Processing file /home/airflow/.local/lib/python3.7/site-packages/airflow/example_dags/example_branch_operator_decorator.py for tasks to queue
[2022-07-11 09:21:59,531] {logging_mixin.py:115} INFO - [2022-07-11 09:21:59,531] {dagbag.py:507} INFO - Filling up the DagBag from /home/airflow/.local/lib/python3.7/site-packages/airflow/example_dags/example_branch_operator_decorator.py
[2022-07-11 09:21:59,551] {processor.py:651} INFO - DAG(s) dict_keys(['example_branch_python_operator_decorator']) retrieved from /home/airflow/.local/lib/python3.7/site-packages/airflow/example_dags/example_branch_operator_decorator.py
[2022-07-11 09:21:59,596] {logging_mixin.py:115} INFO - [2022-07-11 09:21:59,596] {dag.py:2379} INFO - Sync 1 DAGs
[2022-07-11 09:21:59,620] {logging_mixin.py:115} INFO - [2022-07-11 09:21:59,620] {dag.py:2931} INFO - Setting next_dagrun for example_branch_python_operator_decorator to 2022-07-10T00:00:00+00:00, run_after=2022-07-11T00:00:00+00:00
[2022-07-11 09:21:59,635] {processor.py:161} INFO - Processing /home/airflow/.local/lib/python3.7/site-packages/airflow/example_dags/example_branch_operator_decorator.py took 0.112 seconds
[2022-07-11 09:22:30,616] {processor.py:153} INFO - Started process (PID=987) to work on /home/airflow/.local/lib/python3.7/site-packages/airflow/example_dags/example_branch_operator_decorator.py
[2022-07-11 09:22:30,625] {processor.py:641} INFO - Processing file /home/airflow/.local/lib/python3.7/site-packages/airflow/example_dags/example_branch_operator_decorator.py for tasks to queue
[2022-07-11 09:22:30,628] {logging_mixin.py:115} INFO - [2022-07-11 09:22:30,628] {dagbag.py:507} INFO - Filling up the DagBag from /home/airflow/.local/lib/python3.7/site-packages/airflow/example_dags/example_branch_operator_decorator.py
[2022-07-11 09:22:30,641] {processor.py:651} INFO - DAG(s) dict_keys(['example_branch_python_operator_decorator']) retrieved from /home/airflow/.local/lib/python3.7/site-packages/airflow/example_dags/example_branch_operator_decorator.py
[2022-07-11 09:22:30,669] {logging_mixin.py:115} INFO - [2022-07-11 09:22:30,669] {dag.py:2379} INFO - Sync 1 DAGs
[2022-07-11 09:22:30,735] {logging_mixin.py:115} INFO - [2022-07-11 09:22:30,735] {dag.py:2931} INFO - Setting next_dagrun for example_branch_python_operator_decorator to 2022-07-10T00:00:00+00:00, run_after=2022-07-11T00:00:00+00:00
[2022-07-11 09:22:30,760] {processor.py:161} INFO - Processing /home/airflow/.local/lib/python3.7/site-packages/airflow/example_dags/example_branch_operator_decorator.py took 0.147 seconds
[2022-07-11 09:23:01,331] {processor.py:153} INFO - Started process (PID=1052) to work on /home/airflow/.local/lib/python3.7/site-packages/airflow/example_dags/example_branch_operator_decorator.py
[2022-07-11 09:23:01,332] {processor.py:641} INFO - Processing file /home/airflow/.local/lib/python3.7/site-packages/airflow/example_dags/example_branch_operator_decorator.py for tasks to queue
[2022-07-11 09:23:01,333] {logging_mixin.py:115} INFO - [2022-07-11 09:23:01,333] {dagbag.py:507} INFO - Filling up the DagBag from /home/airflow/.local/lib/python3.7/site-packages/airflow/example_dags/example_branch_operator_decorator.py
[2022-07-11 09:23:01,344] {processor.py:651} INFO - DAG(s) dict_keys(['example_branch_python_operator_decorator']) retrieved from /home/airflow/.local/lib/python3.7/site-packages/airflow/example_dags/example_branch_operator_decorator.py
[2022-07-11 09:23:01,377] {logging_mixin.py:115} INFO - [2022-07-11 09:23:01,377] {dag.py:2379} INFO - Sync 1 DAGs
[2022-07-11 09:23:01,408] {logging_mixin.py:115} INFO - [2022-07-11 09:23:01,407] {dag.py:2931} INFO - Setting next_dagrun for example_branch_python_operator_decorator to 2022-07-10T00:00:00+00:00, run_after=2022-07-11T00:00:00+00:00
[2022-07-11 09:23:01,420] {processor.py:161} INFO - Processing /home/airflow/.local/lib/python3.7/site-packages/airflow/example_dags/example_branch_operator_decorator.py took 0.091 seconds
[2022-07-11 09:23:31,846] {processor.py:153} INFO - Started process (PID=1116) to work on /home/airflow/.local/lib/python3.7/site-packages/airflow/example_dags/example_branch_operator_decorator.py
[2022-07-11 09:23:31,847] {processor.py:641} INFO - Processing file /home/airflow/.local/lib/python3.7/site-packages/airflow/example_dags/example_branch_operator_decorator.py for tasks to queue
[2022-07-11 09:23:31,849] {logging_mixin.py:115} INFO - [2022-07-11 09:23:31,849] {dagbag.py:507} INFO - Filling up the DagBag from /home/airflow/.local/lib/python3.7/site-packages/airflow/example_dags/example_branch_operator_decorator.py
[2022-07-11 09:23:31,860] {processor.py:651} INFO - DAG(s) dict_keys(['example_branch_python_operator_decorator']) retrieved from /home/airflow/.local/lib/python3.7/site-packages/airflow/example_dags/example_branch_operator_decorator.py
[2022-07-11 09:23:31,880] {logging_mixin.py:115} INFO - [2022-07-11 09:23:31,880] {dag.py:2379} INFO - Sync 1 DAGs
[2022-07-11 09:23:31,894] {logging_mixin.py:115} INFO - [2022-07-11 09:23:31,894] {dag.py:2931} INFO - Setting next_dagrun for example_branch_python_operator_decorator to 2022-07-10T00:00:00+00:00, run_after=2022-07-11T00:00:00+00:00
[2022-07-11 09:23:31,905] {processor.py:161} INFO - Processing /home/airflow/.local/lib/python3.7/site-packages/airflow/example_dags/example_branch_operator_decorator.py took 0.061 seconds
[2022-07-11 09:24:02,011] {processor.py:153} INFO - Started process (PID=1178) to work on /home/airflow/.local/lib/python3.7/site-packages/airflow/example_dags/example_branch_operator_decorator.py
[2022-07-11 09:24:02,012] {processor.py:641} INFO - Processing file /home/airflow/.local/lib/python3.7/site-packages/airflow/example_dags/example_branch_operator_decorator.py for tasks to queue
[2022-07-11 09:24:02,013] {logging_mixin.py:115} INFO - [2022-07-11 09:24:02,013] {dagbag.py:507} INFO - Filling up the DagBag from /home/airflow/.local/lib/python3.7/site-packages/airflow/example_dags/example_branch_operator_decorator.py
[2022-07-11 09:24:02,026] {processor.py:651} INFO - DAG(s) dict_keys(['example_branch_python_operator_decorator']) retrieved from /home/airflow/.local/lib/python3.7/site-packages/airflow/example_dags/example_branch_operator_decorator.py
[2022-07-11 09:24:02,045] {logging_mixin.py:115} INFO - [2022-07-11 09:24:02,045] {dag.py:2379} INFO - Sync 1 DAGs
[2022-07-11 09:24:02,060] {logging_mixin.py:115} INFO - [2022-07-11 09:24:02,060] {dag.py:2931} INFO - Setting next_dagrun for example_branch_python_operator_decorator to 2022-07-10T00:00:00+00:00, run_after=2022-07-11T00:00:00+00:00
[2022-07-11 09:24:02,068] {processor.py:161} INFO - Processing /home/airflow/.local/lib/python3.7/site-packages/airflow/example_dags/example_branch_operator_decorator.py took 0.060 seconds
[2022-07-11 09:24:32,997] {processor.py:153} INFO - Started process (PID=1236) to work on /home/airflow/.local/lib/python3.7/site-packages/airflow/example_dags/example_branch_operator_decorator.py
[2022-07-11 09:24:33,000] {processor.py:641} INFO - Processing file /home/airflow/.local/lib/python3.7/site-packages/airflow/example_dags/example_branch_operator_decorator.py for tasks to queue
[2022-07-11 09:24:33,001] {logging_mixin.py:115} INFO - [2022-07-11 09:24:33,001] {dagbag.py:507} INFO - Filling up the DagBag from /home/airflow/.local/lib/python3.7/site-packages/airflow/example_dags/example_branch_operator_decorator.py
[2022-07-11 09:24:33,019] {processor.py:651} INFO - DAG(s) dict_keys(['example_branch_python_operator_decorator']) retrieved from /home/airflow/.local/lib/python3.7/site-packages/airflow/example_dags/example_branch_operator_decorator.py
[2022-07-11 09:24:33,050] {logging_mixin.py:115} INFO - [2022-07-11 09:24:33,050] {dag.py:2379} INFO - Sync 1 DAGs
[2022-07-11 09:24:33,084] {logging_mixin.py:115} INFO - [2022-07-11 09:24:33,084] {dag.py:2931} INFO - Setting next_dagrun for example_branch_python_operator_decorator to 2022-07-10T00:00:00+00:00, run_after=2022-07-11T00:00:00+00:00
[2022-07-11 09:24:33,102] {processor.py:161} INFO - Processing /home/airflow/.local/lib/python3.7/site-packages/airflow/example_dags/example_branch_operator_decorator.py took 0.107 seconds
[2022-07-11 09:25:03,997] {processor.py:153} INFO - Started process (PID=1299) to work on /home/airflow/.local/lib/python3.7/site-packages/airflow/example_dags/example_branch_operator_decorator.py
[2022-07-11 09:25:03,998] {processor.py:641} INFO - Processing file /home/airflow/.local/lib/python3.7/site-packages/airflow/example_dags/example_branch_operator_decorator.py for tasks to queue
[2022-07-11 09:25:03,999] {logging_mixin.py:115} INFO - [2022-07-11 09:25:03,999] {dagbag.py:507} INFO - Filling up the DagBag from /home/airflow/.local/lib/python3.7/site-packages/airflow/example_dags/example_branch_operator_decorator.py
[2022-07-11 09:25:04,012] {processor.py:651} INFO - DAG(s) dict_keys(['example_branch_python_operator_decorator']) retrieved from /home/airflow/.local/lib/python3.7/site-packages/airflow/example_dags/example_branch_operator_decorator.py
[2022-07-11 09:25:04,034] {logging_mixin.py:115} INFO - [2022-07-11 09:25:04,034] {dag.py:2379} INFO - Sync 1 DAGs
[2022-07-11 09:25:04,048] {logging_mixin.py:115} INFO - [2022-07-11 09:25:04,048] {dag.py:2931} INFO - Setting next_dagrun for example_branch_python_operator_decorator to 2022-07-10T00:00:00+00:00, run_after=2022-07-11T00:00:00+00:00
[2022-07-11 09:25:04,057] {processor.py:161} INFO - Processing /home/airflow/.local/lib/python3.7/site-packages/airflow/example_dags/example_branch_operator_decorator.py took 0.063 seconds
[2022-07-11 09:25:34,955] {processor.py:153} INFO - Started process (PID=1364) to work on /home/airflow/.local/lib/python3.7/site-packages/airflow/example_dags/example_branch_operator_decorator.py
[2022-07-11 09:25:34,961] {processor.py:641} INFO - Processing file /home/airflow/.local/lib/python3.7/site-packages/airflow/example_dags/example_branch_operator_decorator.py for tasks to queue
[2022-07-11 09:25:34,962] {logging_mixin.py:115} INFO - [2022-07-11 09:25:34,962] {dagbag.py:507} INFO - Filling up the DagBag from /home/airflow/.local/lib/python3.7/site-packages/airflow/example_dags/example_branch_operator_decorator.py
[2022-07-11 09:25:34,974] {processor.py:651} INFO - DAG(s) dict_keys(['example_branch_python_operator_decorator']) retrieved from /home/airflow/.local/lib/python3.7/site-packages/airflow/example_dags/example_branch_operator_decorator.py
[2022-07-11 09:25:35,006] {logging_mixin.py:115} INFO - [2022-07-11 09:25:35,006] {dag.py:2379} INFO - Sync 1 DAGs
[2022-07-11 09:25:35,034] {logging_mixin.py:115} INFO - [2022-07-11 09:25:35,034] {dag.py:2931} INFO - Setting next_dagrun for example_branch_python_operator_decorator to 2022-07-10T00:00:00+00:00, run_after=2022-07-11T00:00:00+00:00
[2022-07-11 09:25:35,056] {processor.py:161} INFO - Processing /home/airflow/.local/lib/python3.7/site-packages/airflow/example_dags/example_branch_operator_decorator.py took 0.107 seconds
[2022-07-11 09:26:05,285] {processor.py:153} INFO - Started process (PID=1428) to work on /home/airflow/.local/lib/python3.7/site-packages/airflow/example_dags/example_branch_operator_decorator.py
[2022-07-11 09:26:05,296] {processor.py:641} INFO - Processing file /home/airflow/.local/lib/python3.7/site-packages/airflow/example_dags/example_branch_operator_decorator.py for tasks to queue
[2022-07-11 09:26:05,297] {logging_mixin.py:115} INFO - [2022-07-11 09:26:05,297] {dagbag.py:507} INFO - Filling up the DagBag from /home/airflow/.local/lib/python3.7/site-packages/airflow/example_dags/example_branch_operator_decorator.py
[2022-07-11 09:26:05,309] {processor.py:651} INFO - DAG(s) dict_keys(['example_branch_python_operator_decorator']) retrieved from /home/airflow/.local/lib/python3.7/site-packages/airflow/example_dags/example_branch_operator_decorator.py
[2022-07-11 09:26:05,329] {logging_mixin.py:115} INFO - [2022-07-11 09:26:05,329] {dag.py:2379} INFO - Sync 1 DAGs
[2022-07-11 09:26:05,345] {logging_mixin.py:115} INFO - [2022-07-11 09:26:05,345] {dag.py:2931} INFO - Setting next_dagrun for example_branch_python_operator_decorator to 2022-07-10T00:00:00+00:00, run_after=2022-07-11T00:00:00+00:00
[2022-07-11 09:26:05,354] {processor.py:161} INFO - Processing /home/airflow/.local/lib/python3.7/site-packages/airflow/example_dags/example_branch_operator_decorator.py took 0.071 seconds
[2022-07-11 09:26:35,436] {processor.py:153} INFO - Started process (PID=1492) to work on /home/airflow/.local/lib/python3.7/site-packages/airflow/example_dags/example_branch_operator_decorator.py
[2022-07-11 09:26:35,439] {processor.py:641} INFO - Processing file /home/airflow/.local/lib/python3.7/site-packages/airflow/example_dags/example_branch_operator_decorator.py for tasks to queue
[2022-07-11 09:26:35,445] {logging_mixin.py:115} INFO - [2022-07-11 09:26:35,445] {dagbag.py:507} INFO - Filling up the DagBag from /home/airflow/.local/lib/python3.7/site-packages/airflow/example_dags/example_branch_operator_decorator.py
[2022-07-11 09:26:35,476] {processor.py:651} INFO - DAG(s) dict_keys(['example_branch_python_operator_decorator']) retrieved from /home/airflow/.local/lib/python3.7/site-packages/airflow/example_dags/example_branch_operator_decorator.py
[2022-07-11 09:26:35,510] {logging_mixin.py:115} INFO - [2022-07-11 09:26:35,509] {dag.py:2379} INFO - Sync 1 DAGs
[2022-07-11 09:26:35,544] {logging_mixin.py:115} INFO - [2022-07-11 09:26:35,544] {dag.py:2931} INFO - Setting next_dagrun for example_branch_python_operator_decorator to 2022-07-10T00:00:00+00:00, run_after=2022-07-11T00:00:00+00:00
[2022-07-11 09:26:35,561] {processor.py:161} INFO - Processing /home/airflow/.local/lib/python3.7/site-packages/airflow/example_dags/example_branch_operator_decorator.py took 0.128 seconds
[2022-07-11 09:27:06,159] {processor.py:153} INFO - Started process (PID=1548) to work on /home/airflow/.local/lib/python3.7/site-packages/airflow/example_dags/example_branch_operator_decorator.py
[2022-07-11 09:27:06,160] {processor.py:641} INFO - Processing file /home/airflow/.local/lib/python3.7/site-packages/airflow/example_dags/example_branch_operator_decorator.py for tasks to queue
[2022-07-11 09:27:06,162] {logging_mixin.py:115} INFO - [2022-07-11 09:27:06,162] {dagbag.py:507} INFO - Filling up the DagBag from /home/airflow/.local/lib/python3.7/site-packages/airflow/example_dags/example_branch_operator_decorator.py
[2022-07-11 09:27:06,174] {processor.py:651} INFO - DAG(s) dict_keys(['example_branch_python_operator_decorator']) retrieved from /home/airflow/.local/lib/python3.7/site-packages/airflow/example_dags/example_branch_operator_decorator.py
[2022-07-11 09:27:06,193] {logging_mixin.py:115} INFO - [2022-07-11 09:27:06,193] {dag.py:2379} INFO - Sync 1 DAGs
[2022-07-11 09:27:06,208] {logging_mixin.py:115} INFO - [2022-07-11 09:27:06,208] {dag.py:2931} INFO - Setting next_dagrun for example_branch_python_operator_decorator to 2022-07-10T00:00:00+00:00, run_after=2022-07-11T00:00:00+00:00
[2022-07-11 09:27:06,216] {processor.py:161} INFO - Processing /home/airflow/.local/lib/python3.7/site-packages/airflow/example_dags/example_branch_operator_decorator.py took 0.060 seconds
[2022-07-11 09:27:36,298] {processor.py:153} INFO - Started process (PID=1612) to work on /home/airflow/.local/lib/python3.7/site-packages/airflow/example_dags/example_branch_operator_decorator.py
[2022-07-11 09:27:36,303] {processor.py:641} INFO - Processing file /home/airflow/.local/lib/python3.7/site-packages/airflow/example_dags/example_branch_operator_decorator.py for tasks to queue
[2022-07-11 09:27:36,305] {logging_mixin.py:115} INFO - [2022-07-11 09:27:36,305] {dagbag.py:507} INFO - Filling up the DagBag from /home/airflow/.local/lib/python3.7/site-packages/airflow/example_dags/example_branch_operator_decorator.py
[2022-07-11 09:27:36,319] {processor.py:651} INFO - DAG(s) dict_keys(['example_branch_python_operator_decorator']) retrieved from /home/airflow/.local/lib/python3.7/site-packages/airflow/example_dags/example_branch_operator_decorator.py
[2022-07-11 09:27:36,337] {logging_mixin.py:115} INFO - [2022-07-11 09:27:36,337] {dag.py:2379} INFO - Sync 1 DAGs
[2022-07-11 09:27:36,353] {logging_mixin.py:115} INFO - [2022-07-11 09:27:36,353] {dag.py:2931} INFO - Setting next_dagrun for example_branch_python_operator_decorator to 2022-07-10T00:00:00+00:00, run_after=2022-07-11T00:00:00+00:00
[2022-07-11 09:27:36,365] {processor.py:161} INFO - Processing /home/airflow/.local/lib/python3.7/site-packages/airflow/example_dags/example_branch_operator_decorator.py took 0.069 seconds
[2022-07-11 09:28:06,975] {processor.py:153} INFO - Started process (PID=1677) to work on /home/airflow/.local/lib/python3.7/site-packages/airflow/example_dags/example_branch_operator_decorator.py
[2022-07-11 09:28:06,980] {processor.py:641} INFO - Processing file /home/airflow/.local/lib/python3.7/site-packages/airflow/example_dags/example_branch_operator_decorator.py for tasks to queue
[2022-07-11 09:28:06,983] {logging_mixin.py:115} INFO - [2022-07-11 09:28:06,983] {dagbag.py:507} INFO - Filling up the DagBag from /home/airflow/.local/lib/python3.7/site-packages/airflow/example_dags/example_branch_operator_decorator.py
[2022-07-11 09:28:06,999] {processor.py:651} INFO - DAG(s) dict_keys(['example_branch_python_operator_decorator']) retrieved from /home/airflow/.local/lib/python3.7/site-packages/airflow/example_dags/example_branch_operator_decorator.py
[2022-07-11 09:28:07,018] {logging_mixin.py:115} INFO - [2022-07-11 09:28:07,017] {dag.py:2379} INFO - Sync 1 DAGs
[2022-07-11 09:28:07,032] {logging_mixin.py:115} INFO - [2022-07-11 09:28:07,032] {dag.py:2931} INFO - Setting next_dagrun for example_branch_python_operator_decorator to 2022-07-10T00:00:00+00:00, run_after=2022-07-11T00:00:00+00:00
[2022-07-11 09:28:07,042] {processor.py:161} INFO - Processing /home/airflow/.local/lib/python3.7/site-packages/airflow/example_dags/example_branch_operator_decorator.py took 0.069 seconds
[2022-07-11 09:28:37,089] {processor.py:153} INFO - Started process (PID=1740) to work on /home/airflow/.local/lib/python3.7/site-packages/airflow/example_dags/example_branch_operator_decorator.py
[2022-07-11 09:28:37,090] {processor.py:641} INFO - Processing file /home/airflow/.local/lib/python3.7/site-packages/airflow/example_dags/example_branch_operator_decorator.py for tasks to queue
[2022-07-11 09:28:37,092] {logging_mixin.py:115} INFO - [2022-07-11 09:28:37,091] {dagbag.py:507} INFO - Filling up the DagBag from /home/airflow/.local/lib/python3.7/site-packages/airflow/example_dags/example_branch_operator_decorator.py
[2022-07-11 09:28:37,104] {processor.py:651} INFO - DAG(s) dict_keys(['example_branch_python_operator_decorator']) retrieved from /home/airflow/.local/lib/python3.7/site-packages/airflow/example_dags/example_branch_operator_decorator.py
[2022-07-11 09:28:37,121] {logging_mixin.py:115} INFO - [2022-07-11 09:28:37,121] {dag.py:2379} INFO - Sync 1 DAGs
[2022-07-11 09:28:37,136] {logging_mixin.py:115} INFO - [2022-07-11 09:28:37,136] {dag.py:2931} INFO - Setting next_dagrun for example_branch_python_operator_decorator to 2022-07-10T00:00:00+00:00, run_after=2022-07-11T00:00:00+00:00
[2022-07-11 09:28:37,143] {processor.py:161} INFO - Processing /home/airflow/.local/lib/python3.7/site-packages/airflow/example_dags/example_branch_operator_decorator.py took 0.057 seconds
[2022-07-11 09:29:07,213] {processor.py:153} INFO - Started process (PID=1806) to work on /home/airflow/.local/lib/python3.7/site-packages/airflow/example_dags/example_branch_operator_decorator.py
[2022-07-11 09:29:07,214] {processor.py:641} INFO - Processing file /home/airflow/.local/lib/python3.7/site-packages/airflow/example_dags/example_branch_operator_decorator.py for tasks to queue
[2022-07-11 09:29:07,216] {logging_mixin.py:115} INFO - [2022-07-11 09:29:07,215] {dagbag.py:507} INFO - Filling up the DagBag from /home/airflow/.local/lib/python3.7/site-packages/airflow/example_dags/example_branch_operator_decorator.py
[2022-07-11 09:29:07,227] {processor.py:651} INFO - DAG(s) dict_keys(['example_branch_python_operator_decorator']) retrieved from /home/airflow/.local/lib/python3.7/site-packages/airflow/example_dags/example_branch_operator_decorator.py
[2022-07-11 09:29:07,243] {logging_mixin.py:115} INFO - [2022-07-11 09:29:07,243] {dag.py:2379} INFO - Sync 1 DAGs
[2022-07-11 09:29:07,257] {logging_mixin.py:115} INFO - [2022-07-11 09:29:07,257] {dag.py:2931} INFO - Setting next_dagrun for example_branch_python_operator_decorator to 2022-07-10T00:00:00+00:00, run_after=2022-07-11T00:00:00+00:00
[2022-07-11 09:29:07,266] {processor.py:161} INFO - Processing /home/airflow/.local/lib/python3.7/site-packages/airflow/example_dags/example_branch_operator_decorator.py took 0.055 seconds
[2022-07-11 09:29:37,778] {processor.py:153} INFO - Started process (PID=1862) to work on /home/airflow/.local/lib/python3.7/site-packages/airflow/example_dags/example_branch_operator_decorator.py
[2022-07-11 09:29:37,779] {processor.py:641} INFO - Processing file /home/airflow/.local/lib/python3.7/site-packages/airflow/example_dags/example_branch_operator_decorator.py for tasks to queue
[2022-07-11 09:29:37,783] {logging_mixin.py:115} INFO - [2022-07-11 09:29:37,783] {dagbag.py:507} INFO - Filling up the DagBag from /home/airflow/.local/lib/python3.7/site-packages/airflow/example_dags/example_branch_operator_decorator.py
[2022-07-11 09:29:37,796] {processor.py:651} INFO - DAG(s) dict_keys(['example_branch_python_operator_decorator']) retrieved from /home/airflow/.local/lib/python3.7/site-packages/airflow/example_dags/example_branch_operator_decorator.py
[2022-07-11 09:29:37,826] {logging_mixin.py:115} INFO - [2022-07-11 09:29:37,826] {dag.py:2379} INFO - Sync 1 DAGs
[2022-07-11 09:29:37,850] {logging_mixin.py:115} INFO - [2022-07-11 09:29:37,850] {dag.py:2931} INFO - Setting next_dagrun for example_branch_python_operator_decorator to 2022-07-10T00:00:00+00:00, run_after=2022-07-11T00:00:00+00:00
[2022-07-11 09:29:37,867] {processor.py:161} INFO - Processing /home/airflow/.local/lib/python3.7/site-packages/airflow/example_dags/example_branch_operator_decorator.py took 0.091 seconds
[2022-07-11 09:30:08,601] {processor.py:153} INFO - Started process (PID=1926) to work on /home/airflow/.local/lib/python3.7/site-packages/airflow/example_dags/example_branch_operator_decorator.py
[2022-07-11 09:30:08,603] {processor.py:641} INFO - Processing file /home/airflow/.local/lib/python3.7/site-packages/airflow/example_dags/example_branch_operator_decorator.py for tasks to queue
[2022-07-11 09:30:08,605] {logging_mixin.py:115} INFO - [2022-07-11 09:30:08,605] {dagbag.py:507} INFO - Filling up the DagBag from /home/airflow/.local/lib/python3.7/site-packages/airflow/example_dags/example_branch_operator_decorator.py
[2022-07-11 09:30:08,628] {processor.py:651} INFO - DAG(s) dict_keys(['example_branch_python_operator_decorator']) retrieved from /home/airflow/.local/lib/python3.7/site-packages/airflow/example_dags/example_branch_operator_decorator.py
[2022-07-11 09:30:08,654] {logging_mixin.py:115} INFO - [2022-07-11 09:30:08,654] {dag.py:2379} INFO - Sync 1 DAGs
[2022-07-11 09:30:08,669] {logging_mixin.py:115} INFO - [2022-07-11 09:30:08,669] {dag.py:2931} INFO - Setting next_dagrun for example_branch_python_operator_decorator to 2022-07-10T00:00:00+00:00, run_after=2022-07-11T00:00:00+00:00
[2022-07-11 09:30:08,687] {processor.py:161} INFO - Processing /home/airflow/.local/lib/python3.7/site-packages/airflow/example_dags/example_branch_operator_decorator.py took 0.090 seconds
[2022-07-11 09:30:38,967] {processor.py:153} INFO - Started process (PID=1991) to work on /home/airflow/.local/lib/python3.7/site-packages/airflow/example_dags/example_branch_operator_decorator.py
[2022-07-11 09:30:38,970] {processor.py:641} INFO - Processing file /home/airflow/.local/lib/python3.7/site-packages/airflow/example_dags/example_branch_operator_decorator.py for tasks to queue
[2022-07-11 09:30:38,971] {logging_mixin.py:115} INFO - [2022-07-11 09:30:38,971] {dagbag.py:507} INFO - Filling up the DagBag from /home/airflow/.local/lib/python3.7/site-packages/airflow/example_dags/example_branch_operator_decorator.py
[2022-07-11 09:30:38,989] {processor.py:651} INFO - DAG(s) dict_keys(['example_branch_python_operator_decorator']) retrieved from /home/airflow/.local/lib/python3.7/site-packages/airflow/example_dags/example_branch_operator_decorator.py
[2022-07-11 09:30:39,009] {logging_mixin.py:115} INFO - [2022-07-11 09:30:39,009] {dag.py:2379} INFO - Sync 1 DAGs
[2022-07-11 09:30:39,024] {logging_mixin.py:115} INFO - [2022-07-11 09:30:39,024] {dag.py:2931} INFO - Setting next_dagrun for example_branch_python_operator_decorator to 2022-07-10T00:00:00+00:00, run_after=2022-07-11T00:00:00+00:00
[2022-07-11 09:30:39,036] {processor.py:161} INFO - Processing /home/airflow/.local/lib/python3.7/site-packages/airflow/example_dags/example_branch_operator_decorator.py took 0.071 seconds
[2022-07-11 09:31:09,143] {processor.py:153} INFO - Started process (PID=2056) to work on /home/airflow/.local/lib/python3.7/site-packages/airflow/example_dags/example_branch_operator_decorator.py
[2022-07-11 09:31:09,146] {processor.py:641} INFO - Processing file /home/airflow/.local/lib/python3.7/site-packages/airflow/example_dags/example_branch_operator_decorator.py for tasks to queue
[2022-07-11 09:31:09,148] {logging_mixin.py:115} INFO - [2022-07-11 09:31:09,148] {dagbag.py:507} INFO - Filling up the DagBag from /home/airflow/.local/lib/python3.7/site-packages/airflow/example_dags/example_branch_operator_decorator.py
[2022-07-11 09:31:09,172] {processor.py:651} INFO - DAG(s) dict_keys(['example_branch_python_operator_decorator']) retrieved from /home/airflow/.local/lib/python3.7/site-packages/airflow/example_dags/example_branch_operator_decorator.py
[2022-07-11 09:31:09,201] {logging_mixin.py:115} INFO - [2022-07-11 09:31:09,201] {dag.py:2379} INFO - Sync 1 DAGs
[2022-07-11 09:31:09,229] {logging_mixin.py:115} INFO - [2022-07-11 09:31:09,229] {dag.py:2931} INFO - Setting next_dagrun for example_branch_python_operator_decorator to 2022-07-10T00:00:00+00:00, run_after=2022-07-11T00:00:00+00:00
[2022-07-11 09:31:09,240] {processor.py:161} INFO - Processing /home/airflow/.local/lib/python3.7/site-packages/airflow/example_dags/example_branch_operator_decorator.py took 0.105 seconds
[2022-07-11 09:31:39,302] {processor.py:153} INFO - Started process (PID=2121) to work on /home/airflow/.local/lib/python3.7/site-packages/airflow/example_dags/example_branch_operator_decorator.py
[2022-07-11 09:31:39,305] {processor.py:641} INFO - Processing file /home/airflow/.local/lib/python3.7/site-packages/airflow/example_dags/example_branch_operator_decorator.py for tasks to queue
[2022-07-11 09:31:39,306] {logging_mixin.py:115} INFO - [2022-07-11 09:31:39,306] {dagbag.py:507} INFO - Filling up the DagBag from /home/airflow/.local/lib/python3.7/site-packages/airflow/example_dags/example_branch_operator_decorator.py
[2022-07-11 09:31:39,329] {processor.py:651} INFO - DAG(s) dict_keys(['example_branch_python_operator_decorator']) retrieved from /home/airflow/.local/lib/python3.7/site-packages/airflow/example_dags/example_branch_operator_decorator.py
[2022-07-11 09:31:39,359] {logging_mixin.py:115} INFO - [2022-07-11 09:31:39,359] {dag.py:2379} INFO - Sync 1 DAGs
[2022-07-11 09:31:39,376] {logging_mixin.py:115} INFO - [2022-07-11 09:31:39,376] {dag.py:2931} INFO - Setting next_dagrun for example_branch_python_operator_decorator to 2022-07-10T00:00:00+00:00, run_after=2022-07-11T00:00:00+00:00
[2022-07-11 09:31:39,384] {processor.py:161} INFO - Processing /home/airflow/.local/lib/python3.7/site-packages/airflow/example_dags/example_branch_operator_decorator.py took 0.085 seconds
[2022-07-11 09:32:09,562] {processor.py:153} INFO - Started process (PID=2176) to work on /home/airflow/.local/lib/python3.7/site-packages/airflow/example_dags/example_branch_operator_decorator.py
[2022-07-11 09:32:09,563] {processor.py:641} INFO - Processing file /home/airflow/.local/lib/python3.7/site-packages/airflow/example_dags/example_branch_operator_decorator.py for tasks to queue
[2022-07-11 09:32:09,565] {logging_mixin.py:115} INFO - [2022-07-11 09:32:09,565] {dagbag.py:507} INFO - Filling up the DagBag from /home/airflow/.local/lib/python3.7/site-packages/airflow/example_dags/example_branch_operator_decorator.py
[2022-07-11 09:32:09,577] {processor.py:651} INFO - DAG(s) dict_keys(['example_branch_python_operator_decorator']) retrieved from /home/airflow/.local/lib/python3.7/site-packages/airflow/example_dags/example_branch_operator_decorator.py
[2022-07-11 09:32:09,593] {logging_mixin.py:115} INFO - [2022-07-11 09:32:09,593] {dag.py:2379} INFO - Sync 1 DAGs
[2022-07-11 09:32:09,608] {logging_mixin.py:115} INFO - [2022-07-11 09:32:09,608] {dag.py:2931} INFO - Setting next_dagrun for example_branch_python_operator_decorator to 2022-07-10T00:00:00+00:00, run_after=2022-07-11T00:00:00+00:00
[2022-07-11 09:32:09,617] {processor.py:161} INFO - Processing /home/airflow/.local/lib/python3.7/site-packages/airflow/example_dags/example_branch_operator_decorator.py took 0.057 seconds
[2022-07-11 09:32:40,211] {processor.py:153} INFO - Started process (PID=2240) to work on /home/airflow/.local/lib/python3.7/site-packages/airflow/example_dags/example_branch_operator_decorator.py
[2022-07-11 09:32:40,213] {processor.py:641} INFO - Processing file /home/airflow/.local/lib/python3.7/site-packages/airflow/example_dags/example_branch_operator_decorator.py for tasks to queue
[2022-07-11 09:32:40,214] {logging_mixin.py:115} INFO - [2022-07-11 09:32:40,214] {dagbag.py:507} INFO - Filling up the DagBag from /home/airflow/.local/lib/python3.7/site-packages/airflow/example_dags/example_branch_operator_decorator.py
[2022-07-11 09:32:40,230] {processor.py:651} INFO - DAG(s) dict_keys(['example_branch_python_operator_decorator']) retrieved from /home/airflow/.local/lib/python3.7/site-packages/airflow/example_dags/example_branch_operator_decorator.py
[2022-07-11 09:32:40,253] {logging_mixin.py:115} INFO - [2022-07-11 09:32:40,253] {dag.py:2379} INFO - Sync 1 DAGs
[2022-07-11 09:32:40,277] {logging_mixin.py:115} INFO - [2022-07-11 09:32:40,276] {dag.py:2931} INFO - Setting next_dagrun for example_branch_python_operator_decorator to 2022-07-10T00:00:00+00:00, run_after=2022-07-11T00:00:00+00:00
[2022-07-11 09:32:40,293] {processor.py:161} INFO - Processing /home/airflow/.local/lib/python3.7/site-packages/airflow/example_dags/example_branch_operator_decorator.py took 0.084 seconds
[2022-07-11 09:33:10,398] {processor.py:153} INFO - Started process (PID=2305) to work on /home/airflow/.local/lib/python3.7/site-packages/airflow/example_dags/example_branch_operator_decorator.py
[2022-07-11 09:33:10,400] {processor.py:641} INFO - Processing file /home/airflow/.local/lib/python3.7/site-packages/airflow/example_dags/example_branch_operator_decorator.py for tasks to queue
[2022-07-11 09:33:10,403] {logging_mixin.py:115} INFO - [2022-07-11 09:33:10,403] {dagbag.py:507} INFO - Filling up the DagBag from /home/airflow/.local/lib/python3.7/site-packages/airflow/example_dags/example_branch_operator_decorator.py
[2022-07-11 09:33:10,421] {processor.py:651} INFO - DAG(s) dict_keys(['example_branch_python_operator_decorator']) retrieved from /home/airflow/.local/lib/python3.7/site-packages/airflow/example_dags/example_branch_operator_decorator.py
[2022-07-11 09:33:10,450] {logging_mixin.py:115} INFO - [2022-07-11 09:33:10,450] {dag.py:2379} INFO - Sync 1 DAGs
[2022-07-11 09:33:10,473] {logging_mixin.py:115} INFO - [2022-07-11 09:33:10,473] {dag.py:2931} INFO - Setting next_dagrun for example_branch_python_operator_decorator to 2022-07-10T00:00:00+00:00, run_after=2022-07-11T00:00:00+00:00
[2022-07-11 09:33:10,486] {processor.py:161} INFO - Processing /home/airflow/.local/lib/python3.7/site-packages/airflow/example_dags/example_branch_operator_decorator.py took 0.090 seconds
[2022-07-11 09:33:40,569] {processor.py:153} INFO - Started process (PID=2370) to work on /home/airflow/.local/lib/python3.7/site-packages/airflow/example_dags/example_branch_operator_decorator.py
[2022-07-11 09:33:40,572] {processor.py:641} INFO - Processing file /home/airflow/.local/lib/python3.7/site-packages/airflow/example_dags/example_branch_operator_decorator.py for tasks to queue
[2022-07-11 09:33:40,573] {logging_mixin.py:115} INFO - [2022-07-11 09:33:40,573] {dagbag.py:507} INFO - Filling up the DagBag from /home/airflow/.local/lib/python3.7/site-packages/airflow/example_dags/example_branch_operator_decorator.py
[2022-07-11 09:33:40,598] {processor.py:651} INFO - DAG(s) dict_keys(['example_branch_python_operator_decorator']) retrieved from /home/airflow/.local/lib/python3.7/site-packages/airflow/example_dags/example_branch_operator_decorator.py
[2022-07-11 09:33:40,629] {logging_mixin.py:115} INFO - [2022-07-11 09:33:40,629] {dag.py:2379} INFO - Sync 1 DAGs
[2022-07-11 09:33:40,652] {logging_mixin.py:115} INFO - [2022-07-11 09:33:40,652] {dag.py:2931} INFO - Setting next_dagrun for example_branch_python_operator_decorator to 2022-07-10T00:00:00+00:00, run_after=2022-07-11T00:00:00+00:00
[2022-07-11 09:33:40,671] {processor.py:161} INFO - Processing /home/airflow/.local/lib/python3.7/site-packages/airflow/example_dags/example_branch_operator_decorator.py took 0.105 seconds
[2022-07-11 09:34:10,921] {processor.py:153} INFO - Started process (PID=2435) to work on /home/airflow/.local/lib/python3.7/site-packages/airflow/example_dags/example_branch_operator_decorator.py
[2022-07-11 09:34:10,923] {processor.py:641} INFO - Processing file /home/airflow/.local/lib/python3.7/site-packages/airflow/example_dags/example_branch_operator_decorator.py for tasks to queue
[2022-07-11 09:34:10,925] {logging_mixin.py:115} INFO - [2022-07-11 09:34:10,925] {dagbag.py:507} INFO - Filling up the DagBag from /home/airflow/.local/lib/python3.7/site-packages/airflow/example_dags/example_branch_operator_decorator.py
[2022-07-11 09:34:10,959] {processor.py:651} INFO - DAG(s) dict_keys(['example_branch_python_operator_decorator']) retrieved from /home/airflow/.local/lib/python3.7/site-packages/airflow/example_dags/example_branch_operator_decorator.py
[2022-07-11 09:34:10,992] {logging_mixin.py:115} INFO - [2022-07-11 09:34:10,991] {dag.py:2379} INFO - Sync 1 DAGs
[2022-07-11 09:34:11,016] {logging_mixin.py:115} INFO - [2022-07-11 09:34:11,016] {dag.py:2931} INFO - Setting next_dagrun for example_branch_python_operator_decorator to 2022-07-10T00:00:00+00:00, run_after=2022-07-11T00:00:00+00:00
[2022-07-11 09:34:11,035] {processor.py:161} INFO - Processing /home/airflow/.local/lib/python3.7/site-packages/airflow/example_dags/example_branch_operator_decorator.py took 0.117 seconds
[2022-07-11 09:34:41,320] {processor.py:153} INFO - Started process (PID=2491) to work on /home/airflow/.local/lib/python3.7/site-packages/airflow/example_dags/example_branch_operator_decorator.py
[2022-07-11 09:34:41,322] {processor.py:641} INFO - Processing file /home/airflow/.local/lib/python3.7/site-packages/airflow/example_dags/example_branch_operator_decorator.py for tasks to queue
[2022-07-11 09:34:41,324] {logging_mixin.py:115} INFO - [2022-07-11 09:34:41,324] {dagbag.py:507} INFO - Filling up the DagBag from /home/airflow/.local/lib/python3.7/site-packages/airflow/example_dags/example_branch_operator_decorator.py
[2022-07-11 09:34:41,343] {processor.py:651} INFO - DAG(s) dict_keys(['example_branch_python_operator_decorator']) retrieved from /home/airflow/.local/lib/python3.7/site-packages/airflow/example_dags/example_branch_operator_decorator.py
[2022-07-11 09:34:41,371] {logging_mixin.py:115} INFO - [2022-07-11 09:34:41,370] {dag.py:2379} INFO - Sync 1 DAGs
[2022-07-11 09:34:41,394] {logging_mixin.py:115} INFO - [2022-07-11 09:34:41,393] {dag.py:2931} INFO - Setting next_dagrun for example_branch_python_operator_decorator to 2022-07-10T00:00:00+00:00, run_after=2022-07-11T00:00:00+00:00
[2022-07-11 09:34:41,409] {processor.py:161} INFO - Processing /home/airflow/.local/lib/python3.7/site-packages/airflow/example_dags/example_branch_operator_decorator.py took 0.091 seconds
[2022-07-11 09:35:11,717] {processor.py:153} INFO - Started process (PID=2556) to work on /home/airflow/.local/lib/python3.7/site-packages/airflow/example_dags/example_branch_operator_decorator.py
[2022-07-11 09:35:11,719] {processor.py:641} INFO - Processing file /home/airflow/.local/lib/python3.7/site-packages/airflow/example_dags/example_branch_operator_decorator.py for tasks to queue
[2022-07-11 09:35:11,720] {logging_mixin.py:115} INFO - [2022-07-11 09:35:11,720] {dagbag.py:507} INFO - Filling up the DagBag from /home/airflow/.local/lib/python3.7/site-packages/airflow/example_dags/example_branch_operator_decorator.py
[2022-07-11 09:35:11,741] {processor.py:651} INFO - DAG(s) dict_keys(['example_branch_python_operator_decorator']) retrieved from /home/airflow/.local/lib/python3.7/site-packages/airflow/example_dags/example_branch_operator_decorator.py
[2022-07-11 09:35:11,774] {logging_mixin.py:115} INFO - [2022-07-11 09:35:11,774] {dag.py:2379} INFO - Sync 1 DAGs
[2022-07-11 09:35:11,788] {logging_mixin.py:115} INFO - [2022-07-11 09:35:11,788] {dag.py:2931} INFO - Setting next_dagrun for example_branch_python_operator_decorator to 2022-07-10T00:00:00+00:00, run_after=2022-07-11T00:00:00+00:00
[2022-07-11 09:35:11,800] {processor.py:161} INFO - Processing /home/airflow/.local/lib/python3.7/site-packages/airflow/example_dags/example_branch_operator_decorator.py took 0.086 seconds
[2022-07-11 09:35:42,100] {processor.py:153} INFO - Started process (PID=2619) to work on /home/airflow/.local/lib/python3.7/site-packages/airflow/example_dags/example_branch_operator_decorator.py
[2022-07-11 09:35:42,103] {processor.py:641} INFO - Processing file /home/airflow/.local/lib/python3.7/site-packages/airflow/example_dags/example_branch_operator_decorator.py for tasks to queue
[2022-07-11 09:35:42,105] {logging_mixin.py:115} INFO - [2022-07-11 09:35:42,105] {dagbag.py:507} INFO - Filling up the DagBag from /home/airflow/.local/lib/python3.7/site-packages/airflow/example_dags/example_branch_operator_decorator.py
[2022-07-11 09:35:42,118] {processor.py:651} INFO - DAG(s) dict_keys(['example_branch_python_operator_decorator']) retrieved from /home/airflow/.local/lib/python3.7/site-packages/airflow/example_dags/example_branch_operator_decorator.py
[2022-07-11 09:35:42,136] {logging_mixin.py:115} INFO - [2022-07-11 09:35:42,135] {dag.py:2379} INFO - Sync 1 DAGs
[2022-07-11 09:35:42,151] {logging_mixin.py:115} INFO - [2022-07-11 09:35:42,151] {dag.py:2931} INFO - Setting next_dagrun for example_branch_python_operator_decorator to 2022-07-10T00:00:00+00:00, run_after=2022-07-11T00:00:00+00:00
[2022-07-11 09:35:42,160] {processor.py:161} INFO - Processing /home/airflow/.local/lib/python3.7/site-packages/airflow/example_dags/example_branch_operator_decorator.py took 0.063 seconds
[2022-07-11 09:36:12,491] {processor.py:153} INFO - Started process (PID=2683) to work on /home/airflow/.local/lib/python3.7/site-packages/airflow/example_dags/example_branch_operator_decorator.py
[2022-07-11 09:36:12,495] {processor.py:641} INFO - Processing file /home/airflow/.local/lib/python3.7/site-packages/airflow/example_dags/example_branch_operator_decorator.py for tasks to queue
[2022-07-11 09:36:12,499] {logging_mixin.py:115} INFO - [2022-07-11 09:36:12,499] {dagbag.py:507} INFO - Filling up the DagBag from /home/airflow/.local/lib/python3.7/site-packages/airflow/example_dags/example_branch_operator_decorator.py
[2022-07-11 09:36:12,516] {processor.py:651} INFO - DAG(s) dict_keys(['example_branch_python_operator_decorator']) retrieved from /home/airflow/.local/lib/python3.7/site-packages/airflow/example_dags/example_branch_operator_decorator.py
[2022-07-11 09:36:12,540] {logging_mixin.py:115} INFO - [2022-07-11 09:36:12,540] {dag.py:2379} INFO - Sync 1 DAGs
[2022-07-11 09:36:12,558] {logging_mixin.py:115} INFO - [2022-07-11 09:36:12,558] {dag.py:2931} INFO - Setting next_dagrun for example_branch_python_operator_decorator to 2022-07-10T00:00:00+00:00, run_after=2022-07-11T00:00:00+00:00
[2022-07-11 09:36:12,567] {processor.py:161} INFO - Processing /home/airflow/.local/lib/python3.7/site-packages/airflow/example_dags/example_branch_operator_decorator.py took 0.079 seconds
[2022-07-11 09:36:43,065] {processor.py:153} INFO - Started process (PID=2748) to work on /home/airflow/.local/lib/python3.7/site-packages/airflow/example_dags/example_branch_operator_decorator.py
[2022-07-11 09:36:43,067] {processor.py:641} INFO - Processing file /home/airflow/.local/lib/python3.7/site-packages/airflow/example_dags/example_branch_operator_decorator.py for tasks to queue
[2022-07-11 09:36:43,068] {logging_mixin.py:115} INFO - [2022-07-11 09:36:43,068] {dagbag.py:507} INFO - Filling up the DagBag from /home/airflow/.local/lib/python3.7/site-packages/airflow/example_dags/example_branch_operator_decorator.py
[2022-07-11 09:36:43,089] {processor.py:651} INFO - DAG(s) dict_keys(['example_branch_python_operator_decorator']) retrieved from /home/airflow/.local/lib/python3.7/site-packages/airflow/example_dags/example_branch_operator_decorator.py
[2022-07-11 09:36:43,126] {logging_mixin.py:115} INFO - [2022-07-11 09:36:43,126] {dag.py:2379} INFO - Sync 1 DAGs
[2022-07-11 09:36:43,143] {logging_mixin.py:115} INFO - [2022-07-11 09:36:43,143] {dag.py:2931} INFO - Setting next_dagrun for example_branch_python_operator_decorator to 2022-07-10T00:00:00+00:00, run_after=2022-07-11T00:00:00+00:00
[2022-07-11 09:36:43,155] {processor.py:161} INFO - Processing /home/airflow/.local/lib/python3.7/site-packages/airflow/example_dags/example_branch_operator_decorator.py took 0.093 seconds
[2022-07-11 09:37:13,435] {processor.py:153} INFO - Started process (PID=2804) to work on /home/airflow/.local/lib/python3.7/site-packages/airflow/example_dags/example_branch_operator_decorator.py
[2022-07-11 09:37:13,437] {processor.py:641} INFO - Processing file /home/airflow/.local/lib/python3.7/site-packages/airflow/example_dags/example_branch_operator_decorator.py for tasks to queue
[2022-07-11 09:37:13,438] {logging_mixin.py:115} INFO - [2022-07-11 09:37:13,438] {dagbag.py:507} INFO - Filling up the DagBag from /home/airflow/.local/lib/python3.7/site-packages/airflow/example_dags/example_branch_operator_decorator.py
[2022-07-11 09:37:13,451] {processor.py:651} INFO - DAG(s) dict_keys(['example_branch_python_operator_decorator']) retrieved from /home/airflow/.local/lib/python3.7/site-packages/airflow/example_dags/example_branch_operator_decorator.py
[2022-07-11 09:37:13,470] {logging_mixin.py:115} INFO - [2022-07-11 09:37:13,470] {dag.py:2379} INFO - Sync 1 DAGs
[2022-07-11 09:37:13,484] {logging_mixin.py:115} INFO - [2022-07-11 09:37:13,484] {dag.py:2931} INFO - Setting next_dagrun for example_branch_python_operator_decorator to 2022-07-10T00:00:00+00:00, run_after=2022-07-11T00:00:00+00:00
[2022-07-11 09:37:13,492] {processor.py:161} INFO - Processing /home/airflow/.local/lib/python3.7/site-packages/airflow/example_dags/example_branch_operator_decorator.py took 0.060 seconds
[2022-07-11 09:37:44,161] {processor.py:153} INFO - Started process (PID=2868) to work on /home/airflow/.local/lib/python3.7/site-packages/airflow/example_dags/example_branch_operator_decorator.py
[2022-07-11 09:37:44,163] {processor.py:641} INFO - Processing file /home/airflow/.local/lib/python3.7/site-packages/airflow/example_dags/example_branch_operator_decorator.py for tasks to queue
[2022-07-11 09:37:44,164] {logging_mixin.py:115} INFO - [2022-07-11 09:37:44,164] {dagbag.py:507} INFO - Filling up the DagBag from /home/airflow/.local/lib/python3.7/site-packages/airflow/example_dags/example_branch_operator_decorator.py
[2022-07-11 09:37:44,179] {processor.py:651} INFO - DAG(s) dict_keys(['example_branch_python_operator_decorator']) retrieved from /home/airflow/.local/lib/python3.7/site-packages/airflow/example_dags/example_branch_operator_decorator.py
[2022-07-11 09:37:44,197] {logging_mixin.py:115} INFO - [2022-07-11 09:37:44,197] {dag.py:2379} INFO - Sync 1 DAGs
[2022-07-11 09:37:44,211] {logging_mixin.py:115} INFO - [2022-07-11 09:37:44,211] {dag.py:2931} INFO - Setting next_dagrun for example_branch_python_operator_decorator to 2022-07-10T00:00:00+00:00, run_after=2022-07-11T00:00:00+00:00
[2022-07-11 09:37:44,220] {processor.py:161} INFO - Processing /home/airflow/.local/lib/python3.7/site-packages/airflow/example_dags/example_branch_operator_decorator.py took 0.064 seconds
[2022-07-11 09:38:14,745] {processor.py:153} INFO - Started process (PID=2934) to work on /home/airflow/.local/lib/python3.7/site-packages/airflow/example_dags/example_branch_operator_decorator.py
[2022-07-11 09:38:14,749] {processor.py:641} INFO - Processing file /home/airflow/.local/lib/python3.7/site-packages/airflow/example_dags/example_branch_operator_decorator.py for tasks to queue
[2022-07-11 09:38:14,750] {logging_mixin.py:115} INFO - [2022-07-11 09:38:14,750] {dagbag.py:507} INFO - Filling up the DagBag from /home/airflow/.local/lib/python3.7/site-packages/airflow/example_dags/example_branch_operator_decorator.py
[2022-07-11 09:38:14,767] {processor.py:651} INFO - DAG(s) dict_keys(['example_branch_python_operator_decorator']) retrieved from /home/airflow/.local/lib/python3.7/site-packages/airflow/example_dags/example_branch_operator_decorator.py
[2022-07-11 09:38:14,809] {logging_mixin.py:115} INFO - [2022-07-11 09:38:14,809] {dag.py:2379} INFO - Sync 1 DAGs
[2022-07-11 09:38:14,828] {logging_mixin.py:115} INFO - [2022-07-11 09:38:14,828] {dag.py:2931} INFO - Setting next_dagrun for example_branch_python_operator_decorator to 2022-07-10T00:00:00+00:00, run_after=2022-07-11T00:00:00+00:00
[2022-07-11 09:38:14,846] {processor.py:161} INFO - Processing /home/airflow/.local/lib/python3.7/site-packages/airflow/example_dags/example_branch_operator_decorator.py took 0.102 seconds
[2022-07-11 09:38:45,024] {processor.py:153} INFO - Started process (PID=2997) to work on /home/airflow/.local/lib/python3.7/site-packages/airflow/example_dags/example_branch_operator_decorator.py
[2022-07-11 09:38:45,025] {processor.py:641} INFO - Processing file /home/airflow/.local/lib/python3.7/site-packages/airflow/example_dags/example_branch_operator_decorator.py for tasks to queue
[2022-07-11 09:38:45,027] {logging_mixin.py:115} INFO - [2022-07-11 09:38:45,027] {dagbag.py:507} INFO - Filling up the DagBag from /home/airflow/.local/lib/python3.7/site-packages/airflow/example_dags/example_branch_operator_decorator.py
[2022-07-11 09:38:45,038] {processor.py:651} INFO - DAG(s) dict_keys(['example_branch_python_operator_decorator']) retrieved from /home/airflow/.local/lib/python3.7/site-packages/airflow/example_dags/example_branch_operator_decorator.py
[2022-07-11 09:38:45,055] {logging_mixin.py:115} INFO - [2022-07-11 09:38:45,055] {dag.py:2379} INFO - Sync 1 DAGs
[2022-07-11 09:38:45,068] {logging_mixin.py:115} INFO - [2022-07-11 09:38:45,068] {dag.py:2931} INFO - Setting next_dagrun for example_branch_python_operator_decorator to 2022-07-10T00:00:00+00:00, run_after=2022-07-11T00:00:00+00:00
[2022-07-11 09:38:45,077] {processor.py:161} INFO - Processing /home/airflow/.local/lib/python3.7/site-packages/airflow/example_dags/example_branch_operator_decorator.py took 0.055 seconds
[2022-07-11 09:39:15,240] {processor.py:153} INFO - Started process (PID=3061) to work on /home/airflow/.local/lib/python3.7/site-packages/airflow/example_dags/example_branch_operator_decorator.py
[2022-07-11 09:39:15,242] {processor.py:641} INFO - Processing file /home/airflow/.local/lib/python3.7/site-packages/airflow/example_dags/example_branch_operator_decorator.py for tasks to queue
[2022-07-11 09:39:15,246] {logging_mixin.py:115} INFO - [2022-07-11 09:39:15,246] {dagbag.py:507} INFO - Filling up the DagBag from /home/airflow/.local/lib/python3.7/site-packages/airflow/example_dags/example_branch_operator_decorator.py
[2022-07-11 09:39:15,258] {processor.py:651} INFO - DAG(s) dict_keys(['example_branch_python_operator_decorator']) retrieved from /home/airflow/.local/lib/python3.7/site-packages/airflow/example_dags/example_branch_operator_decorator.py
[2022-07-11 09:39:15,277] {logging_mixin.py:115} INFO - [2022-07-11 09:39:15,277] {dag.py:2379} INFO - Sync 1 DAGs
[2022-07-11 09:39:15,300] {logging_mixin.py:115} INFO - [2022-07-11 09:39:15,300] {dag.py:2931} INFO - Setting next_dagrun for example_branch_python_operator_decorator to 2022-07-10T00:00:00+00:00, run_after=2022-07-11T00:00:00+00:00
[2022-07-11 09:39:15,311] {processor.py:161} INFO - Processing /home/airflow/.local/lib/python3.7/site-packages/airflow/example_dags/example_branch_operator_decorator.py took 0.072 seconds
[2022-07-11 09:39:45,555] {processor.py:153} INFO - Started process (PID=3118) to work on /home/airflow/.local/lib/python3.7/site-packages/airflow/example_dags/example_branch_operator_decorator.py
[2022-07-11 09:39:45,559] {processor.py:641} INFO - Processing file /home/airflow/.local/lib/python3.7/site-packages/airflow/example_dags/example_branch_operator_decorator.py for tasks to queue
[2022-07-11 09:39:45,560] {logging_mixin.py:115} INFO - [2022-07-11 09:39:45,560] {dagbag.py:507} INFO - Filling up the DagBag from /home/airflow/.local/lib/python3.7/site-packages/airflow/example_dags/example_branch_operator_decorator.py
[2022-07-11 09:39:45,573] {processor.py:651} INFO - DAG(s) dict_keys(['example_branch_python_operator_decorator']) retrieved from /home/airflow/.local/lib/python3.7/site-packages/airflow/example_dags/example_branch_operator_decorator.py
[2022-07-11 09:39:45,590] {logging_mixin.py:115} INFO - [2022-07-11 09:39:45,590] {dag.py:2379} INFO - Sync 1 DAGs
[2022-07-11 09:39:45,604] {logging_mixin.py:115} INFO - [2022-07-11 09:39:45,604] {dag.py:2931} INFO - Setting next_dagrun for example_branch_python_operator_decorator to 2022-07-10T00:00:00+00:00, run_after=2022-07-11T00:00:00+00:00
[2022-07-11 09:39:45,613] {processor.py:161} INFO - Processing /home/airflow/.local/lib/python3.7/site-packages/airflow/example_dags/example_branch_operator_decorator.py took 0.060 seconds
[2022-07-11 09:40:16,121] {processor.py:153} INFO - Started process (PID=3182) to work on /home/airflow/.local/lib/python3.7/site-packages/airflow/example_dags/example_branch_operator_decorator.py
[2022-07-11 09:40:16,122] {processor.py:641} INFO - Processing file /home/airflow/.local/lib/python3.7/site-packages/airflow/example_dags/example_branch_operator_decorator.py for tasks to queue
[2022-07-11 09:40:16,127] {logging_mixin.py:115} INFO - [2022-07-11 09:40:16,127] {dagbag.py:507} INFO - Filling up the DagBag from /home/airflow/.local/lib/python3.7/site-packages/airflow/example_dags/example_branch_operator_decorator.py
[2022-07-11 09:40:16,154] {processor.py:651} INFO - DAG(s) dict_keys(['example_branch_python_operator_decorator']) retrieved from /home/airflow/.local/lib/python3.7/site-packages/airflow/example_dags/example_branch_operator_decorator.py
[2022-07-11 09:40:16,178] {logging_mixin.py:115} INFO - [2022-07-11 09:40:16,178] {dag.py:2379} INFO - Sync 1 DAGs
[2022-07-11 09:40:16,206] {logging_mixin.py:115} INFO - [2022-07-11 09:40:16,206] {dag.py:2931} INFO - Setting next_dagrun for example_branch_python_operator_decorator to 2022-07-10T00:00:00+00:00, run_after=2022-07-11T00:00:00+00:00
[2022-07-11 09:40:16,215] {processor.py:161} INFO - Processing /home/airflow/.local/lib/python3.7/site-packages/airflow/example_dags/example_branch_operator_decorator.py took 0.097 seconds
[2022-07-11 09:40:47,145] {processor.py:153} INFO - Started process (PID=3246) to work on /home/airflow/.local/lib/python3.7/site-packages/airflow/example_dags/example_branch_operator_decorator.py
[2022-07-11 09:40:47,148] {processor.py:641} INFO - Processing file /home/airflow/.local/lib/python3.7/site-packages/airflow/example_dags/example_branch_operator_decorator.py for tasks to queue
[2022-07-11 09:40:47,149] {logging_mixin.py:115} INFO - [2022-07-11 09:40:47,149] {dagbag.py:507} INFO - Filling up the DagBag from /home/airflow/.local/lib/python3.7/site-packages/airflow/example_dags/example_branch_operator_decorator.py
[2022-07-11 09:40:47,168] {processor.py:651} INFO - DAG(s) dict_keys(['example_branch_python_operator_decorator']) retrieved from /home/airflow/.local/lib/python3.7/site-packages/airflow/example_dags/example_branch_operator_decorator.py
[2022-07-11 09:40:47,195] {logging_mixin.py:115} INFO - [2022-07-11 09:40:47,195] {dag.py:2379} INFO - Sync 1 DAGs
[2022-07-11 09:40:47,213] {logging_mixin.py:115} INFO - [2022-07-11 09:40:47,213] {dag.py:2931} INFO - Setting next_dagrun for example_branch_python_operator_decorator to 2022-07-10T00:00:00+00:00, run_after=2022-07-11T00:00:00+00:00
[2022-07-11 09:40:47,228] {processor.py:161} INFO - Processing /home/airflow/.local/lib/python3.7/site-packages/airflow/example_dags/example_branch_operator_decorator.py took 0.085 seconds
[2022-07-11 09:41:17,771] {processor.py:153} INFO - Started process (PID=3310) to work on /home/airflow/.local/lib/python3.7/site-packages/airflow/example_dags/example_branch_operator_decorator.py
[2022-07-11 09:41:17,778] {processor.py:641} INFO - Processing file /home/airflow/.local/lib/python3.7/site-packages/airflow/example_dags/example_branch_operator_decorator.py for tasks to queue
[2022-07-11 09:41:17,779] {logging_mixin.py:115} INFO - [2022-07-11 09:41:17,779] {dagbag.py:507} INFO - Filling up the DagBag from /home/airflow/.local/lib/python3.7/site-packages/airflow/example_dags/example_branch_operator_decorator.py
[2022-07-11 09:41:17,805] {processor.py:651} INFO - DAG(s) dict_keys(['example_branch_python_operator_decorator']) retrieved from /home/airflow/.local/lib/python3.7/site-packages/airflow/example_dags/example_branch_operator_decorator.py
[2022-07-11 09:41:17,836] {logging_mixin.py:115} INFO - [2022-07-11 09:41:17,835] {dag.py:2379} INFO - Sync 1 DAGs
[2022-07-11 09:41:17,859] {logging_mixin.py:115} INFO - [2022-07-11 09:41:17,859] {dag.py:2931} INFO - Setting next_dagrun for example_branch_python_operator_decorator to 2022-07-10T00:00:00+00:00, run_after=2022-07-11T00:00:00+00:00
[2022-07-11 09:41:17,872] {processor.py:161} INFO - Processing /home/airflow/.local/lib/python3.7/site-packages/airflow/example_dags/example_branch_operator_decorator.py took 0.103 seconds
[2022-07-11 09:41:48,539] {processor.py:153} INFO - Started process (PID=3374) to work on /home/airflow/.local/lib/python3.7/site-packages/airflow/example_dags/example_branch_operator_decorator.py
[2022-07-11 09:41:48,540] {processor.py:641} INFO - Processing file /home/airflow/.local/lib/python3.7/site-packages/airflow/example_dags/example_branch_operator_decorator.py for tasks to queue
[2022-07-11 09:41:48,541] {logging_mixin.py:115} INFO - [2022-07-11 09:41:48,541] {dagbag.py:507} INFO - Filling up the DagBag from /home/airflow/.local/lib/python3.7/site-packages/airflow/example_dags/example_branch_operator_decorator.py
[2022-07-11 09:41:48,554] {processor.py:651} INFO - DAG(s) dict_keys(['example_branch_python_operator_decorator']) retrieved from /home/airflow/.local/lib/python3.7/site-packages/airflow/example_dags/example_branch_operator_decorator.py
[2022-07-11 09:41:48,581] {logging_mixin.py:115} INFO - [2022-07-11 09:41:48,581] {dag.py:2379} INFO - Sync 1 DAGs
[2022-07-11 09:41:48,597] {logging_mixin.py:115} INFO - [2022-07-11 09:41:48,597] {dag.py:2931} INFO - Setting next_dagrun for example_branch_python_operator_decorator to 2022-07-10T00:00:00+00:00, run_after=2022-07-11T00:00:00+00:00
[2022-07-11 09:41:48,608] {processor.py:161} INFO - Processing /home/airflow/.local/lib/python3.7/site-packages/airflow/example_dags/example_branch_operator_decorator.py took 0.071 seconds
[2022-07-11 09:42:18,656] {processor.py:153} INFO - Started process (PID=3430) to work on /home/airflow/.local/lib/python3.7/site-packages/airflow/example_dags/example_branch_operator_decorator.py
[2022-07-11 09:42:18,661] {processor.py:641} INFO - Processing file /home/airflow/.local/lib/python3.7/site-packages/airflow/example_dags/example_branch_operator_decorator.py for tasks to queue
[2022-07-11 09:42:18,664] {logging_mixin.py:115} INFO - [2022-07-11 09:42:18,664] {dagbag.py:507} INFO - Filling up the DagBag from /home/airflow/.local/lib/python3.7/site-packages/airflow/example_dags/example_branch_operator_decorator.py
[2022-07-11 09:42:18,679] {processor.py:651} INFO - DAG(s) dict_keys(['example_branch_python_operator_decorator']) retrieved from /home/airflow/.local/lib/python3.7/site-packages/airflow/example_dags/example_branch_operator_decorator.py
[2022-07-11 09:42:18,697] {logging_mixin.py:115} INFO - [2022-07-11 09:42:18,697] {dag.py:2379} INFO - Sync 1 DAGs
[2022-07-11 09:42:18,711] {logging_mixin.py:115} INFO - [2022-07-11 09:42:18,711] {dag.py:2931} INFO - Setting next_dagrun for example_branch_python_operator_decorator to 2022-07-10T00:00:00+00:00, run_after=2022-07-11T00:00:00+00:00
[2022-07-11 09:42:18,719] {processor.py:161} INFO - Processing /home/airflow/.local/lib/python3.7/site-packages/airflow/example_dags/example_branch_operator_decorator.py took 0.066 seconds
[2022-07-11 09:42:49,169] {processor.py:153} INFO - Started process (PID=3495) to work on /home/airflow/.local/lib/python3.7/site-packages/airflow/example_dags/example_branch_operator_decorator.py
[2022-07-11 09:42:49,172] {processor.py:641} INFO - Processing file /home/airflow/.local/lib/python3.7/site-packages/airflow/example_dags/example_branch_operator_decorator.py for tasks to queue
[2022-07-11 09:42:49,173] {logging_mixin.py:115} INFO - [2022-07-11 09:42:49,173] {dagbag.py:507} INFO - Filling up the DagBag from /home/airflow/.local/lib/python3.7/site-packages/airflow/example_dags/example_branch_operator_decorator.py
[2022-07-11 09:42:49,187] {processor.py:651} INFO - DAG(s) dict_keys(['example_branch_python_operator_decorator']) retrieved from /home/airflow/.local/lib/python3.7/site-packages/airflow/example_dags/example_branch_operator_decorator.py
[2022-07-11 09:42:49,206] {logging_mixin.py:115} INFO - [2022-07-11 09:42:49,206] {dag.py:2379} INFO - Sync 1 DAGs
[2022-07-11 09:42:49,228] {logging_mixin.py:115} INFO - [2022-07-11 09:42:49,228] {dag.py:2931} INFO - Setting next_dagrun for example_branch_python_operator_decorator to 2022-07-10T00:00:00+00:00, run_after=2022-07-11T00:00:00+00:00
[2022-07-11 09:42:49,239] {processor.py:161} INFO - Processing /home/airflow/.local/lib/python3.7/site-packages/airflow/example_dags/example_branch_operator_decorator.py took 0.072 seconds
[2022-07-11 09:43:19,552] {processor.py:153} INFO - Started process (PID=3560) to work on /home/airflow/.local/lib/python3.7/site-packages/airflow/example_dags/example_branch_operator_decorator.py
[2022-07-11 09:43:19,553] {processor.py:641} INFO - Processing file /home/airflow/.local/lib/python3.7/site-packages/airflow/example_dags/example_branch_operator_decorator.py for tasks to queue
[2022-07-11 09:43:19,558] {logging_mixin.py:115} INFO - [2022-07-11 09:43:19,558] {dagbag.py:507} INFO - Filling up the DagBag from /home/airflow/.local/lib/python3.7/site-packages/airflow/example_dags/example_branch_operator_decorator.py
[2022-07-11 09:43:19,585] {processor.py:651} INFO - DAG(s) dict_keys(['example_branch_python_operator_decorator']) retrieved from /home/airflow/.local/lib/python3.7/site-packages/airflow/example_dags/example_branch_operator_decorator.py
[2022-07-11 09:43:19,614] {logging_mixin.py:115} INFO - [2022-07-11 09:43:19,614] {dag.py:2379} INFO - Sync 1 DAGs
[2022-07-11 09:43:19,639] {logging_mixin.py:115} INFO - [2022-07-11 09:43:19,639] {dag.py:2931} INFO - Setting next_dagrun for example_branch_python_operator_decorator to 2022-07-10T00:00:00+00:00, run_after=2022-07-11T00:00:00+00:00
[2022-07-11 09:43:19,648] {processor.py:161} INFO - Processing /home/airflow/.local/lib/python3.7/site-packages/airflow/example_dags/example_branch_operator_decorator.py took 0.100 seconds
[2022-07-11 09:43:49,736] {processor.py:153} INFO - Started process (PID=3625) to work on /home/airflow/.local/lib/python3.7/site-packages/airflow/example_dags/example_branch_operator_decorator.py
[2022-07-11 09:43:49,738] {processor.py:641} INFO - Processing file /home/airflow/.local/lib/python3.7/site-packages/airflow/example_dags/example_branch_operator_decorator.py for tasks to queue
[2022-07-11 09:43:49,738] {logging_mixin.py:115} INFO - [2022-07-11 09:43:49,738] {dagbag.py:507} INFO - Filling up the DagBag from /home/airflow/.local/lib/python3.7/site-packages/airflow/example_dags/example_branch_operator_decorator.py
[2022-07-11 09:43:49,752] {processor.py:651} INFO - DAG(s) dict_keys(['example_branch_python_operator_decorator']) retrieved from /home/airflow/.local/lib/python3.7/site-packages/airflow/example_dags/example_branch_operator_decorator.py
[2022-07-11 09:43:49,769] {logging_mixin.py:115} INFO - [2022-07-11 09:43:49,769] {dag.py:2379} INFO - Sync 1 DAGs
[2022-07-11 09:43:49,784] {logging_mixin.py:115} INFO - [2022-07-11 09:43:49,784] {dag.py:2931} INFO - Setting next_dagrun for example_branch_python_operator_decorator to 2022-07-10T00:00:00+00:00, run_after=2022-07-11T00:00:00+00:00
[2022-07-11 09:43:49,792] {processor.py:161} INFO - Processing /home/airflow/.local/lib/python3.7/site-packages/airflow/example_dags/example_branch_operator_decorator.py took 0.058 seconds
[2022-07-11 09:44:20,159] {processor.py:153} INFO - Started process (PID=3690) to work on /home/airflow/.local/lib/python3.7/site-packages/airflow/example_dags/example_branch_operator_decorator.py
[2022-07-11 09:44:20,163] {processor.py:641} INFO - Processing file /home/airflow/.local/lib/python3.7/site-packages/airflow/example_dags/example_branch_operator_decorator.py for tasks to queue
[2022-07-11 09:44:20,167] {logging_mixin.py:115} INFO - [2022-07-11 09:44:20,167] {dagbag.py:507} INFO - Filling up the DagBag from /home/airflow/.local/lib/python3.7/site-packages/airflow/example_dags/example_branch_operator_decorator.py
[2022-07-11 09:44:20,203] {processor.py:651} INFO - DAG(s) dict_keys(['example_branch_python_operator_decorator']) retrieved from /home/airflow/.local/lib/python3.7/site-packages/airflow/example_dags/example_branch_operator_decorator.py
[2022-07-11 09:44:20,251] {logging_mixin.py:115} INFO - [2022-07-11 09:44:20,251] {dag.py:2379} INFO - Sync 1 DAGs
[2022-07-11 09:44:20,283] {logging_mixin.py:115} INFO - [2022-07-11 09:44:20,283] {dag.py:2931} INFO - Setting next_dagrun for example_branch_python_operator_decorator to 2022-07-10T00:00:00+00:00, run_after=2022-07-11T00:00:00+00:00
[2022-07-11 09:44:20,293] {processor.py:161} INFO - Processing /home/airflow/.local/lib/python3.7/site-packages/airflow/example_dags/example_branch_operator_decorator.py took 0.136 seconds
[2022-07-11 09:44:50,692] {processor.py:153} INFO - Started process (PID=3753) to work on /home/airflow/.local/lib/python3.7/site-packages/airflow/example_dags/example_branch_operator_decorator.py
[2022-07-11 09:44:50,694] {processor.py:641} INFO - Processing file /home/airflow/.local/lib/python3.7/site-packages/airflow/example_dags/example_branch_operator_decorator.py for tasks to queue
[2022-07-11 09:44:50,696] {logging_mixin.py:115} INFO - [2022-07-11 09:44:50,696] {dagbag.py:507} INFO - Filling up the DagBag from /home/airflow/.local/lib/python3.7/site-packages/airflow/example_dags/example_branch_operator_decorator.py
[2022-07-11 09:44:50,725] {processor.py:651} INFO - DAG(s) dict_keys(['example_branch_python_operator_decorator']) retrieved from /home/airflow/.local/lib/python3.7/site-packages/airflow/example_dags/example_branch_operator_decorator.py
[2022-07-11 09:44:50,775] {logging_mixin.py:115} INFO - [2022-07-11 09:44:50,775] {dag.py:2379} INFO - Sync 1 DAGs
[2022-07-11 09:44:50,813] {logging_mixin.py:115} INFO - [2022-07-11 09:44:50,813] {dag.py:2931} INFO - Setting next_dagrun for example_branch_python_operator_decorator to 2022-07-10T00:00:00+00:00, run_after=2022-07-11T00:00:00+00:00
[2022-07-11 09:44:50,833] {processor.py:161} INFO - Processing /home/airflow/.local/lib/python3.7/site-packages/airflow/example_dags/example_branch_operator_decorator.py took 0.143 seconds
[2022-07-11 09:45:21,183] {processor.py:153} INFO - Started process (PID=3810) to work on /home/airflow/.local/lib/python3.7/site-packages/airflow/example_dags/example_branch_operator_decorator.py
[2022-07-11 09:45:21,185] {processor.py:641} INFO - Processing file /home/airflow/.local/lib/python3.7/site-packages/airflow/example_dags/example_branch_operator_decorator.py for tasks to queue
[2022-07-11 09:45:21,186] {logging_mixin.py:115} INFO - [2022-07-11 09:45:21,186] {dagbag.py:507} INFO - Filling up the DagBag from /home/airflow/.local/lib/python3.7/site-packages/airflow/example_dags/example_branch_operator_decorator.py
[2022-07-11 09:45:21,197] {processor.py:651} INFO - DAG(s) dict_keys(['example_branch_python_operator_decorator']) retrieved from /home/airflow/.local/lib/python3.7/site-packages/airflow/example_dags/example_branch_operator_decorator.py
[2022-07-11 09:45:21,217] {logging_mixin.py:115} INFO - [2022-07-11 09:45:21,217] {dag.py:2379} INFO - Sync 1 DAGs
[2022-07-11 09:45:21,234] {logging_mixin.py:115} INFO - [2022-07-11 09:45:21,234] {dag.py:2931} INFO - Setting next_dagrun for example_branch_python_operator_decorator to 2022-07-10T00:00:00+00:00, run_after=2022-07-11T00:00:00+00:00
[2022-07-11 09:45:21,245] {processor.py:161} INFO - Processing /home/airflow/.local/lib/python3.7/site-packages/airflow/example_dags/example_branch_operator_decorator.py took 0.064 seconds
[2022-07-11 09:45:51,726] {processor.py:153} INFO - Started process (PID=3875) to work on /home/airflow/.local/lib/python3.7/site-packages/airflow/example_dags/example_branch_operator_decorator.py
[2022-07-11 09:45:51,728] {processor.py:641} INFO - Processing file /home/airflow/.local/lib/python3.7/site-packages/airflow/example_dags/example_branch_operator_decorator.py for tasks to queue
[2022-07-11 09:45:51,729] {logging_mixin.py:115} INFO - [2022-07-11 09:45:51,729] {dagbag.py:507} INFO - Filling up the DagBag from /home/airflow/.local/lib/python3.7/site-packages/airflow/example_dags/example_branch_operator_decorator.py
[2022-07-11 09:45:51,741] {processor.py:651} INFO - DAG(s) dict_keys(['example_branch_python_operator_decorator']) retrieved from /home/airflow/.local/lib/python3.7/site-packages/airflow/example_dags/example_branch_operator_decorator.py
[2022-07-11 09:45:51,760] {logging_mixin.py:115} INFO - [2022-07-11 09:45:51,760] {dag.py:2379} INFO - Sync 1 DAGs
[2022-07-11 09:45:51,775] {logging_mixin.py:115} INFO - [2022-07-11 09:45:51,775] {dag.py:2931} INFO - Setting next_dagrun for example_branch_python_operator_decorator to 2022-07-10T00:00:00+00:00, run_after=2022-07-11T00:00:00+00:00
[2022-07-11 09:45:51,789] {processor.py:161} INFO - Processing /home/airflow/.local/lib/python3.7/site-packages/airflow/example_dags/example_branch_operator_decorator.py took 0.065 seconds
[2022-07-11 09:46:22,110] {processor.py:153} INFO - Started process (PID=3940) to work on /home/airflow/.local/lib/python3.7/site-packages/airflow/example_dags/example_branch_operator_decorator.py
[2022-07-11 09:46:22,111] {processor.py:641} INFO - Processing file /home/airflow/.local/lib/python3.7/site-packages/airflow/example_dags/example_branch_operator_decorator.py for tasks to queue
[2022-07-11 09:46:22,113] {logging_mixin.py:115} INFO - [2022-07-11 09:46:22,113] {dagbag.py:507} INFO - Filling up the DagBag from /home/airflow/.local/lib/python3.7/site-packages/airflow/example_dags/example_branch_operator_decorator.py
[2022-07-11 09:46:22,135] {processor.py:651} INFO - DAG(s) dict_keys(['example_branch_python_operator_decorator']) retrieved from /home/airflow/.local/lib/python3.7/site-packages/airflow/example_dags/example_branch_operator_decorator.py
[2022-07-11 09:46:22,168] {logging_mixin.py:115} INFO - [2022-07-11 09:46:22,168] {dag.py:2379} INFO - Sync 1 DAGs
[2022-07-11 09:46:22,195] {logging_mixin.py:115} INFO - [2022-07-11 09:46:22,195] {dag.py:2931} INFO - Setting next_dagrun for example_branch_python_operator_decorator to 2022-07-10T00:00:00+00:00, run_after=2022-07-11T00:00:00+00:00
[2022-07-11 09:46:22,214] {processor.py:161} INFO - Processing /home/airflow/.local/lib/python3.7/site-packages/airflow/example_dags/example_branch_operator_decorator.py took 0.107 seconds
[2022-07-11 09:46:52,899] {processor.py:153} INFO - Started process (PID=4004) to work on /home/airflow/.local/lib/python3.7/site-packages/airflow/example_dags/example_branch_operator_decorator.py
[2022-07-11 09:46:52,901] {processor.py:641} INFO - Processing file /home/airflow/.local/lib/python3.7/site-packages/airflow/example_dags/example_branch_operator_decorator.py for tasks to queue
[2022-07-11 09:46:52,912] {logging_mixin.py:115} INFO - [2022-07-11 09:46:52,912] {dagbag.py:507} INFO - Filling up the DagBag from /home/airflow/.local/lib/python3.7/site-packages/airflow/example_dags/example_branch_operator_decorator.py
[2022-07-11 09:46:52,927] {processor.py:651} INFO - DAG(s) dict_keys(['example_branch_python_operator_decorator']) retrieved from /home/airflow/.local/lib/python3.7/site-packages/airflow/example_dags/example_branch_operator_decorator.py
[2022-07-11 09:46:52,950] {logging_mixin.py:115} INFO - [2022-07-11 09:46:52,950] {dag.py:2379} INFO - Sync 1 DAGs
[2022-07-11 09:46:52,965] {logging_mixin.py:115} INFO - [2022-07-11 09:46:52,965] {dag.py:2931} INFO - Setting next_dagrun for example_branch_python_operator_decorator to 2022-07-10T00:00:00+00:00, run_after=2022-07-11T00:00:00+00:00
[2022-07-11 09:46:52,975] {processor.py:161} INFO - Processing /home/airflow/.local/lib/python3.7/site-packages/airflow/example_dags/example_branch_operator_decorator.py took 0.078 seconds
[2022-07-11 09:47:23,001] {processor.py:153} INFO - Started process (PID=4067) to work on /home/airflow/.local/lib/python3.7/site-packages/airflow/example_dags/example_branch_operator_decorator.py
[2022-07-11 09:47:23,002] {processor.py:641} INFO - Processing file /home/airflow/.local/lib/python3.7/site-packages/airflow/example_dags/example_branch_operator_decorator.py for tasks to queue
[2022-07-11 09:47:23,004] {logging_mixin.py:115} INFO - [2022-07-11 09:47:23,004] {dagbag.py:507} INFO - Filling up the DagBag from /home/airflow/.local/lib/python3.7/site-packages/airflow/example_dags/example_branch_operator_decorator.py
[2022-07-11 09:47:23,015] {processor.py:651} INFO - DAG(s) dict_keys(['example_branch_python_operator_decorator']) retrieved from /home/airflow/.local/lib/python3.7/site-packages/airflow/example_dags/example_branch_operator_decorator.py
[2022-07-11 09:47:23,031] {logging_mixin.py:115} INFO - [2022-07-11 09:47:23,031] {dag.py:2379} INFO - Sync 1 DAGs
[2022-07-11 09:47:23,045] {logging_mixin.py:115} INFO - [2022-07-11 09:47:23,045] {dag.py:2931} INFO - Setting next_dagrun for example_branch_python_operator_decorator to 2022-07-10T00:00:00+00:00, run_after=2022-07-11T00:00:00+00:00
[2022-07-11 09:47:23,053] {processor.py:161} INFO - Processing /home/airflow/.local/lib/python3.7/site-packages/airflow/example_dags/example_branch_operator_decorator.py took 0.054 seconds
[2022-07-11 09:47:53,448] {processor.py:153} INFO - Started process (PID=4123) to work on /home/airflow/.local/lib/python3.7/site-packages/airflow/example_dags/example_branch_operator_decorator.py
[2022-07-11 09:47:53,449] {processor.py:641} INFO - Processing file /home/airflow/.local/lib/python3.7/site-packages/airflow/example_dags/example_branch_operator_decorator.py for tasks to queue
[2022-07-11 09:47:53,451] {logging_mixin.py:115} INFO - [2022-07-11 09:47:53,451] {dagbag.py:507} INFO - Filling up the DagBag from /home/airflow/.local/lib/python3.7/site-packages/airflow/example_dags/example_branch_operator_decorator.py
[2022-07-11 09:47:53,473] {processor.py:651} INFO - DAG(s) dict_keys(['example_branch_python_operator_decorator']) retrieved from /home/airflow/.local/lib/python3.7/site-packages/airflow/example_dags/example_branch_operator_decorator.py
[2022-07-11 09:47:53,497] {logging_mixin.py:115} INFO - [2022-07-11 09:47:53,497] {dag.py:2379} INFO - Sync 1 DAGs
[2022-07-11 09:47:53,523] {logging_mixin.py:115} INFO - [2022-07-11 09:47:53,523] {dag.py:2931} INFO - Setting next_dagrun for example_branch_python_operator_decorator to 2022-07-10T00:00:00+00:00, run_after=2022-07-11T00:00:00+00:00
[2022-07-11 09:47:53,540] {processor.py:161} INFO - Processing /home/airflow/.local/lib/python3.7/site-packages/airflow/example_dags/example_branch_operator_decorator.py took 0.095 seconds
