[2022-07-11 09:14:53,912] {processor.py:153} INFO - Started process (PID=75) to work on /home/airflow/.local/lib/python3.7/site-packages/airflow/example_dags/example_branch_operator.py
[2022-07-11 09:14:53,916] {processor.py:641} INFO - Processing file /home/airflow/.local/lib/python3.7/site-packages/airflow/example_dags/example_branch_operator.py for tasks to queue
[2022-07-11 09:14:53,917] {logging_mixin.py:115} INFO - [2022-07-11 09:14:53,917] {dagbag.py:507} INFO - Filling up the DagBag from /home/airflow/.local/lib/python3.7/site-packages/airflow/example_dags/example_branch_operator.py
[2022-07-11 09:14:53,942] {processor.py:651} INFO - DAG(s) dict_keys(['example_branch_operator']) retrieved from /home/airflow/.local/lib/python3.7/site-packages/airflow/example_dags/example_branch_operator.py
[2022-07-11 09:14:53,972] {logging_mixin.py:115} INFO - [2022-07-11 09:14:53,972] {dag.py:2379} INFO - Sync 1 DAGs
[2022-07-11 09:14:53,991] {logging_mixin.py:115} INFO - [2022-07-11 09:14:53,991] {dag.py:2931} INFO - Setting next_dagrun for example_branch_operator to 2022-07-10T00:00:00+00:00, run_after=2022-07-11T00:00:00+00:00
[2022-07-11 09:14:54,002] {processor.py:161} INFO - Processing /home/airflow/.local/lib/python3.7/site-packages/airflow/example_dags/example_branch_operator.py took 0.092 seconds
[2022-07-11 09:15:25,549] {processor.py:153} INFO - Started process (PID=142) to work on /home/airflow/.local/lib/python3.7/site-packages/airflow/example_dags/example_branch_operator.py
[2022-07-11 09:15:25,554] {processor.py:641} INFO - Processing file /home/airflow/.local/lib/python3.7/site-packages/airflow/example_dags/example_branch_operator.py for tasks to queue
[2022-07-11 09:15:25,556] {logging_mixin.py:115} INFO - [2022-07-11 09:15:25,556] {dagbag.py:507} INFO - Filling up the DagBag from /home/airflow/.local/lib/python3.7/site-packages/airflow/example_dags/example_branch_operator.py
[2022-07-11 09:15:25,578] {processor.py:651} INFO - DAG(s) dict_keys(['example_branch_operator']) retrieved from /home/airflow/.local/lib/python3.7/site-packages/airflow/example_dags/example_branch_operator.py
[2022-07-11 09:15:25,622] {logging_mixin.py:115} INFO - [2022-07-11 09:15:25,622] {dag.py:2379} INFO - Sync 1 DAGs
[2022-07-11 09:15:25,663] {logging_mixin.py:115} INFO - [2022-07-11 09:15:25,663] {dag.py:2931} INFO - Setting next_dagrun for example_branch_operator to 2022-07-10T00:00:00+00:00, run_after=2022-07-11T00:00:00+00:00
[2022-07-11 09:15:25,683] {processor.py:161} INFO - Processing /home/airflow/.local/lib/python3.7/site-packages/airflow/example_dags/example_branch_operator.py took 0.138 seconds
[2022-07-11 09:15:55,982] {processor.py:153} INFO - Started process (PID=197) to work on /home/airflow/.local/lib/python3.7/site-packages/airflow/example_dags/example_branch_operator.py
[2022-07-11 09:15:55,990] {processor.py:641} INFO - Processing file /home/airflow/.local/lib/python3.7/site-packages/airflow/example_dags/example_branch_operator.py for tasks to queue
[2022-07-11 09:15:55,994] {logging_mixin.py:115} INFO - [2022-07-11 09:15:55,994] {dagbag.py:507} INFO - Filling up the DagBag from /home/airflow/.local/lib/python3.7/site-packages/airflow/example_dags/example_branch_operator.py
[2022-07-11 09:15:56,036] {processor.py:651} INFO - DAG(s) dict_keys(['example_branch_operator']) retrieved from /home/airflow/.local/lib/python3.7/site-packages/airflow/example_dags/example_branch_operator.py
[2022-07-11 09:15:56,090] {logging_mixin.py:115} INFO - [2022-07-11 09:15:56,090] {dag.py:2379} INFO - Sync 1 DAGs
[2022-07-11 09:15:56,131] {logging_mixin.py:115} INFO - [2022-07-11 09:15:56,131] {dag.py:2931} INFO - Setting next_dagrun for example_branch_operator to 2022-07-10T00:00:00+00:00, run_after=2022-07-11T00:00:00+00:00
[2022-07-11 09:15:56,151] {processor.py:161} INFO - Processing /home/airflow/.local/lib/python3.7/site-packages/airflow/example_dags/example_branch_operator.py took 0.171 seconds
[2022-07-11 09:16:26,265] {processor.py:153} INFO - Started process (PID=261) to work on /home/airflow/.local/lib/python3.7/site-packages/airflow/example_dags/example_branch_operator.py
[2022-07-11 09:16:26,268] {processor.py:641} INFO - Processing file /home/airflow/.local/lib/python3.7/site-packages/airflow/example_dags/example_branch_operator.py for tasks to queue
[2022-07-11 09:16:26,271] {logging_mixin.py:115} INFO - [2022-07-11 09:16:26,271] {dagbag.py:507} INFO - Filling up the DagBag from /home/airflow/.local/lib/python3.7/site-packages/airflow/example_dags/example_branch_operator.py
[2022-07-11 09:16:26,291] {processor.py:651} INFO - DAG(s) dict_keys(['example_branch_operator']) retrieved from /home/airflow/.local/lib/python3.7/site-packages/airflow/example_dags/example_branch_operator.py
[2022-07-11 09:16:26,330] {logging_mixin.py:115} INFO - [2022-07-11 09:16:26,330] {dag.py:2379} INFO - Sync 1 DAGs
[2022-07-11 09:16:26,355] {logging_mixin.py:115} INFO - [2022-07-11 09:16:26,355] {dag.py:2931} INFO - Setting next_dagrun for example_branch_operator to 2022-07-10T00:00:00+00:00, run_after=2022-07-11T00:00:00+00:00
[2022-07-11 09:16:26,371] {processor.py:161} INFO - Processing /home/airflow/.local/lib/python3.7/site-packages/airflow/example_dags/example_branch_operator.py took 0.115 seconds
[2022-07-11 09:16:56,467] {processor.py:153} INFO - Started process (PID=326) to work on /home/airflow/.local/lib/python3.7/site-packages/airflow/example_dags/example_branch_operator.py
[2022-07-11 09:16:56,470] {processor.py:641} INFO - Processing file /home/airflow/.local/lib/python3.7/site-packages/airflow/example_dags/example_branch_operator.py for tasks to queue
[2022-07-11 09:16:56,472] {logging_mixin.py:115} INFO - [2022-07-11 09:16:56,472] {dagbag.py:507} INFO - Filling up the DagBag from /home/airflow/.local/lib/python3.7/site-packages/airflow/example_dags/example_branch_operator.py
[2022-07-11 09:16:56,488] {processor.py:651} INFO - DAG(s) dict_keys(['example_branch_operator']) retrieved from /home/airflow/.local/lib/python3.7/site-packages/airflow/example_dags/example_branch_operator.py
[2022-07-11 09:16:56,522] {logging_mixin.py:115} INFO - [2022-07-11 09:16:56,522] {dag.py:2379} INFO - Sync 1 DAGs
[2022-07-11 09:16:56,545] {logging_mixin.py:115} INFO - [2022-07-11 09:16:56,545] {dag.py:2931} INFO - Setting next_dagrun for example_branch_operator to 2022-07-10T00:00:00+00:00, run_after=2022-07-11T00:00:00+00:00
[2022-07-11 09:16:56,558] {processor.py:161} INFO - Processing /home/airflow/.local/lib/python3.7/site-packages/airflow/example_dags/example_branch_operator.py took 0.093 seconds
[2022-07-11 09:17:27,650] {processor.py:153} INFO - Started process (PID=389) to work on /home/airflow/.local/lib/python3.7/site-packages/airflow/example_dags/example_branch_operator.py
[2022-07-11 09:17:27,654] {processor.py:641} INFO - Processing file /home/airflow/.local/lib/python3.7/site-packages/airflow/example_dags/example_branch_operator.py for tasks to queue
[2022-07-11 09:17:27,655] {logging_mixin.py:115} INFO - [2022-07-11 09:17:27,655] {dagbag.py:507} INFO - Filling up the DagBag from /home/airflow/.local/lib/python3.7/site-packages/airflow/example_dags/example_branch_operator.py
[2022-07-11 09:17:27,681] {processor.py:651} INFO - DAG(s) dict_keys(['example_branch_operator']) retrieved from /home/airflow/.local/lib/python3.7/site-packages/airflow/example_dags/example_branch_operator.py
[2022-07-11 09:17:27,708] {logging_mixin.py:115} INFO - [2022-07-11 09:17:27,708] {dag.py:2379} INFO - Sync 1 DAGs
[2022-07-11 09:17:27,728] {logging_mixin.py:115} INFO - [2022-07-11 09:17:27,727] {dag.py:2931} INFO - Setting next_dagrun for example_branch_operator to 2022-07-10T00:00:00+00:00, run_after=2022-07-11T00:00:00+00:00
[2022-07-11 09:17:27,748] {processor.py:161} INFO - Processing /home/airflow/.local/lib/python3.7/site-packages/airflow/example_dags/example_branch_operator.py took 0.104 seconds
[2022-07-11 09:17:57,876] {processor.py:153} INFO - Started process (PID=447) to work on /home/airflow/.local/lib/python3.7/site-packages/airflow/example_dags/example_branch_operator.py
[2022-07-11 09:17:57,877] {processor.py:641} INFO - Processing file /home/airflow/.local/lib/python3.7/site-packages/airflow/example_dags/example_branch_operator.py for tasks to queue
[2022-07-11 09:17:57,880] {logging_mixin.py:115} INFO - [2022-07-11 09:17:57,880] {dagbag.py:507} INFO - Filling up the DagBag from /home/airflow/.local/lib/python3.7/site-packages/airflow/example_dags/example_branch_operator.py
[2022-07-11 09:17:57,914] {processor.py:651} INFO - DAG(s) dict_keys(['example_branch_operator']) retrieved from /home/airflow/.local/lib/python3.7/site-packages/airflow/example_dags/example_branch_operator.py
[2022-07-11 09:17:57,968] {logging_mixin.py:115} INFO - [2022-07-11 09:17:57,968] {dag.py:2379} INFO - Sync 1 DAGs
[2022-07-11 09:17:57,997] {logging_mixin.py:115} INFO - [2022-07-11 09:17:57,997] {dag.py:2931} INFO - Setting next_dagrun for example_branch_operator to 2022-07-10T00:00:00+00:00, run_after=2022-07-11T00:00:00+00:00
[2022-07-11 09:17:58,016] {processor.py:161} INFO - Processing /home/airflow/.local/lib/python3.7/site-packages/airflow/example_dags/example_branch_operator.py took 0.143 seconds
[2022-07-11 09:18:28,242] {processor.py:153} INFO - Started process (PID=510) to work on /home/airflow/.local/lib/python3.7/site-packages/airflow/example_dags/example_branch_operator.py
[2022-07-11 09:18:28,244] {processor.py:641} INFO - Processing file /home/airflow/.local/lib/python3.7/site-packages/airflow/example_dags/example_branch_operator.py for tasks to queue
[2022-07-11 09:18:28,245] {logging_mixin.py:115} INFO - [2022-07-11 09:18:28,245] {dagbag.py:507} INFO - Filling up the DagBag from /home/airflow/.local/lib/python3.7/site-packages/airflow/example_dags/example_branch_operator.py
[2022-07-11 09:18:28,261] {processor.py:651} INFO - DAG(s) dict_keys(['example_branch_operator']) retrieved from /home/airflow/.local/lib/python3.7/site-packages/airflow/example_dags/example_branch_operator.py
[2022-07-11 09:18:28,292] {logging_mixin.py:115} INFO - [2022-07-11 09:18:28,291] {dag.py:2379} INFO - Sync 1 DAGs
[2022-07-11 09:18:28,314] {logging_mixin.py:115} INFO - [2022-07-11 09:18:28,314] {dag.py:2931} INFO - Setting next_dagrun for example_branch_operator to 2022-07-10T00:00:00+00:00, run_after=2022-07-11T00:00:00+00:00
[2022-07-11 09:18:28,327] {processor.py:161} INFO - Processing /home/airflow/.local/lib/python3.7/site-packages/airflow/example_dags/example_branch_operator.py took 0.088 seconds
[2022-07-11 09:18:59,049] {processor.py:153} INFO - Started process (PID=574) to work on /home/airflow/.local/lib/python3.7/site-packages/airflow/example_dags/example_branch_operator.py
[2022-07-11 09:18:59,052] {processor.py:641} INFO - Processing file /home/airflow/.local/lib/python3.7/site-packages/airflow/example_dags/example_branch_operator.py for tasks to queue
[2022-07-11 09:18:59,054] {logging_mixin.py:115} INFO - [2022-07-11 09:18:59,054] {dagbag.py:507} INFO - Filling up the DagBag from /home/airflow/.local/lib/python3.7/site-packages/airflow/example_dags/example_branch_operator.py
[2022-07-11 09:18:59,069] {processor.py:651} INFO - DAG(s) dict_keys(['example_branch_operator']) retrieved from /home/airflow/.local/lib/python3.7/site-packages/airflow/example_dags/example_branch_operator.py
[2022-07-11 09:18:59,099] {logging_mixin.py:115} INFO - [2022-07-11 09:18:59,098] {dag.py:2379} INFO - Sync 1 DAGs
[2022-07-11 09:18:59,120] {logging_mixin.py:115} INFO - [2022-07-11 09:18:59,120] {dag.py:2931} INFO - Setting next_dagrun for example_branch_operator to 2022-07-10T00:00:00+00:00, run_after=2022-07-11T00:00:00+00:00
[2022-07-11 09:18:59,132] {processor.py:161} INFO - Processing /home/airflow/.local/lib/python3.7/site-packages/airflow/example_dags/example_branch_operator.py took 0.086 seconds
[2022-07-11 09:19:29,760] {processor.py:153} INFO - Started process (PID=639) to work on /home/airflow/.local/lib/python3.7/site-packages/airflow/example_dags/example_branch_operator.py
[2022-07-11 09:19:29,764] {processor.py:641} INFO - Processing file /home/airflow/.local/lib/python3.7/site-packages/airflow/example_dags/example_branch_operator.py for tasks to queue
[2022-07-11 09:19:29,768] {logging_mixin.py:115} INFO - [2022-07-11 09:19:29,768] {dagbag.py:507} INFO - Filling up the DagBag from /home/airflow/.local/lib/python3.7/site-packages/airflow/example_dags/example_branch_operator.py
[2022-07-11 09:19:29,790] {processor.py:651} INFO - DAG(s) dict_keys(['example_branch_operator']) retrieved from /home/airflow/.local/lib/python3.7/site-packages/airflow/example_dags/example_branch_operator.py
[2022-07-11 09:19:29,831] {logging_mixin.py:115} INFO - [2022-07-11 09:19:29,831] {dag.py:2379} INFO - Sync 1 DAGs
[2022-07-11 09:19:29,863] {logging_mixin.py:115} INFO - [2022-07-11 09:19:29,863] {dag.py:2931} INFO - Setting next_dagrun for example_branch_operator to 2022-07-10T00:00:00+00:00, run_after=2022-07-11T00:00:00+00:00
[2022-07-11 09:19:29,879] {processor.py:161} INFO - Processing /home/airflow/.local/lib/python3.7/site-packages/airflow/example_dags/example_branch_operator.py took 0.122 seconds
[2022-07-11 09:20:00,655] {processor.py:153} INFO - Started process (PID=695) to work on /home/airflow/.local/lib/python3.7/site-packages/airflow/example_dags/example_branch_operator.py
[2022-07-11 09:20:00,657] {processor.py:641} INFO - Processing file /home/airflow/.local/lib/python3.7/site-packages/airflow/example_dags/example_branch_operator.py for tasks to queue
[2022-07-11 09:20:00,659] {logging_mixin.py:115} INFO - [2022-07-11 09:20:00,659] {dagbag.py:507} INFO - Filling up the DagBag from /home/airflow/.local/lib/python3.7/site-packages/airflow/example_dags/example_branch_operator.py
[2022-07-11 09:20:00,666] {processor.py:651} INFO - DAG(s) dict_keys(['example_branch_operator']) retrieved from /home/airflow/.local/lib/python3.7/site-packages/airflow/example_dags/example_branch_operator.py
[2022-07-11 09:20:00,699] {logging_mixin.py:115} INFO - [2022-07-11 09:20:00,699] {dag.py:2379} INFO - Sync 1 DAGs
[2022-07-11 09:20:00,727] {logging_mixin.py:115} INFO - [2022-07-11 09:20:00,727] {dag.py:2931} INFO - Setting next_dagrun for example_branch_operator to 2022-07-10T00:00:00+00:00, run_after=2022-07-11T00:00:00+00:00
[2022-07-11 09:20:00,748] {processor.py:161} INFO - Processing /home/airflow/.local/lib/python3.7/site-packages/airflow/example_dags/example_branch_operator.py took 0.096 seconds
[2022-07-11 09:20:31,256] {processor.py:153} INFO - Started process (PID=759) to work on /home/airflow/.local/lib/python3.7/site-packages/airflow/example_dags/example_branch_operator.py
[2022-07-11 09:20:31,263] {processor.py:641} INFO - Processing file /home/airflow/.local/lib/python3.7/site-packages/airflow/example_dags/example_branch_operator.py for tasks to queue
[2022-07-11 09:20:31,265] {logging_mixin.py:115} INFO - [2022-07-11 09:20:31,265] {dagbag.py:507} INFO - Filling up the DagBag from /home/airflow/.local/lib/python3.7/site-packages/airflow/example_dags/example_branch_operator.py
[2022-07-11 09:20:31,278] {processor.py:651} INFO - DAG(s) dict_keys(['example_branch_operator']) retrieved from /home/airflow/.local/lib/python3.7/site-packages/airflow/example_dags/example_branch_operator.py
[2022-07-11 09:20:31,318] {logging_mixin.py:115} INFO - [2022-07-11 09:20:31,318] {dag.py:2379} INFO - Sync 1 DAGs
[2022-07-11 09:20:31,349] {logging_mixin.py:115} INFO - [2022-07-11 09:20:31,349] {dag.py:2931} INFO - Setting next_dagrun for example_branch_operator to 2022-07-10T00:00:00+00:00, run_after=2022-07-11T00:00:00+00:00
[2022-07-11 09:20:31,372] {processor.py:161} INFO - Processing /home/airflow/.local/lib/python3.7/site-packages/airflow/example_dags/example_branch_operator.py took 0.118 seconds
[2022-07-11 09:21:01,561] {processor.py:153} INFO - Started process (PID=824) to work on /home/airflow/.local/lib/python3.7/site-packages/airflow/example_dags/example_branch_operator.py
[2022-07-11 09:21:01,565] {processor.py:641} INFO - Processing file /home/airflow/.local/lib/python3.7/site-packages/airflow/example_dags/example_branch_operator.py for tasks to queue
[2022-07-11 09:21:01,566] {logging_mixin.py:115} INFO - [2022-07-11 09:21:01,566] {dagbag.py:507} INFO - Filling up the DagBag from /home/airflow/.local/lib/python3.7/site-packages/airflow/example_dags/example_branch_operator.py
[2022-07-11 09:21:01,576] {processor.py:651} INFO - DAG(s) dict_keys(['example_branch_operator']) retrieved from /home/airflow/.local/lib/python3.7/site-packages/airflow/example_dags/example_branch_operator.py
[2022-07-11 09:21:01,597] {logging_mixin.py:115} INFO - [2022-07-11 09:21:01,597] {dag.py:2379} INFO - Sync 1 DAGs
[2022-07-11 09:21:01,611] {logging_mixin.py:115} INFO - [2022-07-11 09:21:01,611] {dag.py:2931} INFO - Setting next_dagrun for example_branch_operator to 2022-07-10T00:00:00+00:00, run_after=2022-07-11T00:00:00+00:00
[2022-07-11 09:21:01,619] {processor.py:161} INFO - Processing /home/airflow/.local/lib/python3.7/site-packages/airflow/example_dags/example_branch_operator.py took 0.061 seconds
[2022-07-11 09:21:32,104] {processor.py:153} INFO - Started process (PID=889) to work on /home/airflow/.local/lib/python3.7/site-packages/airflow/example_dags/example_branch_operator.py
[2022-07-11 09:21:32,106] {processor.py:641} INFO - Processing file /home/airflow/.local/lib/python3.7/site-packages/airflow/example_dags/example_branch_operator.py for tasks to queue
[2022-07-11 09:21:32,107] {logging_mixin.py:115} INFO - [2022-07-11 09:21:32,107] {dagbag.py:507} INFO - Filling up the DagBag from /home/airflow/.local/lib/python3.7/site-packages/airflow/example_dags/example_branch_operator.py
[2022-07-11 09:21:32,114] {processor.py:651} INFO - DAG(s) dict_keys(['example_branch_operator']) retrieved from /home/airflow/.local/lib/python3.7/site-packages/airflow/example_dags/example_branch_operator.py
[2022-07-11 09:21:32,132] {logging_mixin.py:115} INFO - [2022-07-11 09:21:32,132] {dag.py:2379} INFO - Sync 1 DAGs
[2022-07-11 09:21:32,146] {logging_mixin.py:115} INFO - [2022-07-11 09:21:32,146] {dag.py:2931} INFO - Setting next_dagrun for example_branch_operator to 2022-07-10T00:00:00+00:00, run_after=2022-07-11T00:00:00+00:00
[2022-07-11 09:21:32,155] {processor.py:161} INFO - Processing /home/airflow/.local/lib/python3.7/site-packages/airflow/example_dags/example_branch_operator.py took 0.053 seconds
[2022-07-11 09:22:02,951] {processor.py:153} INFO - Started process (PID=955) to work on /home/airflow/.local/lib/python3.7/site-packages/airflow/example_dags/example_branch_operator.py
[2022-07-11 09:22:02,953] {processor.py:641} INFO - Processing file /home/airflow/.local/lib/python3.7/site-packages/airflow/example_dags/example_branch_operator.py for tasks to queue
[2022-07-11 09:22:02,954] {logging_mixin.py:115} INFO - [2022-07-11 09:22:02,954] {dagbag.py:507} INFO - Filling up the DagBag from /home/airflow/.local/lib/python3.7/site-packages/airflow/example_dags/example_branch_operator.py
[2022-07-11 09:22:02,962] {processor.py:651} INFO - DAG(s) dict_keys(['example_branch_operator']) retrieved from /home/airflow/.local/lib/python3.7/site-packages/airflow/example_dags/example_branch_operator.py
[2022-07-11 09:22:02,992] {logging_mixin.py:115} INFO - [2022-07-11 09:22:02,991] {dag.py:2379} INFO - Sync 1 DAGs
[2022-07-11 09:22:03,009] {logging_mixin.py:115} INFO - [2022-07-11 09:22:03,009] {dag.py:2931} INFO - Setting next_dagrun for example_branch_operator to 2022-07-10T00:00:00+00:00, run_after=2022-07-11T00:00:00+00:00
[2022-07-11 09:22:03,022] {processor.py:161} INFO - Processing /home/airflow/.local/lib/python3.7/site-packages/airflow/example_dags/example_branch_operator.py took 0.077 seconds
[2022-07-11 09:22:33,656] {processor.py:153} INFO - Started process (PID=1012) to work on /home/airflow/.local/lib/python3.7/site-packages/airflow/example_dags/example_branch_operator.py
[2022-07-11 09:22:33,658] {processor.py:641} INFO - Processing file /home/airflow/.local/lib/python3.7/site-packages/airflow/example_dags/example_branch_operator.py for tasks to queue
[2022-07-11 09:22:33,659] {logging_mixin.py:115} INFO - [2022-07-11 09:22:33,659] {dagbag.py:507} INFO - Filling up the DagBag from /home/airflow/.local/lib/python3.7/site-packages/airflow/example_dags/example_branch_operator.py
[2022-07-11 09:22:33,666] {processor.py:651} INFO - DAG(s) dict_keys(['example_branch_operator']) retrieved from /home/airflow/.local/lib/python3.7/site-packages/airflow/example_dags/example_branch_operator.py
[2022-07-11 09:22:33,692] {logging_mixin.py:115} INFO - [2022-07-11 09:22:33,692] {dag.py:2379} INFO - Sync 1 DAGs
[2022-07-11 09:22:33,713] {logging_mixin.py:115} INFO - [2022-07-11 09:22:33,713] {dag.py:2931} INFO - Setting next_dagrun for example_branch_operator to 2022-07-10T00:00:00+00:00, run_after=2022-07-11T00:00:00+00:00
[2022-07-11 09:22:33,722] {processor.py:161} INFO - Processing /home/airflow/.local/lib/python3.7/site-packages/airflow/example_dags/example_branch_operator.py took 0.069 seconds
[2022-07-11 09:23:04,307] {processor.py:153} INFO - Started process (PID=1077) to work on /home/airflow/.local/lib/python3.7/site-packages/airflow/example_dags/example_branch_operator.py
[2022-07-11 09:23:04,309] {processor.py:641} INFO - Processing file /home/airflow/.local/lib/python3.7/site-packages/airflow/example_dags/example_branch_operator.py for tasks to queue
[2022-07-11 09:23:04,311] {logging_mixin.py:115} INFO - [2022-07-11 09:23:04,311] {dagbag.py:507} INFO - Filling up the DagBag from /home/airflow/.local/lib/python3.7/site-packages/airflow/example_dags/example_branch_operator.py
[2022-07-11 09:23:04,318] {processor.py:651} INFO - DAG(s) dict_keys(['example_branch_operator']) retrieved from /home/airflow/.local/lib/python3.7/site-packages/airflow/example_dags/example_branch_operator.py
[2022-07-11 09:23:04,336] {logging_mixin.py:115} INFO - [2022-07-11 09:23:04,336] {dag.py:2379} INFO - Sync 1 DAGs
[2022-07-11 09:23:04,350] {logging_mixin.py:115} INFO - [2022-07-11 09:23:04,350] {dag.py:2931} INFO - Setting next_dagrun for example_branch_operator to 2022-07-10T00:00:00+00:00, run_after=2022-07-11T00:00:00+00:00
[2022-07-11 09:23:04,358] {processor.py:161} INFO - Processing /home/airflow/.local/lib/python3.7/site-packages/airflow/example_dags/example_branch_operator.py took 0.053 seconds
[2022-07-11 09:23:35,452] {processor.py:153} INFO - Started process (PID=1141) to work on /home/airflow/.local/lib/python3.7/site-packages/airflow/example_dags/example_branch_operator.py
[2022-07-11 09:23:35,454] {processor.py:641} INFO - Processing file /home/airflow/.local/lib/python3.7/site-packages/airflow/example_dags/example_branch_operator.py for tasks to queue
[2022-07-11 09:23:35,457] {logging_mixin.py:115} INFO - [2022-07-11 09:23:35,457] {dagbag.py:507} INFO - Filling up the DagBag from /home/airflow/.local/lib/python3.7/site-packages/airflow/example_dags/example_branch_operator.py
[2022-07-11 09:23:35,463] {processor.py:651} INFO - DAG(s) dict_keys(['example_branch_operator']) retrieved from /home/airflow/.local/lib/python3.7/site-packages/airflow/example_dags/example_branch_operator.py
[2022-07-11 09:23:35,487] {logging_mixin.py:115} INFO - [2022-07-11 09:23:35,487] {dag.py:2379} INFO - Sync 1 DAGs
[2022-07-11 09:23:35,506] {logging_mixin.py:115} INFO - [2022-07-11 09:23:35,506] {dag.py:2931} INFO - Setting next_dagrun for example_branch_operator to 2022-07-10T00:00:00+00:00, run_after=2022-07-11T00:00:00+00:00
[2022-07-11 09:23:35,529] {processor.py:161} INFO - Processing /home/airflow/.local/lib/python3.7/site-packages/airflow/example_dags/example_branch_operator.py took 0.080 seconds
[2022-07-11 09:24:06,345] {processor.py:153} INFO - Started process (PID=1205) to work on /home/airflow/.local/lib/python3.7/site-packages/airflow/example_dags/example_branch_operator.py
[2022-07-11 09:24:06,346] {processor.py:641} INFO - Processing file /home/airflow/.local/lib/python3.7/site-packages/airflow/example_dags/example_branch_operator.py for tasks to queue
[2022-07-11 09:24:06,347] {logging_mixin.py:115} INFO - [2022-07-11 09:24:06,347] {dagbag.py:507} INFO - Filling up the DagBag from /home/airflow/.local/lib/python3.7/site-packages/airflow/example_dags/example_branch_operator.py
[2022-07-11 09:24:06,354] {processor.py:651} INFO - DAG(s) dict_keys(['example_branch_operator']) retrieved from /home/airflow/.local/lib/python3.7/site-packages/airflow/example_dags/example_branch_operator.py
[2022-07-11 09:24:06,372] {logging_mixin.py:115} INFO - [2022-07-11 09:24:06,372] {dag.py:2379} INFO - Sync 1 DAGs
[2022-07-11 09:24:06,389] {logging_mixin.py:115} INFO - [2022-07-11 09:24:06,389] {dag.py:2931} INFO - Setting next_dagrun for example_branch_operator to 2022-07-10T00:00:00+00:00, run_after=2022-07-11T00:00:00+00:00
[2022-07-11 09:24:06,400] {processor.py:161} INFO - Processing /home/airflow/.local/lib/python3.7/site-packages/airflow/example_dags/example_branch_operator.py took 0.058 seconds
[2022-07-11 09:24:37,380] {processor.py:153} INFO - Started process (PID=1269) to work on /home/airflow/.local/lib/python3.7/site-packages/airflow/example_dags/example_branch_operator.py
[2022-07-11 09:24:37,382] {processor.py:641} INFO - Processing file /home/airflow/.local/lib/python3.7/site-packages/airflow/example_dags/example_branch_operator.py for tasks to queue
[2022-07-11 09:24:37,385] {logging_mixin.py:115} INFO - [2022-07-11 09:24:37,385] {dagbag.py:507} INFO - Filling up the DagBag from /home/airflow/.local/lib/python3.7/site-packages/airflow/example_dags/example_branch_operator.py
[2022-07-11 09:24:37,397] {processor.py:651} INFO - DAG(s) dict_keys(['example_branch_operator']) retrieved from /home/airflow/.local/lib/python3.7/site-packages/airflow/example_dags/example_branch_operator.py
[2022-07-11 09:24:37,428] {logging_mixin.py:115} INFO - [2022-07-11 09:24:37,428] {dag.py:2379} INFO - Sync 1 DAGs
[2022-07-11 09:24:37,446] {logging_mixin.py:115} INFO - [2022-07-11 09:24:37,446] {dag.py:2931} INFO - Setting next_dagrun for example_branch_operator to 2022-07-10T00:00:00+00:00, run_after=2022-07-11T00:00:00+00:00
[2022-07-11 09:24:37,463] {processor.py:161} INFO - Processing /home/airflow/.local/lib/python3.7/site-packages/airflow/example_dags/example_branch_operator.py took 0.085 seconds
[2022-07-11 09:25:08,144] {processor.py:153} INFO - Started process (PID=1334) to work on /home/airflow/.local/lib/python3.7/site-packages/airflow/example_dags/example_branch_operator.py
[2022-07-11 09:25:08,146] {processor.py:641} INFO - Processing file /home/airflow/.local/lib/python3.7/site-packages/airflow/example_dags/example_branch_operator.py for tasks to queue
[2022-07-11 09:25:08,147] {logging_mixin.py:115} INFO - [2022-07-11 09:25:08,147] {dagbag.py:507} INFO - Filling up the DagBag from /home/airflow/.local/lib/python3.7/site-packages/airflow/example_dags/example_branch_operator.py
[2022-07-11 09:25:08,158] {processor.py:651} INFO - DAG(s) dict_keys(['example_branch_operator']) retrieved from /home/airflow/.local/lib/python3.7/site-packages/airflow/example_dags/example_branch_operator.py
[2022-07-11 09:25:08,184] {logging_mixin.py:115} INFO - [2022-07-11 09:25:08,184] {dag.py:2379} INFO - Sync 1 DAGs
[2022-07-11 09:25:08,204] {logging_mixin.py:115} INFO - [2022-07-11 09:25:08,204] {dag.py:2931} INFO - Setting next_dagrun for example_branch_operator to 2022-07-10T00:00:00+00:00, run_after=2022-07-11T00:00:00+00:00
[2022-07-11 09:25:08,219] {processor.py:161} INFO - Processing /home/airflow/.local/lib/python3.7/site-packages/airflow/example_dags/example_branch_operator.py took 0.078 seconds
[2022-07-11 09:25:38,639] {processor.py:153} INFO - Started process (PID=1389) to work on /home/airflow/.local/lib/python3.7/site-packages/airflow/example_dags/example_branch_operator.py
[2022-07-11 09:25:38,640] {processor.py:641} INFO - Processing file /home/airflow/.local/lib/python3.7/site-packages/airflow/example_dags/example_branch_operator.py for tasks to queue
[2022-07-11 09:25:38,642] {logging_mixin.py:115} INFO - [2022-07-11 09:25:38,642] {dagbag.py:507} INFO - Filling up the DagBag from /home/airflow/.local/lib/python3.7/site-packages/airflow/example_dags/example_branch_operator.py
[2022-07-11 09:25:38,650] {processor.py:651} INFO - DAG(s) dict_keys(['example_branch_operator']) retrieved from /home/airflow/.local/lib/python3.7/site-packages/airflow/example_dags/example_branch_operator.py
[2022-07-11 09:25:38,677] {logging_mixin.py:115} INFO - [2022-07-11 09:25:38,677] {dag.py:2379} INFO - Sync 1 DAGs
[2022-07-11 09:25:38,703] {logging_mixin.py:115} INFO - [2022-07-11 09:25:38,703] {dag.py:2931} INFO - Setting next_dagrun for example_branch_operator to 2022-07-10T00:00:00+00:00, run_after=2022-07-11T00:00:00+00:00
[2022-07-11 09:25:38,721] {processor.py:161} INFO - Processing /home/airflow/.local/lib/python3.7/site-packages/airflow/example_dags/example_branch_operator.py took 0.085 seconds
[2022-07-11 09:26:08,960] {processor.py:153} INFO - Started process (PID=1454) to work on /home/airflow/.local/lib/python3.7/site-packages/airflow/example_dags/example_branch_operator.py
[2022-07-11 09:26:08,962] {processor.py:641} INFO - Processing file /home/airflow/.local/lib/python3.7/site-packages/airflow/example_dags/example_branch_operator.py for tasks to queue
[2022-07-11 09:26:08,965] {logging_mixin.py:115} INFO - [2022-07-11 09:26:08,964] {dagbag.py:507} INFO - Filling up the DagBag from /home/airflow/.local/lib/python3.7/site-packages/airflow/example_dags/example_branch_operator.py
[2022-07-11 09:26:08,973] {processor.py:651} INFO - DAG(s) dict_keys(['example_branch_operator']) retrieved from /home/airflow/.local/lib/python3.7/site-packages/airflow/example_dags/example_branch_operator.py
[2022-07-11 09:26:08,993] {logging_mixin.py:115} INFO - [2022-07-11 09:26:08,993] {dag.py:2379} INFO - Sync 1 DAGs
[2022-07-11 09:26:09,008] {logging_mixin.py:115} INFO - [2022-07-11 09:26:09,008] {dag.py:2931} INFO - Setting next_dagrun for example_branch_operator to 2022-07-10T00:00:00+00:00, run_after=2022-07-11T00:00:00+00:00
[2022-07-11 09:26:09,017] {processor.py:161} INFO - Processing /home/airflow/.local/lib/python3.7/site-packages/airflow/example_dags/example_branch_operator.py took 0.060 seconds
[2022-07-11 09:26:39,571] {processor.py:153} INFO - Started process (PID=1519) to work on /home/airflow/.local/lib/python3.7/site-packages/airflow/example_dags/example_branch_operator.py
[2022-07-11 09:26:39,580] {processor.py:641} INFO - Processing file /home/airflow/.local/lib/python3.7/site-packages/airflow/example_dags/example_branch_operator.py for tasks to queue
[2022-07-11 09:26:39,583] {logging_mixin.py:115} INFO - [2022-07-11 09:26:39,583] {dagbag.py:507} INFO - Filling up the DagBag from /home/airflow/.local/lib/python3.7/site-packages/airflow/example_dags/example_branch_operator.py
[2022-07-11 09:26:39,591] {processor.py:651} INFO - DAG(s) dict_keys(['example_branch_operator']) retrieved from /home/airflow/.local/lib/python3.7/site-packages/airflow/example_dags/example_branch_operator.py
[2022-07-11 09:26:39,629] {logging_mixin.py:115} INFO - [2022-07-11 09:26:39,629] {dag.py:2379} INFO - Sync 1 DAGs
[2022-07-11 09:26:39,660] {logging_mixin.py:115} INFO - [2022-07-11 09:26:39,660] {dag.py:2931} INFO - Setting next_dagrun for example_branch_operator to 2022-07-10T00:00:00+00:00, run_after=2022-07-11T00:00:00+00:00
[2022-07-11 09:26:39,680] {processor.py:161} INFO - Processing /home/airflow/.local/lib/python3.7/site-packages/airflow/example_dags/example_branch_operator.py took 0.110 seconds
[2022-07-11 09:27:09,837] {processor.py:153} INFO - Started process (PID=1583) to work on /home/airflow/.local/lib/python3.7/site-packages/airflow/example_dags/example_branch_operator.py
[2022-07-11 09:27:09,838] {processor.py:641} INFO - Processing file /home/airflow/.local/lib/python3.7/site-packages/airflow/example_dags/example_branch_operator.py for tasks to queue
[2022-07-11 09:27:09,839] {logging_mixin.py:115} INFO - [2022-07-11 09:27:09,839] {dagbag.py:507} INFO - Filling up the DagBag from /home/airflow/.local/lib/python3.7/site-packages/airflow/example_dags/example_branch_operator.py
[2022-07-11 09:27:09,847] {processor.py:651} INFO - DAG(s) dict_keys(['example_branch_operator']) retrieved from /home/airflow/.local/lib/python3.7/site-packages/airflow/example_dags/example_branch_operator.py
[2022-07-11 09:27:09,868] {logging_mixin.py:115} INFO - [2022-07-11 09:27:09,868] {dag.py:2379} INFO - Sync 1 DAGs
[2022-07-11 09:27:09,887] {logging_mixin.py:115} INFO - [2022-07-11 09:27:09,887] {dag.py:2931} INFO - Setting next_dagrun for example_branch_operator to 2022-07-10T00:00:00+00:00, run_after=2022-07-11T00:00:00+00:00
[2022-07-11 09:27:09,902] {processor.py:161} INFO - Processing /home/airflow/.local/lib/python3.7/site-packages/airflow/example_dags/example_branch_operator.py took 0.068 seconds
[2022-07-11 09:27:40,300] {processor.py:153} INFO - Started process (PID=1648) to work on /home/airflow/.local/lib/python3.7/site-packages/airflow/example_dags/example_branch_operator.py
[2022-07-11 09:27:40,302] {processor.py:641} INFO - Processing file /home/airflow/.local/lib/python3.7/site-packages/airflow/example_dags/example_branch_operator.py for tasks to queue
[2022-07-11 09:27:40,303] {logging_mixin.py:115} INFO - [2022-07-11 09:27:40,302] {dagbag.py:507} INFO - Filling up the DagBag from /home/airflow/.local/lib/python3.7/site-packages/airflow/example_dags/example_branch_operator.py
[2022-07-11 09:27:40,324] {processor.py:651} INFO - DAG(s) dict_keys(['example_branch_operator']) retrieved from /home/airflow/.local/lib/python3.7/site-packages/airflow/example_dags/example_branch_operator.py
[2022-07-11 09:27:40,362] {logging_mixin.py:115} INFO - [2022-07-11 09:27:40,362] {dag.py:2379} INFO - Sync 1 DAGs
[2022-07-11 09:27:40,383] {logging_mixin.py:115} INFO - [2022-07-11 09:27:40,383] {dag.py:2931} INFO - Setting next_dagrun for example_branch_operator to 2022-07-10T00:00:00+00:00, run_after=2022-07-11T00:00:00+00:00
[2022-07-11 09:27:40,402] {processor.py:161} INFO - Processing /home/airflow/.local/lib/python3.7/site-packages/airflow/example_dags/example_branch_operator.py took 0.105 seconds
[2022-07-11 09:28:11,431] {processor.py:153} INFO - Started process (PID=1703) to work on /home/airflow/.local/lib/python3.7/site-packages/airflow/example_dags/example_branch_operator.py
[2022-07-11 09:28:11,433] {processor.py:641} INFO - Processing file /home/airflow/.local/lib/python3.7/site-packages/airflow/example_dags/example_branch_operator.py for tasks to queue
[2022-07-11 09:28:11,435] {logging_mixin.py:115} INFO - [2022-07-11 09:28:11,435] {dagbag.py:507} INFO - Filling up the DagBag from /home/airflow/.local/lib/python3.7/site-packages/airflow/example_dags/example_branch_operator.py
[2022-07-11 09:28:11,443] {processor.py:651} INFO - DAG(s) dict_keys(['example_branch_operator']) retrieved from /home/airflow/.local/lib/python3.7/site-packages/airflow/example_dags/example_branch_operator.py
[2022-07-11 09:28:11,476] {logging_mixin.py:115} INFO - [2022-07-11 09:28:11,476] {dag.py:2379} INFO - Sync 1 DAGs
[2022-07-11 09:28:11,512] {logging_mixin.py:115} INFO - [2022-07-11 09:28:11,511] {dag.py:2931} INFO - Setting next_dagrun for example_branch_operator to 2022-07-10T00:00:00+00:00, run_after=2022-07-11T00:00:00+00:00
[2022-07-11 09:28:11,526] {processor.py:161} INFO - Processing /home/airflow/.local/lib/python3.7/site-packages/airflow/example_dags/example_branch_operator.py took 0.097 seconds
[2022-07-11 09:28:41,708] {processor.py:153} INFO - Started process (PID=1766) to work on /home/airflow/.local/lib/python3.7/site-packages/airflow/example_dags/example_branch_operator.py
[2022-07-11 09:28:41,710] {processor.py:641} INFO - Processing file /home/airflow/.local/lib/python3.7/site-packages/airflow/example_dags/example_branch_operator.py for tasks to queue
[2022-07-11 09:28:41,712] {logging_mixin.py:115} INFO - [2022-07-11 09:28:41,712] {dagbag.py:507} INFO - Filling up the DagBag from /home/airflow/.local/lib/python3.7/site-packages/airflow/example_dags/example_branch_operator.py
[2022-07-11 09:28:41,719] {processor.py:651} INFO - DAG(s) dict_keys(['example_branch_operator']) retrieved from /home/airflow/.local/lib/python3.7/site-packages/airflow/example_dags/example_branch_operator.py
[2022-07-11 09:28:41,736] {logging_mixin.py:115} INFO - [2022-07-11 09:28:41,736] {dag.py:2379} INFO - Sync 1 DAGs
[2022-07-11 09:28:41,750] {logging_mixin.py:115} INFO - [2022-07-11 09:28:41,750] {dag.py:2931} INFO - Setting next_dagrun for example_branch_operator to 2022-07-10T00:00:00+00:00, run_after=2022-07-11T00:00:00+00:00
[2022-07-11 09:28:41,758] {processor.py:161} INFO - Processing /home/airflow/.local/lib/python3.7/site-packages/airflow/example_dags/example_branch_operator.py took 0.053 seconds
[2022-07-11 09:29:12,124] {processor.py:153} INFO - Started process (PID=1832) to work on /home/airflow/.local/lib/python3.7/site-packages/airflow/example_dags/example_branch_operator.py
[2022-07-11 09:29:12,125] {processor.py:641} INFO - Processing file /home/airflow/.local/lib/python3.7/site-packages/airflow/example_dags/example_branch_operator.py for tasks to queue
[2022-07-11 09:29:12,127] {logging_mixin.py:115} INFO - [2022-07-11 09:29:12,127] {dagbag.py:507} INFO - Filling up the DagBag from /home/airflow/.local/lib/python3.7/site-packages/airflow/example_dags/example_branch_operator.py
[2022-07-11 09:29:12,135] {processor.py:651} INFO - DAG(s) dict_keys(['example_branch_operator']) retrieved from /home/airflow/.local/lib/python3.7/site-packages/airflow/example_dags/example_branch_operator.py
[2022-07-11 09:29:12,177] {logging_mixin.py:115} INFO - [2022-07-11 09:29:12,177] {dag.py:2379} INFO - Sync 1 DAGs
[2022-07-11 09:29:12,200] {logging_mixin.py:115} INFO - [2022-07-11 09:29:12,200] {dag.py:2931} INFO - Setting next_dagrun for example_branch_operator to 2022-07-10T00:00:00+00:00, run_after=2022-07-11T00:00:00+00:00
[2022-07-11 09:29:12,209] {processor.py:161} INFO - Processing /home/airflow/.local/lib/python3.7/site-packages/airflow/example_dags/example_branch_operator.py took 0.088 seconds
[2022-07-11 09:29:43,096] {processor.py:153} INFO - Started process (PID=1898) to work on /home/airflow/.local/lib/python3.7/site-packages/airflow/example_dags/example_branch_operator.py
[2022-07-11 09:29:43,098] {processor.py:641} INFO - Processing file /home/airflow/.local/lib/python3.7/site-packages/airflow/example_dags/example_branch_operator.py for tasks to queue
[2022-07-11 09:29:43,100] {logging_mixin.py:115} INFO - [2022-07-11 09:29:43,100] {dagbag.py:507} INFO - Filling up the DagBag from /home/airflow/.local/lib/python3.7/site-packages/airflow/example_dags/example_branch_operator.py
[2022-07-11 09:29:43,111] {processor.py:651} INFO - DAG(s) dict_keys(['example_branch_operator']) retrieved from /home/airflow/.local/lib/python3.7/site-packages/airflow/example_dags/example_branch_operator.py
[2022-07-11 09:29:43,136] {logging_mixin.py:115} INFO - [2022-07-11 09:29:43,136] {dag.py:2379} INFO - Sync 1 DAGs
[2022-07-11 09:29:43,153] {logging_mixin.py:115} INFO - [2022-07-11 09:29:43,153] {dag.py:2931} INFO - Setting next_dagrun for example_branch_operator to 2022-07-10T00:00:00+00:00, run_after=2022-07-11T00:00:00+00:00
[2022-07-11 09:29:43,162] {processor.py:161} INFO - Processing /home/airflow/.local/lib/python3.7/site-packages/airflow/example_dags/example_branch_operator.py took 0.069 seconds
[2022-07-11 09:30:14,194] {processor.py:153} INFO - Started process (PID=1962) to work on /home/airflow/.local/lib/python3.7/site-packages/airflow/example_dags/example_branch_operator.py
[2022-07-11 09:30:14,196] {processor.py:641} INFO - Processing file /home/airflow/.local/lib/python3.7/site-packages/airflow/example_dags/example_branch_operator.py for tasks to queue
[2022-07-11 09:30:14,198] {logging_mixin.py:115} INFO - [2022-07-11 09:30:14,198] {dagbag.py:507} INFO - Filling up the DagBag from /home/airflow/.local/lib/python3.7/site-packages/airflow/example_dags/example_branch_operator.py
[2022-07-11 09:30:14,206] {processor.py:651} INFO - DAG(s) dict_keys(['example_branch_operator']) retrieved from /home/airflow/.local/lib/python3.7/site-packages/airflow/example_dags/example_branch_operator.py
[2022-07-11 09:30:14,251] {logging_mixin.py:115} INFO - [2022-07-11 09:30:14,251] {dag.py:2379} INFO - Sync 1 DAGs
[2022-07-11 09:30:14,289] {logging_mixin.py:115} INFO - [2022-07-11 09:30:14,289] {dag.py:2931} INFO - Setting next_dagrun for example_branch_operator to 2022-07-10T00:00:00+00:00, run_after=2022-07-11T00:00:00+00:00
[2022-07-11 09:30:14,305] {processor.py:161} INFO - Processing /home/airflow/.local/lib/python3.7/site-packages/airflow/example_dags/example_branch_operator.py took 0.115 seconds
[2022-07-11 09:30:44,547] {processor.py:153} INFO - Started process (PID=2018) to work on /home/airflow/.local/lib/python3.7/site-packages/airflow/example_dags/example_branch_operator.py
[2022-07-11 09:30:44,550] {processor.py:641} INFO - Processing file /home/airflow/.local/lib/python3.7/site-packages/airflow/example_dags/example_branch_operator.py for tasks to queue
[2022-07-11 09:30:44,551] {logging_mixin.py:115} INFO - [2022-07-11 09:30:44,551] {dagbag.py:507} INFO - Filling up the DagBag from /home/airflow/.local/lib/python3.7/site-packages/airflow/example_dags/example_branch_operator.py
[2022-07-11 09:30:44,566] {processor.py:651} INFO - DAG(s) dict_keys(['example_branch_operator']) retrieved from /home/airflow/.local/lib/python3.7/site-packages/airflow/example_dags/example_branch_operator.py
[2022-07-11 09:30:44,585] {logging_mixin.py:115} INFO - [2022-07-11 09:30:44,585] {dag.py:2379} INFO - Sync 1 DAGs
[2022-07-11 09:30:44,599] {logging_mixin.py:115} INFO - [2022-07-11 09:30:44,599] {dag.py:2931} INFO - Setting next_dagrun for example_branch_operator to 2022-07-10T00:00:00+00:00, run_after=2022-07-11T00:00:00+00:00
[2022-07-11 09:30:44,608] {processor.py:161} INFO - Processing /home/airflow/.local/lib/python3.7/site-packages/airflow/example_dags/example_branch_operator.py took 0.063 seconds
[2022-07-11 09:31:14,744] {processor.py:153} INFO - Started process (PID=2082) to work on /home/airflow/.local/lib/python3.7/site-packages/airflow/example_dags/example_branch_operator.py
[2022-07-11 09:31:14,745] {processor.py:641} INFO - Processing file /home/airflow/.local/lib/python3.7/site-packages/airflow/example_dags/example_branch_operator.py for tasks to queue
[2022-07-11 09:31:14,746] {logging_mixin.py:115} INFO - [2022-07-11 09:31:14,746] {dagbag.py:507} INFO - Filling up the DagBag from /home/airflow/.local/lib/python3.7/site-packages/airflow/example_dags/example_branch_operator.py
[2022-07-11 09:31:14,755] {processor.py:651} INFO - DAG(s) dict_keys(['example_branch_operator']) retrieved from /home/airflow/.local/lib/python3.7/site-packages/airflow/example_dags/example_branch_operator.py
[2022-07-11 09:31:14,778] {logging_mixin.py:115} INFO - [2022-07-11 09:31:14,778] {dag.py:2379} INFO - Sync 1 DAGs
[2022-07-11 09:31:14,793] {logging_mixin.py:115} INFO - [2022-07-11 09:31:14,793] {dag.py:2931} INFO - Setting next_dagrun for example_branch_operator to 2022-07-10T00:00:00+00:00, run_after=2022-07-11T00:00:00+00:00
[2022-07-11 09:31:14,803] {processor.py:161} INFO - Processing /home/airflow/.local/lib/python3.7/site-packages/airflow/example_dags/example_branch_operator.py took 0.061 seconds
[2022-07-11 09:31:44,856] {processor.py:153} INFO - Started process (PID=2146) to work on /home/airflow/.local/lib/python3.7/site-packages/airflow/example_dags/example_branch_operator.py
[2022-07-11 09:31:44,857] {processor.py:641} INFO - Processing file /home/airflow/.local/lib/python3.7/site-packages/airflow/example_dags/example_branch_operator.py for tasks to queue
[2022-07-11 09:31:44,858] {logging_mixin.py:115} INFO - [2022-07-11 09:31:44,858] {dagbag.py:507} INFO - Filling up the DagBag from /home/airflow/.local/lib/python3.7/site-packages/airflow/example_dags/example_branch_operator.py
[2022-07-11 09:31:44,864] {processor.py:651} INFO - DAG(s) dict_keys(['example_branch_operator']) retrieved from /home/airflow/.local/lib/python3.7/site-packages/airflow/example_dags/example_branch_operator.py
[2022-07-11 09:31:44,882] {logging_mixin.py:115} INFO - [2022-07-11 09:31:44,881] {dag.py:2379} INFO - Sync 1 DAGs
[2022-07-11 09:31:44,894] {logging_mixin.py:115} INFO - [2022-07-11 09:31:44,894] {dag.py:2931} INFO - Setting next_dagrun for example_branch_operator to 2022-07-10T00:00:00+00:00, run_after=2022-07-11T00:00:00+00:00
[2022-07-11 09:31:44,901] {processor.py:161} INFO - Processing /home/airflow/.local/lib/python3.7/site-packages/airflow/example_dags/example_branch_operator.py took 0.047 seconds
[2022-07-11 09:32:15,195] {processor.py:153} INFO - Started process (PID=2209) to work on /home/airflow/.local/lib/python3.7/site-packages/airflow/example_dags/example_branch_operator.py
[2022-07-11 09:32:15,207] {processor.py:641} INFO - Processing file /home/airflow/.local/lib/python3.7/site-packages/airflow/example_dags/example_branch_operator.py for tasks to queue
[2022-07-11 09:32:15,208] {logging_mixin.py:115} INFO - [2022-07-11 09:32:15,208] {dagbag.py:507} INFO - Filling up the DagBag from /home/airflow/.local/lib/python3.7/site-packages/airflow/example_dags/example_branch_operator.py
[2022-07-11 09:32:15,216] {processor.py:651} INFO - DAG(s) dict_keys(['example_branch_operator']) retrieved from /home/airflow/.local/lib/python3.7/site-packages/airflow/example_dags/example_branch_operator.py
[2022-07-11 09:32:15,234] {logging_mixin.py:115} INFO - [2022-07-11 09:32:15,234] {dag.py:2379} INFO - Sync 1 DAGs
[2022-07-11 09:32:15,253] {logging_mixin.py:115} INFO - [2022-07-11 09:32:15,253] {dag.py:2931} INFO - Setting next_dagrun for example_branch_operator to 2022-07-10T00:00:00+00:00, run_after=2022-07-11T00:00:00+00:00
[2022-07-11 09:32:15,262] {processor.py:161} INFO - Processing /home/airflow/.local/lib/python3.7/site-packages/airflow/example_dags/example_branch_operator.py took 0.069 seconds
[2022-07-11 09:32:45,669] {processor.py:153} INFO - Started process (PID=2275) to work on /home/airflow/.local/lib/python3.7/site-packages/airflow/example_dags/example_branch_operator.py
[2022-07-11 09:32:45,670] {processor.py:641} INFO - Processing file /home/airflow/.local/lib/python3.7/site-packages/airflow/example_dags/example_branch_operator.py for tasks to queue
[2022-07-11 09:32:45,671] {logging_mixin.py:115} INFO - [2022-07-11 09:32:45,671] {dagbag.py:507} INFO - Filling up the DagBag from /home/airflow/.local/lib/python3.7/site-packages/airflow/example_dags/example_branch_operator.py
[2022-07-11 09:32:45,678] {processor.py:651} INFO - DAG(s) dict_keys(['example_branch_operator']) retrieved from /home/airflow/.local/lib/python3.7/site-packages/airflow/example_dags/example_branch_operator.py
[2022-07-11 09:32:45,696] {logging_mixin.py:115} INFO - [2022-07-11 09:32:45,696] {dag.py:2379} INFO - Sync 1 DAGs
[2022-07-11 09:32:45,715] {logging_mixin.py:115} INFO - [2022-07-11 09:32:45,715] {dag.py:2931} INFO - Setting next_dagrun for example_branch_operator to 2022-07-10T00:00:00+00:00, run_after=2022-07-11T00:00:00+00:00
[2022-07-11 09:32:45,723] {processor.py:161} INFO - Processing /home/airflow/.local/lib/python3.7/site-packages/airflow/example_dags/example_branch_operator.py took 0.056 seconds
[2022-07-11 09:33:15,941] {processor.py:153} INFO - Started process (PID=2330) to work on /home/airflow/.local/lib/python3.7/site-packages/airflow/example_dags/example_branch_operator.py
[2022-07-11 09:33:15,942] {processor.py:641} INFO - Processing file /home/airflow/.local/lib/python3.7/site-packages/airflow/example_dags/example_branch_operator.py for tasks to queue
[2022-07-11 09:33:15,945] {logging_mixin.py:115} INFO - [2022-07-11 09:33:15,945] {dagbag.py:507} INFO - Filling up the DagBag from /home/airflow/.local/lib/python3.7/site-packages/airflow/example_dags/example_branch_operator.py
[2022-07-11 09:33:15,953] {processor.py:651} INFO - DAG(s) dict_keys(['example_branch_operator']) retrieved from /home/airflow/.local/lib/python3.7/site-packages/airflow/example_dags/example_branch_operator.py
[2022-07-11 09:33:15,983] {logging_mixin.py:115} INFO - [2022-07-11 09:33:15,982] {dag.py:2379} INFO - Sync 1 DAGs
[2022-07-11 09:33:15,999] {logging_mixin.py:115} INFO - [2022-07-11 09:33:15,999] {dag.py:2931} INFO - Setting next_dagrun for example_branch_operator to 2022-07-10T00:00:00+00:00, run_after=2022-07-11T00:00:00+00:00
[2022-07-11 09:33:16,008] {processor.py:161} INFO - Processing /home/airflow/.local/lib/python3.7/site-packages/airflow/example_dags/example_branch_operator.py took 0.069 seconds
[2022-07-11 09:33:46,286] {processor.py:153} INFO - Started process (PID=2395) to work on /home/airflow/.local/lib/python3.7/site-packages/airflow/example_dags/example_branch_operator.py
[2022-07-11 09:33:46,287] {processor.py:641} INFO - Processing file /home/airflow/.local/lib/python3.7/site-packages/airflow/example_dags/example_branch_operator.py for tasks to queue
[2022-07-11 09:33:46,289] {logging_mixin.py:115} INFO - [2022-07-11 09:33:46,289] {dagbag.py:507} INFO - Filling up the DagBag from /home/airflow/.local/lib/python3.7/site-packages/airflow/example_dags/example_branch_operator.py
[2022-07-11 09:33:46,297] {processor.py:651} INFO - DAG(s) dict_keys(['example_branch_operator']) retrieved from /home/airflow/.local/lib/python3.7/site-packages/airflow/example_dags/example_branch_operator.py
[2022-07-11 09:33:46,316] {logging_mixin.py:115} INFO - [2022-07-11 09:33:46,315] {dag.py:2379} INFO - Sync 1 DAGs
[2022-07-11 09:33:46,330] {logging_mixin.py:115} INFO - [2022-07-11 09:33:46,330] {dag.py:2931} INFO - Setting next_dagrun for example_branch_operator to 2022-07-10T00:00:00+00:00, run_after=2022-07-11T00:00:00+00:00
[2022-07-11 09:33:46,339] {processor.py:161} INFO - Processing /home/airflow/.local/lib/python3.7/site-packages/airflow/example_dags/example_branch_operator.py took 0.055 seconds
[2022-07-11 09:34:16,761] {processor.py:153} INFO - Started process (PID=2460) to work on /home/airflow/.local/lib/python3.7/site-packages/airflow/example_dags/example_branch_operator.py
[2022-07-11 09:34:16,763] {processor.py:641} INFO - Processing file /home/airflow/.local/lib/python3.7/site-packages/airflow/example_dags/example_branch_operator.py for tasks to queue
[2022-07-11 09:34:16,768] {logging_mixin.py:115} INFO - [2022-07-11 09:34:16,768] {dagbag.py:507} INFO - Filling up the DagBag from /home/airflow/.local/lib/python3.7/site-packages/airflow/example_dags/example_branch_operator.py
[2022-07-11 09:34:16,785] {processor.py:651} INFO - DAG(s) dict_keys(['example_branch_operator']) retrieved from /home/airflow/.local/lib/python3.7/site-packages/airflow/example_dags/example_branch_operator.py
[2022-07-11 09:34:16,808] {logging_mixin.py:115} INFO - [2022-07-11 09:34:16,807] {dag.py:2379} INFO - Sync 1 DAGs
[2022-07-11 09:34:16,839] {logging_mixin.py:115} INFO - [2022-07-11 09:34:16,838] {dag.py:2931} INFO - Setting next_dagrun for example_branch_operator to 2022-07-10T00:00:00+00:00, run_after=2022-07-11T00:00:00+00:00
[2022-07-11 09:34:16,855] {processor.py:161} INFO - Processing /home/airflow/.local/lib/python3.7/site-packages/airflow/example_dags/example_branch_operator.py took 0.098 seconds
[2022-07-11 09:34:46,914] {processor.py:153} INFO - Started process (PID=2525) to work on /home/airflow/.local/lib/python3.7/site-packages/airflow/example_dags/example_branch_operator.py
[2022-07-11 09:34:46,915] {processor.py:641} INFO - Processing file /home/airflow/.local/lib/python3.7/site-packages/airflow/example_dags/example_branch_operator.py for tasks to queue
[2022-07-11 09:34:46,917] {logging_mixin.py:115} INFO - [2022-07-11 09:34:46,917] {dagbag.py:507} INFO - Filling up the DagBag from /home/airflow/.local/lib/python3.7/site-packages/airflow/example_dags/example_branch_operator.py
[2022-07-11 09:34:46,925] {processor.py:651} INFO - DAG(s) dict_keys(['example_branch_operator']) retrieved from /home/airflow/.local/lib/python3.7/site-packages/airflow/example_dags/example_branch_operator.py
[2022-07-11 09:34:46,942] {logging_mixin.py:115} INFO - [2022-07-11 09:34:46,942] {dag.py:2379} INFO - Sync 1 DAGs
[2022-07-11 09:34:46,958] {logging_mixin.py:115} INFO - [2022-07-11 09:34:46,958] {dag.py:2931} INFO - Setting next_dagrun for example_branch_operator to 2022-07-10T00:00:00+00:00, run_after=2022-07-11T00:00:00+00:00
[2022-07-11 09:34:46,972] {processor.py:161} INFO - Processing /home/airflow/.local/lib/python3.7/site-packages/airflow/example_dags/example_branch_operator.py took 0.061 seconds
[2022-07-11 09:35:17,609] {processor.py:153} INFO - Started process (PID=2590) to work on /home/airflow/.local/lib/python3.7/site-packages/airflow/example_dags/example_branch_operator.py
[2022-07-11 09:35:17,611] {processor.py:641} INFO - Processing file /home/airflow/.local/lib/python3.7/site-packages/airflow/example_dags/example_branch_operator.py for tasks to queue
[2022-07-11 09:35:17,613] {logging_mixin.py:115} INFO - [2022-07-11 09:35:17,613] {dagbag.py:507} INFO - Filling up the DagBag from /home/airflow/.local/lib/python3.7/site-packages/airflow/example_dags/example_branch_operator.py
[2022-07-11 09:35:17,623] {processor.py:651} INFO - DAG(s) dict_keys(['example_branch_operator']) retrieved from /home/airflow/.local/lib/python3.7/site-packages/airflow/example_dags/example_branch_operator.py
[2022-07-11 09:35:17,650] {logging_mixin.py:115} INFO - [2022-07-11 09:35:17,650] {dag.py:2379} INFO - Sync 1 DAGs
[2022-07-11 09:35:17,665] {logging_mixin.py:115} INFO - [2022-07-11 09:35:17,665] {dag.py:2931} INFO - Setting next_dagrun for example_branch_operator to 2022-07-10T00:00:00+00:00, run_after=2022-07-11T00:00:00+00:00
[2022-07-11 09:35:17,681] {processor.py:161} INFO - Processing /home/airflow/.local/lib/python3.7/site-packages/airflow/example_dags/example_branch_operator.py took 0.081 seconds
[2022-07-11 09:35:48,789] {processor.py:153} INFO - Started process (PID=2653) to work on /home/airflow/.local/lib/python3.7/site-packages/airflow/example_dags/example_branch_operator.py
[2022-07-11 09:35:48,790] {processor.py:641} INFO - Processing file /home/airflow/.local/lib/python3.7/site-packages/airflow/example_dags/example_branch_operator.py for tasks to queue
[2022-07-11 09:35:48,794] {logging_mixin.py:115} INFO - [2022-07-11 09:35:48,793] {dagbag.py:507} INFO - Filling up the DagBag from /home/airflow/.local/lib/python3.7/site-packages/airflow/example_dags/example_branch_operator.py
[2022-07-11 09:35:48,801] {processor.py:651} INFO - DAG(s) dict_keys(['example_branch_operator']) retrieved from /home/airflow/.local/lib/python3.7/site-packages/airflow/example_dags/example_branch_operator.py
[2022-07-11 09:35:48,817] {logging_mixin.py:115} INFO - [2022-07-11 09:35:48,817] {dag.py:2379} INFO - Sync 1 DAGs
[2022-07-11 09:35:48,846] {logging_mixin.py:115} INFO - [2022-07-11 09:35:48,846] {dag.py:2931} INFO - Setting next_dagrun for example_branch_operator to 2022-07-10T00:00:00+00:00, run_after=2022-07-11T00:00:00+00:00
[2022-07-11 09:35:48,859] {processor.py:161} INFO - Processing /home/airflow/.local/lib/python3.7/site-packages/airflow/example_dags/example_branch_operator.py took 0.073 seconds
[2022-07-11 09:36:19,428] {processor.py:153} INFO - Started process (PID=2708) to work on /home/airflow/.local/lib/python3.7/site-packages/airflow/example_dags/example_branch_operator.py
[2022-07-11 09:36:19,430] {processor.py:641} INFO - Processing file /home/airflow/.local/lib/python3.7/site-packages/airflow/example_dags/example_branch_operator.py for tasks to queue
[2022-07-11 09:36:19,431] {logging_mixin.py:115} INFO - [2022-07-11 09:36:19,431] {dagbag.py:507} INFO - Filling up the DagBag from /home/airflow/.local/lib/python3.7/site-packages/airflow/example_dags/example_branch_operator.py
[2022-07-11 09:36:19,442] {processor.py:651} INFO - DAG(s) dict_keys(['example_branch_operator']) retrieved from /home/airflow/.local/lib/python3.7/site-packages/airflow/example_dags/example_branch_operator.py
[2022-07-11 09:36:19,459] {logging_mixin.py:115} INFO - [2022-07-11 09:36:19,459] {dag.py:2379} INFO - Sync 1 DAGs
[2022-07-11 09:36:19,485] {logging_mixin.py:115} INFO - [2022-07-11 09:36:19,485] {dag.py:2931} INFO - Setting next_dagrun for example_branch_operator to 2022-07-10T00:00:00+00:00, run_after=2022-07-11T00:00:00+00:00
[2022-07-11 09:36:19,504] {processor.py:161} INFO - Processing /home/airflow/.local/lib/python3.7/site-packages/airflow/example_dags/example_branch_operator.py took 0.079 seconds
[2022-07-11 09:36:49,752] {processor.py:153} INFO - Started process (PID=2773) to work on /home/airflow/.local/lib/python3.7/site-packages/airflow/example_dags/example_branch_operator.py
[2022-07-11 09:36:49,758] {processor.py:641} INFO - Processing file /home/airflow/.local/lib/python3.7/site-packages/airflow/example_dags/example_branch_operator.py for tasks to queue
[2022-07-11 09:36:49,760] {logging_mixin.py:115} INFO - [2022-07-11 09:36:49,760] {dagbag.py:507} INFO - Filling up the DagBag from /home/airflow/.local/lib/python3.7/site-packages/airflow/example_dags/example_branch_operator.py
[2022-07-11 09:36:49,768] {processor.py:651} INFO - DAG(s) dict_keys(['example_branch_operator']) retrieved from /home/airflow/.local/lib/python3.7/site-packages/airflow/example_dags/example_branch_operator.py
[2022-07-11 09:36:49,805] {logging_mixin.py:115} INFO - [2022-07-11 09:36:49,805] {dag.py:2379} INFO - Sync 1 DAGs
[2022-07-11 09:36:49,838] {logging_mixin.py:115} INFO - [2022-07-11 09:36:49,838] {dag.py:2931} INFO - Setting next_dagrun for example_branch_operator to 2022-07-10T00:00:00+00:00, run_after=2022-07-11T00:00:00+00:00
[2022-07-11 09:36:49,848] {processor.py:161} INFO - Processing /home/airflow/.local/lib/python3.7/site-packages/airflow/example_dags/example_branch_operator.py took 0.098 seconds
[2022-07-11 09:37:20,401] {processor.py:153} INFO - Started process (PID=2838) to work on /home/airflow/.local/lib/python3.7/site-packages/airflow/example_dags/example_branch_operator.py
[2022-07-11 09:37:20,402] {processor.py:641} INFO - Processing file /home/airflow/.local/lib/python3.7/site-packages/airflow/example_dags/example_branch_operator.py for tasks to queue
[2022-07-11 09:37:20,404] {logging_mixin.py:115} INFO - [2022-07-11 09:37:20,404] {dagbag.py:507} INFO - Filling up the DagBag from /home/airflow/.local/lib/python3.7/site-packages/airflow/example_dags/example_branch_operator.py
[2022-07-11 09:37:20,412] {processor.py:651} INFO - DAG(s) dict_keys(['example_branch_operator']) retrieved from /home/airflow/.local/lib/python3.7/site-packages/airflow/example_dags/example_branch_operator.py
[2022-07-11 09:37:20,444] {logging_mixin.py:115} INFO - [2022-07-11 09:37:20,444] {dag.py:2379} INFO - Sync 1 DAGs
[2022-07-11 09:37:20,479] {logging_mixin.py:115} INFO - [2022-07-11 09:37:20,479] {dag.py:2931} INFO - Setting next_dagrun for example_branch_operator to 2022-07-10T00:00:00+00:00, run_after=2022-07-11T00:00:00+00:00
[2022-07-11 09:37:20,497] {processor.py:161} INFO - Processing /home/airflow/.local/lib/python3.7/site-packages/airflow/example_dags/example_branch_operator.py took 0.098 seconds
[2022-07-11 09:37:50,901] {processor.py:153} INFO - Started process (PID=2904) to work on /home/airflow/.local/lib/python3.7/site-packages/airflow/example_dags/example_branch_operator.py
[2022-07-11 09:37:50,903] {processor.py:641} INFO - Processing file /home/airflow/.local/lib/python3.7/site-packages/airflow/example_dags/example_branch_operator.py for tasks to queue
[2022-07-11 09:37:50,905] {logging_mixin.py:115} INFO - [2022-07-11 09:37:50,905] {dagbag.py:507} INFO - Filling up the DagBag from /home/airflow/.local/lib/python3.7/site-packages/airflow/example_dags/example_branch_operator.py
[2022-07-11 09:37:50,913] {processor.py:651} INFO - DAG(s) dict_keys(['example_branch_operator']) retrieved from /home/airflow/.local/lib/python3.7/site-packages/airflow/example_dags/example_branch_operator.py
[2022-07-11 09:37:50,950] {logging_mixin.py:115} INFO - [2022-07-11 09:37:50,950] {dag.py:2379} INFO - Sync 1 DAGs
[2022-07-11 09:37:50,979] {logging_mixin.py:115} INFO - [2022-07-11 09:37:50,979] {dag.py:2931} INFO - Setting next_dagrun for example_branch_operator to 2022-07-10T00:00:00+00:00, run_after=2022-07-11T00:00:00+00:00
[2022-07-11 09:37:50,995] {processor.py:161} INFO - Processing /home/airflow/.local/lib/python3.7/site-packages/airflow/example_dags/example_branch_operator.py took 0.096 seconds
[2022-07-11 09:38:21,447] {processor.py:153} INFO - Started process (PID=2968) to work on /home/airflow/.local/lib/python3.7/site-packages/airflow/example_dags/example_branch_operator.py
[2022-07-11 09:38:21,449] {processor.py:641} INFO - Processing file /home/airflow/.local/lib/python3.7/site-packages/airflow/example_dags/example_branch_operator.py for tasks to queue
[2022-07-11 09:38:21,450] {logging_mixin.py:115} INFO - [2022-07-11 09:38:21,450] {dagbag.py:507} INFO - Filling up the DagBag from /home/airflow/.local/lib/python3.7/site-packages/airflow/example_dags/example_branch_operator.py
[2022-07-11 09:38:21,458] {processor.py:651} INFO - DAG(s) dict_keys(['example_branch_operator']) retrieved from /home/airflow/.local/lib/python3.7/site-packages/airflow/example_dags/example_branch_operator.py
[2022-07-11 09:38:21,478] {logging_mixin.py:115} INFO - [2022-07-11 09:38:21,478] {dag.py:2379} INFO - Sync 1 DAGs
[2022-07-11 09:38:21,493] {logging_mixin.py:115} INFO - [2022-07-11 09:38:21,493] {dag.py:2931} INFO - Setting next_dagrun for example_branch_operator to 2022-07-10T00:00:00+00:00, run_after=2022-07-11T00:00:00+00:00
[2022-07-11 09:38:21,502] {processor.py:161} INFO - Processing /home/airflow/.local/lib/python3.7/site-packages/airflow/example_dags/example_branch_operator.py took 0.057 seconds
[2022-07-11 09:38:51,810] {processor.py:153} INFO - Started process (PID=3022) to work on /home/airflow/.local/lib/python3.7/site-packages/airflow/example_dags/example_branch_operator.py
[2022-07-11 09:38:51,812] {processor.py:641} INFO - Processing file /home/airflow/.local/lib/python3.7/site-packages/airflow/example_dags/example_branch_operator.py for tasks to queue
[2022-07-11 09:38:51,813] {logging_mixin.py:115} INFO - [2022-07-11 09:38:51,813] {dagbag.py:507} INFO - Filling up the DagBag from /home/airflow/.local/lib/python3.7/site-packages/airflow/example_dags/example_branch_operator.py
[2022-07-11 09:38:51,822] {processor.py:651} INFO - DAG(s) dict_keys(['example_branch_operator']) retrieved from /home/airflow/.local/lib/python3.7/site-packages/airflow/example_dags/example_branch_operator.py
[2022-07-11 09:38:51,841] {logging_mixin.py:115} INFO - [2022-07-11 09:38:51,841] {dag.py:2379} INFO - Sync 1 DAGs
[2022-07-11 09:38:51,860] {logging_mixin.py:115} INFO - [2022-07-11 09:38:51,860] {dag.py:2931} INFO - Setting next_dagrun for example_branch_operator to 2022-07-10T00:00:00+00:00, run_after=2022-07-11T00:00:00+00:00
[2022-07-11 09:38:51,871] {processor.py:161} INFO - Processing /home/airflow/.local/lib/python3.7/site-packages/airflow/example_dags/example_branch_operator.py took 0.062 seconds
[2022-07-11 09:39:22,140] {processor.py:153} INFO - Started process (PID=3086) to work on /home/airflow/.local/lib/python3.7/site-packages/airflow/example_dags/example_branch_operator.py
[2022-07-11 09:39:22,145] {processor.py:641} INFO - Processing file /home/airflow/.local/lib/python3.7/site-packages/airflow/example_dags/example_branch_operator.py for tasks to queue
[2022-07-11 09:39:22,147] {logging_mixin.py:115} INFO - [2022-07-11 09:39:22,147] {dagbag.py:507} INFO - Filling up the DagBag from /home/airflow/.local/lib/python3.7/site-packages/airflow/example_dags/example_branch_operator.py
[2022-07-11 09:39:22,157] {processor.py:651} INFO - DAG(s) dict_keys(['example_branch_operator']) retrieved from /home/airflow/.local/lib/python3.7/site-packages/airflow/example_dags/example_branch_operator.py
[2022-07-11 09:39:22,175] {logging_mixin.py:115} INFO - [2022-07-11 09:39:22,175] {dag.py:2379} INFO - Sync 1 DAGs
[2022-07-11 09:39:22,190] {logging_mixin.py:115} INFO - [2022-07-11 09:39:22,190] {dag.py:2931} INFO - Setting next_dagrun for example_branch_operator to 2022-07-10T00:00:00+00:00, run_after=2022-07-11T00:00:00+00:00
[2022-07-11 09:39:22,199] {processor.py:161} INFO - Processing /home/airflow/.local/lib/python3.7/site-packages/airflow/example_dags/example_branch_operator.py took 0.062 seconds
[2022-07-11 09:39:52,526] {processor.py:153} INFO - Started process (PID=3152) to work on /home/airflow/.local/lib/python3.7/site-packages/airflow/example_dags/example_branch_operator.py
[2022-07-11 09:39:52,527] {processor.py:641} INFO - Processing file /home/airflow/.local/lib/python3.7/site-packages/airflow/example_dags/example_branch_operator.py for tasks to queue
[2022-07-11 09:39:52,528] {logging_mixin.py:115} INFO - [2022-07-11 09:39:52,528] {dagbag.py:507} INFO - Filling up the DagBag from /home/airflow/.local/lib/python3.7/site-packages/airflow/example_dags/example_branch_operator.py
[2022-07-11 09:39:52,536] {processor.py:651} INFO - DAG(s) dict_keys(['example_branch_operator']) retrieved from /home/airflow/.local/lib/python3.7/site-packages/airflow/example_dags/example_branch_operator.py
[2022-07-11 09:39:52,562] {logging_mixin.py:115} INFO - [2022-07-11 09:39:52,562] {dag.py:2379} INFO - Sync 1 DAGs
[2022-07-11 09:39:52,578] {logging_mixin.py:115} INFO - [2022-07-11 09:39:52,578] {dag.py:2931} INFO - Setting next_dagrun for example_branch_operator to 2022-07-10T00:00:00+00:00, run_after=2022-07-11T00:00:00+00:00
[2022-07-11 09:39:52,588] {processor.py:161} INFO - Processing /home/airflow/.local/lib/python3.7/site-packages/airflow/example_dags/example_branch_operator.py took 0.066 seconds
[2022-07-11 09:40:22,732] {processor.py:153} INFO - Started process (PID=3216) to work on /home/airflow/.local/lib/python3.7/site-packages/airflow/example_dags/example_branch_operator.py
[2022-07-11 09:40:22,733] {processor.py:641} INFO - Processing file /home/airflow/.local/lib/python3.7/site-packages/airflow/example_dags/example_branch_operator.py for tasks to queue
[2022-07-11 09:40:22,735] {logging_mixin.py:115} INFO - [2022-07-11 09:40:22,735] {dagbag.py:507} INFO - Filling up the DagBag from /home/airflow/.local/lib/python3.7/site-packages/airflow/example_dags/example_branch_operator.py
[2022-07-11 09:40:22,742] {processor.py:651} INFO - DAG(s) dict_keys(['example_branch_operator']) retrieved from /home/airflow/.local/lib/python3.7/site-packages/airflow/example_dags/example_branch_operator.py
[2022-07-11 09:40:22,762] {logging_mixin.py:115} INFO - [2022-07-11 09:40:22,762] {dag.py:2379} INFO - Sync 1 DAGs
[2022-07-11 09:40:22,780] {logging_mixin.py:115} INFO - [2022-07-11 09:40:22,780] {dag.py:2931} INFO - Setting next_dagrun for example_branch_operator to 2022-07-10T00:00:00+00:00, run_after=2022-07-11T00:00:00+00:00
[2022-07-11 09:40:22,790] {processor.py:161} INFO - Processing /home/airflow/.local/lib/python3.7/site-packages/airflow/example_dags/example_branch_operator.py took 0.060 seconds
[2022-07-11 09:40:53,745] {processor.py:153} INFO - Started process (PID=3279) to work on /home/airflow/.local/lib/python3.7/site-packages/airflow/example_dags/example_branch_operator.py
[2022-07-11 09:40:53,747] {processor.py:641} INFO - Processing file /home/airflow/.local/lib/python3.7/site-packages/airflow/example_dags/example_branch_operator.py for tasks to queue
[2022-07-11 09:40:53,749] {logging_mixin.py:115} INFO - [2022-07-11 09:40:53,749] {dagbag.py:507} INFO - Filling up the DagBag from /home/airflow/.local/lib/python3.7/site-packages/airflow/example_dags/example_branch_operator.py
[2022-07-11 09:40:53,756] {processor.py:651} INFO - DAG(s) dict_keys(['example_branch_operator']) retrieved from /home/airflow/.local/lib/python3.7/site-packages/airflow/example_dags/example_branch_operator.py
[2022-07-11 09:40:53,775] {logging_mixin.py:115} INFO - [2022-07-11 09:40:53,775] {dag.py:2379} INFO - Sync 1 DAGs
[2022-07-11 09:40:53,793] {logging_mixin.py:115} INFO - [2022-07-11 09:40:53,793] {dag.py:2931} INFO - Setting next_dagrun for example_branch_operator to 2022-07-10T00:00:00+00:00, run_after=2022-07-11T00:00:00+00:00
[2022-07-11 09:40:53,806] {processor.py:161} INFO - Processing /home/airflow/.local/lib/python3.7/site-packages/airflow/example_dags/example_branch_operator.py took 0.064 seconds
[2022-07-11 09:41:23,945] {processor.py:153} INFO - Started process (PID=3335) to work on /home/airflow/.local/lib/python3.7/site-packages/airflow/example_dags/example_branch_operator.py
[2022-07-11 09:41:23,946] {processor.py:641} INFO - Processing file /home/airflow/.local/lib/python3.7/site-packages/airflow/example_dags/example_branch_operator.py for tasks to queue
[2022-07-11 09:41:23,948] {logging_mixin.py:115} INFO - [2022-07-11 09:41:23,948] {dagbag.py:507} INFO - Filling up the DagBag from /home/airflow/.local/lib/python3.7/site-packages/airflow/example_dags/example_branch_operator.py
[2022-07-11 09:41:23,955] {processor.py:651} INFO - DAG(s) dict_keys(['example_branch_operator']) retrieved from /home/airflow/.local/lib/python3.7/site-packages/airflow/example_dags/example_branch_operator.py
[2022-07-11 09:41:23,980] {logging_mixin.py:115} INFO - [2022-07-11 09:41:23,980] {dag.py:2379} INFO - Sync 1 DAGs
[2022-07-11 09:41:23,994] {logging_mixin.py:115} INFO - [2022-07-11 09:41:23,994] {dag.py:2931} INFO - Setting next_dagrun for example_branch_operator to 2022-07-10T00:00:00+00:00, run_after=2022-07-11T00:00:00+00:00
[2022-07-11 09:41:24,004] {processor.py:161} INFO - Processing /home/airflow/.local/lib/python3.7/site-packages/airflow/example_dags/example_branch_operator.py took 0.062 seconds
[2022-07-11 09:41:55,063] {processor.py:153} INFO - Started process (PID=3399) to work on /home/airflow/.local/lib/python3.7/site-packages/airflow/example_dags/example_branch_operator.py
[2022-07-11 09:41:55,067] {processor.py:641} INFO - Processing file /home/airflow/.local/lib/python3.7/site-packages/airflow/example_dags/example_branch_operator.py for tasks to queue
[2022-07-11 09:41:55,068] {logging_mixin.py:115} INFO - [2022-07-11 09:41:55,068] {dagbag.py:507} INFO - Filling up the DagBag from /home/airflow/.local/lib/python3.7/site-packages/airflow/example_dags/example_branch_operator.py
[2022-07-11 09:41:55,078] {processor.py:651} INFO - DAG(s) dict_keys(['example_branch_operator']) retrieved from /home/airflow/.local/lib/python3.7/site-packages/airflow/example_dags/example_branch_operator.py
[2022-07-11 09:41:55,109] {logging_mixin.py:115} INFO - [2022-07-11 09:41:55,108] {dag.py:2379} INFO - Sync 1 DAGs
[2022-07-11 09:41:55,138] {logging_mixin.py:115} INFO - [2022-07-11 09:41:55,138] {dag.py:2931} INFO - Setting next_dagrun for example_branch_operator to 2022-07-10T00:00:00+00:00, run_after=2022-07-11T00:00:00+00:00
[2022-07-11 09:41:55,154] {processor.py:161} INFO - Processing /home/airflow/.local/lib/python3.7/site-packages/airflow/example_dags/example_branch_operator.py took 0.093 seconds
[2022-07-11 09:42:25,697] {processor.py:153} INFO - Started process (PID=3464) to work on /home/airflow/.local/lib/python3.7/site-packages/airflow/example_dags/example_branch_operator.py
[2022-07-11 09:42:25,698] {processor.py:641} INFO - Processing file /home/airflow/.local/lib/python3.7/site-packages/airflow/example_dags/example_branch_operator.py for tasks to queue
[2022-07-11 09:42:25,699] {logging_mixin.py:115} INFO - [2022-07-11 09:42:25,699] {dagbag.py:507} INFO - Filling up the DagBag from /home/airflow/.local/lib/python3.7/site-packages/airflow/example_dags/example_branch_operator.py
[2022-07-11 09:42:25,706] {processor.py:651} INFO - DAG(s) dict_keys(['example_branch_operator']) retrieved from /home/airflow/.local/lib/python3.7/site-packages/airflow/example_dags/example_branch_operator.py
[2022-07-11 09:42:25,725] {logging_mixin.py:115} INFO - [2022-07-11 09:42:25,725] {dag.py:2379} INFO - Sync 1 DAGs
[2022-07-11 09:42:25,739] {logging_mixin.py:115} INFO - [2022-07-11 09:42:25,739] {dag.py:2931} INFO - Setting next_dagrun for example_branch_operator to 2022-07-10T00:00:00+00:00, run_after=2022-07-11T00:00:00+00:00
[2022-07-11 09:42:25,747] {processor.py:161} INFO - Processing /home/airflow/.local/lib/python3.7/site-packages/airflow/example_dags/example_branch_operator.py took 0.053 seconds
[2022-07-11 09:42:56,736] {processor.py:153} INFO - Started process (PID=3529) to work on /home/airflow/.local/lib/python3.7/site-packages/airflow/example_dags/example_branch_operator.py
[2022-07-11 09:42:56,737] {processor.py:641} INFO - Processing file /home/airflow/.local/lib/python3.7/site-packages/airflow/example_dags/example_branch_operator.py for tasks to queue
[2022-07-11 09:42:56,739] {logging_mixin.py:115} INFO - [2022-07-11 09:42:56,739] {dagbag.py:507} INFO - Filling up the DagBag from /home/airflow/.local/lib/python3.7/site-packages/airflow/example_dags/example_branch_operator.py
[2022-07-11 09:42:56,747] {processor.py:651} INFO - DAG(s) dict_keys(['example_branch_operator']) retrieved from /home/airflow/.local/lib/python3.7/site-packages/airflow/example_dags/example_branch_operator.py
[2022-07-11 09:42:56,765] {logging_mixin.py:115} INFO - [2022-07-11 09:42:56,765] {dag.py:2379} INFO - Sync 1 DAGs
[2022-07-11 09:42:56,782] {logging_mixin.py:115} INFO - [2022-07-11 09:42:56,782] {dag.py:2931} INFO - Setting next_dagrun for example_branch_operator to 2022-07-10T00:00:00+00:00, run_after=2022-07-11T00:00:00+00:00
[2022-07-11 09:42:56,796] {processor.py:161} INFO - Processing /home/airflow/.local/lib/python3.7/site-packages/airflow/example_dags/example_branch_operator.py took 0.063 seconds
[2022-07-11 09:43:26,991] {processor.py:153} INFO - Started process (PID=3594) to work on /home/airflow/.local/lib/python3.7/site-packages/airflow/example_dags/example_branch_operator.py
[2022-07-11 09:43:26,993] {processor.py:641} INFO - Processing file /home/airflow/.local/lib/python3.7/site-packages/airflow/example_dags/example_branch_operator.py for tasks to queue
[2022-07-11 09:43:26,994] {logging_mixin.py:115} INFO - [2022-07-11 09:43:26,994] {dagbag.py:507} INFO - Filling up the DagBag from /home/airflow/.local/lib/python3.7/site-packages/airflow/example_dags/example_branch_operator.py
[2022-07-11 09:43:27,001] {processor.py:651} INFO - DAG(s) dict_keys(['example_branch_operator']) retrieved from /home/airflow/.local/lib/python3.7/site-packages/airflow/example_dags/example_branch_operator.py
[2022-07-11 09:43:27,024] {logging_mixin.py:115} INFO - [2022-07-11 09:43:27,024] {dag.py:2379} INFO - Sync 1 DAGs
[2022-07-11 09:43:27,039] {logging_mixin.py:115} INFO - [2022-07-11 09:43:27,039] {dag.py:2931} INFO - Setting next_dagrun for example_branch_operator to 2022-07-10T00:00:00+00:00, run_after=2022-07-11T00:00:00+00:00
[2022-07-11 09:43:27,052] {processor.py:161} INFO - Processing /home/airflow/.local/lib/python3.7/site-packages/airflow/example_dags/example_branch_operator.py took 0.064 seconds
[2022-07-11 09:43:58,151] {processor.py:153} INFO - Started process (PID=3659) to work on /home/airflow/.local/lib/python3.7/site-packages/airflow/example_dags/example_branch_operator.py
[2022-07-11 09:43:58,152] {processor.py:641} INFO - Processing file /home/airflow/.local/lib/python3.7/site-packages/airflow/example_dags/example_branch_operator.py for tasks to queue
[2022-07-11 09:43:58,154] {logging_mixin.py:115} INFO - [2022-07-11 09:43:58,154] {dagbag.py:507} INFO - Filling up the DagBag from /home/airflow/.local/lib/python3.7/site-packages/airflow/example_dags/example_branch_operator.py
[2022-07-11 09:43:58,169] {processor.py:651} INFO - DAG(s) dict_keys(['example_branch_operator']) retrieved from /home/airflow/.local/lib/python3.7/site-packages/airflow/example_dags/example_branch_operator.py
[2022-07-11 09:43:58,187] {logging_mixin.py:115} INFO - [2022-07-11 09:43:58,187] {dag.py:2379} INFO - Sync 1 DAGs
[2022-07-11 09:43:58,202] {logging_mixin.py:115} INFO - [2022-07-11 09:43:58,201] {dag.py:2931} INFO - Setting next_dagrun for example_branch_operator to 2022-07-10T00:00:00+00:00, run_after=2022-07-11T00:00:00+00:00
[2022-07-11 09:43:58,212] {processor.py:161} INFO - Processing /home/airflow/.local/lib/python3.7/site-packages/airflow/example_dags/example_branch_operator.py took 0.065 seconds
[2022-07-11 09:44:28,845] {processor.py:153} INFO - Started process (PID=3715) to work on /home/airflow/.local/lib/python3.7/site-packages/airflow/example_dags/example_branch_operator.py
[2022-07-11 09:44:28,848] {processor.py:641} INFO - Processing file /home/airflow/.local/lib/python3.7/site-packages/airflow/example_dags/example_branch_operator.py for tasks to queue
[2022-07-11 09:44:28,849] {logging_mixin.py:115} INFO - [2022-07-11 09:44:28,848] {dagbag.py:507} INFO - Filling up the DagBag from /home/airflow/.local/lib/python3.7/site-packages/airflow/example_dags/example_branch_operator.py
[2022-07-11 09:44:28,856] {processor.py:651} INFO - DAG(s) dict_keys(['example_branch_operator']) retrieved from /home/airflow/.local/lib/python3.7/site-packages/airflow/example_dags/example_branch_operator.py
[2022-07-11 09:44:28,920] {logging_mixin.py:115} INFO - [2022-07-11 09:44:28,919] {dag.py:2379} INFO - Sync 1 DAGs
[2022-07-11 09:44:28,970] {logging_mixin.py:115} INFO - [2022-07-11 09:44:28,970] {dag.py:2931} INFO - Setting next_dagrun for example_branch_operator to 2022-07-10T00:00:00+00:00, run_after=2022-07-11T00:00:00+00:00
[2022-07-11 09:44:28,980] {processor.py:161} INFO - Processing /home/airflow/.local/lib/python3.7/site-packages/airflow/example_dags/example_branch_operator.py took 0.137 seconds
[2022-07-11 09:44:59,574] {processor.py:153} INFO - Started process (PID=3780) to work on /home/airflow/.local/lib/python3.7/site-packages/airflow/example_dags/example_branch_operator.py
[2022-07-11 09:44:59,581] {processor.py:641} INFO - Processing file /home/airflow/.local/lib/python3.7/site-packages/airflow/example_dags/example_branch_operator.py for tasks to queue
[2022-07-11 09:44:59,589] {logging_mixin.py:115} INFO - [2022-07-11 09:44:59,588] {dagbag.py:507} INFO - Filling up the DagBag from /home/airflow/.local/lib/python3.7/site-packages/airflow/example_dags/example_branch_operator.py
[2022-07-11 09:44:59,600] {processor.py:651} INFO - DAG(s) dict_keys(['example_branch_operator']) retrieved from /home/airflow/.local/lib/python3.7/site-packages/airflow/example_dags/example_branch_operator.py
[2022-07-11 09:44:59,624] {logging_mixin.py:115} INFO - [2022-07-11 09:44:59,623] {dag.py:2379} INFO - Sync 1 DAGs
[2022-07-11 09:44:59,648] {logging_mixin.py:115} INFO - [2022-07-11 09:44:59,648] {dag.py:2931} INFO - Setting next_dagrun for example_branch_operator to 2022-07-10T00:00:00+00:00, run_after=2022-07-11T00:00:00+00:00
[2022-07-11 09:44:59,659] {processor.py:161} INFO - Processing /home/airflow/.local/lib/python3.7/site-packages/airflow/example_dags/example_branch_operator.py took 0.087 seconds
[2022-07-11 09:45:30,039] {processor.py:153} INFO - Started process (PID=3844) to work on /home/airflow/.local/lib/python3.7/site-packages/airflow/example_dags/example_branch_operator.py
[2022-07-11 09:45:30,040] {processor.py:641} INFO - Processing file /home/airflow/.local/lib/python3.7/site-packages/airflow/example_dags/example_branch_operator.py for tasks to queue
[2022-07-11 09:45:30,041] {logging_mixin.py:115} INFO - [2022-07-11 09:45:30,041] {dagbag.py:507} INFO - Filling up the DagBag from /home/airflow/.local/lib/python3.7/site-packages/airflow/example_dags/example_branch_operator.py
[2022-07-11 09:45:30,056] {processor.py:651} INFO - DAG(s) dict_keys(['example_branch_operator']) retrieved from /home/airflow/.local/lib/python3.7/site-packages/airflow/example_dags/example_branch_operator.py
[2022-07-11 09:45:30,085] {logging_mixin.py:115} INFO - [2022-07-11 09:45:30,085] {dag.py:2379} INFO - Sync 1 DAGs
[2022-07-11 09:45:30,108] {logging_mixin.py:115} INFO - [2022-07-11 09:45:30,107] {dag.py:2931} INFO - Setting next_dagrun for example_branch_operator to 2022-07-10T00:00:00+00:00, run_after=2022-07-11T00:00:00+00:00
[2022-07-11 09:45:30,122] {processor.py:161} INFO - Processing /home/airflow/.local/lib/python3.7/site-packages/airflow/example_dags/example_branch_operator.py took 0.087 seconds
[2022-07-11 09:46:00,515] {processor.py:153} INFO - Started process (PID=3909) to work on /home/airflow/.local/lib/python3.7/site-packages/airflow/example_dags/example_branch_operator.py
[2022-07-11 09:46:00,517] {processor.py:641} INFO - Processing file /home/airflow/.local/lib/python3.7/site-packages/airflow/example_dags/example_branch_operator.py for tasks to queue
[2022-07-11 09:46:00,521] {logging_mixin.py:115} INFO - [2022-07-11 09:46:00,521] {dagbag.py:507} INFO - Filling up the DagBag from /home/airflow/.local/lib/python3.7/site-packages/airflow/example_dags/example_branch_operator.py
[2022-07-11 09:46:00,529] {processor.py:651} INFO - DAG(s) dict_keys(['example_branch_operator']) retrieved from /home/airflow/.local/lib/python3.7/site-packages/airflow/example_dags/example_branch_operator.py
[2022-07-11 09:46:00,547] {logging_mixin.py:115} INFO - [2022-07-11 09:46:00,547] {dag.py:2379} INFO - Sync 1 DAGs
[2022-07-11 09:46:00,564] {logging_mixin.py:115} INFO - [2022-07-11 09:46:00,564] {dag.py:2931} INFO - Setting next_dagrun for example_branch_operator to 2022-07-10T00:00:00+00:00, run_after=2022-07-11T00:00:00+00:00
[2022-07-11 09:46:00,572] {processor.py:161} INFO - Processing /home/airflow/.local/lib/python3.7/site-packages/airflow/example_dags/example_branch_operator.py took 0.059 seconds
[2022-07-11 09:46:31,406] {processor.py:153} INFO - Started process (PID=3974) to work on /home/airflow/.local/lib/python3.7/site-packages/airflow/example_dags/example_branch_operator.py
[2022-07-11 09:46:31,409] {processor.py:641} INFO - Processing file /home/airflow/.local/lib/python3.7/site-packages/airflow/example_dags/example_branch_operator.py for tasks to queue
[2022-07-11 09:46:31,411] {logging_mixin.py:115} INFO - [2022-07-11 09:46:31,411] {dagbag.py:507} INFO - Filling up the DagBag from /home/airflow/.local/lib/python3.7/site-packages/airflow/example_dags/example_branch_operator.py
[2022-07-11 09:46:31,419] {processor.py:651} INFO - DAG(s) dict_keys(['example_branch_operator']) retrieved from /home/airflow/.local/lib/python3.7/site-packages/airflow/example_dags/example_branch_operator.py
[2022-07-11 09:46:31,454] {logging_mixin.py:115} INFO - [2022-07-11 09:46:31,454] {dag.py:2379} INFO - Sync 1 DAGs
[2022-07-11 09:46:31,470] {logging_mixin.py:115} INFO - [2022-07-11 09:46:31,470] {dag.py:2931} INFO - Setting next_dagrun for example_branch_operator to 2022-07-10T00:00:00+00:00, run_after=2022-07-11T00:00:00+00:00
[2022-07-11 09:46:31,481] {processor.py:161} INFO - Processing /home/airflow/.local/lib/python3.7/site-packages/airflow/example_dags/example_branch_operator.py took 0.078 seconds
[2022-07-11 09:47:02,342] {processor.py:153} INFO - Started process (PID=4037) to work on /home/airflow/.local/lib/python3.7/site-packages/airflow/example_dags/example_branch_operator.py
[2022-07-11 09:47:02,343] {processor.py:641} INFO - Processing file /home/airflow/.local/lib/python3.7/site-packages/airflow/example_dags/example_branch_operator.py for tasks to queue
[2022-07-11 09:47:02,344] {logging_mixin.py:115} INFO - [2022-07-11 09:47:02,344] {dagbag.py:507} INFO - Filling up the DagBag from /home/airflow/.local/lib/python3.7/site-packages/airflow/example_dags/example_branch_operator.py
[2022-07-11 09:47:02,358] {processor.py:651} INFO - DAG(s) dict_keys(['example_branch_operator']) retrieved from /home/airflow/.local/lib/python3.7/site-packages/airflow/example_dags/example_branch_operator.py
[2022-07-11 09:47:02,386] {logging_mixin.py:115} INFO - [2022-07-11 09:47:02,386] {dag.py:2379} INFO - Sync 1 DAGs
[2022-07-11 09:47:02,399] {logging_mixin.py:115} INFO - [2022-07-11 09:47:02,399] {dag.py:2931} INFO - Setting next_dagrun for example_branch_operator to 2022-07-10T00:00:00+00:00, run_after=2022-07-11T00:00:00+00:00
[2022-07-11 09:47:02,408] {processor.py:161} INFO - Processing /home/airflow/.local/lib/python3.7/site-packages/airflow/example_dags/example_branch_operator.py took 0.068 seconds
[2022-07-11 09:47:33,602] {processor.py:153} INFO - Started process (PID=4101) to work on /home/airflow/.local/lib/python3.7/site-packages/airflow/example_dags/example_branch_operator.py
[2022-07-11 09:47:33,604] {processor.py:641} INFO - Processing file /home/airflow/.local/lib/python3.7/site-packages/airflow/example_dags/example_branch_operator.py for tasks to queue
[2022-07-11 09:47:33,606] {logging_mixin.py:115} INFO - [2022-07-11 09:47:33,606] {dagbag.py:507} INFO - Filling up the DagBag from /home/airflow/.local/lib/python3.7/site-packages/airflow/example_dags/example_branch_operator.py
[2022-07-11 09:47:33,613] {processor.py:651} INFO - DAG(s) dict_keys(['example_branch_operator']) retrieved from /home/airflow/.local/lib/python3.7/site-packages/airflow/example_dags/example_branch_operator.py
[2022-07-11 09:47:33,640] {logging_mixin.py:115} INFO - [2022-07-11 09:47:33,640] {dag.py:2379} INFO - Sync 1 DAGs
[2022-07-11 09:47:33,657] {logging_mixin.py:115} INFO - [2022-07-11 09:47:33,657] {dag.py:2931} INFO - Setting next_dagrun for example_branch_operator to 2022-07-10T00:00:00+00:00, run_after=2022-07-11T00:00:00+00:00
[2022-07-11 09:47:33,670] {processor.py:161} INFO - Processing /home/airflow/.local/lib/python3.7/site-packages/airflow/example_dags/example_branch_operator.py took 0.070 seconds
[2022-07-11 09:48:03,741] {processor.py:153} INFO - Started process (PID=4157) to work on /home/airflow/.local/lib/python3.7/site-packages/airflow/example_dags/example_branch_operator.py
[2022-07-11 09:48:03,743] {processor.py:641} INFO - Processing file /home/airflow/.local/lib/python3.7/site-packages/airflow/example_dags/example_branch_operator.py for tasks to queue
[2022-07-11 09:48:03,744] {logging_mixin.py:115} INFO - [2022-07-11 09:48:03,744] {dagbag.py:507} INFO - Filling up the DagBag from /home/airflow/.local/lib/python3.7/site-packages/airflow/example_dags/example_branch_operator.py
[2022-07-11 09:48:03,751] {processor.py:651} INFO - DAG(s) dict_keys(['example_branch_operator']) retrieved from /home/airflow/.local/lib/python3.7/site-packages/airflow/example_dags/example_branch_operator.py
[2022-07-11 09:48:03,778] {logging_mixin.py:115} INFO - [2022-07-11 09:48:03,778] {dag.py:2379} INFO - Sync 1 DAGs
[2022-07-11 09:48:03,802] {logging_mixin.py:115} INFO - [2022-07-11 09:48:03,802] {dag.py:2931} INFO - Setting next_dagrun for example_branch_operator to 2022-07-10T00:00:00+00:00, run_after=2022-07-11T00:00:00+00:00
[2022-07-11 09:48:03,814] {processor.py:161} INFO - Processing /home/airflow/.local/lib/python3.7/site-packages/airflow/example_dags/example_branch_operator.py took 0.076 seconds
