[2022-07-11 09:14:48,994] {processor.py:153} INFO - Started process (PID=48) to work on /home/airflow/.local/lib/python3.7/site-packages/airflow/example_dags/example_task_group.py
[2022-07-11 09:14:48,998] {processor.py:641} INFO - Processing file /home/airflow/.local/lib/python3.7/site-packages/airflow/example_dags/example_task_group.py for tasks to queue
[2022-07-11 09:14:49,000] {logging_mixin.py:115} INFO - [2022-07-11 09:14:49,000] {dagbag.py:507} INFO - Filling up the DagBag from /home/airflow/.local/lib/python3.7/site-packages/airflow/example_dags/example_task_group.py
[2022-07-11 09:14:49,032] {processor.py:651} INFO - DAG(s) dict_keys(['example_task_group']) retrieved from /home/airflow/.local/lib/python3.7/site-packages/airflow/example_dags/example_task_group.py
[2022-07-11 09:14:49,167] {logging_mixin.py:115} INFO - [2022-07-11 09:14:49,167] {dag.py:2379} INFO - Sync 1 DAGs
[2022-07-11 09:14:49,278] {logging_mixin.py:115} INFO - [2022-07-11 09:14:49,278] {dag.py:2931} INFO - Setting next_dagrun for example_task_group to 2022-07-10T09:14:49.278174+00:00, run_after=2022-07-11T09:14:49.278174+00:00
[2022-07-11 09:14:49,453] {processor.py:161} INFO - Processing /home/airflow/.local/lib/python3.7/site-packages/airflow/example_dags/example_task_group.py took 0.467 seconds
[2022-07-11 09:15:19,879] {processor.py:153} INFO - Started process (PID=107) to work on /home/airflow/.local/lib/python3.7/site-packages/airflow/example_dags/example_task_group.py
[2022-07-11 09:15:19,883] {processor.py:641} INFO - Processing file /home/airflow/.local/lib/python3.7/site-packages/airflow/example_dags/example_task_group.py for tasks to queue
[2022-07-11 09:15:19,888] {logging_mixin.py:115} INFO - [2022-07-11 09:15:19,885] {dagbag.py:507} INFO - Filling up the DagBag from /home/airflow/.local/lib/python3.7/site-packages/airflow/example_dags/example_task_group.py
[2022-07-11 09:15:19,911] {processor.py:651} INFO - DAG(s) dict_keys(['example_task_group']) retrieved from /home/airflow/.local/lib/python3.7/site-packages/airflow/example_dags/example_task_group.py
[2022-07-11 09:15:19,965] {logging_mixin.py:115} INFO - [2022-07-11 09:15:19,965] {dag.py:2379} INFO - Sync 1 DAGs
[2022-07-11 09:15:19,999] {logging_mixin.py:115} INFO - [2022-07-11 09:15:19,999] {dag.py:2931} INFO - Setting next_dagrun for example_task_group to 2022-07-10T09:15:19.999512+00:00, run_after=2022-07-11T09:15:19.999512+00:00
[2022-07-11 09:15:20,024] {processor.py:161} INFO - Processing /home/airflow/.local/lib/python3.7/site-packages/airflow/example_dags/example_task_group.py took 0.148 seconds
[2022-07-11 09:15:50,994] {processor.py:153} INFO - Started process (PID=170) to work on /home/airflow/.local/lib/python3.7/site-packages/airflow/example_dags/example_task_group.py
[2022-07-11 09:15:51,005] {processor.py:641} INFO - Processing file /home/airflow/.local/lib/python3.7/site-packages/airflow/example_dags/example_task_group.py for tasks to queue
[2022-07-11 09:15:51,008] {logging_mixin.py:115} INFO - [2022-07-11 09:15:51,008] {dagbag.py:507} INFO - Filling up the DagBag from /home/airflow/.local/lib/python3.7/site-packages/airflow/example_dags/example_task_group.py
[2022-07-11 09:15:51,017] {processor.py:651} INFO - DAG(s) dict_keys(['example_task_group']) retrieved from /home/airflow/.local/lib/python3.7/site-packages/airflow/example_dags/example_task_group.py
[2022-07-11 09:15:51,048] {logging_mixin.py:115} INFO - [2022-07-11 09:15:51,048] {dag.py:2379} INFO - Sync 1 DAGs
[2022-07-11 09:15:51,070] {logging_mixin.py:115} INFO - [2022-07-11 09:15:51,070] {dag.py:2931} INFO - Setting next_dagrun for example_task_group to 2022-07-10T09:15:51.070199+00:00, run_after=2022-07-11T09:15:51.070199+00:00
[2022-07-11 09:15:51,085] {processor.py:161} INFO - Processing /home/airflow/.local/lib/python3.7/site-packages/airflow/example_dags/example_task_group.py took 0.093 seconds
[2022-07-11 09:16:21,879] {processor.py:153} INFO - Started process (PID=234) to work on /home/airflow/.local/lib/python3.7/site-packages/airflow/example_dags/example_task_group.py
[2022-07-11 09:16:21,881] {processor.py:641} INFO - Processing file /home/airflow/.local/lib/python3.7/site-packages/airflow/example_dags/example_task_group.py for tasks to queue
[2022-07-11 09:16:21,884] {logging_mixin.py:115} INFO - [2022-07-11 09:16:21,884] {dagbag.py:507} INFO - Filling up the DagBag from /home/airflow/.local/lib/python3.7/site-packages/airflow/example_dags/example_task_group.py
[2022-07-11 09:16:21,900] {processor.py:651} INFO - DAG(s) dict_keys(['example_task_group']) retrieved from /home/airflow/.local/lib/python3.7/site-packages/airflow/example_dags/example_task_group.py
[2022-07-11 09:16:21,954] {logging_mixin.py:115} INFO - [2022-07-11 09:16:21,954] {dag.py:2379} INFO - Sync 1 DAGs
[2022-07-11 09:16:21,981] {logging_mixin.py:115} INFO - [2022-07-11 09:16:21,981] {dag.py:2931} INFO - Setting next_dagrun for example_task_group to 2022-07-10T09:16:21.981505+00:00, run_after=2022-07-11T09:16:21.981505+00:00
[2022-07-11 09:16:22,004] {processor.py:161} INFO - Processing /home/airflow/.local/lib/python3.7/site-packages/airflow/example_dags/example_task_group.py took 0.128 seconds
[2022-07-11 09:16:52,054] {processor.py:153} INFO - Started process (PID=288) to work on /home/airflow/.local/lib/python3.7/site-packages/airflow/example_dags/example_task_group.py
[2022-07-11 09:16:52,056] {processor.py:641} INFO - Processing file /home/airflow/.local/lib/python3.7/site-packages/airflow/example_dags/example_task_group.py for tasks to queue
[2022-07-11 09:16:52,058] {logging_mixin.py:115} INFO - [2022-07-11 09:16:52,057] {dagbag.py:507} INFO - Filling up the DagBag from /home/airflow/.local/lib/python3.7/site-packages/airflow/example_dags/example_task_group.py
[2022-07-11 09:16:52,068] {processor.py:651} INFO - DAG(s) dict_keys(['example_task_group']) retrieved from /home/airflow/.local/lib/python3.7/site-packages/airflow/example_dags/example_task_group.py
[2022-07-11 09:16:52,092] {logging_mixin.py:115} INFO - [2022-07-11 09:16:52,092] {dag.py:2379} INFO - Sync 1 DAGs
[2022-07-11 09:16:52,110] {logging_mixin.py:115} INFO - [2022-07-11 09:16:52,110] {dag.py:2931} INFO - Setting next_dagrun for example_task_group to 2022-07-10T09:16:52.110455+00:00, run_after=2022-07-11T09:16:52.110455+00:00
[2022-07-11 09:16:52,123] {processor.py:161} INFO - Processing /home/airflow/.local/lib/python3.7/site-packages/airflow/example_dags/example_task_group.py took 0.071 seconds
[2022-07-11 09:17:22,375] {processor.py:153} INFO - Started process (PID=354) to work on /home/airflow/.local/lib/python3.7/site-packages/airflow/example_dags/example_task_group.py
[2022-07-11 09:17:22,376] {processor.py:641} INFO - Processing file /home/airflow/.local/lib/python3.7/site-packages/airflow/example_dags/example_task_group.py for tasks to queue
[2022-07-11 09:17:22,378] {logging_mixin.py:115} INFO - [2022-07-11 09:17:22,377] {dagbag.py:507} INFO - Filling up the DagBag from /home/airflow/.local/lib/python3.7/site-packages/airflow/example_dags/example_task_group.py
[2022-07-11 09:17:22,393] {processor.py:651} INFO - DAG(s) dict_keys(['example_task_group']) retrieved from /home/airflow/.local/lib/python3.7/site-packages/airflow/example_dags/example_task_group.py
[2022-07-11 09:17:22,488] {logging_mixin.py:115} INFO - [2022-07-11 09:17:22,488] {dag.py:2379} INFO - Sync 1 DAGs
[2022-07-11 09:17:22,524] {logging_mixin.py:115} INFO - [2022-07-11 09:17:22,524] {dag.py:2931} INFO - Setting next_dagrun for example_task_group to 2022-07-10T09:17:22.523898+00:00, run_after=2022-07-11T09:17:22.523898+00:00
[2022-07-11 09:17:22,537] {processor.py:161} INFO - Processing /home/airflow/.local/lib/python3.7/site-packages/airflow/example_dags/example_task_group.py took 0.165 seconds
[2022-07-11 09:17:53,172] {processor.py:153} INFO - Started process (PID=418) to work on /home/airflow/.local/lib/python3.7/site-packages/airflow/example_dags/example_task_group.py
[2022-07-11 09:17:53,175] {processor.py:641} INFO - Processing file /home/airflow/.local/lib/python3.7/site-packages/airflow/example_dags/example_task_group.py for tasks to queue
[2022-07-11 09:17:53,177] {logging_mixin.py:115} INFO - [2022-07-11 09:17:53,177] {dagbag.py:507} INFO - Filling up the DagBag from /home/airflow/.local/lib/python3.7/site-packages/airflow/example_dags/example_task_group.py
[2022-07-11 09:17:53,195] {processor.py:651} INFO - DAG(s) dict_keys(['example_task_group']) retrieved from /home/airflow/.local/lib/python3.7/site-packages/airflow/example_dags/example_task_group.py
[2022-07-11 09:17:53,233] {logging_mixin.py:115} INFO - [2022-07-11 09:17:53,233] {dag.py:2379} INFO - Sync 1 DAGs
[2022-07-11 09:17:53,274] {logging_mixin.py:115} INFO - [2022-07-11 09:17:53,274] {dag.py:2931} INFO - Setting next_dagrun for example_task_group to 2022-07-10T09:17:53.273991+00:00, run_after=2022-07-11T09:17:53.273991+00:00
[2022-07-11 09:17:53,292] {processor.py:161} INFO - Processing /home/airflow/.local/lib/python3.7/site-packages/airflow/example_dags/example_task_group.py took 0.122 seconds
[2022-07-11 09:18:23,362] {processor.py:153} INFO - Started process (PID=471) to work on /home/airflow/.local/lib/python3.7/site-packages/airflow/example_dags/example_task_group.py
[2022-07-11 09:18:23,364] {processor.py:641} INFO - Processing file /home/airflow/.local/lib/python3.7/site-packages/airflow/example_dags/example_task_group.py for tasks to queue
[2022-07-11 09:18:23,365] {logging_mixin.py:115} INFO - [2022-07-11 09:18:23,365] {dagbag.py:507} INFO - Filling up the DagBag from /home/airflow/.local/lib/python3.7/site-packages/airflow/example_dags/example_task_group.py
[2022-07-11 09:18:23,374] {processor.py:651} INFO - DAG(s) dict_keys(['example_task_group']) retrieved from /home/airflow/.local/lib/python3.7/site-packages/airflow/example_dags/example_task_group.py
[2022-07-11 09:18:23,405] {logging_mixin.py:115} INFO - [2022-07-11 09:18:23,405] {dag.py:2379} INFO - Sync 1 DAGs
[2022-07-11 09:18:23,433] {logging_mixin.py:115} INFO - [2022-07-11 09:18:23,432] {dag.py:2931} INFO - Setting next_dagrun for example_task_group to 2022-07-10T09:18:23.432801+00:00, run_after=2022-07-11T09:18:23.432801+00:00
[2022-07-11 09:18:23,444] {processor.py:161} INFO - Processing /home/airflow/.local/lib/python3.7/site-packages/airflow/example_dags/example_task_group.py took 0.085 seconds
[2022-07-11 09:18:53,575] {processor.py:153} INFO - Started process (PID=534) to work on /home/airflow/.local/lib/python3.7/site-packages/airflow/example_dags/example_task_group.py
[2022-07-11 09:18:53,579] {processor.py:641} INFO - Processing file /home/airflow/.local/lib/python3.7/site-packages/airflow/example_dags/example_task_group.py for tasks to queue
[2022-07-11 09:18:53,581] {logging_mixin.py:115} INFO - [2022-07-11 09:18:53,581] {dagbag.py:507} INFO - Filling up the DagBag from /home/airflow/.local/lib/python3.7/site-packages/airflow/example_dags/example_task_group.py
[2022-07-11 09:18:53,589] {processor.py:651} INFO - DAG(s) dict_keys(['example_task_group']) retrieved from /home/airflow/.local/lib/python3.7/site-packages/airflow/example_dags/example_task_group.py
[2022-07-11 09:18:53,620] {logging_mixin.py:115} INFO - [2022-07-11 09:18:53,619] {dag.py:2379} INFO - Sync 1 DAGs
[2022-07-11 09:18:53,643] {logging_mixin.py:115} INFO - [2022-07-11 09:18:53,643] {dag.py:2931} INFO - Setting next_dagrun for example_task_group to 2022-07-10T09:18:53.642921+00:00, run_after=2022-07-11T09:18:53.642921+00:00
[2022-07-11 09:18:53,654] {processor.py:161} INFO - Processing /home/airflow/.local/lib/python3.7/site-packages/airflow/example_dags/example_task_group.py took 0.081 seconds
[2022-07-11 09:19:24,361] {processor.py:153} INFO - Started process (PID=599) to work on /home/airflow/.local/lib/python3.7/site-packages/airflow/example_dags/example_task_group.py
[2022-07-11 09:19:24,362] {processor.py:641} INFO - Processing file /home/airflow/.local/lib/python3.7/site-packages/airflow/example_dags/example_task_group.py for tasks to queue
[2022-07-11 09:19:24,364] {logging_mixin.py:115} INFO - [2022-07-11 09:19:24,364] {dagbag.py:507} INFO - Filling up the DagBag from /home/airflow/.local/lib/python3.7/site-packages/airflow/example_dags/example_task_group.py
[2022-07-11 09:19:24,374] {processor.py:651} INFO - DAG(s) dict_keys(['example_task_group']) retrieved from /home/airflow/.local/lib/python3.7/site-packages/airflow/example_dags/example_task_group.py
[2022-07-11 09:19:24,396] {logging_mixin.py:115} INFO - [2022-07-11 09:19:24,396] {dag.py:2379} INFO - Sync 1 DAGs
[2022-07-11 09:19:24,409] {logging_mixin.py:115} INFO - [2022-07-11 09:19:24,409] {dag.py:2931} INFO - Setting next_dagrun for example_task_group to 2022-07-10T09:19:24.409449+00:00, run_after=2022-07-11T09:19:24.409449+00:00
[2022-07-11 09:19:24,418] {processor.py:161} INFO - Processing /home/airflow/.local/lib/python3.7/site-packages/airflow/example_dags/example_task_group.py took 0.060 seconds
[2022-07-11 09:19:55,131] {processor.py:153} INFO - Started process (PID=664) to work on /home/airflow/.local/lib/python3.7/site-packages/airflow/example_dags/example_task_group.py
[2022-07-11 09:19:55,135] {processor.py:641} INFO - Processing file /home/airflow/.local/lib/python3.7/site-packages/airflow/example_dags/example_task_group.py for tasks to queue
[2022-07-11 09:19:55,139] {logging_mixin.py:115} INFO - [2022-07-11 09:19:55,139] {dagbag.py:507} INFO - Filling up the DagBag from /home/airflow/.local/lib/python3.7/site-packages/airflow/example_dags/example_task_group.py
[2022-07-11 09:19:55,145] {processor.py:651} INFO - DAG(s) dict_keys(['example_task_group']) retrieved from /home/airflow/.local/lib/python3.7/site-packages/airflow/example_dags/example_task_group.py
[2022-07-11 09:19:55,163] {logging_mixin.py:115} INFO - [2022-07-11 09:19:55,163] {dag.py:2379} INFO - Sync 1 DAGs
[2022-07-11 09:19:55,176] {logging_mixin.py:115} INFO - [2022-07-11 09:19:55,175] {dag.py:2931} INFO - Setting next_dagrun for example_task_group to 2022-07-10T09:19:55.175794+00:00, run_after=2022-07-11T09:19:55.175794+00:00
[2022-07-11 09:19:55,186] {processor.py:161} INFO - Processing /home/airflow/.local/lib/python3.7/site-packages/airflow/example_dags/example_task_group.py took 0.058 seconds
[2022-07-11 09:20:25,914] {processor.py:153} INFO - Started process (PID=728) to work on /home/airflow/.local/lib/python3.7/site-packages/airflow/example_dags/example_task_group.py
[2022-07-11 09:20:25,915] {processor.py:641} INFO - Processing file /home/airflow/.local/lib/python3.7/site-packages/airflow/example_dags/example_task_group.py for tasks to queue
[2022-07-11 09:20:25,916] {logging_mixin.py:115} INFO - [2022-07-11 09:20:25,916] {dagbag.py:507} INFO - Filling up the DagBag from /home/airflow/.local/lib/python3.7/site-packages/airflow/example_dags/example_task_group.py
[2022-07-11 09:20:25,922] {processor.py:651} INFO - DAG(s) dict_keys(['example_task_group']) retrieved from /home/airflow/.local/lib/python3.7/site-packages/airflow/example_dags/example_task_group.py
[2022-07-11 09:20:25,942] {logging_mixin.py:115} INFO - [2022-07-11 09:20:25,942] {dag.py:2379} INFO - Sync 1 DAGs
[2022-07-11 09:20:25,963] {logging_mixin.py:115} INFO - [2022-07-11 09:20:25,962] {dag.py:2931} INFO - Setting next_dagrun for example_task_group to 2022-07-10T09:20:25.962685+00:00, run_after=2022-07-11T09:20:25.962685+00:00
[2022-07-11 09:20:25,976] {processor.py:161} INFO - Processing /home/airflow/.local/lib/python3.7/site-packages/airflow/example_dags/example_task_group.py took 0.064 seconds
[2022-07-11 09:20:56,575] {processor.py:153} INFO - Started process (PID=793) to work on /home/airflow/.local/lib/python3.7/site-packages/airflow/example_dags/example_task_group.py
[2022-07-11 09:20:56,577] {processor.py:641} INFO - Processing file /home/airflow/.local/lib/python3.7/site-packages/airflow/example_dags/example_task_group.py for tasks to queue
[2022-07-11 09:20:56,579] {logging_mixin.py:115} INFO - [2022-07-11 09:20:56,579] {dagbag.py:507} INFO - Filling up the DagBag from /home/airflow/.local/lib/python3.7/site-packages/airflow/example_dags/example_task_group.py
[2022-07-11 09:20:56,585] {processor.py:651} INFO - DAG(s) dict_keys(['example_task_group']) retrieved from /home/airflow/.local/lib/python3.7/site-packages/airflow/example_dags/example_task_group.py
[2022-07-11 09:20:56,608] {logging_mixin.py:115} INFO - [2022-07-11 09:20:56,608] {dag.py:2379} INFO - Sync 1 DAGs
[2022-07-11 09:20:56,646] {logging_mixin.py:115} INFO - [2022-07-11 09:20:56,646] {dag.py:2931} INFO - Setting next_dagrun for example_task_group to 2022-07-10T09:20:56.646160+00:00, run_after=2022-07-11T09:20:56.646160+00:00
[2022-07-11 09:20:56,662] {processor.py:161} INFO - Processing /home/airflow/.local/lib/python3.7/site-packages/airflow/example_dags/example_task_group.py took 0.089 seconds
[2022-07-11 09:21:26,791] {processor.py:153} INFO - Started process (PID=849) to work on /home/airflow/.local/lib/python3.7/site-packages/airflow/example_dags/example_task_group.py
[2022-07-11 09:21:26,793] {processor.py:641} INFO - Processing file /home/airflow/.local/lib/python3.7/site-packages/airflow/example_dags/example_task_group.py for tasks to queue
[2022-07-11 09:21:26,795] {logging_mixin.py:115} INFO - [2022-07-11 09:21:26,795] {dagbag.py:507} INFO - Filling up the DagBag from /home/airflow/.local/lib/python3.7/site-packages/airflow/example_dags/example_task_group.py
[2022-07-11 09:21:26,800] {processor.py:651} INFO - DAG(s) dict_keys(['example_task_group']) retrieved from /home/airflow/.local/lib/python3.7/site-packages/airflow/example_dags/example_task_group.py
[2022-07-11 09:21:26,835] {logging_mixin.py:115} INFO - [2022-07-11 09:21:26,835] {dag.py:2379} INFO - Sync 1 DAGs
[2022-07-11 09:21:26,860] {logging_mixin.py:115} INFO - [2022-07-11 09:21:26,860] {dag.py:2931} INFO - Setting next_dagrun for example_task_group to 2022-07-10T09:21:26.860441+00:00, run_after=2022-07-11T09:21:26.860441+00:00
[2022-07-11 09:21:26,876] {processor.py:161} INFO - Processing /home/airflow/.local/lib/python3.7/site-packages/airflow/example_dags/example_task_group.py took 0.088 seconds
[2022-07-11 09:21:57,286] {processor.py:153} INFO - Started process (PID=915) to work on /home/airflow/.local/lib/python3.7/site-packages/airflow/example_dags/example_task_group.py
[2022-07-11 09:21:57,287] {processor.py:641} INFO - Processing file /home/airflow/.local/lib/python3.7/site-packages/airflow/example_dags/example_task_group.py for tasks to queue
[2022-07-11 09:21:57,289] {logging_mixin.py:115} INFO - [2022-07-11 09:21:57,289] {dagbag.py:507} INFO - Filling up the DagBag from /home/airflow/.local/lib/python3.7/site-packages/airflow/example_dags/example_task_group.py
[2022-07-11 09:21:57,295] {processor.py:651} INFO - DAG(s) dict_keys(['example_task_group']) retrieved from /home/airflow/.local/lib/python3.7/site-packages/airflow/example_dags/example_task_group.py
[2022-07-11 09:21:57,314] {logging_mixin.py:115} INFO - [2022-07-11 09:21:57,314] {dag.py:2379} INFO - Sync 1 DAGs
[2022-07-11 09:21:57,336] {logging_mixin.py:115} INFO - [2022-07-11 09:21:57,336] {dag.py:2931} INFO - Setting next_dagrun for example_task_group to 2022-07-10T09:21:57.336290+00:00, run_after=2022-07-11T09:21:57.336290+00:00
[2022-07-11 09:21:57,344] {processor.py:161} INFO - Processing /home/airflow/.local/lib/python3.7/site-packages/airflow/example_dags/example_task_group.py took 0.061 seconds
[2022-07-11 09:22:28,236] {processor.py:153} INFO - Started process (PID=981) to work on /home/airflow/.local/lib/python3.7/site-packages/airflow/example_dags/example_task_group.py
[2022-07-11 09:22:28,237] {processor.py:641} INFO - Processing file /home/airflow/.local/lib/python3.7/site-packages/airflow/example_dags/example_task_group.py for tasks to queue
[2022-07-11 09:22:28,238] {logging_mixin.py:115} INFO - [2022-07-11 09:22:28,238] {dagbag.py:507} INFO - Filling up the DagBag from /home/airflow/.local/lib/python3.7/site-packages/airflow/example_dags/example_task_group.py
[2022-07-11 09:22:28,245] {processor.py:651} INFO - DAG(s) dict_keys(['example_task_group']) retrieved from /home/airflow/.local/lib/python3.7/site-packages/airflow/example_dags/example_task_group.py
[2022-07-11 09:22:28,264] {logging_mixin.py:115} INFO - [2022-07-11 09:22:28,264] {dag.py:2379} INFO - Sync 1 DAGs
[2022-07-11 09:22:28,279] {logging_mixin.py:115} INFO - [2022-07-11 09:22:28,279] {dag.py:2931} INFO - Setting next_dagrun for example_task_group to 2022-07-10T09:22:28.279311+00:00, run_after=2022-07-11T09:22:28.279311+00:00
[2022-07-11 09:22:28,293] {processor.py:161} INFO - Processing /home/airflow/.local/lib/python3.7/site-packages/airflow/example_dags/example_task_group.py took 0.060 seconds
[2022-07-11 09:22:58,932] {processor.py:153} INFO - Started process (PID=1046) to work on /home/airflow/.local/lib/python3.7/site-packages/airflow/example_dags/example_task_group.py
[2022-07-11 09:22:58,934] {processor.py:641} INFO - Processing file /home/airflow/.local/lib/python3.7/site-packages/airflow/example_dags/example_task_group.py for tasks to queue
[2022-07-11 09:22:58,937] {logging_mixin.py:115} INFO - [2022-07-11 09:22:58,937] {dagbag.py:507} INFO - Filling up the DagBag from /home/airflow/.local/lib/python3.7/site-packages/airflow/example_dags/example_task_group.py
[2022-07-11 09:22:58,954] {processor.py:651} INFO - DAG(s) dict_keys(['example_task_group']) retrieved from /home/airflow/.local/lib/python3.7/site-packages/airflow/example_dags/example_task_group.py
[2022-07-11 09:22:58,977] {logging_mixin.py:115} INFO - [2022-07-11 09:22:58,977] {dag.py:2379} INFO - Sync 1 DAGs
[2022-07-11 09:22:58,991] {logging_mixin.py:115} INFO - [2022-07-11 09:22:58,991] {dag.py:2931} INFO - Setting next_dagrun for example_task_group to 2022-07-10T09:22:58.991408+00:00, run_after=2022-07-11T09:22:58.991408+00:00
[2022-07-11 09:22:59,010] {processor.py:161} INFO - Processing /home/airflow/.local/lib/python3.7/site-packages/airflow/example_dags/example_task_group.py took 0.081 seconds
[2022-07-11 09:23:29,564] {processor.py:153} INFO - Started process (PID=1110) to work on /home/airflow/.local/lib/python3.7/site-packages/airflow/example_dags/example_task_group.py
[2022-07-11 09:23:29,567] {processor.py:641} INFO - Processing file /home/airflow/.local/lib/python3.7/site-packages/airflow/example_dags/example_task_group.py for tasks to queue
[2022-07-11 09:23:29,569] {logging_mixin.py:115} INFO - [2022-07-11 09:23:29,568] {dagbag.py:507} INFO - Filling up the DagBag from /home/airflow/.local/lib/python3.7/site-packages/airflow/example_dags/example_task_group.py
[2022-07-11 09:23:29,574] {processor.py:651} INFO - DAG(s) dict_keys(['example_task_group']) retrieved from /home/airflow/.local/lib/python3.7/site-packages/airflow/example_dags/example_task_group.py
[2022-07-11 09:23:29,595] {logging_mixin.py:115} INFO - [2022-07-11 09:23:29,594] {dag.py:2379} INFO - Sync 1 DAGs
[2022-07-11 09:23:29,613] {logging_mixin.py:115} INFO - [2022-07-11 09:23:29,613] {dag.py:2931} INFO - Setting next_dagrun for example_task_group to 2022-07-10T09:23:29.613534+00:00, run_after=2022-07-11T09:23:29.613534+00:00
[2022-07-11 09:23:29,631] {processor.py:161} INFO - Processing /home/airflow/.local/lib/python3.7/site-packages/airflow/example_dags/example_task_group.py took 0.069 seconds
[2022-07-11 09:23:59,855] {processor.py:153} INFO - Started process (PID=1166) to work on /home/airflow/.local/lib/python3.7/site-packages/airflow/example_dags/example_task_group.py
[2022-07-11 09:23:59,862] {processor.py:641} INFO - Processing file /home/airflow/.local/lib/python3.7/site-packages/airflow/example_dags/example_task_group.py for tasks to queue
[2022-07-11 09:23:59,864] {logging_mixin.py:115} INFO - [2022-07-11 09:23:59,864] {dagbag.py:507} INFO - Filling up the DagBag from /home/airflow/.local/lib/python3.7/site-packages/airflow/example_dags/example_task_group.py
[2022-07-11 09:23:59,870] {processor.py:651} INFO - DAG(s) dict_keys(['example_task_group']) retrieved from /home/airflow/.local/lib/python3.7/site-packages/airflow/example_dags/example_task_group.py
[2022-07-11 09:23:59,901] {logging_mixin.py:115} INFO - [2022-07-11 09:23:59,901] {dag.py:2379} INFO - Sync 1 DAGs
[2022-07-11 09:23:59,925] {logging_mixin.py:115} INFO - [2022-07-11 09:23:59,925] {dag.py:2931} INFO - Setting next_dagrun for example_task_group to 2022-07-10T09:23:59.925227+00:00, run_after=2022-07-11T09:23:59.925227+00:00
[2022-07-11 09:23:59,947] {processor.py:161} INFO - Processing /home/airflow/.local/lib/python3.7/site-packages/airflow/example_dags/example_task_group.py took 0.094 seconds
[2022-07-11 09:24:30,605] {processor.py:153} INFO - Started process (PID=1230) to work on /home/airflow/.local/lib/python3.7/site-packages/airflow/example_dags/example_task_group.py
[2022-07-11 09:24:30,606] {processor.py:641} INFO - Processing file /home/airflow/.local/lib/python3.7/site-packages/airflow/example_dags/example_task_group.py for tasks to queue
[2022-07-11 09:24:30,607] {logging_mixin.py:115} INFO - [2022-07-11 09:24:30,607] {dagbag.py:507} INFO - Filling up the DagBag from /home/airflow/.local/lib/python3.7/site-packages/airflow/example_dags/example_task_group.py
[2022-07-11 09:24:30,614] {processor.py:651} INFO - DAG(s) dict_keys(['example_task_group']) retrieved from /home/airflow/.local/lib/python3.7/site-packages/airflow/example_dags/example_task_group.py
[2022-07-11 09:24:30,637] {logging_mixin.py:115} INFO - [2022-07-11 09:24:30,637] {dag.py:2379} INFO - Sync 1 DAGs
[2022-07-11 09:24:30,654] {logging_mixin.py:115} INFO - [2022-07-11 09:24:30,654] {dag.py:2931} INFO - Setting next_dagrun for example_task_group to 2022-07-10T09:24:30.654405+00:00, run_after=2022-07-11T09:24:30.654405+00:00
[2022-07-11 09:24:30,667] {processor.py:161} INFO - Processing /home/airflow/.local/lib/python3.7/site-packages/airflow/example_dags/example_task_group.py took 0.065 seconds
[2022-07-11 09:25:00,762] {processor.py:153} INFO - Started process (PID=1294) to work on /home/airflow/.local/lib/python3.7/site-packages/airflow/example_dags/example_task_group.py
[2022-07-11 09:25:00,764] {processor.py:641} INFO - Processing file /home/airflow/.local/lib/python3.7/site-packages/airflow/example_dags/example_task_group.py for tasks to queue
[2022-07-11 09:25:00,766] {logging_mixin.py:115} INFO - [2022-07-11 09:25:00,766] {dagbag.py:507} INFO - Filling up the DagBag from /home/airflow/.local/lib/python3.7/site-packages/airflow/example_dags/example_task_group.py
[2022-07-11 09:25:00,771] {processor.py:651} INFO - DAG(s) dict_keys(['example_task_group']) retrieved from /home/airflow/.local/lib/python3.7/site-packages/airflow/example_dags/example_task_group.py
[2022-07-11 09:25:00,789] {logging_mixin.py:115} INFO - [2022-07-11 09:25:00,789] {dag.py:2379} INFO - Sync 1 DAGs
[2022-07-11 09:25:00,804] {logging_mixin.py:115} INFO - [2022-07-11 09:25:00,804] {dag.py:2931} INFO - Setting next_dagrun for example_task_group to 2022-07-10T09:25:00.804400+00:00, run_after=2022-07-11T09:25:00.804400+00:00
[2022-07-11 09:25:00,815] {processor.py:161} INFO - Processing /home/airflow/.local/lib/python3.7/site-packages/airflow/example_dags/example_task_group.py took 0.054 seconds
[2022-07-11 09:25:31,571] {processor.py:153} INFO - Started process (PID=1358) to work on /home/airflow/.local/lib/python3.7/site-packages/airflow/example_dags/example_task_group.py
[2022-07-11 09:25:31,572] {processor.py:641} INFO - Processing file /home/airflow/.local/lib/python3.7/site-packages/airflow/example_dags/example_task_group.py for tasks to queue
[2022-07-11 09:25:31,573] {logging_mixin.py:115} INFO - [2022-07-11 09:25:31,573] {dagbag.py:507} INFO - Filling up the DagBag from /home/airflow/.local/lib/python3.7/site-packages/airflow/example_dags/example_task_group.py
[2022-07-11 09:25:31,579] {processor.py:651} INFO - DAG(s) dict_keys(['example_task_group']) retrieved from /home/airflow/.local/lib/python3.7/site-packages/airflow/example_dags/example_task_group.py
[2022-07-11 09:25:31,602] {logging_mixin.py:115} INFO - [2022-07-11 09:25:31,602] {dag.py:2379} INFO - Sync 1 DAGs
[2022-07-11 09:25:31,618] {logging_mixin.py:115} INFO - [2022-07-11 09:25:31,618] {dag.py:2931} INFO - Setting next_dagrun for example_task_group to 2022-07-10T09:25:31.618617+00:00, run_after=2022-07-11T09:25:31.618617+00:00
[2022-07-11 09:25:31,630] {processor.py:161} INFO - Processing /home/airflow/.local/lib/python3.7/site-packages/airflow/example_dags/example_task_group.py took 0.062 seconds
[2022-07-11 09:26:02,055] {processor.py:153} INFO - Started process (PID=1421) to work on /home/airflow/.local/lib/python3.7/site-packages/airflow/example_dags/example_task_group.py
[2022-07-11 09:26:02,061] {processor.py:641} INFO - Processing file /home/airflow/.local/lib/python3.7/site-packages/airflow/example_dags/example_task_group.py for tasks to queue
[2022-07-11 09:26:02,062] {logging_mixin.py:115} INFO - [2022-07-11 09:26:02,062] {dagbag.py:507} INFO - Filling up the DagBag from /home/airflow/.local/lib/python3.7/site-packages/airflow/example_dags/example_task_group.py
[2022-07-11 09:26:02,071] {processor.py:651} INFO - DAG(s) dict_keys(['example_task_group']) retrieved from /home/airflow/.local/lib/python3.7/site-packages/airflow/example_dags/example_task_group.py
[2022-07-11 09:26:02,109] {logging_mixin.py:115} INFO - [2022-07-11 09:26:02,109] {dag.py:2379} INFO - Sync 1 DAGs
[2022-07-11 09:26:02,134] {logging_mixin.py:115} INFO - [2022-07-11 09:26:02,133] {dag.py:2931} INFO - Setting next_dagrun for example_task_group to 2022-07-10T09:26:02.133802+00:00, run_after=2022-07-11T09:26:02.133802+00:00
[2022-07-11 09:26:02,157] {processor.py:161} INFO - Processing /home/airflow/.local/lib/python3.7/site-packages/airflow/example_dags/example_task_group.py took 0.105 seconds
[2022-07-11 09:26:32,246] {processor.py:153} INFO - Started process (PID=1478) to work on /home/airflow/.local/lib/python3.7/site-packages/airflow/example_dags/example_task_group.py
[2022-07-11 09:26:32,248] {processor.py:641} INFO - Processing file /home/airflow/.local/lib/python3.7/site-packages/airflow/example_dags/example_task_group.py for tasks to queue
[2022-07-11 09:26:32,249] {logging_mixin.py:115} INFO - [2022-07-11 09:26:32,249] {dagbag.py:507} INFO - Filling up the DagBag from /home/airflow/.local/lib/python3.7/site-packages/airflow/example_dags/example_task_group.py
[2022-07-11 09:26:32,254] {processor.py:651} INFO - DAG(s) dict_keys(['example_task_group']) retrieved from /home/airflow/.local/lib/python3.7/site-packages/airflow/example_dags/example_task_group.py
[2022-07-11 09:26:32,272] {logging_mixin.py:115} INFO - [2022-07-11 09:26:32,272] {dag.py:2379} INFO - Sync 1 DAGs
[2022-07-11 09:26:32,286] {logging_mixin.py:115} INFO - [2022-07-11 09:26:32,286] {dag.py:2931} INFO - Setting next_dagrun for example_task_group to 2022-07-10T09:26:32.286133+00:00, run_after=2022-07-11T09:26:32.286133+00:00
[2022-07-11 09:26:32,294] {processor.py:161} INFO - Processing /home/airflow/.local/lib/python3.7/site-packages/airflow/example_dags/example_task_group.py took 0.050 seconds
[2022-07-11 09:27:02,982] {processor.py:153} INFO - Started process (PID=1543) to work on /home/airflow/.local/lib/python3.7/site-packages/airflow/example_dags/example_task_group.py
[2022-07-11 09:27:02,983] {processor.py:641} INFO - Processing file /home/airflow/.local/lib/python3.7/site-packages/airflow/example_dags/example_task_group.py for tasks to queue
[2022-07-11 09:27:02,985] {logging_mixin.py:115} INFO - [2022-07-11 09:27:02,985] {dagbag.py:507} INFO - Filling up the DagBag from /home/airflow/.local/lib/python3.7/site-packages/airflow/example_dags/example_task_group.py
[2022-07-11 09:27:02,989] {processor.py:651} INFO - DAG(s) dict_keys(['example_task_group']) retrieved from /home/airflow/.local/lib/python3.7/site-packages/airflow/example_dags/example_task_group.py
[2022-07-11 09:27:03,009] {logging_mixin.py:115} INFO - [2022-07-11 09:27:03,009] {dag.py:2379} INFO - Sync 1 DAGs
[2022-07-11 09:27:03,021] {logging_mixin.py:115} INFO - [2022-07-11 09:27:03,021] {dag.py:2931} INFO - Setting next_dagrun for example_task_group to 2022-07-10T09:27:03.021476+00:00, run_after=2022-07-11T09:27:03.021476+00:00
[2022-07-11 09:27:03,029] {processor.py:161} INFO - Processing /home/airflow/.local/lib/python3.7/site-packages/airflow/example_dags/example_task_group.py took 0.049 seconds
[2022-07-11 09:27:33,053] {processor.py:153} INFO - Started process (PID=1607) to work on /home/airflow/.local/lib/python3.7/site-packages/airflow/example_dags/example_task_group.py
[2022-07-11 09:27:33,054] {processor.py:641} INFO - Processing file /home/airflow/.local/lib/python3.7/site-packages/airflow/example_dags/example_task_group.py for tasks to queue
[2022-07-11 09:27:33,056] {logging_mixin.py:115} INFO - [2022-07-11 09:27:33,056] {dagbag.py:507} INFO - Filling up the DagBag from /home/airflow/.local/lib/python3.7/site-packages/airflow/example_dags/example_task_group.py
[2022-07-11 09:27:33,060] {processor.py:651} INFO - DAG(s) dict_keys(['example_task_group']) retrieved from /home/airflow/.local/lib/python3.7/site-packages/airflow/example_dags/example_task_group.py
[2022-07-11 09:27:33,077] {logging_mixin.py:115} INFO - [2022-07-11 09:27:33,077] {dag.py:2379} INFO - Sync 1 DAGs
[2022-07-11 09:27:33,091] {logging_mixin.py:115} INFO - [2022-07-11 09:27:33,091] {dag.py:2931} INFO - Setting next_dagrun for example_task_group to 2022-07-10T09:27:33.091623+00:00, run_after=2022-07-11T09:27:33.091623+00:00
[2022-07-11 09:27:33,100] {processor.py:161} INFO - Processing /home/airflow/.local/lib/python3.7/site-packages/airflow/example_dags/example_task_group.py took 0.049 seconds
[2022-07-11 09:28:03,703] {processor.py:153} INFO - Started process (PID=1672) to work on /home/airflow/.local/lib/python3.7/site-packages/airflow/example_dags/example_task_group.py
[2022-07-11 09:28:03,705] {processor.py:641} INFO - Processing file /home/airflow/.local/lib/python3.7/site-packages/airflow/example_dags/example_task_group.py for tasks to queue
[2022-07-11 09:28:03,706] {logging_mixin.py:115} INFO - [2022-07-11 09:28:03,706] {dagbag.py:507} INFO - Filling up the DagBag from /home/airflow/.local/lib/python3.7/site-packages/airflow/example_dags/example_task_group.py
[2022-07-11 09:28:03,711] {processor.py:651} INFO - DAG(s) dict_keys(['example_task_group']) retrieved from /home/airflow/.local/lib/python3.7/site-packages/airflow/example_dags/example_task_group.py
[2022-07-11 09:28:03,728] {logging_mixin.py:115} INFO - [2022-07-11 09:28:03,728] {dag.py:2379} INFO - Sync 1 DAGs
[2022-07-11 09:28:03,741] {logging_mixin.py:115} INFO - [2022-07-11 09:28:03,741] {dag.py:2931} INFO - Setting next_dagrun for example_task_group to 2022-07-10T09:28:03.741624+00:00, run_after=2022-07-11T09:28:03.741624+00:00
[2022-07-11 09:28:03,749] {processor.py:161} INFO - Processing /home/airflow/.local/lib/python3.7/site-packages/airflow/example_dags/example_task_group.py took 0.048 seconds
[2022-07-11 09:28:34,673] {processor.py:153} INFO - Started process (PID=1736) to work on /home/airflow/.local/lib/python3.7/site-packages/airflow/example_dags/example_task_group.py
[2022-07-11 09:28:34,674] {processor.py:641} INFO - Processing file /home/airflow/.local/lib/python3.7/site-packages/airflow/example_dags/example_task_group.py for tasks to queue
[2022-07-11 09:28:34,675] {logging_mixin.py:115} INFO - [2022-07-11 09:28:34,675] {dagbag.py:507} INFO - Filling up the DagBag from /home/airflow/.local/lib/python3.7/site-packages/airflow/example_dags/example_task_group.py
[2022-07-11 09:28:34,682] {processor.py:651} INFO - DAG(s) dict_keys(['example_task_group']) retrieved from /home/airflow/.local/lib/python3.7/site-packages/airflow/example_dags/example_task_group.py
[2022-07-11 09:28:34,708] {logging_mixin.py:115} INFO - [2022-07-11 09:28:34,708] {dag.py:2379} INFO - Sync 1 DAGs
[2022-07-11 09:28:34,738] {logging_mixin.py:115} INFO - [2022-07-11 09:28:34,738] {dag.py:2931} INFO - Setting next_dagrun for example_task_group to 2022-07-10T09:28:34.738195+00:00, run_after=2022-07-11T09:28:34.738195+00:00
[2022-07-11 09:28:34,761] {processor.py:161} INFO - Processing /home/airflow/.local/lib/python3.7/site-packages/airflow/example_dags/example_task_group.py took 0.091 seconds
[2022-07-11 09:29:05,040] {processor.py:153} INFO - Started process (PID=1793) to work on /home/airflow/.local/lib/python3.7/site-packages/airflow/example_dags/example_task_group.py
[2022-07-11 09:29:05,041] {processor.py:641} INFO - Processing file /home/airflow/.local/lib/python3.7/site-packages/airflow/example_dags/example_task_group.py for tasks to queue
[2022-07-11 09:29:05,042] {logging_mixin.py:115} INFO - [2022-07-11 09:29:05,042] {dagbag.py:507} INFO - Filling up the DagBag from /home/airflow/.local/lib/python3.7/site-packages/airflow/example_dags/example_task_group.py
[2022-07-11 09:29:05,048] {processor.py:651} INFO - DAG(s) dict_keys(['example_task_group']) retrieved from /home/airflow/.local/lib/python3.7/site-packages/airflow/example_dags/example_task_group.py
[2022-07-11 09:29:05,071] {logging_mixin.py:115} INFO - [2022-07-11 09:29:05,071] {dag.py:2379} INFO - Sync 1 DAGs
[2022-07-11 09:29:05,087] {logging_mixin.py:115} INFO - [2022-07-11 09:29:05,087] {dag.py:2931} INFO - Setting next_dagrun for example_task_group to 2022-07-10T09:29:05.087600+00:00, run_after=2022-07-11T09:29:05.087600+00:00
[2022-07-11 09:29:05,101] {processor.py:161} INFO - Processing /home/airflow/.local/lib/python3.7/site-packages/airflow/example_dags/example_task_group.py took 0.063 seconds
[2022-07-11 09:29:35,594] {processor.py:153} INFO - Started process (PID=1858) to work on /home/airflow/.local/lib/python3.7/site-packages/airflow/example_dags/example_task_group.py
[2022-07-11 09:29:35,596] {processor.py:641} INFO - Processing file /home/airflow/.local/lib/python3.7/site-packages/airflow/example_dags/example_task_group.py for tasks to queue
[2022-07-11 09:29:35,599] {logging_mixin.py:115} INFO - [2022-07-11 09:29:35,599] {dagbag.py:507} INFO - Filling up the DagBag from /home/airflow/.local/lib/python3.7/site-packages/airflow/example_dags/example_task_group.py
[2022-07-11 09:29:35,608] {processor.py:651} INFO - DAG(s) dict_keys(['example_task_group']) retrieved from /home/airflow/.local/lib/python3.7/site-packages/airflow/example_dags/example_task_group.py
[2022-07-11 09:29:35,629] {logging_mixin.py:115} INFO - [2022-07-11 09:29:35,629] {dag.py:2379} INFO - Sync 1 DAGs
[2022-07-11 09:29:35,642] {logging_mixin.py:115} INFO - [2022-07-11 09:29:35,642] {dag.py:2931} INFO - Setting next_dagrun for example_task_group to 2022-07-10T09:29:35.642452+00:00, run_after=2022-07-11T09:29:35.642452+00:00
[2022-07-11 09:29:35,664] {processor.py:161} INFO - Processing /home/airflow/.local/lib/python3.7/site-packages/airflow/example_dags/example_task_group.py took 0.072 seconds
[2022-07-11 09:30:06,419] {processor.py:153} INFO - Started process (PID=1922) to work on /home/airflow/.local/lib/python3.7/site-packages/airflow/example_dags/example_task_group.py
[2022-07-11 09:30:06,421] {processor.py:641} INFO - Processing file /home/airflow/.local/lib/python3.7/site-packages/airflow/example_dags/example_task_group.py for tasks to queue
[2022-07-11 09:30:06,422] {logging_mixin.py:115} INFO - [2022-07-11 09:30:06,422] {dagbag.py:507} INFO - Filling up the DagBag from /home/airflow/.local/lib/python3.7/site-packages/airflow/example_dags/example_task_group.py
[2022-07-11 09:30:06,428] {processor.py:651} INFO - DAG(s) dict_keys(['example_task_group']) retrieved from /home/airflow/.local/lib/python3.7/site-packages/airflow/example_dags/example_task_group.py
[2022-07-11 09:30:06,444] {logging_mixin.py:115} INFO - [2022-07-11 09:30:06,444] {dag.py:2379} INFO - Sync 1 DAGs
[2022-07-11 09:30:06,457] {logging_mixin.py:115} INFO - [2022-07-11 09:30:06,457] {dag.py:2931} INFO - Setting next_dagrun for example_task_group to 2022-07-10T09:30:06.457317+00:00, run_after=2022-07-11T09:30:06.457317+00:00
[2022-07-11 09:30:06,465] {processor.py:161} INFO - Processing /home/airflow/.local/lib/python3.7/site-packages/airflow/example_dags/example_task_group.py took 0.048 seconds
[2022-07-11 09:30:36,719] {processor.py:153} INFO - Started process (PID=1987) to work on /home/airflow/.local/lib/python3.7/site-packages/airflow/example_dags/example_task_group.py
[2022-07-11 09:30:36,720] {processor.py:641} INFO - Processing file /home/airflow/.local/lib/python3.7/site-packages/airflow/example_dags/example_task_group.py for tasks to queue
[2022-07-11 09:30:36,722] {logging_mixin.py:115} INFO - [2022-07-11 09:30:36,722] {dagbag.py:507} INFO - Filling up the DagBag from /home/airflow/.local/lib/python3.7/site-packages/airflow/example_dags/example_task_group.py
[2022-07-11 09:30:36,732] {processor.py:651} INFO - DAG(s) dict_keys(['example_task_group']) retrieved from /home/airflow/.local/lib/python3.7/site-packages/airflow/example_dags/example_task_group.py
[2022-07-11 09:30:36,791] {logging_mixin.py:115} INFO - [2022-07-11 09:30:36,791] {dag.py:2379} INFO - Sync 1 DAGs
[2022-07-11 09:30:36,813] {logging_mixin.py:115} INFO - [2022-07-11 09:30:36,813] {dag.py:2931} INFO - Setting next_dagrun for example_task_group to 2022-07-10T09:30:36.813599+00:00, run_after=2022-07-11T09:30:36.813599+00:00
[2022-07-11 09:30:36,829] {processor.py:161} INFO - Processing /home/airflow/.local/lib/python3.7/site-packages/airflow/example_dags/example_task_group.py took 0.113 seconds
[2022-07-11 09:31:06,922] {processor.py:153} INFO - Started process (PID=2052) to work on /home/airflow/.local/lib/python3.7/site-packages/airflow/example_dags/example_task_group.py
[2022-07-11 09:31:06,925] {processor.py:641} INFO - Processing file /home/airflow/.local/lib/python3.7/site-packages/airflow/example_dags/example_task_group.py for tasks to queue
[2022-07-11 09:31:06,927] {logging_mixin.py:115} INFO - [2022-07-11 09:31:06,927] {dagbag.py:507} INFO - Filling up the DagBag from /home/airflow/.local/lib/python3.7/site-packages/airflow/example_dags/example_task_group.py
[2022-07-11 09:31:06,934] {processor.py:651} INFO - DAG(s) dict_keys(['example_task_group']) retrieved from /home/airflow/.local/lib/python3.7/site-packages/airflow/example_dags/example_task_group.py
[2022-07-11 09:31:06,966] {logging_mixin.py:115} INFO - [2022-07-11 09:31:06,966] {dag.py:2379} INFO - Sync 1 DAGs
[2022-07-11 09:31:06,985] {logging_mixin.py:115} INFO - [2022-07-11 09:31:06,985] {dag.py:2931} INFO - Setting next_dagrun for example_task_group to 2022-07-10T09:31:06.985724+00:00, run_after=2022-07-11T09:31:06.985724+00:00
[2022-07-11 09:31:07,001] {processor.py:161} INFO - Processing /home/airflow/.local/lib/python3.7/site-packages/airflow/example_dags/example_task_group.py took 0.082 seconds
[2022-07-11 09:31:37,081] {processor.py:153} INFO - Started process (PID=2108) to work on /home/airflow/.local/lib/python3.7/site-packages/airflow/example_dags/example_task_group.py
[2022-07-11 09:31:37,083] {processor.py:641} INFO - Processing file /home/airflow/.local/lib/python3.7/site-packages/airflow/example_dags/example_task_group.py for tasks to queue
[2022-07-11 09:31:37,084] {logging_mixin.py:115} INFO - [2022-07-11 09:31:37,084] {dagbag.py:507} INFO - Filling up the DagBag from /home/airflow/.local/lib/python3.7/site-packages/airflow/example_dags/example_task_group.py
[2022-07-11 09:31:37,093] {processor.py:651} INFO - DAG(s) dict_keys(['example_task_group']) retrieved from /home/airflow/.local/lib/python3.7/site-packages/airflow/example_dags/example_task_group.py
[2022-07-11 09:31:37,121] {logging_mixin.py:115} INFO - [2022-07-11 09:31:37,121] {dag.py:2379} INFO - Sync 1 DAGs
[2022-07-11 09:31:37,135] {logging_mixin.py:115} INFO - [2022-07-11 09:31:37,135] {dag.py:2931} INFO - Setting next_dagrun for example_task_group to 2022-07-10T09:31:37.135348+00:00, run_after=2022-07-11T09:31:37.135348+00:00
[2022-07-11 09:31:37,156] {processor.py:161} INFO - Processing /home/airflow/.local/lib/python3.7/site-packages/airflow/example_dags/example_task_group.py took 0.079 seconds
[2022-07-11 09:32:07,388] {processor.py:153} INFO - Started process (PID=2172) to work on /home/airflow/.local/lib/python3.7/site-packages/airflow/example_dags/example_task_group.py
[2022-07-11 09:32:07,390] {processor.py:641} INFO - Processing file /home/airflow/.local/lib/python3.7/site-packages/airflow/example_dags/example_task_group.py for tasks to queue
[2022-07-11 09:32:07,392] {logging_mixin.py:115} INFO - [2022-07-11 09:32:07,392] {dagbag.py:507} INFO - Filling up the DagBag from /home/airflow/.local/lib/python3.7/site-packages/airflow/example_dags/example_task_group.py
[2022-07-11 09:32:07,398] {processor.py:651} INFO - DAG(s) dict_keys(['example_task_group']) retrieved from /home/airflow/.local/lib/python3.7/site-packages/airflow/example_dags/example_task_group.py
[2022-07-11 09:32:07,414] {logging_mixin.py:115} INFO - [2022-07-11 09:32:07,414] {dag.py:2379} INFO - Sync 1 DAGs
[2022-07-11 09:32:07,429] {logging_mixin.py:115} INFO - [2022-07-11 09:32:07,429] {dag.py:2931} INFO - Setting next_dagrun for example_task_group to 2022-07-10T09:32:07.429152+00:00, run_after=2022-07-11T09:32:07.429152+00:00
[2022-07-11 09:32:07,447] {processor.py:161} INFO - Processing /home/airflow/.local/lib/python3.7/site-packages/airflow/example_dags/example_task_group.py took 0.061 seconds
[2022-07-11 09:32:37,943] {processor.py:153} INFO - Started process (PID=2236) to work on /home/airflow/.local/lib/python3.7/site-packages/airflow/example_dags/example_task_group.py
[2022-07-11 09:32:37,945] {processor.py:641} INFO - Processing file /home/airflow/.local/lib/python3.7/site-packages/airflow/example_dags/example_task_group.py for tasks to queue
[2022-07-11 09:32:37,947] {logging_mixin.py:115} INFO - [2022-07-11 09:32:37,946] {dagbag.py:507} INFO - Filling up the DagBag from /home/airflow/.local/lib/python3.7/site-packages/airflow/example_dags/example_task_group.py
[2022-07-11 09:32:37,960] {processor.py:651} INFO - DAG(s) dict_keys(['example_task_group']) retrieved from /home/airflow/.local/lib/python3.7/site-packages/airflow/example_dags/example_task_group.py
[2022-07-11 09:32:38,011] {logging_mixin.py:115} INFO - [2022-07-11 09:32:38,011] {dag.py:2379} INFO - Sync 1 DAGs
[2022-07-11 09:32:38,046] {logging_mixin.py:115} INFO - [2022-07-11 09:32:38,046] {dag.py:2931} INFO - Setting next_dagrun for example_task_group to 2022-07-10T09:32:38.045905+00:00, run_after=2022-07-11T09:32:38.045905+00:00
[2022-07-11 09:32:38,073] {processor.py:161} INFO - Processing /home/airflow/.local/lib/python3.7/site-packages/airflow/example_dags/example_task_group.py took 0.133 seconds
[2022-07-11 09:33:08,149] {processor.py:153} INFO - Started process (PID=2301) to work on /home/airflow/.local/lib/python3.7/site-packages/airflow/example_dags/example_task_group.py
[2022-07-11 09:33:08,155] {processor.py:641} INFO - Processing file /home/airflow/.local/lib/python3.7/site-packages/airflow/example_dags/example_task_group.py for tasks to queue
[2022-07-11 09:33:08,156] {logging_mixin.py:115} INFO - [2022-07-11 09:33:08,156] {dagbag.py:507} INFO - Filling up the DagBag from /home/airflow/.local/lib/python3.7/site-packages/airflow/example_dags/example_task_group.py
[2022-07-11 09:33:08,162] {processor.py:651} INFO - DAG(s) dict_keys(['example_task_group']) retrieved from /home/airflow/.local/lib/python3.7/site-packages/airflow/example_dags/example_task_group.py
[2022-07-11 09:33:08,199] {logging_mixin.py:115} INFO - [2022-07-11 09:33:08,199] {dag.py:2379} INFO - Sync 1 DAGs
[2022-07-11 09:33:08,223] {logging_mixin.py:115} INFO - [2022-07-11 09:33:08,223] {dag.py:2931} INFO - Setting next_dagrun for example_task_group to 2022-07-10T09:33:08.223361+00:00, run_after=2022-07-11T09:33:08.223361+00:00
[2022-07-11 09:33:08,248] {processor.py:161} INFO - Processing /home/airflow/.local/lib/python3.7/site-packages/airflow/example_dags/example_task_group.py took 0.101 seconds
[2022-07-11 09:33:38,357] {processor.py:153} INFO - Started process (PID=2366) to work on /home/airflow/.local/lib/python3.7/site-packages/airflow/example_dags/example_task_group.py
[2022-07-11 09:33:38,361] {processor.py:641} INFO - Processing file /home/airflow/.local/lib/python3.7/site-packages/airflow/example_dags/example_task_group.py for tasks to queue
[2022-07-11 09:33:38,363] {logging_mixin.py:115} INFO - [2022-07-11 09:33:38,363] {dagbag.py:507} INFO - Filling up the DagBag from /home/airflow/.local/lib/python3.7/site-packages/airflow/example_dags/example_task_group.py
[2022-07-11 09:33:38,369] {processor.py:651} INFO - DAG(s) dict_keys(['example_task_group']) retrieved from /home/airflow/.local/lib/python3.7/site-packages/airflow/example_dags/example_task_group.py
[2022-07-11 09:33:38,418] {logging_mixin.py:115} INFO - [2022-07-11 09:33:38,418] {dag.py:2379} INFO - Sync 1 DAGs
[2022-07-11 09:33:38,457] {logging_mixin.py:115} INFO - [2022-07-11 09:33:38,457] {dag.py:2931} INFO - Setting next_dagrun for example_task_group to 2022-07-10T09:33:38.456947+00:00, run_after=2022-07-11T09:33:38.456947+00:00
[2022-07-11 09:33:38,477] {processor.py:161} INFO - Processing /home/airflow/.local/lib/python3.7/site-packages/airflow/example_dags/example_task_group.py took 0.122 seconds
[2022-07-11 09:34:08,683] {processor.py:153} INFO - Started process (PID=2422) to work on /home/airflow/.local/lib/python3.7/site-packages/airflow/example_dags/example_task_group.py
[2022-07-11 09:34:08,687] {processor.py:641} INFO - Processing file /home/airflow/.local/lib/python3.7/site-packages/airflow/example_dags/example_task_group.py for tasks to queue
[2022-07-11 09:34:08,689] {logging_mixin.py:115} INFO - [2022-07-11 09:34:08,689] {dagbag.py:507} INFO - Filling up the DagBag from /home/airflow/.local/lib/python3.7/site-packages/airflow/example_dags/example_task_group.py
[2022-07-11 09:34:08,704] {processor.py:651} INFO - DAG(s) dict_keys(['example_task_group']) retrieved from /home/airflow/.local/lib/python3.7/site-packages/airflow/example_dags/example_task_group.py
[2022-07-11 09:34:08,727] {logging_mixin.py:115} INFO - [2022-07-11 09:34:08,727] {dag.py:2379} INFO - Sync 1 DAGs
[2022-07-11 09:34:08,742] {logging_mixin.py:115} INFO - [2022-07-11 09:34:08,742] {dag.py:2931} INFO - Setting next_dagrun for example_task_group to 2022-07-10T09:34:08.742358+00:00, run_after=2022-07-11T09:34:08.742358+00:00
[2022-07-11 09:34:08,751] {processor.py:161} INFO - Processing /home/airflow/.local/lib/python3.7/site-packages/airflow/example_dags/example_task_group.py took 0.071 seconds
[2022-07-11 09:34:39,110] {processor.py:153} INFO - Started process (PID=2487) to work on /home/airflow/.local/lib/python3.7/site-packages/airflow/example_dags/example_task_group.py
[2022-07-11 09:34:39,116] {processor.py:641} INFO - Processing file /home/airflow/.local/lib/python3.7/site-packages/airflow/example_dags/example_task_group.py for tasks to queue
[2022-07-11 09:34:39,119] {logging_mixin.py:115} INFO - [2022-07-11 09:34:39,119] {dagbag.py:507} INFO - Filling up the DagBag from /home/airflow/.local/lib/python3.7/site-packages/airflow/example_dags/example_task_group.py
[2022-07-11 09:34:39,126] {processor.py:651} INFO - DAG(s) dict_keys(['example_task_group']) retrieved from /home/airflow/.local/lib/python3.7/site-packages/airflow/example_dags/example_task_group.py
[2022-07-11 09:34:39,168] {logging_mixin.py:115} INFO - [2022-07-11 09:34:39,168] {dag.py:2379} INFO - Sync 1 DAGs
[2022-07-11 09:34:39,194] {logging_mixin.py:115} INFO - [2022-07-11 09:34:39,194] {dag.py:2931} INFO - Setting next_dagrun for example_task_group to 2022-07-10T09:34:39.194035+00:00, run_after=2022-07-11T09:34:39.194035+00:00
[2022-07-11 09:34:39,211] {processor.py:161} INFO - Processing /home/airflow/.local/lib/python3.7/site-packages/airflow/example_dags/example_task_group.py took 0.103 seconds
[2022-07-11 09:35:09,516] {processor.py:153} INFO - Started process (PID=2552) to work on /home/airflow/.local/lib/python3.7/site-packages/airflow/example_dags/example_task_group.py
[2022-07-11 09:35:09,518] {processor.py:641} INFO - Processing file /home/airflow/.local/lib/python3.7/site-packages/airflow/example_dags/example_task_group.py for tasks to queue
[2022-07-11 09:35:09,519] {logging_mixin.py:115} INFO - [2022-07-11 09:35:09,519] {dagbag.py:507} INFO - Filling up the DagBag from /home/airflow/.local/lib/python3.7/site-packages/airflow/example_dags/example_task_group.py
[2022-07-11 09:35:09,529] {processor.py:651} INFO - DAG(s) dict_keys(['example_task_group']) retrieved from /home/airflow/.local/lib/python3.7/site-packages/airflow/example_dags/example_task_group.py
[2022-07-11 09:35:09,579] {logging_mixin.py:115} INFO - [2022-07-11 09:35:09,579] {dag.py:2379} INFO - Sync 1 DAGs
[2022-07-11 09:35:09,599] {logging_mixin.py:115} INFO - [2022-07-11 09:35:09,599] {dag.py:2931} INFO - Setting next_dagrun for example_task_group to 2022-07-10T09:35:09.599010+00:00, run_after=2022-07-11T09:35:09.599010+00:00
[2022-07-11 09:35:09,618] {processor.py:161} INFO - Processing /home/airflow/.local/lib/python3.7/site-packages/airflow/example_dags/example_task_group.py took 0.107 seconds
[2022-07-11 09:35:39,918] {processor.py:153} INFO - Started process (PID=2615) to work on /home/airflow/.local/lib/python3.7/site-packages/airflow/example_dags/example_task_group.py
[2022-07-11 09:35:39,919] {processor.py:641} INFO - Processing file /home/airflow/.local/lib/python3.7/site-packages/airflow/example_dags/example_task_group.py for tasks to queue
[2022-07-11 09:35:39,922] {logging_mixin.py:115} INFO - [2022-07-11 09:35:39,922] {dagbag.py:507} INFO - Filling up the DagBag from /home/airflow/.local/lib/python3.7/site-packages/airflow/example_dags/example_task_group.py
[2022-07-11 09:35:39,930] {processor.py:651} INFO - DAG(s) dict_keys(['example_task_group']) retrieved from /home/airflow/.local/lib/python3.7/site-packages/airflow/example_dags/example_task_group.py
[2022-07-11 09:35:39,948] {logging_mixin.py:115} INFO - [2022-07-11 09:35:39,948] {dag.py:2379} INFO - Sync 1 DAGs
[2022-07-11 09:35:39,961] {logging_mixin.py:115} INFO - [2022-07-11 09:35:39,961] {dag.py:2931} INFO - Setting next_dagrun for example_task_group to 2022-07-10T09:35:39.961633+00:00, run_after=2022-07-11T09:35:39.961633+00:00
[2022-07-11 09:35:39,978] {processor.py:161} INFO - Processing /home/airflow/.local/lib/python3.7/site-packages/airflow/example_dags/example_task_group.py took 0.063 seconds
[2022-07-11 09:36:10,295] {processor.py:153} INFO - Started process (PID=2677) to work on /home/airflow/.local/lib/python3.7/site-packages/airflow/example_dags/example_task_group.py
[2022-07-11 09:36:10,302] {processor.py:641} INFO - Processing file /home/airflow/.local/lib/python3.7/site-packages/airflow/example_dags/example_task_group.py for tasks to queue
[2022-07-11 09:36:10,304] {logging_mixin.py:115} INFO - [2022-07-11 09:36:10,304] {dagbag.py:507} INFO - Filling up the DagBag from /home/airflow/.local/lib/python3.7/site-packages/airflow/example_dags/example_task_group.py
[2022-07-11 09:36:10,313] {processor.py:651} INFO - DAG(s) dict_keys(['example_task_group']) retrieved from /home/airflow/.local/lib/python3.7/site-packages/airflow/example_dags/example_task_group.py
[2022-07-11 09:36:10,355] {logging_mixin.py:115} INFO - [2022-07-11 09:36:10,355] {dag.py:2379} INFO - Sync 1 DAGs
[2022-07-11 09:36:10,385] {logging_mixin.py:115} INFO - [2022-07-11 09:36:10,385] {dag.py:2931} INFO - Setting next_dagrun for example_task_group to 2022-07-10T09:36:10.385374+00:00, run_after=2022-07-11T09:36:10.385374+00:00
[2022-07-11 09:36:10,406] {processor.py:161} INFO - Processing /home/airflow/.local/lib/python3.7/site-packages/airflow/example_dags/example_task_group.py took 0.113 seconds
[2022-07-11 09:36:40,826] {processor.py:153} INFO - Started process (PID=2735) to work on /home/airflow/.local/lib/python3.7/site-packages/airflow/example_dags/example_task_group.py
[2022-07-11 09:36:40,835] {processor.py:641} INFO - Processing file /home/airflow/.local/lib/python3.7/site-packages/airflow/example_dags/example_task_group.py for tasks to queue
[2022-07-11 09:36:40,836] {logging_mixin.py:115} INFO - [2022-07-11 09:36:40,836] {dagbag.py:507} INFO - Filling up the DagBag from /home/airflow/.local/lib/python3.7/site-packages/airflow/example_dags/example_task_group.py
[2022-07-11 09:36:40,842] {processor.py:651} INFO - DAG(s) dict_keys(['example_task_group']) retrieved from /home/airflow/.local/lib/python3.7/site-packages/airflow/example_dags/example_task_group.py
[2022-07-11 09:36:40,892] {logging_mixin.py:115} INFO - [2022-07-11 09:36:40,892] {dag.py:2379} INFO - Sync 1 DAGs
[2022-07-11 09:36:40,927] {logging_mixin.py:115} INFO - [2022-07-11 09:36:40,927] {dag.py:2931} INFO - Setting next_dagrun for example_task_group to 2022-07-10T09:36:40.927773+00:00, run_after=2022-07-11T09:36:40.927773+00:00
[2022-07-11 09:36:40,945] {processor.py:161} INFO - Processing /home/airflow/.local/lib/python3.7/site-packages/airflow/example_dags/example_task_group.py took 0.122 seconds
[2022-07-11 09:37:11,189] {processor.py:153} INFO - Started process (PID=2800) to work on /home/airflow/.local/lib/python3.7/site-packages/airflow/example_dags/example_task_group.py
[2022-07-11 09:37:11,191] {processor.py:641} INFO - Processing file /home/airflow/.local/lib/python3.7/site-packages/airflow/example_dags/example_task_group.py for tasks to queue
[2022-07-11 09:37:11,193] {logging_mixin.py:115} INFO - [2022-07-11 09:37:11,193] {dagbag.py:507} INFO - Filling up the DagBag from /home/airflow/.local/lib/python3.7/site-packages/airflow/example_dags/example_task_group.py
[2022-07-11 09:37:11,204] {processor.py:651} INFO - DAG(s) dict_keys(['example_task_group']) retrieved from /home/airflow/.local/lib/python3.7/site-packages/airflow/example_dags/example_task_group.py
[2022-07-11 09:37:11,238] {logging_mixin.py:115} INFO - [2022-07-11 09:37:11,238] {dag.py:2379} INFO - Sync 1 DAGs
[2022-07-11 09:37:11,264] {logging_mixin.py:115} INFO - [2022-07-11 09:37:11,264] {dag.py:2931} INFO - Setting next_dagrun for example_task_group to 2022-07-10T09:37:11.264598+00:00, run_after=2022-07-11T09:37:11.264598+00:00
[2022-07-11 09:37:11,277] {processor.py:161} INFO - Processing /home/airflow/.local/lib/python3.7/site-packages/airflow/example_dags/example_task_group.py took 0.090 seconds
[2022-07-11 09:37:42,047] {processor.py:153} INFO - Started process (PID=2864) to work on /home/airflow/.local/lib/python3.7/site-packages/airflow/example_dags/example_task_group.py
[2022-07-11 09:37:42,048] {processor.py:641} INFO - Processing file /home/airflow/.local/lib/python3.7/site-packages/airflow/example_dags/example_task_group.py for tasks to queue
[2022-07-11 09:37:42,049] {logging_mixin.py:115} INFO - [2022-07-11 09:37:42,049] {dagbag.py:507} INFO - Filling up the DagBag from /home/airflow/.local/lib/python3.7/site-packages/airflow/example_dags/example_task_group.py
[2022-07-11 09:37:42,055] {processor.py:651} INFO - DAG(s) dict_keys(['example_task_group']) retrieved from /home/airflow/.local/lib/python3.7/site-packages/airflow/example_dags/example_task_group.py
[2022-07-11 09:37:42,071] {logging_mixin.py:115} INFO - [2022-07-11 09:37:42,071] {dag.py:2379} INFO - Sync 1 DAGs
[2022-07-11 09:37:42,086] {logging_mixin.py:115} INFO - [2022-07-11 09:37:42,086] {dag.py:2931} INFO - Setting next_dagrun for example_task_group to 2022-07-10T09:37:42.086292+00:00, run_after=2022-07-11T09:37:42.086292+00:00
[2022-07-11 09:37:42,094] {processor.py:161} INFO - Processing /home/airflow/.local/lib/python3.7/site-packages/airflow/example_dags/example_task_group.py took 0.049 seconds
[2022-07-11 09:38:12,524] {processor.py:153} INFO - Started process (PID=2930) to work on /home/airflow/.local/lib/python3.7/site-packages/airflow/example_dags/example_task_group.py
[2022-07-11 09:38:12,526] {processor.py:641} INFO - Processing file /home/airflow/.local/lib/python3.7/site-packages/airflow/example_dags/example_task_group.py for tasks to queue
[2022-07-11 09:38:12,529] {logging_mixin.py:115} INFO - [2022-07-11 09:38:12,529] {dagbag.py:507} INFO - Filling up the DagBag from /home/airflow/.local/lib/python3.7/site-packages/airflow/example_dags/example_task_group.py
[2022-07-11 09:38:12,552] {processor.py:651} INFO - DAG(s) dict_keys(['example_task_group']) retrieved from /home/airflow/.local/lib/python3.7/site-packages/airflow/example_dags/example_task_group.py
[2022-07-11 09:38:12,579] {logging_mixin.py:115} INFO - [2022-07-11 09:38:12,579] {dag.py:2379} INFO - Sync 1 DAGs
[2022-07-11 09:38:12,593] {logging_mixin.py:115} INFO - [2022-07-11 09:38:12,593] {dag.py:2931} INFO - Setting next_dagrun for example_task_group to 2022-07-10T09:38:12.593717+00:00, run_after=2022-07-11T09:38:12.593717+00:00
[2022-07-11 09:38:12,606] {processor.py:161} INFO - Processing /home/airflow/.local/lib/python3.7/site-packages/airflow/example_dags/example_task_group.py took 0.085 seconds
[2022-07-11 09:38:42,851] {processor.py:153} INFO - Started process (PID=2993) to work on /home/airflow/.local/lib/python3.7/site-packages/airflow/example_dags/example_task_group.py
[2022-07-11 09:38:42,852] {processor.py:641} INFO - Processing file /home/airflow/.local/lib/python3.7/site-packages/airflow/example_dags/example_task_group.py for tasks to queue
[2022-07-11 09:38:42,854] {logging_mixin.py:115} INFO - [2022-07-11 09:38:42,854] {dagbag.py:507} INFO - Filling up the DagBag from /home/airflow/.local/lib/python3.7/site-packages/airflow/example_dags/example_task_group.py
[2022-07-11 09:38:42,860] {processor.py:651} INFO - DAG(s) dict_keys(['example_task_group']) retrieved from /home/airflow/.local/lib/python3.7/site-packages/airflow/example_dags/example_task_group.py
[2022-07-11 09:38:42,878] {logging_mixin.py:115} INFO - [2022-07-11 09:38:42,878] {dag.py:2379} INFO - Sync 1 DAGs
[2022-07-11 09:38:42,892] {logging_mixin.py:115} INFO - [2022-07-11 09:38:42,892] {dag.py:2931} INFO - Setting next_dagrun for example_task_group to 2022-07-10T09:38:42.891974+00:00, run_after=2022-07-11T09:38:42.891974+00:00
[2022-07-11 09:38:42,900] {processor.py:161} INFO - Processing /home/airflow/.local/lib/python3.7/site-packages/airflow/example_dags/example_task_group.py took 0.052 seconds
[2022-07-11 09:39:13,101] {processor.py:153} INFO - Started process (PID=3049) to work on /home/airflow/.local/lib/python3.7/site-packages/airflow/example_dags/example_task_group.py
[2022-07-11 09:39:13,103] {processor.py:641} INFO - Processing file /home/airflow/.local/lib/python3.7/site-packages/airflow/example_dags/example_task_group.py for tasks to queue
[2022-07-11 09:39:13,106] {logging_mixin.py:115} INFO - [2022-07-11 09:39:13,105] {dagbag.py:507} INFO - Filling up the DagBag from /home/airflow/.local/lib/python3.7/site-packages/airflow/example_dags/example_task_group.py
[2022-07-11 09:39:13,111] {processor.py:651} INFO - DAG(s) dict_keys(['example_task_group']) retrieved from /home/airflow/.local/lib/python3.7/site-packages/airflow/example_dags/example_task_group.py
[2022-07-11 09:39:13,146] {logging_mixin.py:115} INFO - [2022-07-11 09:39:13,146] {dag.py:2379} INFO - Sync 1 DAGs
[2022-07-11 09:39:13,176] {logging_mixin.py:115} INFO - [2022-07-11 09:39:13,176] {dag.py:2931} INFO - Setting next_dagrun for example_task_group to 2022-07-10T09:39:13.175702+00:00, run_after=2022-07-11T09:39:13.175702+00:00
[2022-07-11 09:39:13,190] {processor.py:161} INFO - Processing /home/airflow/.local/lib/python3.7/site-packages/airflow/example_dags/example_task_group.py took 0.092 seconds
[2022-07-11 09:39:43,387] {processor.py:153} INFO - Started process (PID=3114) to work on /home/airflow/.local/lib/python3.7/site-packages/airflow/example_dags/example_task_group.py
[2022-07-11 09:39:43,388] {processor.py:641} INFO - Processing file /home/airflow/.local/lib/python3.7/site-packages/airflow/example_dags/example_task_group.py for tasks to queue
[2022-07-11 09:39:43,389] {logging_mixin.py:115} INFO - [2022-07-11 09:39:43,389] {dagbag.py:507} INFO - Filling up the DagBag from /home/airflow/.local/lib/python3.7/site-packages/airflow/example_dags/example_task_group.py
[2022-07-11 09:39:43,394] {processor.py:651} INFO - DAG(s) dict_keys(['example_task_group']) retrieved from /home/airflow/.local/lib/python3.7/site-packages/airflow/example_dags/example_task_group.py
[2022-07-11 09:39:43,412] {logging_mixin.py:115} INFO - [2022-07-11 09:39:43,412] {dag.py:2379} INFO - Sync 1 DAGs
[2022-07-11 09:39:43,430] {logging_mixin.py:115} INFO - [2022-07-11 09:39:43,430] {dag.py:2931} INFO - Setting next_dagrun for example_task_group to 2022-07-10T09:39:43.429898+00:00, run_after=2022-07-11T09:39:43.429898+00:00
[2022-07-11 09:39:43,440] {processor.py:161} INFO - Processing /home/airflow/.local/lib/python3.7/site-packages/airflow/example_dags/example_task_group.py took 0.056 seconds
[2022-07-11 09:40:13,892] {processor.py:153} INFO - Started process (PID=3178) to work on /home/airflow/.local/lib/python3.7/site-packages/airflow/example_dags/example_task_group.py
[2022-07-11 09:40:13,894] {processor.py:641} INFO - Processing file /home/airflow/.local/lib/python3.7/site-packages/airflow/example_dags/example_task_group.py for tasks to queue
[2022-07-11 09:40:13,896] {logging_mixin.py:115} INFO - [2022-07-11 09:40:13,896] {dagbag.py:507} INFO - Filling up the DagBag from /home/airflow/.local/lib/python3.7/site-packages/airflow/example_dags/example_task_group.py
[2022-07-11 09:40:13,903] {processor.py:651} INFO - DAG(s) dict_keys(['example_task_group']) retrieved from /home/airflow/.local/lib/python3.7/site-packages/airflow/example_dags/example_task_group.py
[2022-07-11 09:40:13,934] {logging_mixin.py:115} INFO - [2022-07-11 09:40:13,934] {dag.py:2379} INFO - Sync 1 DAGs
[2022-07-11 09:40:13,959] {logging_mixin.py:115} INFO - [2022-07-11 09:40:13,958] {dag.py:2931} INFO - Setting next_dagrun for example_task_group to 2022-07-10T09:40:13.958589+00:00, run_after=2022-07-11T09:40:13.958589+00:00
[2022-07-11 09:40:13,981] {processor.py:161} INFO - Processing /home/airflow/.local/lib/python3.7/site-packages/airflow/example_dags/example_task_group.py took 0.092 seconds
[2022-07-11 09:40:44,124] {processor.py:153} INFO - Started process (PID=3242) to work on /home/airflow/.local/lib/python3.7/site-packages/airflow/example_dags/example_task_group.py
[2022-07-11 09:40:44,125] {processor.py:641} INFO - Processing file /home/airflow/.local/lib/python3.7/site-packages/airflow/example_dags/example_task_group.py for tasks to queue
[2022-07-11 09:40:44,126] {logging_mixin.py:115} INFO - [2022-07-11 09:40:44,126] {dagbag.py:507} INFO - Filling up the DagBag from /home/airflow/.local/lib/python3.7/site-packages/airflow/example_dags/example_task_group.py
[2022-07-11 09:40:44,132] {processor.py:651} INFO - DAG(s) dict_keys(['example_task_group']) retrieved from /home/airflow/.local/lib/python3.7/site-packages/airflow/example_dags/example_task_group.py
[2022-07-11 09:40:44,150] {logging_mixin.py:115} INFO - [2022-07-11 09:40:44,150] {dag.py:2379} INFO - Sync 1 DAGs
[2022-07-11 09:40:44,164] {logging_mixin.py:115} INFO - [2022-07-11 09:40:44,164] {dag.py:2931} INFO - Setting next_dagrun for example_task_group to 2022-07-10T09:40:44.164064+00:00, run_after=2022-07-11T09:40:44.164064+00:00
[2022-07-11 09:40:44,175] {processor.py:161} INFO - Processing /home/airflow/.local/lib/python3.7/site-packages/airflow/example_dags/example_task_group.py took 0.053 seconds
[2022-07-11 09:41:14,564] {processor.py:153} INFO - Started process (PID=3306) to work on /home/airflow/.local/lib/python3.7/site-packages/airflow/example_dags/example_task_group.py
[2022-07-11 09:41:14,566] {processor.py:641} INFO - Processing file /home/airflow/.local/lib/python3.7/site-packages/airflow/example_dags/example_task_group.py for tasks to queue
[2022-07-11 09:41:14,567] {logging_mixin.py:115} INFO - [2022-07-11 09:41:14,567] {dagbag.py:507} INFO - Filling up the DagBag from /home/airflow/.local/lib/python3.7/site-packages/airflow/example_dags/example_task_group.py
[2022-07-11 09:41:14,575] {processor.py:651} INFO - DAG(s) dict_keys(['example_task_group']) retrieved from /home/airflow/.local/lib/python3.7/site-packages/airflow/example_dags/example_task_group.py
[2022-07-11 09:41:14,592] {logging_mixin.py:115} INFO - [2022-07-11 09:41:14,592] {dag.py:2379} INFO - Sync 1 DAGs
[2022-07-11 09:41:14,625] {logging_mixin.py:115} INFO - [2022-07-11 09:41:14,625] {dag.py:2931} INFO - Setting next_dagrun for example_task_group to 2022-07-10T09:41:14.624722+00:00, run_after=2022-07-11T09:41:14.624722+00:00
[2022-07-11 09:41:14,635] {processor.py:161} INFO - Processing /home/airflow/.local/lib/python3.7/site-packages/airflow/example_dags/example_task_group.py took 0.073 seconds
[2022-07-11 09:41:45,342] {processor.py:153} INFO - Started process (PID=3362) to work on /home/airflow/.local/lib/python3.7/site-packages/airflow/example_dags/example_task_group.py
[2022-07-11 09:41:45,344] {processor.py:641} INFO - Processing file /home/airflow/.local/lib/python3.7/site-packages/airflow/example_dags/example_task_group.py for tasks to queue
[2022-07-11 09:41:45,345] {logging_mixin.py:115} INFO - [2022-07-11 09:41:45,345] {dagbag.py:507} INFO - Filling up the DagBag from /home/airflow/.local/lib/python3.7/site-packages/airflow/example_dags/example_task_group.py
[2022-07-11 09:41:45,351] {processor.py:651} INFO - DAG(s) dict_keys(['example_task_group']) retrieved from /home/airflow/.local/lib/python3.7/site-packages/airflow/example_dags/example_task_group.py
[2022-07-11 09:41:45,368] {logging_mixin.py:115} INFO - [2022-07-11 09:41:45,368] {dag.py:2379} INFO - Sync 1 DAGs
[2022-07-11 09:41:45,382] {logging_mixin.py:115} INFO - [2022-07-11 09:41:45,382] {dag.py:2931} INFO - Setting next_dagrun for example_task_group to 2022-07-10T09:41:45.381831+00:00, run_after=2022-07-11T09:41:45.381831+00:00
[2022-07-11 09:41:45,390] {processor.py:161} INFO - Processing /home/airflow/.local/lib/python3.7/site-packages/airflow/example_dags/example_task_group.py took 0.050 seconds
[2022-07-11 09:42:15,449] {processor.py:153} INFO - Started process (PID=3426) to work on /home/airflow/.local/lib/python3.7/site-packages/airflow/example_dags/example_task_group.py
[2022-07-11 09:42:15,451] {processor.py:641} INFO - Processing file /home/airflow/.local/lib/python3.7/site-packages/airflow/example_dags/example_task_group.py for tasks to queue
[2022-07-11 09:42:15,452] {logging_mixin.py:115} INFO - [2022-07-11 09:42:15,452] {dagbag.py:507} INFO - Filling up the DagBag from /home/airflow/.local/lib/python3.7/site-packages/airflow/example_dags/example_task_group.py
[2022-07-11 09:42:15,459] {processor.py:651} INFO - DAG(s) dict_keys(['example_task_group']) retrieved from /home/airflow/.local/lib/python3.7/site-packages/airflow/example_dags/example_task_group.py
[2022-07-11 09:42:15,479] {logging_mixin.py:115} INFO - [2022-07-11 09:42:15,479] {dag.py:2379} INFO - Sync 1 DAGs
[2022-07-11 09:42:15,494] {logging_mixin.py:115} INFO - [2022-07-11 09:42:15,494] {dag.py:2931} INFO - Setting next_dagrun for example_task_group to 2022-07-10T09:42:15.494385+00:00, run_after=2022-07-11T09:42:15.494385+00:00
[2022-07-11 09:42:15,505] {processor.py:161} INFO - Processing /home/airflow/.local/lib/python3.7/site-packages/airflow/example_dags/example_task_group.py took 0.061 seconds
[2022-07-11 09:42:46,013] {processor.py:153} INFO - Started process (PID=3491) to work on /home/airflow/.local/lib/python3.7/site-packages/airflow/example_dags/example_task_group.py
[2022-07-11 09:42:46,015] {processor.py:641} INFO - Processing file /home/airflow/.local/lib/python3.7/site-packages/airflow/example_dags/example_task_group.py for tasks to queue
[2022-07-11 09:42:46,016] {logging_mixin.py:115} INFO - [2022-07-11 09:42:46,016] {dagbag.py:507} INFO - Filling up the DagBag from /home/airflow/.local/lib/python3.7/site-packages/airflow/example_dags/example_task_group.py
[2022-07-11 09:42:46,022] {processor.py:651} INFO - DAG(s) dict_keys(['example_task_group']) retrieved from /home/airflow/.local/lib/python3.7/site-packages/airflow/example_dags/example_task_group.py
[2022-07-11 09:42:46,038] {logging_mixin.py:115} INFO - [2022-07-11 09:42:46,038] {dag.py:2379} INFO - Sync 1 DAGs
[2022-07-11 09:42:46,051] {logging_mixin.py:115} INFO - [2022-07-11 09:42:46,051] {dag.py:2931} INFO - Setting next_dagrun for example_task_group to 2022-07-10T09:42:46.051752+00:00, run_after=2022-07-11T09:42:46.051752+00:00
[2022-07-11 09:42:46,060] {processor.py:161} INFO - Processing /home/airflow/.local/lib/python3.7/site-packages/airflow/example_dags/example_task_group.py took 0.049 seconds
[2022-07-11 09:43:16,278] {processor.py:153} INFO - Started process (PID=3556) to work on /home/airflow/.local/lib/python3.7/site-packages/airflow/example_dags/example_task_group.py
[2022-07-11 09:43:16,280] {processor.py:641} INFO - Processing file /home/airflow/.local/lib/python3.7/site-packages/airflow/example_dags/example_task_group.py for tasks to queue
[2022-07-11 09:43:16,282] {logging_mixin.py:115} INFO - [2022-07-11 09:43:16,282] {dagbag.py:507} INFO - Filling up the DagBag from /home/airflow/.local/lib/python3.7/site-packages/airflow/example_dags/example_task_group.py
[2022-07-11 09:43:16,291] {processor.py:651} INFO - DAG(s) dict_keys(['example_task_group']) retrieved from /home/airflow/.local/lib/python3.7/site-packages/airflow/example_dags/example_task_group.py
[2022-07-11 09:43:16,323] {logging_mixin.py:115} INFO - [2022-07-11 09:43:16,323] {dag.py:2379} INFO - Sync 1 DAGs
[2022-07-11 09:43:16,351] {logging_mixin.py:115} INFO - [2022-07-11 09:43:16,351] {dag.py:2931} INFO - Setting next_dagrun for example_task_group to 2022-07-10T09:43:16.350915+00:00, run_after=2022-07-11T09:43:16.350915+00:00
[2022-07-11 09:43:16,366] {processor.py:161} INFO - Processing /home/airflow/.local/lib/python3.7/site-packages/airflow/example_dags/example_task_group.py took 0.090 seconds
[2022-07-11 09:43:46,573] {processor.py:153} INFO - Started process (PID=3621) to work on /home/airflow/.local/lib/python3.7/site-packages/airflow/example_dags/example_task_group.py
[2022-07-11 09:43:46,575] {processor.py:641} INFO - Processing file /home/airflow/.local/lib/python3.7/site-packages/airflow/example_dags/example_task_group.py for tasks to queue
[2022-07-11 09:43:46,576] {logging_mixin.py:115} INFO - [2022-07-11 09:43:46,576] {dagbag.py:507} INFO - Filling up the DagBag from /home/airflow/.local/lib/python3.7/site-packages/airflow/example_dags/example_task_group.py
[2022-07-11 09:43:46,584] {processor.py:651} INFO - DAG(s) dict_keys(['example_task_group']) retrieved from /home/airflow/.local/lib/python3.7/site-packages/airflow/example_dags/example_task_group.py
[2022-07-11 09:43:46,602] {logging_mixin.py:115} INFO - [2022-07-11 09:43:46,602] {dag.py:2379} INFO - Sync 1 DAGs
[2022-07-11 09:43:46,615] {logging_mixin.py:115} INFO - [2022-07-11 09:43:46,615] {dag.py:2931} INFO - Setting next_dagrun for example_task_group to 2022-07-10T09:43:46.614934+00:00, run_after=2022-07-11T09:43:46.614934+00:00
[2022-07-11 09:43:46,622] {processor.py:161} INFO - Processing /home/airflow/.local/lib/python3.7/site-packages/airflow/example_dags/example_task_group.py took 0.053 seconds
[2022-07-11 09:44:16,887] {processor.py:153} INFO - Started process (PID=3677) to work on /home/airflow/.local/lib/python3.7/site-packages/airflow/example_dags/example_task_group.py
[2022-07-11 09:44:16,889] {processor.py:641} INFO - Processing file /home/airflow/.local/lib/python3.7/site-packages/airflow/example_dags/example_task_group.py for tasks to queue
[2022-07-11 09:44:16,892] {logging_mixin.py:115} INFO - [2022-07-11 09:44:16,892] {dagbag.py:507} INFO - Filling up the DagBag from /home/airflow/.local/lib/python3.7/site-packages/airflow/example_dags/example_task_group.py
[2022-07-11 09:44:16,900] {processor.py:651} INFO - DAG(s) dict_keys(['example_task_group']) retrieved from /home/airflow/.local/lib/python3.7/site-packages/airflow/example_dags/example_task_group.py
[2022-07-11 09:44:16,927] {logging_mixin.py:115} INFO - [2022-07-11 09:44:16,927] {dag.py:2379} INFO - Sync 1 DAGs
[2022-07-11 09:44:16,943] {logging_mixin.py:115} INFO - [2022-07-11 09:44:16,943] {dag.py:2931} INFO - Setting next_dagrun for example_task_group to 2022-07-10T09:44:16.943712+00:00, run_after=2022-07-11T09:44:16.943712+00:00
[2022-07-11 09:44:16,959] {processor.py:161} INFO - Processing /home/airflow/.local/lib/python3.7/site-packages/airflow/example_dags/example_task_group.py took 0.074 seconds
[2022-07-11 09:44:47,398] {processor.py:153} INFO - Started process (PID=3742) to work on /home/airflow/.local/lib/python3.7/site-packages/airflow/example_dags/example_task_group.py
[2022-07-11 09:44:47,400] {processor.py:641} INFO - Processing file /home/airflow/.local/lib/python3.7/site-packages/airflow/example_dags/example_task_group.py for tasks to queue
[2022-07-11 09:44:47,402] {logging_mixin.py:115} INFO - [2022-07-11 09:44:47,402] {dagbag.py:507} INFO - Filling up the DagBag from /home/airflow/.local/lib/python3.7/site-packages/airflow/example_dags/example_task_group.py
[2022-07-11 09:44:47,407] {processor.py:651} INFO - DAG(s) dict_keys(['example_task_group']) retrieved from /home/airflow/.local/lib/python3.7/site-packages/airflow/example_dags/example_task_group.py
[2022-07-11 09:44:47,426] {logging_mixin.py:115} INFO - [2022-07-11 09:44:47,426] {dag.py:2379} INFO - Sync 1 DAGs
[2022-07-11 09:44:47,440] {logging_mixin.py:115} INFO - [2022-07-11 09:44:47,440] {dag.py:2931} INFO - Setting next_dagrun for example_task_group to 2022-07-10T09:44:47.440474+00:00, run_after=2022-07-11T09:44:47.440474+00:00
[2022-07-11 09:44:47,451] {processor.py:161} INFO - Processing /home/airflow/.local/lib/python3.7/site-packages/airflow/example_dags/example_task_group.py took 0.061 seconds
[2022-07-11 09:45:17,975] {processor.py:153} INFO - Started process (PID=3806) to work on /home/airflow/.local/lib/python3.7/site-packages/airflow/example_dags/example_task_group.py
[2022-07-11 09:45:17,977] {processor.py:641} INFO - Processing file /home/airflow/.local/lib/python3.7/site-packages/airflow/example_dags/example_task_group.py for tasks to queue
[2022-07-11 09:45:17,979] {logging_mixin.py:115} INFO - [2022-07-11 09:45:17,978] {dagbag.py:507} INFO - Filling up the DagBag from /home/airflow/.local/lib/python3.7/site-packages/airflow/example_dags/example_task_group.py
[2022-07-11 09:45:17,985] {processor.py:651} INFO - DAG(s) dict_keys(['example_task_group']) retrieved from /home/airflow/.local/lib/python3.7/site-packages/airflow/example_dags/example_task_group.py
[2022-07-11 09:45:18,016] {logging_mixin.py:115} INFO - [2022-07-11 09:45:18,016] {dag.py:2379} INFO - Sync 1 DAGs
[2022-07-11 09:45:18,044] {logging_mixin.py:115} INFO - [2022-07-11 09:45:18,044] {dag.py:2931} INFO - Setting next_dagrun for example_task_group to 2022-07-10T09:45:18.044182+00:00, run_after=2022-07-11T09:45:18.044182+00:00
[2022-07-11 09:45:18,061] {processor.py:161} INFO - Processing /home/airflow/.local/lib/python3.7/site-packages/airflow/example_dags/example_task_group.py took 0.090 seconds
[2022-07-11 09:45:48,473] {processor.py:153} INFO - Started process (PID=3871) to work on /home/airflow/.local/lib/python3.7/site-packages/airflow/example_dags/example_task_group.py
[2022-07-11 09:45:48,474] {processor.py:641} INFO - Processing file /home/airflow/.local/lib/python3.7/site-packages/airflow/example_dags/example_task_group.py for tasks to queue
[2022-07-11 09:45:48,476] {logging_mixin.py:115} INFO - [2022-07-11 09:45:48,476] {dagbag.py:507} INFO - Filling up the DagBag from /home/airflow/.local/lib/python3.7/site-packages/airflow/example_dags/example_task_group.py
[2022-07-11 09:45:48,482] {processor.py:651} INFO - DAG(s) dict_keys(['example_task_group']) retrieved from /home/airflow/.local/lib/python3.7/site-packages/airflow/example_dags/example_task_group.py
[2022-07-11 09:45:48,539] {logging_mixin.py:115} INFO - [2022-07-11 09:45:48,539] {dag.py:2379} INFO - Sync 1 DAGs
[2022-07-11 09:45:48,577] {logging_mixin.py:115} INFO - [2022-07-11 09:45:48,577] {dag.py:2931} INFO - Setting next_dagrun for example_task_group to 2022-07-10T09:45:48.576895+00:00, run_after=2022-07-11T09:45:48.576895+00:00
[2022-07-11 09:45:48,594] {processor.py:161} INFO - Processing /home/airflow/.local/lib/python3.7/site-packages/airflow/example_dags/example_task_group.py took 0.124 seconds
[2022-07-11 09:46:18,906] {processor.py:153} INFO - Started process (PID=3936) to work on /home/airflow/.local/lib/python3.7/site-packages/airflow/example_dags/example_task_group.py
[2022-07-11 09:46:18,907] {processor.py:641} INFO - Processing file /home/airflow/.local/lib/python3.7/site-packages/airflow/example_dags/example_task_group.py for tasks to queue
[2022-07-11 09:46:18,908] {logging_mixin.py:115} INFO - [2022-07-11 09:46:18,908] {dagbag.py:507} INFO - Filling up the DagBag from /home/airflow/.local/lib/python3.7/site-packages/airflow/example_dags/example_task_group.py
[2022-07-11 09:46:18,924] {processor.py:651} INFO - DAG(s) dict_keys(['example_task_group']) retrieved from /home/airflow/.local/lib/python3.7/site-packages/airflow/example_dags/example_task_group.py
[2022-07-11 09:46:18,944] {logging_mixin.py:115} INFO - [2022-07-11 09:46:18,944] {dag.py:2379} INFO - Sync 1 DAGs
[2022-07-11 09:46:18,959] {logging_mixin.py:115} INFO - [2022-07-11 09:46:18,959] {dag.py:2931} INFO - Setting next_dagrun for example_task_group to 2022-07-10T09:46:18.959636+00:00, run_after=2022-07-11T09:46:18.959636+00:00
[2022-07-11 09:46:18,972] {processor.py:161} INFO - Processing /home/airflow/.local/lib/python3.7/site-packages/airflow/example_dags/example_task_group.py took 0.071 seconds
[2022-07-11 09:46:49,709] {processor.py:153} INFO - Started process (PID=3998) to work on /home/airflow/.local/lib/python3.7/site-packages/airflow/example_dags/example_task_group.py
[2022-07-11 09:46:49,711] {processor.py:641} INFO - Processing file /home/airflow/.local/lib/python3.7/site-packages/airflow/example_dags/example_task_group.py for tasks to queue
[2022-07-11 09:46:49,713] {logging_mixin.py:115} INFO - [2022-07-11 09:46:49,713] {dagbag.py:507} INFO - Filling up the DagBag from /home/airflow/.local/lib/python3.7/site-packages/airflow/example_dags/example_task_group.py
[2022-07-11 09:46:49,719] {processor.py:651} INFO - DAG(s) dict_keys(['example_task_group']) retrieved from /home/airflow/.local/lib/python3.7/site-packages/airflow/example_dags/example_task_group.py
[2022-07-11 09:46:49,752] {logging_mixin.py:115} INFO - [2022-07-11 09:46:49,752] {dag.py:2379} INFO - Sync 1 DAGs
[2022-07-11 09:46:49,768] {logging_mixin.py:115} INFO - [2022-07-11 09:46:49,768] {dag.py:2931} INFO - Setting next_dagrun for example_task_group to 2022-07-10T09:46:49.768201+00:00, run_after=2022-07-11T09:46:49.768201+00:00
[2022-07-11 09:46:49,781] {processor.py:161} INFO - Processing /home/airflow/.local/lib/python3.7/site-packages/airflow/example_dags/example_task_group.py took 0.075 seconds
[2022-07-11 09:47:19,860] {processor.py:153} INFO - Started process (PID=4055) to work on /home/airflow/.local/lib/python3.7/site-packages/airflow/example_dags/example_task_group.py
[2022-07-11 09:47:19,863] {processor.py:641} INFO - Processing file /home/airflow/.local/lib/python3.7/site-packages/airflow/example_dags/example_task_group.py for tasks to queue
[2022-07-11 09:47:19,865] {logging_mixin.py:115} INFO - [2022-07-11 09:47:19,865] {dagbag.py:507} INFO - Filling up the DagBag from /home/airflow/.local/lib/python3.7/site-packages/airflow/example_dags/example_task_group.py
[2022-07-11 09:47:19,870] {processor.py:651} INFO - DAG(s) dict_keys(['example_task_group']) retrieved from /home/airflow/.local/lib/python3.7/site-packages/airflow/example_dags/example_task_group.py
[2022-07-11 09:47:19,902] {logging_mixin.py:115} INFO - [2022-07-11 09:47:19,902] {dag.py:2379} INFO - Sync 1 DAGs
[2022-07-11 09:47:19,933] {logging_mixin.py:115} INFO - [2022-07-11 09:47:19,933] {dag.py:2931} INFO - Setting next_dagrun for example_task_group to 2022-07-10T09:47:19.933678+00:00, run_after=2022-07-11T09:47:19.933678+00:00
[2022-07-11 09:47:19,964] {processor.py:161} INFO - Processing /home/airflow/.local/lib/python3.7/site-packages/airflow/example_dags/example_task_group.py took 0.107 seconds
[2022-07-11 09:47:50,186] {processor.py:153} INFO - Started process (PID=4119) to work on /home/airflow/.local/lib/python3.7/site-packages/airflow/example_dags/example_task_group.py
[2022-07-11 09:47:50,190] {processor.py:641} INFO - Processing file /home/airflow/.local/lib/python3.7/site-packages/airflow/example_dags/example_task_group.py for tasks to queue
[2022-07-11 09:47:50,191] {logging_mixin.py:115} INFO - [2022-07-11 09:47:50,191] {dagbag.py:507} INFO - Filling up the DagBag from /home/airflow/.local/lib/python3.7/site-packages/airflow/example_dags/example_task_group.py
[2022-07-11 09:47:50,201] {processor.py:651} INFO - DAG(s) dict_keys(['example_task_group']) retrieved from /home/airflow/.local/lib/python3.7/site-packages/airflow/example_dags/example_task_group.py
[2022-07-11 09:47:50,246] {logging_mixin.py:115} INFO - [2022-07-11 09:47:50,246] {dag.py:2379} INFO - Sync 1 DAGs
[2022-07-11 09:47:50,278] {logging_mixin.py:115} INFO - [2022-07-11 09:47:50,278] {dag.py:2931} INFO - Setting next_dagrun for example_task_group to 2022-07-10T09:47:50.277863+00:00, run_after=2022-07-11T09:47:50.277863+00:00
[2022-07-11 09:47:50,289] {processor.py:161} INFO - Processing /home/airflow/.local/lib/python3.7/site-packages/airflow/example_dags/example_task_group.py took 0.105 seconds
