[2022-07-11 09:14:54,042] {processor.py:153} INFO - Started process (PID=76) to work on /home/airflow/.local/lib/python3.7/site-packages/airflow/example_dags/example_complex.py
[2022-07-11 09:14:54,043] {processor.py:641} INFO - Processing file /home/airflow/.local/lib/python3.7/site-packages/airflow/example_dags/example_complex.py for tasks to queue
[2022-07-11 09:14:54,046] {logging_mixin.py:115} INFO - [2022-07-11 09:14:54,046] {dagbag.py:507} INFO - Filling up the DagBag from /home/airflow/.local/lib/python3.7/site-packages/airflow/example_dags/example_complex.py
[2022-07-11 09:14:54,096] {processor.py:651} INFO - DAG(s) dict_keys(['example_complex']) retrieved from /home/airflow/.local/lib/python3.7/site-packages/airflow/example_dags/example_complex.py
[2022-07-11 09:14:54,167] {logging_mixin.py:115} INFO - [2022-07-11 09:14:54,167] {dag.py:2379} INFO - Sync 1 DAGs
[2022-07-11 09:14:54,206] {logging_mixin.py:115} INFO - [2022-07-11 09:14:54,206] {dag.py:2931} INFO - Setting next_dagrun for example_complex to None, run_after=None
[2022-07-11 09:14:54,227] {processor.py:161} INFO - Processing /home/airflow/.local/lib/python3.7/site-packages/airflow/example_dags/example_complex.py took 0.187 seconds
[2022-07-11 09:15:25,687] {processor.py:153} INFO - Started process (PID=143) to work on /home/airflow/.local/lib/python3.7/site-packages/airflow/example_dags/example_complex.py
[2022-07-11 09:15:25,695] {processor.py:641} INFO - Processing file /home/airflow/.local/lib/python3.7/site-packages/airflow/example_dags/example_complex.py for tasks to queue
[2022-07-11 09:15:25,704] {logging_mixin.py:115} INFO - [2022-07-11 09:15:25,704] {dagbag.py:507} INFO - Filling up the DagBag from /home/airflow/.local/lib/python3.7/site-packages/airflow/example_dags/example_complex.py
[2022-07-11 09:15:25,752] {processor.py:651} INFO - DAG(s) dict_keys(['example_complex']) retrieved from /home/airflow/.local/lib/python3.7/site-packages/airflow/example_dags/example_complex.py
[2022-07-11 09:15:25,882] {logging_mixin.py:115} INFO - [2022-07-11 09:15:25,882] {dag.py:2379} INFO - Sync 1 DAGs
[2022-07-11 09:15:25,939] {logging_mixin.py:115} INFO - [2022-07-11 09:15:25,938] {dag.py:2931} INFO - Setting next_dagrun for example_complex to None, run_after=None
[2022-07-11 09:15:25,978] {processor.py:161} INFO - Processing /home/airflow/.local/lib/python3.7/site-packages/airflow/example_dags/example_complex.py took 0.293 seconds
[2022-07-11 09:15:56,057] {processor.py:153} INFO - Started process (PID=198) to work on /home/airflow/.local/lib/python3.7/site-packages/airflow/example_dags/example_complex.py
[2022-07-11 09:15:56,061] {processor.py:641} INFO - Processing file /home/airflow/.local/lib/python3.7/site-packages/airflow/example_dags/example_complex.py for tasks to queue
[2022-07-11 09:15:56,066] {logging_mixin.py:115} INFO - [2022-07-11 09:15:56,066] {dagbag.py:507} INFO - Filling up the DagBag from /home/airflow/.local/lib/python3.7/site-packages/airflow/example_dags/example_complex.py
[2022-07-11 09:15:56,097] {processor.py:651} INFO - DAG(s) dict_keys(['example_complex']) retrieved from /home/airflow/.local/lib/python3.7/site-packages/airflow/example_dags/example_complex.py
[2022-07-11 09:15:56,171] {logging_mixin.py:115} INFO - [2022-07-11 09:15:56,171] {dag.py:2379} INFO - Sync 1 DAGs
[2022-07-11 09:15:56,216] {logging_mixin.py:115} INFO - [2022-07-11 09:15:56,216] {dag.py:2931} INFO - Setting next_dagrun for example_complex to None, run_after=None
[2022-07-11 09:15:56,241] {processor.py:161} INFO - Processing /home/airflow/.local/lib/python3.7/site-packages/airflow/example_dags/example_complex.py took 0.186 seconds
[2022-07-11 09:16:26,413] {processor.py:153} INFO - Started process (PID=262) to work on /home/airflow/.local/lib/python3.7/site-packages/airflow/example_dags/example_complex.py
[2022-07-11 09:16:26,415] {processor.py:641} INFO - Processing file /home/airflow/.local/lib/python3.7/site-packages/airflow/example_dags/example_complex.py for tasks to queue
[2022-07-11 09:16:26,417] {logging_mixin.py:115} INFO - [2022-07-11 09:16:26,417] {dagbag.py:507} INFO - Filling up the DagBag from /home/airflow/.local/lib/python3.7/site-packages/airflow/example_dags/example_complex.py
[2022-07-11 09:16:26,436] {processor.py:651} INFO - DAG(s) dict_keys(['example_complex']) retrieved from /home/airflow/.local/lib/python3.7/site-packages/airflow/example_dags/example_complex.py
[2022-07-11 09:16:26,468] {logging_mixin.py:115} INFO - [2022-07-11 09:16:26,468] {dag.py:2379} INFO - Sync 1 DAGs
[2022-07-11 09:16:26,507] {logging_mixin.py:115} INFO - [2022-07-11 09:16:26,507] {dag.py:2931} INFO - Setting next_dagrun for example_complex to None, run_after=None
[2022-07-11 09:16:26,520] {processor.py:161} INFO - Processing /home/airflow/.local/lib/python3.7/site-packages/airflow/example_dags/example_complex.py took 0.110 seconds
[2022-07-11 09:16:56,674] {processor.py:153} INFO - Started process (PID=329) to work on /home/airflow/.local/lib/python3.7/site-packages/airflow/example_dags/example_complex.py
[2022-07-11 09:16:56,676] {processor.py:641} INFO - Processing file /home/airflow/.local/lib/python3.7/site-packages/airflow/example_dags/example_complex.py for tasks to queue
[2022-07-11 09:16:56,678] {logging_mixin.py:115} INFO - [2022-07-11 09:16:56,678] {dagbag.py:507} INFO - Filling up the DagBag from /home/airflow/.local/lib/python3.7/site-packages/airflow/example_dags/example_complex.py
[2022-07-11 09:16:56,697] {processor.py:651} INFO - DAG(s) dict_keys(['example_complex']) retrieved from /home/airflow/.local/lib/python3.7/site-packages/airflow/example_dags/example_complex.py
[2022-07-11 09:16:56,733] {logging_mixin.py:115} INFO - [2022-07-11 09:16:56,733] {dag.py:2379} INFO - Sync 1 DAGs
[2022-07-11 09:16:56,752] {logging_mixin.py:115} INFO - [2022-07-11 09:16:56,752] {dag.py:2931} INFO - Setting next_dagrun for example_complex to None, run_after=None
[2022-07-11 09:16:56,764] {processor.py:161} INFO - Processing /home/airflow/.local/lib/python3.7/site-packages/airflow/example_dags/example_complex.py took 0.093 seconds
[2022-07-11 09:17:27,745] {processor.py:153} INFO - Started process (PID=390) to work on /home/airflow/.local/lib/python3.7/site-packages/airflow/example_dags/example_complex.py
[2022-07-11 09:17:27,747] {processor.py:641} INFO - Processing file /home/airflow/.local/lib/python3.7/site-packages/airflow/example_dags/example_complex.py for tasks to queue
[2022-07-11 09:17:27,748] {logging_mixin.py:115} INFO - [2022-07-11 09:17:27,748] {dagbag.py:507} INFO - Filling up the DagBag from /home/airflow/.local/lib/python3.7/site-packages/airflow/example_dags/example_complex.py
[2022-07-11 09:17:27,797] {processor.py:651} INFO - DAG(s) dict_keys(['example_complex']) retrieved from /home/airflow/.local/lib/python3.7/site-packages/airflow/example_dags/example_complex.py
[2022-07-11 09:17:27,857] {logging_mixin.py:115} INFO - [2022-07-11 09:17:27,857] {dag.py:2379} INFO - Sync 1 DAGs
[2022-07-11 09:17:27,901] {logging_mixin.py:115} INFO - [2022-07-11 09:17:27,901] {dag.py:2931} INFO - Setting next_dagrun for example_complex to None, run_after=None
[2022-07-11 09:17:27,928] {processor.py:161} INFO - Processing /home/airflow/.local/lib/python3.7/site-packages/airflow/example_dags/example_complex.py took 0.186 seconds
[2022-07-11 09:17:58,065] {processor.py:153} INFO - Started process (PID=449) to work on /home/airflow/.local/lib/python3.7/site-packages/airflow/example_dags/example_complex.py
[2022-07-11 09:17:58,068] {processor.py:641} INFO - Processing file /home/airflow/.local/lib/python3.7/site-packages/airflow/example_dags/example_complex.py for tasks to queue
[2022-07-11 09:17:58,070] {logging_mixin.py:115} INFO - [2022-07-11 09:17:58,070] {dagbag.py:507} INFO - Filling up the DagBag from /home/airflow/.local/lib/python3.7/site-packages/airflow/example_dags/example_complex.py
[2022-07-11 09:17:58,096] {processor.py:651} INFO - DAG(s) dict_keys(['example_complex']) retrieved from /home/airflow/.local/lib/python3.7/site-packages/airflow/example_dags/example_complex.py
[2022-07-11 09:17:58,154] {logging_mixin.py:115} INFO - [2022-07-11 09:17:58,154] {dag.py:2379} INFO - Sync 1 DAGs
[2022-07-11 09:17:58,176] {logging_mixin.py:115} INFO - [2022-07-11 09:17:58,175] {dag.py:2931} INFO - Setting next_dagrun for example_complex to None, run_after=None
[2022-07-11 09:17:58,186] {processor.py:161} INFO - Processing /home/airflow/.local/lib/python3.7/site-packages/airflow/example_dags/example_complex.py took 0.123 seconds
[2022-07-11 09:18:28,404] {processor.py:153} INFO - Started process (PID=513) to work on /home/airflow/.local/lib/python3.7/site-packages/airflow/example_dags/example_complex.py
[2022-07-11 09:18:28,406] {processor.py:641} INFO - Processing file /home/airflow/.local/lib/python3.7/site-packages/airflow/example_dags/example_complex.py for tasks to queue
[2022-07-11 09:18:28,408] {logging_mixin.py:115} INFO - [2022-07-11 09:18:28,407] {dagbag.py:507} INFO - Filling up the DagBag from /home/airflow/.local/lib/python3.7/site-packages/airflow/example_dags/example_complex.py
[2022-07-11 09:18:28,426] {processor.py:651} INFO - DAG(s) dict_keys(['example_complex']) retrieved from /home/airflow/.local/lib/python3.7/site-packages/airflow/example_dags/example_complex.py
[2022-07-11 09:18:28,460] {logging_mixin.py:115} INFO - [2022-07-11 09:18:28,460] {dag.py:2379} INFO - Sync 1 DAGs
[2022-07-11 09:18:28,479] {logging_mixin.py:115} INFO - [2022-07-11 09:18:28,478] {dag.py:2931} INFO - Setting next_dagrun for example_complex to None, run_after=None
[2022-07-11 09:18:28,490] {processor.py:161} INFO - Processing /home/airflow/.local/lib/python3.7/site-packages/airflow/example_dags/example_complex.py took 0.089 seconds
[2022-07-11 09:18:59,083] {processor.py:153} INFO - Started process (PID=575) to work on /home/airflow/.local/lib/python3.7/site-packages/airflow/example_dags/example_complex.py
[2022-07-11 09:18:59,085] {processor.py:641} INFO - Processing file /home/airflow/.local/lib/python3.7/site-packages/airflow/example_dags/example_complex.py for tasks to queue
[2022-07-11 09:18:59,087] {logging_mixin.py:115} INFO - [2022-07-11 09:18:59,087] {dagbag.py:507} INFO - Filling up the DagBag from /home/airflow/.local/lib/python3.7/site-packages/airflow/example_dags/example_complex.py
[2022-07-11 09:18:59,104] {processor.py:651} INFO - DAG(s) dict_keys(['example_complex']) retrieved from /home/airflow/.local/lib/python3.7/site-packages/airflow/example_dags/example_complex.py
[2022-07-11 09:18:59,143] {logging_mixin.py:115} INFO - [2022-07-11 09:18:59,142] {dag.py:2379} INFO - Sync 1 DAGs
[2022-07-11 09:18:59,172] {logging_mixin.py:115} INFO - [2022-07-11 09:18:59,172] {dag.py:2931} INFO - Setting next_dagrun for example_complex to None, run_after=None
[2022-07-11 09:18:59,185] {processor.py:161} INFO - Processing /home/airflow/.local/lib/python3.7/site-packages/airflow/example_dags/example_complex.py took 0.105 seconds
[2022-07-11 09:19:29,768] {processor.py:153} INFO - Started process (PID=640) to work on /home/airflow/.local/lib/python3.7/site-packages/airflow/example_dags/example_complex.py
[2022-07-11 09:19:29,773] {processor.py:641} INFO - Processing file /home/airflow/.local/lib/python3.7/site-packages/airflow/example_dags/example_complex.py for tasks to queue
[2022-07-11 09:19:29,775] {logging_mixin.py:115} INFO - [2022-07-11 09:19:29,775] {dagbag.py:507} INFO - Filling up the DagBag from /home/airflow/.local/lib/python3.7/site-packages/airflow/example_dags/example_complex.py
[2022-07-11 09:19:29,786] {processor.py:651} INFO - DAG(s) dict_keys(['example_complex']) retrieved from /home/airflow/.local/lib/python3.7/site-packages/airflow/example_dags/example_complex.py
[2022-07-11 09:19:29,820] {logging_mixin.py:115} INFO - [2022-07-11 09:19:29,820] {dag.py:2379} INFO - Sync 1 DAGs
[2022-07-11 09:19:29,845] {logging_mixin.py:115} INFO - [2022-07-11 09:19:29,844] {dag.py:2931} INFO - Setting next_dagrun for example_complex to None, run_after=None
[2022-07-11 09:19:29,858] {processor.py:161} INFO - Processing /home/airflow/.local/lib/python3.7/site-packages/airflow/example_dags/example_complex.py took 0.092 seconds
[2022-07-11 09:20:00,676] {processor.py:153} INFO - Started process (PID=696) to work on /home/airflow/.local/lib/python3.7/site-packages/airflow/example_dags/example_complex.py
[2022-07-11 09:20:00,680] {processor.py:641} INFO - Processing file /home/airflow/.local/lib/python3.7/site-packages/airflow/example_dags/example_complex.py for tasks to queue
[2022-07-11 09:20:00,682] {logging_mixin.py:115} INFO - [2022-07-11 09:20:00,682] {dagbag.py:507} INFO - Filling up the DagBag from /home/airflow/.local/lib/python3.7/site-packages/airflow/example_dags/example_complex.py
[2022-07-11 09:20:00,690] {processor.py:651} INFO - DAG(s) dict_keys(['example_complex']) retrieved from /home/airflow/.local/lib/python3.7/site-packages/airflow/example_dags/example_complex.py
[2022-07-11 09:20:00,727] {logging_mixin.py:115} INFO - [2022-07-11 09:20:00,727] {dag.py:2379} INFO - Sync 1 DAGs
[2022-07-11 09:20:00,758] {logging_mixin.py:115} INFO - [2022-07-11 09:20:00,758] {dag.py:2931} INFO - Setting next_dagrun for example_complex to None, run_after=None
[2022-07-11 09:20:00,766] {processor.py:161} INFO - Processing /home/airflow/.local/lib/python3.7/site-packages/airflow/example_dags/example_complex.py took 0.092 seconds
[2022-07-11 09:20:31,360] {processor.py:153} INFO - Started process (PID=760) to work on /home/airflow/.local/lib/python3.7/site-packages/airflow/example_dags/example_complex.py
[2022-07-11 09:20:31,361] {processor.py:641} INFO - Processing file /home/airflow/.local/lib/python3.7/site-packages/airflow/example_dags/example_complex.py for tasks to queue
[2022-07-11 09:20:31,363] {logging_mixin.py:115} INFO - [2022-07-11 09:20:31,363] {dagbag.py:507} INFO - Filling up the DagBag from /home/airflow/.local/lib/python3.7/site-packages/airflow/example_dags/example_complex.py
[2022-07-11 09:20:31,371] {processor.py:651} INFO - DAG(s) dict_keys(['example_complex']) retrieved from /home/airflow/.local/lib/python3.7/site-packages/airflow/example_dags/example_complex.py
[2022-07-11 09:20:31,408] {logging_mixin.py:115} INFO - [2022-07-11 09:20:31,408] {dag.py:2379} INFO - Sync 1 DAGs
[2022-07-11 09:20:31,426] {logging_mixin.py:115} INFO - [2022-07-11 09:20:31,426] {dag.py:2931} INFO - Setting next_dagrun for example_complex to None, run_after=None
[2022-07-11 09:20:31,435] {processor.py:161} INFO - Processing /home/airflow/.local/lib/python3.7/site-packages/airflow/example_dags/example_complex.py took 0.078 seconds
[2022-07-11 09:21:01,604] {processor.py:153} INFO - Started process (PID=825) to work on /home/airflow/.local/lib/python3.7/site-packages/airflow/example_dags/example_complex.py
[2022-07-11 09:21:01,605] {processor.py:641} INFO - Processing file /home/airflow/.local/lib/python3.7/site-packages/airflow/example_dags/example_complex.py for tasks to queue
[2022-07-11 09:21:01,606] {logging_mixin.py:115} INFO - [2022-07-11 09:21:01,606] {dagbag.py:507} INFO - Filling up the DagBag from /home/airflow/.local/lib/python3.7/site-packages/airflow/example_dags/example_complex.py
[2022-07-11 09:21:01,614] {processor.py:651} INFO - DAG(s) dict_keys(['example_complex']) retrieved from /home/airflow/.local/lib/python3.7/site-packages/airflow/example_dags/example_complex.py
[2022-07-11 09:21:01,636] {logging_mixin.py:115} INFO - [2022-07-11 09:21:01,636] {dag.py:2379} INFO - Sync 1 DAGs
[2022-07-11 09:21:01,650] {logging_mixin.py:115} INFO - [2022-07-11 09:21:01,650] {dag.py:2931} INFO - Setting next_dagrun for example_complex to None, run_after=None
[2022-07-11 09:21:01,662] {processor.py:161} INFO - Processing /home/airflow/.local/lib/python3.7/site-packages/airflow/example_dags/example_complex.py took 0.061 seconds
[2022-07-11 09:21:32,104] {processor.py:153} INFO - Started process (PID=890) to work on /home/airflow/.local/lib/python3.7/site-packages/airflow/example_dags/example_complex.py
[2022-07-11 09:21:32,105] {processor.py:641} INFO - Processing file /home/airflow/.local/lib/python3.7/site-packages/airflow/example_dags/example_complex.py for tasks to queue
[2022-07-11 09:21:32,106] {logging_mixin.py:115} INFO - [2022-07-11 09:21:32,106] {dagbag.py:507} INFO - Filling up the DagBag from /home/airflow/.local/lib/python3.7/site-packages/airflow/example_dags/example_complex.py
[2022-07-11 09:21:32,115] {processor.py:651} INFO - DAG(s) dict_keys(['example_complex']) retrieved from /home/airflow/.local/lib/python3.7/site-packages/airflow/example_dags/example_complex.py
[2022-07-11 09:21:32,135] {logging_mixin.py:115} INFO - [2022-07-11 09:21:32,135] {dag.py:2379} INFO - Sync 1 DAGs
[2022-07-11 09:21:32,149] {logging_mixin.py:115} INFO - [2022-07-11 09:21:32,149] {dag.py:2931} INFO - Setting next_dagrun for example_complex to None, run_after=None
[2022-07-11 09:21:32,159] {processor.py:161} INFO - Processing /home/airflow/.local/lib/python3.7/site-packages/airflow/example_dags/example_complex.py took 0.057 seconds
[2022-07-11 09:22:03,017] {processor.py:153} INFO - Started process (PID=956) to work on /home/airflow/.local/lib/python3.7/site-packages/airflow/example_dags/example_complex.py
[2022-07-11 09:22:03,019] {processor.py:641} INFO - Processing file /home/airflow/.local/lib/python3.7/site-packages/airflow/example_dags/example_complex.py for tasks to queue
[2022-07-11 09:22:03,020] {logging_mixin.py:115} INFO - [2022-07-11 09:22:03,020] {dagbag.py:507} INFO - Filling up the DagBag from /home/airflow/.local/lib/python3.7/site-packages/airflow/example_dags/example_complex.py
[2022-07-11 09:22:03,038] {processor.py:651} INFO - DAG(s) dict_keys(['example_complex']) retrieved from /home/airflow/.local/lib/python3.7/site-packages/airflow/example_dags/example_complex.py
[2022-07-11 09:22:03,061] {logging_mixin.py:115} INFO - [2022-07-11 09:22:03,061] {dag.py:2379} INFO - Sync 1 DAGs
[2022-07-11 09:22:03,080] {logging_mixin.py:115} INFO - [2022-07-11 09:22:03,080] {dag.py:2931} INFO - Setting next_dagrun for example_complex to None, run_after=None
[2022-07-11 09:22:03,088] {processor.py:161} INFO - Processing /home/airflow/.local/lib/python3.7/site-packages/airflow/example_dags/example_complex.py took 0.075 seconds
[2022-07-11 09:22:33,750] {processor.py:153} INFO - Started process (PID=1013) to work on /home/airflow/.local/lib/python3.7/site-packages/airflow/example_dags/example_complex.py
[2022-07-11 09:22:33,759] {processor.py:641} INFO - Processing file /home/airflow/.local/lib/python3.7/site-packages/airflow/example_dags/example_complex.py for tasks to queue
[2022-07-11 09:22:33,761] {logging_mixin.py:115} INFO - [2022-07-11 09:22:33,761] {dagbag.py:507} INFO - Filling up the DagBag from /home/airflow/.local/lib/python3.7/site-packages/airflow/example_dags/example_complex.py
[2022-07-11 09:22:33,774] {processor.py:651} INFO - DAG(s) dict_keys(['example_complex']) retrieved from /home/airflow/.local/lib/python3.7/site-packages/airflow/example_dags/example_complex.py
[2022-07-11 09:22:33,808] {logging_mixin.py:115} INFO - [2022-07-11 09:22:33,808] {dag.py:2379} INFO - Sync 1 DAGs
[2022-07-11 09:22:33,834] {logging_mixin.py:115} INFO - [2022-07-11 09:22:33,834] {dag.py:2931} INFO - Setting next_dagrun for example_complex to None, run_after=None
[2022-07-11 09:22:33,843] {processor.py:161} INFO - Processing /home/airflow/.local/lib/python3.7/site-packages/airflow/example_dags/example_complex.py took 0.096 seconds
[2022-07-11 09:23:04,348] {processor.py:153} INFO - Started process (PID=1078) to work on /home/airflow/.local/lib/python3.7/site-packages/airflow/example_dags/example_complex.py
[2022-07-11 09:23:04,350] {processor.py:641} INFO - Processing file /home/airflow/.local/lib/python3.7/site-packages/airflow/example_dags/example_complex.py for tasks to queue
[2022-07-11 09:23:04,351] {logging_mixin.py:115} INFO - [2022-07-11 09:23:04,350] {dagbag.py:507} INFO - Filling up the DagBag from /home/airflow/.local/lib/python3.7/site-packages/airflow/example_dags/example_complex.py
[2022-07-11 09:23:04,358] {processor.py:651} INFO - DAG(s) dict_keys(['example_complex']) retrieved from /home/airflow/.local/lib/python3.7/site-packages/airflow/example_dags/example_complex.py
[2022-07-11 09:23:04,380] {logging_mixin.py:115} INFO - [2022-07-11 09:23:04,380] {dag.py:2379} INFO - Sync 1 DAGs
[2022-07-11 09:23:04,396] {logging_mixin.py:115} INFO - [2022-07-11 09:23:04,395] {dag.py:2931} INFO - Setting next_dagrun for example_complex to None, run_after=None
[2022-07-11 09:23:04,408] {processor.py:161} INFO - Processing /home/airflow/.local/lib/python3.7/site-packages/airflow/example_dags/example_complex.py took 0.062 seconds
[2022-07-11 09:23:35,494] {processor.py:153} INFO - Started process (PID=1142) to work on /home/airflow/.local/lib/python3.7/site-packages/airflow/example_dags/example_complex.py
[2022-07-11 09:23:35,501] {processor.py:641} INFO - Processing file /home/airflow/.local/lib/python3.7/site-packages/airflow/example_dags/example_complex.py for tasks to queue
[2022-07-11 09:23:35,503] {logging_mixin.py:115} INFO - [2022-07-11 09:23:35,503] {dagbag.py:507} INFO - Filling up the DagBag from /home/airflow/.local/lib/python3.7/site-packages/airflow/example_dags/example_complex.py
[2022-07-11 09:23:35,511] {processor.py:651} INFO - DAG(s) dict_keys(['example_complex']) retrieved from /home/airflow/.local/lib/python3.7/site-packages/airflow/example_dags/example_complex.py
[2022-07-11 09:23:35,551] {logging_mixin.py:115} INFO - [2022-07-11 09:23:35,550] {dag.py:2379} INFO - Sync 1 DAGs
[2022-07-11 09:23:35,572] {logging_mixin.py:115} INFO - [2022-07-11 09:23:35,572] {dag.py:2931} INFO - Setting next_dagrun for example_complex to None, run_after=None
[2022-07-11 09:23:35,595] {processor.py:161} INFO - Processing /home/airflow/.local/lib/python3.7/site-packages/airflow/example_dags/example_complex.py took 0.103 seconds
[2022-07-11 09:24:06,421] {processor.py:153} INFO - Started process (PID=1206) to work on /home/airflow/.local/lib/python3.7/site-packages/airflow/example_dags/example_complex.py
[2022-07-11 09:24:06,422] {processor.py:641} INFO - Processing file /home/airflow/.local/lib/python3.7/site-packages/airflow/example_dags/example_complex.py for tasks to queue
[2022-07-11 09:24:06,423] {logging_mixin.py:115} INFO - [2022-07-11 09:24:06,423] {dagbag.py:507} INFO - Filling up the DagBag from /home/airflow/.local/lib/python3.7/site-packages/airflow/example_dags/example_complex.py
[2022-07-11 09:24:06,434] {processor.py:651} INFO - DAG(s) dict_keys(['example_complex']) retrieved from /home/airflow/.local/lib/python3.7/site-packages/airflow/example_dags/example_complex.py
[2022-07-11 09:24:06,461] {logging_mixin.py:115} INFO - [2022-07-11 09:24:06,461] {dag.py:2379} INFO - Sync 1 DAGs
[2022-07-11 09:24:06,476] {logging_mixin.py:115} INFO - [2022-07-11 09:24:06,476] {dag.py:2931} INFO - Setting next_dagrun for example_complex to None, run_after=None
[2022-07-11 09:24:06,485] {processor.py:161} INFO - Processing /home/airflow/.local/lib/python3.7/site-packages/airflow/example_dags/example_complex.py took 0.067 seconds
[2022-07-11 09:24:37,420] {processor.py:153} INFO - Started process (PID=1270) to work on /home/airflow/.local/lib/python3.7/site-packages/airflow/example_dags/example_complex.py
[2022-07-11 09:24:37,421] {processor.py:641} INFO - Processing file /home/airflow/.local/lib/python3.7/site-packages/airflow/example_dags/example_complex.py for tasks to queue
[2022-07-11 09:24:37,422] {logging_mixin.py:115} INFO - [2022-07-11 09:24:37,422] {dagbag.py:507} INFO - Filling up the DagBag from /home/airflow/.local/lib/python3.7/site-packages/airflow/example_dags/example_complex.py
[2022-07-11 09:24:37,433] {processor.py:651} INFO - DAG(s) dict_keys(['example_complex']) retrieved from /home/airflow/.local/lib/python3.7/site-packages/airflow/example_dags/example_complex.py
[2022-07-11 09:24:37,454] {logging_mixin.py:115} INFO - [2022-07-11 09:24:37,454] {dag.py:2379} INFO - Sync 1 DAGs
[2022-07-11 09:24:37,472] {logging_mixin.py:115} INFO - [2022-07-11 09:24:37,472] {dag.py:2931} INFO - Setting next_dagrun for example_complex to None, run_after=None
[2022-07-11 09:24:37,487] {processor.py:161} INFO - Processing /home/airflow/.local/lib/python3.7/site-packages/airflow/example_dags/example_complex.py took 0.069 seconds
[2022-07-11 09:25:08,255] {processor.py:153} INFO - Started process (PID=1335) to work on /home/airflow/.local/lib/python3.7/site-packages/airflow/example_dags/example_complex.py
[2022-07-11 09:25:08,258] {processor.py:641} INFO - Processing file /home/airflow/.local/lib/python3.7/site-packages/airflow/example_dags/example_complex.py for tasks to queue
[2022-07-11 09:25:08,260] {logging_mixin.py:115} INFO - [2022-07-11 09:25:08,260] {dagbag.py:507} INFO - Filling up the DagBag from /home/airflow/.local/lib/python3.7/site-packages/airflow/example_dags/example_complex.py
[2022-07-11 09:25:08,272] {processor.py:651} INFO - DAG(s) dict_keys(['example_complex']) retrieved from /home/airflow/.local/lib/python3.7/site-packages/airflow/example_dags/example_complex.py
[2022-07-11 09:25:08,294] {logging_mixin.py:115} INFO - [2022-07-11 09:25:08,294] {dag.py:2379} INFO - Sync 1 DAGs
[2022-07-11 09:25:08,308] {logging_mixin.py:115} INFO - [2022-07-11 09:25:08,308] {dag.py:2931} INFO - Setting next_dagrun for example_complex to None, run_after=None
[2022-07-11 09:25:08,324] {processor.py:161} INFO - Processing /home/airflow/.local/lib/python3.7/site-packages/airflow/example_dags/example_complex.py took 0.073 seconds
[2022-07-11 09:25:38,732] {processor.py:153} INFO - Started process (PID=1390) to work on /home/airflow/.local/lib/python3.7/site-packages/airflow/example_dags/example_complex.py
[2022-07-11 09:25:38,734] {processor.py:641} INFO - Processing file /home/airflow/.local/lib/python3.7/site-packages/airflow/example_dags/example_complex.py for tasks to queue
[2022-07-11 09:25:38,736] {logging_mixin.py:115} INFO - [2022-07-11 09:25:38,736] {dagbag.py:507} INFO - Filling up the DagBag from /home/airflow/.local/lib/python3.7/site-packages/airflow/example_dags/example_complex.py
[2022-07-11 09:25:38,746] {processor.py:651} INFO - DAG(s) dict_keys(['example_complex']) retrieved from /home/airflow/.local/lib/python3.7/site-packages/airflow/example_dags/example_complex.py
[2022-07-11 09:25:38,765] {logging_mixin.py:115} INFO - [2022-07-11 09:25:38,765] {dag.py:2379} INFO - Sync 1 DAGs
[2022-07-11 09:25:38,780] {logging_mixin.py:115} INFO - [2022-07-11 09:25:38,780] {dag.py:2931} INFO - Setting next_dagrun for example_complex to None, run_after=None
[2022-07-11 09:25:38,789] {processor.py:161} INFO - Processing /home/airflow/.local/lib/python3.7/site-packages/airflow/example_dags/example_complex.py took 0.059 seconds
[2022-07-11 09:26:09,031] {processor.py:153} INFO - Started process (PID=1455) to work on /home/airflow/.local/lib/python3.7/site-packages/airflow/example_dags/example_complex.py
[2022-07-11 09:26:09,032] {processor.py:641} INFO - Processing file /home/airflow/.local/lib/python3.7/site-packages/airflow/example_dags/example_complex.py for tasks to queue
[2022-07-11 09:26:09,034] {logging_mixin.py:115} INFO - [2022-07-11 09:26:09,034] {dagbag.py:507} INFO - Filling up the DagBag from /home/airflow/.local/lib/python3.7/site-packages/airflow/example_dags/example_complex.py
[2022-07-11 09:26:09,048] {processor.py:651} INFO - DAG(s) dict_keys(['example_complex']) retrieved from /home/airflow/.local/lib/python3.7/site-packages/airflow/example_dags/example_complex.py
[2022-07-11 09:26:09,070] {logging_mixin.py:115} INFO - [2022-07-11 09:26:09,070] {dag.py:2379} INFO - Sync 1 DAGs
[2022-07-11 09:26:09,096] {logging_mixin.py:115} INFO - [2022-07-11 09:26:09,096] {dag.py:2931} INFO - Setting next_dagrun for example_complex to None, run_after=None
[2022-07-11 09:26:09,105] {processor.py:161} INFO - Processing /home/airflow/.local/lib/python3.7/site-packages/airflow/example_dags/example_complex.py took 0.076 seconds
[2022-07-11 09:26:39,703] {processor.py:153} INFO - Started process (PID=1521) to work on /home/airflow/.local/lib/python3.7/site-packages/airflow/example_dags/example_complex.py
[2022-07-11 09:26:39,706] {processor.py:641} INFO - Processing file /home/airflow/.local/lib/python3.7/site-packages/airflow/example_dags/example_complex.py for tasks to queue
[2022-07-11 09:26:39,711] {logging_mixin.py:115} INFO - [2022-07-11 09:26:39,711] {dagbag.py:507} INFO - Filling up the DagBag from /home/airflow/.local/lib/python3.7/site-packages/airflow/example_dags/example_complex.py
[2022-07-11 09:26:39,746] {processor.py:651} INFO - DAG(s) dict_keys(['example_complex']) retrieved from /home/airflow/.local/lib/python3.7/site-packages/airflow/example_dags/example_complex.py
[2022-07-11 09:26:39,784] {logging_mixin.py:115} INFO - [2022-07-11 09:26:39,784] {dag.py:2379} INFO - Sync 1 DAGs
[2022-07-11 09:26:39,804] {logging_mixin.py:115} INFO - [2022-07-11 09:26:39,804] {dag.py:2931} INFO - Setting next_dagrun for example_complex to None, run_after=None
[2022-07-11 09:26:39,823] {processor.py:161} INFO - Processing /home/airflow/.local/lib/python3.7/site-packages/airflow/example_dags/example_complex.py took 0.123 seconds
[2022-07-11 09:27:09,927] {processor.py:153} INFO - Started process (PID=1585) to work on /home/airflow/.local/lib/python3.7/site-packages/airflow/example_dags/example_complex.py
[2022-07-11 09:27:09,929] {processor.py:641} INFO - Processing file /home/airflow/.local/lib/python3.7/site-packages/airflow/example_dags/example_complex.py for tasks to queue
[2022-07-11 09:27:09,930] {logging_mixin.py:115} INFO - [2022-07-11 09:27:09,930] {dagbag.py:507} INFO - Filling up the DagBag from /home/airflow/.local/lib/python3.7/site-packages/airflow/example_dags/example_complex.py
[2022-07-11 09:27:09,938] {processor.py:651} INFO - DAG(s) dict_keys(['example_complex']) retrieved from /home/airflow/.local/lib/python3.7/site-packages/airflow/example_dags/example_complex.py
[2022-07-11 09:27:09,961] {logging_mixin.py:115} INFO - [2022-07-11 09:27:09,961] {dag.py:2379} INFO - Sync 1 DAGs
[2022-07-11 09:27:09,974] {logging_mixin.py:115} INFO - [2022-07-11 09:27:09,974] {dag.py:2931} INFO - Setting next_dagrun for example_complex to None, run_after=None
[2022-07-11 09:27:09,981] {processor.py:161} INFO - Processing /home/airflow/.local/lib/python3.7/site-packages/airflow/example_dags/example_complex.py took 0.056 seconds
[2022-07-11 09:27:40,442] {processor.py:153} INFO - Started process (PID=1649) to work on /home/airflow/.local/lib/python3.7/site-packages/airflow/example_dags/example_complex.py
[2022-07-11 09:27:40,443] {processor.py:641} INFO - Processing file /home/airflow/.local/lib/python3.7/site-packages/airflow/example_dags/example_complex.py for tasks to queue
[2022-07-11 09:27:40,445] {logging_mixin.py:115} INFO - [2022-07-11 09:27:40,445] {dagbag.py:507} INFO - Filling up the DagBag from /home/airflow/.local/lib/python3.7/site-packages/airflow/example_dags/example_complex.py
[2022-07-11 09:27:40,456] {processor.py:651} INFO - DAG(s) dict_keys(['example_complex']) retrieved from /home/airflow/.local/lib/python3.7/site-packages/airflow/example_dags/example_complex.py
[2022-07-11 09:27:40,490] {logging_mixin.py:115} INFO - [2022-07-11 09:27:40,490] {dag.py:2379} INFO - Sync 1 DAGs
[2022-07-11 09:27:40,530] {logging_mixin.py:115} INFO - [2022-07-11 09:27:40,529] {dag.py:2931} INFO - Setting next_dagrun for example_complex to None, run_after=None
[2022-07-11 09:27:40,544] {processor.py:161} INFO - Processing /home/airflow/.local/lib/python3.7/site-packages/airflow/example_dags/example_complex.py took 0.105 seconds
[2022-07-11 09:28:11,464] {processor.py:153} INFO - Started process (PID=1704) to work on /home/airflow/.local/lib/python3.7/site-packages/airflow/example_dags/example_complex.py
[2022-07-11 09:28:11,466] {processor.py:641} INFO - Processing file /home/airflow/.local/lib/python3.7/site-packages/airflow/example_dags/example_complex.py for tasks to queue
[2022-07-11 09:28:11,468] {logging_mixin.py:115} INFO - [2022-07-11 09:28:11,468] {dagbag.py:507} INFO - Filling up the DagBag from /home/airflow/.local/lib/python3.7/site-packages/airflow/example_dags/example_complex.py
[2022-07-11 09:28:11,478] {processor.py:651} INFO - DAG(s) dict_keys(['example_complex']) retrieved from /home/airflow/.local/lib/python3.7/site-packages/airflow/example_dags/example_complex.py
[2022-07-11 09:28:11,498] {logging_mixin.py:115} INFO - [2022-07-11 09:28:11,498] {dag.py:2379} INFO - Sync 1 DAGs
[2022-07-11 09:28:11,520] {logging_mixin.py:115} INFO - [2022-07-11 09:28:11,520] {dag.py:2931} INFO - Setting next_dagrun for example_complex to None, run_after=None
[2022-07-11 09:28:11,531] {processor.py:161} INFO - Processing /home/airflow/.local/lib/python3.7/site-packages/airflow/example_dags/example_complex.py took 0.070 seconds
[2022-07-11 09:28:41,780] {processor.py:153} INFO - Started process (PID=1768) to work on /home/airflow/.local/lib/python3.7/site-packages/airflow/example_dags/example_complex.py
[2022-07-11 09:28:41,781] {processor.py:641} INFO - Processing file /home/airflow/.local/lib/python3.7/site-packages/airflow/example_dags/example_complex.py for tasks to queue
[2022-07-11 09:28:41,782] {logging_mixin.py:115} INFO - [2022-07-11 09:28:41,782] {dagbag.py:507} INFO - Filling up the DagBag from /home/airflow/.local/lib/python3.7/site-packages/airflow/example_dags/example_complex.py
[2022-07-11 09:28:41,791] {processor.py:651} INFO - DAG(s) dict_keys(['example_complex']) retrieved from /home/airflow/.local/lib/python3.7/site-packages/airflow/example_dags/example_complex.py
[2022-07-11 09:28:41,810] {logging_mixin.py:115} INFO - [2022-07-11 09:28:41,810] {dag.py:2379} INFO - Sync 1 DAGs
[2022-07-11 09:28:41,823] {logging_mixin.py:115} INFO - [2022-07-11 09:28:41,823] {dag.py:2931} INFO - Setting next_dagrun for example_complex to None, run_after=None
[2022-07-11 09:28:41,830] {processor.py:161} INFO - Processing /home/airflow/.local/lib/python3.7/site-packages/airflow/example_dags/example_complex.py took 0.052 seconds
[2022-07-11 09:29:12,246] {processor.py:153} INFO - Started process (PID=1834) to work on /home/airflow/.local/lib/python3.7/site-packages/airflow/example_dags/example_complex.py
[2022-07-11 09:29:12,247] {processor.py:641} INFO - Processing file /home/airflow/.local/lib/python3.7/site-packages/airflow/example_dags/example_complex.py for tasks to queue
[2022-07-11 09:29:12,249] {logging_mixin.py:115} INFO - [2022-07-11 09:29:12,249] {dagbag.py:507} INFO - Filling up the DagBag from /home/airflow/.local/lib/python3.7/site-packages/airflow/example_dags/example_complex.py
[2022-07-11 09:29:12,257] {processor.py:651} INFO - DAG(s) dict_keys(['example_complex']) retrieved from /home/airflow/.local/lib/python3.7/site-packages/airflow/example_dags/example_complex.py
[2022-07-11 09:29:12,293] {logging_mixin.py:115} INFO - [2022-07-11 09:29:12,293] {dag.py:2379} INFO - Sync 1 DAGs
[2022-07-11 09:29:12,317] {logging_mixin.py:115} INFO - [2022-07-11 09:29:12,317] {dag.py:2931} INFO - Setting next_dagrun for example_complex to None, run_after=None
[2022-07-11 09:29:12,326] {processor.py:161} INFO - Processing /home/airflow/.local/lib/python3.7/site-packages/airflow/example_dags/example_complex.py took 0.083 seconds
[2022-07-11 09:29:43,145] {processor.py:153} INFO - Started process (PID=1899) to work on /home/airflow/.local/lib/python3.7/site-packages/airflow/example_dags/example_complex.py
[2022-07-11 09:29:43,148] {processor.py:641} INFO - Processing file /home/airflow/.local/lib/python3.7/site-packages/airflow/example_dags/example_complex.py for tasks to queue
[2022-07-11 09:29:43,149] {logging_mixin.py:115} INFO - [2022-07-11 09:29:43,149] {dagbag.py:507} INFO - Filling up the DagBag from /home/airflow/.local/lib/python3.7/site-packages/airflow/example_dags/example_complex.py
[2022-07-11 09:29:43,160] {processor.py:651} INFO - DAG(s) dict_keys(['example_complex']) retrieved from /home/airflow/.local/lib/python3.7/site-packages/airflow/example_dags/example_complex.py
[2022-07-11 09:29:43,183] {logging_mixin.py:115} INFO - [2022-07-11 09:29:43,183] {dag.py:2379} INFO - Sync 1 DAGs
[2022-07-11 09:29:43,199] {logging_mixin.py:115} INFO - [2022-07-11 09:29:43,199] {dag.py:2931} INFO - Setting next_dagrun for example_complex to None, run_after=None
[2022-07-11 09:29:43,210] {processor.py:161} INFO - Processing /home/airflow/.local/lib/python3.7/site-packages/airflow/example_dags/example_complex.py took 0.068 seconds
[2022-07-11 09:30:14,231] {processor.py:153} INFO - Started process (PID=1963) to work on /home/airflow/.local/lib/python3.7/site-packages/airflow/example_dags/example_complex.py
[2022-07-11 09:30:14,232] {processor.py:641} INFO - Processing file /home/airflow/.local/lib/python3.7/site-packages/airflow/example_dags/example_complex.py for tasks to queue
[2022-07-11 09:30:14,237] {logging_mixin.py:115} INFO - [2022-07-11 09:30:14,236] {dagbag.py:507} INFO - Filling up the DagBag from /home/airflow/.local/lib/python3.7/site-packages/airflow/example_dags/example_complex.py
[2022-07-11 09:30:14,250] {processor.py:651} INFO - DAG(s) dict_keys(['example_complex']) retrieved from /home/airflow/.local/lib/python3.7/site-packages/airflow/example_dags/example_complex.py
[2022-07-11 09:30:14,287] {logging_mixin.py:115} INFO - [2022-07-11 09:30:14,287] {dag.py:2379} INFO - Sync 1 DAGs
[2022-07-11 09:30:14,308] {logging_mixin.py:115} INFO - [2022-07-11 09:30:14,308] {dag.py:2931} INFO - Setting next_dagrun for example_complex to None, run_after=None
[2022-07-11 09:30:14,321] {processor.py:161} INFO - Processing /home/airflow/.local/lib/python3.7/site-packages/airflow/example_dags/example_complex.py took 0.093 seconds
[2022-07-11 09:30:44,593] {processor.py:153} INFO - Started process (PID=2019) to work on /home/airflow/.local/lib/python3.7/site-packages/airflow/example_dags/example_complex.py
[2022-07-11 09:30:44,594] {processor.py:641} INFO - Processing file /home/airflow/.local/lib/python3.7/site-packages/airflow/example_dags/example_complex.py for tasks to queue
[2022-07-11 09:30:44,595] {logging_mixin.py:115} INFO - [2022-07-11 09:30:44,595] {dagbag.py:507} INFO - Filling up the DagBag from /home/airflow/.local/lib/python3.7/site-packages/airflow/example_dags/example_complex.py
[2022-07-11 09:30:44,604] {processor.py:651} INFO - DAG(s) dict_keys(['example_complex']) retrieved from /home/airflow/.local/lib/python3.7/site-packages/airflow/example_dags/example_complex.py
[2022-07-11 09:30:44,625] {logging_mixin.py:115} INFO - [2022-07-11 09:30:44,625] {dag.py:2379} INFO - Sync 1 DAGs
[2022-07-11 09:30:44,641] {logging_mixin.py:115} INFO - [2022-07-11 09:30:44,641] {dag.py:2931} INFO - Setting next_dagrun for example_complex to None, run_after=None
[2022-07-11 09:30:44,650] {processor.py:161} INFO - Processing /home/airflow/.local/lib/python3.7/site-packages/airflow/example_dags/example_complex.py took 0.060 seconds
[2022-07-11 09:31:14,831] {processor.py:153} INFO - Started process (PID=2084) to work on /home/airflow/.local/lib/python3.7/site-packages/airflow/example_dags/example_complex.py
[2022-07-11 09:31:14,832] {processor.py:641} INFO - Processing file /home/airflow/.local/lib/python3.7/site-packages/airflow/example_dags/example_complex.py for tasks to queue
[2022-07-11 09:31:14,834] {logging_mixin.py:115} INFO - [2022-07-11 09:31:14,834] {dagbag.py:507} INFO - Filling up the DagBag from /home/airflow/.local/lib/python3.7/site-packages/airflow/example_dags/example_complex.py
[2022-07-11 09:31:14,842] {processor.py:651} INFO - DAG(s) dict_keys(['example_complex']) retrieved from /home/airflow/.local/lib/python3.7/site-packages/airflow/example_dags/example_complex.py
[2022-07-11 09:31:14,861] {logging_mixin.py:115} INFO - [2022-07-11 09:31:14,861] {dag.py:2379} INFO - Sync 1 DAGs
[2022-07-11 09:31:14,876] {logging_mixin.py:115} INFO - [2022-07-11 09:31:14,876] {dag.py:2931} INFO - Setting next_dagrun for example_complex to None, run_after=None
[2022-07-11 09:31:14,887] {processor.py:161} INFO - Processing /home/airflow/.local/lib/python3.7/site-packages/airflow/example_dags/example_complex.py took 0.059 seconds
[2022-07-11 09:31:44,922] {processor.py:153} INFO - Started process (PID=2147) to work on /home/airflow/.local/lib/python3.7/site-packages/airflow/example_dags/example_complex.py
[2022-07-11 09:31:44,923] {processor.py:641} INFO - Processing file /home/airflow/.local/lib/python3.7/site-packages/airflow/example_dags/example_complex.py for tasks to queue
[2022-07-11 09:31:44,924] {logging_mixin.py:115} INFO - [2022-07-11 09:31:44,924] {dagbag.py:507} INFO - Filling up the DagBag from /home/airflow/.local/lib/python3.7/site-packages/airflow/example_dags/example_complex.py
[2022-07-11 09:31:44,931] {processor.py:651} INFO - DAG(s) dict_keys(['example_complex']) retrieved from /home/airflow/.local/lib/python3.7/site-packages/airflow/example_dags/example_complex.py
[2022-07-11 09:31:44,951] {logging_mixin.py:115} INFO - [2022-07-11 09:31:44,951] {dag.py:2379} INFO - Sync 1 DAGs
[2022-07-11 09:31:44,963] {logging_mixin.py:115} INFO - [2022-07-11 09:31:44,963] {dag.py:2931} INFO - Setting next_dagrun for example_complex to None, run_after=None
[2022-07-11 09:31:44,970] {processor.py:161} INFO - Processing /home/airflow/.local/lib/python3.7/site-packages/airflow/example_dags/example_complex.py took 0.051 seconds
[2022-07-11 09:32:15,265] {processor.py:153} INFO - Started process (PID=2210) to work on /home/airflow/.local/lib/python3.7/site-packages/airflow/example_dags/example_complex.py
[2022-07-11 09:32:15,267] {processor.py:641} INFO - Processing file /home/airflow/.local/lib/python3.7/site-packages/airflow/example_dags/example_complex.py for tasks to queue
[2022-07-11 09:32:15,268] {logging_mixin.py:115} INFO - [2022-07-11 09:32:15,268] {dagbag.py:507} INFO - Filling up the DagBag from /home/airflow/.local/lib/python3.7/site-packages/airflow/example_dags/example_complex.py
[2022-07-11 09:32:15,288] {processor.py:651} INFO - DAG(s) dict_keys(['example_complex']) retrieved from /home/airflow/.local/lib/python3.7/site-packages/airflow/example_dags/example_complex.py
[2022-07-11 09:32:15,341] {logging_mixin.py:115} INFO - [2022-07-11 09:32:15,341] {dag.py:2379} INFO - Sync 1 DAGs
[2022-07-11 09:32:15,391] {logging_mixin.py:115} INFO - [2022-07-11 09:32:15,391] {dag.py:2931} INFO - Setting next_dagrun for example_complex to None, run_after=None
[2022-07-11 09:32:15,407] {processor.py:161} INFO - Processing /home/airflow/.local/lib/python3.7/site-packages/airflow/example_dags/example_complex.py took 0.144 seconds
[2022-07-11 09:32:45,705] {processor.py:153} INFO - Started process (PID=2276) to work on /home/airflow/.local/lib/python3.7/site-packages/airflow/example_dags/example_complex.py
[2022-07-11 09:32:45,706] {processor.py:641} INFO - Processing file /home/airflow/.local/lib/python3.7/site-packages/airflow/example_dags/example_complex.py for tasks to queue
[2022-07-11 09:32:45,708] {logging_mixin.py:115} INFO - [2022-07-11 09:32:45,708] {dagbag.py:507} INFO - Filling up the DagBag from /home/airflow/.local/lib/python3.7/site-packages/airflow/example_dags/example_complex.py
[2022-07-11 09:32:45,715] {processor.py:651} INFO - DAG(s) dict_keys(['example_complex']) retrieved from /home/airflow/.local/lib/python3.7/site-packages/airflow/example_dags/example_complex.py
[2022-07-11 09:32:45,735] {logging_mixin.py:115} INFO - [2022-07-11 09:32:45,735] {dag.py:2379} INFO - Sync 1 DAGs
[2022-07-11 09:32:45,748] {logging_mixin.py:115} INFO - [2022-07-11 09:32:45,748] {dag.py:2931} INFO - Setting next_dagrun for example_complex to None, run_after=None
[2022-07-11 09:32:45,756] {processor.py:161} INFO - Processing /home/airflow/.local/lib/python3.7/site-packages/airflow/example_dags/example_complex.py took 0.053 seconds
[2022-07-11 09:33:15,989] {processor.py:153} INFO - Started process (PID=2331) to work on /home/airflow/.local/lib/python3.7/site-packages/airflow/example_dags/example_complex.py
[2022-07-11 09:33:15,991] {processor.py:641} INFO - Processing file /home/airflow/.local/lib/python3.7/site-packages/airflow/example_dags/example_complex.py for tasks to queue
[2022-07-11 09:33:15,992] {logging_mixin.py:115} INFO - [2022-07-11 09:33:15,992] {dagbag.py:507} INFO - Filling up the DagBag from /home/airflow/.local/lib/python3.7/site-packages/airflow/example_dags/example_complex.py
[2022-07-11 09:33:16,002] {processor.py:651} INFO - DAG(s) dict_keys(['example_complex']) retrieved from /home/airflow/.local/lib/python3.7/site-packages/airflow/example_dags/example_complex.py
[2022-07-11 09:33:16,030] {logging_mixin.py:115} INFO - [2022-07-11 09:33:16,030] {dag.py:2379} INFO - Sync 1 DAGs
[2022-07-11 09:33:16,045] {logging_mixin.py:115} INFO - [2022-07-11 09:33:16,045] {dag.py:2931} INFO - Setting next_dagrun for example_complex to None, run_after=None
[2022-07-11 09:33:16,055] {processor.py:161} INFO - Processing /home/airflow/.local/lib/python3.7/site-packages/airflow/example_dags/example_complex.py took 0.069 seconds
[2022-07-11 09:33:46,303] {processor.py:153} INFO - Started process (PID=2396) to work on /home/airflow/.local/lib/python3.7/site-packages/airflow/example_dags/example_complex.py
[2022-07-11 09:33:46,305] {processor.py:641} INFO - Processing file /home/airflow/.local/lib/python3.7/site-packages/airflow/example_dags/example_complex.py for tasks to queue
[2022-07-11 09:33:46,306] {logging_mixin.py:115} INFO - [2022-07-11 09:33:46,306] {dagbag.py:507} INFO - Filling up the DagBag from /home/airflow/.local/lib/python3.7/site-packages/airflow/example_dags/example_complex.py
[2022-07-11 09:33:46,314] {processor.py:651} INFO - DAG(s) dict_keys(['example_complex']) retrieved from /home/airflow/.local/lib/python3.7/site-packages/airflow/example_dags/example_complex.py
[2022-07-11 09:33:46,333] {logging_mixin.py:115} INFO - [2022-07-11 09:33:46,333] {dag.py:2379} INFO - Sync 1 DAGs
[2022-07-11 09:33:46,345] {logging_mixin.py:115} INFO - [2022-07-11 09:33:46,345] {dag.py:2931} INFO - Setting next_dagrun for example_complex to None, run_after=None
[2022-07-11 09:33:46,355] {processor.py:161} INFO - Processing /home/airflow/.local/lib/python3.7/site-packages/airflow/example_dags/example_complex.py took 0.054 seconds
[2022-07-11 09:34:16,812] {processor.py:153} INFO - Started process (PID=2461) to work on /home/airflow/.local/lib/python3.7/site-packages/airflow/example_dags/example_complex.py
[2022-07-11 09:34:16,816] {processor.py:641} INFO - Processing file /home/airflow/.local/lib/python3.7/site-packages/airflow/example_dags/example_complex.py for tasks to queue
[2022-07-11 09:34:16,818] {logging_mixin.py:115} INFO - [2022-07-11 09:34:16,818] {dagbag.py:507} INFO - Filling up the DagBag from /home/airflow/.local/lib/python3.7/site-packages/airflow/example_dags/example_complex.py
[2022-07-11 09:34:16,831] {processor.py:651} INFO - DAG(s) dict_keys(['example_complex']) retrieved from /home/airflow/.local/lib/python3.7/site-packages/airflow/example_dags/example_complex.py
[2022-07-11 09:34:16,875] {logging_mixin.py:115} INFO - [2022-07-11 09:34:16,875] {dag.py:2379} INFO - Sync 1 DAGs
[2022-07-11 09:34:16,892] {logging_mixin.py:115} INFO - [2022-07-11 09:34:16,892] {dag.py:2931} INFO - Setting next_dagrun for example_complex to None, run_after=None
[2022-07-11 09:34:16,905] {processor.py:161} INFO - Processing /home/airflow/.local/lib/python3.7/site-packages/airflow/example_dags/example_complex.py took 0.096 seconds
[2022-07-11 09:34:47,001] {processor.py:153} INFO - Started process (PID=2526) to work on /home/airflow/.local/lib/python3.7/site-packages/airflow/example_dags/example_complex.py
[2022-07-11 09:34:47,003] {processor.py:641} INFO - Processing file /home/airflow/.local/lib/python3.7/site-packages/airflow/example_dags/example_complex.py for tasks to queue
[2022-07-11 09:34:47,004] {logging_mixin.py:115} INFO - [2022-07-11 09:34:47,004] {dagbag.py:507} INFO - Filling up the DagBag from /home/airflow/.local/lib/python3.7/site-packages/airflow/example_dags/example_complex.py
[2022-07-11 09:34:47,018] {processor.py:651} INFO - DAG(s) dict_keys(['example_complex']) retrieved from /home/airflow/.local/lib/python3.7/site-packages/airflow/example_dags/example_complex.py
[2022-07-11 09:34:47,057] {logging_mixin.py:115} INFO - [2022-07-11 09:34:47,057] {dag.py:2379} INFO - Sync 1 DAGs
[2022-07-11 09:34:47,072] {logging_mixin.py:115} INFO - [2022-07-11 09:34:47,072] {dag.py:2931} INFO - Setting next_dagrun for example_complex to None, run_after=None
[2022-07-11 09:34:47,112] {processor.py:161} INFO - Processing /home/airflow/.local/lib/python3.7/site-packages/airflow/example_dags/example_complex.py took 0.114 seconds
[2022-07-11 09:35:17,691] {processor.py:153} INFO - Started process (PID=2591) to work on /home/airflow/.local/lib/python3.7/site-packages/airflow/example_dags/example_complex.py
[2022-07-11 09:35:17,695] {processor.py:641} INFO - Processing file /home/airflow/.local/lib/python3.7/site-packages/airflow/example_dags/example_complex.py for tasks to queue
[2022-07-11 09:35:17,697] {logging_mixin.py:115} INFO - [2022-07-11 09:35:17,697] {dagbag.py:507} INFO - Filling up the DagBag from /home/airflow/.local/lib/python3.7/site-packages/airflow/example_dags/example_complex.py
[2022-07-11 09:35:17,707] {processor.py:651} INFO - DAG(s) dict_keys(['example_complex']) retrieved from /home/airflow/.local/lib/python3.7/site-packages/airflow/example_dags/example_complex.py
[2022-07-11 09:35:17,731] {logging_mixin.py:115} INFO - [2022-07-11 09:35:17,731] {dag.py:2379} INFO - Sync 1 DAGs
[2022-07-11 09:35:17,744] {logging_mixin.py:115} INFO - [2022-07-11 09:35:17,744] {dag.py:2931} INFO - Setting next_dagrun for example_complex to None, run_after=None
[2022-07-11 09:35:17,756] {processor.py:161} INFO - Processing /home/airflow/.local/lib/python3.7/site-packages/airflow/example_dags/example_complex.py took 0.068 seconds
[2022-07-11 09:35:48,904] {processor.py:153} INFO - Started process (PID=2654) to work on /home/airflow/.local/lib/python3.7/site-packages/airflow/example_dags/example_complex.py
[2022-07-11 09:35:48,909] {processor.py:641} INFO - Processing file /home/airflow/.local/lib/python3.7/site-packages/airflow/example_dags/example_complex.py for tasks to queue
[2022-07-11 09:35:48,913] {logging_mixin.py:115} INFO - [2022-07-11 09:35:48,913] {dagbag.py:507} INFO - Filling up the DagBag from /home/airflow/.local/lib/python3.7/site-packages/airflow/example_dags/example_complex.py
[2022-07-11 09:35:48,931] {processor.py:651} INFO - DAG(s) dict_keys(['example_complex']) retrieved from /home/airflow/.local/lib/python3.7/site-packages/airflow/example_dags/example_complex.py
[2022-07-11 09:35:48,987] {logging_mixin.py:115} INFO - [2022-07-11 09:35:48,987] {dag.py:2379} INFO - Sync 1 DAGs
[2022-07-11 09:35:49,024] {logging_mixin.py:115} INFO - [2022-07-11 09:35:49,024] {dag.py:2931} INFO - Setting next_dagrun for example_complex to None, run_after=None
[2022-07-11 09:35:49,040] {processor.py:161} INFO - Processing /home/airflow/.local/lib/python3.7/site-packages/airflow/example_dags/example_complex.py took 0.137 seconds
[2022-07-11 09:36:19,449] {processor.py:153} INFO - Started process (PID=2709) to work on /home/airflow/.local/lib/python3.7/site-packages/airflow/example_dags/example_complex.py
[2022-07-11 09:36:19,451] {processor.py:641} INFO - Processing file /home/airflow/.local/lib/python3.7/site-packages/airflow/example_dags/example_complex.py for tasks to queue
[2022-07-11 09:36:19,453] {logging_mixin.py:115} INFO - [2022-07-11 09:36:19,453] {dagbag.py:507} INFO - Filling up the DagBag from /home/airflow/.local/lib/python3.7/site-packages/airflow/example_dags/example_complex.py
[2022-07-11 09:36:19,463] {processor.py:651} INFO - DAG(s) dict_keys(['example_complex']) retrieved from /home/airflow/.local/lib/python3.7/site-packages/airflow/example_dags/example_complex.py
[2022-07-11 09:36:19,481] {logging_mixin.py:115} INFO - [2022-07-11 09:36:19,481] {dag.py:2379} INFO - Sync 1 DAGs
[2022-07-11 09:36:19,497] {logging_mixin.py:115} INFO - [2022-07-11 09:36:19,497] {dag.py:2931} INFO - Setting next_dagrun for example_complex to None, run_after=None
[2022-07-11 09:36:19,515] {processor.py:161} INFO - Processing /home/airflow/.local/lib/python3.7/site-packages/airflow/example_dags/example_complex.py took 0.069 seconds
[2022-07-11 09:36:49,817] {processor.py:153} INFO - Started process (PID=2774) to work on /home/airflow/.local/lib/python3.7/site-packages/airflow/example_dags/example_complex.py
[2022-07-11 09:36:49,818] {processor.py:641} INFO - Processing file /home/airflow/.local/lib/python3.7/site-packages/airflow/example_dags/example_complex.py for tasks to queue
[2022-07-11 09:36:49,821] {logging_mixin.py:115} INFO - [2022-07-11 09:36:49,821] {dagbag.py:507} INFO - Filling up the DagBag from /home/airflow/.local/lib/python3.7/site-packages/airflow/example_dags/example_complex.py
[2022-07-11 09:36:49,829] {processor.py:651} INFO - DAG(s) dict_keys(['example_complex']) retrieved from /home/airflow/.local/lib/python3.7/site-packages/airflow/example_dags/example_complex.py
[2022-07-11 09:36:49,874] {logging_mixin.py:115} INFO - [2022-07-11 09:36:49,874] {dag.py:2379} INFO - Sync 1 DAGs
[2022-07-11 09:36:49,890] {logging_mixin.py:115} INFO - [2022-07-11 09:36:49,890] {dag.py:2931} INFO - Setting next_dagrun for example_complex to None, run_after=None
[2022-07-11 09:36:49,908] {processor.py:161} INFO - Processing /home/airflow/.local/lib/python3.7/site-packages/airflow/example_dags/example_complex.py took 0.093 seconds
[2022-07-11 09:37:20,406] {processor.py:153} INFO - Started process (PID=2839) to work on /home/airflow/.local/lib/python3.7/site-packages/airflow/example_dags/example_complex.py
[2022-07-11 09:37:20,407] {processor.py:641} INFO - Processing file /home/airflow/.local/lib/python3.7/site-packages/airflow/example_dags/example_complex.py for tasks to queue
[2022-07-11 09:37:20,409] {logging_mixin.py:115} INFO - [2022-07-11 09:37:20,408] {dagbag.py:507} INFO - Filling up the DagBag from /home/airflow/.local/lib/python3.7/site-packages/airflow/example_dags/example_complex.py
[2022-07-11 09:37:20,417] {processor.py:651} INFO - DAG(s) dict_keys(['example_complex']) retrieved from /home/airflow/.local/lib/python3.7/site-packages/airflow/example_dags/example_complex.py
[2022-07-11 09:37:20,441] {logging_mixin.py:115} INFO - [2022-07-11 09:37:20,441] {dag.py:2379} INFO - Sync 1 DAGs
[2022-07-11 09:37:20,466] {logging_mixin.py:115} INFO - [2022-07-11 09:37:20,466] {dag.py:2931} INFO - Setting next_dagrun for example_complex to None, run_after=None
[2022-07-11 09:37:20,482] {processor.py:161} INFO - Processing /home/airflow/.local/lib/python3.7/site-packages/airflow/example_dags/example_complex.py took 0.078 seconds
[2022-07-11 09:37:50,904] {processor.py:153} INFO - Started process (PID=2905) to work on /home/airflow/.local/lib/python3.7/site-packages/airflow/example_dags/example_complex.py
[2022-07-11 09:37:50,913] {processor.py:641} INFO - Processing file /home/airflow/.local/lib/python3.7/site-packages/airflow/example_dags/example_complex.py for tasks to queue
[2022-07-11 09:37:50,914] {logging_mixin.py:115} INFO - [2022-07-11 09:37:50,914] {dagbag.py:507} INFO - Filling up the DagBag from /home/airflow/.local/lib/python3.7/site-packages/airflow/example_dags/example_complex.py
[2022-07-11 09:37:50,925] {processor.py:651} INFO - DAG(s) dict_keys(['example_complex']) retrieved from /home/airflow/.local/lib/python3.7/site-packages/airflow/example_dags/example_complex.py
[2022-07-11 09:37:50,973] {logging_mixin.py:115} INFO - [2022-07-11 09:37:50,972] {dag.py:2379} INFO - Sync 1 DAGs
[2022-07-11 09:37:50,996] {logging_mixin.py:115} INFO - [2022-07-11 09:37:50,996] {dag.py:2931} INFO - Setting next_dagrun for example_complex to None, run_after=None
[2022-07-11 09:37:51,015] {processor.py:161} INFO - Processing /home/airflow/.local/lib/python3.7/site-packages/airflow/example_dags/example_complex.py took 0.113 seconds
[2022-07-11 09:38:21,469] {processor.py:153} INFO - Started process (PID=2969) to work on /home/airflow/.local/lib/python3.7/site-packages/airflow/example_dags/example_complex.py
[2022-07-11 09:38:21,470] {processor.py:641} INFO - Processing file /home/airflow/.local/lib/python3.7/site-packages/airflow/example_dags/example_complex.py for tasks to queue
[2022-07-11 09:38:21,472] {logging_mixin.py:115} INFO - [2022-07-11 09:38:21,471] {dagbag.py:507} INFO - Filling up the DagBag from /home/airflow/.local/lib/python3.7/site-packages/airflow/example_dags/example_complex.py
[2022-07-11 09:38:21,481] {processor.py:651} INFO - DAG(s) dict_keys(['example_complex']) retrieved from /home/airflow/.local/lib/python3.7/site-packages/airflow/example_dags/example_complex.py
[2022-07-11 09:38:21,501] {logging_mixin.py:115} INFO - [2022-07-11 09:38:21,501] {dag.py:2379} INFO - Sync 1 DAGs
[2022-07-11 09:38:21,519] {logging_mixin.py:115} INFO - [2022-07-11 09:38:21,519] {dag.py:2931} INFO - Setting next_dagrun for example_complex to None, run_after=None
[2022-07-11 09:38:21,527] {processor.py:161} INFO - Processing /home/airflow/.local/lib/python3.7/site-packages/airflow/example_dags/example_complex.py took 0.060 seconds
[2022-07-11 09:38:51,851] {processor.py:153} INFO - Started process (PID=3023) to work on /home/airflow/.local/lib/python3.7/site-packages/airflow/example_dags/example_complex.py
[2022-07-11 09:38:51,853] {processor.py:641} INFO - Processing file /home/airflow/.local/lib/python3.7/site-packages/airflow/example_dags/example_complex.py for tasks to queue
[2022-07-11 09:38:51,854] {logging_mixin.py:115} INFO - [2022-07-11 09:38:51,854] {dagbag.py:507} INFO - Filling up the DagBag from /home/airflow/.local/lib/python3.7/site-packages/airflow/example_dags/example_complex.py
[2022-07-11 09:38:51,864] {processor.py:651} INFO - DAG(s) dict_keys(['example_complex']) retrieved from /home/airflow/.local/lib/python3.7/site-packages/airflow/example_dags/example_complex.py
[2022-07-11 09:38:51,887] {logging_mixin.py:115} INFO - [2022-07-11 09:38:51,887] {dag.py:2379} INFO - Sync 1 DAGs
[2022-07-11 09:38:51,909] {logging_mixin.py:115} INFO - [2022-07-11 09:38:51,909] {dag.py:2931} INFO - Setting next_dagrun for example_complex to None, run_after=None
[2022-07-11 09:38:51,917] {processor.py:161} INFO - Processing /home/airflow/.local/lib/python3.7/site-packages/airflow/example_dags/example_complex.py took 0.068 seconds
[2022-07-11 09:39:22,156] {processor.py:153} INFO - Started process (PID=3087) to work on /home/airflow/.local/lib/python3.7/site-packages/airflow/example_dags/example_complex.py
[2022-07-11 09:39:22,157] {processor.py:641} INFO - Processing file /home/airflow/.local/lib/python3.7/site-packages/airflow/example_dags/example_complex.py for tasks to queue
[2022-07-11 09:39:22,159] {logging_mixin.py:115} INFO - [2022-07-11 09:39:22,159] {dagbag.py:507} INFO - Filling up the DagBag from /home/airflow/.local/lib/python3.7/site-packages/airflow/example_dags/example_complex.py
[2022-07-11 09:39:22,170] {processor.py:651} INFO - DAG(s) dict_keys(['example_complex']) retrieved from /home/airflow/.local/lib/python3.7/site-packages/airflow/example_dags/example_complex.py
[2022-07-11 09:39:22,192] {logging_mixin.py:115} INFO - [2022-07-11 09:39:22,192] {dag.py:2379} INFO - Sync 1 DAGs
[2022-07-11 09:39:22,212] {logging_mixin.py:115} INFO - [2022-07-11 09:39:22,212] {dag.py:2931} INFO - Setting next_dagrun for example_complex to None, run_after=None
[2022-07-11 09:39:22,222] {processor.py:161} INFO - Processing /home/airflow/.local/lib/python3.7/site-packages/airflow/example_dags/example_complex.py took 0.067 seconds
[2022-07-11 09:39:52,606] {processor.py:153} INFO - Started process (PID=3153) to work on /home/airflow/.local/lib/python3.7/site-packages/airflow/example_dags/example_complex.py
[2022-07-11 09:39:52,607] {processor.py:641} INFO - Processing file /home/airflow/.local/lib/python3.7/site-packages/airflow/example_dags/example_complex.py for tasks to queue
[2022-07-11 09:39:52,608] {logging_mixin.py:115} INFO - [2022-07-11 09:39:52,608] {dagbag.py:507} INFO - Filling up the DagBag from /home/airflow/.local/lib/python3.7/site-packages/airflow/example_dags/example_complex.py
[2022-07-11 09:39:52,630] {processor.py:651} INFO - DAG(s) dict_keys(['example_complex']) retrieved from /home/airflow/.local/lib/python3.7/site-packages/airflow/example_dags/example_complex.py
[2022-07-11 09:39:52,652] {logging_mixin.py:115} INFO - [2022-07-11 09:39:52,652] {dag.py:2379} INFO - Sync 1 DAGs
[2022-07-11 09:39:52,665] {logging_mixin.py:115} INFO - [2022-07-11 09:39:52,665] {dag.py:2931} INFO - Setting next_dagrun for example_complex to None, run_after=None
[2022-07-11 09:39:52,674] {processor.py:161} INFO - Processing /home/airflow/.local/lib/python3.7/site-packages/airflow/example_dags/example_complex.py took 0.076 seconds
[2022-07-11 09:40:22,815] {processor.py:153} INFO - Started process (PID=3217) to work on /home/airflow/.local/lib/python3.7/site-packages/airflow/example_dags/example_complex.py
[2022-07-11 09:40:22,817] {processor.py:641} INFO - Processing file /home/airflow/.local/lib/python3.7/site-packages/airflow/example_dags/example_complex.py for tasks to queue
[2022-07-11 09:40:22,819] {logging_mixin.py:115} INFO - [2022-07-11 09:40:22,819] {dagbag.py:507} INFO - Filling up the DagBag from /home/airflow/.local/lib/python3.7/site-packages/airflow/example_dags/example_complex.py
[2022-07-11 09:40:22,832] {processor.py:651} INFO - DAG(s) dict_keys(['example_complex']) retrieved from /home/airflow/.local/lib/python3.7/site-packages/airflow/example_dags/example_complex.py
[2022-07-11 09:40:22,857] {logging_mixin.py:115} INFO - [2022-07-11 09:40:22,857] {dag.py:2379} INFO - Sync 1 DAGs
[2022-07-11 09:40:22,872] {logging_mixin.py:115} INFO - [2022-07-11 09:40:22,872] {dag.py:2931} INFO - Setting next_dagrun for example_complex to None, run_after=None
[2022-07-11 09:40:22,891] {processor.py:161} INFO - Processing /home/airflow/.local/lib/python3.7/site-packages/airflow/example_dags/example_complex.py took 0.080 seconds
[2022-07-11 09:40:53,820] {processor.py:153} INFO - Started process (PID=3280) to work on /home/airflow/.local/lib/python3.7/site-packages/airflow/example_dags/example_complex.py
[2022-07-11 09:40:53,822] {processor.py:641} INFO - Processing file /home/airflow/.local/lib/python3.7/site-packages/airflow/example_dags/example_complex.py for tasks to queue
[2022-07-11 09:40:53,823] {logging_mixin.py:115} INFO - [2022-07-11 09:40:53,823] {dagbag.py:507} INFO - Filling up the DagBag from /home/airflow/.local/lib/python3.7/site-packages/airflow/example_dags/example_complex.py
[2022-07-11 09:40:53,832] {processor.py:651} INFO - DAG(s) dict_keys(['example_complex']) retrieved from /home/airflow/.local/lib/python3.7/site-packages/airflow/example_dags/example_complex.py
[2022-07-11 09:40:53,853] {logging_mixin.py:115} INFO - [2022-07-11 09:40:53,853] {dag.py:2379} INFO - Sync 1 DAGs
[2022-07-11 09:40:53,872] {logging_mixin.py:115} INFO - [2022-07-11 09:40:53,872] {dag.py:2931} INFO - Setting next_dagrun for example_complex to None, run_after=None
[2022-07-11 09:40:53,888] {processor.py:161} INFO - Processing /home/airflow/.local/lib/python3.7/site-packages/airflow/example_dags/example_complex.py took 0.070 seconds
[2022-07-11 09:41:23,985] {processor.py:153} INFO - Started process (PID=3336) to work on /home/airflow/.local/lib/python3.7/site-packages/airflow/example_dags/example_complex.py
[2022-07-11 09:41:23,986] {processor.py:641} INFO - Processing file /home/airflow/.local/lib/python3.7/site-packages/airflow/example_dags/example_complex.py for tasks to queue
[2022-07-11 09:41:23,987] {logging_mixin.py:115} INFO - [2022-07-11 09:41:23,987] {dagbag.py:507} INFO - Filling up the DagBag from /home/airflow/.local/lib/python3.7/site-packages/airflow/example_dags/example_complex.py
[2022-07-11 09:41:23,996] {processor.py:651} INFO - DAG(s) dict_keys(['example_complex']) retrieved from /home/airflow/.local/lib/python3.7/site-packages/airflow/example_dags/example_complex.py
[2022-07-11 09:41:24,015] {logging_mixin.py:115} INFO - [2022-07-11 09:41:24,015] {dag.py:2379} INFO - Sync 1 DAGs
[2022-07-11 09:41:24,030] {logging_mixin.py:115} INFO - [2022-07-11 09:41:24,030] {dag.py:2931} INFO - Setting next_dagrun for example_complex to None, run_after=None
[2022-07-11 09:41:24,037] {processor.py:161} INFO - Processing /home/airflow/.local/lib/python3.7/site-packages/airflow/example_dags/example_complex.py took 0.054 seconds
[2022-07-11 09:41:55,088] {processor.py:153} INFO - Started process (PID=3400) to work on /home/airflow/.local/lib/python3.7/site-packages/airflow/example_dags/example_complex.py
[2022-07-11 09:41:55,090] {processor.py:641} INFO - Processing file /home/airflow/.local/lib/python3.7/site-packages/airflow/example_dags/example_complex.py for tasks to queue
[2022-07-11 09:41:55,091] {logging_mixin.py:115} INFO - [2022-07-11 09:41:55,091] {dagbag.py:507} INFO - Filling up the DagBag from /home/airflow/.local/lib/python3.7/site-packages/airflow/example_dags/example_complex.py
[2022-07-11 09:41:55,106] {processor.py:651} INFO - DAG(s) dict_keys(['example_complex']) retrieved from /home/airflow/.local/lib/python3.7/site-packages/airflow/example_dags/example_complex.py
[2022-07-11 09:41:55,138] {logging_mixin.py:115} INFO - [2022-07-11 09:41:55,138] {dag.py:2379} INFO - Sync 1 DAGs
[2022-07-11 09:41:55,169] {logging_mixin.py:115} INFO - [2022-07-11 09:41:55,169] {dag.py:2931} INFO - Setting next_dagrun for example_complex to None, run_after=None
[2022-07-11 09:41:55,178] {processor.py:161} INFO - Processing /home/airflow/.local/lib/python3.7/site-packages/airflow/example_dags/example_complex.py took 0.092 seconds
[2022-07-11 09:42:25,714] {processor.py:153} INFO - Started process (PID=3465) to work on /home/airflow/.local/lib/python3.7/site-packages/airflow/example_dags/example_complex.py
[2022-07-11 09:42:25,715] {processor.py:641} INFO - Processing file /home/airflow/.local/lib/python3.7/site-packages/airflow/example_dags/example_complex.py for tasks to queue
[2022-07-11 09:42:25,717] {logging_mixin.py:115} INFO - [2022-07-11 09:42:25,717] {dagbag.py:507} INFO - Filling up the DagBag from /home/airflow/.local/lib/python3.7/site-packages/airflow/example_dags/example_complex.py
[2022-07-11 09:42:25,725] {processor.py:651} INFO - DAG(s) dict_keys(['example_complex']) retrieved from /home/airflow/.local/lib/python3.7/site-packages/airflow/example_dags/example_complex.py
[2022-07-11 09:42:25,744] {logging_mixin.py:115} INFO - [2022-07-11 09:42:25,743] {dag.py:2379} INFO - Sync 1 DAGs
[2022-07-11 09:42:25,757] {logging_mixin.py:115} INFO - [2022-07-11 09:42:25,757] {dag.py:2931} INFO - Setting next_dagrun for example_complex to None, run_after=None
[2022-07-11 09:42:25,766] {processor.py:161} INFO - Processing /home/airflow/.local/lib/python3.7/site-packages/airflow/example_dags/example_complex.py took 0.054 seconds
[2022-07-11 09:42:56,787] {processor.py:153} INFO - Started process (PID=3530) to work on /home/airflow/.local/lib/python3.7/site-packages/airflow/example_dags/example_complex.py
[2022-07-11 09:42:56,788] {processor.py:641} INFO - Processing file /home/airflow/.local/lib/python3.7/site-packages/airflow/example_dags/example_complex.py for tasks to queue
[2022-07-11 09:42:56,790] {logging_mixin.py:115} INFO - [2022-07-11 09:42:56,790] {dagbag.py:507} INFO - Filling up the DagBag from /home/airflow/.local/lib/python3.7/site-packages/airflow/example_dags/example_complex.py
[2022-07-11 09:42:56,800] {processor.py:651} INFO - DAG(s) dict_keys(['example_complex']) retrieved from /home/airflow/.local/lib/python3.7/site-packages/airflow/example_dags/example_complex.py
[2022-07-11 09:42:56,820] {logging_mixin.py:115} INFO - [2022-07-11 09:42:56,820] {dag.py:2379} INFO - Sync 1 DAGs
[2022-07-11 09:42:56,847] {logging_mixin.py:115} INFO - [2022-07-11 09:42:56,847] {dag.py:2931} INFO - Setting next_dagrun for example_complex to None, run_after=None
[2022-07-11 09:42:56,857] {processor.py:161} INFO - Processing /home/airflow/.local/lib/python3.7/site-packages/airflow/example_dags/example_complex.py took 0.073 seconds
[2022-07-11 09:43:27,011] {processor.py:153} INFO - Started process (PID=3595) to work on /home/airflow/.local/lib/python3.7/site-packages/airflow/example_dags/example_complex.py
[2022-07-11 09:43:27,015] {processor.py:641} INFO - Processing file /home/airflow/.local/lib/python3.7/site-packages/airflow/example_dags/example_complex.py for tasks to queue
[2022-07-11 09:43:27,018] {logging_mixin.py:115} INFO - [2022-07-11 09:43:27,018] {dagbag.py:507} INFO - Filling up the DagBag from /home/airflow/.local/lib/python3.7/site-packages/airflow/example_dags/example_complex.py
[2022-07-11 09:43:27,027] {processor.py:651} INFO - DAG(s) dict_keys(['example_complex']) retrieved from /home/airflow/.local/lib/python3.7/site-packages/airflow/example_dags/example_complex.py
[2022-07-11 09:43:27,059] {logging_mixin.py:115} INFO - [2022-07-11 09:43:27,059] {dag.py:2379} INFO - Sync 1 DAGs
[2022-07-11 09:43:27,073] {logging_mixin.py:115} INFO - [2022-07-11 09:43:27,073] {dag.py:2931} INFO - Setting next_dagrun for example_complex to None, run_after=None
[2022-07-11 09:43:27,083] {processor.py:161} INFO - Processing /home/airflow/.local/lib/python3.7/site-packages/airflow/example_dags/example_complex.py took 0.075 seconds
[2022-07-11 09:43:58,251] {processor.py:153} INFO - Started process (PID=3660) to work on /home/airflow/.local/lib/python3.7/site-packages/airflow/example_dags/example_complex.py
[2022-07-11 09:43:58,253] {processor.py:641} INFO - Processing file /home/airflow/.local/lib/python3.7/site-packages/airflow/example_dags/example_complex.py for tasks to queue
[2022-07-11 09:43:58,255] {logging_mixin.py:115} INFO - [2022-07-11 09:43:58,255] {dagbag.py:507} INFO - Filling up the DagBag from /home/airflow/.local/lib/python3.7/site-packages/airflow/example_dags/example_complex.py
[2022-07-11 09:43:58,264] {processor.py:651} INFO - DAG(s) dict_keys(['example_complex']) retrieved from /home/airflow/.local/lib/python3.7/site-packages/airflow/example_dags/example_complex.py
[2022-07-11 09:43:58,302] {logging_mixin.py:115} INFO - [2022-07-11 09:43:58,302] {dag.py:2379} INFO - Sync 1 DAGs
[2022-07-11 09:43:58,332] {logging_mixin.py:115} INFO - [2022-07-11 09:43:58,332] {dag.py:2931} INFO - Setting next_dagrun for example_complex to None, run_after=None
[2022-07-11 09:43:58,343] {processor.py:161} INFO - Processing /home/airflow/.local/lib/python3.7/site-packages/airflow/example_dags/example_complex.py took 0.095 seconds
[2022-07-11 09:44:28,906] {processor.py:153} INFO - Started process (PID=3720) to work on /home/airflow/.local/lib/python3.7/site-packages/airflow/example_dags/example_complex.py
[2022-07-11 09:44:28,907] {processor.py:641} INFO - Processing file /home/airflow/.local/lib/python3.7/site-packages/airflow/example_dags/example_complex.py for tasks to queue
[2022-07-11 09:44:28,909] {logging_mixin.py:115} INFO - [2022-07-11 09:44:28,909] {dagbag.py:507} INFO - Filling up the DagBag from /home/airflow/.local/lib/python3.7/site-packages/airflow/example_dags/example_complex.py
[2022-07-11 09:44:28,932] {processor.py:651} INFO - DAG(s) dict_keys(['example_complex']) retrieved from /home/airflow/.local/lib/python3.7/site-packages/airflow/example_dags/example_complex.py
[2022-07-11 09:44:29,002] {logging_mixin.py:115} INFO - [2022-07-11 09:44:29,002] {dag.py:2379} INFO - Sync 1 DAGs
[2022-07-11 09:44:29,033] {logging_mixin.py:115} INFO - [2022-07-11 09:44:29,033] {dag.py:2931} INFO - Setting next_dagrun for example_complex to None, run_after=None
[2022-07-11 09:44:29,051] {processor.py:161} INFO - Processing /home/airflow/.local/lib/python3.7/site-packages/airflow/example_dags/example_complex.py took 0.148 seconds
[2022-07-11 09:44:59,661] {processor.py:153} INFO - Started process (PID=3781) to work on /home/airflow/.local/lib/python3.7/site-packages/airflow/example_dags/example_complex.py
[2022-07-11 09:44:59,664] {processor.py:641} INFO - Processing file /home/airflow/.local/lib/python3.7/site-packages/airflow/example_dags/example_complex.py for tasks to queue
[2022-07-11 09:44:59,665] {logging_mixin.py:115} INFO - [2022-07-11 09:44:59,665] {dagbag.py:507} INFO - Filling up the DagBag from /home/airflow/.local/lib/python3.7/site-packages/airflow/example_dags/example_complex.py
[2022-07-11 09:44:59,695] {processor.py:651} INFO - DAG(s) dict_keys(['example_complex']) retrieved from /home/airflow/.local/lib/python3.7/site-packages/airflow/example_dags/example_complex.py
[2022-07-11 09:44:59,751] {logging_mixin.py:115} INFO - [2022-07-11 09:44:59,750] {dag.py:2379} INFO - Sync 1 DAGs
[2022-07-11 09:44:59,770] {logging_mixin.py:115} INFO - [2022-07-11 09:44:59,770] {dag.py:2931} INFO - Setting next_dagrun for example_complex to None, run_after=None
[2022-07-11 09:44:59,784] {processor.py:161} INFO - Processing /home/airflow/.local/lib/python3.7/site-packages/airflow/example_dags/example_complex.py took 0.125 seconds
[2022-07-11 09:45:30,037] {processor.py:153} INFO - Started process (PID=3845) to work on /home/airflow/.local/lib/python3.7/site-packages/airflow/example_dags/example_complex.py
[2022-07-11 09:45:30,041] {processor.py:641} INFO - Processing file /home/airflow/.local/lib/python3.7/site-packages/airflow/example_dags/example_complex.py for tasks to queue
[2022-07-11 09:45:30,042] {logging_mixin.py:115} INFO - [2022-07-11 09:45:30,042] {dagbag.py:507} INFO - Filling up the DagBag from /home/airflow/.local/lib/python3.7/site-packages/airflow/example_dags/example_complex.py
[2022-07-11 09:45:30,056] {processor.py:651} INFO - DAG(s) dict_keys(['example_complex']) retrieved from /home/airflow/.local/lib/python3.7/site-packages/airflow/example_dags/example_complex.py
[2022-07-11 09:45:30,085] {logging_mixin.py:115} INFO - [2022-07-11 09:45:30,085] {dag.py:2379} INFO - Sync 1 DAGs
[2022-07-11 09:45:30,112] {logging_mixin.py:115} INFO - [2022-07-11 09:45:30,112] {dag.py:2931} INFO - Setting next_dagrun for example_complex to None, run_after=None
[2022-07-11 09:45:30,130] {processor.py:161} INFO - Processing /home/airflow/.local/lib/python3.7/site-packages/airflow/example_dags/example_complex.py took 0.096 seconds
[2022-07-11 09:46:00,557] {processor.py:153} INFO - Started process (PID=3910) to work on /home/airflow/.local/lib/python3.7/site-packages/airflow/example_dags/example_complex.py
[2022-07-11 09:46:00,558] {processor.py:641} INFO - Processing file /home/airflow/.local/lib/python3.7/site-packages/airflow/example_dags/example_complex.py for tasks to queue
[2022-07-11 09:46:00,560] {logging_mixin.py:115} INFO - [2022-07-11 09:46:00,560] {dagbag.py:507} INFO - Filling up the DagBag from /home/airflow/.local/lib/python3.7/site-packages/airflow/example_dags/example_complex.py
[2022-07-11 09:46:00,570] {processor.py:651} INFO - DAG(s) dict_keys(['example_complex']) retrieved from /home/airflow/.local/lib/python3.7/site-packages/airflow/example_dags/example_complex.py
[2022-07-11 09:46:00,602] {logging_mixin.py:115} INFO - [2022-07-11 09:46:00,602] {dag.py:2379} INFO - Sync 1 DAGs
[2022-07-11 09:46:00,616] {logging_mixin.py:115} INFO - [2022-07-11 09:46:00,616] {dag.py:2931} INFO - Setting next_dagrun for example_complex to None, run_after=None
[2022-07-11 09:46:00,626] {processor.py:161} INFO - Processing /home/airflow/.local/lib/python3.7/site-packages/airflow/example_dags/example_complex.py took 0.071 seconds
[2022-07-11 09:46:31,444] {processor.py:153} INFO - Started process (PID=3975) to work on /home/airflow/.local/lib/python3.7/site-packages/airflow/example_dags/example_complex.py
[2022-07-11 09:46:31,446] {processor.py:641} INFO - Processing file /home/airflow/.local/lib/python3.7/site-packages/airflow/example_dags/example_complex.py for tasks to queue
[2022-07-11 09:46:31,447] {logging_mixin.py:115} INFO - [2022-07-11 09:46:31,447] {dagbag.py:507} INFO - Filling up the DagBag from /home/airflow/.local/lib/python3.7/site-packages/airflow/example_dags/example_complex.py
[2022-07-11 09:46:31,461] {processor.py:651} INFO - DAG(s) dict_keys(['example_complex']) retrieved from /home/airflow/.local/lib/python3.7/site-packages/airflow/example_dags/example_complex.py
[2022-07-11 09:46:31,488] {logging_mixin.py:115} INFO - [2022-07-11 09:46:31,488] {dag.py:2379} INFO - Sync 1 DAGs
[2022-07-11 09:46:31,508] {logging_mixin.py:115} INFO - [2022-07-11 09:46:31,508] {dag.py:2931} INFO - Setting next_dagrun for example_complex to None, run_after=None
[2022-07-11 09:46:31,524] {processor.py:161} INFO - Processing /home/airflow/.local/lib/python3.7/site-packages/airflow/example_dags/example_complex.py took 0.083 seconds
[2022-07-11 09:47:02,373] {processor.py:153} INFO - Started process (PID=4038) to work on /home/airflow/.local/lib/python3.7/site-packages/airflow/example_dags/example_complex.py
[2022-07-11 09:47:02,374] {processor.py:641} INFO - Processing file /home/airflow/.local/lib/python3.7/site-packages/airflow/example_dags/example_complex.py for tasks to queue
[2022-07-11 09:47:02,376] {logging_mixin.py:115} INFO - [2022-07-11 09:47:02,376] {dagbag.py:507} INFO - Filling up the DagBag from /home/airflow/.local/lib/python3.7/site-packages/airflow/example_dags/example_complex.py
[2022-07-11 09:47:02,384] {processor.py:651} INFO - DAG(s) dict_keys(['example_complex']) retrieved from /home/airflow/.local/lib/python3.7/site-packages/airflow/example_dags/example_complex.py
[2022-07-11 09:47:02,404] {logging_mixin.py:115} INFO - [2022-07-11 09:47:02,404] {dag.py:2379} INFO - Sync 1 DAGs
[2022-07-11 09:47:02,418] {logging_mixin.py:115} INFO - [2022-07-11 09:47:02,418] {dag.py:2931} INFO - Setting next_dagrun for example_complex to None, run_after=None
[2022-07-11 09:47:02,427] {processor.py:161} INFO - Processing /home/airflow/.local/lib/python3.7/site-packages/airflow/example_dags/example_complex.py took 0.056 seconds
[2022-07-11 09:47:33,642] {processor.py:153} INFO - Started process (PID=4102) to work on /home/airflow/.local/lib/python3.7/site-packages/airflow/example_dags/example_complex.py
[2022-07-11 09:47:33,644] {processor.py:641} INFO - Processing file /home/airflow/.local/lib/python3.7/site-packages/airflow/example_dags/example_complex.py for tasks to queue
[2022-07-11 09:47:33,645] {logging_mixin.py:115} INFO - [2022-07-11 09:47:33,645] {dagbag.py:507} INFO - Filling up the DagBag from /home/airflow/.local/lib/python3.7/site-packages/airflow/example_dags/example_complex.py
[2022-07-11 09:47:33,654] {processor.py:651} INFO - DAG(s) dict_keys(['example_complex']) retrieved from /home/airflow/.local/lib/python3.7/site-packages/airflow/example_dags/example_complex.py
[2022-07-11 09:47:33,692] {logging_mixin.py:115} INFO - [2022-07-11 09:47:33,692] {dag.py:2379} INFO - Sync 1 DAGs
[2022-07-11 09:47:33,727] {logging_mixin.py:115} INFO - [2022-07-11 09:47:33,727] {dag.py:2931} INFO - Setting next_dagrun for example_complex to None, run_after=None
[2022-07-11 09:47:33,737] {processor.py:161} INFO - Processing /home/airflow/.local/lib/python3.7/site-packages/airflow/example_dags/example_complex.py took 0.097 seconds
[2022-07-11 09:48:03,819] {processor.py:153} INFO - Started process (PID=4158) to work on /home/airflow/.local/lib/python3.7/site-packages/airflow/example_dags/example_complex.py
[2022-07-11 09:48:03,820] {processor.py:641} INFO - Processing file /home/airflow/.local/lib/python3.7/site-packages/airflow/example_dags/example_complex.py for tasks to queue
[2022-07-11 09:48:03,822] {logging_mixin.py:115} INFO - [2022-07-11 09:48:03,822] {dagbag.py:507} INFO - Filling up the DagBag from /home/airflow/.local/lib/python3.7/site-packages/airflow/example_dags/example_complex.py
[2022-07-11 09:48:03,831] {processor.py:651} INFO - DAG(s) dict_keys(['example_complex']) retrieved from /home/airflow/.local/lib/python3.7/site-packages/airflow/example_dags/example_complex.py
[2022-07-11 09:48:03,855] {logging_mixin.py:115} INFO - [2022-07-11 09:48:03,855] {dag.py:2379} INFO - Sync 1 DAGs
[2022-07-11 09:48:03,868] {logging_mixin.py:115} INFO - [2022-07-11 09:48:03,868] {dag.py:2931} INFO - Setting next_dagrun for example_complex to None, run_after=None
[2022-07-11 09:48:03,876] {processor.py:161} INFO - Processing /home/airflow/.local/lib/python3.7/site-packages/airflow/example_dags/example_complex.py took 0.059 seconds
