[2022-06-20 22:06:28,708] {taskinstance.py:1159} INFO - Dependencies all met for <TaskInstance: tutorial_request.sample-task manual__2022-06-20T22:06:26.064090+00:00 [queued]>
[2022-06-20 22:06:28,718] {taskinstance.py:1159} INFO - Dependencies all met for <TaskInstance: tutorial_request.sample-task manual__2022-06-20T22:06:26.064090+00:00 [queued]>
[2022-06-20 22:06:28,719] {taskinstance.py:1356} INFO - 
--------------------------------------------------------------------------------
[2022-06-20 22:06:28,720] {taskinstance.py:1357} INFO - Starting attempt 1 of 2
[2022-06-20 22:06:28,721] {taskinstance.py:1358} INFO - 
--------------------------------------------------------------------------------
[2022-06-20 22:06:28,736] {taskinstance.py:1377} INFO - Executing <Task(SenatorsOperator): sample-task> on 2022-06-20 22:06:26.064090+00:00
[2022-06-20 22:06:28,741] {standard_task_runner.py:52} INFO - Started process 765 to run task
[2022-06-20 22:06:28,745] {standard_task_runner.py:79} INFO - Running: ['***', 'tasks', 'run', 'tutorial_request', 'sample-task', 'manual__2022-06-20T22:06:26.064090+00:00', '--job-id', '80', '--raw', '--subdir', 'DAGS_FOLDER/hello.py', '--cfg-path', '/tmp/tmpo6swanjh', '--error-file', '/tmp/tmp9t_1u8wr']
[2022-06-20 22:06:28,747] {standard_task_runner.py:80} INFO - Job 80: Subtask sample-task
[2022-06-20 22:06:28,794] {task_command.py:370} INFO - Running <TaskInstance: tutorial_request.sample-task manual__2022-06-20T22:06:26.064090+00:00 [running]> on host 4fac23c61f86
[2022-06-20 22:06:28,843] {taskinstance.py:1571} INFO - Exporting the following env vars:
AIRFLOW_CTX_DAG_EMAIL=***@example.com
AIRFLOW_CTX_DAG_OWNER=***
AIRFLOW_CTX_DAG_ID=tutorial_request
AIRFLOW_CTX_TASK_ID=sample-task
AIRFLOW_CTX_EXECUTION_DATE=2022-06-20T22:06:26.064090+00:00
AIRFLOW_CTX_TRY_NUMBER=1
AIRFLOW_CTX_DAG_RUN_ID=manual__2022-06-20T22:06:26.064090+00:00
[2022-06-20 22:06:29,973] {logging_mixin.py:115} INFO - ['list_palamentar.csv']
[2022-06-20 22:06:29,990] {logging_mixin.py:115} INFO - ATT:  ['list_palamentar.csv']
[2022-06-20 22:06:30,008] {taskinstance.py:1400} INFO - Marking task as SUCCESS. dag_id=tutorial_request, task_id=sample-task, execution_date=20220620T220626, start_date=20220620T220628, end_date=20220620T220630
[2022-06-20 22:06:30,038] {local_task_job.py:156} INFO - Task exited with return code 0
[2022-06-20 22:06:30,062] {local_task_job.py:273} INFO - 1 downstream tasks scheduled from follow-on schedule check
