[2022-11-02 15:57:57,099] {taskinstance.py:1159} INFO - Dependencies all met for <TaskInstance: tutorial_request.bronze_votation_by_senator scheduled__2022-11-01T00:00:00+00:00 [queued]>
[2022-11-02 15:57:57,106] {taskinstance.py:1159} INFO - Dependencies all met for <TaskInstance: tutorial_request.bronze_votation_by_senator scheduled__2022-11-01T00:00:00+00:00 [queued]>
[2022-11-02 15:57:57,108] {taskinstance.py:1356} INFO - 
--------------------------------------------------------------------------------
[2022-11-02 15:57:57,109] {taskinstance.py:1357} INFO - Starting attempt 1 of 2
[2022-11-02 15:57:57,110] {taskinstance.py:1358} INFO - 
--------------------------------------------------------------------------------
[2022-11-02 15:57:57,119] {taskinstance.py:1377} INFO - Executing <Task(HttpSensor): bronze_votation_by_senator> on 2022-11-01 00:00:00+00:00
[2022-11-02 15:57:57,124] {standard_task_runner.py:52} INFO - Started process 2458 to run task
[2022-11-02 15:57:57,128] {standard_task_runner.py:79} INFO - Running: ['***', 'tasks', 'run', 'tutorial_request', 'bronze_votation_by_senator', 'scheduled__2022-11-01T00:00:00+00:00', '--job-id', '9', '--raw', '--subdir', 'DAGS_FOLDER/hello.py', '--cfg-path', '/tmp/tmp87nl1lxu', '--error-file', '/tmp/tmpe9r8enst']
[2022-11-02 15:57:57,129] {standard_task_runner.py:80} INFO - Job 9: Subtask bronze_votation_by_senator
[2022-11-02 15:57:57,191] {task_command.py:370} INFO - Running <TaskInstance: tutorial_request.bronze_votation_by_senator scheduled__2022-11-01T00:00:00+00:00 [running]> on host f1a7bb9214cc
[2022-11-02 15:57:57,280] {taskinstance.py:1571} INFO - Exporting the following env vars:
AIRFLOW_CTX_DAG_EMAIL=***@example.com
AIRFLOW_CTX_DAG_OWNER=***
AIRFLOW_CTX_DAG_ID=tutorial_request
AIRFLOW_CTX_TASK_ID=bronze_votation_by_senator
AIRFLOW_CTX_EXECUTION_DATE=2022-11-01T00:00:00+00:00
AIRFLOW_CTX_TRY_NUMBER=1
AIRFLOW_CTX_DAG_RUN_ID=scheduled__2022-11-01T00:00:00+00:00
[2022-11-02 15:57:57,283] {http.py:97} INFO - Poking: /extract/senators
[2022-11-02 15:57:57,294] {base.py:68} INFO - Using connection ID 'request_lakehouse' for task execution.
[2022-11-02 15:57:57,344] {http.py:129} INFO - Sending 'GET' to url: http://host.docker.internal:80/extract/senators
[2022-11-02 15:57:57,638] {logging_mixin.py:115} INFO - RESPONSE <Response [200]>
[2022-11-02 15:57:57,645] {hello.py:15} INFO - REQUEST SUCCESS
[2022-11-02 15:57:57,651] {base.py:301} INFO - Success criteria met. Exiting.
[2022-11-02 15:57:57,675] {taskinstance.py:1400} INFO - Marking task as SUCCESS. dag_id=tutorial_request, task_id=bronze_votation_by_senator, execution_date=20221101T000000, start_date=20221102T155757, end_date=20221102T155757
[2022-11-02 15:57:57,707] {local_task_job.py:156} INFO - Task exited with return code 0
[2022-11-02 15:57:57,750] {local_task_job.py:273} INFO - 1 downstream tasks scheduled from follow-on schedule check
