[2022-06-14 22:27:25,921] {taskinstance.py:1159} INFO - Dependencies all met for <TaskInstance: tutorial_request.sample-task manual__2022-06-14T22:27:22.834405+00:00 [queued]>
[2022-06-14 22:27:25,939] {taskinstance.py:1159} INFO - Dependencies all met for <TaskInstance: tutorial_request.sample-task manual__2022-06-14T22:27:22.834405+00:00 [queued]>
[2022-06-14 22:27:25,953] {taskinstance.py:1356} INFO - 
--------------------------------------------------------------------------------
[2022-06-14 22:27:25,954] {taskinstance.py:1357} INFO - Starting attempt 1 of 2
[2022-06-14 22:27:25,955] {taskinstance.py:1358} INFO - 
--------------------------------------------------------------------------------
[2022-06-14 22:27:25,996] {taskinstance.py:1377} INFO - Executing <Task(SenatorsOperator): sample-task> on 2022-06-14 22:27:22.834405+00:00
[2022-06-14 22:27:26,003] {standard_task_runner.py:52} INFO - Started process 7676 to run task
[2022-06-14 22:27:26,007] {standard_task_runner.py:79} INFO - Running: ['***', 'tasks', 'run', 'tutorial_request', 'sample-task', 'manual__2022-06-14T22:27:22.834405+00:00', '--job-id', '38', '--raw', '--subdir', 'DAGS_FOLDER/hello.py', '--cfg-path', '/tmp/tmp8mg8do4l', '--error-file', '/tmp/tmp3_nrebrc']
[2022-06-14 22:27:26,017] {standard_task_runner.py:80} INFO - Job 38: Subtask sample-task
[2022-06-14 22:27:26,072] {task_command.py:370} INFO - Running <TaskInstance: tutorial_request.sample-task manual__2022-06-14T22:27:22.834405+00:00 [running]> on host c19de67e094a
[2022-06-14 22:27:26,122] {taskinstance.py:1571} INFO - Exporting the following env vars:
AIRFLOW_CTX_DAG_EMAIL=***@example.com
AIRFLOW_CTX_DAG_OWNER=***
AIRFLOW_CTX_DAG_ID=tutorial_request
AIRFLOW_CTX_TASK_ID=sample-task
AIRFLOW_CTX_EXECUTION_DATE=2022-06-14T22:27:22.834405+00:00
AIRFLOW_CTX_TRY_NUMBER=1
AIRFLOW_CTX_DAG_RUN_ID=manual__2022-06-14T22:27:22.834405+00:00
[2022-06-14 22:27:27,350] {logging_mixin.py:115} INFO - 32256
[2022-06-14 22:27:27,417] {taskinstance.py:1400} INFO - Marking task as SUCCESS. dag_id=tutorial_request, task_id=sample-task, execution_date=20220614T222722, start_date=20220614T222725, end_date=20220614T222727
[2022-06-14 22:27:27,483] {local_task_job.py:156} INFO - Task exited with return code 0
[2022-06-14 22:27:27,548] {local_task_job.py:273} INFO - 0 downstream tasks scheduled from follow-on schedule check
