[2022-07-15 12:53:16,277] {taskinstance.py:1159} INFO - Dependencies all met for <TaskInstance: tutorial_request.ola scheduled__2022-07-14T09:15:10.559320+00:00 [queued]>
[2022-07-15 12:53:16,284] {taskinstance.py:1159} INFO - Dependencies all met for <TaskInstance: tutorial_request.ola scheduled__2022-07-14T09:15:10.559320+00:00 [queued]>
[2022-07-15 12:53:16,286] {taskinstance.py:1356} INFO - 
--------------------------------------------------------------------------------
[2022-07-15 12:53:16,287] {taskinstance.py:1357} INFO - Starting attempt 1 of 2
[2022-07-15 12:53:16,288] {taskinstance.py:1358} INFO - 
--------------------------------------------------------------------------------
[2022-07-15 12:53:16,300] {taskinstance.py:1377} INFO - Executing <Task(Ola): ola> on 2022-07-14 09:15:10.559320+00:00
[2022-07-15 12:53:16,311] {standard_task_runner.py:79} INFO - Running: ['***', 'tasks', 'run', 'tutorial_request', 'ola', 'scheduled__2022-07-14T09:15:10.559320+00:00', '--job-id', '200', '--raw', '--subdir', 'DAGS_FOLDER/hello.py', '--cfg-path', '/tmp/tmpxx9b9y93', '--error-file', '/tmp/tmptmictrnh']
[2022-07-15 12:53:16,315] {standard_task_runner.py:80} INFO - Job 200: Subtask ola
[2022-07-15 12:53:16,309] {standard_task_runner.py:52} INFO - Started process 66 to run task
[2022-07-15 12:53:16,383] {task_command.py:370} INFO - Running <TaskInstance: tutorial_request.ola scheduled__2022-07-14T09:15:10.559320+00:00 [running]> on host 3b9da1961faf
[2022-07-15 12:53:16,447] {taskinstance.py:1571} INFO - Exporting the following env vars:
AIRFLOW_CTX_DAG_EMAIL=***@example.com
AIRFLOW_CTX_DAG_OWNER=***
AIRFLOW_CTX_DAG_ID=tutorial_request
AIRFLOW_CTX_TASK_ID=ola
AIRFLOW_CTX_EXECUTION_DATE=2022-07-14T09:15:10.559320+00:00
AIRFLOW_CTX_TRY_NUMBER=1
AIRFLOW_CTX_DAG_RUN_ID=scheduled__2022-07-14T09:15:10.559320+00:00
[2022-07-15 12:53:27,478] {logging_mixin.py:115} INFO - SPARK SESSION  <pyspark.sql.session.SparkSession object at 0xffff8d932850>
[2022-07-15 12:53:27,785] {taskinstance.py:1400} INFO - Marking task as SUCCESS. dag_id=tutorial_request, task_id=ola, execution_date=20220714T091510, start_date=20220715T125316, end_date=20220715T125327
[2022-07-15 12:53:27,854] {local_task_job.py:156} INFO - Task exited with return code 0
[2022-07-15 12:53:27,880] {local_task_job.py:273} INFO - 0 downstream tasks scheduled from follow-on schedule check
