[2022-09-20 23:41:23,602] {taskinstance.py:1159} INFO - Dependencies all met for <TaskInstance: tutorial_request.bronze_senators manual__2022-09-20T23:41:22.605190+00:00 [queued]>
[2022-09-20 23:41:23,610] {taskinstance.py:1159} INFO - Dependencies all met for <TaskInstance: tutorial_request.bronze_senators manual__2022-09-20T23:41:22.605190+00:00 [queued]>
[2022-09-20 23:41:23,611] {taskinstance.py:1356} INFO - 
--------------------------------------------------------------------------------
[2022-09-20 23:41:23,612] {taskinstance.py:1357} INFO - Starting attempt 1 of 2
[2022-09-20 23:41:23,613] {taskinstance.py:1358} INFO - 
--------------------------------------------------------------------------------
[2022-09-20 23:41:23,622] {taskinstance.py:1377} INFO - Executing <Task(HttpSensor): bronze_senators> on 2022-09-20 23:41:22.605190+00:00
[2022-09-20 23:41:23,627] {standard_task_runner.py:52} INFO - Started process 411 to run task
[2022-09-20 23:41:23,630] {standard_task_runner.py:79} INFO - Running: ['***', 'tasks', 'run', 'tutorial_request', 'bronze_senators', 'manual__2022-09-20T23:41:22.605190+00:00', '--job-id', '142', '--raw', '--subdir', 'DAGS_FOLDER/hello.py', '--cfg-path', '/tmp/tmpvkyb1acs', '--error-file', '/tmp/tmp7jc22aci']
[2022-09-20 23:41:23,631] {standard_task_runner.py:80} INFO - Job 142: Subtask bronze_senators
[2022-09-20 23:41:23,672] {task_command.py:370} INFO - Running <TaskInstance: tutorial_request.bronze_senators manual__2022-09-20T23:41:22.605190+00:00 [running]> on host 6e14261407f3
[2022-09-20 23:41:23,718] {taskinstance.py:1571} INFO - Exporting the following env vars:
AIRFLOW_CTX_DAG_EMAIL=***@example.com
AIRFLOW_CTX_DAG_OWNER=***
AIRFLOW_CTX_DAG_ID=tutorial_request
AIRFLOW_CTX_TASK_ID=bronze_senators
AIRFLOW_CTX_EXECUTION_DATE=2022-09-20T23:41:22.605190+00:00
AIRFLOW_CTX_TRY_NUMBER=1
AIRFLOW_CTX_DAG_RUN_ID=manual__2022-09-20T23:41:22.605190+00:00
[2022-09-20 23:41:23,720] {http.py:97} INFO - Poking: /extract/senators
[2022-09-20 23:41:23,729] {base.py:68} INFO - Using connection ID 'request_lakehouse' for task execution.
[2022-09-20 23:41:23,732] {http.py:129} INFO - Sending 'GET' to url: http://host.docker.internal:5000/extract/senators
[2022-09-20 23:41:24,050] {logging_mixin.py:115} INFO - RESPONSE <Response [200]>
[2022-09-20 23:41:24,052] {hello.py:15} INFO - REQUEST SUCCESS
[2022-09-20 23:41:24,053] {base.py:301} INFO - Success criteria met. Exiting.
[2022-09-20 23:41:24,065] {taskinstance.py:1400} INFO - Marking task as SUCCESS. dag_id=tutorial_request, task_id=bronze_senators, execution_date=20220920T234122, start_date=20220920T234123, end_date=20220920T234124
[2022-09-20 23:41:24,089] {local_task_job.py:156} INFO - Task exited with return code 0
[2022-09-20 23:41:24,128] {local_task_job.py:273} INFO - 1 downstream tasks scheduled from follow-on schedule check
