[2022-07-15 12:53:14,141] {processor.py:153} INFO - Started process (PID=72) to work on /home/airflow/.local/lib/python3.7/site-packages/airflow/example_dags/example_branch_datetime_operator.py
[2022-07-15 12:53:14,145] {processor.py:641} INFO - Processing file /home/airflow/.local/lib/python3.7/site-packages/airflow/example_dags/example_branch_datetime_operator.py for tasks to queue
[2022-07-15 12:53:14,147] {logging_mixin.py:115} INFO - [2022-07-15 12:53:14,147] {dagbag.py:507} INFO - Filling up the DagBag from /home/airflow/.local/lib/python3.7/site-packages/airflow/example_dags/example_branch_datetime_operator.py
[2022-07-15 12:53:14,170] {processor.py:651} INFO - DAG(s) dict_keys(['example_branch_datetime_operator_2']) retrieved from /home/airflow/.local/lib/python3.7/site-packages/airflow/example_dags/example_branch_datetime_operator.py
[2022-07-15 12:53:14,217] {logging_mixin.py:115} INFO - [2022-07-15 12:53:14,217] {dag.py:2379} INFO - Sync 1 DAGs
[2022-07-15 12:53:14,262] {logging_mixin.py:115} INFO - [2022-07-15 12:53:14,262] {dag.py:2931} INFO - Setting next_dagrun for example_branch_datetime_operator_2 to 2022-07-14T00:00:00+00:00, run_after=2022-07-15T00:00:00+00:00
[2022-07-15 12:53:14,307] {processor.py:161} INFO - Processing /home/airflow/.local/lib/python3.7/site-packages/airflow/example_dags/example_branch_datetime_operator.py took 0.178 seconds
[2022-07-15 12:53:44,452] {processor.py:153} INFO - Started process (PID=136) to work on /home/airflow/.local/lib/python3.7/site-packages/airflow/example_dags/example_branch_datetime_operator.py
[2022-07-15 12:53:44,453] {processor.py:641} INFO - Processing file /home/airflow/.local/lib/python3.7/site-packages/airflow/example_dags/example_branch_datetime_operator.py for tasks to queue
[2022-07-15 12:53:44,455] {logging_mixin.py:115} INFO - [2022-07-15 12:53:44,455] {dagbag.py:507} INFO - Filling up the DagBag from /home/airflow/.local/lib/python3.7/site-packages/airflow/example_dags/example_branch_datetime_operator.py
[2022-07-15 12:53:44,475] {processor.py:651} INFO - DAG(s) dict_keys(['example_branch_datetime_operator_2']) retrieved from /home/airflow/.local/lib/python3.7/site-packages/airflow/example_dags/example_branch_datetime_operator.py
[2022-07-15 12:53:44,509] {logging_mixin.py:115} INFO - [2022-07-15 12:53:44,509] {dag.py:2379} INFO - Sync 1 DAGs
[2022-07-15 12:53:44,554] {logging_mixin.py:115} INFO - [2022-07-15 12:53:44,554] {dag.py:2931} INFO - Setting next_dagrun for example_branch_datetime_operator_2 to 2022-07-14T00:00:00+00:00, run_after=2022-07-15T00:00:00+00:00
[2022-07-15 12:53:44,585] {processor.py:161} INFO - Processing /home/airflow/.local/lib/python3.7/site-packages/airflow/example_dags/example_branch_datetime_operator.py took 0.136 seconds
[2022-07-15 12:54:15,772] {processor.py:153} INFO - Started process (PID=192) to work on /home/airflow/.local/lib/python3.7/site-packages/airflow/example_dags/example_branch_datetime_operator.py
[2022-07-15 12:54:15,775] {processor.py:641} INFO - Processing file /home/airflow/.local/lib/python3.7/site-packages/airflow/example_dags/example_branch_datetime_operator.py for tasks to queue
[2022-07-15 12:54:15,777] {logging_mixin.py:115} INFO - [2022-07-15 12:54:15,777] {dagbag.py:507} INFO - Filling up the DagBag from /home/airflow/.local/lib/python3.7/site-packages/airflow/example_dags/example_branch_datetime_operator.py
[2022-07-15 12:54:15,797] {processor.py:651} INFO - DAG(s) dict_keys(['example_branch_datetime_operator_2']) retrieved from /home/airflow/.local/lib/python3.7/site-packages/airflow/example_dags/example_branch_datetime_operator.py
[2022-07-15 12:54:15,835] {logging_mixin.py:115} INFO - [2022-07-15 12:54:15,835] {dag.py:2379} INFO - Sync 1 DAGs
[2022-07-15 12:54:15,867] {logging_mixin.py:115} INFO - [2022-07-15 12:54:15,867] {dag.py:2931} INFO - Setting next_dagrun for example_branch_datetime_operator_2 to 2022-07-14T00:00:00+00:00, run_after=2022-07-15T00:00:00+00:00
[2022-07-15 12:54:15,886] {processor.py:161} INFO - Processing /home/airflow/.local/lib/python3.7/site-packages/airflow/example_dags/example_branch_datetime_operator.py took 0.116 seconds
[2022-07-15 12:54:46,577] {processor.py:153} INFO - Started process (PID=260) to work on /home/airflow/.local/lib/python3.7/site-packages/airflow/example_dags/example_branch_datetime_operator.py
[2022-07-15 12:54:46,578] {processor.py:641} INFO - Processing file /home/airflow/.local/lib/python3.7/site-packages/airflow/example_dags/example_branch_datetime_operator.py for tasks to queue
[2022-07-15 12:54:46,580] {logging_mixin.py:115} INFO - [2022-07-15 12:54:46,580] {dagbag.py:507} INFO - Filling up the DagBag from /home/airflow/.local/lib/python3.7/site-packages/airflow/example_dags/example_branch_datetime_operator.py
[2022-07-15 12:54:46,589] {processor.py:651} INFO - DAG(s) dict_keys(['example_branch_datetime_operator_2']) retrieved from /home/airflow/.local/lib/python3.7/site-packages/airflow/example_dags/example_branch_datetime_operator.py
[2022-07-15 12:54:46,619] {logging_mixin.py:115} INFO - [2022-07-15 12:54:46,619] {dag.py:2379} INFO - Sync 1 DAGs
[2022-07-15 12:54:46,641] {logging_mixin.py:115} INFO - [2022-07-15 12:54:46,641] {dag.py:2931} INFO - Setting next_dagrun for example_branch_datetime_operator_2 to 2022-07-14T00:00:00+00:00, run_after=2022-07-15T00:00:00+00:00
[2022-07-15 12:54:46,653] {processor.py:161} INFO - Processing /home/airflow/.local/lib/python3.7/site-packages/airflow/example_dags/example_branch_datetime_operator.py took 0.079 seconds
[2022-07-15 12:55:17,403] {processor.py:153} INFO - Started process (PID=324) to work on /home/airflow/.local/lib/python3.7/site-packages/airflow/example_dags/example_branch_datetime_operator.py
[2022-07-15 12:55:17,407] {processor.py:641} INFO - Processing file /home/airflow/.local/lib/python3.7/site-packages/airflow/example_dags/example_branch_datetime_operator.py for tasks to queue
[2022-07-15 12:55:17,408] {logging_mixin.py:115} INFO - [2022-07-15 12:55:17,408] {dagbag.py:507} INFO - Filling up the DagBag from /home/airflow/.local/lib/python3.7/site-packages/airflow/example_dags/example_branch_datetime_operator.py
[2022-07-15 12:55:17,418] {processor.py:651} INFO - DAG(s) dict_keys(['example_branch_datetime_operator_2']) retrieved from /home/airflow/.local/lib/python3.7/site-packages/airflow/example_dags/example_branch_datetime_operator.py
[2022-07-15 12:55:17,457] {logging_mixin.py:115} INFO - [2022-07-15 12:55:17,457] {dag.py:2379} INFO - Sync 1 DAGs
[2022-07-15 12:55:17,481] {logging_mixin.py:115} INFO - [2022-07-15 12:55:17,481] {dag.py:2931} INFO - Setting next_dagrun for example_branch_datetime_operator_2 to 2022-07-14T00:00:00+00:00, run_after=2022-07-15T00:00:00+00:00
[2022-07-15 12:55:17,497] {processor.py:161} INFO - Processing /home/airflow/.local/lib/python3.7/site-packages/airflow/example_dags/example_branch_datetime_operator.py took 0.096 seconds
[2022-07-15 12:55:48,164] {processor.py:153} INFO - Started process (PID=381) to work on /home/airflow/.local/lib/python3.7/site-packages/airflow/example_dags/example_branch_datetime_operator.py
[2022-07-15 12:55:48,165] {processor.py:641} INFO - Processing file /home/airflow/.local/lib/python3.7/site-packages/airflow/example_dags/example_branch_datetime_operator.py for tasks to queue
[2022-07-15 12:55:48,167] {logging_mixin.py:115} INFO - [2022-07-15 12:55:48,167] {dagbag.py:507} INFO - Filling up the DagBag from /home/airflow/.local/lib/python3.7/site-packages/airflow/example_dags/example_branch_datetime_operator.py
[2022-07-15 12:55:48,185] {processor.py:651} INFO - DAG(s) dict_keys(['example_branch_datetime_operator_2']) retrieved from /home/airflow/.local/lib/python3.7/site-packages/airflow/example_dags/example_branch_datetime_operator.py
[2022-07-15 12:55:48,217] {logging_mixin.py:115} INFO - [2022-07-15 12:55:48,217] {dag.py:2379} INFO - Sync 1 DAGs
[2022-07-15 12:55:48,238] {logging_mixin.py:115} INFO - [2022-07-15 12:55:48,238] {dag.py:2931} INFO - Setting next_dagrun for example_branch_datetime_operator_2 to 2022-07-14T00:00:00+00:00, run_after=2022-07-15T00:00:00+00:00
[2022-07-15 12:55:48,253] {processor.py:161} INFO - Processing /home/airflow/.local/lib/python3.7/site-packages/airflow/example_dags/example_branch_datetime_operator.py took 0.091 seconds
[2022-07-15 12:56:18,906] {processor.py:153} INFO - Started process (PID=443) to work on /home/airflow/.local/lib/python3.7/site-packages/airflow/example_dags/example_branch_datetime_operator.py
[2022-07-15 12:56:18,907] {processor.py:641} INFO - Processing file /home/airflow/.local/lib/python3.7/site-packages/airflow/example_dags/example_branch_datetime_operator.py for tasks to queue
[2022-07-15 12:56:18,908] {logging_mixin.py:115} INFO - [2022-07-15 12:56:18,908] {dagbag.py:507} INFO - Filling up the DagBag from /home/airflow/.local/lib/python3.7/site-packages/airflow/example_dags/example_branch_datetime_operator.py
[2022-07-15 12:56:18,917] {processor.py:651} INFO - DAG(s) dict_keys(['example_branch_datetime_operator_2']) retrieved from /home/airflow/.local/lib/python3.7/site-packages/airflow/example_dags/example_branch_datetime_operator.py
[2022-07-15 12:56:18,942] {logging_mixin.py:115} INFO - [2022-07-15 12:56:18,942] {dag.py:2379} INFO - Sync 1 DAGs
[2022-07-15 12:56:18,973] {logging_mixin.py:115} INFO - [2022-07-15 12:56:18,973] {dag.py:2931} INFO - Setting next_dagrun for example_branch_datetime_operator_2 to 2022-07-14T00:00:00+00:00, run_after=2022-07-15T00:00:00+00:00
[2022-07-15 12:56:18,983] {processor.py:161} INFO - Processing /home/airflow/.local/lib/python3.7/site-packages/airflow/example_dags/example_branch_datetime_operator.py took 0.080 seconds
[2022-07-15 20:06:28,682] {processor.py:153} INFO - Started process (PID=64) to work on /home/airflow/.local/lib/python3.7/site-packages/airflow/example_dags/example_branch_datetime_operator.py
[2022-07-15 20:06:28,685] {processor.py:641} INFO - Processing file /home/airflow/.local/lib/python3.7/site-packages/airflow/example_dags/example_branch_datetime_operator.py for tasks to queue
[2022-07-15 20:06:28,686] {logging_mixin.py:115} INFO - [2022-07-15 20:06:28,686] {dagbag.py:507} INFO - Filling up the DagBag from /home/airflow/.local/lib/python3.7/site-packages/airflow/example_dags/example_branch_datetime_operator.py
[2022-07-15 20:06:28,694] {processor.py:651} INFO - DAG(s) dict_keys(['example_branch_datetime_operator_2']) retrieved from /home/airflow/.local/lib/python3.7/site-packages/airflow/example_dags/example_branch_datetime_operator.py
[2022-07-15 20:06:28,733] {logging_mixin.py:115} INFO - [2022-07-15 20:06:28,733] {dag.py:2379} INFO - Sync 1 DAGs
[2022-07-15 20:06:28,766] {logging_mixin.py:115} INFO - [2022-07-15 20:06:28,766] {dag.py:2931} INFO - Setting next_dagrun for example_branch_datetime_operator_2 to 2022-07-14T00:00:00+00:00, run_after=2022-07-15T00:00:00+00:00
[2022-07-15 20:06:28,829] {processor.py:161} INFO - Processing /home/airflow/.local/lib/python3.7/site-packages/airflow/example_dags/example_branch_datetime_operator.py took 0.150 seconds
