[2022-07-15 12:53:10,685] {processor.py:153} INFO - Started process (PID=52) to work on /home/airflow/.local/lib/python3.7/site-packages/airflow/example_dags/example_task_group_decorator.py
[2022-07-15 12:53:10,691] {processor.py:641} INFO - Processing file /home/airflow/.local/lib/python3.7/site-packages/airflow/example_dags/example_task_group_decorator.py for tasks to queue
[2022-07-15 12:53:10,695] {logging_mixin.py:115} INFO - [2022-07-15 12:53:10,693] {dagbag.py:507} INFO - Filling up the DagBag from /home/airflow/.local/lib/python3.7/site-packages/airflow/example_dags/example_task_group_decorator.py
[2022-07-15 12:53:10,820] {processor.py:651} INFO - DAG(s) dict_keys(['example_task_group_decorator']) retrieved from /home/airflow/.local/lib/python3.7/site-packages/airflow/example_dags/example_task_group_decorator.py
[2022-07-15 12:53:11,011] {logging_mixin.py:115} INFO - [2022-07-15 12:53:11,011] {dag.py:2379} INFO - Sync 1 DAGs
[2022-07-15 12:53:11,071] {logging_mixin.py:115} INFO - [2022-07-15 12:53:11,070] {dag.py:2931} INFO - Setting next_dagrun for example_task_group_decorator to 2022-07-14T12:53:11.070730+00:00, run_after=2022-07-15T12:53:11.070730+00:00
[2022-07-15 12:53:11,706] {processor.py:161} INFO - Processing /home/airflow/.local/lib/python3.7/site-packages/airflow/example_dags/example_task_group_decorator.py took 1.033 seconds
[2022-07-15 12:53:42,398] {processor.py:153} INFO - Started process (PID=110) to work on /home/airflow/.local/lib/python3.7/site-packages/airflow/example_dags/example_task_group_decorator.py
[2022-07-15 12:53:42,401] {processor.py:641} INFO - Processing file /home/airflow/.local/lib/python3.7/site-packages/airflow/example_dags/example_task_group_decorator.py for tasks to queue
[2022-07-15 12:53:42,402] {logging_mixin.py:115} INFO - [2022-07-15 12:53:42,402] {dagbag.py:507} INFO - Filling up the DagBag from /home/airflow/.local/lib/python3.7/site-packages/airflow/example_dags/example_task_group_decorator.py
[2022-07-15 12:53:42,442] {processor.py:651} INFO - DAG(s) dict_keys(['example_task_group_decorator']) retrieved from /home/airflow/.local/lib/python3.7/site-packages/airflow/example_dags/example_task_group_decorator.py
[2022-07-15 12:53:42,525] {logging_mixin.py:115} INFO - [2022-07-15 12:53:42,525] {dag.py:2379} INFO - Sync 1 DAGs
[2022-07-15 12:53:42,754] {logging_mixin.py:115} INFO - [2022-07-15 12:53:42,754] {dag.py:2931} INFO - Setting next_dagrun for example_task_group_decorator to 2022-07-14T12:53:42.754198+00:00, run_after=2022-07-15T12:53:42.754198+00:00
[2022-07-15 12:53:42,773] {processor.py:161} INFO - Processing /home/airflow/.local/lib/python3.7/site-packages/airflow/example_dags/example_task_group_decorator.py took 0.377 seconds
[2022-07-15 12:54:12,888] {processor.py:153} INFO - Started process (PID=176) to work on /home/airflow/.local/lib/python3.7/site-packages/airflow/example_dags/example_task_group_decorator.py
[2022-07-15 12:54:12,890] {processor.py:641} INFO - Processing file /home/airflow/.local/lib/python3.7/site-packages/airflow/example_dags/example_task_group_decorator.py for tasks to queue
[2022-07-15 12:54:12,892] {logging_mixin.py:115} INFO - [2022-07-15 12:54:12,891] {dagbag.py:507} INFO - Filling up the DagBag from /home/airflow/.local/lib/python3.7/site-packages/airflow/example_dags/example_task_group_decorator.py
[2022-07-15 12:54:12,917] {processor.py:651} INFO - DAG(s) dict_keys(['example_task_group_decorator']) retrieved from /home/airflow/.local/lib/python3.7/site-packages/airflow/example_dags/example_task_group_decorator.py
[2022-07-15 12:54:12,972] {logging_mixin.py:115} INFO - [2022-07-15 12:54:12,972] {dag.py:2379} INFO - Sync 1 DAGs
[2022-07-15 12:54:13,114] {logging_mixin.py:115} INFO - [2022-07-15 12:54:13,114] {dag.py:2931} INFO - Setting next_dagrun for example_task_group_decorator to 2022-07-14T12:54:13.114756+00:00, run_after=2022-07-15T12:54:13.114756+00:00
[2022-07-15 12:54:13,126] {processor.py:161} INFO - Processing /home/airflow/.local/lib/python3.7/site-packages/airflow/example_dags/example_task_group_decorator.py took 0.240 seconds
[2022-07-15 12:54:43,937] {processor.py:153} INFO - Started process (PID=241) to work on /home/airflow/.local/lib/python3.7/site-packages/airflow/example_dags/example_task_group_decorator.py
[2022-07-15 12:54:43,939] {processor.py:641} INFO - Processing file /home/airflow/.local/lib/python3.7/site-packages/airflow/example_dags/example_task_group_decorator.py for tasks to queue
[2022-07-15 12:54:43,941] {logging_mixin.py:115} INFO - [2022-07-15 12:54:43,940] {dagbag.py:507} INFO - Filling up the DagBag from /home/airflow/.local/lib/python3.7/site-packages/airflow/example_dags/example_task_group_decorator.py
[2022-07-15 12:54:43,984] {processor.py:651} INFO - DAG(s) dict_keys(['example_task_group_decorator']) retrieved from /home/airflow/.local/lib/python3.7/site-packages/airflow/example_dags/example_task_group_decorator.py
[2022-07-15 12:54:44,061] {logging_mixin.py:115} INFO - [2022-07-15 12:54:44,061] {dag.py:2379} INFO - Sync 1 DAGs
[2022-07-15 12:54:44,280] {logging_mixin.py:115} INFO - [2022-07-15 12:54:44,279] {dag.py:2931} INFO - Setting next_dagrun for example_task_group_decorator to 2022-07-14T12:54:44.279860+00:00, run_after=2022-07-15T12:54:44.279860+00:00
[2022-07-15 12:54:44,293] {processor.py:161} INFO - Processing /home/airflow/.local/lib/python3.7/site-packages/airflow/example_dags/example_task_group_decorator.py took 0.359 seconds
[2022-07-15 12:55:15,229] {processor.py:153} INFO - Started process (PID=306) to work on /home/airflow/.local/lib/python3.7/site-packages/airflow/example_dags/example_task_group_decorator.py
[2022-07-15 12:55:15,231] {processor.py:641} INFO - Processing file /home/airflow/.local/lib/python3.7/site-packages/airflow/example_dags/example_task_group_decorator.py for tasks to queue
[2022-07-15 12:55:15,233] {logging_mixin.py:115} INFO - [2022-07-15 12:55:15,233] {dagbag.py:507} INFO - Filling up the DagBag from /home/airflow/.local/lib/python3.7/site-packages/airflow/example_dags/example_task_group_decorator.py
[2022-07-15 12:55:15,269] {processor.py:651} INFO - DAG(s) dict_keys(['example_task_group_decorator']) retrieved from /home/airflow/.local/lib/python3.7/site-packages/airflow/example_dags/example_task_group_decorator.py
[2022-07-15 12:55:15,383] {logging_mixin.py:115} INFO - [2022-07-15 12:55:15,383] {dag.py:2379} INFO - Sync 1 DAGs
[2022-07-15 12:55:15,607] {logging_mixin.py:115} INFO - [2022-07-15 12:55:15,607] {dag.py:2931} INFO - Setting next_dagrun for example_task_group_decorator to 2022-07-14T12:55:15.607476+00:00, run_after=2022-07-15T12:55:15.607476+00:00
[2022-07-15 12:55:15,624] {processor.py:161} INFO - Processing /home/airflow/.local/lib/python3.7/site-packages/airflow/example_dags/example_task_group_decorator.py took 0.398 seconds
[2022-07-15 12:55:45,977] {processor.py:153} INFO - Started process (PID=364) to work on /home/airflow/.local/lib/python3.7/site-packages/airflow/example_dags/example_task_group_decorator.py
[2022-07-15 12:55:45,978] {processor.py:641} INFO - Processing file /home/airflow/.local/lib/python3.7/site-packages/airflow/example_dags/example_task_group_decorator.py for tasks to queue
[2022-07-15 12:55:45,979] {logging_mixin.py:115} INFO - [2022-07-15 12:55:45,979] {dagbag.py:507} INFO - Filling up the DagBag from /home/airflow/.local/lib/python3.7/site-packages/airflow/example_dags/example_task_group_decorator.py
[2022-07-15 12:55:46,003] {processor.py:651} INFO - DAG(s) dict_keys(['example_task_group_decorator']) retrieved from /home/airflow/.local/lib/python3.7/site-packages/airflow/example_dags/example_task_group_decorator.py
[2022-07-15 12:55:46,063] {logging_mixin.py:115} INFO - [2022-07-15 12:55:46,063] {dag.py:2379} INFO - Sync 1 DAGs
[2022-07-15 12:55:46,163] {logging_mixin.py:115} INFO - [2022-07-15 12:55:46,163] {dag.py:2931} INFO - Setting next_dagrun for example_task_group_decorator to 2022-07-14T12:55:46.163489+00:00, run_after=2022-07-15T12:55:46.163489+00:00
[2022-07-15 12:55:46,173] {processor.py:161} INFO - Processing /home/airflow/.local/lib/python3.7/site-packages/airflow/example_dags/example_task_group_decorator.py took 0.199 seconds
[2022-07-15 12:56:16,723] {processor.py:153} INFO - Started process (PID=423) to work on /home/airflow/.local/lib/python3.7/site-packages/airflow/example_dags/example_task_group_decorator.py
[2022-07-15 12:56:16,724] {processor.py:641} INFO - Processing file /home/airflow/.local/lib/python3.7/site-packages/airflow/example_dags/example_task_group_decorator.py for tasks to queue
[2022-07-15 12:56:16,725] {logging_mixin.py:115} INFO - [2022-07-15 12:56:16,725] {dagbag.py:507} INFO - Filling up the DagBag from /home/airflow/.local/lib/python3.7/site-packages/airflow/example_dags/example_task_group_decorator.py
[2022-07-15 12:56:16,743] {processor.py:651} INFO - DAG(s) dict_keys(['example_task_group_decorator']) retrieved from /home/airflow/.local/lib/python3.7/site-packages/airflow/example_dags/example_task_group_decorator.py
[2022-07-15 12:56:16,779] {logging_mixin.py:115} INFO - [2022-07-15 12:56:16,779] {dag.py:2379} INFO - Sync 1 DAGs
[2022-07-15 12:56:16,863] {logging_mixin.py:115} INFO - [2022-07-15 12:56:16,863] {dag.py:2931} INFO - Setting next_dagrun for example_task_group_decorator to 2022-07-14T12:56:16.863305+00:00, run_after=2022-07-15T12:56:16.863305+00:00
[2022-07-15 12:56:16,872] {processor.py:161} INFO - Processing /home/airflow/.local/lib/python3.7/site-packages/airflow/example_dags/example_task_group_decorator.py took 0.152 seconds
[2022-07-15 20:06:26,786] {processor.py:153} INFO - Started process (PID=44) to work on /home/airflow/.local/lib/python3.7/site-packages/airflow/example_dags/example_task_group_decorator.py
[2022-07-15 20:06:26,790] {processor.py:641} INFO - Processing file /home/airflow/.local/lib/python3.7/site-packages/airflow/example_dags/example_task_group_decorator.py for tasks to queue
[2022-07-15 20:06:26,794] {logging_mixin.py:115} INFO - [2022-07-15 20:06:26,793] {dagbag.py:507} INFO - Filling up the DagBag from /home/airflow/.local/lib/python3.7/site-packages/airflow/example_dags/example_task_group_decorator.py
[2022-07-15 20:06:26,827] {processor.py:651} INFO - DAG(s) dict_keys(['example_task_group_decorator']) retrieved from /home/airflow/.local/lib/python3.7/site-packages/airflow/example_dags/example_task_group_decorator.py
[2022-07-15 20:06:26,942] {logging_mixin.py:115} INFO - [2022-07-15 20:06:26,942] {dag.py:2379} INFO - Sync 1 DAGs
[2022-07-15 20:06:26,958] {logging_mixin.py:115} INFO - [2022-07-15 20:06:26,958] {dag.py:2931} INFO - Setting next_dagrun for example_task_group_decorator to 2022-07-14T20:06:26.958564+00:00, run_after=2022-07-15T20:06:26.958564+00:00
[2022-07-15 20:06:27,137] {processor.py:161} INFO - Processing /home/airflow/.local/lib/python3.7/site-packages/airflow/example_dags/example_task_group_decorator.py took 0.356 seconds
