[2022-07-15 12:53:12,276] {processor.py:153} INFO - Started process (PID=60) to work on /home/airflow/.local/lib/python3.7/site-packages/airflow/example_dags/example_branch_day_of_week_operator.py
[2022-07-15 12:53:12,279] {processor.py:641} INFO - Processing file /home/airflow/.local/lib/python3.7/site-packages/airflow/example_dags/example_branch_day_of_week_operator.py for tasks to queue
[2022-07-15 12:53:12,281] {logging_mixin.py:115} INFO - [2022-07-15 12:53:12,281] {dagbag.py:507} INFO - Filling up the DagBag from /home/airflow/.local/lib/python3.7/site-packages/airflow/example_dags/example_branch_day_of_week_operator.py
[2022-07-15 12:53:12,294] {processor.py:651} INFO - DAG(s) dict_keys(['example_weekday_branch_operator']) retrieved from /home/airflow/.local/lib/python3.7/site-packages/airflow/example_dags/example_branch_day_of_week_operator.py
[2022-07-15 12:53:12,394] {logging_mixin.py:115} INFO - [2022-07-15 12:53:12,394] {dag.py:2379} INFO - Sync 1 DAGs
[2022-07-15 12:53:12,433] {logging_mixin.py:115} INFO - [2022-07-15 12:53:12,433] {dag.py:2931} INFO - Setting next_dagrun for example_weekday_branch_operator to 2022-07-14T00:00:00+00:00, run_after=2022-07-15T00:00:00+00:00
[2022-07-15 12:53:12,474] {processor.py:161} INFO - Processing /home/airflow/.local/lib/python3.7/site-packages/airflow/example_dags/example_branch_day_of_week_operator.py took 0.201 seconds
[2022-07-15 12:53:43,135] {processor.py:153} INFO - Started process (PID=117) to work on /home/airflow/.local/lib/python3.7/site-packages/airflow/example_dags/example_branch_day_of_week_operator.py
[2022-07-15 12:53:43,137] {processor.py:641} INFO - Processing file /home/airflow/.local/lib/python3.7/site-packages/airflow/example_dags/example_branch_day_of_week_operator.py for tasks to queue
[2022-07-15 12:53:43,138] {logging_mixin.py:115} INFO - [2022-07-15 12:53:43,138] {dagbag.py:507} INFO - Filling up the DagBag from /home/airflow/.local/lib/python3.7/site-packages/airflow/example_dags/example_branch_day_of_week_operator.py
[2022-07-15 12:53:43,152] {processor.py:651} INFO - DAG(s) dict_keys(['example_weekday_branch_operator']) retrieved from /home/airflow/.local/lib/python3.7/site-packages/airflow/example_dags/example_branch_day_of_week_operator.py
[2022-07-15 12:53:43,198] {logging_mixin.py:115} INFO - [2022-07-15 12:53:43,198] {dag.py:2379} INFO - Sync 1 DAGs
[2022-07-15 12:53:43,231] {logging_mixin.py:115} INFO - [2022-07-15 12:53:43,231] {dag.py:2931} INFO - Setting next_dagrun for example_weekday_branch_operator to 2022-07-14T00:00:00+00:00, run_after=2022-07-15T00:00:00+00:00
[2022-07-15 12:53:43,255] {processor.py:161} INFO - Processing /home/airflow/.local/lib/python3.7/site-packages/airflow/example_dags/example_branch_day_of_week_operator.py took 0.125 seconds
[2022-07-15 12:54:13,412] {processor.py:153} INFO - Started process (PID=181) to work on /home/airflow/.local/lib/python3.7/site-packages/airflow/example_dags/example_branch_day_of_week_operator.py
[2022-07-15 12:54:13,425] {processor.py:641} INFO - Processing file /home/airflow/.local/lib/python3.7/site-packages/airflow/example_dags/example_branch_day_of_week_operator.py for tasks to queue
[2022-07-15 12:54:13,427] {logging_mixin.py:115} INFO - [2022-07-15 12:54:13,427] {dagbag.py:507} INFO - Filling up the DagBag from /home/airflow/.local/lib/python3.7/site-packages/airflow/example_dags/example_branch_day_of_week_operator.py
[2022-07-15 12:54:13,437] {processor.py:651} INFO - DAG(s) dict_keys(['example_weekday_branch_operator']) retrieved from /home/airflow/.local/lib/python3.7/site-packages/airflow/example_dags/example_branch_day_of_week_operator.py
[2022-07-15 12:54:13,458] {logging_mixin.py:115} INFO - [2022-07-15 12:54:13,458] {dag.py:2379} INFO - Sync 1 DAGs
[2022-07-15 12:54:13,476] {logging_mixin.py:115} INFO - [2022-07-15 12:54:13,476] {dag.py:2931} INFO - Setting next_dagrun for example_weekday_branch_operator to 2022-07-14T00:00:00+00:00, run_after=2022-07-15T00:00:00+00:00
[2022-07-15 12:54:13,486] {processor.py:161} INFO - Processing /home/airflow/.local/lib/python3.7/site-packages/airflow/example_dags/example_branch_day_of_week_operator.py took 0.077 seconds
[2022-07-15 12:54:44,492] {processor.py:153} INFO - Started process (PID=248) to work on /home/airflow/.local/lib/python3.7/site-packages/airflow/example_dags/example_branch_day_of_week_operator.py
[2022-07-15 12:54:44,494] {processor.py:641} INFO - Processing file /home/airflow/.local/lib/python3.7/site-packages/airflow/example_dags/example_branch_day_of_week_operator.py for tasks to queue
[2022-07-15 12:54:44,496] {logging_mixin.py:115} INFO - [2022-07-15 12:54:44,496] {dagbag.py:507} INFO - Filling up the DagBag from /home/airflow/.local/lib/python3.7/site-packages/airflow/example_dags/example_branch_day_of_week_operator.py
[2022-07-15 12:54:44,511] {processor.py:651} INFO - DAG(s) dict_keys(['example_weekday_branch_operator']) retrieved from /home/airflow/.local/lib/python3.7/site-packages/airflow/example_dags/example_branch_day_of_week_operator.py
[2022-07-15 12:54:44,544] {logging_mixin.py:115} INFO - [2022-07-15 12:54:44,544] {dag.py:2379} INFO - Sync 1 DAGs
[2022-07-15 12:54:44,568] {logging_mixin.py:115} INFO - [2022-07-15 12:54:44,568] {dag.py:2931} INFO - Setting next_dagrun for example_weekday_branch_operator to 2022-07-14T00:00:00+00:00, run_after=2022-07-15T00:00:00+00:00
[2022-07-15 12:54:44,582] {processor.py:161} INFO - Processing /home/airflow/.local/lib/python3.7/site-packages/airflow/example_dags/example_branch_day_of_week_operator.py took 0.092 seconds
[2022-07-15 12:55:15,951] {processor.py:153} INFO - Started process (PID=312) to work on /home/airflow/.local/lib/python3.7/site-packages/airflow/example_dags/example_branch_day_of_week_operator.py
[2022-07-15 12:55:15,952] {processor.py:641} INFO - Processing file /home/airflow/.local/lib/python3.7/site-packages/airflow/example_dags/example_branch_day_of_week_operator.py for tasks to queue
[2022-07-15 12:55:15,954] {logging_mixin.py:115} INFO - [2022-07-15 12:55:15,954] {dagbag.py:507} INFO - Filling up the DagBag from /home/airflow/.local/lib/python3.7/site-packages/airflow/example_dags/example_branch_day_of_week_operator.py
[2022-07-15 12:55:15,968] {processor.py:651} INFO - DAG(s) dict_keys(['example_weekday_branch_operator']) retrieved from /home/airflow/.local/lib/python3.7/site-packages/airflow/example_dags/example_branch_day_of_week_operator.py
[2022-07-15 12:55:16,001] {logging_mixin.py:115} INFO - [2022-07-15 12:55:16,001] {dag.py:2379} INFO - Sync 1 DAGs
[2022-07-15 12:55:16,051] {logging_mixin.py:115} INFO - [2022-07-15 12:55:16,051] {dag.py:2931} INFO - Setting next_dagrun for example_weekday_branch_operator to 2022-07-14T00:00:00+00:00, run_after=2022-07-15T00:00:00+00:00
[2022-07-15 12:55:16,065] {processor.py:161} INFO - Processing /home/airflow/.local/lib/python3.7/site-packages/airflow/example_dags/example_branch_day_of_week_operator.py took 0.118 seconds
[2022-07-15 12:55:46,299] {processor.py:153} INFO - Started process (PID=369) to work on /home/airflow/.local/lib/python3.7/site-packages/airflow/example_dags/example_branch_day_of_week_operator.py
[2022-07-15 12:55:46,301] {processor.py:641} INFO - Processing file /home/airflow/.local/lib/python3.7/site-packages/airflow/example_dags/example_branch_day_of_week_operator.py for tasks to queue
[2022-07-15 12:55:46,302] {logging_mixin.py:115} INFO - [2022-07-15 12:55:46,301] {dagbag.py:507} INFO - Filling up the DagBag from /home/airflow/.local/lib/python3.7/site-packages/airflow/example_dags/example_branch_day_of_week_operator.py
[2022-07-15 12:55:46,312] {processor.py:651} INFO - DAG(s) dict_keys(['example_weekday_branch_operator']) retrieved from /home/airflow/.local/lib/python3.7/site-packages/airflow/example_dags/example_branch_day_of_week_operator.py
[2022-07-15 12:55:46,328] {logging_mixin.py:115} INFO - [2022-07-15 12:55:46,328] {dag.py:2379} INFO - Sync 1 DAGs
[2022-07-15 12:55:46,345] {logging_mixin.py:115} INFO - [2022-07-15 12:55:46,345] {dag.py:2931} INFO - Setting next_dagrun for example_weekday_branch_operator to 2022-07-14T00:00:00+00:00, run_after=2022-07-15T00:00:00+00:00
[2022-07-15 12:55:46,356] {processor.py:161} INFO - Processing /home/airflow/.local/lib/python3.7/site-packages/airflow/example_dags/example_branch_day_of_week_operator.py took 0.059 seconds
[2022-07-15 12:56:17,161] {processor.py:153} INFO - Started process (PID=431) to work on /home/airflow/.local/lib/python3.7/site-packages/airflow/example_dags/example_branch_day_of_week_operator.py
[2022-07-15 12:56:17,162] {processor.py:641} INFO - Processing file /home/airflow/.local/lib/python3.7/site-packages/airflow/example_dags/example_branch_day_of_week_operator.py for tasks to queue
[2022-07-15 12:56:17,163] {logging_mixin.py:115} INFO - [2022-07-15 12:56:17,163] {dagbag.py:507} INFO - Filling up the DagBag from /home/airflow/.local/lib/python3.7/site-packages/airflow/example_dags/example_branch_day_of_week_operator.py
[2022-07-15 12:56:17,171] {processor.py:651} INFO - DAG(s) dict_keys(['example_weekday_branch_operator']) retrieved from /home/airflow/.local/lib/python3.7/site-packages/airflow/example_dags/example_branch_day_of_week_operator.py
[2022-07-15 12:56:17,188] {logging_mixin.py:115} INFO - [2022-07-15 12:56:17,188] {dag.py:2379} INFO - Sync 1 DAGs
[2022-07-15 12:56:17,201] {logging_mixin.py:115} INFO - [2022-07-15 12:56:17,201] {dag.py:2931} INFO - Setting next_dagrun for example_weekday_branch_operator to 2022-07-14T00:00:00+00:00, run_after=2022-07-15T00:00:00+00:00
[2022-07-15 12:56:17,212] {processor.py:161} INFO - Processing /home/airflow/.local/lib/python3.7/site-packages/airflow/example_dags/example_branch_day_of_week_operator.py took 0.053 seconds
[2022-07-15 20:06:27,476] {processor.py:153} INFO - Started process (PID=52) to work on /home/airflow/.local/lib/python3.7/site-packages/airflow/example_dags/example_branch_day_of_week_operator.py
[2022-07-15 20:06:27,479] {processor.py:641} INFO - Processing file /home/airflow/.local/lib/python3.7/site-packages/airflow/example_dags/example_branch_day_of_week_operator.py for tasks to queue
[2022-07-15 20:06:27,487] {logging_mixin.py:115} INFO - [2022-07-15 20:06:27,487] {dagbag.py:507} INFO - Filling up the DagBag from /home/airflow/.local/lib/python3.7/site-packages/airflow/example_dags/example_branch_day_of_week_operator.py
[2022-07-15 20:06:27,507] {processor.py:651} INFO - DAG(s) dict_keys(['example_weekday_branch_operator']) retrieved from /home/airflow/.local/lib/python3.7/site-packages/airflow/example_dags/example_branch_day_of_week_operator.py
[2022-07-15 20:06:27,559] {logging_mixin.py:115} INFO - [2022-07-15 20:06:27,559] {dag.py:2379} INFO - Sync 1 DAGs
[2022-07-15 20:06:27,593] {logging_mixin.py:115} INFO - [2022-07-15 20:06:27,593] {dag.py:2931} INFO - Setting next_dagrun for example_weekday_branch_operator to 2022-07-14T00:00:00+00:00, run_after=2022-07-15T00:00:00+00:00
[2022-07-15 20:06:27,605] {processor.py:161} INFO - Processing /home/airflow/.local/lib/python3.7/site-packages/airflow/example_dags/example_branch_day_of_week_operator.py took 0.137 seconds
