[2022-07-15 12:53:13,993] {processor.py:153} INFO - Started process (PID=71) to work on /home/airflow/.local/lib/python3.7/site-packages/airflow/example_dags/tutorial.py
[2022-07-15 12:53:13,997] {processor.py:641} INFO - Processing file /home/airflow/.local/lib/python3.7/site-packages/airflow/example_dags/tutorial.py for tasks to queue
[2022-07-15 12:53:13,999] {logging_mixin.py:115} INFO - [2022-07-15 12:53:13,999] {dagbag.py:507} INFO - Filling up the DagBag from /home/airflow/.local/lib/python3.7/site-packages/airflow/example_dags/tutorial.py
[2022-07-15 12:53:14,014] {processor.py:651} INFO - DAG(s) dict_keys(['tutorial']) retrieved from /home/airflow/.local/lib/python3.7/site-packages/airflow/example_dags/tutorial.py
[2022-07-15 12:53:14,053] {logging_mixin.py:115} INFO - [2022-07-15 12:53:14,053] {dag.py:2379} INFO - Sync 1 DAGs
[2022-07-15 12:53:14,083] {logging_mixin.py:115} INFO - [2022-07-15 12:53:14,082] {dag.py:2931} INFO - Setting next_dagrun for tutorial to 2022-07-14T12:53:14.082785+00:00, run_after=2022-07-15T12:53:14.082785+00:00
[2022-07-15 12:53:14,099] {processor.py:161} INFO - Processing /home/airflow/.local/lib/python3.7/site-packages/airflow/example_dags/tutorial.py took 0.108 seconds
[2022-07-15 12:53:44,327] {processor.py:153} INFO - Started process (PID=134) to work on /home/airflow/.local/lib/python3.7/site-packages/airflow/example_dags/tutorial.py
[2022-07-15 12:53:44,329] {processor.py:641} INFO - Processing file /home/airflow/.local/lib/python3.7/site-packages/airflow/example_dags/tutorial.py for tasks to queue
[2022-07-15 12:53:44,332] {logging_mixin.py:115} INFO - [2022-07-15 12:53:44,332] {dagbag.py:507} INFO - Filling up the DagBag from /home/airflow/.local/lib/python3.7/site-packages/airflow/example_dags/tutorial.py
[2022-07-15 12:53:44,347] {processor.py:651} INFO - DAG(s) dict_keys(['tutorial']) retrieved from /home/airflow/.local/lib/python3.7/site-packages/airflow/example_dags/tutorial.py
[2022-07-15 12:53:44,371] {logging_mixin.py:115} INFO - [2022-07-15 12:53:44,371] {dag.py:2379} INFO - Sync 1 DAGs
[2022-07-15 12:53:44,398] {logging_mixin.py:115} INFO - [2022-07-15 12:53:44,398] {dag.py:2931} INFO - Setting next_dagrun for tutorial to 2022-07-14T12:53:44.398195+00:00, run_after=2022-07-15T12:53:44.398195+00:00
[2022-07-15 12:53:44,410] {processor.py:161} INFO - Processing /home/airflow/.local/lib/python3.7/site-packages/airflow/example_dags/tutorial.py took 0.085 seconds
[2022-07-15 12:54:15,616] {processor.py:153} INFO - Started process (PID=191) to work on /home/airflow/.local/lib/python3.7/site-packages/airflow/example_dags/tutorial.py
[2022-07-15 12:54:15,619] {processor.py:641} INFO - Processing file /home/airflow/.local/lib/python3.7/site-packages/airflow/example_dags/tutorial.py for tasks to queue
[2022-07-15 12:54:15,623] {logging_mixin.py:115} INFO - [2022-07-15 12:54:15,622] {dagbag.py:507} INFO - Filling up the DagBag from /home/airflow/.local/lib/python3.7/site-packages/airflow/example_dags/tutorial.py
[2022-07-15 12:54:15,656] {processor.py:651} INFO - DAG(s) dict_keys(['tutorial']) retrieved from /home/airflow/.local/lib/python3.7/site-packages/airflow/example_dags/tutorial.py
[2022-07-15 12:54:15,700] {logging_mixin.py:115} INFO - [2022-07-15 12:54:15,700] {dag.py:2379} INFO - Sync 1 DAGs
[2022-07-15 12:54:15,726] {logging_mixin.py:115} INFO - [2022-07-15 12:54:15,725] {dag.py:2931} INFO - Setting next_dagrun for tutorial to 2022-07-14T12:54:15.725815+00:00, run_after=2022-07-15T12:54:15.725815+00:00
[2022-07-15 12:54:15,740] {processor.py:161} INFO - Processing /home/airflow/.local/lib/python3.7/site-packages/airflow/example_dags/tutorial.py took 0.126 seconds
[2022-07-15 12:54:46,457] {processor.py:153} INFO - Started process (PID=258) to work on /home/airflow/.local/lib/python3.7/site-packages/airflow/example_dags/tutorial.py
[2022-07-15 12:54:46,461] {processor.py:641} INFO - Processing file /home/airflow/.local/lib/python3.7/site-packages/airflow/example_dags/tutorial.py for tasks to queue
[2022-07-15 12:54:46,463] {logging_mixin.py:115} INFO - [2022-07-15 12:54:46,462] {dagbag.py:507} INFO - Filling up the DagBag from /home/airflow/.local/lib/python3.7/site-packages/airflow/example_dags/tutorial.py
[2022-07-15 12:54:46,471] {processor.py:651} INFO - DAG(s) dict_keys(['tutorial']) retrieved from /home/airflow/.local/lib/python3.7/site-packages/airflow/example_dags/tutorial.py
[2022-07-15 12:54:46,503] {logging_mixin.py:115} INFO - [2022-07-15 12:54:46,503] {dag.py:2379} INFO - Sync 1 DAGs
[2022-07-15 12:54:46,532] {logging_mixin.py:115} INFO - [2022-07-15 12:54:46,532] {dag.py:2931} INFO - Setting next_dagrun for tutorial to 2022-07-14T12:54:46.532485+00:00, run_after=2022-07-15T12:54:46.532485+00:00
[2022-07-15 12:54:46,545] {processor.py:161} INFO - Processing /home/airflow/.local/lib/python3.7/site-packages/airflow/example_dags/tutorial.py took 0.090 seconds
[2022-07-15 12:55:17,290] {processor.py:153} INFO - Started process (PID=323) to work on /home/airflow/.local/lib/python3.7/site-packages/airflow/example_dags/tutorial.py
[2022-07-15 12:55:17,293] {processor.py:641} INFO - Processing file /home/airflow/.local/lib/python3.7/site-packages/airflow/example_dags/tutorial.py for tasks to queue
[2022-07-15 12:55:17,294] {logging_mixin.py:115} INFO - [2022-07-15 12:55:17,294] {dagbag.py:507} INFO - Filling up the DagBag from /home/airflow/.local/lib/python3.7/site-packages/airflow/example_dags/tutorial.py
[2022-07-15 12:55:17,307] {processor.py:651} INFO - DAG(s) dict_keys(['tutorial']) retrieved from /home/airflow/.local/lib/python3.7/site-packages/airflow/example_dags/tutorial.py
[2022-07-15 12:55:17,341] {logging_mixin.py:115} INFO - [2022-07-15 12:55:17,340] {dag.py:2379} INFO - Sync 1 DAGs
[2022-07-15 12:55:17,357] {logging_mixin.py:115} INFO - [2022-07-15 12:55:17,357] {dag.py:2931} INFO - Setting next_dagrun for tutorial to 2022-07-14T12:55:17.356937+00:00, run_after=2022-07-15T12:55:17.356937+00:00
[2022-07-15 12:55:17,373] {processor.py:161} INFO - Processing /home/airflow/.local/lib/python3.7/site-packages/airflow/example_dags/tutorial.py took 0.088 seconds
[2022-07-15 12:55:48,066] {processor.py:153} INFO - Started process (PID=380) to work on /home/airflow/.local/lib/python3.7/site-packages/airflow/example_dags/tutorial.py
[2022-07-15 12:55:48,069] {processor.py:641} INFO - Processing file /home/airflow/.local/lib/python3.7/site-packages/airflow/example_dags/tutorial.py for tasks to queue
[2022-07-15 12:55:48,070] {logging_mixin.py:115} INFO - [2022-07-15 12:55:48,070] {dagbag.py:507} INFO - Filling up the DagBag from /home/airflow/.local/lib/python3.7/site-packages/airflow/example_dags/tutorial.py
[2022-07-15 12:55:48,077] {processor.py:651} INFO - DAG(s) dict_keys(['tutorial']) retrieved from /home/airflow/.local/lib/python3.7/site-packages/airflow/example_dags/tutorial.py
[2022-07-15 12:55:48,104] {logging_mixin.py:115} INFO - [2022-07-15 12:55:48,104] {dag.py:2379} INFO - Sync 1 DAGs
[2022-07-15 12:55:48,126] {logging_mixin.py:115} INFO - [2022-07-15 12:55:48,126] {dag.py:2931} INFO - Setting next_dagrun for tutorial to 2022-07-14T12:55:48.126222+00:00, run_after=2022-07-15T12:55:48.126222+00:00
[2022-07-15 12:55:48,135] {processor.py:161} INFO - Processing /home/airflow/.local/lib/python3.7/site-packages/airflow/example_dags/tutorial.py took 0.071 seconds
[2022-07-15 12:56:18,806] {processor.py:153} INFO - Started process (PID=441) to work on /home/airflow/.local/lib/python3.7/site-packages/airflow/example_dags/tutorial.py
[2022-07-15 12:56:18,808] {processor.py:641} INFO - Processing file /home/airflow/.local/lib/python3.7/site-packages/airflow/example_dags/tutorial.py for tasks to queue
[2022-07-15 12:56:18,809] {logging_mixin.py:115} INFO - [2022-07-15 12:56:18,809] {dagbag.py:507} INFO - Filling up the DagBag from /home/airflow/.local/lib/python3.7/site-packages/airflow/example_dags/tutorial.py
[2022-07-15 12:56:18,817] {processor.py:651} INFO - DAG(s) dict_keys(['tutorial']) retrieved from /home/airflow/.local/lib/python3.7/site-packages/airflow/example_dags/tutorial.py
[2022-07-15 12:56:18,844] {logging_mixin.py:115} INFO - [2022-07-15 12:56:18,844] {dag.py:2379} INFO - Sync 1 DAGs
[2022-07-15 12:56:18,867] {logging_mixin.py:115} INFO - [2022-07-15 12:56:18,867] {dag.py:2931} INFO - Setting next_dagrun for tutorial to 2022-07-14T12:56:18.867058+00:00, run_after=2022-07-15T12:56:18.867058+00:00
[2022-07-15 12:56:18,878] {processor.py:161} INFO - Processing /home/airflow/.local/lib/python3.7/site-packages/airflow/example_dags/tutorial.py took 0.080 seconds
[2022-07-15 20:06:28,612] {processor.py:153} INFO - Started process (PID=63) to work on /home/airflow/.local/lib/python3.7/site-packages/airflow/example_dags/tutorial.py
[2022-07-15 20:06:28,615] {processor.py:641} INFO - Processing file /home/airflow/.local/lib/python3.7/site-packages/airflow/example_dags/tutorial.py for tasks to queue
[2022-07-15 20:06:28,620] {logging_mixin.py:115} INFO - [2022-07-15 20:06:28,619] {dagbag.py:507} INFO - Filling up the DagBag from /home/airflow/.local/lib/python3.7/site-packages/airflow/example_dags/tutorial.py
[2022-07-15 20:06:28,638] {processor.py:651} INFO - DAG(s) dict_keys(['tutorial']) retrieved from /home/airflow/.local/lib/python3.7/site-packages/airflow/example_dags/tutorial.py
[2022-07-15 20:06:28,681] {logging_mixin.py:115} INFO - [2022-07-15 20:06:28,681] {dag.py:2379} INFO - Sync 1 DAGs
[2022-07-15 20:06:28,703] {logging_mixin.py:115} INFO - [2022-07-15 20:06:28,703] {dag.py:2931} INFO - Setting next_dagrun for tutorial to 2022-07-14T20:06:28.703257+00:00, run_after=2022-07-15T20:06:28.703257+00:00
[2022-07-15 20:06:28,724] {processor.py:161} INFO - Processing /home/airflow/.local/lib/python3.7/site-packages/airflow/example_dags/tutorial.py took 0.127 seconds
