[2022-06-20 23:35:38,160] {taskinstance.py:1159} INFO - Dependencies all met for <TaskInstance: tutorial_request.ola manual__2022-06-20T23:29:10.050519+00:00 [queued]>
[2022-06-20 23:35:38,168] {taskinstance.py:1159} INFO - Dependencies all met for <TaskInstance: tutorial_request.ola manual__2022-06-20T23:29:10.050519+00:00 [queued]>
[2022-06-20 23:35:38,170] {taskinstance.py:1356} INFO - 
--------------------------------------------------------------------------------
[2022-06-20 23:35:38,171] {taskinstance.py:1357} INFO - Starting attempt 2 of 2
[2022-06-20 23:35:38,173] {taskinstance.py:1358} INFO - 
--------------------------------------------------------------------------------
[2022-06-20 23:35:38,185] {taskinstance.py:1377} INFO - Executing <Task(Ola): ola> on 2022-06-20 23:29:10.050519+00:00
[2022-06-20 23:35:38,194] {standard_task_runner.py:52} INFO - Started process 63 to run task
[2022-06-20 23:35:38,199] {standard_task_runner.py:79} INFO - Running: ['***', 'tasks', 'run', 'tutorial_request', 'ola', 'manual__2022-06-20T23:29:10.050519+00:00', '--job-id', '110', '--raw', '--subdir', 'DAGS_FOLDER/hello.py', '--cfg-path', '/tmp/tmpvshxw1vc', '--error-file', '/tmp/tmpjj4zcsra']
[2022-06-20 23:35:38,202] {standard_task_runner.py:80} INFO - Job 110: Subtask ola
[2022-06-20 23:35:38,261] {task_command.py:370} INFO - Running <TaskInstance: tutorial_request.ola manual__2022-06-20T23:29:10.050519+00:00 [running]> on host 3b9da1961faf
[2022-06-20 23:35:38,582] {taskinstance.py:1571} INFO - Exporting the following env vars:
AIRFLOW_CTX_DAG_EMAIL=***@example.com
AIRFLOW_CTX_DAG_OWNER=***
AIRFLOW_CTX_DAG_ID=tutorial_request
AIRFLOW_CTX_TASK_ID=ola
AIRFLOW_CTX_EXECUTION_DATE=2022-06-20T23:29:10.050519+00:00
AIRFLOW_CTX_TRY_NUMBER=2
AIRFLOW_CTX_DAG_RUN_ID=manual__2022-06-20T23:29:10.050519+00:00
[2022-06-20 23:35:42,029] {logging_mixin.py:115} INFO - SPARK SESSION  <pyspark.sql.session.SparkSession object at 0xffff9b519ed0>
[2022-06-20 23:35:42,065] {taskinstance.py:1400} INFO - Marking task as SUCCESS. dag_id=tutorial_request, task_id=ola, execution_date=20220620T232910, start_date=20220620T233538, end_date=20220620T233542
[2022-06-20 23:35:42,159] {local_task_job.py:156} INFO - Task exited with return code 0
[2022-06-20 23:35:42,204] {local_task_job.py:273} INFO - 0 downstream tasks scheduled from follow-on schedule check
