[2022-07-24 13:12:02,590] {taskinstance.py:1159} INFO - Dependencies all met for <TaskInstance: tutorial_request.silver_benefits manual__2022-07-24T13:11:56.238785+00:00 [queued]>
[2022-07-24 13:12:02,599] {taskinstance.py:1159} INFO - Dependencies all met for <TaskInstance: tutorial_request.silver_benefits manual__2022-07-24T13:11:56.238785+00:00 [queued]>
[2022-07-24 13:12:02,600] {taskinstance.py:1356} INFO - 
--------------------------------------------------------------------------------
[2022-07-24 13:12:02,602] {taskinstance.py:1357} INFO - Starting attempt 1 of 2
[2022-07-24 13:12:02,603] {taskinstance.py:1358} INFO - 
--------------------------------------------------------------------------------
[2022-07-24 13:12:02,614] {taskinstance.py:1377} INFO - Executing <Task(SimpleHttpOperator): silver_benefits> on 2022-07-24 13:11:56.238785+00:00
[2022-07-24 13:12:02,619] {standard_task_runner.py:52} INFO - Started process 2199 to run task
[2022-07-24 13:12:02,625] {standard_task_runner.py:79} INFO - Running: ['***', 'tasks', 'run', 'tutorial_request', 'silver_benefits', 'manual__2022-07-24T13:11:56.238785+00:00', '--job-id', '15', '--raw', '--subdir', 'DAGS_FOLDER/hello.py', '--cfg-path', '/tmp/tmpm60j4ae8', '--error-file', '/tmp/tmpl1uibx4v']
[2022-07-24 13:12:02,626] {standard_task_runner.py:80} INFO - Job 15: Subtask silver_benefits
[2022-07-24 13:12:02,702] {task_command.py:370} INFO - Running <TaskInstance: tutorial_request.silver_benefits manual__2022-07-24T13:11:56.238785+00:00 [running]> on host 6e14261407f3
[2022-07-24 13:12:02,778] {taskinstance.py:1571} INFO - Exporting the following env vars:
AIRFLOW_CTX_DAG_EMAIL=***@example.com
AIRFLOW_CTX_DAG_OWNER=***
AIRFLOW_CTX_DAG_ID=tutorial_request
AIRFLOW_CTX_TASK_ID=silver_benefits
AIRFLOW_CTX_EXECUTION_DATE=2022-07-24T13:11:56.238785+00:00
AIRFLOW_CTX_TRY_NUMBER=1
AIRFLOW_CTX_DAG_RUN_ID=manual__2022-07-24T13:11:56.238785+00:00
[2022-07-24 13:12:02,780] {http.py:102} INFO - Calling HTTP method
[2022-07-24 13:12:02,789] {base.py:68} INFO - Using connection ID 'request_lakehouse' for task execution.
[2022-07-24 13:12:02,792] {http.py:129} INFO - Sending 'GET' to url: http://host.docker.internal:5000/silver/benefits
[2022-07-24 13:12:15,624] {logging_mixin.py:115} INFO - RESPONSE <Response [200]>
[2022-07-24 13:12:15,625] {hello.py:14} INFO - REQUEST SUCCESS
[2022-07-24 13:12:15,660] {taskinstance.py:1400} INFO - Marking task as SUCCESS. dag_id=tutorial_request, task_id=silver_benefits, execution_date=20220724T131156, start_date=20220724T131202, end_date=20220724T131215
[2022-07-24 13:12:15,705] {local_task_job.py:156} INFO - Task exited with return code 0
[2022-07-24 13:12:15,732] {local_task_job.py:273} INFO - 1 downstream tasks scheduled from follow-on schedule check
