[2022-09-19 12:35:03,555] {processor.py:153} INFO - Started process (PID=61) to work on /home/airflow/.local/lib/python3.7/site-packages/airflow/example_dags/example_branch_python_dop_operator_3.py
[2022-09-19 12:35:03,557] {processor.py:641} INFO - Processing file /home/airflow/.local/lib/python3.7/site-packages/airflow/example_dags/example_branch_python_dop_operator_3.py for tasks to queue
[2022-09-19 12:35:03,560] {logging_mixin.py:115} INFO - [2022-09-19 12:35:03,560] {dagbag.py:507} INFO - Filling up the DagBag from /home/airflow/.local/lib/python3.7/site-packages/airflow/example_dags/example_branch_python_dop_operator_3.py
[2022-09-19 12:35:03,594] {processor.py:651} INFO - DAG(s) dict_keys(['example_branch_dop_operator_v3']) retrieved from /home/airflow/.local/lib/python3.7/site-packages/airflow/example_dags/example_branch_python_dop_operator_3.py
[2022-09-19 12:35:03,737] {logging_mixin.py:115} INFO - [2022-09-19 12:35:03,737] {dag.py:2379} INFO - Sync 1 DAGs
[2022-09-19 12:35:03,828] {logging_mixin.py:115} INFO - [2022-09-19 12:35:03,828] {dag.py:2931} INFO - Setting next_dagrun for example_branch_dop_operator_v3 to 2022-09-19T12:34:00+00:00, run_after=2022-09-19T12:35:00+00:00
[2022-09-19 12:35:03,904] {processor.py:161} INFO - Processing /home/airflow/.local/lib/python3.7/site-packages/airflow/example_dags/example_branch_python_dop_operator_3.py took 0.339 seconds
[2022-09-19 12:35:34,849] {processor.py:153} INFO - Started process (PID=114) to work on /home/airflow/.local/lib/python3.7/site-packages/airflow/example_dags/example_branch_python_dop_operator_3.py
[2022-09-19 12:35:34,855] {processor.py:641} INFO - Processing file /home/airflow/.local/lib/python3.7/site-packages/airflow/example_dags/example_branch_python_dop_operator_3.py for tasks to queue
[2022-09-19 12:35:34,858] {logging_mixin.py:115} INFO - [2022-09-19 12:35:34,858] {dagbag.py:507} INFO - Filling up the DagBag from /home/airflow/.local/lib/python3.7/site-packages/airflow/example_dags/example_branch_python_dop_operator_3.py
[2022-09-19 12:35:34,873] {processor.py:651} INFO - DAG(s) dict_keys(['example_branch_dop_operator_v3']) retrieved from /home/airflow/.local/lib/python3.7/site-packages/airflow/example_dags/example_branch_python_dop_operator_3.py
[2022-09-19 12:35:34,915] {logging_mixin.py:115} INFO - [2022-09-19 12:35:34,915] {dag.py:2379} INFO - Sync 1 DAGs
[2022-09-19 12:35:34,951] {logging_mixin.py:115} INFO - [2022-09-19 12:35:34,951] {dag.py:2931} INFO - Setting next_dagrun for example_branch_dop_operator_v3 to 2022-09-19T12:34:00+00:00, run_after=2022-09-19T12:35:00+00:00
[2022-09-19 12:35:34,977] {processor.py:161} INFO - Processing /home/airflow/.local/lib/python3.7/site-packages/airflow/example_dags/example_branch_python_dop_operator_3.py took 0.131 seconds
[2022-09-19 12:36:05,087] {processor.py:153} INFO - Started process (PID=175) to work on /home/airflow/.local/lib/python3.7/site-packages/airflow/example_dags/example_branch_python_dop_operator_3.py
[2022-09-19 12:36:05,088] {processor.py:641} INFO - Processing file /home/airflow/.local/lib/python3.7/site-packages/airflow/example_dags/example_branch_python_dop_operator_3.py for tasks to queue
[2022-09-19 12:36:05,090] {logging_mixin.py:115} INFO - [2022-09-19 12:36:05,089] {dagbag.py:507} INFO - Filling up the DagBag from /home/airflow/.local/lib/python3.7/site-packages/airflow/example_dags/example_branch_python_dop_operator_3.py
[2022-09-19 12:36:05,098] {processor.py:651} INFO - DAG(s) dict_keys(['example_branch_dop_operator_v3']) retrieved from /home/airflow/.local/lib/python3.7/site-packages/airflow/example_dags/example_branch_python_dop_operator_3.py
[2022-09-19 12:36:05,116] {logging_mixin.py:115} INFO - [2022-09-19 12:36:05,116] {dag.py:2379} INFO - Sync 1 DAGs
[2022-09-19 12:36:05,132] {logging_mixin.py:115} INFO - [2022-09-19 12:36:05,132] {dag.py:2931} INFO - Setting next_dagrun for example_branch_dop_operator_v3 to 2022-09-19T12:35:00+00:00, run_after=2022-09-19T12:36:00+00:00
[2022-09-19 12:36:05,140] {processor.py:161} INFO - Processing /home/airflow/.local/lib/python3.7/site-packages/airflow/example_dags/example_branch_python_dop_operator_3.py took 0.055 seconds
