[2022-07-24 13:12:16,632] {taskinstance.py:1159} INFO - Dependencies all met for <TaskInstance: tutorial_request.silver_employee_per_senator manual__2022-07-24T13:11:56.238785+00:00 [queued]>
[2022-07-24 13:12:16,639] {taskinstance.py:1159} INFO - Dependencies all met for <TaskInstance: tutorial_request.silver_employee_per_senator manual__2022-07-24T13:11:56.238785+00:00 [queued]>
[2022-07-24 13:12:16,640] {taskinstance.py:1356} INFO - 
--------------------------------------------------------------------------------
[2022-07-24 13:12:16,641] {taskinstance.py:1357} INFO - Starting attempt 1 of 2
[2022-07-24 13:12:16,642] {taskinstance.py:1358} INFO - 
--------------------------------------------------------------------------------
[2022-07-24 13:12:16,651] {taskinstance.py:1377} INFO - Executing <Task(SimpleHttpOperator): silver_employee_per_senator> on 2022-07-24 13:11:56.238785+00:00
[2022-07-24 13:12:16,655] {standard_task_runner.py:52} INFO - Started process 2214 to run task
[2022-07-24 13:12:16,659] {standard_task_runner.py:79} INFO - Running: ['***', 'tasks', 'run', 'tutorial_request', 'silver_employee_per_senator', 'manual__2022-07-24T13:11:56.238785+00:00', '--job-id', '18', '--raw', '--subdir', 'DAGS_FOLDER/hello.py', '--cfg-path', '/tmp/tmp59jugb4y', '--error-file', '/tmp/tmpume27h5y']
[2022-07-24 13:12:16,660] {standard_task_runner.py:80} INFO - Job 18: Subtask silver_employee_per_senator
[2022-07-24 13:12:16,709] {task_command.py:370} INFO - Running <TaskInstance: tutorial_request.silver_employee_per_senator manual__2022-07-24T13:11:56.238785+00:00 [running]> on host 6e14261407f3
[2022-07-24 13:12:16,759] {taskinstance.py:1571} INFO - Exporting the following env vars:
AIRFLOW_CTX_DAG_EMAIL=***@example.com
AIRFLOW_CTX_DAG_OWNER=***
AIRFLOW_CTX_DAG_ID=tutorial_request
AIRFLOW_CTX_TASK_ID=silver_employee_per_senator
AIRFLOW_CTX_EXECUTION_DATE=2022-07-24T13:11:56.238785+00:00
AIRFLOW_CTX_TRY_NUMBER=1
AIRFLOW_CTX_DAG_RUN_ID=manual__2022-07-24T13:11:56.238785+00:00
[2022-07-24 13:12:16,761] {http.py:102} INFO - Calling HTTP method
[2022-07-24 13:12:16,768] {base.py:68} INFO - Using connection ID 'request_lakehouse' for task execution.
[2022-07-24 13:12:16,771] {http.py:129} INFO - Sending 'GET' to url: http://host.docker.internal:5000/gold/employee_per_senator
[2022-07-24 13:12:19,954] {logging_mixin.py:115} INFO - RESPONSE <Response [200]>
[2022-07-24 13:12:19,956] {hello.py:14} INFO - REQUEST SUCCESS
[2022-07-24 13:12:19,980] {taskinstance.py:1400} INFO - Marking task as SUCCESS. dag_id=tutorial_request, task_id=silver_employee_per_senator, execution_date=20220724T131156, start_date=20220724T131216, end_date=20220724T131219
[2022-07-24 13:12:20,010] {local_task_job.py:156} INFO - Task exited with return code 0
[2022-07-24 13:12:20,036] {local_task_job.py:273} INFO - 0 downstream tasks scheduled from follow-on schedule check
