[2022-07-11 09:14:46,291] {processor.py:153} INFO - Started process (PID=41) to work on /opt/airflow/dags/operators/request/senators.py
[2022-07-11 09:14:46,296] {processor.py:641} INFO - Processing file /opt/airflow/dags/operators/request/senators.py for tasks to queue
[2022-07-11 09:14:46,308] {logging_mixin.py:115} INFO - [2022-07-11 09:14:46,308] {dagbag.py:507} INFO - Filling up the DagBag from /opt/airflow/dags/operators/request/senators.py
[2022-07-11 09:14:48,214] {processor.py:653} WARNING - No viable dags retrieved from /opt/airflow/dags/operators/request/senators.py
[2022-07-11 09:14:48,252] {processor.py:161} INFO - Processing /opt/airflow/dags/operators/request/senators.py took 1.984 seconds
[2022-07-11 09:15:18,406] {processor.py:153} INFO - Started process (PID=101) to work on /opt/airflow/dags/operators/request/senators.py
[2022-07-11 09:15:18,407] {processor.py:641} INFO - Processing file /opt/airflow/dags/operators/request/senators.py for tasks to queue
[2022-07-11 09:15:18,408] {logging_mixin.py:115} INFO - [2022-07-11 09:15:18,408] {dagbag.py:507} INFO - Filling up the DagBag from /opt/airflow/dags/operators/request/senators.py
[2022-07-11 09:15:18,714] {processor.py:653} WARNING - No viable dags retrieved from /opt/airflow/dags/operators/request/senators.py
[2022-07-11 09:15:18,743] {processor.py:161} INFO - Processing /opt/airflow/dags/operators/request/senators.py took 0.339 seconds
[2022-07-11 09:15:49,290] {processor.py:153} INFO - Started process (PID=164) to work on /opt/airflow/dags/operators/request/senators.py
[2022-07-11 09:15:49,293] {processor.py:641} INFO - Processing file /opt/airflow/dags/operators/request/senators.py for tasks to queue
[2022-07-11 09:15:49,294] {logging_mixin.py:115} INFO - [2022-07-11 09:15:49,294] {dagbag.py:507} INFO - Filling up the DagBag from /opt/airflow/dags/operators/request/senators.py
[2022-07-11 09:15:49,673] {processor.py:653} WARNING - No viable dags retrieved from /opt/airflow/dags/operators/request/senators.py
[2022-07-11 09:15:49,683] {processor.py:161} INFO - Processing /opt/airflow/dags/operators/request/senators.py took 0.395 seconds
[2022-07-11 09:16:20,526] {processor.py:153} INFO - Started process (PID=219) to work on /opt/airflow/dags/operators/request/senators.py
[2022-07-11 09:16:20,528] {processor.py:641} INFO - Processing file /opt/airflow/dags/operators/request/senators.py for tasks to queue
[2022-07-11 09:16:20,532] {logging_mixin.py:115} INFO - [2022-07-11 09:16:20,532] {dagbag.py:507} INFO - Filling up the DagBag from /opt/airflow/dags/operators/request/senators.py
[2022-07-11 09:16:20,857] {processor.py:653} WARNING - No viable dags retrieved from /opt/airflow/dags/operators/request/senators.py
[2022-07-11 09:16:20,865] {processor.py:161} INFO - Processing /opt/airflow/dags/operators/request/senators.py took 0.341 seconds
[2022-07-11 09:16:50,935] {processor.py:153} INFO - Started process (PID=285) to work on /opt/airflow/dags/operators/request/senators.py
[2022-07-11 09:16:50,937] {processor.py:641} INFO - Processing file /opt/airflow/dags/operators/request/senators.py for tasks to queue
[2022-07-11 09:16:50,938] {logging_mixin.py:115} INFO - [2022-07-11 09:16:50,938] {dagbag.py:507} INFO - Filling up the DagBag from /opt/airflow/dags/operators/request/senators.py
[2022-07-11 09:16:51,309] {processor.py:653} WARNING - No viable dags retrieved from /opt/airflow/dags/operators/request/senators.py
[2022-07-11 09:16:51,317] {processor.py:161} INFO - Processing /opt/airflow/dags/operators/request/senators.py took 0.385 seconds
[2022-07-11 09:17:22,136] {processor.py:153} INFO - Started process (PID=351) to work on /opt/airflow/dags/operators/request/senators.py
[2022-07-11 09:17:22,139] {processor.py:641} INFO - Processing file /opt/airflow/dags/operators/request/senators.py for tasks to queue
[2022-07-11 09:17:22,141] {logging_mixin.py:115} INFO - [2022-07-11 09:17:22,141] {dagbag.py:507} INFO - Filling up the DagBag from /opt/airflow/dags/operators/request/senators.py
[2022-07-11 09:17:22,708] {processor.py:653} WARNING - No viable dags retrieved from /opt/airflow/dags/operators/request/senators.py
[2022-07-11 09:17:22,722] {processor.py:161} INFO - Processing /opt/airflow/dags/operators/request/senators.py took 0.589 seconds
[2022-07-11 09:17:53,020] {processor.py:153} INFO - Started process (PID=415) to work on /opt/airflow/dags/operators/request/senators.py
[2022-07-11 09:17:53,025] {processor.py:641} INFO - Processing file /opt/airflow/dags/operators/request/senators.py for tasks to queue
[2022-07-11 09:17:53,027] {logging_mixin.py:115} INFO - [2022-07-11 09:17:53,026] {dagbag.py:507} INFO - Filling up the DagBag from /opt/airflow/dags/operators/request/senators.py
[2022-07-11 09:17:53,491] {processor.py:653} WARNING - No viable dags retrieved from /opt/airflow/dags/operators/request/senators.py
[2022-07-11 09:17:53,505] {processor.py:161} INFO - Processing /opt/airflow/dags/operators/request/senators.py took 0.487 seconds
[2022-07-11 09:18:24,374] {processor.py:153} INFO - Started process (PID=480) to work on /opt/airflow/dags/operators/request/senators.py
[2022-07-11 09:18:24,377] {processor.py:641} INFO - Processing file /opt/airflow/dags/operators/request/senators.py for tasks to queue
[2022-07-11 09:18:24,378] {logging_mixin.py:115} INFO - [2022-07-11 09:18:24,378] {dagbag.py:507} INFO - Filling up the DagBag from /opt/airflow/dags/operators/request/senators.py
[2022-07-11 09:18:24,791] {processor.py:653} WARNING - No viable dags retrieved from /opt/airflow/dags/operators/request/senators.py
[2022-07-11 09:18:24,807] {processor.py:161} INFO - Processing /opt/airflow/dags/operators/request/senators.py took 0.435 seconds
[2022-07-11 09:18:55,720] {processor.py:153} INFO - Started process (PID=536) to work on /opt/airflow/dags/operators/request/senators.py
[2022-07-11 09:18:55,724] {processor.py:641} INFO - Processing file /opt/airflow/dags/operators/request/senators.py for tasks to queue
[2022-07-11 09:18:55,726] {logging_mixin.py:115} INFO - [2022-07-11 09:18:55,726] {dagbag.py:507} INFO - Filling up the DagBag from /opt/airflow/dags/operators/request/senators.py
[2022-07-11 09:18:56,067] {processor.py:653} WARNING - No viable dags retrieved from /opt/airflow/dags/operators/request/senators.py
[2022-07-11 09:18:56,079] {processor.py:161} INFO - Processing /opt/airflow/dags/operators/request/senators.py took 0.361 seconds
[2022-07-11 09:19:26,450] {processor.py:153} INFO - Started process (PID=601) to work on /opt/airflow/dags/operators/request/senators.py
[2022-07-11 09:19:26,451] {processor.py:641} INFO - Processing file /opt/airflow/dags/operators/request/senators.py for tasks to queue
[2022-07-11 09:19:26,452] {logging_mixin.py:115} INFO - [2022-07-11 09:19:26,452] {dagbag.py:507} INFO - Filling up the DagBag from /opt/airflow/dags/operators/request/senators.py
[2022-07-11 09:19:26,905] {processor.py:653} WARNING - No viable dags retrieved from /opt/airflow/dags/operators/request/senators.py
[2022-07-11 09:19:26,919] {processor.py:161} INFO - Processing /opt/airflow/dags/operators/request/senators.py took 0.472 seconds
[2022-07-11 09:19:57,223] {processor.py:153} INFO - Started process (PID=666) to work on /opt/airflow/dags/operators/request/senators.py
[2022-07-11 09:19:57,225] {processor.py:641} INFO - Processing file /opt/airflow/dags/operators/request/senators.py for tasks to queue
[2022-07-11 09:19:57,228] {logging_mixin.py:115} INFO - [2022-07-11 09:19:57,227] {dagbag.py:507} INFO - Filling up the DagBag from /opt/airflow/dags/operators/request/senators.py
[2022-07-11 09:19:57,497] {processor.py:653} WARNING - No viable dags retrieved from /opt/airflow/dags/operators/request/senators.py
[2022-07-11 09:19:57,511] {processor.py:161} INFO - Processing /opt/airflow/dags/operators/request/senators.py took 0.290 seconds
[2022-07-11 09:20:28,012] {processor.py:153} INFO - Started process (PID=730) to work on /opt/airflow/dags/operators/request/senators.py
[2022-07-11 09:20:28,015] {processor.py:641} INFO - Processing file /opt/airflow/dags/operators/request/senators.py for tasks to queue
[2022-07-11 09:20:28,017] {logging_mixin.py:115} INFO - [2022-07-11 09:20:28,017] {dagbag.py:507} INFO - Filling up the DagBag from /opt/airflow/dags/operators/request/senators.py
[2022-07-11 09:20:28,321] {processor.py:653} WARNING - No viable dags retrieved from /opt/airflow/dags/operators/request/senators.py
[2022-07-11 09:20:28,330] {processor.py:161} INFO - Processing /opt/airflow/dags/operators/request/senators.py took 0.320 seconds
[2022-07-11 09:20:58,725] {processor.py:153} INFO - Started process (PID=795) to work on /opt/airflow/dags/operators/request/senators.py
[2022-07-11 09:20:58,727] {processor.py:641} INFO - Processing file /opt/airflow/dags/operators/request/senators.py for tasks to queue
[2022-07-11 09:20:58,730] {logging_mixin.py:115} INFO - [2022-07-11 09:20:58,730] {dagbag.py:507} INFO - Filling up the DagBag from /opt/airflow/dags/operators/request/senators.py
[2022-07-11 09:20:58,995] {processor.py:653} WARNING - No viable dags retrieved from /opt/airflow/dags/operators/request/senators.py
[2022-07-11 09:20:59,009] {processor.py:161} INFO - Processing /opt/airflow/dags/operators/request/senators.py took 0.287 seconds
[2022-07-11 09:21:29,075] {processor.py:153} INFO - Started process (PID=862) to work on /opt/airflow/dags/operators/request/senators.py
[2022-07-11 09:21:29,079] {processor.py:641} INFO - Processing file /opt/airflow/dags/operators/request/senators.py for tasks to queue
[2022-07-11 09:21:29,082] {logging_mixin.py:115} INFO - [2022-07-11 09:21:29,082] {dagbag.py:507} INFO - Filling up the DagBag from /opt/airflow/dags/operators/request/senators.py
[2022-07-11 09:21:29,357] {processor.py:653} WARNING - No viable dags retrieved from /opt/airflow/dags/operators/request/senators.py
[2022-07-11 09:21:29,366] {processor.py:161} INFO - Processing /opt/airflow/dags/operators/request/senators.py took 0.294 seconds
[2022-07-11 09:21:59,600] {processor.py:153} INFO - Started process (PID=920) to work on /opt/airflow/dags/operators/request/senators.py
[2022-07-11 09:21:59,609] {processor.py:641} INFO - Processing file /opt/airflow/dags/operators/request/senators.py for tasks to queue
[2022-07-11 09:21:59,612] {logging_mixin.py:115} INFO - [2022-07-11 09:21:59,612] {dagbag.py:507} INFO - Filling up the DagBag from /opt/airflow/dags/operators/request/senators.py
[2022-07-11 09:22:00,146] {processor.py:653} WARNING - No viable dags retrieved from /opt/airflow/dags/operators/request/senators.py
[2022-07-11 09:22:00,165] {processor.py:161} INFO - Processing /opt/airflow/dags/operators/request/senators.py took 0.568 seconds
[2022-07-11 09:22:30,340] {processor.py:153} INFO - Started process (PID=983) to work on /opt/airflow/dags/operators/request/senators.py
[2022-07-11 09:22:30,342] {processor.py:641} INFO - Processing file /opt/airflow/dags/operators/request/senators.py for tasks to queue
[2022-07-11 09:22:30,346] {logging_mixin.py:115} INFO - [2022-07-11 09:22:30,346] {dagbag.py:507} INFO - Filling up the DagBag from /opt/airflow/dags/operators/request/senators.py
[2022-07-11 09:22:30,774] {processor.py:653} WARNING - No viable dags retrieved from /opt/airflow/dags/operators/request/senators.py
[2022-07-11 09:22:30,846] {processor.py:161} INFO - Processing /opt/airflow/dags/operators/request/senators.py took 0.509 seconds
[2022-07-11 09:23:01,059] {processor.py:153} INFO - Started process (PID=1048) to work on /opt/airflow/dags/operators/request/senators.py
[2022-07-11 09:23:01,061] {processor.py:641} INFO - Processing file /opt/airflow/dags/operators/request/senators.py for tasks to queue
[2022-07-11 09:23:01,063] {logging_mixin.py:115} INFO - [2022-07-11 09:23:01,063] {dagbag.py:507} INFO - Filling up the DagBag from /opt/airflow/dags/operators/request/senators.py
[2022-07-11 09:23:01,353] {processor.py:653} WARNING - No viable dags retrieved from /opt/airflow/dags/operators/request/senators.py
[2022-07-11 09:23:01,372] {processor.py:161} INFO - Processing /opt/airflow/dags/operators/request/senators.py took 0.315 seconds
[2022-07-11 09:23:31,688] {processor.py:153} INFO - Started process (PID=1112) to work on /opt/airflow/dags/operators/request/senators.py
[2022-07-11 09:23:31,690] {processor.py:641} INFO - Processing file /opt/airflow/dags/operators/request/senators.py for tasks to queue
[2022-07-11 09:23:31,693] {logging_mixin.py:115} INFO - [2022-07-11 09:23:31,693] {dagbag.py:507} INFO - Filling up the DagBag from /opt/airflow/dags/operators/request/senators.py
[2022-07-11 09:23:31,970] {processor.py:653} WARNING - No viable dags retrieved from /opt/airflow/dags/operators/request/senators.py
[2022-07-11 09:23:31,995] {processor.py:161} INFO - Processing /opt/airflow/dags/operators/request/senators.py took 0.310 seconds
[2022-07-11 09:24:02,092] {processor.py:153} INFO - Started process (PID=1179) to work on /opt/airflow/dags/operators/request/senators.py
[2022-07-11 09:24:02,093] {processor.py:641} INFO - Processing file /opt/airflow/dags/operators/request/senators.py for tasks to queue
[2022-07-11 09:24:02,095] {logging_mixin.py:115} INFO - [2022-07-11 09:24:02,095] {dagbag.py:507} INFO - Filling up the DagBag from /opt/airflow/dags/operators/request/senators.py
[2022-07-11 09:24:02,380] {processor.py:653} WARNING - No viable dags retrieved from /opt/airflow/dags/operators/request/senators.py
[2022-07-11 09:24:02,390] {processor.py:161} INFO - Processing /opt/airflow/dags/operators/request/senators.py took 0.302 seconds
[2022-07-11 09:24:32,706] {processor.py:153} INFO - Started process (PID=1232) to work on /opt/airflow/dags/operators/request/senators.py
[2022-07-11 09:24:32,709] {processor.py:641} INFO - Processing file /opt/airflow/dags/operators/request/senators.py for tasks to queue
[2022-07-11 09:24:32,711] {logging_mixin.py:115} INFO - [2022-07-11 09:24:32,711] {dagbag.py:507} INFO - Filling up the DagBag from /opt/airflow/dags/operators/request/senators.py
[2022-07-11 09:24:33,119] {processor.py:653} WARNING - No viable dags retrieved from /opt/airflow/dags/operators/request/senators.py
[2022-07-11 09:24:33,128] {processor.py:161} INFO - Processing /opt/airflow/dags/operators/request/senators.py took 0.425 seconds
[2022-07-11 09:25:03,922] {processor.py:153} INFO - Started process (PID=1297) to work on /opt/airflow/dags/operators/request/senators.py
[2022-07-11 09:25:03,923] {processor.py:641} INFO - Processing file /opt/airflow/dags/operators/request/senators.py for tasks to queue
[2022-07-11 09:25:03,925] {logging_mixin.py:115} INFO - [2022-07-11 09:25:03,925] {dagbag.py:507} INFO - Filling up the DagBag from /opt/airflow/dags/operators/request/senators.py
[2022-07-11 09:25:04,135] {processor.py:653} WARNING - No viable dags retrieved from /opt/airflow/dags/operators/request/senators.py
[2022-07-11 09:25:04,144] {processor.py:161} INFO - Processing /opt/airflow/dags/operators/request/senators.py took 0.224 seconds
[2022-07-11 09:25:34,755] {processor.py:153} INFO - Started process (PID=1361) to work on /opt/airflow/dags/operators/request/senators.py
[2022-07-11 09:25:34,757] {processor.py:641} INFO - Processing file /opt/airflow/dags/operators/request/senators.py for tasks to queue
[2022-07-11 09:25:34,758] {logging_mixin.py:115} INFO - [2022-07-11 09:25:34,758] {dagbag.py:507} INFO - Filling up the DagBag from /opt/airflow/dags/operators/request/senators.py
[2022-07-11 09:25:35,036] {processor.py:653} WARNING - No viable dags retrieved from /opt/airflow/dags/operators/request/senators.py
[2022-07-11 09:25:35,048] {processor.py:161} INFO - Processing /opt/airflow/dags/operators/request/senators.py took 0.296 seconds
[2022-07-11 09:26:05,207] {processor.py:153} INFO - Started process (PID=1426) to work on /opt/airflow/dags/operators/request/senators.py
[2022-07-11 09:26:05,209] {processor.py:641} INFO - Processing file /opt/airflow/dags/operators/request/senators.py for tasks to queue
[2022-07-11 09:26:05,211] {logging_mixin.py:115} INFO - [2022-07-11 09:26:05,211] {dagbag.py:507} INFO - Filling up the DagBag from /opt/airflow/dags/operators/request/senators.py
[2022-07-11 09:26:05,428] {processor.py:653} WARNING - No viable dags retrieved from /opt/airflow/dags/operators/request/senators.py
[2022-07-11 09:26:05,438] {processor.py:161} INFO - Processing /opt/airflow/dags/operators/request/senators.py took 0.233 seconds
[2022-07-11 09:26:35,581] {processor.py:153} INFO - Started process (PID=1493) to work on /opt/airflow/dags/operators/request/senators.py
[2022-07-11 09:26:35,582] {processor.py:641} INFO - Processing file /opt/airflow/dags/operators/request/senators.py for tasks to queue
[2022-07-11 09:26:35,584] {logging_mixin.py:115} INFO - [2022-07-11 09:26:35,584] {dagbag.py:507} INFO - Filling up the DagBag from /opt/airflow/dags/operators/request/senators.py
[2022-07-11 09:26:35,842] {processor.py:653} WARNING - No viable dags retrieved from /opt/airflow/dags/operators/request/senators.py
[2022-07-11 09:26:35,856] {processor.py:161} INFO - Processing /opt/airflow/dags/operators/request/senators.py took 0.278 seconds
[2022-07-11 09:27:06,083] {processor.py:153} INFO - Started process (PID=1546) to work on /opt/airflow/dags/operators/request/senators.py
[2022-07-11 09:27:06,085] {processor.py:641} INFO - Processing file /opt/airflow/dags/operators/request/senators.py for tasks to queue
[2022-07-11 09:27:06,088] {logging_mixin.py:115} INFO - [2022-07-11 09:27:06,088] {dagbag.py:507} INFO - Filling up the DagBag from /opt/airflow/dags/operators/request/senators.py
[2022-07-11 09:27:06,299] {processor.py:653} WARNING - No viable dags retrieved from /opt/airflow/dags/operators/request/senators.py
[2022-07-11 09:27:06,308] {processor.py:161} INFO - Processing /opt/airflow/dags/operators/request/senators.py took 0.228 seconds
[2022-07-11 09:27:36,390] {processor.py:153} INFO - Started process (PID=1613) to work on /opt/airflow/dags/operators/request/senators.py
[2022-07-11 09:27:36,391] {processor.py:641} INFO - Processing file /opt/airflow/dags/operators/request/senators.py for tasks to queue
[2022-07-11 09:27:36,392] {logging_mixin.py:115} INFO - [2022-07-11 09:27:36,392] {dagbag.py:507} INFO - Filling up the DagBag from /opt/airflow/dags/operators/request/senators.py
[2022-07-11 09:27:36,620] {processor.py:653} WARNING - No viable dags retrieved from /opt/airflow/dags/operators/request/senators.py
[2022-07-11 09:27:36,637] {processor.py:161} INFO - Processing /opt/airflow/dags/operators/request/senators.py took 0.249 seconds
[2022-07-11 09:28:06,860] {processor.py:153} INFO - Started process (PID=1675) to work on /opt/airflow/dags/operators/request/senators.py
[2022-07-11 09:28:06,862] {processor.py:641} INFO - Processing file /opt/airflow/dags/operators/request/senators.py for tasks to queue
[2022-07-11 09:28:06,863] {logging_mixin.py:115} INFO - [2022-07-11 09:28:06,863] {dagbag.py:507} INFO - Filling up the DagBag from /opt/airflow/dags/operators/request/senators.py
[2022-07-11 09:28:07,122] {processor.py:653} WARNING - No viable dags retrieved from /opt/airflow/dags/operators/request/senators.py
[2022-07-11 09:28:07,132] {processor.py:161} INFO - Processing /opt/airflow/dags/operators/request/senators.py took 0.274 seconds
[2022-07-11 09:28:37,170] {processor.py:153} INFO - Started process (PID=1741) to work on /opt/airflow/dags/operators/request/senators.py
[2022-07-11 09:28:37,171] {processor.py:641} INFO - Processing file /opt/airflow/dags/operators/request/senators.py for tasks to queue
[2022-07-11 09:28:37,173] {logging_mixin.py:115} INFO - [2022-07-11 09:28:37,173] {dagbag.py:507} INFO - Filling up the DagBag from /opt/airflow/dags/operators/request/senators.py
[2022-07-11 09:28:37,435] {processor.py:653} WARNING - No viable dags retrieved from /opt/airflow/dags/operators/request/senators.py
[2022-07-11 09:28:37,445] {processor.py:161} INFO - Processing /opt/airflow/dags/operators/request/senators.py took 0.278 seconds
[2022-07-11 09:29:08,304] {processor.py:153} INFO - Started process (PID=1808) to work on /opt/airflow/dags/operators/request/senators.py
[2022-07-11 09:29:08,306] {processor.py:641} INFO - Processing file /opt/airflow/dags/operators/request/senators.py for tasks to queue
[2022-07-11 09:29:08,308] {logging_mixin.py:115} INFO - [2022-07-11 09:29:08,307] {dagbag.py:507} INFO - Filling up the DagBag from /opt/airflow/dags/operators/request/senators.py
[2022-07-11 09:29:08,747] {processor.py:653} WARNING - No viable dags retrieved from /opt/airflow/dags/operators/request/senators.py
[2022-07-11 09:29:08,763] {processor.py:161} INFO - Processing /opt/airflow/dags/operators/request/senators.py took 0.463 seconds
[2022-07-11 09:29:38,913] {processor.py:153} INFO - Started process (PID=1871) to work on /opt/airflow/dags/operators/request/senators.py
[2022-07-11 09:29:38,918] {processor.py:641} INFO - Processing file /opt/airflow/dags/operators/request/senators.py for tasks to queue
[2022-07-11 09:29:38,921] {logging_mixin.py:115} INFO - [2022-07-11 09:29:38,921] {dagbag.py:507} INFO - Filling up the DagBag from /opt/airflow/dags/operators/request/senators.py
[2022-07-11 09:29:39,359] {processor.py:653} WARNING - No viable dags retrieved from /opt/airflow/dags/operators/request/senators.py
[2022-07-11 09:29:39,371] {processor.py:161} INFO - Processing /opt/airflow/dags/operators/request/senators.py took 0.460 seconds
[2022-07-11 09:30:09,728] {processor.py:153} INFO - Started process (PID=1928) to work on /opt/airflow/dags/operators/request/senators.py
[2022-07-11 09:30:09,730] {processor.py:641} INFO - Processing file /opt/airflow/dags/operators/request/senators.py for tasks to queue
[2022-07-11 09:30:09,742] {logging_mixin.py:115} INFO - [2022-07-11 09:30:09,742] {dagbag.py:507} INFO - Filling up the DagBag from /opt/airflow/dags/operators/request/senators.py
[2022-07-11 09:30:10,116] {processor.py:653} WARNING - No viable dags retrieved from /opt/airflow/dags/operators/request/senators.py
[2022-07-11 09:30:10,127] {processor.py:161} INFO - Processing /opt/airflow/dags/operators/request/senators.py took 0.401 seconds
[2022-07-11 09:30:40,259] {processor.py:153} INFO - Started process (PID=1994) to work on /opt/airflow/dags/operators/request/senators.py
[2022-07-11 09:30:40,261] {processor.py:641} INFO - Processing file /opt/airflow/dags/operators/request/senators.py for tasks to queue
[2022-07-11 09:30:40,262] {logging_mixin.py:115} INFO - [2022-07-11 09:30:40,262] {dagbag.py:507} INFO - Filling up the DagBag from /opt/airflow/dags/operators/request/senators.py
[2022-07-11 09:30:40,516] {processor.py:653} WARNING - No viable dags retrieved from /opt/airflow/dags/operators/request/senators.py
[2022-07-11 09:30:40,524] {processor.py:161} INFO - Processing /opt/airflow/dags/operators/request/senators.py took 0.268 seconds
[2022-07-11 09:31:11,353] {processor.py:153} INFO - Started process (PID=2059) to work on /opt/airflow/dags/operators/request/senators.py
[2022-07-11 09:31:11,354] {processor.py:641} INFO - Processing file /opt/airflow/dags/operators/request/senators.py for tasks to queue
[2022-07-11 09:31:11,356] {logging_mixin.py:115} INFO - [2022-07-11 09:31:11,356] {dagbag.py:507} INFO - Filling up the DagBag from /opt/airflow/dags/operators/request/senators.py
[2022-07-11 09:31:11,594] {processor.py:653} WARNING - No viable dags retrieved from /opt/airflow/dags/operators/request/senators.py
[2022-07-11 09:31:11,602] {processor.py:161} INFO - Processing /opt/airflow/dags/operators/request/senators.py took 0.252 seconds
[2022-07-11 09:31:41,655] {processor.py:153} INFO - Started process (PID=2126) to work on /opt/airflow/dags/operators/request/senators.py
[2022-07-11 09:31:41,657] {processor.py:641} INFO - Processing file /opt/airflow/dags/operators/request/senators.py for tasks to queue
[2022-07-11 09:31:41,658] {logging_mixin.py:115} INFO - [2022-07-11 09:31:41,658] {dagbag.py:507} INFO - Filling up the DagBag from /opt/airflow/dags/operators/request/senators.py
[2022-07-11 09:31:41,894] {processor.py:653} WARNING - No viable dags retrieved from /opt/airflow/dags/operators/request/senators.py
[2022-07-11 09:31:41,905] {processor.py:161} INFO - Processing /opt/airflow/dags/operators/request/senators.py took 0.251 seconds
[2022-07-11 09:32:12,022] {processor.py:153} INFO - Started process (PID=2191) to work on /opt/airflow/dags/operators/request/senators.py
[2022-07-11 09:32:12,024] {processor.py:641} INFO - Processing file /opt/airflow/dags/operators/request/senators.py for tasks to queue
[2022-07-11 09:32:12,027] {logging_mixin.py:115} INFO - [2022-07-11 09:32:12,027] {dagbag.py:507} INFO - Filling up the DagBag from /opt/airflow/dags/operators/request/senators.py
[2022-07-11 09:32:12,356] {processor.py:653} WARNING - No viable dags retrieved from /opt/airflow/dags/operators/request/senators.py
[2022-07-11 09:32:12,364] {processor.py:161} INFO - Processing /opt/airflow/dags/operators/request/senators.py took 0.344 seconds
[2022-07-11 09:32:42,406] {processor.py:153} INFO - Started process (PID=2243) to work on /opt/airflow/dags/operators/request/senators.py
[2022-07-11 09:32:42,407] {processor.py:641} INFO - Processing file /opt/airflow/dags/operators/request/senators.py for tasks to queue
[2022-07-11 09:32:42,408] {logging_mixin.py:115} INFO - [2022-07-11 09:32:42,408] {dagbag.py:507} INFO - Filling up the DagBag from /opt/airflow/dags/operators/request/senators.py
[2022-07-11 09:32:42,662] {processor.py:653} WARNING - No viable dags retrieved from /opt/airflow/dags/operators/request/senators.py
[2022-07-11 09:32:42,672] {processor.py:161} INFO - Processing /opt/airflow/dags/operators/request/senators.py took 0.268 seconds
[2022-07-11 09:33:12,781] {processor.py:153} INFO - Started process (PID=2311) to work on /opt/airflow/dags/operators/request/senators.py
[2022-07-11 09:33:12,782] {processor.py:641} INFO - Processing file /opt/airflow/dags/operators/request/senators.py for tasks to queue
[2022-07-11 09:33:12,783] {logging_mixin.py:115} INFO - [2022-07-11 09:33:12,783] {dagbag.py:507} INFO - Filling up the DagBag from /opt/airflow/dags/operators/request/senators.py
[2022-07-11 09:33:13,014] {processor.py:653} WARNING - No viable dags retrieved from /opt/airflow/dags/operators/request/senators.py
[2022-07-11 09:33:13,025] {processor.py:161} INFO - Processing /opt/airflow/dags/operators/request/senators.py took 0.247 seconds
[2022-07-11 09:33:43,183] {processor.py:153} INFO - Started process (PID=2378) to work on /opt/airflow/dags/operators/request/senators.py
[2022-07-11 09:33:43,185] {processor.py:641} INFO - Processing file /opt/airflow/dags/operators/request/senators.py for tasks to queue
[2022-07-11 09:33:43,187] {logging_mixin.py:115} INFO - [2022-07-11 09:33:43,187] {dagbag.py:507} INFO - Filling up the DagBag from /opt/airflow/dags/operators/request/senators.py
[2022-07-11 09:33:43,566] {processor.py:653} WARNING - No viable dags retrieved from /opt/airflow/dags/operators/request/senators.py
[2022-07-11 09:33:43,575] {processor.py:161} INFO - Processing /opt/airflow/dags/operators/request/senators.py took 0.397 seconds
[2022-07-11 09:34:14,545] {processor.py:153} INFO - Started process (PID=2445) to work on /opt/airflow/dags/operators/request/senators.py
[2022-07-11 09:34:14,547] {processor.py:641} INFO - Processing file /opt/airflow/dags/operators/request/senators.py for tasks to queue
[2022-07-11 09:34:14,548] {logging_mixin.py:115} INFO - [2022-07-11 09:34:14,548] {dagbag.py:507} INFO - Filling up the DagBag from /opt/airflow/dags/operators/request/senators.py
[2022-07-11 09:34:14,834] {processor.py:653} WARNING - No viable dags retrieved from /opt/airflow/dags/operators/request/senators.py
[2022-07-11 09:34:14,843] {processor.py:161} INFO - Processing /opt/airflow/dags/operators/request/senators.py took 0.301 seconds
[2022-07-11 09:34:45,043] {processor.py:153} INFO - Started process (PID=2511) to work on /opt/airflow/dags/operators/request/senators.py
[2022-07-11 09:34:45,047] {processor.py:641} INFO - Processing file /opt/airflow/dags/operators/request/senators.py for tasks to queue
[2022-07-11 09:34:45,049] {logging_mixin.py:115} INFO - [2022-07-11 09:34:45,049] {dagbag.py:507} INFO - Filling up the DagBag from /opt/airflow/dags/operators/request/senators.py
[2022-07-11 09:34:45,295] {processor.py:653} WARNING - No viable dags retrieved from /opt/airflow/dags/operators/request/senators.py
[2022-07-11 09:34:45,307] {processor.py:161} INFO - Processing /opt/airflow/dags/operators/request/senators.py took 0.267 seconds
[2022-07-11 09:35:15,422] {processor.py:153} INFO - Started process (PID=2566) to work on /opt/airflow/dags/operators/request/senators.py
[2022-07-11 09:35:15,424] {processor.py:641} INFO - Processing file /opt/airflow/dags/operators/request/senators.py for tasks to queue
[2022-07-11 09:35:15,425] {logging_mixin.py:115} INFO - [2022-07-11 09:35:15,425] {dagbag.py:507} INFO - Filling up the DagBag from /opt/airflow/dags/operators/request/senators.py
[2022-07-11 09:35:15,670] {processor.py:653} WARNING - No viable dags retrieved from /opt/airflow/dags/operators/request/senators.py
[2022-07-11 09:35:15,681] {processor.py:161} INFO - Processing /opt/airflow/dags/operators/request/senators.py took 0.262 seconds
[2022-07-11 09:35:45,804] {processor.py:153} INFO - Started process (PID=2630) to work on /opt/airflow/dags/operators/request/senators.py
[2022-07-11 09:35:45,806] {processor.py:641} INFO - Processing file /opt/airflow/dags/operators/request/senators.py for tasks to queue
[2022-07-11 09:35:45,806] {logging_mixin.py:115} INFO - [2022-07-11 09:35:45,806] {dagbag.py:507} INFO - Filling up the DagBag from /opt/airflow/dags/operators/request/senators.py
[2022-07-11 09:35:46,032] {processor.py:653} WARNING - No viable dags retrieved from /opt/airflow/dags/operators/request/senators.py
[2022-07-11 09:35:46,040] {processor.py:161} INFO - Processing /opt/airflow/dags/operators/request/senators.py took 0.238 seconds
[2022-07-11 09:36:16,160] {processor.py:153} INFO - Started process (PID=2693) to work on /opt/airflow/dags/operators/request/senators.py
[2022-07-11 09:36:16,162] {processor.py:641} INFO - Processing file /opt/airflow/dags/operators/request/senators.py for tasks to queue
[2022-07-11 09:36:16,163] {logging_mixin.py:115} INFO - [2022-07-11 09:36:16,163] {dagbag.py:507} INFO - Filling up the DagBag from /opt/airflow/dags/operators/request/senators.py
[2022-07-11 09:36:16,477] {processor.py:653} WARNING - No viable dags retrieved from /opt/airflow/dags/operators/request/senators.py
[2022-07-11 09:36:16,494] {processor.py:161} INFO - Processing /opt/airflow/dags/operators/request/senators.py took 0.336 seconds
[2022-07-11 09:36:46,581] {processor.py:153} INFO - Started process (PID=2758) to work on /opt/airflow/dags/operators/request/senators.py
[2022-07-11 09:36:46,582] {processor.py:641} INFO - Processing file /opt/airflow/dags/operators/request/senators.py for tasks to queue
[2022-07-11 09:36:46,583] {logging_mixin.py:115} INFO - [2022-07-11 09:36:46,583] {dagbag.py:507} INFO - Filling up the DagBag from /opt/airflow/dags/operators/request/senators.py
[2022-07-11 09:36:46,841] {processor.py:653} WARNING - No viable dags retrieved from /opt/airflow/dags/operators/request/senators.py
[2022-07-11 09:36:46,850] {processor.py:161} INFO - Processing /opt/airflow/dags/operators/request/senators.py took 0.272 seconds
[2022-07-11 09:37:17,229] {processor.py:153} INFO - Started process (PID=2823) to work on /opt/airflow/dags/operators/request/senators.py
[2022-07-11 09:37:17,235] {processor.py:641} INFO - Processing file /opt/airflow/dags/operators/request/senators.py for tasks to queue
[2022-07-11 09:37:17,236] {logging_mixin.py:115} INFO - [2022-07-11 09:37:17,236] {dagbag.py:507} INFO - Filling up the DagBag from /opt/airflow/dags/operators/request/senators.py
[2022-07-11 09:37:17,528] {processor.py:653} WARNING - No viable dags retrieved from /opt/airflow/dags/operators/request/senators.py
[2022-07-11 09:37:17,537] {processor.py:161} INFO - Processing /opt/airflow/dags/operators/request/senators.py took 0.311 seconds
[2022-07-11 09:37:47,620] {processor.py:153} INFO - Started process (PID=2887) to work on /opt/airflow/dags/operators/request/senators.py
[2022-07-11 09:37:47,622] {processor.py:641} INFO - Processing file /opt/airflow/dags/operators/request/senators.py for tasks to queue
[2022-07-11 09:37:47,623] {logging_mixin.py:115} INFO - [2022-07-11 09:37:47,623] {dagbag.py:507} INFO - Filling up the DagBag from /opt/airflow/dags/operators/request/senators.py
[2022-07-11 09:37:48,009] {processor.py:653} WARNING - No viable dags retrieved from /opt/airflow/dags/operators/request/senators.py
[2022-07-11 09:37:48,019] {processor.py:161} INFO - Processing /opt/airflow/dags/operators/request/senators.py took 0.402 seconds
[2022-07-11 09:38:18,352] {processor.py:153} INFO - Started process (PID=2944) to work on /opt/airflow/dags/operators/request/senators.py
[2022-07-11 09:38:18,354] {processor.py:641} INFO - Processing file /opt/airflow/dags/operators/request/senators.py for tasks to queue
[2022-07-11 09:38:18,355] {logging_mixin.py:115} INFO - [2022-07-11 09:38:18,355] {dagbag.py:507} INFO - Filling up the DagBag from /opt/airflow/dags/operators/request/senators.py
[2022-07-11 09:38:18,813] {processor.py:653} WARNING - No viable dags retrieved from /opt/airflow/dags/operators/request/senators.py
[2022-07-11 09:38:18,824] {processor.py:161} INFO - Processing /opt/airflow/dags/operators/request/senators.py took 0.475 seconds
[2022-07-11 09:38:48,953] {processor.py:153} INFO - Started process (PID=3008) to work on /opt/airflow/dags/operators/request/senators.py
[2022-07-11 09:38:48,957] {processor.py:641} INFO - Processing file /opt/airflow/dags/operators/request/senators.py for tasks to queue
[2022-07-11 09:38:48,959] {logging_mixin.py:115} INFO - [2022-07-11 09:38:48,959] {dagbag.py:507} INFO - Filling up the DagBag from /opt/airflow/dags/operators/request/senators.py
[2022-07-11 09:38:49,221] {processor.py:653} WARNING - No viable dags retrieved from /opt/airflow/dags/operators/request/senators.py
[2022-07-11 09:38:49,241] {processor.py:161} INFO - Processing /opt/airflow/dags/operators/request/senators.py took 0.290 seconds
[2022-07-11 09:39:19,837] {processor.py:153} INFO - Started process (PID=3071) to work on /opt/airflow/dags/operators/request/senators.py
[2022-07-11 09:39:19,839] {processor.py:641} INFO - Processing file /opt/airflow/dags/operators/request/senators.py for tasks to queue
[2022-07-11 09:39:19,840] {logging_mixin.py:115} INFO - [2022-07-11 09:39:19,840] {dagbag.py:507} INFO - Filling up the DagBag from /opt/airflow/dags/operators/request/senators.py
[2022-07-11 09:39:20,270] {processor.py:653} WARNING - No viable dags retrieved from /opt/airflow/dags/operators/request/senators.py
[2022-07-11 09:39:20,286] {processor.py:161} INFO - Processing /opt/airflow/dags/operators/request/senators.py took 0.458 seconds
[2022-07-11 09:39:51,125] {processor.py:153} INFO - Started process (PID=3137) to work on /opt/airflow/dags/operators/request/senators.py
[2022-07-11 09:39:51,127] {processor.py:641} INFO - Processing file /opt/airflow/dags/operators/request/senators.py for tasks to queue
[2022-07-11 09:39:51,130] {logging_mixin.py:115} INFO - [2022-07-11 09:39:51,130] {dagbag.py:507} INFO - Filling up the DagBag from /opt/airflow/dags/operators/request/senators.py
[2022-07-11 09:39:51,546] {processor.py:653} WARNING - No viable dags retrieved from /opt/airflow/dags/operators/request/senators.py
[2022-07-11 09:39:51,592] {processor.py:161} INFO - Processing /opt/airflow/dags/operators/request/senators.py took 0.469 seconds
[2022-07-11 09:40:21,755] {processor.py:153} INFO - Started process (PID=3201) to work on /opt/airflow/dags/operators/request/senators.py
[2022-07-11 09:40:21,757] {processor.py:641} INFO - Processing file /opt/airflow/dags/operators/request/senators.py for tasks to queue
[2022-07-11 09:40:21,758] {logging_mixin.py:115} INFO - [2022-07-11 09:40:21,757] {dagbag.py:507} INFO - Filling up the DagBag from /opt/airflow/dags/operators/request/senators.py
[2022-07-11 09:40:22,005] {processor.py:653} WARNING - No viable dags retrieved from /opt/airflow/dags/operators/request/senators.py
[2022-07-11 09:40:22,018] {processor.py:161} INFO - Processing /opt/airflow/dags/operators/request/senators.py took 0.265 seconds
[2022-07-11 09:40:52,760] {processor.py:153} INFO - Started process (PID=3264) to work on /opt/airflow/dags/operators/request/senators.py
[2022-07-11 09:40:52,762] {processor.py:641} INFO - Processing file /opt/airflow/dags/operators/request/senators.py for tasks to queue
[2022-07-11 09:40:52,763] {logging_mixin.py:115} INFO - [2022-07-11 09:40:52,763] {dagbag.py:507} INFO - Filling up the DagBag from /opt/airflow/dags/operators/request/senators.py
[2022-07-11 09:40:52,997] {processor.py:653} WARNING - No viable dags retrieved from /opt/airflow/dags/operators/request/senators.py
[2022-07-11 09:40:53,012] {processor.py:161} INFO - Processing /opt/airflow/dags/operators/request/senators.py took 0.256 seconds
[2022-07-11 09:41:23,286] {processor.py:153} INFO - Started process (PID=3320) to work on /opt/airflow/dags/operators/request/senators.py
[2022-07-11 09:41:23,287] {processor.py:641} INFO - Processing file /opt/airflow/dags/operators/request/senators.py for tasks to queue
[2022-07-11 09:41:23,289] {logging_mixin.py:115} INFO - [2022-07-11 09:41:23,289] {dagbag.py:507} INFO - Filling up the DagBag from /opt/airflow/dags/operators/request/senators.py
[2022-07-11 09:41:23,523] {processor.py:653} WARNING - No viable dags retrieved from /opt/airflow/dags/operators/request/senators.py
[2022-07-11 09:41:23,532] {processor.py:161} INFO - Processing /opt/airflow/dags/operators/request/senators.py took 0.248 seconds
[2022-07-11 09:41:54,017] {processor.py:153} INFO - Started process (PID=3384) to work on /opt/airflow/dags/operators/request/senators.py
[2022-07-11 09:41:54,018] {processor.py:641} INFO - Processing file /opt/airflow/dags/operators/request/senators.py for tasks to queue
[2022-07-11 09:41:54,019] {logging_mixin.py:115} INFO - [2022-07-11 09:41:54,019] {dagbag.py:507} INFO - Filling up the DagBag from /opt/airflow/dags/operators/request/senators.py
[2022-07-11 09:41:54,274] {processor.py:653} WARNING - No viable dags retrieved from /opt/airflow/dags/operators/request/senators.py
[2022-07-11 09:41:54,287] {processor.py:161} INFO - Processing /opt/airflow/dags/operators/request/senators.py took 0.274 seconds
[2022-07-11 09:42:25,025] {processor.py:153} INFO - Started process (PID=3449) to work on /opt/airflow/dags/operators/request/senators.py
[2022-07-11 09:42:25,027] {processor.py:641} INFO - Processing file /opt/airflow/dags/operators/request/senators.py for tasks to queue
[2022-07-11 09:42:25,028] {logging_mixin.py:115} INFO - [2022-07-11 09:42:25,028] {dagbag.py:507} INFO - Filling up the DagBag from /opt/airflow/dags/operators/request/senators.py
[2022-07-11 09:42:25,243] {processor.py:653} WARNING - No viable dags retrieved from /opt/airflow/dags/operators/request/senators.py
[2022-07-11 09:42:25,253] {processor.py:161} INFO - Processing /opt/airflow/dags/operators/request/senators.py took 0.231 seconds
[2022-07-11 09:42:55,743] {processor.py:153} INFO - Started process (PID=3514) to work on /opt/airflow/dags/operators/request/senators.py
[2022-07-11 09:42:55,744] {processor.py:641} INFO - Processing file /opt/airflow/dags/operators/request/senators.py for tasks to queue
[2022-07-11 09:42:55,745] {logging_mixin.py:115} INFO - [2022-07-11 09:42:55,745] {dagbag.py:507} INFO - Filling up the DagBag from /opt/airflow/dags/operators/request/senators.py
[2022-07-11 09:42:55,970] {processor.py:653} WARNING - No viable dags retrieved from /opt/airflow/dags/operators/request/senators.py
[2022-07-11 09:42:55,978] {processor.py:161} INFO - Processing /opt/airflow/dags/operators/request/senators.py took 0.238 seconds
[2022-07-11 09:43:26,159] {processor.py:153} INFO - Started process (PID=3580) to work on /opt/airflow/dags/operators/request/senators.py
[2022-07-11 09:43:26,167] {processor.py:641} INFO - Processing file /opt/airflow/dags/operators/request/senators.py for tasks to queue
[2022-07-11 09:43:26,168] {logging_mixin.py:115} INFO - [2022-07-11 09:43:26,168] {dagbag.py:507} INFO - Filling up the DagBag from /opt/airflow/dags/operators/request/senators.py
[2022-07-11 09:43:26,379] {processor.py:653} WARNING - No viable dags retrieved from /opt/airflow/dags/operators/request/senators.py
[2022-07-11 09:43:26,389] {processor.py:161} INFO - Processing /opt/airflow/dags/operators/request/senators.py took 0.235 seconds
[2022-07-11 09:43:57,208] {processor.py:153} INFO - Started process (PID=3645) to work on /opt/airflow/dags/operators/request/senators.py
[2022-07-11 09:43:57,209] {processor.py:641} INFO - Processing file /opt/airflow/dags/operators/request/senators.py for tasks to queue
[2022-07-11 09:43:57,211] {logging_mixin.py:115} INFO - [2022-07-11 09:43:57,211] {dagbag.py:507} INFO - Filling up the DagBag from /opt/airflow/dags/operators/request/senators.py
[2022-07-11 09:43:57,444] {processor.py:653} WARNING - No viable dags retrieved from /opt/airflow/dags/operators/request/senators.py
[2022-07-11 09:43:57,453] {processor.py:161} INFO - Processing /opt/airflow/dags/operators/request/senators.py took 0.247 seconds
[2022-07-11 09:44:27,712] {processor.py:153} INFO - Started process (PID=3701) to work on /opt/airflow/dags/operators/request/senators.py
[2022-07-11 09:44:27,714] {processor.py:641} INFO - Processing file /opt/airflow/dags/operators/request/senators.py for tasks to queue
[2022-07-11 09:44:27,716] {logging_mixin.py:115} INFO - [2022-07-11 09:44:27,716] {dagbag.py:507} INFO - Filling up the DagBag from /opt/airflow/dags/operators/request/senators.py
[2022-07-11 09:44:28,105] {processor.py:653} WARNING - No viable dags retrieved from /opt/airflow/dags/operators/request/senators.py
[2022-07-11 09:44:28,122] {processor.py:161} INFO - Processing /opt/airflow/dags/operators/request/senators.py took 0.417 seconds
[2022-07-11 09:44:58,527] {processor.py:153} INFO - Started process (PID=3766) to work on /opt/airflow/dags/operators/request/senators.py
[2022-07-11 09:44:58,529] {processor.py:641} INFO - Processing file /opt/airflow/dags/operators/request/senators.py for tasks to queue
[2022-07-11 09:44:58,530] {logging_mixin.py:115} INFO - [2022-07-11 09:44:58,530] {dagbag.py:507} INFO - Filling up the DagBag from /opt/airflow/dags/operators/request/senators.py
[2022-07-11 09:44:58,769] {processor.py:653} WARNING - No viable dags retrieved from /opt/airflow/dags/operators/request/senators.py
[2022-07-11 09:44:58,779] {processor.py:161} INFO - Processing /opt/airflow/dags/operators/request/senators.py took 0.254 seconds
[2022-07-11 09:45:28,825] {processor.py:153} INFO - Started process (PID=3830) to work on /opt/airflow/dags/operators/request/senators.py
[2022-07-11 09:45:28,826] {processor.py:641} INFO - Processing file /opt/airflow/dags/operators/request/senators.py for tasks to queue
[2022-07-11 09:45:28,828] {logging_mixin.py:115} INFO - [2022-07-11 09:45:28,828] {dagbag.py:507} INFO - Filling up the DagBag from /opt/airflow/dags/operators/request/senators.py
[2022-07-11 09:45:29,186] {processor.py:653} WARNING - No viable dags retrieved from /opt/airflow/dags/operators/request/senators.py
[2022-07-11 09:45:29,209] {processor.py:161} INFO - Processing /opt/airflow/dags/operators/request/senators.py took 0.386 seconds
[2022-07-11 09:45:59,400] {processor.py:153} INFO - Started process (PID=3897) to work on /opt/airflow/dags/operators/request/senators.py
[2022-07-11 09:45:59,407] {processor.py:641} INFO - Processing file /opt/airflow/dags/operators/request/senators.py for tasks to queue
[2022-07-11 09:45:59,409] {logging_mixin.py:115} INFO - [2022-07-11 09:45:59,409] {dagbag.py:507} INFO - Filling up the DagBag from /opt/airflow/dags/operators/request/senators.py
[2022-07-11 09:46:00,051] {processor.py:653} WARNING - No viable dags retrieved from /opt/airflow/dags/operators/request/senators.py
[2022-07-11 09:46:00,059] {processor.py:161} INFO - Processing /opt/airflow/dags/operators/request/senators.py took 0.661 seconds
[2022-07-11 09:46:30,742] {processor.py:153} INFO - Started process (PID=3962) to work on /opt/airflow/dags/operators/request/senators.py
[2022-07-11 09:46:30,744] {processor.py:641} INFO - Processing file /opt/airflow/dags/operators/request/senators.py for tasks to queue
[2022-07-11 09:46:30,745] {logging_mixin.py:115} INFO - [2022-07-11 09:46:30,745] {dagbag.py:507} INFO - Filling up the DagBag from /opt/airflow/dags/operators/request/senators.py
[2022-07-11 09:46:30,969] {processor.py:653} WARNING - No viable dags retrieved from /opt/airflow/dags/operators/request/senators.py
[2022-07-11 09:46:30,977] {processor.py:161} INFO - Processing /opt/airflow/dags/operators/request/senators.py took 0.237 seconds
[2022-07-11 09:47:01,654] {processor.py:153} INFO - Started process (PID=4025) to work on /opt/airflow/dags/operators/request/senators.py
[2022-07-11 09:47:01,656] {processor.py:641} INFO - Processing file /opt/airflow/dags/operators/request/senators.py for tasks to queue
[2022-07-11 09:47:01,658] {logging_mixin.py:115} INFO - [2022-07-11 09:47:01,658] {dagbag.py:507} INFO - Filling up the DagBag from /opt/airflow/dags/operators/request/senators.py
[2022-07-11 09:47:01,904] {processor.py:653} WARNING - No viable dags retrieved from /opt/airflow/dags/operators/request/senators.py
[2022-07-11 09:47:01,914] {processor.py:161} INFO - Processing /opt/airflow/dags/operators/request/senators.py took 0.263 seconds
[2022-07-11 09:47:32,636] {processor.py:153} INFO - Started process (PID=4081) to work on /opt/airflow/dags/operators/request/senators.py
[2022-07-11 09:47:32,637] {processor.py:641} INFO - Processing file /opt/airflow/dags/operators/request/senators.py for tasks to queue
[2022-07-11 09:47:32,639] {logging_mixin.py:115} INFO - [2022-07-11 09:47:32,639] {dagbag.py:507} INFO - Filling up the DagBag from /opt/airflow/dags/operators/request/senators.py
[2022-07-11 09:47:32,878] {processor.py:653} WARNING - No viable dags retrieved from /opt/airflow/dags/operators/request/senators.py
[2022-07-11 09:47:32,890] {processor.py:161} INFO - Processing /opt/airflow/dags/operators/request/senators.py took 0.257 seconds
[2022-07-11 09:48:03,092] {processor.py:153} INFO - Started process (PID=4145) to work on /opt/airflow/dags/operators/request/senators.py
[2022-07-11 09:48:03,094] {processor.py:641} INFO - Processing file /opt/airflow/dags/operators/request/senators.py for tasks to queue
[2022-07-11 09:48:03,095] {logging_mixin.py:115} INFO - [2022-07-11 09:48:03,095] {dagbag.py:507} INFO - Filling up the DagBag from /opt/airflow/dags/operators/request/senators.py
[2022-07-11 09:48:03,317] {processor.py:653} WARNING - No viable dags retrieved from /opt/airflow/dags/operators/request/senators.py
[2022-07-11 09:48:03,326] {processor.py:161} INFO - Processing /opt/airflow/dags/operators/request/senators.py took 0.236 seconds
