[2022-11-02 18:24:10,091] {taskinstance.py:1159} INFO - Dependencies all met for <TaskInstance: tutorial_request.silver_company_have_more_revenue manual__2022-11-02T18:23:41.399754+00:00 [queued]>
[2022-11-02 18:24:10,105] {taskinstance.py:1159} INFO - Dependencies all met for <TaskInstance: tutorial_request.silver_company_have_more_revenue manual__2022-11-02T18:23:41.399754+00:00 [queued]>
[2022-11-02 18:24:10,106] {taskinstance.py:1356} INFO - 
--------------------------------------------------------------------------------
[2022-11-02 18:24:10,107] {taskinstance.py:1357} INFO - Starting attempt 1 of 2
[2022-11-02 18:24:10,108] {taskinstance.py:1358} INFO - 
--------------------------------------------------------------------------------
[2022-11-02 18:24:10,120] {taskinstance.py:1377} INFO - Executing <Task(SimpleHttpOperator): silver_company_have_more_revenue> on 2022-11-02 18:23:41.399754+00:00
[2022-11-02 18:24:10,124] {standard_task_runner.py:52} INFO - Started process 105 to run task
[2022-11-02 18:24:10,136] {standard_task_runner.py:79} INFO - Running: ['***', 'tasks', 'run', 'tutorial_request', 'silver_company_have_more_revenue', 'manual__2022-11-02T18:23:41.399754+00:00', '--job-id', '26', '--raw', '--subdir', 'DAGS_FOLDER/hello.py', '--cfg-path', '/tmp/tmpo2qu7nh_', '--error-file', '/tmp/tmp0yhwhets']
[2022-11-02 18:24:10,138] {standard_task_runner.py:80} INFO - Job 26: Subtask silver_company_have_more_revenue
[2022-11-02 18:24:10,274] {task_command.py:370} INFO - Running <TaskInstance: tutorial_request.silver_company_have_more_revenue manual__2022-11-02T18:23:41.399754+00:00 [running]> on host dc5857352665
[2022-11-02 18:24:10,376] {taskinstance.py:1571} INFO - Exporting the following env vars:
AIRFLOW_CTX_DAG_EMAIL=***@example.com
AIRFLOW_CTX_DAG_OWNER=***
AIRFLOW_CTX_DAG_ID=tutorial_request
AIRFLOW_CTX_TASK_ID=silver_company_have_more_revenue
AIRFLOW_CTX_EXECUTION_DATE=2022-11-02T18:23:41.399754+00:00
AIRFLOW_CTX_TRY_NUMBER=1
AIRFLOW_CTX_DAG_RUN_ID=manual__2022-11-02T18:23:41.399754+00:00
[2022-11-02 18:24:10,379] {http.py:102} INFO - Calling HTTP method
[2022-11-02 18:24:10,411] {base.py:68} INFO - Using connection ID 'request_lakehouse' for task execution.
[2022-11-02 18:24:10,419] {http.py:129} INFO - Sending 'GET' to url: http://host.docker.internal:80/gold/company_have_more_revenue
[2022-11-02 18:24:15,359] {logging_mixin.py:115} INFO - RESPONSE <Response [200]>
[2022-11-02 18:24:15,361] {hello.py:15} INFO - REQUEST SUCCESS
[2022-11-02 18:24:15,397] {taskinstance.py:1400} INFO - Marking task as SUCCESS. dag_id=tutorial_request, task_id=silver_company_have_more_revenue, execution_date=20221102T182341, start_date=20221102T182410, end_date=20221102T182415
[2022-11-02 18:24:15,451] {local_task_job.py:156} INFO - Task exited with return code 0
[2022-11-02 18:24:15,478] {local_task_job.py:273} INFO - 0 downstream tasks scheduled from follow-on schedule check
