[2022-06-29 16:27:46,624] {taskinstance.py:1159} INFO - Dependencies all met for <TaskInstance: tutorial_request.print_date scheduled__2022-06-28T16:27:44.920137+00:00 [queued]>
[2022-06-29 16:27:46,630] {taskinstance.py:1159} INFO - Dependencies all met for <TaskInstance: tutorial_request.print_date scheduled__2022-06-28T16:27:44.920137+00:00 [queued]>
[2022-06-29 16:27:46,631] {taskinstance.py:1356} INFO - 
--------------------------------------------------------------------------------
[2022-06-29 16:27:46,632] {taskinstance.py:1357} INFO - Starting attempt 1 of 2
[2022-06-29 16:27:46,633] {taskinstance.py:1358} INFO - 
--------------------------------------------------------------------------------
[2022-06-29 16:27:46,644] {taskinstance.py:1377} INFO - Executing <Task(BashOperator): print_date> on 2022-06-28 16:27:44.920137+00:00
[2022-06-29 16:27:46,650] {standard_task_runner.py:52} INFO - Started process 330 to run task
[2022-06-29 16:27:46,653] {standard_task_runner.py:79} INFO - Running: ['***', 'tasks', 'run', 'tutorial_request', 'print_date', 'scheduled__2022-06-28T16:27:44.920137+00:00', '--job-id', '135', '--raw', '--subdir', 'DAGS_FOLDER/hello.py', '--cfg-path', '/tmp/tmp2fsueiqz', '--error-file', '/tmp/tmpt1z3phqx']
[2022-06-29 16:27:46,656] {standard_task_runner.py:80} INFO - Job 135: Subtask print_date
[2022-06-29 16:27:46,708] {task_command.py:370} INFO - Running <TaskInstance: tutorial_request.print_date scheduled__2022-06-28T16:27:44.920137+00:00 [running]> on host 3b9da1961faf
[2022-06-29 16:27:46,763] {taskinstance.py:1571} INFO - Exporting the following env vars:
AIRFLOW_CTX_DAG_EMAIL=***@example.com
AIRFLOW_CTX_DAG_OWNER=***
AIRFLOW_CTX_DAG_ID=tutorial_request
AIRFLOW_CTX_TASK_ID=print_date
AIRFLOW_CTX_EXECUTION_DATE=2022-06-28T16:27:44.920137+00:00
AIRFLOW_CTX_TRY_NUMBER=1
AIRFLOW_CTX_DAG_RUN_ID=scheduled__2022-06-28T16:27:44.920137+00:00
[2022-06-29 16:27:46,766] {subprocess.py:62} INFO - Tmp dir root location: 
 /tmp
[2022-06-29 16:27:46,767] {subprocess.py:74} INFO - Running command: ['bash', '-c', 'date']
[2022-06-29 16:27:46,779] {subprocess.py:85} INFO - Output:
[2022-06-29 16:27:46,782] {subprocess.py:92} INFO - Wed Jun 29 16:27:46 UTC 2022
[2022-06-29 16:27:46,784] {subprocess.py:96} INFO - Command exited with return code 0
[2022-06-29 16:27:46,913] {taskinstance.py:1400} INFO - Marking task as SUCCESS. dag_id=tutorial_request, task_id=print_date, execution_date=20220628T162744, start_date=20220629T162746, end_date=20220629T162746
[2022-06-29 16:27:46,990] {local_task_job.py:156} INFO - Task exited with return code 0
[2022-06-29 16:27:47,019] {local_task_job.py:273} INFO - 1 downstream tasks scheduled from follow-on schedule check
