[2022-07-11 09:14:46,209] {processor.py:153} INFO - Started process (PID=40) to work on /opt/airflow/dags/hello.py
[2022-07-11 09:14:46,217] {processor.py:641} INFO - Processing file /opt/airflow/dags/hello.py for tasks to queue
[2022-07-11 09:14:46,228] {logging_mixin.py:115} INFO - [2022-07-11 09:14:46,224] {dagbag.py:507} INFO - Filling up the DagBag from /opt/airflow/dags/hello.py
[2022-07-11 09:14:48,494] {processor.py:651} INFO - DAG(s) dict_keys(['tutorial_request']) retrieved from /opt/airflow/dags/hello.py
[2022-07-11 09:14:48,548] {logging_mixin.py:115} INFO - [2022-07-11 09:14:48,547] {dag.py:2379} INFO - Sync 1 DAGs
[2022-07-11 09:14:48,626] {logging_mixin.py:115} INFO - [2022-07-11 09:14:48,612] {dag.py:2931} INFO - Setting next_dagrun for tutorial_request to 2022-07-11T09:14:45.268497+00:00, run_after=2022-07-12T09:14:45.268497+00:00
[2022-07-11 09:14:48,667] {processor.py:161} INFO - Processing /opt/airflow/dags/hello.py took 2.470 seconds
[2022-07-11 09:15:19,409] {processor.py:153} INFO - Started process (PID=103) to work on /opt/airflow/dags/hello.py
[2022-07-11 09:15:19,412] {processor.py:641} INFO - Processing file /opt/airflow/dags/hello.py for tasks to queue
[2022-07-11 09:15:19,414] {logging_mixin.py:115} INFO - [2022-07-11 09:15:19,414] {dagbag.py:507} INFO - Filling up the DagBag from /opt/airflow/dags/hello.py
[2022-07-11 09:15:20,123] {processor.py:651} INFO - DAG(s) dict_keys(['tutorial_request']) retrieved from /opt/airflow/dags/hello.py
[2022-07-11 09:15:20,136] {logging_mixin.py:115} INFO - [2022-07-11 09:15:20,136] {dag.py:2379} INFO - Sync 1 DAGs
[2022-07-11 09:15:20,167] {logging_mixin.py:115} INFO - [2022-07-11 09:15:20,167] {dag.py:2931} INFO - Setting next_dagrun for tutorial_request to 2022-07-11T09:15:10.559320+00:00, run_after=2022-07-12T09:15:10.559320+00:00
[2022-07-11 09:15:20,179] {processor.py:161} INFO - Processing /opt/airflow/dags/hello.py took 0.773 seconds
[2022-07-11 09:15:50,741] {processor.py:153} INFO - Started process (PID=167) to work on /opt/airflow/dags/hello.py
[2022-07-11 09:15:50,742] {processor.py:641} INFO - Processing file /opt/airflow/dags/hello.py for tasks to queue
[2022-07-11 09:15:50,744] {logging_mixin.py:115} INFO - [2022-07-11 09:15:50,744] {dagbag.py:507} INFO - Filling up the DagBag from /opt/airflow/dags/hello.py
[2022-07-11 09:15:51,334] {processor.py:651} INFO - DAG(s) dict_keys(['tutorial_request']) retrieved from /opt/airflow/dags/hello.py
[2022-07-11 09:15:51,360] {logging_mixin.py:115} INFO - [2022-07-11 09:15:51,359] {dag.py:2379} INFO - Sync 1 DAGs
[2022-07-11 09:15:51,394] {logging_mixin.py:115} INFO - [2022-07-11 09:15:51,394] {dag.py:2931} INFO - Setting next_dagrun for tutorial_request to 2022-07-11T09:15:10.559320+00:00, run_after=2022-07-12T09:15:10.559320+00:00
[2022-07-11 09:15:51,406] {processor.py:161} INFO - Processing /opt/airflow/dags/hello.py took 0.669 seconds
[2022-07-11 09:16:21,727] {processor.py:153} INFO - Started process (PID=231) to work on /opt/airflow/dags/hello.py
[2022-07-11 09:16:21,729] {processor.py:641} INFO - Processing file /opt/airflow/dags/hello.py for tasks to queue
[2022-07-11 09:16:21,731] {logging_mixin.py:115} INFO - [2022-07-11 09:16:21,731] {dagbag.py:507} INFO - Filling up the DagBag from /opt/airflow/dags/hello.py
[2022-07-11 09:16:22,409] {processor.py:651} INFO - DAG(s) dict_keys(['tutorial_request']) retrieved from /opt/airflow/dags/hello.py
[2022-07-11 09:16:22,430] {logging_mixin.py:115} INFO - [2022-07-11 09:16:22,430] {dag.py:2379} INFO - Sync 1 DAGs
[2022-07-11 09:16:22,463] {logging_mixin.py:115} INFO - [2022-07-11 09:16:22,463] {dag.py:2931} INFO - Setting next_dagrun for tutorial_request to 2022-07-11T09:15:10.559320+00:00, run_after=2022-07-12T09:15:10.559320+00:00
[2022-07-11 09:16:22,473] {processor.py:161} INFO - Processing /opt/airflow/dags/hello.py took 0.749 seconds
[2022-07-11 09:16:53,057] {processor.py:153} INFO - Started process (PID=289) to work on /opt/airflow/dags/hello.py
[2022-07-11 09:16:53,059] {processor.py:641} INFO - Processing file /opt/airflow/dags/hello.py for tasks to queue
[2022-07-11 09:16:53,061] {logging_mixin.py:115} INFO - [2022-07-11 09:16:53,061] {dagbag.py:507} INFO - Filling up the DagBag from /opt/airflow/dags/hello.py
[2022-07-11 09:16:53,528] {processor.py:651} INFO - DAG(s) dict_keys(['tutorial_request']) retrieved from /opt/airflow/dags/hello.py
[2022-07-11 09:16:53,550] {logging_mixin.py:115} INFO - [2022-07-11 09:16:53,550] {dag.py:2379} INFO - Sync 1 DAGs
[2022-07-11 09:16:53,567] {logging_mixin.py:115} INFO - [2022-07-11 09:16:53,567] {dag.py:2931} INFO - Setting next_dagrun for tutorial_request to 2022-07-11T09:15:10.559320+00:00, run_after=2022-07-12T09:15:10.559320+00:00
[2022-07-11 09:16:53,575] {processor.py:161} INFO - Processing /opt/airflow/dags/hello.py took 0.521 seconds
[2022-07-11 09:17:23,805] {processor.py:153} INFO - Started process (PID=358) to work on /opt/airflow/dags/hello.py
[2022-07-11 09:17:23,807] {processor.py:641} INFO - Processing file /opt/airflow/dags/hello.py for tasks to queue
[2022-07-11 09:17:23,809] {logging_mixin.py:115} INFO - [2022-07-11 09:17:23,809] {dagbag.py:507} INFO - Filling up the DagBag from /opt/airflow/dags/hello.py
[2022-07-11 09:17:24,781] {processor.py:651} INFO - DAG(s) dict_keys(['tutorial_request']) retrieved from /opt/airflow/dags/hello.py
[2022-07-11 09:17:24,823] {logging_mixin.py:115} INFO - [2022-07-11 09:17:24,823] {dag.py:2379} INFO - Sync 1 DAGs
[2022-07-11 09:17:24,858] {logging_mixin.py:115} INFO - [2022-07-11 09:17:24,858] {dag.py:2931} INFO - Setting next_dagrun for tutorial_request to 2022-07-11T09:15:10.559320+00:00, run_after=2022-07-12T09:15:10.559320+00:00
[2022-07-11 09:17:24,877] {processor.py:161} INFO - Processing /opt/airflow/dags/hello.py took 1.075 seconds
[2022-07-11 09:17:55,013] {processor.py:153} INFO - Started process (PID=427) to work on /opt/airflow/dags/hello.py
[2022-07-11 09:17:55,015] {processor.py:641} INFO - Processing file /opt/airflow/dags/hello.py for tasks to queue
[2022-07-11 09:17:55,017] {logging_mixin.py:115} INFO - [2022-07-11 09:17:55,017] {dagbag.py:507} INFO - Filling up the DagBag from /opt/airflow/dags/hello.py
[2022-07-11 09:17:55,517] {processor.py:651} INFO - DAG(s) dict_keys(['tutorial_request']) retrieved from /opt/airflow/dags/hello.py
[2022-07-11 09:17:55,562] {logging_mixin.py:115} INFO - [2022-07-11 09:17:55,561] {dag.py:2379} INFO - Sync 1 DAGs
[2022-07-11 09:17:55,589] {logging_mixin.py:115} INFO - [2022-07-11 09:17:55,588] {dag.py:2931} INFO - Setting next_dagrun for tutorial_request to 2022-07-11T09:15:10.559320+00:00, run_after=2022-07-12T09:15:10.559320+00:00
[2022-07-11 09:17:55,602] {processor.py:161} INFO - Processing /opt/airflow/dags/hello.py took 0.592 seconds
[2022-07-11 09:18:26,568] {processor.py:153} INFO - Started process (PID=493) to work on /opt/airflow/dags/hello.py
[2022-07-11 09:18:26,570] {processor.py:641} INFO - Processing file /opt/airflow/dags/hello.py for tasks to queue
[2022-07-11 09:18:26,571] {logging_mixin.py:115} INFO - [2022-07-11 09:18:26,571] {dagbag.py:507} INFO - Filling up the DagBag from /opt/airflow/dags/hello.py
[2022-07-11 09:18:27,108] {processor.py:651} INFO - DAG(s) dict_keys(['tutorial_request']) retrieved from /opt/airflow/dags/hello.py
[2022-07-11 09:18:27,128] {logging_mixin.py:115} INFO - [2022-07-11 09:18:27,127] {dag.py:2379} INFO - Sync 1 DAGs
[2022-07-11 09:18:27,153] {logging_mixin.py:115} INFO - [2022-07-11 09:18:27,153] {dag.py:2931} INFO - Setting next_dagrun for tutorial_request to 2022-07-11T09:15:10.559320+00:00, run_after=2022-07-12T09:15:10.559320+00:00
[2022-07-11 09:18:27,166] {processor.py:161} INFO - Processing /opt/airflow/dags/hello.py took 0.600 seconds
[2022-07-11 09:18:57,689] {processor.py:153} INFO - Started process (PID=558) to work on /opt/airflow/dags/hello.py
[2022-07-11 09:18:57,692] {processor.py:641} INFO - Processing file /opt/airflow/dags/hello.py for tasks to queue
[2022-07-11 09:18:57,695] {logging_mixin.py:115} INFO - [2022-07-11 09:18:57,695] {dagbag.py:507} INFO - Filling up the DagBag from /opt/airflow/dags/hello.py
[2022-07-11 09:18:58,021] {processor.py:651} INFO - DAG(s) dict_keys(['tutorial_request']) retrieved from /opt/airflow/dags/hello.py
[2022-07-11 09:18:58,042] {logging_mixin.py:115} INFO - [2022-07-11 09:18:58,041] {dag.py:2379} INFO - Sync 1 DAGs
[2022-07-11 09:18:58,063] {logging_mixin.py:115} INFO - [2022-07-11 09:18:58,063] {dag.py:2931} INFO - Setting next_dagrun for tutorial_request to 2022-07-11T09:15:10.559320+00:00, run_after=2022-07-12T09:15:10.559320+00:00
[2022-07-11 09:18:58,072] {processor.py:161} INFO - Processing /opt/airflow/dags/hello.py took 0.385 seconds
[2022-07-11 09:19:28,469] {processor.py:153} INFO - Started process (PID=614) to work on /opt/airflow/dags/hello.py
[2022-07-11 09:19:28,471] {processor.py:641} INFO - Processing file /opt/airflow/dags/hello.py for tasks to queue
[2022-07-11 09:19:28,472] {logging_mixin.py:115} INFO - [2022-07-11 09:19:28,472] {dagbag.py:507} INFO - Filling up the DagBag from /opt/airflow/dags/hello.py
[2022-07-11 09:19:28,768] {processor.py:651} INFO - DAG(s) dict_keys(['tutorial_request']) retrieved from /opt/airflow/dags/hello.py
[2022-07-11 09:19:28,785] {logging_mixin.py:115} INFO - [2022-07-11 09:19:28,785] {dag.py:2379} INFO - Sync 1 DAGs
[2022-07-11 09:19:28,798] {logging_mixin.py:115} INFO - [2022-07-11 09:19:28,798] {dag.py:2931} INFO - Setting next_dagrun for tutorial_request to 2022-07-11T09:15:10.559320+00:00, run_after=2022-07-12T09:15:10.559320+00:00
[2022-07-11 09:19:28,811] {processor.py:161} INFO - Processing /opt/airflow/dags/hello.py took 0.344 seconds
[2022-07-11 09:19:59,135] {processor.py:153} INFO - Started process (PID=679) to work on /opt/airflow/dags/hello.py
[2022-07-11 09:19:59,137] {processor.py:641} INFO - Processing file /opt/airflow/dags/hello.py for tasks to queue
[2022-07-11 09:19:59,140] {logging_mixin.py:115} INFO - [2022-07-11 09:19:59,140] {dagbag.py:507} INFO - Filling up the DagBag from /opt/airflow/dags/hello.py
[2022-07-11 09:19:59,545] {processor.py:651} INFO - DAG(s) dict_keys(['tutorial_request']) retrieved from /opt/airflow/dags/hello.py
[2022-07-11 09:19:59,560] {logging_mixin.py:115} INFO - [2022-07-11 09:19:59,560] {dag.py:2379} INFO - Sync 1 DAGs
[2022-07-11 09:19:59,582] {logging_mixin.py:115} INFO - [2022-07-11 09:19:59,582] {dag.py:2931} INFO - Setting next_dagrun for tutorial_request to 2022-07-11T09:15:10.559320+00:00, run_after=2022-07-12T09:15:10.559320+00:00
[2022-07-11 09:19:59,593] {processor.py:161} INFO - Processing /opt/airflow/dags/hello.py took 0.461 seconds
[2022-07-11 09:20:29,870] {processor.py:153} INFO - Started process (PID=743) to work on /opt/airflow/dags/hello.py
[2022-07-11 09:20:29,873] {processor.py:641} INFO - Processing file /opt/airflow/dags/hello.py for tasks to queue
[2022-07-11 09:20:29,878] {logging_mixin.py:115} INFO - [2022-07-11 09:20:29,878] {dagbag.py:507} INFO - Filling up the DagBag from /opt/airflow/dags/hello.py
[2022-07-11 09:20:30,242] {processor.py:651} INFO - DAG(s) dict_keys(['tutorial_request']) retrieved from /opt/airflow/dags/hello.py
[2022-07-11 09:20:30,261] {logging_mixin.py:115} INFO - [2022-07-11 09:20:30,261] {dag.py:2379} INFO - Sync 1 DAGs
[2022-07-11 09:20:30,287] {logging_mixin.py:115} INFO - [2022-07-11 09:20:30,286] {dag.py:2931} INFO - Setting next_dagrun for tutorial_request to 2022-07-11T09:15:10.559320+00:00, run_after=2022-07-12T09:15:10.559320+00:00
[2022-07-11 09:20:30,301] {processor.py:161} INFO - Processing /opt/airflow/dags/hello.py took 0.434 seconds
[2022-07-11 09:21:00,473] {processor.py:153} INFO - Started process (PID=810) to work on /opt/airflow/dags/hello.py
[2022-07-11 09:21:00,475] {processor.py:641} INFO - Processing file /opt/airflow/dags/hello.py for tasks to queue
[2022-07-11 09:21:00,477] {logging_mixin.py:115} INFO - [2022-07-11 09:21:00,477] {dagbag.py:507} INFO - Filling up the DagBag from /opt/airflow/dags/hello.py
[2022-07-11 09:21:00,775] {processor.py:651} INFO - DAG(s) dict_keys(['tutorial_request']) retrieved from /opt/airflow/dags/hello.py
[2022-07-11 09:21:00,816] {logging_mixin.py:115} INFO - [2022-07-11 09:21:00,816] {dag.py:2379} INFO - Sync 1 DAGs
[2022-07-11 09:21:00,838] {logging_mixin.py:115} INFO - [2022-07-11 09:21:00,838] {dag.py:2931} INFO - Setting next_dagrun for tutorial_request to 2022-07-11T09:15:10.559320+00:00, run_after=2022-07-12T09:15:10.559320+00:00
[2022-07-11 09:21:00,851] {processor.py:161} INFO - Processing /opt/airflow/dags/hello.py took 0.380 seconds
[2022-07-11 09:21:30,974] {processor.py:153} INFO - Started process (PID=873) to work on /opt/airflow/dags/hello.py
[2022-07-11 09:21:30,976] {processor.py:641} INFO - Processing file /opt/airflow/dags/hello.py for tasks to queue
[2022-07-11 09:21:30,980] {logging_mixin.py:115} INFO - [2022-07-11 09:21:30,980] {dagbag.py:507} INFO - Filling up the DagBag from /opt/airflow/dags/hello.py
[2022-07-11 09:21:31,375] {processor.py:651} INFO - DAG(s) dict_keys(['tutorial_request']) retrieved from /opt/airflow/dags/hello.py
[2022-07-11 09:21:31,408] {logging_mixin.py:115} INFO - [2022-07-11 09:21:31,407] {dag.py:2379} INFO - Sync 1 DAGs
[2022-07-11 09:21:31,431] {logging_mixin.py:115} INFO - [2022-07-11 09:21:31,431] {dag.py:2931} INFO - Setting next_dagrun for tutorial_request to 2022-07-11T09:15:10.559320+00:00, run_after=2022-07-12T09:15:10.559320+00:00
[2022-07-11 09:21:31,439] {processor.py:161} INFO - Processing /opt/airflow/dags/hello.py took 0.467 seconds
[2022-07-11 09:22:01,510] {processor.py:153} INFO - Started process (PID=930) to work on /opt/airflow/dags/hello.py
[2022-07-11 09:22:01,511] {processor.py:641} INFO - Processing file /opt/airflow/dags/hello.py for tasks to queue
[2022-07-11 09:22:01,513] {logging_mixin.py:115} INFO - [2022-07-11 09:22:01,513] {dagbag.py:507} INFO - Filling up the DagBag from /opt/airflow/dags/hello.py
[2022-07-11 09:22:01,857] {processor.py:651} INFO - DAG(s) dict_keys(['tutorial_request']) retrieved from /opt/airflow/dags/hello.py
[2022-07-11 09:22:01,892] {logging_mixin.py:115} INFO - [2022-07-11 09:22:01,891] {dag.py:2379} INFO - Sync 1 DAGs
[2022-07-11 09:22:01,908] {logging_mixin.py:115} INFO - [2022-07-11 09:22:01,908] {dag.py:2931} INFO - Setting next_dagrun for tutorial_request to 2022-07-11T09:15:10.559320+00:00, run_after=2022-07-12T09:15:10.559320+00:00
[2022-07-11 09:22:01,918] {processor.py:161} INFO - Processing /opt/airflow/dags/hello.py took 0.412 seconds
[2022-07-11 09:22:32,033] {processor.py:153} INFO - Started process (PID=998) to work on /opt/airflow/dags/hello.py
[2022-07-11 09:22:32,035] {processor.py:641} INFO - Processing file /opt/airflow/dags/hello.py for tasks to queue
[2022-07-11 09:22:32,036] {logging_mixin.py:115} INFO - [2022-07-11 09:22:32,036] {dagbag.py:507} INFO - Filling up the DagBag from /opt/airflow/dags/hello.py
[2022-07-11 09:22:32,478] {processor.py:651} INFO - DAG(s) dict_keys(['tutorial_request']) retrieved from /opt/airflow/dags/hello.py
[2022-07-11 09:22:32,513] {logging_mixin.py:115} INFO - [2022-07-11 09:22:32,513] {dag.py:2379} INFO - Sync 1 DAGs
[2022-07-11 09:22:32,545] {logging_mixin.py:115} INFO - [2022-07-11 09:22:32,544] {dag.py:2931} INFO - Setting next_dagrun for tutorial_request to 2022-07-11T09:15:10.559320+00:00, run_after=2022-07-12T09:15:10.559320+00:00
[2022-07-11 09:22:32,564] {processor.py:161} INFO - Processing /opt/airflow/dags/hello.py took 0.533 seconds
[2022-07-11 09:23:03,458] {processor.py:153} INFO - Started process (PID=1065) to work on /opt/airflow/dags/hello.py
[2022-07-11 09:23:03,459] {processor.py:641} INFO - Processing file /opt/airflow/dags/hello.py for tasks to queue
[2022-07-11 09:23:03,463] {logging_mixin.py:115} INFO - [2022-07-11 09:23:03,463] {dagbag.py:507} INFO - Filling up the DagBag from /opt/airflow/dags/hello.py
[2022-07-11 09:23:03,905] {processor.py:651} INFO - DAG(s) dict_keys(['tutorial_request']) retrieved from /opt/airflow/dags/hello.py
[2022-07-11 09:23:03,921] {logging_mixin.py:115} INFO - [2022-07-11 09:23:03,920] {dag.py:2379} INFO - Sync 1 DAGs
[2022-07-11 09:23:03,943] {logging_mixin.py:115} INFO - [2022-07-11 09:23:03,943] {dag.py:2931} INFO - Setting next_dagrun for tutorial_request to 2022-07-11T09:15:10.559320+00:00, run_after=2022-07-12T09:15:10.559320+00:00
[2022-07-11 09:23:03,960] {processor.py:161} INFO - Processing /opt/airflow/dags/hello.py took 0.504 seconds
[2022-07-11 09:23:34,683] {processor.py:153} INFO - Started process (PID=1130) to work on /opt/airflow/dags/hello.py
[2022-07-11 09:23:34,684] {processor.py:641} INFO - Processing file /opt/airflow/dags/hello.py for tasks to queue
[2022-07-11 09:23:34,686] {logging_mixin.py:115} INFO - [2022-07-11 09:23:34,686] {dagbag.py:507} INFO - Filling up the DagBag from /opt/airflow/dags/hello.py
[2022-07-11 09:23:34,975] {processor.py:651} INFO - DAG(s) dict_keys(['tutorial_request']) retrieved from /opt/airflow/dags/hello.py
[2022-07-11 09:23:34,993] {logging_mixin.py:115} INFO - [2022-07-11 09:23:34,993] {dag.py:2379} INFO - Sync 1 DAGs
[2022-07-11 09:23:35,009] {logging_mixin.py:115} INFO - [2022-07-11 09:23:35,009] {dag.py:2931} INFO - Setting next_dagrun for tutorial_request to 2022-07-11T09:15:10.559320+00:00, run_after=2022-07-12T09:15:10.559320+00:00
[2022-07-11 09:23:35,026] {processor.py:161} INFO - Processing /opt/airflow/dags/hello.py took 0.346 seconds
[2022-07-11 09:24:05,836] {processor.py:153} INFO - Started process (PID=1194) to work on /opt/airflow/dags/hello.py
[2022-07-11 09:24:05,837] {processor.py:641} INFO - Processing file /opt/airflow/dags/hello.py for tasks to queue
[2022-07-11 09:24:05,839] {logging_mixin.py:115} INFO - [2022-07-11 09:24:05,839] {dagbag.py:507} INFO - Filling up the DagBag from /opt/airflow/dags/hello.py
[2022-07-11 09:24:06,100] {processor.py:651} INFO - DAG(s) dict_keys(['tutorial_request']) retrieved from /opt/airflow/dags/hello.py
[2022-07-11 09:24:06,114] {logging_mixin.py:115} INFO - [2022-07-11 09:24:06,114] {dag.py:2379} INFO - Sync 1 DAGs
[2022-07-11 09:24:06,126] {logging_mixin.py:115} INFO - [2022-07-11 09:24:06,126] {dag.py:2931} INFO - Setting next_dagrun for tutorial_request to 2022-07-11T09:15:10.559320+00:00, run_after=2022-07-12T09:15:10.559320+00:00
[2022-07-11 09:24:06,135] {processor.py:161} INFO - Processing /opt/airflow/dags/hello.py took 0.302 seconds
[2022-07-11 09:24:36,453] {processor.py:153} INFO - Started process (PID=1258) to work on /opt/airflow/dags/hello.py
[2022-07-11 09:24:36,455] {processor.py:641} INFO - Processing file /opt/airflow/dags/hello.py for tasks to queue
[2022-07-11 09:24:36,456] {logging_mixin.py:115} INFO - [2022-07-11 09:24:36,456] {dagbag.py:507} INFO - Filling up the DagBag from /opt/airflow/dags/hello.py
[2022-07-11 09:24:36,768] {processor.py:651} INFO - DAG(s) dict_keys(['tutorial_request']) retrieved from /opt/airflow/dags/hello.py
[2022-07-11 09:24:36,799] {logging_mixin.py:115} INFO - [2022-07-11 09:24:36,799] {dag.py:2379} INFO - Sync 1 DAGs
[2022-07-11 09:24:36,829] {logging_mixin.py:115} INFO - [2022-07-11 09:24:36,829] {dag.py:2931} INFO - Setting next_dagrun for tutorial_request to 2022-07-11T09:15:10.559320+00:00, run_after=2022-07-12T09:15:10.559320+00:00
[2022-07-11 09:24:36,860] {processor.py:161} INFO - Processing /opt/airflow/dags/hello.py took 0.410 seconds
[2022-07-11 09:25:06,925] {processor.py:153} INFO - Started process (PID=1321) to work on /opt/airflow/dags/hello.py
[2022-07-11 09:25:06,927] {processor.py:641} INFO - Processing file /opt/airflow/dags/hello.py for tasks to queue
[2022-07-11 09:25:06,928] {logging_mixin.py:115} INFO - [2022-07-11 09:25:06,928] {dagbag.py:507} INFO - Filling up the DagBag from /opt/airflow/dags/hello.py
[2022-07-11 09:25:07,553] {processor.py:651} INFO - DAG(s) dict_keys(['tutorial_request']) retrieved from /opt/airflow/dags/hello.py
[2022-07-11 09:25:07,571] {logging_mixin.py:115} INFO - [2022-07-11 09:25:07,571] {dag.py:2379} INFO - Sync 1 DAGs
[2022-07-11 09:25:07,592] {logging_mixin.py:115} INFO - [2022-07-11 09:25:07,592] {dag.py:2931} INFO - Setting next_dagrun for tutorial_request to 2022-07-11T09:15:10.559320+00:00, run_after=2022-07-12T09:15:10.559320+00:00
[2022-07-11 09:25:07,607] {processor.py:161} INFO - Processing /opt/airflow/dags/hello.py took 0.684 seconds
[2022-07-11 09:25:37,845] {processor.py:153} INFO - Started process (PID=1378) to work on /opt/airflow/dags/hello.py
[2022-07-11 09:25:37,849] {processor.py:641} INFO - Processing file /opt/airflow/dags/hello.py for tasks to queue
[2022-07-11 09:25:37,850] {logging_mixin.py:115} INFO - [2022-07-11 09:25:37,850] {dagbag.py:507} INFO - Filling up the DagBag from /opt/airflow/dags/hello.py
[2022-07-11 09:25:38,167] {processor.py:651} INFO - DAG(s) dict_keys(['tutorial_request']) retrieved from /opt/airflow/dags/hello.py
[2022-07-11 09:25:38,200] {logging_mixin.py:115} INFO - [2022-07-11 09:25:38,198] {dag.py:2379} INFO - Sync 1 DAGs
[2022-07-11 09:25:38,219] {logging_mixin.py:115} INFO - [2022-07-11 09:25:38,219] {dag.py:2931} INFO - Setting next_dagrun for tutorial_request to 2022-07-11T09:15:10.559320+00:00, run_after=2022-07-12T09:15:10.559320+00:00
[2022-07-11 09:25:38,227] {processor.py:161} INFO - Processing /opt/airflow/dags/hello.py took 0.385 seconds
[2022-07-11 09:26:08,309] {processor.py:153} INFO - Started process (PID=1444) to work on /opt/airflow/dags/hello.py
[2022-07-11 09:26:08,311] {processor.py:641} INFO - Processing file /opt/airflow/dags/hello.py for tasks to queue
[2022-07-11 09:26:08,313] {logging_mixin.py:115} INFO - [2022-07-11 09:26:08,313] {dagbag.py:507} INFO - Filling up the DagBag from /opt/airflow/dags/hello.py
[2022-07-11 09:26:08,676] {processor.py:651} INFO - DAG(s) dict_keys(['tutorial_request']) retrieved from /opt/airflow/dags/hello.py
[2022-07-11 09:26:08,697] {logging_mixin.py:115} INFO - [2022-07-11 09:26:08,696] {dag.py:2379} INFO - Sync 1 DAGs
[2022-07-11 09:26:08,708] {logging_mixin.py:115} INFO - [2022-07-11 09:26:08,708] {dag.py:2931} INFO - Setting next_dagrun for tutorial_request to 2022-07-11T09:15:10.559320+00:00, run_after=2022-07-12T09:15:10.559320+00:00
[2022-07-11 09:26:08,715] {processor.py:161} INFO - Processing /opt/airflow/dags/hello.py took 0.409 seconds
[2022-07-11 09:26:38,773] {processor.py:153} INFO - Started process (PID=1510) to work on /opt/airflow/dags/hello.py
[2022-07-11 09:26:38,777] {processor.py:641} INFO - Processing file /opt/airflow/dags/hello.py for tasks to queue
[2022-07-11 09:26:38,786] {logging_mixin.py:115} INFO - [2022-07-11 09:26:38,779] {dagbag.py:507} INFO - Filling up the DagBag from /opt/airflow/dags/hello.py
[2022-07-11 09:26:39,135] {processor.py:651} INFO - DAG(s) dict_keys(['tutorial_request']) retrieved from /opt/airflow/dags/hello.py
[2022-07-11 09:26:39,161] {logging_mixin.py:115} INFO - [2022-07-11 09:26:39,161] {dag.py:2379} INFO - Sync 1 DAGs
[2022-07-11 09:26:39,184] {logging_mixin.py:115} INFO - [2022-07-11 09:26:39,184] {dag.py:2931} INFO - Setting next_dagrun for tutorial_request to 2022-07-11T09:15:10.559320+00:00, run_after=2022-07-12T09:15:10.559320+00:00
[2022-07-11 09:26:39,209] {processor.py:161} INFO - Processing /opt/airflow/dags/hello.py took 0.438 seconds
[2022-07-11 09:27:09,265] {processor.py:153} INFO - Started process (PID=1576) to work on /opt/airflow/dags/hello.py
[2022-07-11 09:27:09,267] {processor.py:641} INFO - Processing file /opt/airflow/dags/hello.py for tasks to queue
[2022-07-11 09:27:09,268] {logging_mixin.py:115} INFO - [2022-07-11 09:27:09,268] {dagbag.py:507} INFO - Filling up the DagBag from /opt/airflow/dags/hello.py
[2022-07-11 09:27:09,521] {processor.py:651} INFO - DAG(s) dict_keys(['tutorial_request']) retrieved from /opt/airflow/dags/hello.py
[2022-07-11 09:27:09,535] {logging_mixin.py:115} INFO - [2022-07-11 09:27:09,534] {dag.py:2379} INFO - Sync 1 DAGs
[2022-07-11 09:27:09,551] {logging_mixin.py:115} INFO - [2022-07-11 09:27:09,551] {dag.py:2931} INFO - Setting next_dagrun for tutorial_request to 2022-07-11T09:15:10.559320+00:00, run_after=2022-07-12T09:15:10.559320+00:00
[2022-07-11 09:27:09,559] {processor.py:161} INFO - Processing /opt/airflow/dags/hello.py took 0.296 seconds
[2022-07-11 09:27:39,677] {processor.py:153} INFO - Started process (PID=1639) to work on /opt/airflow/dags/hello.py
[2022-07-11 09:27:39,679] {processor.py:641} INFO - Processing file /opt/airflow/dags/hello.py for tasks to queue
[2022-07-11 09:27:39,681] {logging_mixin.py:115} INFO - [2022-07-11 09:27:39,681] {dagbag.py:507} INFO - Filling up the DagBag from /opt/airflow/dags/hello.py
[2022-07-11 09:27:40,055] {processor.py:651} INFO - DAG(s) dict_keys(['tutorial_request']) retrieved from /opt/airflow/dags/hello.py
[2022-07-11 09:27:40,076] {logging_mixin.py:115} INFO - [2022-07-11 09:27:40,076] {dag.py:2379} INFO - Sync 1 DAGs
[2022-07-11 09:27:40,100] {logging_mixin.py:115} INFO - [2022-07-11 09:27:40,100] {dag.py:2931} INFO - Setting next_dagrun for tutorial_request to 2022-07-11T09:15:10.559320+00:00, run_after=2022-07-12T09:15:10.559320+00:00
[2022-07-11 09:27:40,117] {processor.py:161} INFO - Processing /opt/airflow/dags/hello.py took 0.443 seconds
[2022-07-11 09:28:11,069] {processor.py:153} INFO - Started process (PID=1697) to work on /opt/airflow/dags/hello.py
[2022-07-11 09:28:11,070] {processor.py:641} INFO - Processing file /opt/airflow/dags/hello.py for tasks to queue
[2022-07-11 09:28:11,072] {logging_mixin.py:115} INFO - [2022-07-11 09:28:11,072] {dagbag.py:507} INFO - Filling up the DagBag from /opt/airflow/dags/hello.py
[2022-07-11 09:28:11,367] {processor.py:651} INFO - DAG(s) dict_keys(['tutorial_request']) retrieved from /opt/airflow/dags/hello.py
[2022-07-11 09:28:11,385] {logging_mixin.py:115} INFO - [2022-07-11 09:28:11,384] {dag.py:2379} INFO - Sync 1 DAGs
[2022-07-11 09:28:11,416] {logging_mixin.py:115} INFO - [2022-07-11 09:28:11,416] {dag.py:2931} INFO - Setting next_dagrun for tutorial_request to 2022-07-11T09:15:10.559320+00:00, run_after=2022-07-12T09:15:10.559320+00:00
[2022-07-11 09:28:11,425] {processor.py:161} INFO - Processing /opt/airflow/dags/hello.py took 0.358 seconds
[2022-07-11 09:28:41,575] {processor.py:153} INFO - Started process (PID=1764) to work on /opt/airflow/dags/hello.py
[2022-07-11 09:28:41,576] {processor.py:641} INFO - Processing file /opt/airflow/dags/hello.py for tasks to queue
[2022-07-11 09:28:41,577] {logging_mixin.py:115} INFO - [2022-07-11 09:28:41,577] {dagbag.py:507} INFO - Filling up the DagBag from /opt/airflow/dags/hello.py
[2022-07-11 09:28:41,838] {processor.py:651} INFO - DAG(s) dict_keys(['tutorial_request']) retrieved from /opt/airflow/dags/hello.py
[2022-07-11 09:28:41,853] {logging_mixin.py:115} INFO - [2022-07-11 09:28:41,853] {dag.py:2379} INFO - Sync 1 DAGs
[2022-07-11 09:28:41,865] {logging_mixin.py:115} INFO - [2022-07-11 09:28:41,865] {dag.py:2931} INFO - Setting next_dagrun for tutorial_request to 2022-07-11T09:15:10.559320+00:00, run_after=2022-07-12T09:15:10.559320+00:00
[2022-07-11 09:28:41,874] {processor.py:161} INFO - Processing /opt/airflow/dags/hello.py took 0.302 seconds
[2022-07-11 09:29:11,946] {processor.py:153} INFO - Started process (PID=1830) to work on /opt/airflow/dags/hello.py
[2022-07-11 09:29:11,947] {processor.py:641} INFO - Processing file /opt/airflow/dags/hello.py for tasks to queue
[2022-07-11 09:29:11,950] {logging_mixin.py:115} INFO - [2022-07-11 09:29:11,950] {dagbag.py:507} INFO - Filling up the DagBag from /opt/airflow/dags/hello.py
[2022-07-11 09:29:12,449] {processor.py:651} INFO - DAG(s) dict_keys(['tutorial_request']) retrieved from /opt/airflow/dags/hello.py
[2022-07-11 09:29:12,475] {logging_mixin.py:115} INFO - [2022-07-11 09:29:12,474] {dag.py:2379} INFO - Sync 1 DAGs
[2022-07-11 09:29:12,488] {logging_mixin.py:115} INFO - [2022-07-11 09:29:12,488] {dag.py:2931} INFO - Setting next_dagrun for tutorial_request to 2022-07-11T09:15:10.559320+00:00, run_after=2022-07-12T09:15:10.559320+00:00
[2022-07-11 09:29:12,496] {processor.py:161} INFO - Processing /opt/airflow/dags/hello.py took 0.557 seconds
[2022-07-11 09:29:42,639] {processor.py:153} INFO - Started process (PID=1892) to work on /opt/airflow/dags/hello.py
[2022-07-11 09:29:42,640] {processor.py:641} INFO - Processing file /opt/airflow/dags/hello.py for tasks to queue
[2022-07-11 09:29:42,642] {logging_mixin.py:115} INFO - [2022-07-11 09:29:42,642] {dagbag.py:507} INFO - Filling up the DagBag from /opt/airflow/dags/hello.py
[2022-07-11 09:29:42,951] {processor.py:651} INFO - DAG(s) dict_keys(['tutorial_request']) retrieved from /opt/airflow/dags/hello.py
[2022-07-11 09:29:42,972] {logging_mixin.py:115} INFO - [2022-07-11 09:29:42,971] {dag.py:2379} INFO - Sync 1 DAGs
[2022-07-11 09:29:42,987] {logging_mixin.py:115} INFO - [2022-07-11 09:29:42,987] {dag.py:2931} INFO - Setting next_dagrun for tutorial_request to 2022-07-11T09:15:10.559320+00:00, run_after=2022-07-12T09:15:10.559320+00:00
[2022-07-11 09:29:42,996] {processor.py:161} INFO - Processing /opt/airflow/dags/hello.py took 0.359 seconds
[2022-07-11 09:30:13,608] {processor.py:153} INFO - Started process (PID=1956) to work on /opt/airflow/dags/hello.py
[2022-07-11 09:30:13,610] {processor.py:641} INFO - Processing file /opt/airflow/dags/hello.py for tasks to queue
[2022-07-11 09:30:13,621] {logging_mixin.py:115} INFO - [2022-07-11 09:30:13,621] {dagbag.py:507} INFO - Filling up the DagBag from /opt/airflow/dags/hello.py
[2022-07-11 09:30:13,941] {processor.py:651} INFO - DAG(s) dict_keys(['tutorial_request']) retrieved from /opt/airflow/dags/hello.py
[2022-07-11 09:30:13,965] {logging_mixin.py:115} INFO - [2022-07-11 09:30:13,965] {dag.py:2379} INFO - Sync 1 DAGs
[2022-07-11 09:30:13,990] {logging_mixin.py:115} INFO - [2022-07-11 09:30:13,990] {dag.py:2931} INFO - Setting next_dagrun for tutorial_request to 2022-07-11T09:15:10.559320+00:00, run_after=2022-07-12T09:15:10.559320+00:00
[2022-07-11 09:30:14,001] {processor.py:161} INFO - Processing /opt/airflow/dags/hello.py took 0.395 seconds
[2022-07-11 09:30:44,246] {processor.py:153} INFO - Started process (PID=2012) to work on /opt/airflow/dags/hello.py
[2022-07-11 09:30:44,247] {processor.py:641} INFO - Processing file /opt/airflow/dags/hello.py for tasks to queue
[2022-07-11 09:30:44,248] {logging_mixin.py:115} INFO - [2022-07-11 09:30:44,248] {dagbag.py:507} INFO - Filling up the DagBag from /opt/airflow/dags/hello.py
[2022-07-11 09:30:44,514] {processor.py:651} INFO - DAG(s) dict_keys(['tutorial_request']) retrieved from /opt/airflow/dags/hello.py
[2022-07-11 09:30:44,528] {logging_mixin.py:115} INFO - [2022-07-11 09:30:44,528] {dag.py:2379} INFO - Sync 1 DAGs
[2022-07-11 09:30:44,541] {logging_mixin.py:115} INFO - [2022-07-11 09:30:44,540] {dag.py:2931} INFO - Setting next_dagrun for tutorial_request to 2022-07-11T09:15:10.559320+00:00, run_after=2022-07-12T09:15:10.559320+00:00
[2022-07-11 09:30:44,552] {processor.py:161} INFO - Processing /opt/airflow/dags/hello.py took 0.310 seconds
[2022-07-11 09:31:14,638] {processor.py:153} INFO - Started process (PID=2080) to work on /opt/airflow/dags/hello.py
[2022-07-11 09:31:14,639] {processor.py:641} INFO - Processing file /opt/airflow/dags/hello.py for tasks to queue
[2022-07-11 09:31:14,641] {logging_mixin.py:115} INFO - [2022-07-11 09:31:14,641] {dagbag.py:507} INFO - Filling up the DagBag from /opt/airflow/dags/hello.py
[2022-07-11 09:31:14,928] {processor.py:651} INFO - DAG(s) dict_keys(['tutorial_request']) retrieved from /opt/airflow/dags/hello.py
[2022-07-11 09:31:14,949] {logging_mixin.py:115} INFO - [2022-07-11 09:31:14,948] {dag.py:2379} INFO - Sync 1 DAGs
[2022-07-11 09:31:14,969] {logging_mixin.py:115} INFO - [2022-07-11 09:31:14,969] {dag.py:2931} INFO - Setting next_dagrun for tutorial_request to 2022-07-11T09:15:10.559320+00:00, run_after=2022-07-12T09:15:10.559320+00:00
[2022-07-11 09:31:14,977] {processor.py:161} INFO - Processing /opt/airflow/dags/hello.py took 0.341 seconds
[2022-07-11 09:31:45,029] {processor.py:153} INFO - Started process (PID=2150) to work on /opt/airflow/dags/hello.py
[2022-07-11 09:31:45,030] {processor.py:641} INFO - Processing file /opt/airflow/dags/hello.py for tasks to queue
[2022-07-11 09:31:45,031] {logging_mixin.py:115} INFO - [2022-07-11 09:31:45,031] {dagbag.py:507} INFO - Filling up the DagBag from /opt/airflow/dags/hello.py
[2022-07-11 09:31:45,254] {processor.py:651} INFO - DAG(s) dict_keys(['tutorial_request']) retrieved from /opt/airflow/dags/hello.py
[2022-07-11 09:31:45,267] {logging_mixin.py:115} INFO - [2022-07-11 09:31:45,266] {dag.py:2379} INFO - Sync 1 DAGs
[2022-07-11 09:31:45,277] {logging_mixin.py:115} INFO - [2022-07-11 09:31:45,277] {dag.py:2931} INFO - Setting next_dagrun for tutorial_request to 2022-07-11T09:15:10.559320+00:00, run_after=2022-07-12T09:15:10.559320+00:00
[2022-07-11 09:31:45,285] {processor.py:161} INFO - Processing /opt/airflow/dags/hello.py took 0.258 seconds
[2022-07-11 09:32:15,448] {processor.py:153} INFO - Started process (PID=2213) to work on /opt/airflow/dags/hello.py
[2022-07-11 09:32:15,450] {processor.py:641} INFO - Processing file /opt/airflow/dags/hello.py for tasks to queue
[2022-07-11 09:32:15,453] {logging_mixin.py:115} INFO - [2022-07-11 09:32:15,452] {dagbag.py:507} INFO - Filling up the DagBag from /opt/airflow/dags/hello.py
[2022-07-11 09:32:15,763] {processor.py:651} INFO - DAG(s) dict_keys(['tutorial_request']) retrieved from /opt/airflow/dags/hello.py
[2022-07-11 09:32:15,801] {logging_mixin.py:115} INFO - [2022-07-11 09:32:15,800] {dag.py:2379} INFO - Sync 1 DAGs
[2022-07-11 09:32:15,823] {logging_mixin.py:115} INFO - [2022-07-11 09:32:15,822] {dag.py:2931} INFO - Setting next_dagrun for tutorial_request to 2022-07-11T09:15:10.559320+00:00, run_after=2022-07-12T09:15:10.559320+00:00
[2022-07-11 09:32:15,831] {processor.py:161} INFO - Processing /opt/airflow/dags/hello.py took 0.386 seconds
[2022-07-11 09:32:46,786] {processor.py:153} INFO - Started process (PID=2279) to work on /opt/airflow/dags/hello.py
[2022-07-11 09:32:46,787] {processor.py:641} INFO - Processing file /opt/airflow/dags/hello.py for tasks to queue
[2022-07-11 09:32:46,790] {logging_mixin.py:115} INFO - [2022-07-11 09:32:46,790] {dagbag.py:507} INFO - Filling up the DagBag from /opt/airflow/dags/hello.py
[2022-07-11 09:32:47,053] {processor.py:651} INFO - DAG(s) dict_keys(['tutorial_request']) retrieved from /opt/airflow/dags/hello.py
[2022-07-11 09:32:47,066] {logging_mixin.py:115} INFO - [2022-07-11 09:32:47,065] {dag.py:2379} INFO - Sync 1 DAGs
[2022-07-11 09:32:47,077] {logging_mixin.py:115} INFO - [2022-07-11 09:32:47,077] {dag.py:2931} INFO - Setting next_dagrun for tutorial_request to 2022-07-11T09:15:10.559320+00:00, run_after=2022-07-12T09:15:10.559320+00:00
[2022-07-11 09:32:47,085] {processor.py:161} INFO - Processing /opt/airflow/dags/hello.py took 0.301 seconds
[2022-07-11 09:33:17,274] {processor.py:153} INFO - Started process (PID=2344) to work on /opt/airflow/dags/hello.py
[2022-07-11 09:33:17,276] {processor.py:641} INFO - Processing file /opt/airflow/dags/hello.py for tasks to queue
[2022-07-11 09:33:17,276] {logging_mixin.py:115} INFO - [2022-07-11 09:33:17,276] {dagbag.py:507} INFO - Filling up the DagBag from /opt/airflow/dags/hello.py
[2022-07-11 09:33:17,532] {processor.py:651} INFO - DAG(s) dict_keys(['tutorial_request']) retrieved from /opt/airflow/dags/hello.py
[2022-07-11 09:33:17,546] {logging_mixin.py:115} INFO - [2022-07-11 09:33:17,546] {dag.py:2379} INFO - Sync 1 DAGs
[2022-07-11 09:33:17,557] {logging_mixin.py:115} INFO - [2022-07-11 09:33:17,557] {dag.py:2931} INFO - Setting next_dagrun for tutorial_request to 2022-07-11T09:15:10.559320+00:00, run_after=2022-07-12T09:15:10.559320+00:00
[2022-07-11 09:33:17,565] {processor.py:161} INFO - Processing /opt/airflow/dags/hello.py took 0.293 seconds
[2022-07-11 09:33:47,617] {processor.py:153} INFO - Started process (PID=2400) to work on /opt/airflow/dags/hello.py
[2022-07-11 09:33:47,619] {processor.py:641} INFO - Processing file /opt/airflow/dags/hello.py for tasks to queue
[2022-07-11 09:33:47,620] {logging_mixin.py:115} INFO - [2022-07-11 09:33:47,620] {dagbag.py:507} INFO - Filling up the DagBag from /opt/airflow/dags/hello.py
[2022-07-11 09:33:47,886] {processor.py:651} INFO - DAG(s) dict_keys(['tutorial_request']) retrieved from /opt/airflow/dags/hello.py
[2022-07-11 09:33:47,899] {logging_mixin.py:115} INFO - [2022-07-11 09:33:47,898] {dag.py:2379} INFO - Sync 1 DAGs
[2022-07-11 09:33:47,910] {logging_mixin.py:115} INFO - [2022-07-11 09:33:47,910] {dag.py:2931} INFO - Setting next_dagrun for tutorial_request to 2022-07-11T09:15:10.559320+00:00, run_after=2022-07-12T09:15:10.559320+00:00
[2022-07-11 09:33:47,918] {processor.py:161} INFO - Processing /opt/airflow/dags/hello.py took 0.303 seconds
[2022-07-11 09:34:17,985] {processor.py:153} INFO - Started process (PID=2465) to work on /opt/airflow/dags/hello.py
[2022-07-11 09:34:17,987] {processor.py:641} INFO - Processing file /opt/airflow/dags/hello.py for tasks to queue
[2022-07-11 09:34:17,988] {logging_mixin.py:115} INFO - [2022-07-11 09:34:17,988] {dagbag.py:507} INFO - Filling up the DagBag from /opt/airflow/dags/hello.py
[2022-07-11 09:34:18,263] {processor.py:651} INFO - DAG(s) dict_keys(['tutorial_request']) retrieved from /opt/airflow/dags/hello.py
[2022-07-11 09:34:18,276] {logging_mixin.py:115} INFO - [2022-07-11 09:34:18,276] {dag.py:2379} INFO - Sync 1 DAGs
[2022-07-11 09:34:18,289] {logging_mixin.py:115} INFO - [2022-07-11 09:34:18,289] {dag.py:2931} INFO - Setting next_dagrun for tutorial_request to 2022-07-11T09:15:10.559320+00:00, run_after=2022-07-12T09:15:10.559320+00:00
[2022-07-11 09:34:18,307] {processor.py:161} INFO - Processing /opt/airflow/dags/hello.py took 0.325 seconds
[2022-07-11 09:34:48,466] {processor.py:153} INFO - Started process (PID=2530) to work on /opt/airflow/dags/hello.py
[2022-07-11 09:34:48,476] {processor.py:641} INFO - Processing file /opt/airflow/dags/hello.py for tasks to queue
[2022-07-11 09:34:48,478] {logging_mixin.py:115} INFO - [2022-07-11 09:34:48,478] {dagbag.py:507} INFO - Filling up the DagBag from /opt/airflow/dags/hello.py
[2022-07-11 09:34:48,757] {processor.py:651} INFO - DAG(s) dict_keys(['tutorial_request']) retrieved from /opt/airflow/dags/hello.py
[2022-07-11 09:34:48,770] {logging_mixin.py:115} INFO - [2022-07-11 09:34:48,770] {dag.py:2379} INFO - Sync 1 DAGs
[2022-07-11 09:34:48,782] {logging_mixin.py:115} INFO - [2022-07-11 09:34:48,782] {dag.py:2931} INFO - Setting next_dagrun for tutorial_request to 2022-07-11T09:15:10.559320+00:00, run_after=2022-07-12T09:15:10.559320+00:00
[2022-07-11 09:34:48,790] {processor.py:161} INFO - Processing /opt/airflow/dags/hello.py took 0.328 seconds
[2022-07-11 09:35:18,859] {processor.py:153} INFO - Started process (PID=2595) to work on /opt/airflow/dags/hello.py
[2022-07-11 09:35:18,861] {processor.py:641} INFO - Processing file /opt/airflow/dags/hello.py for tasks to queue
[2022-07-11 09:35:18,862] {logging_mixin.py:115} INFO - [2022-07-11 09:35:18,862] {dagbag.py:507} INFO - Filling up the DagBag from /opt/airflow/dags/hello.py
[2022-07-11 09:35:19,111] {processor.py:651} INFO - DAG(s) dict_keys(['tutorial_request']) retrieved from /opt/airflow/dags/hello.py
[2022-07-11 09:35:19,124] {logging_mixin.py:115} INFO - [2022-07-11 09:35:19,124] {dag.py:2379} INFO - Sync 1 DAGs
[2022-07-11 09:35:19,139] {logging_mixin.py:115} INFO - [2022-07-11 09:35:19,139] {dag.py:2931} INFO - Setting next_dagrun for tutorial_request to 2022-07-11T09:15:10.559320+00:00, run_after=2022-07-12T09:15:10.559320+00:00
[2022-07-11 09:35:19,147] {processor.py:161} INFO - Processing /opt/airflow/dags/hello.py took 0.290 seconds
[2022-07-11 09:35:49,219] {processor.py:153} INFO - Started process (PID=2658) to work on /opt/airflow/dags/hello.py
[2022-07-11 09:35:49,220] {processor.py:641} INFO - Processing file /opt/airflow/dags/hello.py for tasks to queue
[2022-07-11 09:35:49,221] {logging_mixin.py:115} INFO - [2022-07-11 09:35:49,221] {dagbag.py:507} INFO - Filling up the DagBag from /opt/airflow/dags/hello.py
[2022-07-11 09:35:49,482] {processor.py:651} INFO - DAG(s) dict_keys(['tutorial_request']) retrieved from /opt/airflow/dags/hello.py
[2022-07-11 09:35:49,495] {logging_mixin.py:115} INFO - [2022-07-11 09:35:49,495] {dag.py:2379} INFO - Sync 1 DAGs
[2022-07-11 09:35:49,508] {logging_mixin.py:115} INFO - [2022-07-11 09:35:49,508] {dag.py:2931} INFO - Setting next_dagrun for tutorial_request to 2022-07-11T09:15:10.559320+00:00, run_after=2022-07-12T09:15:10.559320+00:00
[2022-07-11 09:35:49,516] {processor.py:161} INFO - Processing /opt/airflow/dags/hello.py took 0.300 seconds
[2022-07-11 09:36:19,640] {processor.py:153} INFO - Started process (PID=2713) to work on /opt/airflow/dags/hello.py
[2022-07-11 09:36:19,642] {processor.py:641} INFO - Processing file /opt/airflow/dags/hello.py for tasks to queue
[2022-07-11 09:36:19,644] {logging_mixin.py:115} INFO - [2022-07-11 09:36:19,644] {dagbag.py:507} INFO - Filling up the DagBag from /opt/airflow/dags/hello.py
[2022-07-11 09:36:19,914] {processor.py:651} INFO - DAG(s) dict_keys(['tutorial_request']) retrieved from /opt/airflow/dags/hello.py
[2022-07-11 09:36:19,927] {logging_mixin.py:115} INFO - [2022-07-11 09:36:19,926] {dag.py:2379} INFO - Sync 1 DAGs
[2022-07-11 09:36:19,938] {logging_mixin.py:115} INFO - [2022-07-11 09:36:19,938] {dag.py:2931} INFO - Setting next_dagrun for tutorial_request to 2022-07-11T09:15:10.559320+00:00, run_after=2022-07-12T09:15:10.559320+00:00
[2022-07-11 09:36:19,945] {processor.py:161} INFO - Processing /opt/airflow/dags/hello.py took 0.309 seconds
[2022-07-11 09:36:50,128] {processor.py:153} INFO - Started process (PID=2778) to work on /opt/airflow/dags/hello.py
[2022-07-11 09:36:50,129] {processor.py:641} INFO - Processing file /opt/airflow/dags/hello.py for tasks to queue
[2022-07-11 09:36:50,130] {logging_mixin.py:115} INFO - [2022-07-11 09:36:50,130] {dagbag.py:507} INFO - Filling up the DagBag from /opt/airflow/dags/hello.py
[2022-07-11 09:36:50,382] {processor.py:651} INFO - DAG(s) dict_keys(['tutorial_request']) retrieved from /opt/airflow/dags/hello.py
[2022-07-11 09:36:50,395] {logging_mixin.py:115} INFO - [2022-07-11 09:36:50,395] {dag.py:2379} INFO - Sync 1 DAGs
[2022-07-11 09:36:50,408] {logging_mixin.py:115} INFO - [2022-07-11 09:36:50,408] {dag.py:2931} INFO - Setting next_dagrun for tutorial_request to 2022-07-11T09:15:10.559320+00:00, run_after=2022-07-12T09:15:10.559320+00:00
[2022-07-11 09:36:50,418] {processor.py:161} INFO - Processing /opt/airflow/dags/hello.py took 0.292 seconds
[2022-07-11 09:37:20,568] {processor.py:153} INFO - Started process (PID=2842) to work on /opt/airflow/dags/hello.py
[2022-07-11 09:37:20,570] {processor.py:641} INFO - Processing file /opt/airflow/dags/hello.py for tasks to queue
[2022-07-11 09:37:20,571] {logging_mixin.py:115} INFO - [2022-07-11 09:37:20,571] {dagbag.py:507} INFO - Filling up the DagBag from /opt/airflow/dags/hello.py
[2022-07-11 09:37:20,934] {processor.py:651} INFO - DAG(s) dict_keys(['tutorial_request']) retrieved from /opt/airflow/dags/hello.py
[2022-07-11 09:37:20,947] {logging_mixin.py:115} INFO - [2022-07-11 09:37:20,947] {dag.py:2379} INFO - Sync 1 DAGs
[2022-07-11 09:37:20,961] {logging_mixin.py:115} INFO - [2022-07-11 09:37:20,961] {dag.py:2931} INFO - Setting next_dagrun for tutorial_request to 2022-07-11T09:15:10.559320+00:00, run_after=2022-07-12T09:15:10.559320+00:00
[2022-07-11 09:37:20,968] {processor.py:161} INFO - Processing /opt/airflow/dags/hello.py took 0.402 seconds
[2022-07-11 09:37:51,044] {processor.py:153} INFO - Started process (PID=2907) to work on /opt/airflow/dags/hello.py
[2022-07-11 09:37:51,048] {processor.py:641} INFO - Processing file /opt/airflow/dags/hello.py for tasks to queue
[2022-07-11 09:37:51,051] {logging_mixin.py:115} INFO - [2022-07-11 09:37:51,051] {dagbag.py:507} INFO - Filling up the DagBag from /opt/airflow/dags/hello.py
[2022-07-11 09:37:51,510] {processor.py:651} INFO - DAG(s) dict_keys(['tutorial_request']) retrieved from /opt/airflow/dags/hello.py
[2022-07-11 09:37:51,529] {logging_mixin.py:115} INFO - [2022-07-11 09:37:51,529] {dag.py:2379} INFO - Sync 1 DAGs
[2022-07-11 09:37:51,544] {logging_mixin.py:115} INFO - [2022-07-11 09:37:51,544] {dag.py:2931} INFO - Setting next_dagrun for tutorial_request to 2022-07-11T09:15:10.559320+00:00, run_after=2022-07-12T09:15:10.559320+00:00
[2022-07-11 09:37:51,552] {processor.py:161} INFO - Processing /opt/airflow/dags/hello.py took 0.511 seconds
[2022-07-11 09:38:21,629] {processor.py:153} INFO - Started process (PID=2973) to work on /opt/airflow/dags/hello.py
[2022-07-11 09:38:21,630] {processor.py:641} INFO - Processing file /opt/airflow/dags/hello.py for tasks to queue
[2022-07-11 09:38:21,631] {logging_mixin.py:115} INFO - [2022-07-11 09:38:21,631] {dagbag.py:507} INFO - Filling up the DagBag from /opt/airflow/dags/hello.py
[2022-07-11 09:38:21,922] {processor.py:651} INFO - DAG(s) dict_keys(['tutorial_request']) retrieved from /opt/airflow/dags/hello.py
[2022-07-11 09:38:21,938] {logging_mixin.py:115} INFO - [2022-07-11 09:38:21,938] {dag.py:2379} INFO - Sync 1 DAGs
[2022-07-11 09:38:21,952] {logging_mixin.py:115} INFO - [2022-07-11 09:38:21,951] {dag.py:2931} INFO - Setting next_dagrun for tutorial_request to 2022-07-11T09:15:10.559320+00:00, run_after=2022-07-12T09:15:10.559320+00:00
[2022-07-11 09:38:21,961] {processor.py:161} INFO - Processing /opt/airflow/dags/hello.py took 0.335 seconds
[2022-07-11 09:38:52,013] {processor.py:153} INFO - Started process (PID=3027) to work on /opt/airflow/dags/hello.py
[2022-07-11 09:38:52,018] {processor.py:641} INFO - Processing file /opt/airflow/dags/hello.py for tasks to queue
[2022-07-11 09:38:52,022] {logging_mixin.py:115} INFO - [2022-07-11 09:38:52,022] {dagbag.py:507} INFO - Filling up the DagBag from /opt/airflow/dags/hello.py
[2022-07-11 09:38:52,291] {processor.py:651} INFO - DAG(s) dict_keys(['tutorial_request']) retrieved from /opt/airflow/dags/hello.py
[2022-07-11 09:38:52,305] {logging_mixin.py:115} INFO - [2022-07-11 09:38:52,304] {dag.py:2379} INFO - Sync 1 DAGs
[2022-07-11 09:38:52,318] {logging_mixin.py:115} INFO - [2022-07-11 09:38:52,318] {dag.py:2931} INFO - Setting next_dagrun for tutorial_request to 2022-07-11T09:15:10.559320+00:00, run_after=2022-07-12T09:15:10.559320+00:00
[2022-07-11 09:38:52,328] {processor.py:161} INFO - Processing /opt/airflow/dags/hello.py took 0.322 seconds
[2022-07-11 09:39:23,317] {processor.py:153} INFO - Started process (PID=3091) to work on /opt/airflow/dags/hello.py
[2022-07-11 09:39:23,318] {processor.py:641} INFO - Processing file /opt/airflow/dags/hello.py for tasks to queue
[2022-07-11 09:39:23,319] {logging_mixin.py:115} INFO - [2022-07-11 09:39:23,319] {dagbag.py:507} INFO - Filling up the DagBag from /opt/airflow/dags/hello.py
[2022-07-11 09:39:23,560] {processor.py:651} INFO - DAG(s) dict_keys(['tutorial_request']) retrieved from /opt/airflow/dags/hello.py
[2022-07-11 09:39:23,573] {logging_mixin.py:115} INFO - [2022-07-11 09:39:23,573] {dag.py:2379} INFO - Sync 1 DAGs
[2022-07-11 09:39:23,583] {logging_mixin.py:115} INFO - [2022-07-11 09:39:23,583] {dag.py:2931} INFO - Setting next_dagrun for tutorial_request to 2022-07-11T09:15:10.559320+00:00, run_after=2022-07-12T09:15:10.559320+00:00
[2022-07-11 09:39:23,591] {processor.py:161} INFO - Processing /opt/airflow/dags/hello.py took 0.276 seconds
[2022-07-11 09:39:53,821] {processor.py:153} INFO - Started process (PID=3157) to work on /opt/airflow/dags/hello.py
[2022-07-11 09:39:53,822] {processor.py:641} INFO - Processing file /opt/airflow/dags/hello.py for tasks to queue
[2022-07-11 09:39:53,823] {logging_mixin.py:115} INFO - [2022-07-11 09:39:53,823] {dagbag.py:507} INFO - Filling up the DagBag from /opt/airflow/dags/hello.py
[2022-07-11 09:39:54,082] {processor.py:651} INFO - DAG(s) dict_keys(['tutorial_request']) retrieved from /opt/airflow/dags/hello.py
[2022-07-11 09:39:54,095] {logging_mixin.py:115} INFO - [2022-07-11 09:39:54,095] {dag.py:2379} INFO - Sync 1 DAGs
[2022-07-11 09:39:54,108] {logging_mixin.py:115} INFO - [2022-07-11 09:39:54,108] {dag.py:2931} INFO - Setting next_dagrun for tutorial_request to 2022-07-11T09:15:10.559320+00:00, run_after=2022-07-12T09:15:10.559320+00:00
[2022-07-11 09:39:54,116] {processor.py:161} INFO - Processing /opt/airflow/dags/hello.py took 0.298 seconds
[2022-07-11 09:40:24,953] {processor.py:153} INFO - Started process (PID=3221) to work on /opt/airflow/dags/hello.py
[2022-07-11 09:40:24,954] {processor.py:641} INFO - Processing file /opt/airflow/dags/hello.py for tasks to queue
[2022-07-11 09:40:24,955] {logging_mixin.py:115} INFO - [2022-07-11 09:40:24,955] {dagbag.py:507} INFO - Filling up the DagBag from /opt/airflow/dags/hello.py
[2022-07-11 09:40:25,190] {processor.py:651} INFO - DAG(s) dict_keys(['tutorial_request']) retrieved from /opt/airflow/dags/hello.py
[2022-07-11 09:40:25,203] {logging_mixin.py:115} INFO - [2022-07-11 09:40:25,203] {dag.py:2379} INFO - Sync 1 DAGs
[2022-07-11 09:40:25,216] {logging_mixin.py:115} INFO - [2022-07-11 09:40:25,216] {dag.py:2931} INFO - Setting next_dagrun for tutorial_request to 2022-07-11T09:15:10.559320+00:00, run_after=2022-07-12T09:15:10.559320+00:00
[2022-07-11 09:40:25,223] {processor.py:161} INFO - Processing /opt/airflow/dags/hello.py took 0.272 seconds
[2022-07-11 09:40:56,034] {processor.py:153} INFO - Started process (PID=3284) to work on /opt/airflow/dags/hello.py
[2022-07-11 09:40:56,036] {processor.py:641} INFO - Processing file /opt/airflow/dags/hello.py for tasks to queue
[2022-07-11 09:40:56,037] {logging_mixin.py:115} INFO - [2022-07-11 09:40:56,037] {dagbag.py:507} INFO - Filling up the DagBag from /opt/airflow/dags/hello.py
[2022-07-11 09:40:56,413] {processor.py:651} INFO - DAG(s) dict_keys(['tutorial_request']) retrieved from /opt/airflow/dags/hello.py
[2022-07-11 09:40:56,437] {logging_mixin.py:115} INFO - [2022-07-11 09:40:56,437] {dag.py:2379} INFO - Sync 1 DAGs
[2022-07-11 09:40:56,454] {logging_mixin.py:115} INFO - [2022-07-11 09:40:56,454] {dag.py:2931} INFO - Setting next_dagrun for tutorial_request to 2022-07-11T09:15:10.559320+00:00, run_after=2022-07-12T09:15:10.559320+00:00
[2022-07-11 09:40:56,463] {processor.py:161} INFO - Processing /opt/airflow/dags/hello.py took 0.431 seconds
[2022-07-11 09:41:27,110] {processor.py:153} INFO - Started process (PID=3349) to work on /opt/airflow/dags/hello.py
[2022-07-11 09:41:27,112] {processor.py:641} INFO - Processing file /opt/airflow/dags/hello.py for tasks to queue
[2022-07-11 09:41:27,113] {logging_mixin.py:115} INFO - [2022-07-11 09:41:27,113] {dagbag.py:507} INFO - Filling up the DagBag from /opt/airflow/dags/hello.py
[2022-07-11 09:41:27,411] {processor.py:651} INFO - DAG(s) dict_keys(['tutorial_request']) retrieved from /opt/airflow/dags/hello.py
[2022-07-11 09:41:27,423] {logging_mixin.py:115} INFO - [2022-07-11 09:41:27,423] {dag.py:2379} INFO - Sync 1 DAGs
[2022-07-11 09:41:27,435] {logging_mixin.py:115} INFO - [2022-07-11 09:41:27,435] {dag.py:2931} INFO - Setting next_dagrun for tutorial_request to 2022-07-11T09:15:10.559320+00:00, run_after=2022-07-12T09:15:10.559320+00:00
[2022-07-11 09:41:27,443] {processor.py:161} INFO - Processing /opt/airflow/dags/hello.py took 0.335 seconds
[2022-07-11 09:41:58,316] {processor.py:153} INFO - Started process (PID=3413) to work on /opt/airflow/dags/hello.py
[2022-07-11 09:41:58,318] {processor.py:641} INFO - Processing file /opt/airflow/dags/hello.py for tasks to queue
[2022-07-11 09:41:58,319] {logging_mixin.py:115} INFO - [2022-07-11 09:41:58,319] {dagbag.py:507} INFO - Filling up the DagBag from /opt/airflow/dags/hello.py
[2022-07-11 09:41:58,686] {processor.py:651} INFO - DAG(s) dict_keys(['tutorial_request']) retrieved from /opt/airflow/dags/hello.py
[2022-07-11 09:41:58,700] {logging_mixin.py:115} INFO - [2022-07-11 09:41:58,699] {dag.py:2379} INFO - Sync 1 DAGs
[2022-07-11 09:41:58,714] {logging_mixin.py:115} INFO - [2022-07-11 09:41:58,714] {dag.py:2931} INFO - Setting next_dagrun for tutorial_request to 2022-07-11T09:15:10.559320+00:00, run_after=2022-07-12T09:15:10.559320+00:00
[2022-07-11 09:41:58,723] {processor.py:161} INFO - Processing /opt/airflow/dags/hello.py took 0.410 seconds
[2022-07-11 09:42:28,875] {processor.py:153} INFO - Started process (PID=3469) to work on /opt/airflow/dags/hello.py
[2022-07-11 09:42:28,877] {processor.py:641} INFO - Processing file /opt/airflow/dags/hello.py for tasks to queue
[2022-07-11 09:42:28,878] {logging_mixin.py:115} INFO - [2022-07-11 09:42:28,878] {dagbag.py:507} INFO - Filling up the DagBag from /opt/airflow/dags/hello.py
[2022-07-11 09:42:29,137] {processor.py:651} INFO - DAG(s) dict_keys(['tutorial_request']) retrieved from /opt/airflow/dags/hello.py
[2022-07-11 09:42:29,149] {logging_mixin.py:115} INFO - [2022-07-11 09:42:29,149] {dag.py:2379} INFO - Sync 1 DAGs
[2022-07-11 09:42:29,161] {logging_mixin.py:115} INFO - [2022-07-11 09:42:29,161] {dag.py:2931} INFO - Setting next_dagrun for tutorial_request to 2022-07-11T09:15:10.559320+00:00, run_after=2022-07-12T09:15:10.559320+00:00
[2022-07-11 09:42:29,170] {processor.py:161} INFO - Processing /opt/airflow/dags/hello.py took 0.298 seconds
[2022-07-11 09:42:59,936] {processor.py:153} INFO - Started process (PID=3534) to work on /opt/airflow/dags/hello.py
[2022-07-11 09:42:59,937] {processor.py:641} INFO - Processing file /opt/airflow/dags/hello.py for tasks to queue
[2022-07-11 09:42:59,939] {logging_mixin.py:115} INFO - [2022-07-11 09:42:59,939] {dagbag.py:507} INFO - Filling up the DagBag from /opt/airflow/dags/hello.py
[2022-07-11 09:43:00,184] {processor.py:651} INFO - DAG(s) dict_keys(['tutorial_request']) retrieved from /opt/airflow/dags/hello.py
[2022-07-11 09:43:00,197] {logging_mixin.py:115} INFO - [2022-07-11 09:43:00,197] {dag.py:2379} INFO - Sync 1 DAGs
[2022-07-11 09:43:00,209] {logging_mixin.py:115} INFO - [2022-07-11 09:43:00,209] {dag.py:2931} INFO - Setting next_dagrun for tutorial_request to 2022-07-11T09:15:10.559320+00:00, run_after=2022-07-12T09:15:10.559320+00:00
[2022-07-11 09:43:00,216] {processor.py:161} INFO - Processing /opt/airflow/dags/hello.py took 0.283 seconds
[2022-07-11 09:43:31,207] {processor.py:153} INFO - Started process (PID=3599) to work on /opt/airflow/dags/hello.py
[2022-07-11 09:43:31,208] {processor.py:641} INFO - Processing file /opt/airflow/dags/hello.py for tasks to queue
[2022-07-11 09:43:31,210] {logging_mixin.py:115} INFO - [2022-07-11 09:43:31,209] {dagbag.py:507} INFO - Filling up the DagBag from /opt/airflow/dags/hello.py
[2022-07-11 09:43:31,456] {processor.py:651} INFO - DAG(s) dict_keys(['tutorial_request']) retrieved from /opt/airflow/dags/hello.py
[2022-07-11 09:43:31,468] {logging_mixin.py:115} INFO - [2022-07-11 09:43:31,468] {dag.py:2379} INFO - Sync 1 DAGs
[2022-07-11 09:43:31,481] {logging_mixin.py:115} INFO - [2022-07-11 09:43:31,481] {dag.py:2931} INFO - Setting next_dagrun for tutorial_request to 2022-07-11T09:15:10.559320+00:00, run_after=2022-07-12T09:15:10.559320+00:00
[2022-07-11 09:43:31,490] {processor.py:161} INFO - Processing /opt/airflow/dags/hello.py took 0.286 seconds
[2022-07-11 09:44:01,531] {processor.py:153} INFO - Started process (PID=3664) to work on /opt/airflow/dags/hello.py
[2022-07-11 09:44:01,532] {processor.py:641} INFO - Processing file /opt/airflow/dags/hello.py for tasks to queue
[2022-07-11 09:44:01,533] {logging_mixin.py:115} INFO - [2022-07-11 09:44:01,533] {dagbag.py:507} INFO - Filling up the DagBag from /opt/airflow/dags/hello.py
[2022-07-11 09:44:01,778] {processor.py:651} INFO - DAG(s) dict_keys(['tutorial_request']) retrieved from /opt/airflow/dags/hello.py
[2022-07-11 09:44:01,791] {logging_mixin.py:115} INFO - [2022-07-11 09:44:01,791] {dag.py:2379} INFO - Sync 1 DAGs
[2022-07-11 09:44:01,803] {logging_mixin.py:115} INFO - [2022-07-11 09:44:01,803] {dag.py:2931} INFO - Setting next_dagrun for tutorial_request to 2022-07-11T09:15:10.559320+00:00, run_after=2022-07-12T09:15:10.559320+00:00
[2022-07-11 09:44:01,810] {processor.py:161} INFO - Processing /opt/airflow/dags/hello.py took 0.282 seconds
[2022-07-11 09:44:32,142] {processor.py:153} INFO - Started process (PID=3729) to work on /opt/airflow/dags/hello.py
[2022-07-11 09:44:32,143] {processor.py:641} INFO - Processing file /opt/airflow/dags/hello.py for tasks to queue
[2022-07-11 09:44:32,145] {logging_mixin.py:115} INFO - [2022-07-11 09:44:32,145] {dagbag.py:507} INFO - Filling up the DagBag from /opt/airflow/dags/hello.py
[2022-07-11 09:44:32,411] {processor.py:651} INFO - DAG(s) dict_keys(['tutorial_request']) retrieved from /opt/airflow/dags/hello.py
[2022-07-11 09:44:32,424] {logging_mixin.py:115} INFO - [2022-07-11 09:44:32,424] {dag.py:2379} INFO - Sync 1 DAGs
[2022-07-11 09:44:32,437] {logging_mixin.py:115} INFO - [2022-07-11 09:44:32,437] {dag.py:2931} INFO - Setting next_dagrun for tutorial_request to 2022-07-11T09:15:10.559320+00:00, run_after=2022-07-12T09:15:10.559320+00:00
[2022-07-11 09:44:32,446] {processor.py:161} INFO - Processing /opt/airflow/dags/hello.py took 0.307 seconds
[2022-07-11 09:45:02,871] {processor.py:153} INFO - Started process (PID=3794) to work on /opt/airflow/dags/hello.py
[2022-07-11 09:45:02,874] {processor.py:641} INFO - Processing file /opt/airflow/dags/hello.py for tasks to queue
[2022-07-11 09:45:02,875] {logging_mixin.py:115} INFO - [2022-07-11 09:45:02,875] {dagbag.py:507} INFO - Filling up the DagBag from /opt/airflow/dags/hello.py
[2022-07-11 09:45:03,114] {processor.py:651} INFO - DAG(s) dict_keys(['tutorial_request']) retrieved from /opt/airflow/dags/hello.py
[2022-07-11 09:45:03,128] {logging_mixin.py:115} INFO - [2022-07-11 09:45:03,128] {dag.py:2379} INFO - Sync 1 DAGs
[2022-07-11 09:45:03,140] {logging_mixin.py:115} INFO - [2022-07-11 09:45:03,139] {dag.py:2931} INFO - Setting next_dagrun for tutorial_request to 2022-07-11T09:15:10.559320+00:00, run_after=2022-07-12T09:15:10.559320+00:00
[2022-07-11 09:45:03,147] {processor.py:161} INFO - Processing /opt/airflow/dags/hello.py took 0.279 seconds
[2022-07-11 09:45:33,245] {processor.py:153} INFO - Started process (PID=3849) to work on /opt/airflow/dags/hello.py
[2022-07-11 09:45:33,248] {processor.py:641} INFO - Processing file /opt/airflow/dags/hello.py for tasks to queue
[2022-07-11 09:45:33,249] {logging_mixin.py:115} INFO - [2022-07-11 09:45:33,249] {dagbag.py:507} INFO - Filling up the DagBag from /opt/airflow/dags/hello.py
[2022-07-11 09:45:33,500] {processor.py:651} INFO - DAG(s) dict_keys(['tutorial_request']) retrieved from /opt/airflow/dags/hello.py
[2022-07-11 09:45:33,513] {logging_mixin.py:115} INFO - [2022-07-11 09:45:33,513] {dag.py:2379} INFO - Sync 1 DAGs
[2022-07-11 09:45:33,535] {logging_mixin.py:115} INFO - [2022-07-11 09:45:33,535] {dag.py:2931} INFO - Setting next_dagrun for tutorial_request to 2022-07-11T09:15:10.559320+00:00, run_after=2022-07-12T09:15:10.559320+00:00
[2022-07-11 09:45:33,542] {processor.py:161} INFO - Processing /opt/airflow/dags/hello.py took 0.300 seconds
[2022-07-11 09:46:03,684] {processor.py:153} INFO - Started process (PID=3914) to work on /opt/airflow/dags/hello.py
[2022-07-11 09:46:03,685] {processor.py:641} INFO - Processing file /opt/airflow/dags/hello.py for tasks to queue
[2022-07-11 09:46:03,686] {logging_mixin.py:115} INFO - [2022-07-11 09:46:03,686] {dagbag.py:507} INFO - Filling up the DagBag from /opt/airflow/dags/hello.py
[2022-07-11 09:46:03,943] {processor.py:651} INFO - DAG(s) dict_keys(['tutorial_request']) retrieved from /opt/airflow/dags/hello.py
[2022-07-11 09:46:03,957] {logging_mixin.py:115} INFO - [2022-07-11 09:46:03,957] {dag.py:2379} INFO - Sync 1 DAGs
[2022-07-11 09:46:03,969] {logging_mixin.py:115} INFO - [2022-07-11 09:46:03,969] {dag.py:2931} INFO - Setting next_dagrun for tutorial_request to 2022-07-11T09:15:10.559320+00:00, run_after=2022-07-12T09:15:10.559320+00:00
[2022-07-11 09:46:03,977] {processor.py:161} INFO - Processing /opt/airflow/dags/hello.py took 0.295 seconds
[2022-07-11 09:46:34,610] {processor.py:153} INFO - Started process (PID=3979) to work on /opt/airflow/dags/hello.py
[2022-07-11 09:46:34,611] {processor.py:641} INFO - Processing file /opt/airflow/dags/hello.py for tasks to queue
[2022-07-11 09:46:34,613] {logging_mixin.py:115} INFO - [2022-07-11 09:46:34,613] {dagbag.py:507} INFO - Filling up the DagBag from /opt/airflow/dags/hello.py
[2022-07-11 09:46:34,855] {processor.py:651} INFO - DAG(s) dict_keys(['tutorial_request']) retrieved from /opt/airflow/dags/hello.py
[2022-07-11 09:46:34,868] {logging_mixin.py:115} INFO - [2022-07-11 09:46:34,867] {dag.py:2379} INFO - Sync 1 DAGs
[2022-07-11 09:46:34,879] {logging_mixin.py:115} INFO - [2022-07-11 09:46:34,879] {dag.py:2931} INFO - Setting next_dagrun for tutorial_request to 2022-07-11T09:15:10.559320+00:00, run_after=2022-07-12T09:15:10.559320+00:00
[2022-07-11 09:46:34,887] {processor.py:161} INFO - Processing /opt/airflow/dags/hello.py took 0.279 seconds
[2022-07-11 09:47:05,497] {processor.py:153} INFO - Started process (PID=4042) to work on /opt/airflow/dags/hello.py
[2022-07-11 09:47:05,499] {processor.py:641} INFO - Processing file /opt/airflow/dags/hello.py for tasks to queue
[2022-07-11 09:47:05,500] {logging_mixin.py:115} INFO - [2022-07-11 09:47:05,500] {dagbag.py:507} INFO - Filling up the DagBag from /opt/airflow/dags/hello.py
[2022-07-11 09:47:05,757] {processor.py:651} INFO - DAG(s) dict_keys(['tutorial_request']) retrieved from /opt/airflow/dags/hello.py
[2022-07-11 09:47:05,770] {logging_mixin.py:115} INFO - [2022-07-11 09:47:05,770] {dag.py:2379} INFO - Sync 1 DAGs
[2022-07-11 09:47:05,781] {logging_mixin.py:115} INFO - [2022-07-11 09:47:05,781] {dag.py:2931} INFO - Setting next_dagrun for tutorial_request to 2022-07-11T09:15:10.559320+00:00, run_after=2022-07-12T09:15:10.559320+00:00
[2022-07-11 09:47:05,789] {processor.py:161} INFO - Processing /opt/airflow/dags/hello.py took 0.294 seconds
[2022-07-11 09:47:35,832] {processor.py:153} INFO - Started process (PID=4106) to work on /opt/airflow/dags/hello.py
[2022-07-11 09:47:35,833] {processor.py:641} INFO - Processing file /opt/airflow/dags/hello.py for tasks to queue
[2022-07-11 09:47:35,834] {logging_mixin.py:115} INFO - [2022-07-11 09:47:35,834] {dagbag.py:507} INFO - Filling up the DagBag from /opt/airflow/dags/hello.py
[2022-07-11 09:47:36,083] {processor.py:651} INFO - DAG(s) dict_keys(['tutorial_request']) retrieved from /opt/airflow/dags/hello.py
[2022-07-11 09:47:36,097] {logging_mixin.py:115} INFO - [2022-07-11 09:47:36,097] {dag.py:2379} INFO - Sync 1 DAGs
[2022-07-11 09:47:36,109] {logging_mixin.py:115} INFO - [2022-07-11 09:47:36,109] {dag.py:2931} INFO - Setting next_dagrun for tutorial_request to 2022-07-11T09:15:10.559320+00:00, run_after=2022-07-12T09:15:10.559320+00:00
[2022-07-11 09:47:36,116] {processor.py:161} INFO - Processing /opt/airflow/dags/hello.py took 0.287 seconds
