[2022-08-08 09:26:12,942] {processor.py:153} INFO - Started process (PID=62) to work on /home/airflow/.local/lib/python3.7/site-packages/airflow/example_dags/example_branch_day_of_week_operator.py
[2022-08-08 09:26:12,946] {processor.py:641} INFO - Processing file /home/airflow/.local/lib/python3.7/site-packages/airflow/example_dags/example_branch_day_of_week_operator.py for tasks to queue
[2022-08-08 09:26:12,947] {logging_mixin.py:115} INFO - [2022-08-08 09:26:12,947] {dagbag.py:507} INFO - Filling up the DagBag from /home/airflow/.local/lib/python3.7/site-packages/airflow/example_dags/example_branch_day_of_week_operator.py
[2022-08-08 09:26:12,983] {processor.py:651} INFO - DAG(s) dict_keys(['example_weekday_branch_operator']) retrieved from /home/airflow/.local/lib/python3.7/site-packages/airflow/example_dags/example_branch_day_of_week_operator.py
[2022-08-08 09:26:13,130] {logging_mixin.py:115} INFO - [2022-08-08 09:26:13,130] {dag.py:2379} INFO - Sync 1 DAGs
[2022-08-08 09:26:13,214] {logging_mixin.py:115} INFO - [2022-08-08 09:26:13,214] {dag.py:2931} INFO - Setting next_dagrun for example_weekday_branch_operator to 2022-08-07T00:00:00+00:00, run_after=2022-08-08T00:00:00+00:00
[2022-08-08 09:26:13,251] {processor.py:161} INFO - Processing /home/airflow/.local/lib/python3.7/site-packages/airflow/example_dags/example_branch_day_of_week_operator.py took 0.324 seconds
[2022-08-08 09:26:43,377] {processor.py:153} INFO - Started process (PID=115) to work on /home/airflow/.local/lib/python3.7/site-packages/airflow/example_dags/example_branch_day_of_week_operator.py
[2022-08-08 09:26:43,388] {processor.py:641} INFO - Processing file /home/airflow/.local/lib/python3.7/site-packages/airflow/example_dags/example_branch_day_of_week_operator.py for tasks to queue
[2022-08-08 09:26:43,390] {logging_mixin.py:115} INFO - [2022-08-08 09:26:43,390] {dagbag.py:507} INFO - Filling up the DagBag from /home/airflow/.local/lib/python3.7/site-packages/airflow/example_dags/example_branch_day_of_week_operator.py
[2022-08-08 09:26:43,413] {processor.py:651} INFO - DAG(s) dict_keys(['example_weekday_branch_operator']) retrieved from /home/airflow/.local/lib/python3.7/site-packages/airflow/example_dags/example_branch_day_of_week_operator.py
[2022-08-08 09:26:43,452] {logging_mixin.py:115} INFO - [2022-08-08 09:26:43,452] {dag.py:2379} INFO - Sync 1 DAGs
[2022-08-08 09:26:43,490] {logging_mixin.py:115} INFO - [2022-08-08 09:26:43,490] {dag.py:2931} INFO - Setting next_dagrun for example_weekday_branch_operator to 2022-08-07T00:00:00+00:00, run_after=2022-08-08T00:00:00+00:00
[2022-08-08 09:26:43,507] {processor.py:161} INFO - Processing /home/airflow/.local/lib/python3.7/site-packages/airflow/example_dags/example_branch_day_of_week_operator.py took 0.132 seconds
[2022-08-08 09:27:14,267] {processor.py:153} INFO - Started process (PID=176) to work on /home/airflow/.local/lib/python3.7/site-packages/airflow/example_dags/example_branch_day_of_week_operator.py
[2022-08-08 09:27:14,271] {processor.py:641} INFO - Processing file /home/airflow/.local/lib/python3.7/site-packages/airflow/example_dags/example_branch_day_of_week_operator.py for tasks to queue
[2022-08-08 09:27:14,272] {logging_mixin.py:115} INFO - [2022-08-08 09:27:14,272] {dagbag.py:507} INFO - Filling up the DagBag from /home/airflow/.local/lib/python3.7/site-packages/airflow/example_dags/example_branch_day_of_week_operator.py
[2022-08-08 09:27:14,281] {processor.py:651} INFO - DAG(s) dict_keys(['example_weekday_branch_operator']) retrieved from /home/airflow/.local/lib/python3.7/site-packages/airflow/example_dags/example_branch_day_of_week_operator.py
[2022-08-08 09:27:14,309] {logging_mixin.py:115} INFO - [2022-08-08 09:27:14,309] {dag.py:2379} INFO - Sync 1 DAGs
[2022-08-08 09:27:14,326] {logging_mixin.py:115} INFO - [2022-08-08 09:27:14,326] {dag.py:2931} INFO - Setting next_dagrun for example_weekday_branch_operator to 2022-08-07T00:00:00+00:00, run_after=2022-08-08T00:00:00+00:00
[2022-08-08 09:27:14,335] {processor.py:161} INFO - Processing /home/airflow/.local/lib/python3.7/site-packages/airflow/example_dags/example_branch_day_of_week_operator.py took 0.070 seconds
[2022-08-08 09:27:45,207] {processor.py:153} INFO - Started process (PID=239) to work on /home/airflow/.local/lib/python3.7/site-packages/airflow/example_dags/example_branch_day_of_week_operator.py
[2022-08-08 09:27:45,209] {processor.py:641} INFO - Processing file /home/airflow/.local/lib/python3.7/site-packages/airflow/example_dags/example_branch_day_of_week_operator.py for tasks to queue
[2022-08-08 09:27:45,211] {logging_mixin.py:115} INFO - [2022-08-08 09:27:45,211] {dagbag.py:507} INFO - Filling up the DagBag from /home/airflow/.local/lib/python3.7/site-packages/airflow/example_dags/example_branch_day_of_week_operator.py
[2022-08-08 09:27:45,230] {processor.py:651} INFO - DAG(s) dict_keys(['example_weekday_branch_operator']) retrieved from /home/airflow/.local/lib/python3.7/site-packages/airflow/example_dags/example_branch_day_of_week_operator.py
[2022-08-08 09:27:45,250] {logging_mixin.py:115} INFO - [2022-08-08 09:27:45,250] {dag.py:2379} INFO - Sync 1 DAGs
[2022-08-08 09:27:45,272] {logging_mixin.py:115} INFO - [2022-08-08 09:27:45,272] {dag.py:2931} INFO - Setting next_dagrun for example_weekday_branch_operator to 2022-08-07T00:00:00+00:00, run_after=2022-08-08T00:00:00+00:00
[2022-08-08 09:27:45,281] {processor.py:161} INFO - Processing /home/airflow/.local/lib/python3.7/site-packages/airflow/example_dags/example_branch_day_of_week_operator.py took 0.076 seconds
[2022-08-08 09:28:15,666] {processor.py:153} INFO - Started process (PID=291) to work on /home/airflow/.local/lib/python3.7/site-packages/airflow/example_dags/example_branch_day_of_week_operator.py
[2022-08-08 09:28:15,670] {processor.py:641} INFO - Processing file /home/airflow/.local/lib/python3.7/site-packages/airflow/example_dags/example_branch_day_of_week_operator.py for tasks to queue
[2022-08-08 09:28:15,672] {logging_mixin.py:115} INFO - [2022-08-08 09:28:15,672] {dagbag.py:507} INFO - Filling up the DagBag from /home/airflow/.local/lib/python3.7/site-packages/airflow/example_dags/example_branch_day_of_week_operator.py
[2022-08-08 09:28:15,692] {processor.py:651} INFO - DAG(s) dict_keys(['example_weekday_branch_operator']) retrieved from /home/airflow/.local/lib/python3.7/site-packages/airflow/example_dags/example_branch_day_of_week_operator.py
[2022-08-08 09:28:15,747] {logging_mixin.py:115} INFO - [2022-08-08 09:28:15,747] {dag.py:2379} INFO - Sync 1 DAGs
[2022-08-08 09:28:15,777] {logging_mixin.py:115} INFO - [2022-08-08 09:28:15,777] {dag.py:2931} INFO - Setting next_dagrun for example_weekday_branch_operator to 2022-08-07T00:00:00+00:00, run_after=2022-08-08T00:00:00+00:00
[2022-08-08 09:28:15,791] {processor.py:161} INFO - Processing /home/airflow/.local/lib/python3.7/site-packages/airflow/example_dags/example_branch_day_of_week_operator.py took 0.128 seconds
[2022-08-08 09:28:46,667] {processor.py:153} INFO - Started process (PID=353) to work on /home/airflow/.local/lib/python3.7/site-packages/airflow/example_dags/example_branch_day_of_week_operator.py
[2022-08-08 09:28:46,668] {processor.py:641} INFO - Processing file /home/airflow/.local/lib/python3.7/site-packages/airflow/example_dags/example_branch_day_of_week_operator.py for tasks to queue
[2022-08-08 09:28:46,670] {logging_mixin.py:115} INFO - [2022-08-08 09:28:46,670] {dagbag.py:507} INFO - Filling up the DagBag from /home/airflow/.local/lib/python3.7/site-packages/airflow/example_dags/example_branch_day_of_week_operator.py
[2022-08-08 09:28:46,684] {processor.py:651} INFO - DAG(s) dict_keys(['example_weekday_branch_operator']) retrieved from /home/airflow/.local/lib/python3.7/site-packages/airflow/example_dags/example_branch_day_of_week_operator.py
[2022-08-08 09:28:46,733] {logging_mixin.py:115} INFO - [2022-08-08 09:28:46,732] {dag.py:2379} INFO - Sync 1 DAGs
[2022-08-08 09:28:46,756] {logging_mixin.py:115} INFO - [2022-08-08 09:28:46,756] {dag.py:2931} INFO - Setting next_dagrun for example_weekday_branch_operator to 2022-08-07T00:00:00+00:00, run_after=2022-08-08T00:00:00+00:00
[2022-08-08 09:28:46,770] {processor.py:161} INFO - Processing /home/airflow/.local/lib/python3.7/site-packages/airflow/example_dags/example_branch_day_of_week_operator.py took 0.106 seconds
[2022-08-08 09:29:17,224] {processor.py:153} INFO - Started process (PID=415) to work on /home/airflow/.local/lib/python3.7/site-packages/airflow/example_dags/example_branch_day_of_week_operator.py
[2022-08-08 09:29:17,226] {processor.py:641} INFO - Processing file /home/airflow/.local/lib/python3.7/site-packages/airflow/example_dags/example_branch_day_of_week_operator.py for tasks to queue
[2022-08-08 09:29:17,228] {logging_mixin.py:115} INFO - [2022-08-08 09:29:17,228] {dagbag.py:507} INFO - Filling up the DagBag from /home/airflow/.local/lib/python3.7/site-packages/airflow/example_dags/example_branch_day_of_week_operator.py
[2022-08-08 09:29:17,241] {processor.py:651} INFO - DAG(s) dict_keys(['example_weekday_branch_operator']) retrieved from /home/airflow/.local/lib/python3.7/site-packages/airflow/example_dags/example_branch_day_of_week_operator.py
[2022-08-08 09:29:17,278] {logging_mixin.py:115} INFO - [2022-08-08 09:29:17,278] {dag.py:2379} INFO - Sync 1 DAGs
[2022-08-08 09:29:17,327] {logging_mixin.py:115} INFO - [2022-08-08 09:29:17,327] {dag.py:2931} INFO - Setting next_dagrun for example_weekday_branch_operator to 2022-08-07T00:00:00+00:00, run_after=2022-08-08T00:00:00+00:00
[2022-08-08 09:29:17,347] {processor.py:161} INFO - Processing /home/airflow/.local/lib/python3.7/site-packages/airflow/example_dags/example_branch_day_of_week_operator.py took 0.126 seconds
[2022-08-08 09:29:48,117] {processor.py:153} INFO - Started process (PID=476) to work on /home/airflow/.local/lib/python3.7/site-packages/airflow/example_dags/example_branch_day_of_week_operator.py
[2022-08-08 09:29:48,120] {processor.py:641} INFO - Processing file /home/airflow/.local/lib/python3.7/site-packages/airflow/example_dags/example_branch_day_of_week_operator.py for tasks to queue
[2022-08-08 09:29:48,122] {logging_mixin.py:115} INFO - [2022-08-08 09:29:48,122] {dagbag.py:507} INFO - Filling up the DagBag from /home/airflow/.local/lib/python3.7/site-packages/airflow/example_dags/example_branch_day_of_week_operator.py
[2022-08-08 09:29:48,135] {processor.py:651} INFO - DAG(s) dict_keys(['example_weekday_branch_operator']) retrieved from /home/airflow/.local/lib/python3.7/site-packages/airflow/example_dags/example_branch_day_of_week_operator.py
[2022-08-08 09:29:48,161] {logging_mixin.py:115} INFO - [2022-08-08 09:29:48,161] {dag.py:2379} INFO - Sync 1 DAGs
[2022-08-08 09:29:48,180] {logging_mixin.py:115} INFO - [2022-08-08 09:29:48,180] {dag.py:2931} INFO - Setting next_dagrun for example_weekday_branch_operator to 2022-08-07T00:00:00+00:00, run_after=2022-08-08T00:00:00+00:00
[2022-08-08 09:29:48,198] {processor.py:161} INFO - Processing /home/airflow/.local/lib/python3.7/site-packages/airflow/example_dags/example_branch_day_of_week_operator.py took 0.084 seconds
[2022-08-08 09:30:18,411] {processor.py:153} INFO - Started process (PID=527) to work on /home/airflow/.local/lib/python3.7/site-packages/airflow/example_dags/example_branch_day_of_week_operator.py
[2022-08-08 09:30:18,414] {processor.py:641} INFO - Processing file /home/airflow/.local/lib/python3.7/site-packages/airflow/example_dags/example_branch_day_of_week_operator.py for tasks to queue
[2022-08-08 09:30:18,420] {logging_mixin.py:115} INFO - [2022-08-08 09:30:18,420] {dagbag.py:507} INFO - Filling up the DagBag from /home/airflow/.local/lib/python3.7/site-packages/airflow/example_dags/example_branch_day_of_week_operator.py
[2022-08-08 09:30:18,445] {processor.py:651} INFO - DAG(s) dict_keys(['example_weekday_branch_operator']) retrieved from /home/airflow/.local/lib/python3.7/site-packages/airflow/example_dags/example_branch_day_of_week_operator.py
[2022-08-08 09:30:18,471] {logging_mixin.py:115} INFO - [2022-08-08 09:30:18,471] {dag.py:2379} INFO - Sync 1 DAGs
[2022-08-08 09:30:18,500] {logging_mixin.py:115} INFO - [2022-08-08 09:30:18,500] {dag.py:2931} INFO - Setting next_dagrun for example_weekday_branch_operator to 2022-08-07T00:00:00+00:00, run_after=2022-08-08T00:00:00+00:00
[2022-08-08 09:30:18,522] {processor.py:161} INFO - Processing /home/airflow/.local/lib/python3.7/site-packages/airflow/example_dags/example_branch_day_of_week_operator.py took 0.113 seconds
[2022-08-08 09:30:48,791] {processor.py:153} INFO - Started process (PID=589) to work on /home/airflow/.local/lib/python3.7/site-packages/airflow/example_dags/example_branch_day_of_week_operator.py
[2022-08-08 09:30:48,794] {processor.py:641} INFO - Processing file /home/airflow/.local/lib/python3.7/site-packages/airflow/example_dags/example_branch_day_of_week_operator.py for tasks to queue
[2022-08-08 09:30:48,795] {logging_mixin.py:115} INFO - [2022-08-08 09:30:48,795] {dagbag.py:507} INFO - Filling up the DagBag from /home/airflow/.local/lib/python3.7/site-packages/airflow/example_dags/example_branch_day_of_week_operator.py
[2022-08-08 09:30:48,815] {processor.py:651} INFO - DAG(s) dict_keys(['example_weekday_branch_operator']) retrieved from /home/airflow/.local/lib/python3.7/site-packages/airflow/example_dags/example_branch_day_of_week_operator.py
[2022-08-08 09:30:48,838] {logging_mixin.py:115} INFO - [2022-08-08 09:30:48,838] {dag.py:2379} INFO - Sync 1 DAGs
[2022-08-08 09:30:48,856] {logging_mixin.py:115} INFO - [2022-08-08 09:30:48,856] {dag.py:2931} INFO - Setting next_dagrun for example_weekday_branch_operator to 2022-08-07T00:00:00+00:00, run_after=2022-08-08T00:00:00+00:00
[2022-08-08 09:30:48,869] {processor.py:161} INFO - Processing /home/airflow/.local/lib/python3.7/site-packages/airflow/example_dags/example_branch_day_of_week_operator.py took 0.081 seconds
[2022-08-08 09:31:19,088] {processor.py:153} INFO - Started process (PID=655) to work on /home/airflow/.local/lib/python3.7/site-packages/airflow/example_dags/example_branch_day_of_week_operator.py
[2022-08-08 09:31:19,091] {processor.py:641} INFO - Processing file /home/airflow/.local/lib/python3.7/site-packages/airflow/example_dags/example_branch_day_of_week_operator.py for tasks to queue
[2022-08-08 09:31:19,094] {logging_mixin.py:115} INFO - [2022-08-08 09:31:19,094] {dagbag.py:507} INFO - Filling up the DagBag from /home/airflow/.local/lib/python3.7/site-packages/airflow/example_dags/example_branch_day_of_week_operator.py
[2022-08-08 09:31:19,102] {processor.py:651} INFO - DAG(s) dict_keys(['example_weekday_branch_operator']) retrieved from /home/airflow/.local/lib/python3.7/site-packages/airflow/example_dags/example_branch_day_of_week_operator.py
[2022-08-08 09:31:19,179] {logging_mixin.py:115} INFO - [2022-08-08 09:31:19,179] {dag.py:2379} INFO - Sync 1 DAGs
[2022-08-08 09:31:19,237] {logging_mixin.py:115} INFO - [2022-08-08 09:31:19,237] {dag.py:2931} INFO - Setting next_dagrun for example_weekday_branch_operator to 2022-08-07T00:00:00+00:00, run_after=2022-08-08T00:00:00+00:00
[2022-08-08 09:31:19,260] {processor.py:161} INFO - Processing /home/airflow/.local/lib/python3.7/site-packages/airflow/example_dags/example_branch_day_of_week_operator.py took 0.175 seconds
[2022-08-08 09:31:55,363] {processor.py:153} INFO - Started process (PID=708) to work on /home/airflow/.local/lib/python3.7/site-packages/airflow/example_dags/example_branch_day_of_week_operator.py
[2022-08-08 09:31:55,367] {processor.py:641} INFO - Processing file /home/airflow/.local/lib/python3.7/site-packages/airflow/example_dags/example_branch_day_of_week_operator.py for tasks to queue
[2022-08-08 09:31:55,371] {logging_mixin.py:115} INFO - [2022-08-08 09:31:55,371] {dagbag.py:507} INFO - Filling up the DagBag from /home/airflow/.local/lib/python3.7/site-packages/airflow/example_dags/example_branch_day_of_week_operator.py
[2022-08-08 09:31:55,415] {processor.py:651} INFO - DAG(s) dict_keys(['example_weekday_branch_operator']) retrieved from /home/airflow/.local/lib/python3.7/site-packages/airflow/example_dags/example_branch_day_of_week_operator.py
[2022-08-08 09:31:55,550] {logging_mixin.py:115} INFO - [2022-08-08 09:31:55,549] {dag.py:2379} INFO - Sync 1 DAGs
[2022-08-08 09:31:55,602] {logging_mixin.py:115} INFO - [2022-08-08 09:31:55,602] {dag.py:2931} INFO - Setting next_dagrun for example_weekday_branch_operator to 2022-08-07T00:00:00+00:00, run_after=2022-08-08T00:00:00+00:00
[2022-08-08 09:31:55,658] {processor.py:161} INFO - Processing /home/airflow/.local/lib/python3.7/site-packages/airflow/example_dags/example_branch_day_of_week_operator.py took 0.310 seconds
[2022-08-08 09:32:30,064] {processor.py:153} INFO - Started process (PID=771) to work on /home/airflow/.local/lib/python3.7/site-packages/airflow/example_dags/example_branch_day_of_week_operator.py
[2022-08-08 09:32:30,069] {processor.py:641} INFO - Processing file /home/airflow/.local/lib/python3.7/site-packages/airflow/example_dags/example_branch_day_of_week_operator.py for tasks to queue
[2022-08-08 09:32:30,079] {logging_mixin.py:115} INFO - [2022-08-08 09:32:30,079] {dagbag.py:507} INFO - Filling up the DagBag from /home/airflow/.local/lib/python3.7/site-packages/airflow/example_dags/example_branch_day_of_week_operator.py
[2022-08-08 09:32:30,099] {processor.py:651} INFO - DAG(s) dict_keys(['example_weekday_branch_operator']) retrieved from /home/airflow/.local/lib/python3.7/site-packages/airflow/example_dags/example_branch_day_of_week_operator.py
[2022-08-08 09:32:30,184] {logging_mixin.py:115} INFO - [2022-08-08 09:32:30,184] {dag.py:2379} INFO - Sync 1 DAGs
[2022-08-08 09:32:30,251] {logging_mixin.py:115} INFO - [2022-08-08 09:32:30,251] {dag.py:2931} INFO - Setting next_dagrun for example_weekday_branch_operator to 2022-08-07T00:00:00+00:00, run_after=2022-08-08T00:00:00+00:00
[2022-08-08 09:32:30,328] {processor.py:161} INFO - Processing /home/airflow/.local/lib/python3.7/site-packages/airflow/example_dags/example_branch_day_of_week_operator.py took 0.267 seconds
[2022-08-08 09:33:00,907] {processor.py:153} INFO - Started process (PID=824) to work on /home/airflow/.local/lib/python3.7/site-packages/airflow/example_dags/example_branch_day_of_week_operator.py
[2022-08-08 09:33:00,916] {processor.py:641} INFO - Processing file /home/airflow/.local/lib/python3.7/site-packages/airflow/example_dags/example_branch_day_of_week_operator.py for tasks to queue
[2022-08-08 09:33:00,918] {logging_mixin.py:115} INFO - [2022-08-08 09:33:00,918] {dagbag.py:507} INFO - Filling up the DagBag from /home/airflow/.local/lib/python3.7/site-packages/airflow/example_dags/example_branch_day_of_week_operator.py
[2022-08-08 09:33:00,965] {processor.py:651} INFO - DAG(s) dict_keys(['example_weekday_branch_operator']) retrieved from /home/airflow/.local/lib/python3.7/site-packages/airflow/example_dags/example_branch_day_of_week_operator.py
[2022-08-08 09:33:01,016] {logging_mixin.py:115} INFO - [2022-08-08 09:33:01,016] {dag.py:2379} INFO - Sync 1 DAGs
[2022-08-08 09:33:01,093] {logging_mixin.py:115} INFO - [2022-08-08 09:33:01,093] {dag.py:2931} INFO - Setting next_dagrun for example_weekday_branch_operator to 2022-08-07T00:00:00+00:00, run_after=2022-08-08T00:00:00+00:00
[2022-08-08 09:33:01,120] {processor.py:161} INFO - Processing /home/airflow/.local/lib/python3.7/site-packages/airflow/example_dags/example_branch_day_of_week_operator.py took 0.215 seconds
[2022-08-08 09:33:31,388] {processor.py:153} INFO - Started process (PID=884) to work on /home/airflow/.local/lib/python3.7/site-packages/airflow/example_dags/example_branch_day_of_week_operator.py
[2022-08-08 09:33:31,390] {processor.py:641} INFO - Processing file /home/airflow/.local/lib/python3.7/site-packages/airflow/example_dags/example_branch_day_of_week_operator.py for tasks to queue
[2022-08-08 09:33:31,395] {logging_mixin.py:115} INFO - [2022-08-08 09:33:31,395] {dagbag.py:507} INFO - Filling up the DagBag from /home/airflow/.local/lib/python3.7/site-packages/airflow/example_dags/example_branch_day_of_week_operator.py
[2022-08-08 09:33:31,406] {processor.py:651} INFO - DAG(s) dict_keys(['example_weekday_branch_operator']) retrieved from /home/airflow/.local/lib/python3.7/site-packages/airflow/example_dags/example_branch_day_of_week_operator.py
[2022-08-08 09:33:31,466] {logging_mixin.py:115} INFO - [2022-08-08 09:33:31,466] {dag.py:2379} INFO - Sync 1 DAGs
[2022-08-08 09:33:31,558] {logging_mixin.py:115} INFO - [2022-08-08 09:33:31,558] {dag.py:2931} INFO - Setting next_dagrun for example_weekday_branch_operator to 2022-08-07T00:00:00+00:00, run_after=2022-08-08T00:00:00+00:00
[2022-08-08 09:33:31,572] {processor.py:161} INFO - Processing /home/airflow/.local/lib/python3.7/site-packages/airflow/example_dags/example_branch_day_of_week_operator.py took 0.186 seconds
[2022-08-08 09:34:01,692] {processor.py:153} INFO - Started process (PID=937) to work on /home/airflow/.local/lib/python3.7/site-packages/airflow/example_dags/example_branch_day_of_week_operator.py
[2022-08-08 09:34:01,696] {processor.py:641} INFO - Processing file /home/airflow/.local/lib/python3.7/site-packages/airflow/example_dags/example_branch_day_of_week_operator.py for tasks to queue
[2022-08-08 09:34:01,698] {logging_mixin.py:115} INFO - [2022-08-08 09:34:01,698] {dagbag.py:507} INFO - Filling up the DagBag from /home/airflow/.local/lib/python3.7/site-packages/airflow/example_dags/example_branch_day_of_week_operator.py
[2022-08-08 09:34:01,714] {processor.py:651} INFO - DAG(s) dict_keys(['example_weekday_branch_operator']) retrieved from /home/airflow/.local/lib/python3.7/site-packages/airflow/example_dags/example_branch_day_of_week_operator.py
[2022-08-08 09:34:01,749] {logging_mixin.py:115} INFO - [2022-08-08 09:34:01,749] {dag.py:2379} INFO - Sync 1 DAGs
[2022-08-08 09:34:01,773] {logging_mixin.py:115} INFO - [2022-08-08 09:34:01,773] {dag.py:2931} INFO - Setting next_dagrun for example_weekday_branch_operator to 2022-08-07T00:00:00+00:00, run_after=2022-08-08T00:00:00+00:00
[2022-08-08 09:34:01,788] {processor.py:161} INFO - Processing /home/airflow/.local/lib/python3.7/site-packages/airflow/example_dags/example_branch_day_of_week_operator.py took 0.098 seconds
[2022-08-08 09:34:32,306] {processor.py:153} INFO - Started process (PID=999) to work on /home/airflow/.local/lib/python3.7/site-packages/airflow/example_dags/example_branch_day_of_week_operator.py
[2022-08-08 09:34:32,317] {processor.py:641} INFO - Processing file /home/airflow/.local/lib/python3.7/site-packages/airflow/example_dags/example_branch_day_of_week_operator.py for tasks to queue
[2022-08-08 09:34:32,321] {logging_mixin.py:115} INFO - [2022-08-08 09:34:32,321] {dagbag.py:507} INFO - Filling up the DagBag from /home/airflow/.local/lib/python3.7/site-packages/airflow/example_dags/example_branch_day_of_week_operator.py
[2022-08-08 09:34:32,354] {processor.py:651} INFO - DAG(s) dict_keys(['example_weekday_branch_operator']) retrieved from /home/airflow/.local/lib/python3.7/site-packages/airflow/example_dags/example_branch_day_of_week_operator.py
[2022-08-08 09:34:32,460] {logging_mixin.py:115} INFO - [2022-08-08 09:34:32,460] {dag.py:2379} INFO - Sync 1 DAGs
[2022-08-08 09:34:32,556] {logging_mixin.py:115} INFO - [2022-08-08 09:34:32,556] {dag.py:2931} INFO - Setting next_dagrun for example_weekday_branch_operator to 2022-08-07T00:00:00+00:00, run_after=2022-08-08T00:00:00+00:00
[2022-08-08 09:34:32,602] {processor.py:161} INFO - Processing /home/airflow/.local/lib/python3.7/site-packages/airflow/example_dags/example_branch_day_of_week_operator.py took 0.299 seconds
[2022-08-08 09:35:02,790] {processor.py:153} INFO - Started process (PID=1051) to work on /home/airflow/.local/lib/python3.7/site-packages/airflow/example_dags/example_branch_day_of_week_operator.py
[2022-08-08 09:35:02,793] {processor.py:641} INFO - Processing file /home/airflow/.local/lib/python3.7/site-packages/airflow/example_dags/example_branch_day_of_week_operator.py for tasks to queue
[2022-08-08 09:35:02,797] {logging_mixin.py:115} INFO - [2022-08-08 09:35:02,797] {dagbag.py:507} INFO - Filling up the DagBag from /home/airflow/.local/lib/python3.7/site-packages/airflow/example_dags/example_branch_day_of_week_operator.py
[2022-08-08 09:35:02,805] {processor.py:651} INFO - DAG(s) dict_keys(['example_weekday_branch_operator']) retrieved from /home/airflow/.local/lib/python3.7/site-packages/airflow/example_dags/example_branch_day_of_week_operator.py
[2022-08-08 09:35:02,893] {logging_mixin.py:115} INFO - [2022-08-08 09:35:02,893] {dag.py:2379} INFO - Sync 1 DAGs
[2022-08-08 09:35:02,925] {logging_mixin.py:115} INFO - [2022-08-08 09:35:02,925] {dag.py:2931} INFO - Setting next_dagrun for example_weekday_branch_operator to 2022-08-07T00:00:00+00:00, run_after=2022-08-08T00:00:00+00:00
[2022-08-08 09:35:02,945] {processor.py:161} INFO - Processing /home/airflow/.local/lib/python3.7/site-packages/airflow/example_dags/example_branch_day_of_week_operator.py took 0.158 seconds
[2022-08-08 09:35:33,452] {processor.py:153} INFO - Started process (PID=1112) to work on /home/airflow/.local/lib/python3.7/site-packages/airflow/example_dags/example_branch_day_of_week_operator.py
[2022-08-08 09:35:33,463] {processor.py:641} INFO - Processing file /home/airflow/.local/lib/python3.7/site-packages/airflow/example_dags/example_branch_day_of_week_operator.py for tasks to queue
[2022-08-08 09:35:33,469] {logging_mixin.py:115} INFO - [2022-08-08 09:35:33,467] {dagbag.py:507} INFO - Filling up the DagBag from /home/airflow/.local/lib/python3.7/site-packages/airflow/example_dags/example_branch_day_of_week_operator.py
[2022-08-08 09:35:33,527] {processor.py:651} INFO - DAG(s) dict_keys(['example_weekday_branch_operator']) retrieved from /home/airflow/.local/lib/python3.7/site-packages/airflow/example_dags/example_branch_day_of_week_operator.py
[2022-08-08 09:35:33,612] {logging_mixin.py:115} INFO - [2022-08-08 09:35:33,612] {dag.py:2379} INFO - Sync 1 DAGs
[2022-08-08 09:35:33,720] {logging_mixin.py:115} INFO - [2022-08-08 09:35:33,720] {dag.py:2931} INFO - Setting next_dagrun for example_weekday_branch_operator to 2022-08-07T00:00:00+00:00, run_after=2022-08-08T00:00:00+00:00
[2022-08-08 09:35:33,816] {processor.py:161} INFO - Processing /home/airflow/.local/lib/python3.7/site-packages/airflow/example_dags/example_branch_day_of_week_operator.py took 0.376 seconds
[2022-08-08 09:36:04,058] {processor.py:153} INFO - Started process (PID=1165) to work on /home/airflow/.local/lib/python3.7/site-packages/airflow/example_dags/example_branch_day_of_week_operator.py
[2022-08-08 09:36:04,065] {processor.py:641} INFO - Processing file /home/airflow/.local/lib/python3.7/site-packages/airflow/example_dags/example_branch_day_of_week_operator.py for tasks to queue
[2022-08-08 09:36:04,067] {logging_mixin.py:115} INFO - [2022-08-08 09:36:04,067] {dagbag.py:507} INFO - Filling up the DagBag from /home/airflow/.local/lib/python3.7/site-packages/airflow/example_dags/example_branch_day_of_week_operator.py
[2022-08-08 09:36:04,083] {processor.py:651} INFO - DAG(s) dict_keys(['example_weekday_branch_operator']) retrieved from /home/airflow/.local/lib/python3.7/site-packages/airflow/example_dags/example_branch_day_of_week_operator.py
[2022-08-08 09:36:04,154] {logging_mixin.py:115} INFO - [2022-08-08 09:36:04,154] {dag.py:2379} INFO - Sync 1 DAGs
[2022-08-08 09:36:04,210] {logging_mixin.py:115} INFO - [2022-08-08 09:36:04,210] {dag.py:2931} INFO - Setting next_dagrun for example_weekday_branch_operator to 2022-08-07T00:00:00+00:00, run_after=2022-08-08T00:00:00+00:00
[2022-08-08 09:36:04,236] {processor.py:161} INFO - Processing /home/airflow/.local/lib/python3.7/site-packages/airflow/example_dags/example_branch_day_of_week_operator.py took 0.180 seconds
[2022-08-08 09:36:34,367] {processor.py:153} INFO - Started process (PID=1226) to work on /home/airflow/.local/lib/python3.7/site-packages/airflow/example_dags/example_branch_day_of_week_operator.py
[2022-08-08 09:36:34,370] {processor.py:641} INFO - Processing file /home/airflow/.local/lib/python3.7/site-packages/airflow/example_dags/example_branch_day_of_week_operator.py for tasks to queue
[2022-08-08 09:36:34,372] {logging_mixin.py:115} INFO - [2022-08-08 09:36:34,372] {dagbag.py:507} INFO - Filling up the DagBag from /home/airflow/.local/lib/python3.7/site-packages/airflow/example_dags/example_branch_day_of_week_operator.py
[2022-08-08 09:36:34,391] {processor.py:651} INFO - DAG(s) dict_keys(['example_weekday_branch_operator']) retrieved from /home/airflow/.local/lib/python3.7/site-packages/airflow/example_dags/example_branch_day_of_week_operator.py
[2022-08-08 09:36:34,452] {logging_mixin.py:115} INFO - [2022-08-08 09:36:34,452] {dag.py:2379} INFO - Sync 1 DAGs
[2022-08-08 09:36:34,508] {logging_mixin.py:115} INFO - [2022-08-08 09:36:34,508] {dag.py:2931} INFO - Setting next_dagrun for example_weekday_branch_operator to 2022-08-07T00:00:00+00:00, run_after=2022-08-08T00:00:00+00:00
[2022-08-08 09:36:34,534] {processor.py:161} INFO - Processing /home/airflow/.local/lib/python3.7/site-packages/airflow/example_dags/example_branch_day_of_week_operator.py took 0.169 seconds
[2022-08-08 09:37:04,661] {processor.py:153} INFO - Started process (PID=1280) to work on /home/airflow/.local/lib/python3.7/site-packages/airflow/example_dags/example_branch_day_of_week_operator.py
[2022-08-08 09:37:04,663] {processor.py:641} INFO - Processing file /home/airflow/.local/lib/python3.7/site-packages/airflow/example_dags/example_branch_day_of_week_operator.py for tasks to queue
[2022-08-08 09:37:04,665] {logging_mixin.py:115} INFO - [2022-08-08 09:37:04,665] {dagbag.py:507} INFO - Filling up the DagBag from /home/airflow/.local/lib/python3.7/site-packages/airflow/example_dags/example_branch_day_of_week_operator.py
[2022-08-08 09:37:04,685] {processor.py:651} INFO - DAG(s) dict_keys(['example_weekday_branch_operator']) retrieved from /home/airflow/.local/lib/python3.7/site-packages/airflow/example_dags/example_branch_day_of_week_operator.py
[2022-08-08 09:37:04,730] {logging_mixin.py:115} INFO - [2022-08-08 09:37:04,729] {dag.py:2379} INFO - Sync 1 DAGs
[2022-08-08 09:37:04,763] {logging_mixin.py:115} INFO - [2022-08-08 09:37:04,763] {dag.py:2931} INFO - Setting next_dagrun for example_weekday_branch_operator to 2022-08-07T00:00:00+00:00, run_after=2022-08-08T00:00:00+00:00
[2022-08-08 09:37:04,826] {processor.py:161} INFO - Processing /home/airflow/.local/lib/python3.7/site-packages/airflow/example_dags/example_branch_day_of_week_operator.py took 0.168 seconds
[2022-08-08 09:37:35,647] {processor.py:153} INFO - Started process (PID=1341) to work on /home/airflow/.local/lib/python3.7/site-packages/airflow/example_dags/example_branch_day_of_week_operator.py
[2022-08-08 09:37:35,649] {processor.py:641} INFO - Processing file /home/airflow/.local/lib/python3.7/site-packages/airflow/example_dags/example_branch_day_of_week_operator.py for tasks to queue
[2022-08-08 09:37:35,650] {logging_mixin.py:115} INFO - [2022-08-08 09:37:35,650] {dagbag.py:507} INFO - Filling up the DagBag from /home/airflow/.local/lib/python3.7/site-packages/airflow/example_dags/example_branch_day_of_week_operator.py
[2022-08-08 09:37:35,661] {processor.py:651} INFO - DAG(s) dict_keys(['example_weekday_branch_operator']) retrieved from /home/airflow/.local/lib/python3.7/site-packages/airflow/example_dags/example_branch_day_of_week_operator.py
[2022-08-08 09:37:35,684] {logging_mixin.py:115} INFO - [2022-08-08 09:37:35,684] {dag.py:2379} INFO - Sync 1 DAGs
[2022-08-08 09:37:35,712] {logging_mixin.py:115} INFO - [2022-08-08 09:37:35,712] {dag.py:2931} INFO - Setting next_dagrun for example_weekday_branch_operator to 2022-08-07T00:00:00+00:00, run_after=2022-08-08T00:00:00+00:00
[2022-08-08 09:37:35,722] {processor.py:161} INFO - Processing /home/airflow/.local/lib/python3.7/site-packages/airflow/example_dags/example_branch_day_of_week_operator.py took 0.078 seconds
[2022-08-08 09:38:10,609] {processor.py:153} INFO - Started process (PID=1395) to work on /home/airflow/.local/lib/python3.7/site-packages/airflow/example_dags/example_branch_day_of_week_operator.py
[2022-08-08 09:38:10,611] {processor.py:641} INFO - Processing file /home/airflow/.local/lib/python3.7/site-packages/airflow/example_dags/example_branch_day_of_week_operator.py for tasks to queue
[2022-08-08 09:38:10,612] {logging_mixin.py:115} INFO - [2022-08-08 09:38:10,612] {dagbag.py:507} INFO - Filling up the DagBag from /home/airflow/.local/lib/python3.7/site-packages/airflow/example_dags/example_branch_day_of_week_operator.py
[2022-08-08 09:38:10,631] {processor.py:651} INFO - DAG(s) dict_keys(['example_weekday_branch_operator']) retrieved from /home/airflow/.local/lib/python3.7/site-packages/airflow/example_dags/example_branch_day_of_week_operator.py
[2022-08-08 09:38:11,057] {logging_mixin.py:115} INFO - [2022-08-08 09:38:11,056] {dag.py:2379} INFO - Sync 1 DAGs
[2022-08-08 09:38:11,165] {logging_mixin.py:115} INFO - [2022-08-08 09:38:11,164] {dag.py:2931} INFO - Setting next_dagrun for example_weekday_branch_operator to 2022-08-07T00:00:00+00:00, run_after=2022-08-08T00:00:00+00:00
[2022-08-08 09:38:11,213] {processor.py:161} INFO - Processing /home/airflow/.local/lib/python3.7/site-packages/airflow/example_dags/example_branch_day_of_week_operator.py took 0.608 seconds
[2022-08-08 09:38:41,806] {processor.py:153} INFO - Started process (PID=1457) to work on /home/airflow/.local/lib/python3.7/site-packages/airflow/example_dags/example_branch_day_of_week_operator.py
[2022-08-08 09:38:41,807] {processor.py:641} INFO - Processing file /home/airflow/.local/lib/python3.7/site-packages/airflow/example_dags/example_branch_day_of_week_operator.py for tasks to queue
[2022-08-08 09:38:41,809] {logging_mixin.py:115} INFO - [2022-08-08 09:38:41,809] {dagbag.py:507} INFO - Filling up the DagBag from /home/airflow/.local/lib/python3.7/site-packages/airflow/example_dags/example_branch_day_of_week_operator.py
[2022-08-08 09:38:41,819] {processor.py:651} INFO - DAG(s) dict_keys(['example_weekday_branch_operator']) retrieved from /home/airflow/.local/lib/python3.7/site-packages/airflow/example_dags/example_branch_day_of_week_operator.py
[2022-08-08 09:38:41,859] {logging_mixin.py:115} INFO - [2022-08-08 09:38:41,859] {dag.py:2379} INFO - Sync 1 DAGs
[2022-08-08 09:38:41,888] {logging_mixin.py:115} INFO - [2022-08-08 09:38:41,888] {dag.py:2931} INFO - Setting next_dagrun for example_weekday_branch_operator to 2022-08-07T00:00:00+00:00, run_after=2022-08-08T00:00:00+00:00
[2022-08-08 09:38:41,903] {processor.py:161} INFO - Processing /home/airflow/.local/lib/python3.7/site-packages/airflow/example_dags/example_branch_day_of_week_operator.py took 0.111 seconds
[2022-08-08 09:39:12,117] {processor.py:153} INFO - Started process (PID=1510) to work on /home/airflow/.local/lib/python3.7/site-packages/airflow/example_dags/example_branch_day_of_week_operator.py
[2022-08-08 09:39:12,120] {processor.py:641} INFO - Processing file /home/airflow/.local/lib/python3.7/site-packages/airflow/example_dags/example_branch_day_of_week_operator.py for tasks to queue
[2022-08-08 09:39:12,121] {logging_mixin.py:115} INFO - [2022-08-08 09:39:12,121] {dagbag.py:507} INFO - Filling up the DagBag from /home/airflow/.local/lib/python3.7/site-packages/airflow/example_dags/example_branch_day_of_week_operator.py
[2022-08-08 09:39:12,158] {processor.py:651} INFO - DAG(s) dict_keys(['example_weekday_branch_operator']) retrieved from /home/airflow/.local/lib/python3.7/site-packages/airflow/example_dags/example_branch_day_of_week_operator.py
[2022-08-08 09:39:12,229] {logging_mixin.py:115} INFO - [2022-08-08 09:39:12,229] {dag.py:2379} INFO - Sync 1 DAGs
[2022-08-08 09:39:12,262] {logging_mixin.py:115} INFO - [2022-08-08 09:39:12,262] {dag.py:2931} INFO - Setting next_dagrun for example_weekday_branch_operator to 2022-08-07T00:00:00+00:00, run_after=2022-08-08T00:00:00+00:00
[2022-08-08 09:39:12,283] {processor.py:161} INFO - Processing /home/airflow/.local/lib/python3.7/site-packages/airflow/example_dags/example_branch_day_of_week_operator.py took 0.171 seconds
[2022-08-08 09:39:43,096] {processor.py:153} INFO - Started process (PID=1563) to work on /home/airflow/.local/lib/python3.7/site-packages/airflow/example_dags/example_branch_day_of_week_operator.py
[2022-08-08 09:39:43,098] {processor.py:641} INFO - Processing file /home/airflow/.local/lib/python3.7/site-packages/airflow/example_dags/example_branch_day_of_week_operator.py for tasks to queue
[2022-08-08 09:39:43,101] {logging_mixin.py:115} INFO - [2022-08-08 09:39:43,101] {dagbag.py:507} INFO - Filling up the DagBag from /home/airflow/.local/lib/python3.7/site-packages/airflow/example_dags/example_branch_day_of_week_operator.py
[2022-08-08 09:39:43,113] {processor.py:651} INFO - DAG(s) dict_keys(['example_weekday_branch_operator']) retrieved from /home/airflow/.local/lib/python3.7/site-packages/airflow/example_dags/example_branch_day_of_week_operator.py
[2022-08-08 09:39:43,147] {logging_mixin.py:115} INFO - [2022-08-08 09:39:43,147] {dag.py:2379} INFO - Sync 1 DAGs
[2022-08-08 09:39:43,172] {logging_mixin.py:115} INFO - [2022-08-08 09:39:43,172] {dag.py:2931} INFO - Setting next_dagrun for example_weekday_branch_operator to 2022-08-07T00:00:00+00:00, run_after=2022-08-08T00:00:00+00:00
[2022-08-08 09:39:43,181] {processor.py:161} INFO - Processing /home/airflow/.local/lib/python3.7/site-packages/airflow/example_dags/example_branch_day_of_week_operator.py took 0.088 seconds
[2022-08-08 09:40:13,636] {processor.py:153} INFO - Started process (PID=1624) to work on /home/airflow/.local/lib/python3.7/site-packages/airflow/example_dags/example_branch_day_of_week_operator.py
[2022-08-08 09:40:13,638] {processor.py:641} INFO - Processing file /home/airflow/.local/lib/python3.7/site-packages/airflow/example_dags/example_branch_day_of_week_operator.py for tasks to queue
[2022-08-08 09:40:13,650] {logging_mixin.py:115} INFO - [2022-08-08 09:40:13,640] {dagbag.py:507} INFO - Filling up the DagBag from /home/airflow/.local/lib/python3.7/site-packages/airflow/example_dags/example_branch_day_of_week_operator.py
[2022-08-08 09:40:13,675] {processor.py:651} INFO - DAG(s) dict_keys(['example_weekday_branch_operator']) retrieved from /home/airflow/.local/lib/python3.7/site-packages/airflow/example_dags/example_branch_day_of_week_operator.py
[2022-08-08 09:40:13,717] {logging_mixin.py:115} INFO - [2022-08-08 09:40:13,717] {dag.py:2379} INFO - Sync 1 DAGs
[2022-08-08 09:40:13,755] {logging_mixin.py:115} INFO - [2022-08-08 09:40:13,755] {dag.py:2931} INFO - Setting next_dagrun for example_weekday_branch_operator to 2022-08-07T00:00:00+00:00, run_after=2022-08-08T00:00:00+00:00
[2022-08-08 09:40:13,770] {processor.py:161} INFO - Processing /home/airflow/.local/lib/python3.7/site-packages/airflow/example_dags/example_branch_day_of_week_operator.py took 0.144 seconds
[2022-08-08 09:40:43,955] {processor.py:153} INFO - Started process (PID=1677) to work on /home/airflow/.local/lib/python3.7/site-packages/airflow/example_dags/example_branch_day_of_week_operator.py
[2022-08-08 09:40:43,957] {processor.py:641} INFO - Processing file /home/airflow/.local/lib/python3.7/site-packages/airflow/example_dags/example_branch_day_of_week_operator.py for tasks to queue
[2022-08-08 09:40:43,959] {logging_mixin.py:115} INFO - [2022-08-08 09:40:43,959] {dagbag.py:507} INFO - Filling up the DagBag from /home/airflow/.local/lib/python3.7/site-packages/airflow/example_dags/example_branch_day_of_week_operator.py
[2022-08-08 09:40:43,973] {processor.py:651} INFO - DAG(s) dict_keys(['example_weekday_branch_operator']) retrieved from /home/airflow/.local/lib/python3.7/site-packages/airflow/example_dags/example_branch_day_of_week_operator.py
[2022-08-08 09:40:44,033] {logging_mixin.py:115} INFO - [2022-08-08 09:40:44,033] {dag.py:2379} INFO - Sync 1 DAGs
[2022-08-08 09:40:44,061] {logging_mixin.py:115} INFO - [2022-08-08 09:40:44,061] {dag.py:2931} INFO - Setting next_dagrun for example_weekday_branch_operator to 2022-08-07T00:00:00+00:00, run_after=2022-08-08T00:00:00+00:00
[2022-08-08 09:40:44,077] {processor.py:161} INFO - Processing /home/airflow/.local/lib/python3.7/site-packages/airflow/example_dags/example_branch_day_of_week_operator.py took 0.139 seconds
[2022-08-08 09:41:14,440] {processor.py:153} INFO - Started process (PID=1730) to work on /home/airflow/.local/lib/python3.7/site-packages/airflow/example_dags/example_branch_day_of_week_operator.py
[2022-08-08 09:41:14,441] {processor.py:641} INFO - Processing file /home/airflow/.local/lib/python3.7/site-packages/airflow/example_dags/example_branch_day_of_week_operator.py for tasks to queue
[2022-08-08 09:41:14,442] {logging_mixin.py:115} INFO - [2022-08-08 09:41:14,442] {dagbag.py:507} INFO - Filling up the DagBag from /home/airflow/.local/lib/python3.7/site-packages/airflow/example_dags/example_branch_day_of_week_operator.py
[2022-08-08 09:41:14,455] {processor.py:651} INFO - DAG(s) dict_keys(['example_weekday_branch_operator']) retrieved from /home/airflow/.local/lib/python3.7/site-packages/airflow/example_dags/example_branch_day_of_week_operator.py
[2022-08-08 09:41:14,486] {logging_mixin.py:115} INFO - [2022-08-08 09:41:14,486] {dag.py:2379} INFO - Sync 1 DAGs
[2022-08-08 09:41:14,523] {logging_mixin.py:115} INFO - [2022-08-08 09:41:14,523] {dag.py:2931} INFO - Setting next_dagrun for example_weekday_branch_operator to 2022-08-07T00:00:00+00:00, run_after=2022-08-08T00:00:00+00:00
[2022-08-08 09:41:14,542] {processor.py:161} INFO - Processing /home/airflow/.local/lib/python3.7/site-packages/airflow/example_dags/example_branch_day_of_week_operator.py took 0.105 seconds
[2022-08-08 09:41:44,855] {processor.py:153} INFO - Started process (PID=1791) to work on /home/airflow/.local/lib/python3.7/site-packages/airflow/example_dags/example_branch_day_of_week_operator.py
[2022-08-08 09:41:44,856] {processor.py:641} INFO - Processing file /home/airflow/.local/lib/python3.7/site-packages/airflow/example_dags/example_branch_day_of_week_operator.py for tasks to queue
[2022-08-08 09:41:44,858] {logging_mixin.py:115} INFO - [2022-08-08 09:41:44,858] {dagbag.py:507} INFO - Filling up the DagBag from /home/airflow/.local/lib/python3.7/site-packages/airflow/example_dags/example_branch_day_of_week_operator.py
[2022-08-08 09:41:44,881] {processor.py:651} INFO - DAG(s) dict_keys(['example_weekday_branch_operator']) retrieved from /home/airflow/.local/lib/python3.7/site-packages/airflow/example_dags/example_branch_day_of_week_operator.py
[2022-08-08 09:41:44,970] {logging_mixin.py:115} INFO - [2022-08-08 09:41:44,970] {dag.py:2379} INFO - Sync 1 DAGs
[2022-08-08 09:41:45,008] {logging_mixin.py:115} INFO - [2022-08-08 09:41:45,008] {dag.py:2931} INFO - Setting next_dagrun for example_weekday_branch_operator to 2022-08-07T00:00:00+00:00, run_after=2022-08-08T00:00:00+00:00
[2022-08-08 09:41:45,037] {processor.py:161} INFO - Processing /home/airflow/.local/lib/python3.7/site-packages/airflow/example_dags/example_branch_day_of_week_operator.py took 0.189 seconds
[2022-08-08 09:42:15,844] {processor.py:153} INFO - Started process (PID=1843) to work on /home/airflow/.local/lib/python3.7/site-packages/airflow/example_dags/example_branch_day_of_week_operator.py
[2022-08-08 09:42:15,846] {processor.py:641} INFO - Processing file /home/airflow/.local/lib/python3.7/site-packages/airflow/example_dags/example_branch_day_of_week_operator.py for tasks to queue
[2022-08-08 09:42:15,847] {logging_mixin.py:115} INFO - [2022-08-08 09:42:15,847] {dagbag.py:507} INFO - Filling up the DagBag from /home/airflow/.local/lib/python3.7/site-packages/airflow/example_dags/example_branch_day_of_week_operator.py
[2022-08-08 09:42:15,859] {processor.py:651} INFO - DAG(s) dict_keys(['example_weekday_branch_operator']) retrieved from /home/airflow/.local/lib/python3.7/site-packages/airflow/example_dags/example_branch_day_of_week_operator.py
[2022-08-08 09:42:15,902] {logging_mixin.py:115} INFO - [2022-08-08 09:42:15,901] {dag.py:2379} INFO - Sync 1 DAGs
[2022-08-08 09:42:15,937] {logging_mixin.py:115} INFO - [2022-08-08 09:42:15,937] {dag.py:2931} INFO - Setting next_dagrun for example_weekday_branch_operator to 2022-08-07T00:00:00+00:00, run_after=2022-08-08T00:00:00+00:00
[2022-08-08 09:42:15,950] {processor.py:161} INFO - Processing /home/airflow/.local/lib/python3.7/site-packages/airflow/example_dags/example_branch_day_of_week_operator.py took 0.109 seconds
[2022-08-08 09:42:48,437] {processor.py:153} INFO - Started process (PID=1902) to work on /home/airflow/.local/lib/python3.7/site-packages/airflow/example_dags/example_branch_day_of_week_operator.py
[2022-08-08 09:42:48,442] {processor.py:641} INFO - Processing file /home/airflow/.local/lib/python3.7/site-packages/airflow/example_dags/example_branch_day_of_week_operator.py for tasks to queue
[2022-08-08 09:42:48,451] {logging_mixin.py:115} INFO - [2022-08-08 09:42:48,451] {dagbag.py:507} INFO - Filling up the DagBag from /home/airflow/.local/lib/python3.7/site-packages/airflow/example_dags/example_branch_day_of_week_operator.py
[2022-08-08 09:42:48,515] {processor.py:651} INFO - DAG(s) dict_keys(['example_weekday_branch_operator']) retrieved from /home/airflow/.local/lib/python3.7/site-packages/airflow/example_dags/example_branch_day_of_week_operator.py
[2022-08-08 09:42:48,573] {logging_mixin.py:115} INFO - [2022-08-08 09:42:48,573] {dag.py:2379} INFO - Sync 1 DAGs
[2022-08-08 09:42:48,628] {logging_mixin.py:115} INFO - [2022-08-08 09:42:48,628] {dag.py:2931} INFO - Setting next_dagrun for example_weekday_branch_operator to 2022-08-07T00:00:00+00:00, run_after=2022-08-08T00:00:00+00:00
[2022-08-08 09:42:48,645] {processor.py:161} INFO - Processing /home/airflow/.local/lib/python3.7/site-packages/airflow/example_dags/example_branch_day_of_week_operator.py took 0.220 seconds
[2022-08-08 09:43:19,421] {processor.py:153} INFO - Started process (PID=1958) to work on /home/airflow/.local/lib/python3.7/site-packages/airflow/example_dags/example_branch_day_of_week_operator.py
[2022-08-08 09:43:19,423] {processor.py:641} INFO - Processing file /home/airflow/.local/lib/python3.7/site-packages/airflow/example_dags/example_branch_day_of_week_operator.py for tasks to queue
[2022-08-08 09:43:19,424] {logging_mixin.py:115} INFO - [2022-08-08 09:43:19,424] {dagbag.py:507} INFO - Filling up the DagBag from /home/airflow/.local/lib/python3.7/site-packages/airflow/example_dags/example_branch_day_of_week_operator.py
[2022-08-08 09:43:19,433] {processor.py:651} INFO - DAG(s) dict_keys(['example_weekday_branch_operator']) retrieved from /home/airflow/.local/lib/python3.7/site-packages/airflow/example_dags/example_branch_day_of_week_operator.py
[2022-08-08 09:43:19,458] {logging_mixin.py:115} INFO - [2022-08-08 09:43:19,458] {dag.py:2379} INFO - Sync 1 DAGs
[2022-08-08 09:43:19,486] {logging_mixin.py:115} INFO - [2022-08-08 09:43:19,486] {dag.py:2931} INFO - Setting next_dagrun for example_weekday_branch_operator to 2022-08-07T00:00:00+00:00, run_after=2022-08-08T00:00:00+00:00
[2022-08-08 09:43:19,503] {processor.py:161} INFO - Processing /home/airflow/.local/lib/python3.7/site-packages/airflow/example_dags/example_branch_day_of_week_operator.py took 0.092 seconds
[2022-08-08 09:43:50,120] {processor.py:153} INFO - Started process (PID=2019) to work on /home/airflow/.local/lib/python3.7/site-packages/airflow/example_dags/example_branch_day_of_week_operator.py
[2022-08-08 09:43:50,128] {processor.py:641} INFO - Processing file /home/airflow/.local/lib/python3.7/site-packages/airflow/example_dags/example_branch_day_of_week_operator.py for tasks to queue
[2022-08-08 09:43:50,131] {logging_mixin.py:115} INFO - [2022-08-08 09:43:50,131] {dagbag.py:507} INFO - Filling up the DagBag from /home/airflow/.local/lib/python3.7/site-packages/airflow/example_dags/example_branch_day_of_week_operator.py
[2022-08-08 09:43:50,160] {processor.py:651} INFO - DAG(s) dict_keys(['example_weekday_branch_operator']) retrieved from /home/airflow/.local/lib/python3.7/site-packages/airflow/example_dags/example_branch_day_of_week_operator.py
[2022-08-08 09:43:50,242] {logging_mixin.py:115} INFO - [2022-08-08 09:43:50,242] {dag.py:2379} INFO - Sync 1 DAGs
[2022-08-08 09:43:50,299] {logging_mixin.py:115} INFO - [2022-08-08 09:43:50,299] {dag.py:2931} INFO - Setting next_dagrun for example_weekday_branch_operator to 2022-08-07T00:00:00+00:00, run_after=2022-08-08T00:00:00+00:00
[2022-08-08 09:43:50,331] {processor.py:161} INFO - Processing /home/airflow/.local/lib/python3.7/site-packages/airflow/example_dags/example_branch_day_of_week_operator.py took 0.215 seconds
[2022-08-08 09:44:20,428] {processor.py:153} INFO - Started process (PID=2072) to work on /home/airflow/.local/lib/python3.7/site-packages/airflow/example_dags/example_branch_day_of_week_operator.py
[2022-08-08 09:44:20,431] {processor.py:641} INFO - Processing file /home/airflow/.local/lib/python3.7/site-packages/airflow/example_dags/example_branch_day_of_week_operator.py for tasks to queue
[2022-08-08 09:44:20,436] {logging_mixin.py:115} INFO - [2022-08-08 09:44:20,436] {dagbag.py:507} INFO - Filling up the DagBag from /home/airflow/.local/lib/python3.7/site-packages/airflow/example_dags/example_branch_day_of_week_operator.py
[2022-08-08 09:44:20,445] {processor.py:651} INFO - DAG(s) dict_keys(['example_weekday_branch_operator']) retrieved from /home/airflow/.local/lib/python3.7/site-packages/airflow/example_dags/example_branch_day_of_week_operator.py
[2022-08-08 09:44:20,490] {logging_mixin.py:115} INFO - [2022-08-08 09:44:20,490] {dag.py:2379} INFO - Sync 1 DAGs
[2022-08-08 09:44:20,531] {logging_mixin.py:115} INFO - [2022-08-08 09:44:20,530] {dag.py:2931} INFO - Setting next_dagrun for example_weekday_branch_operator to 2022-08-07T00:00:00+00:00, run_after=2022-08-08T00:00:00+00:00
[2022-08-08 09:44:20,543] {processor.py:161} INFO - Processing /home/airflow/.local/lib/python3.7/site-packages/airflow/example_dags/example_branch_day_of_week_operator.py took 0.118 seconds
[2022-08-08 09:44:51,139] {processor.py:153} INFO - Started process (PID=2133) to work on /home/airflow/.local/lib/python3.7/site-packages/airflow/example_dags/example_branch_day_of_week_operator.py
[2022-08-08 09:44:51,142] {processor.py:641} INFO - Processing file /home/airflow/.local/lib/python3.7/site-packages/airflow/example_dags/example_branch_day_of_week_operator.py for tasks to queue
[2022-08-08 09:44:51,143] {logging_mixin.py:115} INFO - [2022-08-08 09:44:51,143] {dagbag.py:507} INFO - Filling up the DagBag from /home/airflow/.local/lib/python3.7/site-packages/airflow/example_dags/example_branch_day_of_week_operator.py
[2022-08-08 09:44:51,150] {processor.py:651} INFO - DAG(s) dict_keys(['example_weekday_branch_operator']) retrieved from /home/airflow/.local/lib/python3.7/site-packages/airflow/example_dags/example_branch_day_of_week_operator.py
[2022-08-08 09:44:51,192] {logging_mixin.py:115} INFO - [2022-08-08 09:44:51,192] {dag.py:2379} INFO - Sync 1 DAGs
[2022-08-08 09:44:51,221] {logging_mixin.py:115} INFO - [2022-08-08 09:44:51,221] {dag.py:2931} INFO - Setting next_dagrun for example_weekday_branch_operator to 2022-08-07T00:00:00+00:00, run_after=2022-08-08T00:00:00+00:00
[2022-08-08 09:44:51,234] {processor.py:161} INFO - Processing /home/airflow/.local/lib/python3.7/site-packages/airflow/example_dags/example_branch_day_of_week_operator.py took 0.098 seconds
[2022-08-08 09:45:21,606] {processor.py:153} INFO - Started process (PID=2194) to work on /home/airflow/.local/lib/python3.7/site-packages/airflow/example_dags/example_branch_day_of_week_operator.py
[2022-08-08 09:45:21,608] {processor.py:641} INFO - Processing file /home/airflow/.local/lib/python3.7/site-packages/airflow/example_dags/example_branch_day_of_week_operator.py for tasks to queue
[2022-08-08 09:45:21,609] {logging_mixin.py:115} INFO - [2022-08-08 09:45:21,609] {dagbag.py:507} INFO - Filling up the DagBag from /home/airflow/.local/lib/python3.7/site-packages/airflow/example_dags/example_branch_day_of_week_operator.py
[2022-08-08 09:45:21,622] {processor.py:651} INFO - DAG(s) dict_keys(['example_weekday_branch_operator']) retrieved from /home/airflow/.local/lib/python3.7/site-packages/airflow/example_dags/example_branch_day_of_week_operator.py
[2022-08-08 09:45:21,666] {logging_mixin.py:115} INFO - [2022-08-08 09:45:21,666] {dag.py:2379} INFO - Sync 1 DAGs
[2022-08-08 09:45:21,707] {logging_mixin.py:115} INFO - [2022-08-08 09:45:21,707] {dag.py:2931} INFO - Setting next_dagrun for example_weekday_branch_operator to 2022-08-07T00:00:00+00:00, run_after=2022-08-08T00:00:00+00:00
[2022-08-08 09:45:21,725] {processor.py:161} INFO - Processing /home/airflow/.local/lib/python3.7/site-packages/airflow/example_dags/example_branch_day_of_week_operator.py took 0.122 seconds
[2022-08-08 09:45:51,864] {processor.py:153} INFO - Started process (PID=2247) to work on /home/airflow/.local/lib/python3.7/site-packages/airflow/example_dags/example_branch_day_of_week_operator.py
[2022-08-08 09:45:51,868] {processor.py:641} INFO - Processing file /home/airflow/.local/lib/python3.7/site-packages/airflow/example_dags/example_branch_day_of_week_operator.py for tasks to queue
[2022-08-08 09:45:51,870] {logging_mixin.py:115} INFO - [2022-08-08 09:45:51,870] {dagbag.py:507} INFO - Filling up the DagBag from /home/airflow/.local/lib/python3.7/site-packages/airflow/example_dags/example_branch_day_of_week_operator.py
[2022-08-08 09:45:51,880] {processor.py:651} INFO - DAG(s) dict_keys(['example_weekday_branch_operator']) retrieved from /home/airflow/.local/lib/python3.7/site-packages/airflow/example_dags/example_branch_day_of_week_operator.py
[2022-08-08 09:45:51,920] {logging_mixin.py:115} INFO - [2022-08-08 09:45:51,920] {dag.py:2379} INFO - Sync 1 DAGs
[2022-08-08 09:45:51,954] {logging_mixin.py:115} INFO - [2022-08-08 09:45:51,954] {dag.py:2931} INFO - Setting next_dagrun for example_weekday_branch_operator to 2022-08-07T00:00:00+00:00, run_after=2022-08-08T00:00:00+00:00
[2022-08-08 09:45:51,973] {processor.py:161} INFO - Processing /home/airflow/.local/lib/python3.7/site-packages/airflow/example_dags/example_branch_day_of_week_operator.py took 0.112 seconds
[2022-08-08 09:46:22,578] {processor.py:153} INFO - Started process (PID=2309) to work on /home/airflow/.local/lib/python3.7/site-packages/airflow/example_dags/example_branch_day_of_week_operator.py
[2022-08-08 09:46:22,579] {processor.py:641} INFO - Processing file /home/airflow/.local/lib/python3.7/site-packages/airflow/example_dags/example_branch_day_of_week_operator.py for tasks to queue
[2022-08-08 09:46:22,581] {logging_mixin.py:115} INFO - [2022-08-08 09:46:22,581] {dagbag.py:507} INFO - Filling up the DagBag from /home/airflow/.local/lib/python3.7/site-packages/airflow/example_dags/example_branch_day_of_week_operator.py
[2022-08-08 09:46:22,595] {processor.py:651} INFO - DAG(s) dict_keys(['example_weekday_branch_operator']) retrieved from /home/airflow/.local/lib/python3.7/site-packages/airflow/example_dags/example_branch_day_of_week_operator.py
[2022-08-08 09:46:22,625] {logging_mixin.py:115} INFO - [2022-08-08 09:46:22,625] {dag.py:2379} INFO - Sync 1 DAGs
[2022-08-08 09:46:22,650] {logging_mixin.py:115} INFO - [2022-08-08 09:46:22,650] {dag.py:2931} INFO - Setting next_dagrun for example_weekday_branch_operator to 2022-08-07T00:00:00+00:00, run_after=2022-08-08T00:00:00+00:00
[2022-08-08 09:46:22,662] {processor.py:161} INFO - Processing /home/airflow/.local/lib/python3.7/site-packages/airflow/example_dags/example_branch_day_of_week_operator.py took 0.087 seconds
[2022-08-08 09:46:52,896] {processor.py:153} INFO - Started process (PID=2362) to work on /home/airflow/.local/lib/python3.7/site-packages/airflow/example_dags/example_branch_day_of_week_operator.py
[2022-08-08 09:46:52,899] {processor.py:641} INFO - Processing file /home/airflow/.local/lib/python3.7/site-packages/airflow/example_dags/example_branch_day_of_week_operator.py for tasks to queue
[2022-08-08 09:46:52,901] {logging_mixin.py:115} INFO - [2022-08-08 09:46:52,901] {dagbag.py:507} INFO - Filling up the DagBag from /home/airflow/.local/lib/python3.7/site-packages/airflow/example_dags/example_branch_day_of_week_operator.py
[2022-08-08 09:46:52,915] {processor.py:651} INFO - DAG(s) dict_keys(['example_weekday_branch_operator']) retrieved from /home/airflow/.local/lib/python3.7/site-packages/airflow/example_dags/example_branch_day_of_week_operator.py
[2022-08-08 09:46:52,969] {logging_mixin.py:115} INFO - [2022-08-08 09:46:52,969] {dag.py:2379} INFO - Sync 1 DAGs
[2022-08-08 09:46:53,013] {logging_mixin.py:115} INFO - [2022-08-08 09:46:53,013] {dag.py:2931} INFO - Setting next_dagrun for example_weekday_branch_operator to 2022-08-07T00:00:00+00:00, run_after=2022-08-08T00:00:00+00:00
[2022-08-08 09:46:53,031] {processor.py:161} INFO - Processing /home/airflow/.local/lib/python3.7/site-packages/airflow/example_dags/example_branch_day_of_week_operator.py took 0.140 seconds
[2022-08-08 09:47:23,817] {processor.py:153} INFO - Started process (PID=2424) to work on /home/airflow/.local/lib/python3.7/site-packages/airflow/example_dags/example_branch_day_of_week_operator.py
[2022-08-08 09:47:23,818] {processor.py:641} INFO - Processing file /home/airflow/.local/lib/python3.7/site-packages/airflow/example_dags/example_branch_day_of_week_operator.py for tasks to queue
[2022-08-08 09:47:23,820] {logging_mixin.py:115} INFO - [2022-08-08 09:47:23,820] {dagbag.py:507} INFO - Filling up the DagBag from /home/airflow/.local/lib/python3.7/site-packages/airflow/example_dags/example_branch_day_of_week_operator.py
[2022-08-08 09:47:23,827] {processor.py:651} INFO - DAG(s) dict_keys(['example_weekday_branch_operator']) retrieved from /home/airflow/.local/lib/python3.7/site-packages/airflow/example_dags/example_branch_day_of_week_operator.py
[2022-08-08 09:47:23,852] {logging_mixin.py:115} INFO - [2022-08-08 09:47:23,852] {dag.py:2379} INFO - Sync 1 DAGs
[2022-08-08 09:47:23,870] {logging_mixin.py:115} INFO - [2022-08-08 09:47:23,870] {dag.py:2931} INFO - Setting next_dagrun for example_weekday_branch_operator to 2022-08-07T00:00:00+00:00, run_after=2022-08-08T00:00:00+00:00
[2022-08-08 09:47:23,881] {processor.py:161} INFO - Processing /home/airflow/.local/lib/python3.7/site-packages/airflow/example_dags/example_branch_day_of_week_operator.py took 0.068 seconds
[2022-08-08 09:47:55,053] {processor.py:153} INFO - Started process (PID=2486) to work on /home/airflow/.local/lib/python3.7/site-packages/airflow/example_dags/example_branch_day_of_week_operator.py
[2022-08-08 09:47:55,055] {processor.py:641} INFO - Processing file /home/airflow/.local/lib/python3.7/site-packages/airflow/example_dags/example_branch_day_of_week_operator.py for tasks to queue
[2022-08-08 09:47:55,057] {logging_mixin.py:115} INFO - [2022-08-08 09:47:55,057] {dagbag.py:507} INFO - Filling up the DagBag from /home/airflow/.local/lib/python3.7/site-packages/airflow/example_dags/example_branch_day_of_week_operator.py
[2022-08-08 09:47:55,068] {processor.py:651} INFO - DAG(s) dict_keys(['example_weekday_branch_operator']) retrieved from /home/airflow/.local/lib/python3.7/site-packages/airflow/example_dags/example_branch_day_of_week_operator.py
[2022-08-08 09:47:55,141] {logging_mixin.py:115} INFO - [2022-08-08 09:47:55,141] {dag.py:2379} INFO - Sync 1 DAGs
[2022-08-08 09:47:55,175] {logging_mixin.py:115} INFO - [2022-08-08 09:47:55,175] {dag.py:2931} INFO - Setting next_dagrun for example_weekday_branch_operator to 2022-08-07T00:00:00+00:00, run_after=2022-08-08T00:00:00+00:00
[2022-08-08 09:47:55,187] {processor.py:161} INFO - Processing /home/airflow/.local/lib/python3.7/site-packages/airflow/example_dags/example_branch_day_of_week_operator.py took 0.138 seconds
