[2022-08-08 09:26:10,900] {processor.py:153} INFO - Started process (PID=51) to work on /home/airflow/.local/lib/python3.7/site-packages/airflow/example_dags/example_branch_operator_decorator.py
[2022-08-08 09:26:10,906] {processor.py:641} INFO - Processing file /home/airflow/.local/lib/python3.7/site-packages/airflow/example_dags/example_branch_operator_decorator.py for tasks to queue
[2022-08-08 09:26:10,909] {logging_mixin.py:115} INFO - [2022-08-08 09:26:10,909] {dagbag.py:507} INFO - Filling up the DagBag from /home/airflow/.local/lib/python3.7/site-packages/airflow/example_dags/example_branch_operator_decorator.py
[2022-08-08 09:26:10,967] {processor.py:651} INFO - DAG(s) dict_keys(['example_branch_python_operator_decorator']) retrieved from /home/airflow/.local/lib/python3.7/site-packages/airflow/example_dags/example_branch_operator_decorator.py
[2022-08-08 09:26:11,076] {logging_mixin.py:115} INFO - [2022-08-08 09:26:11,076] {dag.py:2379} INFO - Sync 1 DAGs
[2022-08-08 09:26:11,197] {logging_mixin.py:115} INFO - [2022-08-08 09:26:11,197] {dag.py:2931} INFO - Setting next_dagrun for example_branch_python_operator_decorator to 2022-08-07T00:00:00+00:00, run_after=2022-08-08T00:00:00+00:00
[2022-08-08 09:26:11,229] {processor.py:161} INFO - Processing /home/airflow/.local/lib/python3.7/site-packages/airflow/example_dags/example_branch_operator_decorator.py took 0.331 seconds
[2022-08-08 09:26:41,475] {processor.py:153} INFO - Started process (PID=106) to work on /home/airflow/.local/lib/python3.7/site-packages/airflow/example_dags/example_branch_operator_decorator.py
[2022-08-08 09:26:41,477] {processor.py:641} INFO - Processing file /home/airflow/.local/lib/python3.7/site-packages/airflow/example_dags/example_branch_operator_decorator.py for tasks to queue
[2022-08-08 09:26:41,478] {logging_mixin.py:115} INFO - [2022-08-08 09:26:41,478] {dagbag.py:507} INFO - Filling up the DagBag from /home/airflow/.local/lib/python3.7/site-packages/airflow/example_dags/example_branch_operator_decorator.py
[2022-08-08 09:26:41,513] {processor.py:651} INFO - DAG(s) dict_keys(['example_branch_python_operator_decorator']) retrieved from /home/airflow/.local/lib/python3.7/site-packages/airflow/example_dags/example_branch_operator_decorator.py
[2022-08-08 09:26:41,566] {logging_mixin.py:115} INFO - [2022-08-08 09:26:41,566] {dag.py:2379} INFO - Sync 1 DAGs
[2022-08-08 09:26:41,592] {logging_mixin.py:115} INFO - [2022-08-08 09:26:41,592] {dag.py:2931} INFO - Setting next_dagrun for example_branch_python_operator_decorator to 2022-08-07T00:00:00+00:00, run_after=2022-08-08T00:00:00+00:00
[2022-08-08 09:26:41,613] {processor.py:161} INFO - Processing /home/airflow/.local/lib/python3.7/site-packages/airflow/example_dags/example_branch_operator_decorator.py took 0.142 seconds
[2022-08-08 09:27:12,286] {processor.py:153} INFO - Started process (PID=167) to work on /home/airflow/.local/lib/python3.7/site-packages/airflow/example_dags/example_branch_operator_decorator.py
[2022-08-08 09:27:12,288] {processor.py:641} INFO - Processing file /home/airflow/.local/lib/python3.7/site-packages/airflow/example_dags/example_branch_operator_decorator.py for tasks to queue
[2022-08-08 09:27:12,290] {logging_mixin.py:115} INFO - [2022-08-08 09:27:12,290] {dagbag.py:507} INFO - Filling up the DagBag from /home/airflow/.local/lib/python3.7/site-packages/airflow/example_dags/example_branch_operator_decorator.py
[2022-08-08 09:27:12,327] {processor.py:651} INFO - DAG(s) dict_keys(['example_branch_python_operator_decorator']) retrieved from /home/airflow/.local/lib/python3.7/site-packages/airflow/example_dags/example_branch_operator_decorator.py
[2022-08-08 09:27:12,385] {logging_mixin.py:115} INFO - [2022-08-08 09:27:12,385] {dag.py:2379} INFO - Sync 1 DAGs
[2022-08-08 09:27:12,426] {logging_mixin.py:115} INFO - [2022-08-08 09:27:12,425] {dag.py:2931} INFO - Setting next_dagrun for example_branch_python_operator_decorator to 2022-08-07T00:00:00+00:00, run_after=2022-08-08T00:00:00+00:00
[2022-08-08 09:27:12,436] {processor.py:161} INFO - Processing /home/airflow/.local/lib/python3.7/site-packages/airflow/example_dags/example_branch_operator_decorator.py took 0.152 seconds
[2022-08-08 09:27:43,369] {processor.py:153} INFO - Started process (PID=228) to work on /home/airflow/.local/lib/python3.7/site-packages/airflow/example_dags/example_branch_operator_decorator.py
[2022-08-08 09:27:43,371] {processor.py:641} INFO - Processing file /home/airflow/.local/lib/python3.7/site-packages/airflow/example_dags/example_branch_operator_decorator.py for tasks to queue
[2022-08-08 09:27:43,373] {logging_mixin.py:115} INFO - [2022-08-08 09:27:43,373] {dagbag.py:507} INFO - Filling up the DagBag from /home/airflow/.local/lib/python3.7/site-packages/airflow/example_dags/example_branch_operator_decorator.py
[2022-08-08 09:27:43,410] {processor.py:651} INFO - DAG(s) dict_keys(['example_branch_python_operator_decorator']) retrieved from /home/airflow/.local/lib/python3.7/site-packages/airflow/example_dags/example_branch_operator_decorator.py
[2022-08-08 09:27:43,481] {logging_mixin.py:115} INFO - [2022-08-08 09:27:43,481] {dag.py:2379} INFO - Sync 1 DAGs
[2022-08-08 09:27:43,525] {logging_mixin.py:115} INFO - [2022-08-08 09:27:43,525] {dag.py:2931} INFO - Setting next_dagrun for example_branch_python_operator_decorator to 2022-08-07T00:00:00+00:00, run_after=2022-08-08T00:00:00+00:00
[2022-08-08 09:27:43,546] {processor.py:161} INFO - Processing /home/airflow/.local/lib/python3.7/site-packages/airflow/example_dags/example_branch_operator_decorator.py took 0.179 seconds
[2022-08-08 09:28:13,642] {processor.py:153} INFO - Started process (PID=282) to work on /home/airflow/.local/lib/python3.7/site-packages/airflow/example_dags/example_branch_operator_decorator.py
[2022-08-08 09:28:13,645] {processor.py:641} INFO - Processing file /home/airflow/.local/lib/python3.7/site-packages/airflow/example_dags/example_branch_operator_decorator.py for tasks to queue
[2022-08-08 09:28:13,649] {logging_mixin.py:115} INFO - [2022-08-08 09:28:13,649] {dagbag.py:507} INFO - Filling up the DagBag from /home/airflow/.local/lib/python3.7/site-packages/airflow/example_dags/example_branch_operator_decorator.py
[2022-08-08 09:28:13,696] {processor.py:651} INFO - DAG(s) dict_keys(['example_branch_python_operator_decorator']) retrieved from /home/airflow/.local/lib/python3.7/site-packages/airflow/example_dags/example_branch_operator_decorator.py
[2022-08-08 09:28:13,744] {logging_mixin.py:115} INFO - [2022-08-08 09:28:13,744] {dag.py:2379} INFO - Sync 1 DAGs
[2022-08-08 09:28:13,776] {logging_mixin.py:115} INFO - [2022-08-08 09:28:13,776] {dag.py:2931} INFO - Setting next_dagrun for example_branch_python_operator_decorator to 2022-08-07T00:00:00+00:00, run_after=2022-08-08T00:00:00+00:00
[2022-08-08 09:28:13,795] {processor.py:161} INFO - Processing /home/airflow/.local/lib/python3.7/site-packages/airflow/example_dags/example_branch_operator_decorator.py took 0.157 seconds
[2022-08-08 09:28:43,904] {processor.py:153} INFO - Started process (PID=344) to work on /home/airflow/.local/lib/python3.7/site-packages/airflow/example_dags/example_branch_operator_decorator.py
[2022-08-08 09:28:43,907] {processor.py:641} INFO - Processing file /home/airflow/.local/lib/python3.7/site-packages/airflow/example_dags/example_branch_operator_decorator.py for tasks to queue
[2022-08-08 09:28:43,908] {logging_mixin.py:115} INFO - [2022-08-08 09:28:43,908] {dagbag.py:507} INFO - Filling up the DagBag from /home/airflow/.local/lib/python3.7/site-packages/airflow/example_dags/example_branch_operator_decorator.py
[2022-08-08 09:28:43,994] {processor.py:651} INFO - DAG(s) dict_keys(['example_branch_python_operator_decorator']) retrieved from /home/airflow/.local/lib/python3.7/site-packages/airflow/example_dags/example_branch_operator_decorator.py
[2022-08-08 09:28:44,032] {logging_mixin.py:115} INFO - [2022-08-08 09:28:44,032] {dag.py:2379} INFO - Sync 1 DAGs
[2022-08-08 09:28:44,080] {logging_mixin.py:115} INFO - [2022-08-08 09:28:44,074] {dag.py:2931} INFO - Setting next_dagrun for example_branch_python_operator_decorator to 2022-08-07T00:00:00+00:00, run_after=2022-08-08T00:00:00+00:00
[2022-08-08 09:28:44,110] {processor.py:161} INFO - Processing /home/airflow/.local/lib/python3.7/site-packages/airflow/example_dags/example_branch_operator_decorator.py took 0.208 seconds
[2022-08-08 09:29:14,203] {processor.py:153} INFO - Started process (PID=406) to work on /home/airflow/.local/lib/python3.7/site-packages/airflow/example_dags/example_branch_operator_decorator.py
[2022-08-08 09:29:14,208] {processor.py:641} INFO - Processing file /home/airflow/.local/lib/python3.7/site-packages/airflow/example_dags/example_branch_operator_decorator.py for tasks to queue
[2022-08-08 09:29:14,212] {logging_mixin.py:115} INFO - [2022-08-08 09:29:14,212] {dagbag.py:507} INFO - Filling up the DagBag from /home/airflow/.local/lib/python3.7/site-packages/airflow/example_dags/example_branch_operator_decorator.py
[2022-08-08 09:29:14,239] {processor.py:651} INFO - DAG(s) dict_keys(['example_branch_python_operator_decorator']) retrieved from /home/airflow/.local/lib/python3.7/site-packages/airflow/example_dags/example_branch_operator_decorator.py
[2022-08-08 09:29:14,269] {logging_mixin.py:115} INFO - [2022-08-08 09:29:14,269] {dag.py:2379} INFO - Sync 1 DAGs
[2022-08-08 09:29:14,296] {logging_mixin.py:115} INFO - [2022-08-08 09:29:14,296] {dag.py:2931} INFO - Setting next_dagrun for example_branch_python_operator_decorator to 2022-08-07T00:00:00+00:00, run_after=2022-08-08T00:00:00+00:00
[2022-08-08 09:29:14,338] {processor.py:161} INFO - Processing /home/airflow/.local/lib/python3.7/site-packages/airflow/example_dags/example_branch_operator_decorator.py took 0.137 seconds
[2022-08-08 09:29:44,554] {processor.py:153} INFO - Started process (PID=458) to work on /home/airflow/.local/lib/python3.7/site-packages/airflow/example_dags/example_branch_operator_decorator.py
[2022-08-08 09:29:44,556] {processor.py:641} INFO - Processing file /home/airflow/.local/lib/python3.7/site-packages/airflow/example_dags/example_branch_operator_decorator.py for tasks to queue
[2022-08-08 09:29:44,558] {logging_mixin.py:115} INFO - [2022-08-08 09:29:44,558] {dagbag.py:507} INFO - Filling up the DagBag from /home/airflow/.local/lib/python3.7/site-packages/airflow/example_dags/example_branch_operator_decorator.py
[2022-08-08 09:29:44,586] {processor.py:651} INFO - DAG(s) dict_keys(['example_branch_python_operator_decorator']) retrieved from /home/airflow/.local/lib/python3.7/site-packages/airflow/example_dags/example_branch_operator_decorator.py
[2022-08-08 09:29:44,621] {logging_mixin.py:115} INFO - [2022-08-08 09:29:44,621] {dag.py:2379} INFO - Sync 1 DAGs
[2022-08-08 09:29:44,649] {logging_mixin.py:115} INFO - [2022-08-08 09:29:44,649] {dag.py:2931} INFO - Setting next_dagrun for example_branch_python_operator_decorator to 2022-08-07T00:00:00+00:00, run_after=2022-08-08T00:00:00+00:00
[2022-08-08 09:29:44,673] {processor.py:161} INFO - Processing /home/airflow/.local/lib/python3.7/site-packages/airflow/example_dags/example_branch_operator_decorator.py took 0.121 seconds
[2022-08-08 09:30:14,800] {processor.py:153} INFO - Started process (PID=519) to work on /home/airflow/.local/lib/python3.7/site-packages/airflow/example_dags/example_branch_operator_decorator.py
[2022-08-08 09:30:14,801] {processor.py:641} INFO - Processing file /home/airflow/.local/lib/python3.7/site-packages/airflow/example_dags/example_branch_operator_decorator.py for tasks to queue
[2022-08-08 09:30:14,803] {logging_mixin.py:115} INFO - [2022-08-08 09:30:14,802] {dagbag.py:507} INFO - Filling up the DagBag from /home/airflow/.local/lib/python3.7/site-packages/airflow/example_dags/example_branch_operator_decorator.py
[2022-08-08 09:30:14,822] {processor.py:651} INFO - DAG(s) dict_keys(['example_branch_python_operator_decorator']) retrieved from /home/airflow/.local/lib/python3.7/site-packages/airflow/example_dags/example_branch_operator_decorator.py
[2022-08-08 09:30:14,859] {logging_mixin.py:115} INFO - [2022-08-08 09:30:14,859] {dag.py:2379} INFO - Sync 1 DAGs
[2022-08-08 09:30:14,881] {logging_mixin.py:115} INFO - [2022-08-08 09:30:14,881] {dag.py:2931} INFO - Setting next_dagrun for example_branch_python_operator_decorator to 2022-08-07T00:00:00+00:00, run_after=2022-08-08T00:00:00+00:00
[2022-08-08 09:30:14,896] {processor.py:161} INFO - Processing /home/airflow/.local/lib/python3.7/site-packages/airflow/example_dags/example_branch_operator_decorator.py took 0.099 seconds
[2022-08-08 09:30:45,832] {processor.py:153} INFO - Started process (PID=581) to work on /home/airflow/.local/lib/python3.7/site-packages/airflow/example_dags/example_branch_operator_decorator.py
[2022-08-08 09:30:45,834] {processor.py:641} INFO - Processing file /home/airflow/.local/lib/python3.7/site-packages/airflow/example_dags/example_branch_operator_decorator.py for tasks to queue
[2022-08-08 09:30:45,836] {logging_mixin.py:115} INFO - [2022-08-08 09:30:45,836] {dagbag.py:507} INFO - Filling up the DagBag from /home/airflow/.local/lib/python3.7/site-packages/airflow/example_dags/example_branch_operator_decorator.py
[2022-08-08 09:30:45,864] {processor.py:651} INFO - DAG(s) dict_keys(['example_branch_python_operator_decorator']) retrieved from /home/airflow/.local/lib/python3.7/site-packages/airflow/example_dags/example_branch_operator_decorator.py
[2022-08-08 09:30:45,888] {logging_mixin.py:115} INFO - [2022-08-08 09:30:45,888] {dag.py:2379} INFO - Sync 1 DAGs
[2022-08-08 09:30:45,910] {logging_mixin.py:115} INFO - [2022-08-08 09:30:45,910] {dag.py:2931} INFO - Setting next_dagrun for example_branch_python_operator_decorator to 2022-08-07T00:00:00+00:00, run_after=2022-08-08T00:00:00+00:00
[2022-08-08 09:30:45,935] {processor.py:161} INFO - Processing /home/airflow/.local/lib/python3.7/site-packages/airflow/example_dags/example_branch_operator_decorator.py took 0.106 seconds
[2022-08-08 09:31:16,425] {processor.py:153} INFO - Started process (PID=641) to work on /home/airflow/.local/lib/python3.7/site-packages/airflow/example_dags/example_branch_operator_decorator.py
[2022-08-08 09:31:16,427] {processor.py:641} INFO - Processing file /home/airflow/.local/lib/python3.7/site-packages/airflow/example_dags/example_branch_operator_decorator.py for tasks to queue
[2022-08-08 09:31:16,428] {logging_mixin.py:115} INFO - [2022-08-08 09:31:16,428] {dagbag.py:507} INFO - Filling up the DagBag from /home/airflow/.local/lib/python3.7/site-packages/airflow/example_dags/example_branch_operator_decorator.py
[2022-08-08 09:31:16,451] {processor.py:651} INFO - DAG(s) dict_keys(['example_branch_python_operator_decorator']) retrieved from /home/airflow/.local/lib/python3.7/site-packages/airflow/example_dags/example_branch_operator_decorator.py
[2022-08-08 09:31:16,481] {logging_mixin.py:115} INFO - [2022-08-08 09:31:16,481] {dag.py:2379} INFO - Sync 1 DAGs
[2022-08-08 09:31:16,501] {logging_mixin.py:115} INFO - [2022-08-08 09:31:16,501] {dag.py:2931} INFO - Setting next_dagrun for example_branch_python_operator_decorator to 2022-08-07T00:00:00+00:00, run_after=2022-08-08T00:00:00+00:00
[2022-08-08 09:31:16,515] {processor.py:161} INFO - Processing /home/airflow/.local/lib/python3.7/site-packages/airflow/example_dags/example_branch_operator_decorator.py took 0.092 seconds
[2022-08-08 09:31:47,747] {processor.py:153} INFO - Started process (PID=700) to work on /home/airflow/.local/lib/python3.7/site-packages/airflow/example_dags/example_branch_operator_decorator.py
[2022-08-08 09:31:47,753] {processor.py:641} INFO - Processing file /home/airflow/.local/lib/python3.7/site-packages/airflow/example_dags/example_branch_operator_decorator.py for tasks to queue
[2022-08-08 09:31:47,758] {logging_mixin.py:115} INFO - [2022-08-08 09:31:47,755] {dagbag.py:507} INFO - Filling up the DagBag from /home/airflow/.local/lib/python3.7/site-packages/airflow/example_dags/example_branch_operator_decorator.py
[2022-08-08 09:31:47,803] {processor.py:651} INFO - DAG(s) dict_keys(['example_branch_python_operator_decorator']) retrieved from /home/airflow/.local/lib/python3.7/site-packages/airflow/example_dags/example_branch_operator_decorator.py
[2022-08-08 09:31:47,900] {logging_mixin.py:115} INFO - [2022-08-08 09:31:47,900] {dag.py:2379} INFO - Sync 1 DAGs
[2022-08-08 09:31:47,960] {logging_mixin.py:115} INFO - [2022-08-08 09:31:47,959] {dag.py:2931} INFO - Setting next_dagrun for example_branch_python_operator_decorator to 2022-08-07T00:00:00+00:00, run_after=2022-08-08T00:00:00+00:00
[2022-08-08 09:31:47,988] {processor.py:161} INFO - Processing /home/airflow/.local/lib/python3.7/site-packages/airflow/example_dags/example_branch_operator_decorator.py took 0.244 seconds
[2022-08-08 09:32:18,820] {processor.py:153} INFO - Started process (PID=753) to work on /home/airflow/.local/lib/python3.7/site-packages/airflow/example_dags/example_branch_operator_decorator.py
[2022-08-08 09:32:18,825] {processor.py:641} INFO - Processing file /home/airflow/.local/lib/python3.7/site-packages/airflow/example_dags/example_branch_operator_decorator.py for tasks to queue
[2022-08-08 09:32:18,828] {logging_mixin.py:115} INFO - [2022-08-08 09:32:18,828] {dagbag.py:507} INFO - Filling up the DagBag from /home/airflow/.local/lib/python3.7/site-packages/airflow/example_dags/example_branch_operator_decorator.py
[2022-08-08 09:32:18,865] {processor.py:651} INFO - DAG(s) dict_keys(['example_branch_python_operator_decorator']) retrieved from /home/airflow/.local/lib/python3.7/site-packages/airflow/example_dags/example_branch_operator_decorator.py
[2022-08-08 09:32:18,907] {logging_mixin.py:115} INFO - [2022-08-08 09:32:18,907] {dag.py:2379} INFO - Sync 1 DAGs
[2022-08-08 09:32:18,943] {logging_mixin.py:115} INFO - [2022-08-08 09:32:18,943] {dag.py:2931} INFO - Setting next_dagrun for example_branch_python_operator_decorator to 2022-08-07T00:00:00+00:00, run_after=2022-08-08T00:00:00+00:00
[2022-08-08 09:32:18,966] {processor.py:161} INFO - Processing /home/airflow/.local/lib/python3.7/site-packages/airflow/example_dags/example_branch_operator_decorator.py took 0.148 seconds
[2022-08-08 09:32:49,037] {processor.py:153} INFO - Started process (PID=806) to work on /home/airflow/.local/lib/python3.7/site-packages/airflow/example_dags/example_branch_operator_decorator.py
[2022-08-08 09:32:49,041] {processor.py:641} INFO - Processing file /home/airflow/.local/lib/python3.7/site-packages/airflow/example_dags/example_branch_operator_decorator.py for tasks to queue
[2022-08-08 09:32:49,043] {logging_mixin.py:115} INFO - [2022-08-08 09:32:49,043] {dagbag.py:507} INFO - Filling up the DagBag from /home/airflow/.local/lib/python3.7/site-packages/airflow/example_dags/example_branch_operator_decorator.py
[2022-08-08 09:32:49,074] {processor.py:651} INFO - DAG(s) dict_keys(['example_branch_python_operator_decorator']) retrieved from /home/airflow/.local/lib/python3.7/site-packages/airflow/example_dags/example_branch_operator_decorator.py
[2022-08-08 09:32:49,117] {logging_mixin.py:115} INFO - [2022-08-08 09:32:49,117] {dag.py:2379} INFO - Sync 1 DAGs
[2022-08-08 09:32:49,156] {logging_mixin.py:115} INFO - [2022-08-08 09:32:49,156] {dag.py:2931} INFO - Setting next_dagrun for example_branch_python_operator_decorator to 2022-08-07T00:00:00+00:00, run_after=2022-08-08T00:00:00+00:00
[2022-08-08 09:32:49,177] {processor.py:161} INFO - Processing /home/airflow/.local/lib/python3.7/site-packages/airflow/example_dags/example_branch_operator_decorator.py took 0.143 seconds
[2022-08-08 09:33:19,641] {processor.py:153} INFO - Started process (PID=868) to work on /home/airflow/.local/lib/python3.7/site-packages/airflow/example_dags/example_branch_operator_decorator.py
[2022-08-08 09:33:19,643] {processor.py:641} INFO - Processing file /home/airflow/.local/lib/python3.7/site-packages/airflow/example_dags/example_branch_operator_decorator.py for tasks to queue
[2022-08-08 09:33:19,645] {logging_mixin.py:115} INFO - [2022-08-08 09:33:19,645] {dagbag.py:507} INFO - Filling up the DagBag from /home/airflow/.local/lib/python3.7/site-packages/airflow/example_dags/example_branch_operator_decorator.py
[2022-08-08 09:33:19,662] {processor.py:651} INFO - DAG(s) dict_keys(['example_branch_python_operator_decorator']) retrieved from /home/airflow/.local/lib/python3.7/site-packages/airflow/example_dags/example_branch_operator_decorator.py
[2022-08-08 09:33:19,691] {logging_mixin.py:115} INFO - [2022-08-08 09:33:19,691] {dag.py:2379} INFO - Sync 1 DAGs
[2022-08-08 09:33:19,721] {logging_mixin.py:115} INFO - [2022-08-08 09:33:19,721] {dag.py:2931} INFO - Setting next_dagrun for example_branch_python_operator_decorator to 2022-08-07T00:00:00+00:00, run_after=2022-08-08T00:00:00+00:00
[2022-08-08 09:33:19,736] {processor.py:161} INFO - Processing /home/airflow/.local/lib/python3.7/site-packages/airflow/example_dags/example_branch_operator_decorator.py took 0.099 seconds
[2022-08-08 09:33:50,108] {processor.py:153} INFO - Started process (PID=920) to work on /home/airflow/.local/lib/python3.7/site-packages/airflow/example_dags/example_branch_operator_decorator.py
[2022-08-08 09:33:50,110] {processor.py:641} INFO - Processing file /home/airflow/.local/lib/python3.7/site-packages/airflow/example_dags/example_branch_operator_decorator.py for tasks to queue
[2022-08-08 09:33:50,112] {logging_mixin.py:115} INFO - [2022-08-08 09:33:50,112] {dagbag.py:507} INFO - Filling up the DagBag from /home/airflow/.local/lib/python3.7/site-packages/airflow/example_dags/example_branch_operator_decorator.py
[2022-08-08 09:33:50,144] {processor.py:651} INFO - DAG(s) dict_keys(['example_branch_python_operator_decorator']) retrieved from /home/airflow/.local/lib/python3.7/site-packages/airflow/example_dags/example_branch_operator_decorator.py
[2022-08-08 09:33:50,173] {logging_mixin.py:115} INFO - [2022-08-08 09:33:50,173] {dag.py:2379} INFO - Sync 1 DAGs
[2022-08-08 09:33:50,202] {logging_mixin.py:115} INFO - [2022-08-08 09:33:50,202] {dag.py:2931} INFO - Setting next_dagrun for example_branch_python_operator_decorator to 2022-08-07T00:00:00+00:00, run_after=2022-08-08T00:00:00+00:00
[2022-08-08 09:33:50,222] {processor.py:161} INFO - Processing /home/airflow/.local/lib/python3.7/site-packages/airflow/example_dags/example_branch_operator_decorator.py took 0.117 seconds
[2022-08-08 09:34:21,458] {processor.py:153} INFO - Started process (PID=982) to work on /home/airflow/.local/lib/python3.7/site-packages/airflow/example_dags/example_branch_operator_decorator.py
[2022-08-08 09:34:21,471] {processor.py:641} INFO - Processing file /home/airflow/.local/lib/python3.7/site-packages/airflow/example_dags/example_branch_operator_decorator.py for tasks to queue
[2022-08-08 09:34:21,473] {logging_mixin.py:115} INFO - [2022-08-08 09:34:21,473] {dagbag.py:507} INFO - Filling up the DagBag from /home/airflow/.local/lib/python3.7/site-packages/airflow/example_dags/example_branch_operator_decorator.py
[2022-08-08 09:34:21,518] {processor.py:651} INFO - DAG(s) dict_keys(['example_branch_python_operator_decorator']) retrieved from /home/airflow/.local/lib/python3.7/site-packages/airflow/example_dags/example_branch_operator_decorator.py
[2022-08-08 09:34:21,583] {logging_mixin.py:115} INFO - [2022-08-08 09:34:21,583] {dag.py:2379} INFO - Sync 1 DAGs
[2022-08-08 09:34:21,641] {logging_mixin.py:115} INFO - [2022-08-08 09:34:21,641] {dag.py:2931} INFO - Setting next_dagrun for example_branch_python_operator_decorator to 2022-08-07T00:00:00+00:00, run_after=2022-08-08T00:00:00+00:00
[2022-08-08 09:34:21,680] {processor.py:161} INFO - Processing /home/airflow/.local/lib/python3.7/site-packages/airflow/example_dags/example_branch_operator_decorator.py took 0.225 seconds
[2022-08-08 09:34:52,571] {processor.py:153} INFO - Started process (PID=1043) to work on /home/airflow/.local/lib/python3.7/site-packages/airflow/example_dags/example_branch_operator_decorator.py
[2022-08-08 09:34:52,575] {processor.py:641} INFO - Processing file /home/airflow/.local/lib/python3.7/site-packages/airflow/example_dags/example_branch_operator_decorator.py for tasks to queue
[2022-08-08 09:34:52,577] {logging_mixin.py:115} INFO - [2022-08-08 09:34:52,577] {dagbag.py:507} INFO - Filling up the DagBag from /home/airflow/.local/lib/python3.7/site-packages/airflow/example_dags/example_branch_operator_decorator.py
[2022-08-08 09:34:52,658] {processor.py:651} INFO - DAG(s) dict_keys(['example_branch_python_operator_decorator']) retrieved from /home/airflow/.local/lib/python3.7/site-packages/airflow/example_dags/example_branch_operator_decorator.py
[2022-08-08 09:34:52,704] {logging_mixin.py:115} INFO - [2022-08-08 09:34:52,704] {dag.py:2379} INFO - Sync 1 DAGs
[2022-08-08 09:34:52,853] {logging_mixin.py:115} INFO - [2022-08-08 09:34:52,853] {dag.py:2931} INFO - Setting next_dagrun for example_branch_python_operator_decorator to 2022-08-07T00:00:00+00:00, run_after=2022-08-08T00:00:00+00:00
[2022-08-08 09:34:52,909] {processor.py:161} INFO - Processing /home/airflow/.local/lib/python3.7/site-packages/airflow/example_dags/example_branch_operator_decorator.py took 0.340 seconds
[2022-08-08 09:35:23,329] {processor.py:153} INFO - Started process (PID=1095) to work on /home/airflow/.local/lib/python3.7/site-packages/airflow/example_dags/example_branch_operator_decorator.py
[2022-08-08 09:35:23,340] {processor.py:641} INFO - Processing file /home/airflow/.local/lib/python3.7/site-packages/airflow/example_dags/example_branch_operator_decorator.py for tasks to queue
[2022-08-08 09:35:23,360] {logging_mixin.py:115} INFO - [2022-08-08 09:35:23,360] {dagbag.py:507} INFO - Filling up the DagBag from /home/airflow/.local/lib/python3.7/site-packages/airflow/example_dags/example_branch_operator_decorator.py
[2022-08-08 09:35:23,410] {processor.py:651} INFO - DAG(s) dict_keys(['example_branch_python_operator_decorator']) retrieved from /home/airflow/.local/lib/python3.7/site-packages/airflow/example_dags/example_branch_operator_decorator.py
[2022-08-08 09:35:23,480] {logging_mixin.py:115} INFO - [2022-08-08 09:35:23,480] {dag.py:2379} INFO - Sync 1 DAGs
[2022-08-08 09:35:23,535] {logging_mixin.py:115} INFO - [2022-08-08 09:35:23,534] {dag.py:2931} INFO - Setting next_dagrun for example_branch_python_operator_decorator to 2022-08-07T00:00:00+00:00, run_after=2022-08-08T00:00:00+00:00
[2022-08-08 09:35:23,583] {processor.py:161} INFO - Processing /home/airflow/.local/lib/python3.7/site-packages/airflow/example_dags/example_branch_operator_decorator.py took 0.258 seconds
[2022-08-08 09:35:54,675] {processor.py:153} INFO - Started process (PID=1155) to work on /home/airflow/.local/lib/python3.7/site-packages/airflow/example_dags/example_branch_operator_decorator.py
[2022-08-08 09:35:54,686] {processor.py:641} INFO - Processing file /home/airflow/.local/lib/python3.7/site-packages/airflow/example_dags/example_branch_operator_decorator.py for tasks to queue
[2022-08-08 09:35:54,688] {logging_mixin.py:115} INFO - [2022-08-08 09:35:54,688] {dagbag.py:507} INFO - Filling up the DagBag from /home/airflow/.local/lib/python3.7/site-packages/airflow/example_dags/example_branch_operator_decorator.py
[2022-08-08 09:35:54,737] {processor.py:651} INFO - DAG(s) dict_keys(['example_branch_python_operator_decorator']) retrieved from /home/airflow/.local/lib/python3.7/site-packages/airflow/example_dags/example_branch_operator_decorator.py
[2022-08-08 09:35:54,806] {logging_mixin.py:115} INFO - [2022-08-08 09:35:54,806] {dag.py:2379} INFO - Sync 1 DAGs
[2022-08-08 09:35:54,834] {logging_mixin.py:115} INFO - [2022-08-08 09:35:54,834] {dag.py:2931} INFO - Setting next_dagrun for example_branch_python_operator_decorator to 2022-08-07T00:00:00+00:00, run_after=2022-08-08T00:00:00+00:00
[2022-08-08 09:35:54,853] {processor.py:161} INFO - Processing /home/airflow/.local/lib/python3.7/site-packages/airflow/example_dags/example_branch_operator_decorator.py took 0.184 seconds
[2022-08-08 09:36:25,684] {processor.py:153} INFO - Started process (PID=1210) to work on /home/airflow/.local/lib/python3.7/site-packages/airflow/example_dags/example_branch_operator_decorator.py
[2022-08-08 09:36:25,686] {processor.py:641} INFO - Processing file /home/airflow/.local/lib/python3.7/site-packages/airflow/example_dags/example_branch_operator_decorator.py for tasks to queue
[2022-08-08 09:36:25,688] {logging_mixin.py:115} INFO - [2022-08-08 09:36:25,688] {dagbag.py:507} INFO - Filling up the DagBag from /home/airflow/.local/lib/python3.7/site-packages/airflow/example_dags/example_branch_operator_decorator.py
[2022-08-08 09:36:25,719] {processor.py:651} INFO - DAG(s) dict_keys(['example_branch_python_operator_decorator']) retrieved from /home/airflow/.local/lib/python3.7/site-packages/airflow/example_dags/example_branch_operator_decorator.py
[2022-08-08 09:36:25,765] {logging_mixin.py:115} INFO - [2022-08-08 09:36:25,765] {dag.py:2379} INFO - Sync 1 DAGs
[2022-08-08 09:36:25,794] {logging_mixin.py:115} INFO - [2022-08-08 09:36:25,794] {dag.py:2931} INFO - Setting next_dagrun for example_branch_python_operator_decorator to 2022-08-07T00:00:00+00:00, run_after=2022-08-08T00:00:00+00:00
[2022-08-08 09:36:25,811] {processor.py:161} INFO - Processing /home/airflow/.local/lib/python3.7/site-packages/airflow/example_dags/example_branch_operator_decorator.py took 0.130 seconds
[2022-08-08 09:36:56,673] {processor.py:153} INFO - Started process (PID=1272) to work on /home/airflow/.local/lib/python3.7/site-packages/airflow/example_dags/example_branch_operator_decorator.py
[2022-08-08 09:36:56,675] {processor.py:641} INFO - Processing file /home/airflow/.local/lib/python3.7/site-packages/airflow/example_dags/example_branch_operator_decorator.py for tasks to queue
[2022-08-08 09:36:56,677] {logging_mixin.py:115} INFO - [2022-08-08 09:36:56,677] {dagbag.py:507} INFO - Filling up the DagBag from /home/airflow/.local/lib/python3.7/site-packages/airflow/example_dags/example_branch_operator_decorator.py
[2022-08-08 09:36:56,706] {processor.py:651} INFO - DAG(s) dict_keys(['example_branch_python_operator_decorator']) retrieved from /home/airflow/.local/lib/python3.7/site-packages/airflow/example_dags/example_branch_operator_decorator.py
[2022-08-08 09:36:56,742] {logging_mixin.py:115} INFO - [2022-08-08 09:36:56,742] {dag.py:2379} INFO - Sync 1 DAGs
[2022-08-08 09:36:56,773] {logging_mixin.py:115} INFO - [2022-08-08 09:36:56,772] {dag.py:2931} INFO - Setting next_dagrun for example_branch_python_operator_decorator to 2022-08-07T00:00:00+00:00, run_after=2022-08-08T00:00:00+00:00
[2022-08-08 09:36:56,787] {processor.py:161} INFO - Processing /home/airflow/.local/lib/python3.7/site-packages/airflow/example_dags/example_branch_operator_decorator.py took 0.117 seconds
[2022-08-08 09:37:26,943] {processor.py:153} INFO - Started process (PID=1325) to work on /home/airflow/.local/lib/python3.7/site-packages/airflow/example_dags/example_branch_operator_decorator.py
[2022-08-08 09:37:26,945] {processor.py:641} INFO - Processing file /home/airflow/.local/lib/python3.7/site-packages/airflow/example_dags/example_branch_operator_decorator.py for tasks to queue
[2022-08-08 09:37:26,946] {logging_mixin.py:115} INFO - [2022-08-08 09:37:26,946] {dagbag.py:507} INFO - Filling up the DagBag from /home/airflow/.local/lib/python3.7/site-packages/airflow/example_dags/example_branch_operator_decorator.py
[2022-08-08 09:37:26,973] {processor.py:651} INFO - DAG(s) dict_keys(['example_branch_python_operator_decorator']) retrieved from /home/airflow/.local/lib/python3.7/site-packages/airflow/example_dags/example_branch_operator_decorator.py
[2022-08-08 09:37:27,017] {logging_mixin.py:115} INFO - [2022-08-08 09:37:27,017] {dag.py:2379} INFO - Sync 1 DAGs
[2022-08-08 09:37:27,077] {logging_mixin.py:115} INFO - [2022-08-08 09:37:27,077] {dag.py:2931} INFO - Setting next_dagrun for example_branch_python_operator_decorator to 2022-08-07T00:00:00+00:00, run_after=2022-08-08T00:00:00+00:00
[2022-08-08 09:37:27,095] {processor.py:161} INFO - Processing /home/airflow/.local/lib/python3.7/site-packages/airflow/example_dags/example_branch_operator_decorator.py took 0.155 seconds
[2022-08-08 09:37:57,607] {processor.py:153} INFO - Started process (PID=1377) to work on /home/airflow/.local/lib/python3.7/site-packages/airflow/example_dags/example_branch_operator_decorator.py
[2022-08-08 09:37:57,610] {processor.py:641} INFO - Processing file /home/airflow/.local/lib/python3.7/site-packages/airflow/example_dags/example_branch_operator_decorator.py for tasks to queue
[2022-08-08 09:37:57,618] {logging_mixin.py:115} INFO - [2022-08-08 09:37:57,618] {dagbag.py:507} INFO - Filling up the DagBag from /home/airflow/.local/lib/python3.7/site-packages/airflow/example_dags/example_branch_operator_decorator.py
[2022-08-08 09:37:57,698] {processor.py:651} INFO - DAG(s) dict_keys(['example_branch_python_operator_decorator']) retrieved from /home/airflow/.local/lib/python3.7/site-packages/airflow/example_dags/example_branch_operator_decorator.py
[2022-08-08 09:37:57,770] {logging_mixin.py:115} INFO - [2022-08-08 09:37:57,770] {dag.py:2379} INFO - Sync 1 DAGs
[2022-08-08 09:37:57,819] {logging_mixin.py:115} INFO - [2022-08-08 09:37:57,819] {dag.py:2931} INFO - Setting next_dagrun for example_branch_python_operator_decorator to 2022-08-07T00:00:00+00:00, run_after=2022-08-08T00:00:00+00:00
[2022-08-08 09:37:57,855] {processor.py:161} INFO - Processing /home/airflow/.local/lib/python3.7/site-packages/airflow/example_dags/example_branch_operator_decorator.py took 0.250 seconds
[2022-08-08 09:38:28,123] {processor.py:153} INFO - Started process (PID=1441) to work on /home/airflow/.local/lib/python3.7/site-packages/airflow/example_dags/example_branch_operator_decorator.py
[2022-08-08 09:38:28,126] {processor.py:641} INFO - Processing file /home/airflow/.local/lib/python3.7/site-packages/airflow/example_dags/example_branch_operator_decorator.py for tasks to queue
[2022-08-08 09:38:28,128] {logging_mixin.py:115} INFO - [2022-08-08 09:38:28,128] {dagbag.py:507} INFO - Filling up the DagBag from /home/airflow/.local/lib/python3.7/site-packages/airflow/example_dags/example_branch_operator_decorator.py
[2022-08-08 09:38:28,146] {processor.py:651} INFO - DAG(s) dict_keys(['example_branch_python_operator_decorator']) retrieved from /home/airflow/.local/lib/python3.7/site-packages/airflow/example_dags/example_branch_operator_decorator.py
[2022-08-08 09:38:28,195] {logging_mixin.py:115} INFO - [2022-08-08 09:38:28,194] {dag.py:2379} INFO - Sync 1 DAGs
[2022-08-08 09:38:28,219] {logging_mixin.py:115} INFO - [2022-08-08 09:38:28,219] {dag.py:2931} INFO - Setting next_dagrun for example_branch_python_operator_decorator to 2022-08-07T00:00:00+00:00, run_after=2022-08-08T00:00:00+00:00
[2022-08-08 09:38:28,253] {processor.py:161} INFO - Processing /home/airflow/.local/lib/python3.7/site-packages/airflow/example_dags/example_branch_operator_decorator.py took 0.133 seconds
[2022-08-08 09:39:01,211] {processor.py:153} INFO - Started process (PID=1493) to work on /home/airflow/.local/lib/python3.7/site-packages/airflow/example_dags/example_branch_operator_decorator.py
[2022-08-08 09:39:01,213] {processor.py:641} INFO - Processing file /home/airflow/.local/lib/python3.7/site-packages/airflow/example_dags/example_branch_operator_decorator.py for tasks to queue
[2022-08-08 09:39:01,215] {logging_mixin.py:115} INFO - [2022-08-08 09:39:01,214] {dagbag.py:507} INFO - Filling up the DagBag from /home/airflow/.local/lib/python3.7/site-packages/airflow/example_dags/example_branch_operator_decorator.py
[2022-08-08 09:39:01,236] {processor.py:651} INFO - DAG(s) dict_keys(['example_branch_python_operator_decorator']) retrieved from /home/airflow/.local/lib/python3.7/site-packages/airflow/example_dags/example_branch_operator_decorator.py
[2022-08-08 09:39:01,310] {logging_mixin.py:115} INFO - [2022-08-08 09:39:01,310] {dag.py:2379} INFO - Sync 1 DAGs
[2022-08-08 09:39:01,341] {logging_mixin.py:115} INFO - [2022-08-08 09:39:01,341] {dag.py:2931} INFO - Setting next_dagrun for example_branch_python_operator_decorator to 2022-08-07T00:00:00+00:00, run_after=2022-08-08T00:00:00+00:00
[2022-08-08 09:39:01,361] {processor.py:161} INFO - Processing /home/airflow/.local/lib/python3.7/site-packages/airflow/example_dags/example_branch_operator_decorator.py took 0.152 seconds
[2022-08-08 09:39:31,566] {processor.py:153} INFO - Started process (PID=1546) to work on /home/airflow/.local/lib/python3.7/site-packages/airflow/example_dags/example_branch_operator_decorator.py
[2022-08-08 09:39:31,569] {processor.py:641} INFO - Processing file /home/airflow/.local/lib/python3.7/site-packages/airflow/example_dags/example_branch_operator_decorator.py for tasks to queue
[2022-08-08 09:39:31,571] {logging_mixin.py:115} INFO - [2022-08-08 09:39:31,571] {dagbag.py:507} INFO - Filling up the DagBag from /home/airflow/.local/lib/python3.7/site-packages/airflow/example_dags/example_branch_operator_decorator.py
[2022-08-08 09:39:31,586] {processor.py:651} INFO - DAG(s) dict_keys(['example_branch_python_operator_decorator']) retrieved from /home/airflow/.local/lib/python3.7/site-packages/airflow/example_dags/example_branch_operator_decorator.py
[2022-08-08 09:39:31,640] {logging_mixin.py:115} INFO - [2022-08-08 09:39:31,640] {dag.py:2379} INFO - Sync 1 DAGs
[2022-08-08 09:39:31,671] {logging_mixin.py:115} INFO - [2022-08-08 09:39:31,671] {dag.py:2931} INFO - Setting next_dagrun for example_branch_python_operator_decorator to 2022-08-07T00:00:00+00:00, run_after=2022-08-08T00:00:00+00:00
[2022-08-08 09:39:31,696] {processor.py:161} INFO - Processing /home/airflow/.local/lib/python3.7/site-packages/airflow/example_dags/example_branch_operator_decorator.py took 0.133 seconds
[2022-08-08 09:40:02,117] {processor.py:153} INFO - Started process (PID=1607) to work on /home/airflow/.local/lib/python3.7/site-packages/airflow/example_dags/example_branch_operator_decorator.py
[2022-08-08 09:40:02,120] {processor.py:641} INFO - Processing file /home/airflow/.local/lib/python3.7/site-packages/airflow/example_dags/example_branch_operator_decorator.py for tasks to queue
[2022-08-08 09:40:02,121] {logging_mixin.py:115} INFO - [2022-08-08 09:40:02,121] {dagbag.py:507} INFO - Filling up the DagBag from /home/airflow/.local/lib/python3.7/site-packages/airflow/example_dags/example_branch_operator_decorator.py
[2022-08-08 09:40:02,152] {processor.py:651} INFO - DAG(s) dict_keys(['example_branch_python_operator_decorator']) retrieved from /home/airflow/.local/lib/python3.7/site-packages/airflow/example_dags/example_branch_operator_decorator.py
[2022-08-08 09:40:02,184] {logging_mixin.py:115} INFO - [2022-08-08 09:40:02,184] {dag.py:2379} INFO - Sync 1 DAGs
[2022-08-08 09:40:02,211] {logging_mixin.py:115} INFO - [2022-08-08 09:40:02,211] {dag.py:2931} INFO - Setting next_dagrun for example_branch_python_operator_decorator to 2022-08-07T00:00:00+00:00, run_after=2022-08-08T00:00:00+00:00
[2022-08-08 09:40:02,225] {processor.py:161} INFO - Processing /home/airflow/.local/lib/python3.7/site-packages/airflow/example_dags/example_branch_operator_decorator.py took 0.110 seconds
[2022-08-08 09:40:32,375] {processor.py:153} INFO - Started process (PID=1660) to work on /home/airflow/.local/lib/python3.7/site-packages/airflow/example_dags/example_branch_operator_decorator.py
[2022-08-08 09:40:32,377] {processor.py:641} INFO - Processing file /home/airflow/.local/lib/python3.7/site-packages/airflow/example_dags/example_branch_operator_decorator.py for tasks to queue
[2022-08-08 09:40:32,379] {logging_mixin.py:115} INFO - [2022-08-08 09:40:32,379] {dagbag.py:507} INFO - Filling up the DagBag from /home/airflow/.local/lib/python3.7/site-packages/airflow/example_dags/example_branch_operator_decorator.py
[2022-08-08 09:40:32,404] {processor.py:651} INFO - DAG(s) dict_keys(['example_branch_python_operator_decorator']) retrieved from /home/airflow/.local/lib/python3.7/site-packages/airflow/example_dags/example_branch_operator_decorator.py
[2022-08-08 09:40:32,430] {logging_mixin.py:115} INFO - [2022-08-08 09:40:32,429] {dag.py:2379} INFO - Sync 1 DAGs
[2022-08-08 09:40:32,450] {logging_mixin.py:115} INFO - [2022-08-08 09:40:32,449] {dag.py:2931} INFO - Setting next_dagrun for example_branch_python_operator_decorator to 2022-08-07T00:00:00+00:00, run_after=2022-08-08T00:00:00+00:00
[2022-08-08 09:40:32,459] {processor.py:161} INFO - Processing /home/airflow/.local/lib/python3.7/site-packages/airflow/example_dags/example_branch_operator_decorator.py took 0.087 seconds
[2022-08-08 09:41:02,570] {processor.py:153} INFO - Started process (PID=1713) to work on /home/airflow/.local/lib/python3.7/site-packages/airflow/example_dags/example_branch_operator_decorator.py
[2022-08-08 09:41:02,573] {processor.py:641} INFO - Processing file /home/airflow/.local/lib/python3.7/site-packages/airflow/example_dags/example_branch_operator_decorator.py for tasks to queue
[2022-08-08 09:41:02,578] {logging_mixin.py:115} INFO - [2022-08-08 09:41:02,578] {dagbag.py:507} INFO - Filling up the DagBag from /home/airflow/.local/lib/python3.7/site-packages/airflow/example_dags/example_branch_operator_decorator.py
[2022-08-08 09:41:02,611] {processor.py:651} INFO - DAG(s) dict_keys(['example_branch_python_operator_decorator']) retrieved from /home/airflow/.local/lib/python3.7/site-packages/airflow/example_dags/example_branch_operator_decorator.py
[2022-08-08 09:41:02,666] {logging_mixin.py:115} INFO - [2022-08-08 09:41:02,666] {dag.py:2379} INFO - Sync 1 DAGs
[2022-08-08 09:41:02,695] {logging_mixin.py:115} INFO - [2022-08-08 09:41:02,695] {dag.py:2931} INFO - Setting next_dagrun for example_branch_python_operator_decorator to 2022-08-07T00:00:00+00:00, run_after=2022-08-08T00:00:00+00:00
[2022-08-08 09:41:02,713] {processor.py:161} INFO - Processing /home/airflow/.local/lib/python3.7/site-packages/airflow/example_dags/example_branch_operator_decorator.py took 0.146 seconds
[2022-08-08 09:41:32,936] {processor.py:153} INFO - Started process (PID=1774) to work on /home/airflow/.local/lib/python3.7/site-packages/airflow/example_dags/example_branch_operator_decorator.py
[2022-08-08 09:41:32,937] {processor.py:641} INFO - Processing file /home/airflow/.local/lib/python3.7/site-packages/airflow/example_dags/example_branch_operator_decorator.py for tasks to queue
[2022-08-08 09:41:32,940] {logging_mixin.py:115} INFO - [2022-08-08 09:41:32,939] {dagbag.py:507} INFO - Filling up the DagBag from /home/airflow/.local/lib/python3.7/site-packages/airflow/example_dags/example_branch_operator_decorator.py
[2022-08-08 09:41:32,964] {processor.py:651} INFO - DAG(s) dict_keys(['example_branch_python_operator_decorator']) retrieved from /home/airflow/.local/lib/python3.7/site-packages/airflow/example_dags/example_branch_operator_decorator.py
[2022-08-08 09:41:33,010] {logging_mixin.py:115} INFO - [2022-08-08 09:41:33,010] {dag.py:2379} INFO - Sync 1 DAGs
[2022-08-08 09:41:33,043] {logging_mixin.py:115} INFO - [2022-08-08 09:41:33,043] {dag.py:2931} INFO - Setting next_dagrun for example_branch_python_operator_decorator to 2022-08-07T00:00:00+00:00, run_after=2022-08-08T00:00:00+00:00
[2022-08-08 09:41:33,081] {processor.py:161} INFO - Processing /home/airflow/.local/lib/python3.7/site-packages/airflow/example_dags/example_branch_operator_decorator.py took 0.148 seconds
[2022-08-08 09:42:03,207] {processor.py:153} INFO - Started process (PID=1827) to work on /home/airflow/.local/lib/python3.7/site-packages/airflow/example_dags/example_branch_operator_decorator.py
[2022-08-08 09:42:03,209] {processor.py:641} INFO - Processing file /home/airflow/.local/lib/python3.7/site-packages/airflow/example_dags/example_branch_operator_decorator.py for tasks to queue
[2022-08-08 09:42:03,210] {logging_mixin.py:115} INFO - [2022-08-08 09:42:03,210] {dagbag.py:507} INFO - Filling up the DagBag from /home/airflow/.local/lib/python3.7/site-packages/airflow/example_dags/example_branch_operator_decorator.py
[2022-08-08 09:42:03,246] {processor.py:651} INFO - DAG(s) dict_keys(['example_branch_python_operator_decorator']) retrieved from /home/airflow/.local/lib/python3.7/site-packages/airflow/example_dags/example_branch_operator_decorator.py
[2022-08-08 09:42:03,288] {logging_mixin.py:115} INFO - [2022-08-08 09:42:03,288] {dag.py:2379} INFO - Sync 1 DAGs
[2022-08-08 09:42:03,317] {logging_mixin.py:115} INFO - [2022-08-08 09:42:03,317] {dag.py:2931} INFO - Setting next_dagrun for example_branch_python_operator_decorator to 2022-08-07T00:00:00+00:00, run_after=2022-08-08T00:00:00+00:00
[2022-08-08 09:42:03,331] {processor.py:161} INFO - Processing /home/airflow/.local/lib/python3.7/site-packages/airflow/example_dags/example_branch_operator_decorator.py took 0.127 seconds
[2022-08-08 09:42:34,458] {processor.py:153} INFO - Started process (PID=1888) to work on /home/airflow/.local/lib/python3.7/site-packages/airflow/example_dags/example_branch_operator_decorator.py
[2022-08-08 09:42:34,462] {processor.py:641} INFO - Processing file /home/airflow/.local/lib/python3.7/site-packages/airflow/example_dags/example_branch_operator_decorator.py for tasks to queue
[2022-08-08 09:42:34,478] {logging_mixin.py:115} INFO - [2022-08-08 09:42:34,478] {dagbag.py:507} INFO - Filling up the DagBag from /home/airflow/.local/lib/python3.7/site-packages/airflow/example_dags/example_branch_operator_decorator.py
[2022-08-08 09:42:34,507] {processor.py:651} INFO - DAG(s) dict_keys(['example_branch_python_operator_decorator']) retrieved from /home/airflow/.local/lib/python3.7/site-packages/airflow/example_dags/example_branch_operator_decorator.py
[2022-08-08 09:42:34,556] {logging_mixin.py:115} INFO - [2022-08-08 09:42:34,556] {dag.py:2379} INFO - Sync 1 DAGs
[2022-08-08 09:42:34,608] {logging_mixin.py:115} INFO - [2022-08-08 09:42:34,608] {dag.py:2931} INFO - Setting next_dagrun for example_branch_python_operator_decorator to 2022-08-07T00:00:00+00:00, run_after=2022-08-08T00:00:00+00:00
[2022-08-08 09:42:34,633] {processor.py:161} INFO - Processing /home/airflow/.local/lib/python3.7/site-packages/airflow/example_dags/example_branch_operator_decorator.py took 0.178 seconds
[2022-08-08 09:43:05,467] {processor.py:153} INFO - Started process (PID=1940) to work on /home/airflow/.local/lib/python3.7/site-packages/airflow/example_dags/example_branch_operator_decorator.py
[2022-08-08 09:43:05,471] {processor.py:641} INFO - Processing file /home/airflow/.local/lib/python3.7/site-packages/airflow/example_dags/example_branch_operator_decorator.py for tasks to queue
[2022-08-08 09:43:05,472] {logging_mixin.py:115} INFO - [2022-08-08 09:43:05,472] {dagbag.py:507} INFO - Filling up the DagBag from /home/airflow/.local/lib/python3.7/site-packages/airflow/example_dags/example_branch_operator_decorator.py
[2022-08-08 09:43:05,492] {processor.py:651} INFO - DAG(s) dict_keys(['example_branch_python_operator_decorator']) retrieved from /home/airflow/.local/lib/python3.7/site-packages/airflow/example_dags/example_branch_operator_decorator.py
[2022-08-08 09:43:05,532] {logging_mixin.py:115} INFO - [2022-08-08 09:43:05,532] {dag.py:2379} INFO - Sync 1 DAGs
[2022-08-08 09:43:05,561] {logging_mixin.py:115} INFO - [2022-08-08 09:43:05,560] {dag.py:2931} INFO - Setting next_dagrun for example_branch_python_operator_decorator to 2022-08-07T00:00:00+00:00, run_after=2022-08-08T00:00:00+00:00
[2022-08-08 09:43:05,579] {processor.py:161} INFO - Processing /home/airflow/.local/lib/python3.7/site-packages/airflow/example_dags/example_branch_operator_decorator.py took 0.114 seconds
[2022-08-08 09:43:36,089] {processor.py:153} INFO - Started process (PID=1994) to work on /home/airflow/.local/lib/python3.7/site-packages/airflow/example_dags/example_branch_operator_decorator.py
[2022-08-08 09:43:36,093] {processor.py:641} INFO - Processing file /home/airflow/.local/lib/python3.7/site-packages/airflow/example_dags/example_branch_operator_decorator.py for tasks to queue
[2022-08-08 09:43:36,096] {logging_mixin.py:115} INFO - [2022-08-08 09:43:36,096] {dagbag.py:507} INFO - Filling up the DagBag from /home/airflow/.local/lib/python3.7/site-packages/airflow/example_dags/example_branch_operator_decorator.py
[2022-08-08 09:43:36,153] {processor.py:651} INFO - DAG(s) dict_keys(['example_branch_python_operator_decorator']) retrieved from /home/airflow/.local/lib/python3.7/site-packages/airflow/example_dags/example_branch_operator_decorator.py
[2022-08-08 09:43:36,212] {logging_mixin.py:115} INFO - [2022-08-08 09:43:36,212] {dag.py:2379} INFO - Sync 1 DAGs
[2022-08-08 09:43:36,269] {logging_mixin.py:115} INFO - [2022-08-08 09:43:36,269] {dag.py:2931} INFO - Setting next_dagrun for example_branch_python_operator_decorator to 2022-08-07T00:00:00+00:00, run_after=2022-08-08T00:00:00+00:00
[2022-08-08 09:43:36,306] {processor.py:161} INFO - Processing /home/airflow/.local/lib/python3.7/site-packages/airflow/example_dags/example_branch_operator_decorator.py took 0.221 seconds
[2022-08-08 09:44:06,515] {processor.py:153} INFO - Started process (PID=2056) to work on /home/airflow/.local/lib/python3.7/site-packages/airflow/example_dags/example_branch_operator_decorator.py
[2022-08-08 09:44:06,520] {processor.py:641} INFO - Processing file /home/airflow/.local/lib/python3.7/site-packages/airflow/example_dags/example_branch_operator_decorator.py for tasks to queue
[2022-08-08 09:44:06,523] {logging_mixin.py:115} INFO - [2022-08-08 09:44:06,523] {dagbag.py:507} INFO - Filling up the DagBag from /home/airflow/.local/lib/python3.7/site-packages/airflow/example_dags/example_branch_operator_decorator.py
[2022-08-08 09:44:06,565] {processor.py:651} INFO - DAG(s) dict_keys(['example_branch_python_operator_decorator']) retrieved from /home/airflow/.local/lib/python3.7/site-packages/airflow/example_dags/example_branch_operator_decorator.py
[2022-08-08 09:44:06,606] {logging_mixin.py:115} INFO - [2022-08-08 09:44:06,606] {dag.py:2379} INFO - Sync 1 DAGs
[2022-08-08 09:44:06,647] {logging_mixin.py:115} INFO - [2022-08-08 09:44:06,647] {dag.py:2931} INFO - Setting next_dagrun for example_branch_python_operator_decorator to 2022-08-07T00:00:00+00:00, run_after=2022-08-08T00:00:00+00:00
[2022-08-08 09:44:06,670] {processor.py:161} INFO - Processing /home/airflow/.local/lib/python3.7/site-packages/airflow/example_dags/example_branch_operator_decorator.py took 0.158 seconds
[2022-08-08 09:44:37,478] {processor.py:153} INFO - Started process (PID=2117) to work on /home/airflow/.local/lib/python3.7/site-packages/airflow/example_dags/example_branch_operator_decorator.py
[2022-08-08 09:44:37,480] {processor.py:641} INFO - Processing file /home/airflow/.local/lib/python3.7/site-packages/airflow/example_dags/example_branch_operator_decorator.py for tasks to queue
[2022-08-08 09:44:37,481] {logging_mixin.py:115} INFO - [2022-08-08 09:44:37,481] {dagbag.py:507} INFO - Filling up the DagBag from /home/airflow/.local/lib/python3.7/site-packages/airflow/example_dags/example_branch_operator_decorator.py
[2022-08-08 09:44:37,503] {processor.py:651} INFO - DAG(s) dict_keys(['example_branch_python_operator_decorator']) retrieved from /home/airflow/.local/lib/python3.7/site-packages/airflow/example_dags/example_branch_operator_decorator.py
[2022-08-08 09:44:37,549] {logging_mixin.py:115} INFO - [2022-08-08 09:44:37,549] {dag.py:2379} INFO - Sync 1 DAGs
[2022-08-08 09:44:37,582] {logging_mixin.py:115} INFO - [2022-08-08 09:44:37,582] {dag.py:2931} INFO - Setting next_dagrun for example_branch_python_operator_decorator to 2022-08-07T00:00:00+00:00, run_after=2022-08-08T00:00:00+00:00
[2022-08-08 09:44:37,601] {processor.py:161} INFO - Processing /home/airflow/.local/lib/python3.7/site-packages/airflow/example_dags/example_branch_operator_decorator.py took 0.126 seconds
[2022-08-08 09:45:07,922] {processor.py:153} INFO - Started process (PID=2169) to work on /home/airflow/.local/lib/python3.7/site-packages/airflow/example_dags/example_branch_operator_decorator.py
[2022-08-08 09:45:07,924] {processor.py:641} INFO - Processing file /home/airflow/.local/lib/python3.7/site-packages/airflow/example_dags/example_branch_operator_decorator.py for tasks to queue
[2022-08-08 09:45:07,925] {logging_mixin.py:115} INFO - [2022-08-08 09:45:07,925] {dagbag.py:507} INFO - Filling up the DagBag from /home/airflow/.local/lib/python3.7/site-packages/airflow/example_dags/example_branch_operator_decorator.py
[2022-08-08 09:45:07,980] {processor.py:651} INFO - DAG(s) dict_keys(['example_branch_python_operator_decorator']) retrieved from /home/airflow/.local/lib/python3.7/site-packages/airflow/example_dags/example_branch_operator_decorator.py
[2022-08-08 09:45:08,046] {logging_mixin.py:115} INFO - [2022-08-08 09:45:08,045] {dag.py:2379} INFO - Sync 1 DAGs
[2022-08-08 09:45:08,095] {logging_mixin.py:115} INFO - [2022-08-08 09:45:08,095] {dag.py:2931} INFO - Setting next_dagrun for example_branch_python_operator_decorator to 2022-08-07T00:00:00+00:00, run_after=2022-08-08T00:00:00+00:00
[2022-08-08 09:45:08,133] {processor.py:161} INFO - Processing /home/airflow/.local/lib/python3.7/site-packages/airflow/example_dags/example_branch_operator_decorator.py took 0.215 seconds
[2022-08-08 09:45:38,178] {processor.py:153} INFO - Started process (PID=2230) to work on /home/airflow/.local/lib/python3.7/site-packages/airflow/example_dags/example_branch_operator_decorator.py
[2022-08-08 09:45:38,179] {processor.py:641} INFO - Processing file /home/airflow/.local/lib/python3.7/site-packages/airflow/example_dags/example_branch_operator_decorator.py for tasks to queue
[2022-08-08 09:45:38,181] {logging_mixin.py:115} INFO - [2022-08-08 09:45:38,181] {dagbag.py:507} INFO - Filling up the DagBag from /home/airflow/.local/lib/python3.7/site-packages/airflow/example_dags/example_branch_operator_decorator.py
[2022-08-08 09:45:38,207] {processor.py:651} INFO - DAG(s) dict_keys(['example_branch_python_operator_decorator']) retrieved from /home/airflow/.local/lib/python3.7/site-packages/airflow/example_dags/example_branch_operator_decorator.py
[2022-08-08 09:45:38,245] {logging_mixin.py:115} INFO - [2022-08-08 09:45:38,245] {dag.py:2379} INFO - Sync 1 DAGs
[2022-08-08 09:45:38,268] {logging_mixin.py:115} INFO - [2022-08-08 09:45:38,268] {dag.py:2931} INFO - Setting next_dagrun for example_branch_python_operator_decorator to 2022-08-07T00:00:00+00:00, run_after=2022-08-08T00:00:00+00:00
[2022-08-08 09:45:38,286] {processor.py:161} INFO - Processing /home/airflow/.local/lib/python3.7/site-packages/airflow/example_dags/example_branch_operator_decorator.py took 0.111 seconds
[2022-08-08 09:46:08,654] {processor.py:153} INFO - Started process (PID=2292) to work on /home/airflow/.local/lib/python3.7/site-packages/airflow/example_dags/example_branch_operator_decorator.py
[2022-08-08 09:46:08,656] {processor.py:641} INFO - Processing file /home/airflow/.local/lib/python3.7/site-packages/airflow/example_dags/example_branch_operator_decorator.py for tasks to queue
[2022-08-08 09:46:08,658] {logging_mixin.py:115} INFO - [2022-08-08 09:46:08,658] {dagbag.py:507} INFO - Filling up the DagBag from /home/airflow/.local/lib/python3.7/site-packages/airflow/example_dags/example_branch_operator_decorator.py
[2022-08-08 09:46:08,695] {processor.py:651} INFO - DAG(s) dict_keys(['example_branch_python_operator_decorator']) retrieved from /home/airflow/.local/lib/python3.7/site-packages/airflow/example_dags/example_branch_operator_decorator.py
[2022-08-08 09:46:08,751] {logging_mixin.py:115} INFO - [2022-08-08 09:46:08,751] {dag.py:2379} INFO - Sync 1 DAGs
[2022-08-08 09:46:08,803] {logging_mixin.py:115} INFO - [2022-08-08 09:46:08,802] {dag.py:2931} INFO - Setting next_dagrun for example_branch_python_operator_decorator to 2022-08-07T00:00:00+00:00, run_after=2022-08-08T00:00:00+00:00
[2022-08-08 09:46:08,844] {processor.py:161} INFO - Processing /home/airflow/.local/lib/python3.7/site-packages/airflow/example_dags/example_branch_operator_decorator.py took 0.194 seconds
[2022-08-08 09:46:39,022] {processor.py:153} INFO - Started process (PID=2345) to work on /home/airflow/.local/lib/python3.7/site-packages/airflow/example_dags/example_branch_operator_decorator.py
[2022-08-08 09:46:39,025] {processor.py:641} INFO - Processing file /home/airflow/.local/lib/python3.7/site-packages/airflow/example_dags/example_branch_operator_decorator.py for tasks to queue
[2022-08-08 09:46:39,026] {logging_mixin.py:115} INFO - [2022-08-08 09:46:39,026] {dagbag.py:507} INFO - Filling up the DagBag from /home/airflow/.local/lib/python3.7/site-packages/airflow/example_dags/example_branch_operator_decorator.py
[2022-08-08 09:46:39,044] {processor.py:651} INFO - DAG(s) dict_keys(['example_branch_python_operator_decorator']) retrieved from /home/airflow/.local/lib/python3.7/site-packages/airflow/example_dags/example_branch_operator_decorator.py
[2022-08-08 09:46:39,069] {logging_mixin.py:115} INFO - [2022-08-08 09:46:39,069] {dag.py:2379} INFO - Sync 1 DAGs
[2022-08-08 09:46:39,086] {logging_mixin.py:115} INFO - [2022-08-08 09:46:39,086] {dag.py:2931} INFO - Setting next_dagrun for example_branch_python_operator_decorator to 2022-08-07T00:00:00+00:00, run_after=2022-08-08T00:00:00+00:00
[2022-08-08 09:46:39,098] {processor.py:161} INFO - Processing /home/airflow/.local/lib/python3.7/site-packages/airflow/example_dags/example_branch_operator_decorator.py took 0.079 seconds
[2022-08-08 09:47:09,620] {processor.py:153} INFO - Started process (PID=2407) to work on /home/airflow/.local/lib/python3.7/site-packages/airflow/example_dags/example_branch_operator_decorator.py
[2022-08-08 09:47:09,624] {processor.py:641} INFO - Processing file /home/airflow/.local/lib/python3.7/site-packages/airflow/example_dags/example_branch_operator_decorator.py for tasks to queue
[2022-08-08 09:47:09,626] {logging_mixin.py:115} INFO - [2022-08-08 09:47:09,625] {dagbag.py:507} INFO - Filling up the DagBag from /home/airflow/.local/lib/python3.7/site-packages/airflow/example_dags/example_branch_operator_decorator.py
[2022-08-08 09:47:09,689] {processor.py:651} INFO - DAG(s) dict_keys(['example_branch_python_operator_decorator']) retrieved from /home/airflow/.local/lib/python3.7/site-packages/airflow/example_dags/example_branch_operator_decorator.py
[2022-08-08 09:47:09,761] {logging_mixin.py:115} INFO - [2022-08-08 09:47:09,761] {dag.py:2379} INFO - Sync 1 DAGs
[2022-08-08 09:47:09,797] {logging_mixin.py:115} INFO - [2022-08-08 09:47:09,797] {dag.py:2931} INFO - Setting next_dagrun for example_branch_python_operator_decorator to 2022-08-07T00:00:00+00:00, run_after=2022-08-08T00:00:00+00:00
[2022-08-08 09:47:09,821] {processor.py:161} INFO - Processing /home/airflow/.local/lib/python3.7/site-packages/airflow/example_dags/example_branch_operator_decorator.py took 0.204 seconds
[2022-08-08 09:47:40,572] {processor.py:153} INFO - Started process (PID=2468) to work on /home/airflow/.local/lib/python3.7/site-packages/airflow/example_dags/example_branch_operator_decorator.py
[2022-08-08 09:47:40,574] {processor.py:641} INFO - Processing file /home/airflow/.local/lib/python3.7/site-packages/airflow/example_dags/example_branch_operator_decorator.py for tasks to queue
[2022-08-08 09:47:40,576] {logging_mixin.py:115} INFO - [2022-08-08 09:47:40,576] {dagbag.py:507} INFO - Filling up the DagBag from /home/airflow/.local/lib/python3.7/site-packages/airflow/example_dags/example_branch_operator_decorator.py
[2022-08-08 09:47:40,618] {processor.py:651} INFO - DAG(s) dict_keys(['example_branch_python_operator_decorator']) retrieved from /home/airflow/.local/lib/python3.7/site-packages/airflow/example_dags/example_branch_operator_decorator.py
[2022-08-08 09:47:40,735] {logging_mixin.py:115} INFO - [2022-08-08 09:47:40,735] {dag.py:2379} INFO - Sync 1 DAGs
[2022-08-08 09:47:40,803] {logging_mixin.py:115} INFO - [2022-08-08 09:47:40,803] {dag.py:2931} INFO - Setting next_dagrun for example_branch_python_operator_decorator to 2022-08-07T00:00:00+00:00, run_after=2022-08-08T00:00:00+00:00
[2022-08-08 09:47:40,840] {processor.py:161} INFO - Processing /home/airflow/.local/lib/python3.7/site-packages/airflow/example_dags/example_branch_operator_decorator.py took 0.271 seconds
