[2022-08-08 09:26:13,656] {processor.py:153} INFO - Started process (PID=66) to work on /home/airflow/.local/lib/python3.7/site-packages/airflow/example_dags/example_dag_decorator.py
[2022-08-08 09:26:13,658] {processor.py:641} INFO - Processing file /home/airflow/.local/lib/python3.7/site-packages/airflow/example_dags/example_dag_decorator.py for tasks to queue
[2022-08-08 09:26:13,661] {logging_mixin.py:115} INFO - [2022-08-08 09:26:13,661] {dagbag.py:507} INFO - Filling up the DagBag from /home/airflow/.local/lib/python3.7/site-packages/airflow/example_dags/example_dag_decorator.py
[2022-08-08 09:26:13,764] {processor.py:651} INFO - DAG(s) dict_keys(['example_dag_decorator']) retrieved from /home/airflow/.local/lib/python3.7/site-packages/airflow/example_dags/example_dag_decorator.py
[2022-08-08 09:26:13,941] {logging_mixin.py:115} INFO - [2022-08-08 09:26:13,941] {dag.py:2379} INFO - Sync 1 DAGs
[2022-08-08 09:26:13,994] {logging_mixin.py:115} INFO - [2022-08-08 09:26:13,994] {dag.py:2931} INFO - Setting next_dagrun for example_dag_decorator to None, run_after=None
[2022-08-08 09:26:14,476] {processor.py:161} INFO - Processing /home/airflow/.local/lib/python3.7/site-packages/airflow/example_dags/example_dag_decorator.py took 0.822 seconds
[2022-08-08 09:26:44,587] {processor.py:153} INFO - Started process (PID=120) to work on /home/airflow/.local/lib/python3.7/site-packages/airflow/example_dags/example_dag_decorator.py
[2022-08-08 09:26:44,592] {processor.py:641} INFO - Processing file /home/airflow/.local/lib/python3.7/site-packages/airflow/example_dags/example_dag_decorator.py for tasks to queue
[2022-08-08 09:26:44,594] {logging_mixin.py:115} INFO - [2022-08-08 09:26:44,594] {dagbag.py:507} INFO - Filling up the DagBag from /home/airflow/.local/lib/python3.7/site-packages/airflow/example_dags/example_dag_decorator.py
[2022-08-08 09:26:44,650] {processor.py:651} INFO - DAG(s) dict_keys(['example_dag_decorator']) retrieved from /home/airflow/.local/lib/python3.7/site-packages/airflow/example_dags/example_dag_decorator.py
[2022-08-08 09:26:44,765] {logging_mixin.py:115} INFO - [2022-08-08 09:26:44,765] {dag.py:2379} INFO - Sync 1 DAGs
[2022-08-08 09:26:44,991] {logging_mixin.py:115} INFO - [2022-08-08 09:26:44,991] {dag.py:2931} INFO - Setting next_dagrun for example_dag_decorator to None, run_after=None
[2022-08-08 09:26:45,002] {processor.py:161} INFO - Processing /home/airflow/.local/lib/python3.7/site-packages/airflow/example_dags/example_dag_decorator.py took 0.418 seconds
[2022-08-08 09:27:15,570] {processor.py:153} INFO - Started process (PID=180) to work on /home/airflow/.local/lib/python3.7/site-packages/airflow/example_dags/example_dag_decorator.py
[2022-08-08 09:27:15,575] {processor.py:641} INFO - Processing file /home/airflow/.local/lib/python3.7/site-packages/airflow/example_dags/example_dag_decorator.py for tasks to queue
[2022-08-08 09:27:15,585] {logging_mixin.py:115} INFO - [2022-08-08 09:27:15,585] {dagbag.py:507} INFO - Filling up the DagBag from /home/airflow/.local/lib/python3.7/site-packages/airflow/example_dags/example_dag_decorator.py
[2022-08-08 09:27:15,646] {processor.py:651} INFO - DAG(s) dict_keys(['example_dag_decorator']) retrieved from /home/airflow/.local/lib/python3.7/site-packages/airflow/example_dags/example_dag_decorator.py
[2022-08-08 09:27:15,697] {logging_mixin.py:115} INFO - [2022-08-08 09:27:15,697] {dag.py:2379} INFO - Sync 1 DAGs
[2022-08-08 09:27:15,825] {logging_mixin.py:115} INFO - [2022-08-08 09:27:15,825] {dag.py:2931} INFO - Setting next_dagrun for example_dag_decorator to None, run_after=None
[2022-08-08 09:27:15,836] {processor.py:161} INFO - Processing /home/airflow/.local/lib/python3.7/site-packages/airflow/example_dags/example_dag_decorator.py took 0.268 seconds
[2022-08-08 09:27:46,471] {processor.py:153} INFO - Started process (PID=243) to work on /home/airflow/.local/lib/python3.7/site-packages/airflow/example_dags/example_dag_decorator.py
[2022-08-08 09:27:46,473] {processor.py:641} INFO - Processing file /home/airflow/.local/lib/python3.7/site-packages/airflow/example_dags/example_dag_decorator.py for tasks to queue
[2022-08-08 09:27:46,477] {logging_mixin.py:115} INFO - [2022-08-08 09:27:46,477] {dagbag.py:507} INFO - Filling up the DagBag from /home/airflow/.local/lib/python3.7/site-packages/airflow/example_dags/example_dag_decorator.py
[2022-08-08 09:27:46,524] {processor.py:651} INFO - DAG(s) dict_keys(['example_dag_decorator']) retrieved from /home/airflow/.local/lib/python3.7/site-packages/airflow/example_dags/example_dag_decorator.py
[2022-08-08 09:27:46,570] {logging_mixin.py:115} INFO - [2022-08-08 09:27:46,570] {dag.py:2379} INFO - Sync 1 DAGs
[2022-08-08 09:27:46,595] {logging_mixin.py:115} INFO - [2022-08-08 09:27:46,595] {dag.py:2931} INFO - Setting next_dagrun for example_dag_decorator to None, run_after=None
[2022-08-08 09:27:46,612] {processor.py:161} INFO - Processing /home/airflow/.local/lib/python3.7/site-packages/airflow/example_dags/example_dag_decorator.py took 0.144 seconds
[2022-08-08 09:28:17,050] {processor.py:153} INFO - Started process (PID=304) to work on /home/airflow/.local/lib/python3.7/site-packages/airflow/example_dags/example_dag_decorator.py
[2022-08-08 09:28:17,052] {processor.py:641} INFO - Processing file /home/airflow/.local/lib/python3.7/site-packages/airflow/example_dags/example_dag_decorator.py for tasks to queue
[2022-08-08 09:28:17,055] {logging_mixin.py:115} INFO - [2022-08-08 09:28:17,055] {dagbag.py:507} INFO - Filling up the DagBag from /home/airflow/.local/lib/python3.7/site-packages/airflow/example_dags/example_dag_decorator.py
[2022-08-08 09:28:17,094] {processor.py:651} INFO - DAG(s) dict_keys(['example_dag_decorator']) retrieved from /home/airflow/.local/lib/python3.7/site-packages/airflow/example_dags/example_dag_decorator.py
[2022-08-08 09:28:17,183] {logging_mixin.py:115} INFO - [2022-08-08 09:28:17,183] {dag.py:2379} INFO - Sync 1 DAGs
[2022-08-08 09:28:17,382] {logging_mixin.py:115} INFO - [2022-08-08 09:28:17,382] {dag.py:2931} INFO - Setting next_dagrun for example_dag_decorator to None, run_after=None
[2022-08-08 09:28:17,398] {processor.py:161} INFO - Processing /home/airflow/.local/lib/python3.7/site-packages/airflow/example_dags/example_dag_decorator.py took 0.351 seconds
[2022-08-08 09:28:47,969] {processor.py:153} INFO - Started process (PID=357) to work on /home/airflow/.local/lib/python3.7/site-packages/airflow/example_dags/example_dag_decorator.py
[2022-08-08 09:28:47,973] {processor.py:641} INFO - Processing file /home/airflow/.local/lib/python3.7/site-packages/airflow/example_dags/example_dag_decorator.py for tasks to queue
[2022-08-08 09:28:47,977] {logging_mixin.py:115} INFO - [2022-08-08 09:28:47,977] {dagbag.py:507} INFO - Filling up the DagBag from /home/airflow/.local/lib/python3.7/site-packages/airflow/example_dags/example_dag_decorator.py
[2022-08-08 09:28:48,018] {processor.py:651} INFO - DAG(s) dict_keys(['example_dag_decorator']) retrieved from /home/airflow/.local/lib/python3.7/site-packages/airflow/example_dags/example_dag_decorator.py
[2022-08-08 09:28:48,081] {logging_mixin.py:115} INFO - [2022-08-08 09:28:48,081] {dag.py:2379} INFO - Sync 1 DAGs
[2022-08-08 09:28:48,270] {logging_mixin.py:115} INFO - [2022-08-08 09:28:48,270] {dag.py:2931} INFO - Setting next_dagrun for example_dag_decorator to None, run_after=None
[2022-08-08 09:28:48,286] {processor.py:161} INFO - Processing /home/airflow/.local/lib/python3.7/site-packages/airflow/example_dags/example_dag_decorator.py took 0.319 seconds
[2022-08-08 09:29:18,507] {processor.py:153} INFO - Started process (PID=419) to work on /home/airflow/.local/lib/python3.7/site-packages/airflow/example_dags/example_dag_decorator.py
[2022-08-08 09:29:18,509] {processor.py:641} INFO - Processing file /home/airflow/.local/lib/python3.7/site-packages/airflow/example_dags/example_dag_decorator.py for tasks to queue
[2022-08-08 09:29:18,511] {logging_mixin.py:115} INFO - [2022-08-08 09:29:18,511] {dagbag.py:507} INFO - Filling up the DagBag from /home/airflow/.local/lib/python3.7/site-packages/airflow/example_dags/example_dag_decorator.py
[2022-08-08 09:29:18,533] {processor.py:651} INFO - DAG(s) dict_keys(['example_dag_decorator']) retrieved from /home/airflow/.local/lib/python3.7/site-packages/airflow/example_dags/example_dag_decorator.py
[2022-08-08 09:29:18,590] {logging_mixin.py:115} INFO - [2022-08-08 09:29:18,590] {dag.py:2379} INFO - Sync 1 DAGs
[2022-08-08 09:29:18,702] {logging_mixin.py:115} INFO - [2022-08-08 09:29:18,701] {dag.py:2931} INFO - Setting next_dagrun for example_dag_decorator to None, run_after=None
[2022-08-08 09:29:18,711] {processor.py:161} INFO - Processing /home/airflow/.local/lib/python3.7/site-packages/airflow/example_dags/example_dag_decorator.py took 0.207 seconds
[2022-08-08 09:29:49,468] {processor.py:153} INFO - Started process (PID=480) to work on /home/airflow/.local/lib/python3.7/site-packages/airflow/example_dags/example_dag_decorator.py
[2022-08-08 09:29:49,470] {processor.py:641} INFO - Processing file /home/airflow/.local/lib/python3.7/site-packages/airflow/example_dags/example_dag_decorator.py for tasks to queue
[2022-08-08 09:29:49,471] {logging_mixin.py:115} INFO - [2022-08-08 09:29:49,471] {dagbag.py:507} INFO - Filling up the DagBag from /home/airflow/.local/lib/python3.7/site-packages/airflow/example_dags/example_dag_decorator.py
[2022-08-08 09:29:49,511] {processor.py:651} INFO - DAG(s) dict_keys(['example_dag_decorator']) retrieved from /home/airflow/.local/lib/python3.7/site-packages/airflow/example_dags/example_dag_decorator.py
[2022-08-08 09:29:49,587] {logging_mixin.py:115} INFO - [2022-08-08 09:29:49,587] {dag.py:2379} INFO - Sync 1 DAGs
[2022-08-08 09:29:49,734] {logging_mixin.py:115} INFO - [2022-08-08 09:29:49,734] {dag.py:2931} INFO - Setting next_dagrun for example_dag_decorator to None, run_after=None
[2022-08-08 09:29:49,757] {processor.py:161} INFO - Processing /home/airflow/.local/lib/python3.7/site-packages/airflow/example_dags/example_dag_decorator.py took 0.293 seconds
[2022-08-08 09:30:20,079] {processor.py:153} INFO - Started process (PID=541) to work on /home/airflow/.local/lib/python3.7/site-packages/airflow/example_dags/example_dag_decorator.py
[2022-08-08 09:30:20,082] {processor.py:641} INFO - Processing file /home/airflow/.local/lib/python3.7/site-packages/airflow/example_dags/example_dag_decorator.py for tasks to queue
[2022-08-08 09:30:20,085] {logging_mixin.py:115} INFO - [2022-08-08 09:30:20,085] {dagbag.py:507} INFO - Filling up the DagBag from /home/airflow/.local/lib/python3.7/site-packages/airflow/example_dags/example_dag_decorator.py
[2022-08-08 09:30:20,134] {processor.py:651} INFO - DAG(s) dict_keys(['example_dag_decorator']) retrieved from /home/airflow/.local/lib/python3.7/site-packages/airflow/example_dags/example_dag_decorator.py
[2022-08-08 09:30:20,245] {logging_mixin.py:115} INFO - [2022-08-08 09:30:20,245] {dag.py:2379} INFO - Sync 1 DAGs
[2022-08-08 09:30:20,849] {logging_mixin.py:115} INFO - [2022-08-08 09:30:20,849] {dag.py:2931} INFO - Setting next_dagrun for example_dag_decorator to None, run_after=None
[2022-08-08 09:30:20,865] {processor.py:161} INFO - Processing /home/airflow/.local/lib/python3.7/site-packages/airflow/example_dags/example_dag_decorator.py took 0.791 seconds
[2022-08-08 09:30:51,028] {processor.py:153} INFO - Started process (PID=594) to work on /home/airflow/.local/lib/python3.7/site-packages/airflow/example_dags/example_dag_decorator.py
[2022-08-08 09:30:51,030] {processor.py:641} INFO - Processing file /home/airflow/.local/lib/python3.7/site-packages/airflow/example_dags/example_dag_decorator.py for tasks to queue
[2022-08-08 09:30:51,032] {logging_mixin.py:115} INFO - [2022-08-08 09:30:51,032] {dagbag.py:507} INFO - Filling up the DagBag from /home/airflow/.local/lib/python3.7/site-packages/airflow/example_dags/example_dag_decorator.py
[2022-08-08 09:30:51,064] {processor.py:651} INFO - DAG(s) dict_keys(['example_dag_decorator']) retrieved from /home/airflow/.local/lib/python3.7/site-packages/airflow/example_dags/example_dag_decorator.py
[2022-08-08 09:30:51,130] {logging_mixin.py:115} INFO - [2022-08-08 09:30:51,130] {dag.py:2379} INFO - Sync 1 DAGs
[2022-08-08 09:30:51,453] {logging_mixin.py:115} INFO - [2022-08-08 09:30:51,452] {dag.py:2931} INFO - Setting next_dagrun for example_dag_decorator to None, run_after=None
[2022-08-08 09:30:51,473] {processor.py:161} INFO - Processing /home/airflow/.local/lib/python3.7/site-packages/airflow/example_dags/example_dag_decorator.py took 0.458 seconds
[2022-08-08 09:31:21,675] {processor.py:153} INFO - Started process (PID=660) to work on /home/airflow/.local/lib/python3.7/site-packages/airflow/example_dags/example_dag_decorator.py
[2022-08-08 09:31:21,678] {processor.py:641} INFO - Processing file /home/airflow/.local/lib/python3.7/site-packages/airflow/example_dags/example_dag_decorator.py for tasks to queue
[2022-08-08 09:31:21,679] {logging_mixin.py:115} INFO - [2022-08-08 09:31:21,679] {dagbag.py:507} INFO - Filling up the DagBag from /home/airflow/.local/lib/python3.7/site-packages/airflow/example_dags/example_dag_decorator.py
[2022-08-08 09:31:21,722] {processor.py:651} INFO - DAG(s) dict_keys(['example_dag_decorator']) retrieved from /home/airflow/.local/lib/python3.7/site-packages/airflow/example_dags/example_dag_decorator.py
[2022-08-08 09:31:21,822] {logging_mixin.py:115} INFO - [2022-08-08 09:31:21,822] {dag.py:2379} INFO - Sync 1 DAGs
[2022-08-08 09:31:22,082] {logging_mixin.py:115} INFO - [2022-08-08 09:31:22,082] {dag.py:2931} INFO - Setting next_dagrun for example_dag_decorator to None, run_after=None
[2022-08-08 09:31:22,106] {processor.py:161} INFO - Processing /home/airflow/.local/lib/python3.7/site-packages/airflow/example_dags/example_dag_decorator.py took 0.430 seconds
[2022-08-08 09:31:56,883] {processor.py:153} INFO - Started process (PID=722) to work on /home/airflow/.local/lib/python3.7/site-packages/airflow/example_dags/example_dag_decorator.py
[2022-08-08 09:31:56,887] {processor.py:641} INFO - Processing file /home/airflow/.local/lib/python3.7/site-packages/airflow/example_dags/example_dag_decorator.py for tasks to queue
[2022-08-08 09:31:56,888] {logging_mixin.py:115} INFO - [2022-08-08 09:31:56,888] {dagbag.py:507} INFO - Filling up the DagBag from /home/airflow/.local/lib/python3.7/site-packages/airflow/example_dags/example_dag_decorator.py
[2022-08-08 09:31:56,937] {processor.py:651} INFO - DAG(s) dict_keys(['example_dag_decorator']) retrieved from /home/airflow/.local/lib/python3.7/site-packages/airflow/example_dags/example_dag_decorator.py
[2022-08-08 09:31:56,974] {logging_mixin.py:115} INFO - [2022-08-08 09:31:56,974] {dag.py:2379} INFO - Sync 1 DAGs
[2022-08-08 09:31:57,008] {logging_mixin.py:115} INFO - [2022-08-08 09:31:57,008] {dag.py:2931} INFO - Setting next_dagrun for example_dag_decorator to None, run_after=None
[2022-08-08 09:31:57,027] {processor.py:161} INFO - Processing /home/airflow/.local/lib/python3.7/site-packages/airflow/example_dags/example_dag_decorator.py took 0.146 seconds
[2022-08-08 09:32:32,116] {processor.py:153} INFO - Started process (PID=775) to work on /home/airflow/.local/lib/python3.7/site-packages/airflow/example_dags/example_dag_decorator.py
[2022-08-08 09:32:32,117] {processor.py:641} INFO - Processing file /home/airflow/.local/lib/python3.7/site-packages/airflow/example_dags/example_dag_decorator.py for tasks to queue
[2022-08-08 09:32:32,119] {logging_mixin.py:115} INFO - [2022-08-08 09:32:32,119] {dagbag.py:507} INFO - Filling up the DagBag from /home/airflow/.local/lib/python3.7/site-packages/airflow/example_dags/example_dag_decorator.py
[2022-08-08 09:32:32,206] {processor.py:651} INFO - DAG(s) dict_keys(['example_dag_decorator']) retrieved from /home/airflow/.local/lib/python3.7/site-packages/airflow/example_dags/example_dag_decorator.py
[2022-08-08 09:32:32,316] {logging_mixin.py:115} INFO - [2022-08-08 09:32:32,315] {dag.py:2379} INFO - Sync 1 DAGs
[2022-08-08 09:32:33,611] {logging_mixin.py:115} INFO - [2022-08-08 09:32:33,611] {dag.py:2931} INFO - Setting next_dagrun for example_dag_decorator to None, run_after=None
[2022-08-08 09:32:33,631] {processor.py:161} INFO - Processing /home/airflow/.local/lib/python3.7/site-packages/airflow/example_dags/example_dag_decorator.py took 1.517 seconds
[2022-08-08 09:33:03,824] {processor.py:153} INFO - Started process (PID=828) to work on /home/airflow/.local/lib/python3.7/site-packages/airflow/example_dags/example_dag_decorator.py
[2022-08-08 09:33:03,826] {processor.py:641} INFO - Processing file /home/airflow/.local/lib/python3.7/site-packages/airflow/example_dags/example_dag_decorator.py for tasks to queue
[2022-08-08 09:33:03,828] {logging_mixin.py:115} INFO - [2022-08-08 09:33:03,828] {dagbag.py:507} INFO - Filling up the DagBag from /home/airflow/.local/lib/python3.7/site-packages/airflow/example_dags/example_dag_decorator.py
[2022-08-08 09:33:03,861] {processor.py:651} INFO - DAG(s) dict_keys(['example_dag_decorator']) retrieved from /home/airflow/.local/lib/python3.7/site-packages/airflow/example_dags/example_dag_decorator.py
[2022-08-08 09:33:03,889] {logging_mixin.py:115} INFO - [2022-08-08 09:33:03,888] {dag.py:2379} INFO - Sync 1 DAGs
[2022-08-08 09:33:03,915] {logging_mixin.py:115} INFO - [2022-08-08 09:33:03,915] {dag.py:2931} INFO - Setting next_dagrun for example_dag_decorator to None, run_after=None
[2022-08-08 09:33:03,932] {processor.py:161} INFO - Processing /home/airflow/.local/lib/python3.7/site-packages/airflow/example_dags/example_dag_decorator.py took 0.110 seconds
[2022-08-08 09:33:34,048] {processor.py:153} INFO - Started process (PID=889) to work on /home/airflow/.local/lib/python3.7/site-packages/airflow/example_dags/example_dag_decorator.py
[2022-08-08 09:33:34,049] {processor.py:641} INFO - Processing file /home/airflow/.local/lib/python3.7/site-packages/airflow/example_dags/example_dag_decorator.py for tasks to queue
[2022-08-08 09:33:34,052] {logging_mixin.py:115} INFO - [2022-08-08 09:33:34,052] {dagbag.py:507} INFO - Filling up the DagBag from /home/airflow/.local/lib/python3.7/site-packages/airflow/example_dags/example_dag_decorator.py
[2022-08-08 09:33:34,081] {processor.py:651} INFO - DAG(s) dict_keys(['example_dag_decorator']) retrieved from /home/airflow/.local/lib/python3.7/site-packages/airflow/example_dags/example_dag_decorator.py
[2022-08-08 09:33:34,102] {logging_mixin.py:115} INFO - [2022-08-08 09:33:34,102] {dag.py:2379} INFO - Sync 1 DAGs
[2022-08-08 09:33:34,121] {logging_mixin.py:115} INFO - [2022-08-08 09:33:34,121] {dag.py:2931} INFO - Setting next_dagrun for example_dag_decorator to None, run_after=None
[2022-08-08 09:33:34,130] {processor.py:161} INFO - Processing /home/airflow/.local/lib/python3.7/site-packages/airflow/example_dags/example_dag_decorator.py took 0.085 seconds
[2022-08-08 09:34:04,600] {processor.py:153} INFO - Started process (PID=942) to work on /home/airflow/.local/lib/python3.7/site-packages/airflow/example_dags/example_dag_decorator.py
[2022-08-08 09:34:04,603] {processor.py:641} INFO - Processing file /home/airflow/.local/lib/python3.7/site-packages/airflow/example_dags/example_dag_decorator.py for tasks to queue
[2022-08-08 09:34:04,604] {logging_mixin.py:115} INFO - [2022-08-08 09:34:04,604] {dagbag.py:507} INFO - Filling up the DagBag from /home/airflow/.local/lib/python3.7/site-packages/airflow/example_dags/example_dag_decorator.py
[2022-08-08 09:34:04,645] {processor.py:651} INFO - DAG(s) dict_keys(['example_dag_decorator']) retrieved from /home/airflow/.local/lib/python3.7/site-packages/airflow/example_dags/example_dag_decorator.py
[2022-08-08 09:34:04,720] {logging_mixin.py:115} INFO - [2022-08-08 09:34:04,720] {dag.py:2379} INFO - Sync 1 DAGs
[2022-08-08 09:34:04,777] {logging_mixin.py:115} INFO - [2022-08-08 09:34:04,776] {dag.py:2931} INFO - Setting next_dagrun for example_dag_decorator to None, run_after=None
[2022-08-08 09:34:04,815] {processor.py:161} INFO - Processing /home/airflow/.local/lib/python3.7/site-packages/airflow/example_dags/example_dag_decorator.py took 0.218 seconds
[2022-08-08 09:34:34,910] {processor.py:153} INFO - Started process (PID=1004) to work on /home/airflow/.local/lib/python3.7/site-packages/airflow/example_dags/example_dag_decorator.py
[2022-08-08 09:34:34,911] {processor.py:641} INFO - Processing file /home/airflow/.local/lib/python3.7/site-packages/airflow/example_dags/example_dag_decorator.py for tasks to queue
[2022-08-08 09:34:34,915] {logging_mixin.py:115} INFO - [2022-08-08 09:34:34,915] {dagbag.py:507} INFO - Filling up the DagBag from /home/airflow/.local/lib/python3.7/site-packages/airflow/example_dags/example_dag_decorator.py
[2022-08-08 09:34:34,954] {processor.py:651} INFO - DAG(s) dict_keys(['example_dag_decorator']) retrieved from /home/airflow/.local/lib/python3.7/site-packages/airflow/example_dags/example_dag_decorator.py
[2022-08-08 09:34:35,005] {logging_mixin.py:115} INFO - [2022-08-08 09:34:35,005] {dag.py:2379} INFO - Sync 1 DAGs
[2022-08-08 09:34:35,036] {logging_mixin.py:115} INFO - [2022-08-08 09:34:35,036] {dag.py:2931} INFO - Setting next_dagrun for example_dag_decorator to None, run_after=None
[2022-08-08 09:34:35,047] {processor.py:161} INFO - Processing /home/airflow/.local/lib/python3.7/site-packages/airflow/example_dags/example_dag_decorator.py took 0.141 seconds
[2022-08-08 09:35:05,667] {processor.py:153} INFO - Started process (PID=1064) to work on /home/airflow/.local/lib/python3.7/site-packages/airflow/example_dags/example_dag_decorator.py
[2022-08-08 09:35:05,670] {processor.py:641} INFO - Processing file /home/airflow/.local/lib/python3.7/site-packages/airflow/example_dags/example_dag_decorator.py for tasks to queue
[2022-08-08 09:35:05,672] {logging_mixin.py:115} INFO - [2022-08-08 09:35:05,672] {dagbag.py:507} INFO - Filling up the DagBag from /home/airflow/.local/lib/python3.7/site-packages/airflow/example_dags/example_dag_decorator.py
[2022-08-08 09:35:05,730] {processor.py:651} INFO - DAG(s) dict_keys(['example_dag_decorator']) retrieved from /home/airflow/.local/lib/python3.7/site-packages/airflow/example_dags/example_dag_decorator.py
[2022-08-08 09:35:05,807] {logging_mixin.py:115} INFO - [2022-08-08 09:35:05,806] {dag.py:2379} INFO - Sync 1 DAGs
[2022-08-08 09:35:05,852] {logging_mixin.py:115} INFO - [2022-08-08 09:35:05,852] {dag.py:2931} INFO - Setting next_dagrun for example_dag_decorator to None, run_after=None
[2022-08-08 09:35:05,885] {processor.py:161} INFO - Processing /home/airflow/.local/lib/python3.7/site-packages/airflow/example_dags/example_dag_decorator.py took 0.220 seconds
[2022-08-08 09:35:36,107] {processor.py:153} INFO - Started process (PID=1116) to work on /home/airflow/.local/lib/python3.7/site-packages/airflow/example_dags/example_dag_decorator.py
[2022-08-08 09:35:36,109] {processor.py:641} INFO - Processing file /home/airflow/.local/lib/python3.7/site-packages/airflow/example_dags/example_dag_decorator.py for tasks to queue
[2022-08-08 09:35:36,111] {logging_mixin.py:115} INFO - [2022-08-08 09:35:36,110] {dagbag.py:507} INFO - Filling up the DagBag from /home/airflow/.local/lib/python3.7/site-packages/airflow/example_dags/example_dag_decorator.py
[2022-08-08 09:35:36,156] {processor.py:651} INFO - DAG(s) dict_keys(['example_dag_decorator']) retrieved from /home/airflow/.local/lib/python3.7/site-packages/airflow/example_dags/example_dag_decorator.py
[2022-08-08 09:35:36,193] {logging_mixin.py:115} INFO - [2022-08-08 09:35:36,193] {dag.py:2379} INFO - Sync 1 DAGs
[2022-08-08 09:35:36,218] {logging_mixin.py:115} INFO - [2022-08-08 09:35:36,218] {dag.py:2931} INFO - Setting next_dagrun for example_dag_decorator to None, run_after=None
[2022-08-08 09:35:36,235] {processor.py:161} INFO - Processing /home/airflow/.local/lib/python3.7/site-packages/airflow/example_dags/example_dag_decorator.py took 0.130 seconds
[2022-08-08 09:36:06,439] {processor.py:153} INFO - Started process (PID=1168) to work on /home/airflow/.local/lib/python3.7/site-packages/airflow/example_dags/example_dag_decorator.py
[2022-08-08 09:36:06,446] {processor.py:641} INFO - Processing file /home/airflow/.local/lib/python3.7/site-packages/airflow/example_dags/example_dag_decorator.py for tasks to queue
[2022-08-08 09:36:06,448] {logging_mixin.py:115} INFO - [2022-08-08 09:36:06,448] {dagbag.py:507} INFO - Filling up the DagBag from /home/airflow/.local/lib/python3.7/site-packages/airflow/example_dags/example_dag_decorator.py
[2022-08-08 09:36:06,491] {processor.py:651} INFO - DAG(s) dict_keys(['example_dag_decorator']) retrieved from /home/airflow/.local/lib/python3.7/site-packages/airflow/example_dags/example_dag_decorator.py
[2022-08-08 09:36:06,542] {logging_mixin.py:115} INFO - [2022-08-08 09:36:06,542] {dag.py:2379} INFO - Sync 1 DAGs
[2022-08-08 09:36:06,578] {logging_mixin.py:115} INFO - [2022-08-08 09:36:06,578] {dag.py:2931} INFO - Setting next_dagrun for example_dag_decorator to None, run_after=None
[2022-08-08 09:36:06,600] {processor.py:161} INFO - Processing /home/airflow/.local/lib/python3.7/site-packages/airflow/example_dags/example_dag_decorator.py took 0.165 seconds
[2022-08-08 09:36:36,794] {processor.py:153} INFO - Started process (PID=1229) to work on /home/airflow/.local/lib/python3.7/site-packages/airflow/example_dags/example_dag_decorator.py
[2022-08-08 09:36:36,796] {processor.py:641} INFO - Processing file /home/airflow/.local/lib/python3.7/site-packages/airflow/example_dags/example_dag_decorator.py for tasks to queue
[2022-08-08 09:36:36,798] {logging_mixin.py:115} INFO - [2022-08-08 09:36:36,798] {dagbag.py:507} INFO - Filling up the DagBag from /home/airflow/.local/lib/python3.7/site-packages/airflow/example_dags/example_dag_decorator.py
[2022-08-08 09:36:36,838] {processor.py:651} INFO - DAG(s) dict_keys(['example_dag_decorator']) retrieved from /home/airflow/.local/lib/python3.7/site-packages/airflow/example_dags/example_dag_decorator.py
[2022-08-08 09:36:36,914] {logging_mixin.py:115} INFO - [2022-08-08 09:36:36,914] {dag.py:2379} INFO - Sync 1 DAGs
[2022-08-08 09:36:37,203] {logging_mixin.py:115} INFO - [2022-08-08 09:36:37,203] {dag.py:2931} INFO - Setting next_dagrun for example_dag_decorator to None, run_after=None
[2022-08-08 09:36:37,215] {processor.py:161} INFO - Processing /home/airflow/.local/lib/python3.7/site-packages/airflow/example_dags/example_dag_decorator.py took 0.425 seconds
[2022-08-08 09:37:07,397] {processor.py:153} INFO - Started process (PID=1291) to work on /home/airflow/.local/lib/python3.7/site-packages/airflow/example_dags/example_dag_decorator.py
[2022-08-08 09:37:07,399] {processor.py:641} INFO - Processing file /home/airflow/.local/lib/python3.7/site-packages/airflow/example_dags/example_dag_decorator.py for tasks to queue
[2022-08-08 09:37:07,401] {logging_mixin.py:115} INFO - [2022-08-08 09:37:07,401] {dagbag.py:507} INFO - Filling up the DagBag from /home/airflow/.local/lib/python3.7/site-packages/airflow/example_dags/example_dag_decorator.py
[2022-08-08 09:37:07,475] {processor.py:651} INFO - DAG(s) dict_keys(['example_dag_decorator']) retrieved from /home/airflow/.local/lib/python3.7/site-packages/airflow/example_dags/example_dag_decorator.py
[2022-08-08 09:37:07,538] {logging_mixin.py:115} INFO - [2022-08-08 09:37:07,538] {dag.py:2379} INFO - Sync 1 DAGs
[2022-08-08 09:37:07,591] {logging_mixin.py:115} INFO - [2022-08-08 09:37:07,591] {dag.py:2931} INFO - Setting next_dagrun for example_dag_decorator to None, run_after=None
[2022-08-08 09:37:07,648] {processor.py:161} INFO - Processing /home/airflow/.local/lib/python3.7/site-packages/airflow/example_dags/example_dag_decorator.py took 0.253 seconds
[2022-08-08 09:37:37,808] {processor.py:153} INFO - Started process (PID=1344) to work on /home/airflow/.local/lib/python3.7/site-packages/airflow/example_dags/example_dag_decorator.py
[2022-08-08 09:37:37,810] {processor.py:641} INFO - Processing file /home/airflow/.local/lib/python3.7/site-packages/airflow/example_dags/example_dag_decorator.py for tasks to queue
[2022-08-08 09:37:37,812] {logging_mixin.py:115} INFO - [2022-08-08 09:37:37,812] {dagbag.py:507} INFO - Filling up the DagBag from /home/airflow/.local/lib/python3.7/site-packages/airflow/example_dags/example_dag_decorator.py
[2022-08-08 09:37:37,857] {processor.py:651} INFO - DAG(s) dict_keys(['example_dag_decorator']) retrieved from /home/airflow/.local/lib/python3.7/site-packages/airflow/example_dags/example_dag_decorator.py
[2022-08-08 09:37:37,905] {logging_mixin.py:115} INFO - [2022-08-08 09:37:37,904] {dag.py:2379} INFO - Sync 1 DAGs
[2022-08-08 09:37:37,927] {logging_mixin.py:115} INFO - [2022-08-08 09:37:37,927] {dag.py:2931} INFO - Setting next_dagrun for example_dag_decorator to None, run_after=None
[2022-08-08 09:37:37,941] {processor.py:161} INFO - Processing /home/airflow/.local/lib/python3.7/site-packages/airflow/example_dags/example_dag_decorator.py took 0.137 seconds
[2022-08-08 09:38:12,653] {processor.py:153} INFO - Started process (PID=1408) to work on /home/airflow/.local/lib/python3.7/site-packages/airflow/example_dags/example_dag_decorator.py
[2022-08-08 09:38:12,657] {processor.py:641} INFO - Processing file /home/airflow/.local/lib/python3.7/site-packages/airflow/example_dags/example_dag_decorator.py for tasks to queue
[2022-08-08 09:38:12,660] {logging_mixin.py:115} INFO - [2022-08-08 09:38:12,660] {dagbag.py:507} INFO - Filling up the DagBag from /home/airflow/.local/lib/python3.7/site-packages/airflow/example_dags/example_dag_decorator.py
[2022-08-08 09:38:12,731] {processor.py:651} INFO - DAG(s) dict_keys(['example_dag_decorator']) retrieved from /home/airflow/.local/lib/python3.7/site-packages/airflow/example_dags/example_dag_decorator.py
[2022-08-08 09:38:12,876] {logging_mixin.py:115} INFO - [2022-08-08 09:38:12,876] {dag.py:2379} INFO - Sync 1 DAGs
[2022-08-08 09:38:13,270] {logging_mixin.py:115} INFO - [2022-08-08 09:38:13,270] {dag.py:2931} INFO - Setting next_dagrun for example_dag_decorator to None, run_after=None
[2022-08-08 09:38:13,293] {processor.py:161} INFO - Processing /home/airflow/.local/lib/python3.7/site-packages/airflow/example_dags/example_dag_decorator.py took 0.643 seconds
[2022-08-08 09:38:44,069] {processor.py:153} INFO - Started process (PID=1462) to work on /home/airflow/.local/lib/python3.7/site-packages/airflow/example_dags/example_dag_decorator.py
[2022-08-08 09:38:44,070] {processor.py:641} INFO - Processing file /home/airflow/.local/lib/python3.7/site-packages/airflow/example_dags/example_dag_decorator.py for tasks to queue
[2022-08-08 09:38:44,071] {logging_mixin.py:115} INFO - [2022-08-08 09:38:44,071] {dagbag.py:507} INFO - Filling up the DagBag from /home/airflow/.local/lib/python3.7/site-packages/airflow/example_dags/example_dag_decorator.py
[2022-08-08 09:38:44,095] {processor.py:651} INFO - DAG(s) dict_keys(['example_dag_decorator']) retrieved from /home/airflow/.local/lib/python3.7/site-packages/airflow/example_dags/example_dag_decorator.py
[2022-08-08 09:38:44,156] {logging_mixin.py:115} INFO - [2022-08-08 09:38:44,156] {dag.py:2379} INFO - Sync 1 DAGs
[2022-08-08 09:38:44,346] {logging_mixin.py:115} INFO - [2022-08-08 09:38:44,346] {dag.py:2931} INFO - Setting next_dagrun for example_dag_decorator to None, run_after=None
[2022-08-08 09:38:44,366] {processor.py:161} INFO - Processing /home/airflow/.local/lib/python3.7/site-packages/airflow/example_dags/example_dag_decorator.py took 0.301 seconds
[2022-08-08 09:39:18,049] {processor.py:153} INFO - Started process (PID=1524) to work on /home/airflow/.local/lib/python3.7/site-packages/airflow/example_dags/example_dag_decorator.py
[2022-08-08 09:39:18,052] {processor.py:641} INFO - Processing file /home/airflow/.local/lib/python3.7/site-packages/airflow/example_dags/example_dag_decorator.py for tasks to queue
[2022-08-08 09:39:18,061] {logging_mixin.py:115} INFO - [2022-08-08 09:39:18,061] {dagbag.py:507} INFO - Filling up the DagBag from /home/airflow/.local/lib/python3.7/site-packages/airflow/example_dags/example_dag_decorator.py
[2022-08-08 09:39:18,186] {processor.py:651} INFO - DAG(s) dict_keys(['example_dag_decorator']) retrieved from /home/airflow/.local/lib/python3.7/site-packages/airflow/example_dags/example_dag_decorator.py
[2022-08-08 09:39:18,345] {logging_mixin.py:115} INFO - [2022-08-08 09:39:18,345] {dag.py:2379} INFO - Sync 1 DAGs
[2022-08-08 09:39:18,658] {logging_mixin.py:115} INFO - [2022-08-08 09:39:18,658] {dag.py:2931} INFO - Setting next_dagrun for example_dag_decorator to None, run_after=None
[2022-08-08 09:39:18,689] {processor.py:161} INFO - Processing /home/airflow/.local/lib/python3.7/site-packages/airflow/example_dags/example_dag_decorator.py took 0.642 seconds
[2022-08-08 09:39:48,857] {processor.py:153} INFO - Started process (PID=1576) to work on /home/airflow/.local/lib/python3.7/site-packages/airflow/example_dags/example_dag_decorator.py
[2022-08-08 09:39:48,858] {processor.py:641} INFO - Processing file /home/airflow/.local/lib/python3.7/site-packages/airflow/example_dags/example_dag_decorator.py for tasks to queue
[2022-08-08 09:39:48,863] {logging_mixin.py:115} INFO - [2022-08-08 09:39:48,863] {dagbag.py:507} INFO - Filling up the DagBag from /home/airflow/.local/lib/python3.7/site-packages/airflow/example_dags/example_dag_decorator.py
[2022-08-08 09:39:48,902] {processor.py:651} INFO - DAG(s) dict_keys(['example_dag_decorator']) retrieved from /home/airflow/.local/lib/python3.7/site-packages/airflow/example_dags/example_dag_decorator.py
[2022-08-08 09:39:48,974] {logging_mixin.py:115} INFO - [2022-08-08 09:39:48,974] {dag.py:2379} INFO - Sync 1 DAGs
[2022-08-08 09:39:49,121] {logging_mixin.py:115} INFO - [2022-08-08 09:39:49,121] {dag.py:2931} INFO - Setting next_dagrun for example_dag_decorator to None, run_after=None
[2022-08-08 09:39:49,132] {processor.py:161} INFO - Processing /home/airflow/.local/lib/python3.7/site-packages/airflow/example_dags/example_dag_decorator.py took 0.278 seconds
[2022-08-08 09:40:19,272] {processor.py:153} INFO - Started process (PID=1629) to work on /home/airflow/.local/lib/python3.7/site-packages/airflow/example_dags/example_dag_decorator.py
[2022-08-08 09:40:19,276] {processor.py:641} INFO - Processing file /home/airflow/.local/lib/python3.7/site-packages/airflow/example_dags/example_dag_decorator.py for tasks to queue
[2022-08-08 09:40:19,278] {logging_mixin.py:115} INFO - [2022-08-08 09:40:19,278] {dagbag.py:507} INFO - Filling up the DagBag from /home/airflow/.local/lib/python3.7/site-packages/airflow/example_dags/example_dag_decorator.py
[2022-08-08 09:40:19,331] {processor.py:651} INFO - DAG(s) dict_keys(['example_dag_decorator']) retrieved from /home/airflow/.local/lib/python3.7/site-packages/airflow/example_dags/example_dag_decorator.py
[2022-08-08 09:40:19,473] {logging_mixin.py:115} INFO - [2022-08-08 09:40:19,473] {dag.py:2379} INFO - Sync 1 DAGs
[2022-08-08 09:40:19,674] {logging_mixin.py:115} INFO - [2022-08-08 09:40:19,674] {dag.py:2931} INFO - Setting next_dagrun for example_dag_decorator to None, run_after=None
[2022-08-08 09:40:19,686] {processor.py:161} INFO - Processing /home/airflow/.local/lib/python3.7/site-packages/airflow/example_dags/example_dag_decorator.py took 0.417 seconds
[2022-08-08 09:40:51,035] {processor.py:153} INFO - Started process (PID=1691) to work on /home/airflow/.local/lib/python3.7/site-packages/airflow/example_dags/example_dag_decorator.py
[2022-08-08 09:40:51,039] {processor.py:641} INFO - Processing file /home/airflow/.local/lib/python3.7/site-packages/airflow/example_dags/example_dag_decorator.py for tasks to queue
[2022-08-08 09:40:51,040] {logging_mixin.py:115} INFO - [2022-08-08 09:40:51,040] {dagbag.py:507} INFO - Filling up the DagBag from /home/airflow/.local/lib/python3.7/site-packages/airflow/example_dags/example_dag_decorator.py
[2022-08-08 09:40:51,096] {processor.py:651} INFO - DAG(s) dict_keys(['example_dag_decorator']) retrieved from /home/airflow/.local/lib/python3.7/site-packages/airflow/example_dags/example_dag_decorator.py
[2022-08-08 09:40:51,160] {logging_mixin.py:115} INFO - [2022-08-08 09:40:51,160] {dag.py:2379} INFO - Sync 1 DAGs
[2022-08-08 09:40:51,208] {logging_mixin.py:115} INFO - [2022-08-08 09:40:51,208] {dag.py:2931} INFO - Setting next_dagrun for example_dag_decorator to None, run_after=None
[2022-08-08 09:40:51,238] {processor.py:161} INFO - Processing /home/airflow/.local/lib/python3.7/site-packages/airflow/example_dags/example_dag_decorator.py took 0.207 seconds
[2022-08-08 09:41:21,738] {processor.py:153} INFO - Started process (PID=1744) to work on /home/airflow/.local/lib/python3.7/site-packages/airflow/example_dags/example_dag_decorator.py
[2022-08-08 09:41:21,750] {processor.py:641} INFO - Processing file /home/airflow/.local/lib/python3.7/site-packages/airflow/example_dags/example_dag_decorator.py for tasks to queue
[2022-08-08 09:41:21,755] {logging_mixin.py:115} INFO - [2022-08-08 09:41:21,754] {dagbag.py:507} INFO - Filling up the DagBag from /home/airflow/.local/lib/python3.7/site-packages/airflow/example_dags/example_dag_decorator.py
[2022-08-08 09:41:21,827] {processor.py:651} INFO - DAG(s) dict_keys(['example_dag_decorator']) retrieved from /home/airflow/.local/lib/python3.7/site-packages/airflow/example_dags/example_dag_decorator.py
[2022-08-08 09:41:21,956] {logging_mixin.py:115} INFO - [2022-08-08 09:41:21,956] {dag.py:2379} INFO - Sync 1 DAGs
[2022-08-08 09:41:22,232] {logging_mixin.py:115} INFO - [2022-08-08 09:41:22,232] {dag.py:2931} INFO - Setting next_dagrun for example_dag_decorator to None, run_after=None
[2022-08-08 09:41:22,267] {processor.py:161} INFO - Processing /home/airflow/.local/lib/python3.7/site-packages/airflow/example_dags/example_dag_decorator.py took 0.538 seconds
[2022-08-08 09:41:53,479] {processor.py:153} INFO - Started process (PID=1803) to work on /home/airflow/.local/lib/python3.7/site-packages/airflow/example_dags/example_dag_decorator.py
[2022-08-08 09:41:53,482] {processor.py:641} INFO - Processing file /home/airflow/.local/lib/python3.7/site-packages/airflow/example_dags/example_dag_decorator.py for tasks to queue
[2022-08-08 09:41:53,486] {logging_mixin.py:115} INFO - [2022-08-08 09:41:53,486] {dagbag.py:507} INFO - Filling up the DagBag from /home/airflow/.local/lib/python3.7/site-packages/airflow/example_dags/example_dag_decorator.py
[2022-08-08 09:41:53,591] {processor.py:651} INFO - DAG(s) dict_keys(['example_dag_decorator']) retrieved from /home/airflow/.local/lib/python3.7/site-packages/airflow/example_dags/example_dag_decorator.py
[2022-08-08 09:41:53,719] {logging_mixin.py:115} INFO - [2022-08-08 09:41:53,718] {dag.py:2379} INFO - Sync 1 DAGs
[2022-08-08 09:41:53,806] {logging_mixin.py:115} INFO - [2022-08-08 09:41:53,806] {dag.py:2931} INFO - Setting next_dagrun for example_dag_decorator to None, run_after=None
[2022-08-08 09:41:53,877] {processor.py:161} INFO - Processing /home/airflow/.local/lib/python3.7/site-packages/airflow/example_dags/example_dag_decorator.py took 0.407 seconds
[2022-08-08 09:42:28,660] {processor.py:153} INFO - Started process (PID=1856) to work on /home/airflow/.local/lib/python3.7/site-packages/airflow/example_dags/example_dag_decorator.py
[2022-08-08 09:42:28,662] {processor.py:641} INFO - Processing file /home/airflow/.local/lib/python3.7/site-packages/airflow/example_dags/example_dag_decorator.py for tasks to queue
[2022-08-08 09:42:28,664] {logging_mixin.py:115} INFO - [2022-08-08 09:42:28,664] {dagbag.py:507} INFO - Filling up the DagBag from /home/airflow/.local/lib/python3.7/site-packages/airflow/example_dags/example_dag_decorator.py
[2022-08-08 09:42:28,851] {processor.py:651} INFO - DAG(s) dict_keys(['example_dag_decorator']) retrieved from /home/airflow/.local/lib/python3.7/site-packages/airflow/example_dags/example_dag_decorator.py
[2022-08-08 09:42:28,940] {logging_mixin.py:115} INFO - [2022-08-08 09:42:28,940] {dag.py:2379} INFO - Sync 1 DAGs
[2022-08-08 09:42:28,977] {logging_mixin.py:115} INFO - [2022-08-08 09:42:28,977] {dag.py:2931} INFO - Setting next_dagrun for example_dag_decorator to None, run_after=None
[2022-08-08 09:42:29,001] {processor.py:161} INFO - Processing /home/airflow/.local/lib/python3.7/site-packages/airflow/example_dags/example_dag_decorator.py took 0.345 seconds
[2022-08-08 09:42:59,189] {processor.py:153} INFO - Started process (PID=1909) to work on /home/airflow/.local/lib/python3.7/site-packages/airflow/example_dags/example_dag_decorator.py
[2022-08-08 09:42:59,198] {processor.py:641} INFO - Processing file /home/airflow/.local/lib/python3.7/site-packages/airflow/example_dags/example_dag_decorator.py for tasks to queue
[2022-08-08 09:42:59,201] {logging_mixin.py:115} INFO - [2022-08-08 09:42:59,201] {dagbag.py:507} INFO - Filling up the DagBag from /home/airflow/.local/lib/python3.7/site-packages/airflow/example_dags/example_dag_decorator.py
[2022-08-08 09:42:59,321] {processor.py:651} INFO - DAG(s) dict_keys(['example_dag_decorator']) retrieved from /home/airflow/.local/lib/python3.7/site-packages/airflow/example_dags/example_dag_decorator.py
[2022-08-08 09:42:59,496] {logging_mixin.py:115} INFO - [2022-08-08 09:42:59,496] {dag.py:2379} INFO - Sync 1 DAGs
[2022-08-08 09:43:01,114] {logging_mixin.py:115} INFO - [2022-08-08 09:43:01,114] {dag.py:2931} INFO - Setting next_dagrun for example_dag_decorator to None, run_after=None
[2022-08-08 09:43:01,148] {processor.py:161} INFO - Processing /home/airflow/.local/lib/python3.7/site-packages/airflow/example_dags/example_dag_decorator.py took 1.961 seconds
[2022-08-08 09:43:31,619] {processor.py:153} INFO - Started process (PID=1972) to work on /home/airflow/.local/lib/python3.7/site-packages/airflow/example_dags/example_dag_decorator.py
[2022-08-08 09:43:31,629] {processor.py:641} INFO - Processing file /home/airflow/.local/lib/python3.7/site-packages/airflow/example_dags/example_dag_decorator.py for tasks to queue
[2022-08-08 09:43:31,631] {logging_mixin.py:115} INFO - [2022-08-08 09:43:31,631] {dagbag.py:507} INFO - Filling up the DagBag from /home/airflow/.local/lib/python3.7/site-packages/airflow/example_dags/example_dag_decorator.py
[2022-08-08 09:43:31,706] {processor.py:651} INFO - DAG(s) dict_keys(['example_dag_decorator']) retrieved from /home/airflow/.local/lib/python3.7/site-packages/airflow/example_dags/example_dag_decorator.py
[2022-08-08 09:43:31,898] {logging_mixin.py:115} INFO - [2022-08-08 09:43:31,897] {dag.py:2379} INFO - Sync 1 DAGs
[2022-08-08 09:43:32,239] {logging_mixin.py:115} INFO - [2022-08-08 09:43:32,239] {dag.py:2931} INFO - Setting next_dagrun for example_dag_decorator to None, run_after=None
[2022-08-08 09:43:32,263] {processor.py:161} INFO - Processing /home/airflow/.local/lib/python3.7/site-packages/airflow/example_dags/example_dag_decorator.py took 0.649 seconds
[2022-08-08 09:44:02,614] {processor.py:153} INFO - Started process (PID=2034) to work on /home/airflow/.local/lib/python3.7/site-packages/airflow/example_dags/example_dag_decorator.py
[2022-08-08 09:44:02,616] {processor.py:641} INFO - Processing file /home/airflow/.local/lib/python3.7/site-packages/airflow/example_dags/example_dag_decorator.py for tasks to queue
[2022-08-08 09:44:02,618] {logging_mixin.py:115} INFO - [2022-08-08 09:44:02,618] {dagbag.py:507} INFO - Filling up the DagBag from /home/airflow/.local/lib/python3.7/site-packages/airflow/example_dags/example_dag_decorator.py
[2022-08-08 09:44:02,704] {processor.py:651} INFO - DAG(s) dict_keys(['example_dag_decorator']) retrieved from /home/airflow/.local/lib/python3.7/site-packages/airflow/example_dags/example_dag_decorator.py
[2022-08-08 09:44:02,768] {logging_mixin.py:115} INFO - [2022-08-08 09:44:02,768] {dag.py:2379} INFO - Sync 1 DAGs
[2022-08-08 09:44:02,808] {logging_mixin.py:115} INFO - [2022-08-08 09:44:02,808] {dag.py:2931} INFO - Setting next_dagrun for example_dag_decorator to None, run_after=None
[2022-08-08 09:44:02,821] {processor.py:161} INFO - Processing /home/airflow/.local/lib/python3.7/site-packages/airflow/example_dags/example_dag_decorator.py took 0.213 seconds
[2022-08-08 09:44:33,719] {processor.py:153} INFO - Started process (PID=2086) to work on /home/airflow/.local/lib/python3.7/site-packages/airflow/example_dags/example_dag_decorator.py
[2022-08-08 09:44:33,721] {processor.py:641} INFO - Processing file /home/airflow/.local/lib/python3.7/site-packages/airflow/example_dags/example_dag_decorator.py for tasks to queue
[2022-08-08 09:44:33,722] {logging_mixin.py:115} INFO - [2022-08-08 09:44:33,722] {dagbag.py:507} INFO - Filling up the DagBag from /home/airflow/.local/lib/python3.7/site-packages/airflow/example_dags/example_dag_decorator.py
[2022-08-08 09:44:33,783] {processor.py:651} INFO - DAG(s) dict_keys(['example_dag_decorator']) retrieved from /home/airflow/.local/lib/python3.7/site-packages/airflow/example_dags/example_dag_decorator.py
[2022-08-08 09:44:33,871] {logging_mixin.py:115} INFO - [2022-08-08 09:44:33,871] {dag.py:2379} INFO - Sync 1 DAGs
[2022-08-08 09:44:33,911] {logging_mixin.py:115} INFO - [2022-08-08 09:44:33,911] {dag.py:2931} INFO - Setting next_dagrun for example_dag_decorator to None, run_after=None
[2022-08-08 09:44:33,958] {processor.py:161} INFO - Processing /home/airflow/.local/lib/python3.7/site-packages/airflow/example_dags/example_dag_decorator.py took 0.242 seconds
[2022-08-08 09:45:04,419] {processor.py:153} INFO - Started process (PID=2147) to work on /home/airflow/.local/lib/python3.7/site-packages/airflow/example_dags/example_dag_decorator.py
[2022-08-08 09:45:04,420] {processor.py:641} INFO - Processing file /home/airflow/.local/lib/python3.7/site-packages/airflow/example_dags/example_dag_decorator.py for tasks to queue
[2022-08-08 09:45:04,423] {logging_mixin.py:115} INFO - [2022-08-08 09:45:04,423] {dagbag.py:507} INFO - Filling up the DagBag from /home/airflow/.local/lib/python3.7/site-packages/airflow/example_dags/example_dag_decorator.py
[2022-08-08 09:45:04,463] {processor.py:651} INFO - DAG(s) dict_keys(['example_dag_decorator']) retrieved from /home/airflow/.local/lib/python3.7/site-packages/airflow/example_dags/example_dag_decorator.py
[2022-08-08 09:45:04,570] {logging_mixin.py:115} INFO - [2022-08-08 09:45:04,570] {dag.py:2379} INFO - Sync 1 DAGs
[2022-08-08 09:45:05,041] {logging_mixin.py:115} INFO - [2022-08-08 09:45:05,040] {dag.py:2931} INFO - Setting next_dagrun for example_dag_decorator to None, run_after=None
[2022-08-08 09:45:05,063] {processor.py:161} INFO - Processing /home/airflow/.local/lib/python3.7/site-packages/airflow/example_dags/example_dag_decorator.py took 0.647 seconds
[2022-08-08 09:45:35,294] {processor.py:153} INFO - Started process (PID=2210) to work on /home/airflow/.local/lib/python3.7/site-packages/airflow/example_dags/example_dag_decorator.py
[2022-08-08 09:45:35,301] {processor.py:641} INFO - Processing file /home/airflow/.local/lib/python3.7/site-packages/airflow/example_dags/example_dag_decorator.py for tasks to queue
[2022-08-08 09:45:35,302] {logging_mixin.py:115} INFO - [2022-08-08 09:45:35,302] {dagbag.py:507} INFO - Filling up the DagBag from /home/airflow/.local/lib/python3.7/site-packages/airflow/example_dags/example_dag_decorator.py
[2022-08-08 09:45:35,361] {processor.py:651} INFO - DAG(s) dict_keys(['example_dag_decorator']) retrieved from /home/airflow/.local/lib/python3.7/site-packages/airflow/example_dags/example_dag_decorator.py
[2022-08-08 09:45:35,416] {logging_mixin.py:115} INFO - [2022-08-08 09:45:35,416] {dag.py:2379} INFO - Sync 1 DAGs
[2022-08-08 09:45:35,452] {logging_mixin.py:115} INFO - [2022-08-08 09:45:35,452] {dag.py:2931} INFO - Setting next_dagrun for example_dag_decorator to None, run_after=None
[2022-08-08 09:45:35,486] {processor.py:161} INFO - Processing /home/airflow/.local/lib/python3.7/site-packages/airflow/example_dags/example_dag_decorator.py took 0.195 seconds
[2022-08-08 09:46:05,620] {processor.py:153} INFO - Started process (PID=2263) to work on /home/airflow/.local/lib/python3.7/site-packages/airflow/example_dags/example_dag_decorator.py
[2022-08-08 09:46:05,622] {processor.py:641} INFO - Processing file /home/airflow/.local/lib/python3.7/site-packages/airflow/example_dags/example_dag_decorator.py for tasks to queue
[2022-08-08 09:46:05,625] {logging_mixin.py:115} INFO - [2022-08-08 09:46:05,624] {dagbag.py:507} INFO - Filling up the DagBag from /home/airflow/.local/lib/python3.7/site-packages/airflow/example_dags/example_dag_decorator.py
[2022-08-08 09:46:05,681] {processor.py:651} INFO - DAG(s) dict_keys(['example_dag_decorator']) retrieved from /home/airflow/.local/lib/python3.7/site-packages/airflow/example_dags/example_dag_decorator.py
[2022-08-08 09:46:05,847] {logging_mixin.py:115} INFO - [2022-08-08 09:46:05,847] {dag.py:2379} INFO - Sync 1 DAGs
[2022-08-08 09:46:06,463] {logging_mixin.py:115} INFO - [2022-08-08 09:46:06,463] {dag.py:2931} INFO - Setting next_dagrun for example_dag_decorator to None, run_after=None
[2022-08-08 09:46:06,490] {processor.py:161} INFO - Processing /home/airflow/.local/lib/python3.7/site-packages/airflow/example_dags/example_dag_decorator.py took 0.872 seconds
[2022-08-08 09:46:36,597] {processor.py:153} INFO - Started process (PID=2326) to work on /home/airflow/.local/lib/python3.7/site-packages/airflow/example_dags/example_dag_decorator.py
[2022-08-08 09:46:36,599] {processor.py:641} INFO - Processing file /home/airflow/.local/lib/python3.7/site-packages/airflow/example_dags/example_dag_decorator.py for tasks to queue
[2022-08-08 09:46:36,601] {logging_mixin.py:115} INFO - [2022-08-08 09:46:36,601] {dagbag.py:507} INFO - Filling up the DagBag from /home/airflow/.local/lib/python3.7/site-packages/airflow/example_dags/example_dag_decorator.py
[2022-08-08 09:46:36,664] {processor.py:651} INFO - DAG(s) dict_keys(['example_dag_decorator']) retrieved from /home/airflow/.local/lib/python3.7/site-packages/airflow/example_dags/example_dag_decorator.py
[2022-08-08 09:46:36,781] {logging_mixin.py:115} INFO - [2022-08-08 09:46:36,780] {dag.py:2379} INFO - Sync 1 DAGs
[2022-08-08 09:46:37,077] {logging_mixin.py:115} INFO - [2022-08-08 09:46:37,077] {dag.py:2931} INFO - Setting next_dagrun for example_dag_decorator to None, run_after=None
[2022-08-08 09:46:37,095] {processor.py:161} INFO - Processing /home/airflow/.local/lib/python3.7/site-packages/airflow/example_dags/example_dag_decorator.py took 0.502 seconds
[2022-08-08 09:47:07,314] {processor.py:153} INFO - Started process (PID=2388) to work on /home/airflow/.local/lib/python3.7/site-packages/airflow/example_dags/example_dag_decorator.py
[2022-08-08 09:47:07,320] {processor.py:641} INFO - Processing file /home/airflow/.local/lib/python3.7/site-packages/airflow/example_dags/example_dag_decorator.py for tasks to queue
[2022-08-08 09:47:07,323] {logging_mixin.py:115} INFO - [2022-08-08 09:47:07,322] {dagbag.py:507} INFO - Filling up the DagBag from /home/airflow/.local/lib/python3.7/site-packages/airflow/example_dags/example_dag_decorator.py
[2022-08-08 09:47:07,347] {processor.py:651} INFO - DAG(s) dict_keys(['example_dag_decorator']) retrieved from /home/airflow/.local/lib/python3.7/site-packages/airflow/example_dags/example_dag_decorator.py
[2022-08-08 09:47:07,433] {logging_mixin.py:115} INFO - [2022-08-08 09:47:07,433] {dag.py:2379} INFO - Sync 1 DAGs
[2022-08-08 09:47:07,676] {logging_mixin.py:115} INFO - [2022-08-08 09:47:07,676] {dag.py:2931} INFO - Setting next_dagrun for example_dag_decorator to None, run_after=None
[2022-08-08 09:47:07,696] {processor.py:161} INFO - Processing /home/airflow/.local/lib/python3.7/site-packages/airflow/example_dags/example_dag_decorator.py took 0.386 seconds
[2022-08-08 09:47:38,149] {processor.py:153} INFO - Started process (PID=2444) to work on /home/airflow/.local/lib/python3.7/site-packages/airflow/example_dags/example_dag_decorator.py
[2022-08-08 09:47:38,151] {processor.py:641} INFO - Processing file /home/airflow/.local/lib/python3.7/site-packages/airflow/example_dags/example_dag_decorator.py for tasks to queue
[2022-08-08 09:47:38,153] {logging_mixin.py:115} INFO - [2022-08-08 09:47:38,153] {dagbag.py:507} INFO - Filling up the DagBag from /home/airflow/.local/lib/python3.7/site-packages/airflow/example_dags/example_dag_decorator.py
[2022-08-08 09:47:38,237] {processor.py:651} INFO - DAG(s) dict_keys(['example_dag_decorator']) retrieved from /home/airflow/.local/lib/python3.7/site-packages/airflow/example_dags/example_dag_decorator.py
[2022-08-08 09:47:38,398] {logging_mixin.py:115} INFO - [2022-08-08 09:47:38,398] {dag.py:2379} INFO - Sync 1 DAGs
[2022-08-08 09:47:38,862] {logging_mixin.py:115} INFO - [2022-08-08 09:47:38,862] {dag.py:2931} INFO - Setting next_dagrun for example_dag_decorator to None, run_after=None
[2022-08-08 09:47:38,877] {processor.py:161} INFO - Processing /home/airflow/.local/lib/python3.7/site-packages/airflow/example_dags/example_dag_decorator.py took 0.730 seconds
[2022-08-08 09:48:11,337] {processor.py:153} INFO - Started process (PID=2511) to work on /home/airflow/.local/lib/python3.7/site-packages/airflow/example_dags/example_dag_decorator.py
[2022-08-08 09:48:11,341] {processor.py:641} INFO - Processing file /home/airflow/.local/lib/python3.7/site-packages/airflow/example_dags/example_dag_decorator.py for tasks to queue
[2022-08-08 09:48:11,342] {logging_mixin.py:115} INFO - [2022-08-08 09:48:11,342] {dagbag.py:507} INFO - Filling up the DagBag from /home/airflow/.local/lib/python3.7/site-packages/airflow/example_dags/example_dag_decorator.py
[2022-08-08 09:48:11,414] {processor.py:651} INFO - DAG(s) dict_keys(['example_dag_decorator']) retrieved from /home/airflow/.local/lib/python3.7/site-packages/airflow/example_dags/example_dag_decorator.py
[2022-08-08 09:48:12,668] {logging_mixin.py:115} INFO - [2022-08-08 09:48:12,668] {process_utils.py:240} INFO - Waiting up to 5 seconds for processes to exit...
