[2022-07-27 12:50:17,182] {processor.py:153} INFO - Started process (PID=63) to work on /home/airflow/.local/lib/python3.7/site-packages/airflow/example_dags/example_subdag_operator.py
[2022-07-27 12:50:17,187] {processor.py:641} INFO - Processing file /home/airflow/.local/lib/python3.7/site-packages/airflow/example_dags/example_subdag_operator.py for tasks to queue
[2022-07-27 12:50:17,189] {logging_mixin.py:115} INFO - [2022-07-27 12:50:17,189] {dagbag.py:507} INFO - Filling up the DagBag from /home/airflow/.local/lib/python3.7/site-packages/airflow/example_dags/example_subdag_operator.py
[2022-07-27 12:50:17,384] {processor.py:651} INFO - DAG(s) dict_keys(['example_subdag_operator.section-1', 'example_subdag_operator.section-2', 'example_subdag_operator']) retrieved from /home/airflow/.local/lib/python3.7/site-packages/airflow/example_dags/example_subdag_operator.py
[2022-07-27 12:50:17,537] {logging_mixin.py:115} INFO - [2022-07-27 12:50:17,537] {dag.py:2379} INFO - Sync 3 DAGs
[2022-07-27 12:50:17,603] {logging_mixin.py:115} INFO - [2022-07-27 12:50:17,603] {dag.py:2931} INFO - Setting next_dagrun for example_subdag_operator to 2022-01-01T00:00:00+00:00, run_after=2022-01-01T00:00:00+00:00
[2022-07-27 12:50:17,621] {logging_mixin.py:115} INFO - [2022-07-27 12:50:17,621] {dag.py:2931} INFO - Setting next_dagrun for example_subdag_operator.section-1 to None, run_after=None
[2022-07-27 12:50:17,627] {logging_mixin.py:115} INFO - [2022-07-27 12:50:17,627] {dag.py:2931} INFO - Setting next_dagrun for example_subdag_operator.section-2 to None, run_after=None
[2022-07-27 12:50:17,643] {logging_mixin.py:115} INFO - [2022-07-27 12:50:17,643] {dag.py:2379} INFO - Sync 2 DAGs
[2022-07-27 12:50:17,658] {logging_mixin.py:115} INFO - [2022-07-27 12:50:17,658] {dag.py:2931} INFO - Setting next_dagrun for example_subdag_operator.section-1 to None, run_after=None
[2022-07-27 12:50:17,662] {logging_mixin.py:115} INFO - [2022-07-27 12:50:17,662] {dag.py:2931} INFO - Setting next_dagrun for example_subdag_operator.section-2 to None, run_after=None
[2022-07-27 12:50:17,674] {processor.py:161} INFO - Processing /home/airflow/.local/lib/python3.7/site-packages/airflow/example_dags/example_subdag_operator.py took 0.495 seconds
[2022-07-27 12:50:48,288] {processor.py:153} INFO - Started process (PID=124) to work on /home/airflow/.local/lib/python3.7/site-packages/airflow/example_dags/example_subdag_operator.py
[2022-07-27 12:50:48,289] {processor.py:641} INFO - Processing file /home/airflow/.local/lib/python3.7/site-packages/airflow/example_dags/example_subdag_operator.py for tasks to queue
[2022-07-27 12:50:48,294] {logging_mixin.py:115} INFO - [2022-07-27 12:50:48,294] {dagbag.py:507} INFO - Filling up the DagBag from /home/airflow/.local/lib/python3.7/site-packages/airflow/example_dags/example_subdag_operator.py
[2022-07-27 12:50:48,349] {processor.py:651} INFO - DAG(s) dict_keys(['example_subdag_operator.section-1', 'example_subdag_operator.section-2', 'example_subdag_operator']) retrieved from /home/airflow/.local/lib/python3.7/site-packages/airflow/example_dags/example_subdag_operator.py
[2022-07-27 12:50:48,406] {logging_mixin.py:115} INFO - [2022-07-27 12:50:48,406] {dag.py:2379} INFO - Sync 3 DAGs
[2022-07-27 12:50:48,442] {logging_mixin.py:115} INFO - [2022-07-27 12:50:48,442] {dag.py:2931} INFO - Setting next_dagrun for example_subdag_operator to 2022-01-01T00:00:00+00:00, run_after=2022-01-01T00:00:00+00:00
[2022-07-27 12:50:48,444] {logging_mixin.py:115} INFO - [2022-07-27 12:50:48,444] {dag.py:2931} INFO - Setting next_dagrun for example_subdag_operator.section-1 to None, run_after=None
[2022-07-27 12:50:48,445] {logging_mixin.py:115} INFO - [2022-07-27 12:50:48,445] {dag.py:2931} INFO - Setting next_dagrun for example_subdag_operator.section-2 to None, run_after=None
[2022-07-27 12:50:48,455] {logging_mixin.py:115} INFO - [2022-07-27 12:50:48,455] {dag.py:2379} INFO - Sync 2 DAGs
[2022-07-27 12:50:48,463] {logging_mixin.py:115} INFO - [2022-07-27 12:50:48,463] {dag.py:2931} INFO - Setting next_dagrun for example_subdag_operator.section-1 to None, run_after=None
[2022-07-27 12:50:48,465] {logging_mixin.py:115} INFO - [2022-07-27 12:50:48,465] {dag.py:2931} INFO - Setting next_dagrun for example_subdag_operator.section-2 to None, run_after=None
[2022-07-27 12:50:48,479] {processor.py:161} INFO - Processing /home/airflow/.local/lib/python3.7/site-packages/airflow/example_dags/example_subdag_operator.py took 0.194 seconds
[2022-07-27 12:51:19,413] {processor.py:153} INFO - Started process (PID=184) to work on /home/airflow/.local/lib/python3.7/site-packages/airflow/example_dags/example_subdag_operator.py
[2022-07-27 12:51:19,415] {processor.py:641} INFO - Processing file /home/airflow/.local/lib/python3.7/site-packages/airflow/example_dags/example_subdag_operator.py for tasks to queue
[2022-07-27 12:51:19,416] {logging_mixin.py:115} INFO - [2022-07-27 12:51:19,416] {dagbag.py:507} INFO - Filling up the DagBag from /home/airflow/.local/lib/python3.7/site-packages/airflow/example_dags/example_subdag_operator.py
[2022-07-27 12:51:19,443] {processor.py:651} INFO - DAG(s) dict_keys(['example_subdag_operator.section-1', 'example_subdag_operator.section-2', 'example_subdag_operator']) retrieved from /home/airflow/.local/lib/python3.7/site-packages/airflow/example_dags/example_subdag_operator.py
[2022-07-27 12:51:19,469] {logging_mixin.py:115} INFO - [2022-07-27 12:51:19,469] {dag.py:2379} INFO - Sync 3 DAGs
[2022-07-27 12:51:19,489] {logging_mixin.py:115} INFO - [2022-07-27 12:51:19,489] {dag.py:2931} INFO - Setting next_dagrun for example_subdag_operator to 2022-01-01T00:00:00+00:00, run_after=2022-01-01T00:00:00+00:00
[2022-07-27 12:51:19,490] {logging_mixin.py:115} INFO - [2022-07-27 12:51:19,490] {dag.py:2931} INFO - Setting next_dagrun for example_subdag_operator.section-1 to None, run_after=None
[2022-07-27 12:51:19,492] {logging_mixin.py:115} INFO - [2022-07-27 12:51:19,492] {dag.py:2931} INFO - Setting next_dagrun for example_subdag_operator.section-2 to None, run_after=None
[2022-07-27 12:51:19,501] {logging_mixin.py:115} INFO - [2022-07-27 12:51:19,501] {dag.py:2379} INFO - Sync 2 DAGs
[2022-07-27 12:51:19,508] {logging_mixin.py:115} INFO - [2022-07-27 12:51:19,507] {dag.py:2931} INFO - Setting next_dagrun for example_subdag_operator.section-1 to None, run_after=None
[2022-07-27 12:51:19,509] {logging_mixin.py:115} INFO - [2022-07-27 12:51:19,509] {dag.py:2931} INFO - Setting next_dagrun for example_subdag_operator.section-2 to None, run_after=None
[2022-07-27 12:51:19,527] {processor.py:161} INFO - Processing /home/airflow/.local/lib/python3.7/site-packages/airflow/example_dags/example_subdag_operator.py took 0.117 seconds
[2022-07-27 12:51:50,711] {processor.py:153} INFO - Started process (PID=244) to work on /home/airflow/.local/lib/python3.7/site-packages/airflow/example_dags/example_subdag_operator.py
[2022-07-27 12:51:50,715] {processor.py:641} INFO - Processing file /home/airflow/.local/lib/python3.7/site-packages/airflow/example_dags/example_subdag_operator.py for tasks to queue
[2022-07-27 12:51:50,718] {logging_mixin.py:115} INFO - [2022-07-27 12:51:50,718] {dagbag.py:507} INFO - Filling up the DagBag from /home/airflow/.local/lib/python3.7/site-packages/airflow/example_dags/example_subdag_operator.py
[2022-07-27 12:51:50,751] {processor.py:651} INFO - DAG(s) dict_keys(['example_subdag_operator.section-1', 'example_subdag_operator.section-2', 'example_subdag_operator']) retrieved from /home/airflow/.local/lib/python3.7/site-packages/airflow/example_dags/example_subdag_operator.py
[2022-07-27 12:51:50,800] {logging_mixin.py:115} INFO - [2022-07-27 12:51:50,800] {dag.py:2379} INFO - Sync 3 DAGs
[2022-07-27 12:51:50,827] {logging_mixin.py:115} INFO - [2022-07-27 12:51:50,827] {dag.py:2931} INFO - Setting next_dagrun for example_subdag_operator to 2022-01-01T00:00:00+00:00, run_after=2022-01-01T00:00:00+00:00
[2022-07-27 12:51:50,829] {logging_mixin.py:115} INFO - [2022-07-27 12:51:50,829] {dag.py:2931} INFO - Setting next_dagrun for example_subdag_operator.section-1 to None, run_after=None
[2022-07-27 12:51:50,831] {logging_mixin.py:115} INFO - [2022-07-27 12:51:50,831] {dag.py:2931} INFO - Setting next_dagrun for example_subdag_operator.section-2 to None, run_after=None
[2022-07-27 12:51:50,845] {logging_mixin.py:115} INFO - [2022-07-27 12:51:50,845] {dag.py:2379} INFO - Sync 2 DAGs
[2022-07-27 12:51:50,852] {logging_mixin.py:115} INFO - [2022-07-27 12:51:50,852] {dag.py:2931} INFO - Setting next_dagrun for example_subdag_operator.section-1 to None, run_after=None
[2022-07-27 12:51:50,854] {logging_mixin.py:115} INFO - [2022-07-27 12:51:50,854] {dag.py:2931} INFO - Setting next_dagrun for example_subdag_operator.section-2 to None, run_after=None
[2022-07-27 12:51:50,876] {processor.py:161} INFO - Processing /home/airflow/.local/lib/python3.7/site-packages/airflow/example_dags/example_subdag_operator.py took 0.167 seconds
[2022-07-27 12:52:21,974] {processor.py:153} INFO - Started process (PID=297) to work on /home/airflow/.local/lib/python3.7/site-packages/airflow/example_dags/example_subdag_operator.py
[2022-07-27 12:52:21,977] {processor.py:641} INFO - Processing file /home/airflow/.local/lib/python3.7/site-packages/airflow/example_dags/example_subdag_operator.py for tasks to queue
[2022-07-27 12:52:21,979] {logging_mixin.py:115} INFO - [2022-07-27 12:52:21,979] {dagbag.py:507} INFO - Filling up the DagBag from /home/airflow/.local/lib/python3.7/site-packages/airflow/example_dags/example_subdag_operator.py
[2022-07-27 12:52:22,015] {processor.py:651} INFO - DAG(s) dict_keys(['example_subdag_operator.section-1', 'example_subdag_operator.section-2', 'example_subdag_operator']) retrieved from /home/airflow/.local/lib/python3.7/site-packages/airflow/example_dags/example_subdag_operator.py
[2022-07-27 12:52:22,056] {logging_mixin.py:115} INFO - [2022-07-27 12:52:22,056] {dag.py:2379} INFO - Sync 3 DAGs
[2022-07-27 12:52:22,088] {logging_mixin.py:115} INFO - [2022-07-27 12:52:22,088] {dag.py:2931} INFO - Setting next_dagrun for example_subdag_operator to 2022-01-01T00:00:00+00:00, run_after=2022-01-01T00:00:00+00:00
[2022-07-27 12:52:22,090] {logging_mixin.py:115} INFO - [2022-07-27 12:52:22,090] {dag.py:2931} INFO - Setting next_dagrun for example_subdag_operator.section-1 to None, run_after=None
[2022-07-27 12:52:22,091] {logging_mixin.py:115} INFO - [2022-07-27 12:52:22,091] {dag.py:2931} INFO - Setting next_dagrun for example_subdag_operator.section-2 to None, run_after=None
[2022-07-27 12:52:22,101] {logging_mixin.py:115} INFO - [2022-07-27 12:52:22,101] {dag.py:2379} INFO - Sync 2 DAGs
[2022-07-27 12:52:22,109] {logging_mixin.py:115} INFO - [2022-07-27 12:52:22,109] {dag.py:2931} INFO - Setting next_dagrun for example_subdag_operator.section-1 to None, run_after=None
[2022-07-27 12:52:22,110] {logging_mixin.py:115} INFO - [2022-07-27 12:52:22,110] {dag.py:2931} INFO - Setting next_dagrun for example_subdag_operator.section-2 to None, run_after=None
[2022-07-27 12:52:22,117] {processor.py:161} INFO - Processing /home/airflow/.local/lib/python3.7/site-packages/airflow/example_dags/example_subdag_operator.py took 0.146 seconds
[2022-07-27 12:52:52,821] {processor.py:153} INFO - Started process (PID=357) to work on /home/airflow/.local/lib/python3.7/site-packages/airflow/example_dags/example_subdag_operator.py
[2022-07-27 12:52:52,823] {processor.py:641} INFO - Processing file /home/airflow/.local/lib/python3.7/site-packages/airflow/example_dags/example_subdag_operator.py for tasks to queue
[2022-07-27 12:52:52,825] {logging_mixin.py:115} INFO - [2022-07-27 12:52:52,825] {dagbag.py:507} INFO - Filling up the DagBag from /home/airflow/.local/lib/python3.7/site-packages/airflow/example_dags/example_subdag_operator.py
[2022-07-27 12:52:52,856] {processor.py:651} INFO - DAG(s) dict_keys(['example_subdag_operator.section-1', 'example_subdag_operator.section-2', 'example_subdag_operator']) retrieved from /home/airflow/.local/lib/python3.7/site-packages/airflow/example_dags/example_subdag_operator.py
[2022-07-27 12:52:52,899] {logging_mixin.py:115} INFO - [2022-07-27 12:52:52,899] {dag.py:2379} INFO - Sync 3 DAGs
[2022-07-27 12:52:52,922] {logging_mixin.py:115} INFO - [2022-07-27 12:52:52,922] {dag.py:2931} INFO - Setting next_dagrun for example_subdag_operator to 2022-01-01T00:00:00+00:00, run_after=2022-01-01T00:00:00+00:00
[2022-07-27 12:52:52,927] {logging_mixin.py:115} INFO - [2022-07-27 12:52:52,927] {dag.py:2931} INFO - Setting next_dagrun for example_subdag_operator.section-1 to None, run_after=None
[2022-07-27 12:52:52,930] {logging_mixin.py:115} INFO - [2022-07-27 12:52:52,929] {dag.py:2931} INFO - Setting next_dagrun for example_subdag_operator.section-2 to None, run_after=None
[2022-07-27 12:52:52,938] {logging_mixin.py:115} INFO - [2022-07-27 12:52:52,938] {dag.py:2379} INFO - Sync 2 DAGs
[2022-07-27 12:52:52,943] {logging_mixin.py:115} INFO - [2022-07-27 12:52:52,943] {dag.py:2931} INFO - Setting next_dagrun for example_subdag_operator.section-1 to None, run_after=None
[2022-07-27 12:52:52,947] {logging_mixin.py:115} INFO - [2022-07-27 12:52:52,947] {dag.py:2931} INFO - Setting next_dagrun for example_subdag_operator.section-2 to None, run_after=None
[2022-07-27 12:52:52,955] {processor.py:161} INFO - Processing /home/airflow/.local/lib/python3.7/site-packages/airflow/example_dags/example_subdag_operator.py took 0.136 seconds
[2022-07-27 12:53:23,614] {processor.py:153} INFO - Started process (PID=417) to work on /home/airflow/.local/lib/python3.7/site-packages/airflow/example_dags/example_subdag_operator.py
[2022-07-27 12:53:23,616] {processor.py:641} INFO - Processing file /home/airflow/.local/lib/python3.7/site-packages/airflow/example_dags/example_subdag_operator.py for tasks to queue
[2022-07-27 12:53:23,619] {logging_mixin.py:115} INFO - [2022-07-27 12:53:23,619] {dagbag.py:507} INFO - Filling up the DagBag from /home/airflow/.local/lib/python3.7/site-packages/airflow/example_dags/example_subdag_operator.py
[2022-07-27 12:53:23,645] {processor.py:651} INFO - DAG(s) dict_keys(['example_subdag_operator.section-1', 'example_subdag_operator.section-2', 'example_subdag_operator']) retrieved from /home/airflow/.local/lib/python3.7/site-packages/airflow/example_dags/example_subdag_operator.py
[2022-07-27 12:53:23,681] {logging_mixin.py:115} INFO - [2022-07-27 12:53:23,681] {dag.py:2379} INFO - Sync 3 DAGs
[2022-07-27 12:53:23,706] {logging_mixin.py:115} INFO - [2022-07-27 12:53:23,706] {dag.py:2931} INFO - Setting next_dagrun for example_subdag_operator to 2022-01-01T00:00:00+00:00, run_after=2022-01-01T00:00:00+00:00
[2022-07-27 12:53:23,707] {logging_mixin.py:115} INFO - [2022-07-27 12:53:23,707] {dag.py:2931} INFO - Setting next_dagrun for example_subdag_operator.section-1 to None, run_after=None
[2022-07-27 12:53:23,711] {logging_mixin.py:115} INFO - [2022-07-27 12:53:23,711] {dag.py:2931} INFO - Setting next_dagrun for example_subdag_operator.section-2 to None, run_after=None
[2022-07-27 12:53:23,756] {logging_mixin.py:115} INFO - [2022-07-27 12:53:23,756] {dag.py:2379} INFO - Sync 2 DAGs
[2022-07-27 12:53:23,774] {logging_mixin.py:115} INFO - [2022-07-27 12:53:23,774] {dag.py:2931} INFO - Setting next_dagrun for example_subdag_operator.section-1 to None, run_after=None
[2022-07-27 12:53:23,778] {logging_mixin.py:115} INFO - [2022-07-27 12:53:23,778] {dag.py:2931} INFO - Setting next_dagrun for example_subdag_operator.section-2 to None, run_after=None
[2022-07-27 12:53:23,786] {processor.py:161} INFO - Processing /home/airflow/.local/lib/python3.7/site-packages/airflow/example_dags/example_subdag_operator.py took 0.175 seconds
[2022-07-27 12:53:53,987] {processor.py:153} INFO - Started process (PID=479) to work on /home/airflow/.local/lib/python3.7/site-packages/airflow/example_dags/example_subdag_operator.py
[2022-07-27 12:53:53,989] {processor.py:641} INFO - Processing file /home/airflow/.local/lib/python3.7/site-packages/airflow/example_dags/example_subdag_operator.py for tasks to queue
[2022-07-27 12:53:53,990] {logging_mixin.py:115} INFO - [2022-07-27 12:53:53,990] {dagbag.py:507} INFO - Filling up the DagBag from /home/airflow/.local/lib/python3.7/site-packages/airflow/example_dags/example_subdag_operator.py
[2022-07-27 12:53:54,011] {processor.py:651} INFO - DAG(s) dict_keys(['example_subdag_operator.section-1', 'example_subdag_operator.section-2', 'example_subdag_operator']) retrieved from /home/airflow/.local/lib/python3.7/site-packages/airflow/example_dags/example_subdag_operator.py
[2022-07-27 12:53:54,031] {logging_mixin.py:115} INFO - [2022-07-27 12:53:54,031] {dag.py:2379} INFO - Sync 3 DAGs
[2022-07-27 12:53:54,045] {logging_mixin.py:115} INFO - [2022-07-27 12:53:54,045] {dag.py:2931} INFO - Setting next_dagrun for example_subdag_operator to 2022-01-01T00:00:00+00:00, run_after=2022-01-01T00:00:00+00:00
[2022-07-27 12:53:54,047] {logging_mixin.py:115} INFO - [2022-07-27 12:53:54,047] {dag.py:2931} INFO - Setting next_dagrun for example_subdag_operator.section-1 to None, run_after=None
[2022-07-27 12:53:54,048] {logging_mixin.py:115} INFO - [2022-07-27 12:53:54,048] {dag.py:2931} INFO - Setting next_dagrun for example_subdag_operator.section-2 to None, run_after=None
[2022-07-27 12:53:54,054] {logging_mixin.py:115} INFO - [2022-07-27 12:53:54,054] {dag.py:2379} INFO - Sync 2 DAGs
[2022-07-27 12:53:54,060] {logging_mixin.py:115} INFO - [2022-07-27 12:53:54,060] {dag.py:2931} INFO - Setting next_dagrun for example_subdag_operator.section-1 to None, run_after=None
[2022-07-27 12:53:54,061] {logging_mixin.py:115} INFO - [2022-07-27 12:53:54,061] {dag.py:2931} INFO - Setting next_dagrun for example_subdag_operator.section-2 to None, run_after=None
[2022-07-27 12:53:54,067] {processor.py:161} INFO - Processing /home/airflow/.local/lib/python3.7/site-packages/airflow/example_dags/example_subdag_operator.py took 0.082 seconds
