[2022-08-02 07:45:39,062] {processor.py:153} INFO - Started process (PID=46) to work on /home/airflow/.local/lib/python3.7/site-packages/airflow/example_dags/example_task_group.py
[2022-08-02 07:45:39,063] {processor.py:641} INFO - Processing file /home/airflow/.local/lib/python3.7/site-packages/airflow/example_dags/example_task_group.py for tasks to queue
[2022-08-02 07:45:39,066] {logging_mixin.py:115} INFO - [2022-08-02 07:45:39,065] {dagbag.py:507} INFO - Filling up the DagBag from /home/airflow/.local/lib/python3.7/site-packages/airflow/example_dags/example_task_group.py
[2022-08-02 07:45:39,081] {processor.py:651} INFO - DAG(s) dict_keys(['example_task_group']) retrieved from /home/airflow/.local/lib/python3.7/site-packages/airflow/example_dags/example_task_group.py
[2022-08-02 07:45:39,154] {logging_mixin.py:115} INFO - [2022-08-02 07:45:39,153] {dag.py:2379} INFO - Sync 1 DAGs
[2022-08-02 07:45:39,201] {logging_mixin.py:115} INFO - [2022-08-02 07:45:39,201] {dag.py:2931} INFO - Setting next_dagrun for example_task_group to 2022-08-01T07:45:39.201614+00:00, run_after=2022-08-02T07:45:39.201614+00:00
[2022-08-02 07:45:39,233] {processor.py:161} INFO - Processing /home/airflow/.local/lib/python3.7/site-packages/airflow/example_dags/example_task_group.py took 0.175 seconds
[2022-08-02 07:46:10,343] {processor.py:153} INFO - Started process (PID=99) to work on /home/airflow/.local/lib/python3.7/site-packages/airflow/example_dags/example_task_group.py
[2022-08-02 07:46:10,370] {processor.py:641} INFO - Processing file /home/airflow/.local/lib/python3.7/site-packages/airflow/example_dags/example_task_group.py for tasks to queue
[2022-08-02 07:46:10,381] {logging_mixin.py:115} INFO - [2022-08-02 07:46:10,381] {dagbag.py:507} INFO - Filling up the DagBag from /home/airflow/.local/lib/python3.7/site-packages/airflow/example_dags/example_task_group.py
[2022-08-02 07:46:10,428] {processor.py:651} INFO - DAG(s) dict_keys(['example_task_group']) retrieved from /home/airflow/.local/lib/python3.7/site-packages/airflow/example_dags/example_task_group.py
[2022-08-02 07:46:10,478] {logging_mixin.py:115} INFO - [2022-08-02 07:46:10,478] {dag.py:2379} INFO - Sync 1 DAGs
[2022-08-02 07:46:10,540] {logging_mixin.py:115} INFO - [2022-08-02 07:46:10,540] {dag.py:2931} INFO - Setting next_dagrun for example_task_group to 2022-08-01T07:46:10.540405+00:00, run_after=2022-08-02T07:46:10.540405+00:00
[2022-08-02 07:46:10,567] {processor.py:161} INFO - Processing /home/airflow/.local/lib/python3.7/site-packages/airflow/example_dags/example_task_group.py took 0.227 seconds
[2022-08-02 07:46:40,680] {processor.py:153} INFO - Started process (PID=160) to work on /home/airflow/.local/lib/python3.7/site-packages/airflow/example_dags/example_task_group.py
[2022-08-02 07:46:40,682] {processor.py:641} INFO - Processing file /home/airflow/.local/lib/python3.7/site-packages/airflow/example_dags/example_task_group.py for tasks to queue
[2022-08-02 07:46:40,684] {logging_mixin.py:115} INFO - [2022-08-02 07:46:40,684] {dagbag.py:507} INFO - Filling up the DagBag from /home/airflow/.local/lib/python3.7/site-packages/airflow/example_dags/example_task_group.py
[2022-08-02 07:46:40,698] {processor.py:651} INFO - DAG(s) dict_keys(['example_task_group']) retrieved from /home/airflow/.local/lib/python3.7/site-packages/airflow/example_dags/example_task_group.py
[2022-08-02 07:46:40,724] {logging_mixin.py:115} INFO - [2022-08-02 07:46:40,724] {dag.py:2379} INFO - Sync 1 DAGs
[2022-08-02 07:46:40,748] {logging_mixin.py:115} INFO - [2022-08-02 07:46:40,748] {dag.py:2931} INFO - Setting next_dagrun for example_task_group to 2022-08-01T07:46:40.748004+00:00, run_after=2022-08-02T07:46:40.748004+00:00
[2022-08-02 07:46:40,761] {processor.py:161} INFO - Processing /home/airflow/.local/lib/python3.7/site-packages/airflow/example_dags/example_task_group.py took 0.085 seconds
[2022-08-02 07:47:11,141] {processor.py:153} INFO - Started process (PID=213) to work on /home/airflow/.local/lib/python3.7/site-packages/airflow/example_dags/example_task_group.py
[2022-08-02 07:47:11,149] {processor.py:641} INFO - Processing file /home/airflow/.local/lib/python3.7/site-packages/airflow/example_dags/example_task_group.py for tasks to queue
[2022-08-02 07:47:11,152] {logging_mixin.py:115} INFO - [2022-08-02 07:47:11,152] {dagbag.py:507} INFO - Filling up the DagBag from /home/airflow/.local/lib/python3.7/site-packages/airflow/example_dags/example_task_group.py
[2022-08-02 07:47:11,173] {processor.py:651} INFO - DAG(s) dict_keys(['example_task_group']) retrieved from /home/airflow/.local/lib/python3.7/site-packages/airflow/example_dags/example_task_group.py
[2022-08-02 07:47:11,223] {logging_mixin.py:115} INFO - [2022-08-02 07:47:11,223] {dag.py:2379} INFO - Sync 1 DAGs
[2022-08-02 07:47:11,243] {logging_mixin.py:115} INFO - [2022-08-02 07:47:11,243] {dag.py:2931} INFO - Setting next_dagrun for example_task_group to 2022-08-01T07:47:11.243641+00:00, run_after=2022-08-02T07:47:11.243641+00:00
[2022-08-02 07:47:11,268] {processor.py:161} INFO - Processing /home/airflow/.local/lib/python3.7/site-packages/airflow/example_dags/example_task_group.py took 0.129 seconds
[2022-08-02 07:47:41,603] {processor.py:153} INFO - Started process (PID=274) to work on /home/airflow/.local/lib/python3.7/site-packages/airflow/example_dags/example_task_group.py
[2022-08-02 07:47:41,605] {processor.py:641} INFO - Processing file /home/airflow/.local/lib/python3.7/site-packages/airflow/example_dags/example_task_group.py for tasks to queue
[2022-08-02 07:47:41,607] {logging_mixin.py:115} INFO - [2022-08-02 07:47:41,607] {dagbag.py:507} INFO - Filling up the DagBag from /home/airflow/.local/lib/python3.7/site-packages/airflow/example_dags/example_task_group.py
[2022-08-02 07:47:41,636] {processor.py:651} INFO - DAG(s) dict_keys(['example_task_group']) retrieved from /home/airflow/.local/lib/python3.7/site-packages/airflow/example_dags/example_task_group.py
[2022-08-02 07:47:41,674] {logging_mixin.py:115} INFO - [2022-08-02 07:47:41,674] {dag.py:2379} INFO - Sync 1 DAGs
[2022-08-02 07:47:41,703] {logging_mixin.py:115} INFO - [2022-08-02 07:47:41,703] {dag.py:2931} INFO - Setting next_dagrun for example_task_group to 2022-08-01T07:47:41.703550+00:00, run_after=2022-08-02T07:47:41.703550+00:00
[2022-08-02 07:47:41,721] {processor.py:161} INFO - Processing /home/airflow/.local/lib/python3.7/site-packages/airflow/example_dags/example_task_group.py took 0.121 seconds
[2022-08-02 07:48:12,086] {processor.py:153} INFO - Started process (PID=334) to work on /home/airflow/.local/lib/python3.7/site-packages/airflow/example_dags/example_task_group.py
[2022-08-02 07:48:12,087] {processor.py:641} INFO - Processing file /home/airflow/.local/lib/python3.7/site-packages/airflow/example_dags/example_task_group.py for tasks to queue
[2022-08-02 07:48:12,089] {logging_mixin.py:115} INFO - [2022-08-02 07:48:12,089] {dagbag.py:507} INFO - Filling up the DagBag from /home/airflow/.local/lib/python3.7/site-packages/airflow/example_dags/example_task_group.py
[2022-08-02 07:48:12,112] {processor.py:651} INFO - DAG(s) dict_keys(['example_task_group']) retrieved from /home/airflow/.local/lib/python3.7/site-packages/airflow/example_dags/example_task_group.py
[2022-08-02 07:48:12,174] {logging_mixin.py:115} INFO - [2022-08-02 07:48:12,174] {dag.py:2379} INFO - Sync 1 DAGs
[2022-08-02 07:48:12,225] {logging_mixin.py:115} INFO - [2022-08-02 07:48:12,225] {dag.py:2931} INFO - Setting next_dagrun for example_task_group to 2022-08-01T07:48:12.225096+00:00, run_after=2022-08-02T07:48:12.225096+00:00
[2022-08-02 07:48:12,259] {processor.py:161} INFO - Processing /home/airflow/.local/lib/python3.7/site-packages/airflow/example_dags/example_task_group.py took 0.176 seconds
[2022-08-02 07:48:42,946] {processor.py:153} INFO - Started process (PID=387) to work on /home/airflow/.local/lib/python3.7/site-packages/airflow/example_dags/example_task_group.py
[2022-08-02 07:48:42,948] {processor.py:641} INFO - Processing file /home/airflow/.local/lib/python3.7/site-packages/airflow/example_dags/example_task_group.py for tasks to queue
[2022-08-02 07:48:42,949] {logging_mixin.py:115} INFO - [2022-08-02 07:48:42,949] {dagbag.py:507} INFO - Filling up the DagBag from /home/airflow/.local/lib/python3.7/site-packages/airflow/example_dags/example_task_group.py
[2022-08-02 07:48:42,959] {processor.py:651} INFO - DAG(s) dict_keys(['example_task_group']) retrieved from /home/airflow/.local/lib/python3.7/site-packages/airflow/example_dags/example_task_group.py
[2022-08-02 07:48:43,003] {logging_mixin.py:115} INFO - [2022-08-02 07:48:43,003] {dag.py:2379} INFO - Sync 1 DAGs
[2022-08-02 07:48:43,039] {logging_mixin.py:115} INFO - [2022-08-02 07:48:43,039] {dag.py:2931} INFO - Setting next_dagrun for example_task_group to 2022-08-01T07:48:43.038783+00:00, run_after=2022-08-02T07:48:43.038783+00:00
[2022-08-02 07:48:43,051] {processor.py:161} INFO - Processing /home/airflow/.local/lib/python3.7/site-packages/airflow/example_dags/example_task_group.py took 0.107 seconds
[2022-08-02 07:49:13,475] {processor.py:153} INFO - Started process (PID=448) to work on /home/airflow/.local/lib/python3.7/site-packages/airflow/example_dags/example_task_group.py
[2022-08-02 07:49:13,478] {processor.py:641} INFO - Processing file /home/airflow/.local/lib/python3.7/site-packages/airflow/example_dags/example_task_group.py for tasks to queue
[2022-08-02 07:49:13,481] {logging_mixin.py:115} INFO - [2022-08-02 07:49:13,481] {dagbag.py:507} INFO - Filling up the DagBag from /home/airflow/.local/lib/python3.7/site-packages/airflow/example_dags/example_task_group.py
[2022-08-02 07:49:13,498] {processor.py:651} INFO - DAG(s) dict_keys(['example_task_group']) retrieved from /home/airflow/.local/lib/python3.7/site-packages/airflow/example_dags/example_task_group.py
[2022-08-02 07:49:13,549] {logging_mixin.py:115} INFO - [2022-08-02 07:49:13,549] {dag.py:2379} INFO - Sync 1 DAGs
[2022-08-02 07:49:13,584] {logging_mixin.py:115} INFO - [2022-08-02 07:49:13,583] {dag.py:2931} INFO - Setting next_dagrun for example_task_group to 2022-08-01T07:49:13.583600+00:00, run_after=2022-08-02T07:49:13.583600+00:00
[2022-08-02 07:49:13,617] {processor.py:161} INFO - Processing /home/airflow/.local/lib/python3.7/site-packages/airflow/example_dags/example_task_group.py took 0.145 seconds
[2022-08-02 07:49:43,804] {processor.py:153} INFO - Started process (PID=509) to work on /home/airflow/.local/lib/python3.7/site-packages/airflow/example_dags/example_task_group.py
[2022-08-02 07:49:43,810] {processor.py:641} INFO - Processing file /home/airflow/.local/lib/python3.7/site-packages/airflow/example_dags/example_task_group.py for tasks to queue
[2022-08-02 07:49:43,813] {logging_mixin.py:115} INFO - [2022-08-02 07:49:43,813] {dagbag.py:507} INFO - Filling up the DagBag from /home/airflow/.local/lib/python3.7/site-packages/airflow/example_dags/example_task_group.py
[2022-08-02 07:49:43,832] {processor.py:651} INFO - DAG(s) dict_keys(['example_task_group']) retrieved from /home/airflow/.local/lib/python3.7/site-packages/airflow/example_dags/example_task_group.py
[2022-08-02 07:49:43,888] {logging_mixin.py:115} INFO - [2022-08-02 07:49:43,888] {dag.py:2379} INFO - Sync 1 DAGs
[2022-08-02 07:49:43,928] {logging_mixin.py:115} INFO - [2022-08-02 07:49:43,928] {dag.py:2931} INFO - Setting next_dagrun for example_task_group to 2022-08-01T07:49:43.928471+00:00, run_after=2022-08-02T07:49:43.928471+00:00
[2022-08-02 07:49:43,945] {processor.py:161} INFO - Processing /home/airflow/.local/lib/python3.7/site-packages/airflow/example_dags/example_task_group.py took 0.144 seconds
[2022-08-02 07:50:14,507] {processor.py:153} INFO - Started process (PID=562) to work on /home/airflow/.local/lib/python3.7/site-packages/airflow/example_dags/example_task_group.py
[2022-08-02 07:50:14,509] {processor.py:641} INFO - Processing file /home/airflow/.local/lib/python3.7/site-packages/airflow/example_dags/example_task_group.py for tasks to queue
[2022-08-02 07:50:14,511] {logging_mixin.py:115} INFO - [2022-08-02 07:50:14,511] {dagbag.py:507} INFO - Filling up the DagBag from /home/airflow/.local/lib/python3.7/site-packages/airflow/example_dags/example_task_group.py
[2022-08-02 07:50:14,519] {processor.py:651} INFO - DAG(s) dict_keys(['example_task_group']) retrieved from /home/airflow/.local/lib/python3.7/site-packages/airflow/example_dags/example_task_group.py
[2022-08-02 07:50:14,554] {logging_mixin.py:115} INFO - [2022-08-02 07:50:14,554] {dag.py:2379} INFO - Sync 1 DAGs
[2022-08-02 07:50:14,573] {logging_mixin.py:115} INFO - [2022-08-02 07:50:14,573] {dag.py:2931} INFO - Setting next_dagrun for example_task_group to 2022-08-01T07:50:14.572728+00:00, run_after=2022-08-02T07:50:14.572728+00:00
[2022-08-02 07:50:14,582] {processor.py:161} INFO - Processing /home/airflow/.local/lib/python3.7/site-packages/airflow/example_dags/example_task_group.py took 0.077 seconds
[2022-08-02 07:50:45,146] {processor.py:153} INFO - Started process (PID=623) to work on /home/airflow/.local/lib/python3.7/site-packages/airflow/example_dags/example_task_group.py
[2022-08-02 07:50:45,148] {processor.py:641} INFO - Processing file /home/airflow/.local/lib/python3.7/site-packages/airflow/example_dags/example_task_group.py for tasks to queue
[2022-08-02 07:50:45,149] {logging_mixin.py:115} INFO - [2022-08-02 07:50:45,149] {dagbag.py:507} INFO - Filling up the DagBag from /home/airflow/.local/lib/python3.7/site-packages/airflow/example_dags/example_task_group.py
[2022-08-02 07:50:45,156] {processor.py:651} INFO - DAG(s) dict_keys(['example_task_group']) retrieved from /home/airflow/.local/lib/python3.7/site-packages/airflow/example_dags/example_task_group.py
[2022-08-02 07:50:45,198] {logging_mixin.py:115} INFO - [2022-08-02 07:50:45,198] {dag.py:2379} INFO - Sync 1 DAGs
[2022-08-02 07:50:45,222] {logging_mixin.py:115} INFO - [2022-08-02 07:50:45,222] {dag.py:2931} INFO - Setting next_dagrun for example_task_group to 2022-08-01T07:50:45.222491+00:00, run_after=2022-08-02T07:50:45.222491+00:00
[2022-08-02 07:50:45,238] {processor.py:161} INFO - Processing /home/airflow/.local/lib/python3.7/site-packages/airflow/example_dags/example_task_group.py took 0.095 seconds
[2022-08-02 07:51:15,496] {processor.py:153} INFO - Started process (PID=684) to work on /home/airflow/.local/lib/python3.7/site-packages/airflow/example_dags/example_task_group.py
[2022-08-02 07:51:15,498] {processor.py:641} INFO - Processing file /home/airflow/.local/lib/python3.7/site-packages/airflow/example_dags/example_task_group.py for tasks to queue
[2022-08-02 07:51:15,499] {logging_mixin.py:115} INFO - [2022-08-02 07:51:15,499] {dagbag.py:507} INFO - Filling up the DagBag from /home/airflow/.local/lib/python3.7/site-packages/airflow/example_dags/example_task_group.py
[2022-08-02 07:51:15,539] {processor.py:651} INFO - DAG(s) dict_keys(['example_task_group']) retrieved from /home/airflow/.local/lib/python3.7/site-packages/airflow/example_dags/example_task_group.py
[2022-08-02 07:51:15,589] {logging_mixin.py:115} INFO - [2022-08-02 07:51:15,589] {dag.py:2379} INFO - Sync 1 DAGs
[2022-08-02 07:51:15,633] {logging_mixin.py:115} INFO - [2022-08-02 07:51:15,633] {dag.py:2931} INFO - Setting next_dagrun for example_task_group to 2022-08-01T07:51:15.633170+00:00, run_after=2022-08-02T07:51:15.633170+00:00
[2022-08-02 07:51:15,661] {processor.py:161} INFO - Processing /home/airflow/.local/lib/python3.7/site-packages/airflow/example_dags/example_task_group.py took 0.168 seconds
[2022-08-02 07:51:45,744] {processor.py:153} INFO - Started process (PID=746) to work on /home/airflow/.local/lib/python3.7/site-packages/airflow/example_dags/example_task_group.py
[2022-08-02 07:51:45,745] {processor.py:641} INFO - Processing file /home/airflow/.local/lib/python3.7/site-packages/airflow/example_dags/example_task_group.py for tasks to queue
[2022-08-02 07:51:45,747] {logging_mixin.py:115} INFO - [2022-08-02 07:51:45,747] {dagbag.py:507} INFO - Filling up the DagBag from /home/airflow/.local/lib/python3.7/site-packages/airflow/example_dags/example_task_group.py
[2022-08-02 07:51:45,759] {processor.py:651} INFO - DAG(s) dict_keys(['example_task_group']) retrieved from /home/airflow/.local/lib/python3.7/site-packages/airflow/example_dags/example_task_group.py
[2022-08-02 07:51:45,803] {logging_mixin.py:115} INFO - [2022-08-02 07:51:45,803] {dag.py:2379} INFO - Sync 1 DAGs
[2022-08-02 07:51:45,838] {logging_mixin.py:115} INFO - [2022-08-02 07:51:45,838] {dag.py:2931} INFO - Setting next_dagrun for example_task_group to 2022-08-01T07:51:45.838195+00:00, run_after=2022-08-02T07:51:45.838195+00:00
[2022-08-02 07:51:45,857] {processor.py:161} INFO - Processing /home/airflow/.local/lib/python3.7/site-packages/airflow/example_dags/example_task_group.py took 0.121 seconds
