[2022-08-02 07:45:40,045] {processor.py:153} INFO - Started process (PID=52) to work on /home/airflow/.local/lib/python3.7/site-packages/airflow/example_dags/tutorial_etl_dag.py
[2022-08-02 07:45:40,048] {processor.py:641} INFO - Processing file /home/airflow/.local/lib/python3.7/site-packages/airflow/example_dags/tutorial_etl_dag.py for tasks to queue
[2022-08-02 07:45:40,054] {logging_mixin.py:115} INFO - [2022-08-02 07:45:40,054] {dagbag.py:507} INFO - Filling up the DagBag from /home/airflow/.local/lib/python3.7/site-packages/airflow/example_dags/tutorial_etl_dag.py
[2022-08-02 07:45:40,062] {processor.py:651} INFO - DAG(s) dict_keys(['tutorial_etl_dag']) retrieved from /home/airflow/.local/lib/python3.7/site-packages/airflow/example_dags/tutorial_etl_dag.py
[2022-08-02 07:45:40,183] {logging_mixin.py:115} INFO - [2022-08-02 07:45:40,183] {dag.py:2379} INFO - Sync 1 DAGs
[2022-08-02 07:45:40,244] {logging_mixin.py:115} INFO - [2022-08-02 07:45:40,244] {dag.py:2931} INFO - Setting next_dagrun for tutorial_etl_dag to None, run_after=None
[2022-08-02 07:45:40,279] {processor.py:161} INFO - Processing /home/airflow/.local/lib/python3.7/site-packages/airflow/example_dags/tutorial_etl_dag.py took 0.237 seconds
[2022-08-02 07:46:10,935] {processor.py:153} INFO - Started process (PID=104) to work on /home/airflow/.local/lib/python3.7/site-packages/airflow/example_dags/tutorial_etl_dag.py
[2022-08-02 07:46:10,939] {processor.py:641} INFO - Processing file /home/airflow/.local/lib/python3.7/site-packages/airflow/example_dags/tutorial_etl_dag.py for tasks to queue
[2022-08-02 07:46:10,942] {logging_mixin.py:115} INFO - [2022-08-02 07:46:10,942] {dagbag.py:507} INFO - Filling up the DagBag from /home/airflow/.local/lib/python3.7/site-packages/airflow/example_dags/tutorial_etl_dag.py
[2022-08-02 07:46:10,958] {processor.py:651} INFO - DAG(s) dict_keys(['tutorial_etl_dag']) retrieved from /home/airflow/.local/lib/python3.7/site-packages/airflow/example_dags/tutorial_etl_dag.py
[2022-08-02 07:46:11,032] {logging_mixin.py:115} INFO - [2022-08-02 07:46:11,032] {dag.py:2379} INFO - Sync 1 DAGs
[2022-08-02 07:46:11,083] {logging_mixin.py:115} INFO - [2022-08-02 07:46:11,083] {dag.py:2931} INFO - Setting next_dagrun for tutorial_etl_dag to None, run_after=None
[2022-08-02 07:46:11,134] {processor.py:161} INFO - Processing /home/airflow/.local/lib/python3.7/site-packages/airflow/example_dags/tutorial_etl_dag.py took 0.201 seconds
[2022-08-02 07:46:42,226] {processor.py:153} INFO - Started process (PID=166) to work on /home/airflow/.local/lib/python3.7/site-packages/airflow/example_dags/tutorial_etl_dag.py
[2022-08-02 07:46:42,235] {processor.py:641} INFO - Processing file /home/airflow/.local/lib/python3.7/site-packages/airflow/example_dags/tutorial_etl_dag.py for tasks to queue
[2022-08-02 07:46:42,237] {logging_mixin.py:115} INFO - [2022-08-02 07:46:42,237] {dagbag.py:507} INFO - Filling up the DagBag from /home/airflow/.local/lib/python3.7/site-packages/airflow/example_dags/tutorial_etl_dag.py
[2022-08-02 07:46:42,259] {processor.py:651} INFO - DAG(s) dict_keys(['tutorial_etl_dag']) retrieved from /home/airflow/.local/lib/python3.7/site-packages/airflow/example_dags/tutorial_etl_dag.py
[2022-08-02 07:46:42,316] {logging_mixin.py:115} INFO - [2022-08-02 07:46:42,316] {dag.py:2379} INFO - Sync 1 DAGs
[2022-08-02 07:46:42,355] {logging_mixin.py:115} INFO - [2022-08-02 07:46:42,355] {dag.py:2931} INFO - Setting next_dagrun for tutorial_etl_dag to None, run_after=None
[2022-08-02 07:46:42,379] {processor.py:161} INFO - Processing /home/airflow/.local/lib/python3.7/site-packages/airflow/example_dags/tutorial_etl_dag.py took 0.155 seconds
[2022-08-02 07:47:12,826] {processor.py:153} INFO - Started process (PID=225) to work on /home/airflow/.local/lib/python3.7/site-packages/airflow/example_dags/tutorial_etl_dag.py
[2022-08-02 07:47:12,839] {processor.py:641} INFO - Processing file /home/airflow/.local/lib/python3.7/site-packages/airflow/example_dags/tutorial_etl_dag.py for tasks to queue
[2022-08-02 07:47:12,841] {logging_mixin.py:115} INFO - [2022-08-02 07:47:12,841] {dagbag.py:507} INFO - Filling up the DagBag from /home/airflow/.local/lib/python3.7/site-packages/airflow/example_dags/tutorial_etl_dag.py
[2022-08-02 07:47:12,873] {processor.py:651} INFO - DAG(s) dict_keys(['tutorial_etl_dag']) retrieved from /home/airflow/.local/lib/python3.7/site-packages/airflow/example_dags/tutorial_etl_dag.py
[2022-08-02 07:47:12,953] {logging_mixin.py:115} INFO - [2022-08-02 07:47:12,953] {dag.py:2379} INFO - Sync 1 DAGs
[2022-08-02 07:47:13,011] {logging_mixin.py:115} INFO - [2022-08-02 07:47:13,011] {dag.py:2931} INFO - Setting next_dagrun for tutorial_etl_dag to None, run_after=None
[2022-08-02 07:47:13,047] {processor.py:161} INFO - Processing /home/airflow/.local/lib/python3.7/site-packages/airflow/example_dags/tutorial_etl_dag.py took 0.223 seconds
[2022-08-02 07:47:44,065] {processor.py:153} INFO - Started process (PID=280) to work on /home/airflow/.local/lib/python3.7/site-packages/airflow/example_dags/tutorial_etl_dag.py
[2022-08-02 07:47:44,067] {processor.py:641} INFO - Processing file /home/airflow/.local/lib/python3.7/site-packages/airflow/example_dags/tutorial_etl_dag.py for tasks to queue
[2022-08-02 07:47:44,069] {logging_mixin.py:115} INFO - [2022-08-02 07:47:44,069] {dagbag.py:507} INFO - Filling up the DagBag from /home/airflow/.local/lib/python3.7/site-packages/airflow/example_dags/tutorial_etl_dag.py
[2022-08-02 07:47:44,077] {processor.py:651} INFO - DAG(s) dict_keys(['tutorial_etl_dag']) retrieved from /home/airflow/.local/lib/python3.7/site-packages/airflow/example_dags/tutorial_etl_dag.py
[2022-08-02 07:47:44,119] {logging_mixin.py:115} INFO - [2022-08-02 07:47:44,119] {dag.py:2379} INFO - Sync 1 DAGs
[2022-08-02 07:47:44,150] {logging_mixin.py:115} INFO - [2022-08-02 07:47:44,150] {dag.py:2931} INFO - Setting next_dagrun for tutorial_etl_dag to None, run_after=None
[2022-08-02 07:47:44,167] {processor.py:161} INFO - Processing /home/airflow/.local/lib/python3.7/site-packages/airflow/example_dags/tutorial_etl_dag.py took 0.103 seconds
[2022-08-02 07:48:14,644] {processor.py:153} INFO - Started process (PID=341) to work on /home/airflow/.local/lib/python3.7/site-packages/airflow/example_dags/tutorial_etl_dag.py
[2022-08-02 07:48:14,646] {processor.py:641} INFO - Processing file /home/airflow/.local/lib/python3.7/site-packages/airflow/example_dags/tutorial_etl_dag.py for tasks to queue
[2022-08-02 07:48:14,647] {logging_mixin.py:115} INFO - [2022-08-02 07:48:14,647] {dagbag.py:507} INFO - Filling up the DagBag from /home/airflow/.local/lib/python3.7/site-packages/airflow/example_dags/tutorial_etl_dag.py
[2022-08-02 07:48:14,667] {processor.py:651} INFO - DAG(s) dict_keys(['tutorial_etl_dag']) retrieved from /home/airflow/.local/lib/python3.7/site-packages/airflow/example_dags/tutorial_etl_dag.py
[2022-08-02 07:48:14,696] {logging_mixin.py:115} INFO - [2022-08-02 07:48:14,696] {dag.py:2379} INFO - Sync 1 DAGs
[2022-08-02 07:48:14,739] {logging_mixin.py:115} INFO - [2022-08-02 07:48:14,739] {dag.py:2931} INFO - Setting next_dagrun for tutorial_etl_dag to None, run_after=None
[2022-08-02 07:48:14,766] {processor.py:161} INFO - Processing /home/airflow/.local/lib/python3.7/site-packages/airflow/example_dags/tutorial_etl_dag.py took 0.124 seconds
[2022-08-02 07:48:45,226] {processor.py:153} INFO - Started process (PID=392) to work on /home/airflow/.local/lib/python3.7/site-packages/airflow/example_dags/tutorial_etl_dag.py
[2022-08-02 07:48:45,228] {processor.py:641} INFO - Processing file /home/airflow/.local/lib/python3.7/site-packages/airflow/example_dags/tutorial_etl_dag.py for tasks to queue
[2022-08-02 07:48:45,230] {logging_mixin.py:115} INFO - [2022-08-02 07:48:45,230] {dagbag.py:507} INFO - Filling up the DagBag from /home/airflow/.local/lib/python3.7/site-packages/airflow/example_dags/tutorial_etl_dag.py
[2022-08-02 07:48:45,249] {processor.py:651} INFO - DAG(s) dict_keys(['tutorial_etl_dag']) retrieved from /home/airflow/.local/lib/python3.7/site-packages/airflow/example_dags/tutorial_etl_dag.py
[2022-08-02 07:48:45,311] {logging_mixin.py:115} INFO - [2022-08-02 07:48:45,311] {dag.py:2379} INFO - Sync 1 DAGs
[2022-08-02 07:48:45,364] {logging_mixin.py:115} INFO - [2022-08-02 07:48:45,364] {dag.py:2931} INFO - Setting next_dagrun for tutorial_etl_dag to None, run_after=None
[2022-08-02 07:48:45,380] {processor.py:161} INFO - Processing /home/airflow/.local/lib/python3.7/site-packages/airflow/example_dags/tutorial_etl_dag.py took 0.156 seconds
[2022-08-02 07:49:15,663] {processor.py:153} INFO - Started process (PID=453) to work on /home/airflow/.local/lib/python3.7/site-packages/airflow/example_dags/tutorial_etl_dag.py
[2022-08-02 07:49:15,665] {processor.py:641} INFO - Processing file /home/airflow/.local/lib/python3.7/site-packages/airflow/example_dags/tutorial_etl_dag.py for tasks to queue
[2022-08-02 07:49:15,668] {logging_mixin.py:115} INFO - [2022-08-02 07:49:15,668] {dagbag.py:507} INFO - Filling up the DagBag from /home/airflow/.local/lib/python3.7/site-packages/airflow/example_dags/tutorial_etl_dag.py
[2022-08-02 07:49:15,677] {processor.py:651} INFO - DAG(s) dict_keys(['tutorial_etl_dag']) retrieved from /home/airflow/.local/lib/python3.7/site-packages/airflow/example_dags/tutorial_etl_dag.py
[2022-08-02 07:49:15,710] {logging_mixin.py:115} INFO - [2022-08-02 07:49:15,710] {dag.py:2379} INFO - Sync 1 DAGs
[2022-08-02 07:49:15,735] {logging_mixin.py:115} INFO - [2022-08-02 07:49:15,735] {dag.py:2931} INFO - Setting next_dagrun for tutorial_etl_dag to None, run_after=None
[2022-08-02 07:49:15,750] {processor.py:161} INFO - Processing /home/airflow/.local/lib/python3.7/site-packages/airflow/example_dags/tutorial_etl_dag.py took 0.090 seconds
[2022-08-02 07:49:46,246] {processor.py:153} INFO - Started process (PID=514) to work on /home/airflow/.local/lib/python3.7/site-packages/airflow/example_dags/tutorial_etl_dag.py
[2022-08-02 07:49:46,249] {processor.py:641} INFO - Processing file /home/airflow/.local/lib/python3.7/site-packages/airflow/example_dags/tutorial_etl_dag.py for tasks to queue
[2022-08-02 07:49:46,251] {logging_mixin.py:115} INFO - [2022-08-02 07:49:46,251] {dagbag.py:507} INFO - Filling up the DagBag from /home/airflow/.local/lib/python3.7/site-packages/airflow/example_dags/tutorial_etl_dag.py
[2022-08-02 07:49:46,260] {processor.py:651} INFO - DAG(s) dict_keys(['tutorial_etl_dag']) retrieved from /home/airflow/.local/lib/python3.7/site-packages/airflow/example_dags/tutorial_etl_dag.py
[2022-08-02 07:49:46,292] {logging_mixin.py:115} INFO - [2022-08-02 07:49:46,292] {dag.py:2379} INFO - Sync 1 DAGs
[2022-08-02 07:49:46,315] {logging_mixin.py:115} INFO - [2022-08-02 07:49:46,315] {dag.py:2931} INFO - Setting next_dagrun for tutorial_etl_dag to None, run_after=None
[2022-08-02 07:49:46,327] {processor.py:161} INFO - Processing /home/airflow/.local/lib/python3.7/site-packages/airflow/example_dags/tutorial_etl_dag.py took 0.083 seconds
[2022-08-02 07:50:16,841] {processor.py:153} INFO - Started process (PID=576) to work on /home/airflow/.local/lib/python3.7/site-packages/airflow/example_dags/tutorial_etl_dag.py
[2022-08-02 07:50:16,843] {processor.py:641} INFO - Processing file /home/airflow/.local/lib/python3.7/site-packages/airflow/example_dags/tutorial_etl_dag.py for tasks to queue
[2022-08-02 07:50:16,845] {logging_mixin.py:115} INFO - [2022-08-02 07:50:16,844] {dagbag.py:507} INFO - Filling up the DagBag from /home/airflow/.local/lib/python3.7/site-packages/airflow/example_dags/tutorial_etl_dag.py
[2022-08-02 07:50:16,862] {processor.py:651} INFO - DAG(s) dict_keys(['tutorial_etl_dag']) retrieved from /home/airflow/.local/lib/python3.7/site-packages/airflow/example_dags/tutorial_etl_dag.py
[2022-08-02 07:50:16,887] {logging_mixin.py:115} INFO - [2022-08-02 07:50:16,887] {dag.py:2379} INFO - Sync 1 DAGs
[2022-08-02 07:50:16,908] {logging_mixin.py:115} INFO - [2022-08-02 07:50:16,908] {dag.py:2931} INFO - Setting next_dagrun for tutorial_etl_dag to None, run_after=None
[2022-08-02 07:50:16,921] {processor.py:161} INFO - Processing /home/airflow/.local/lib/python3.7/site-packages/airflow/example_dags/tutorial_etl_dag.py took 0.083 seconds
[2022-08-02 07:50:47,552] {processor.py:153} INFO - Started process (PID=628) to work on /home/airflow/.local/lib/python3.7/site-packages/airflow/example_dags/tutorial_etl_dag.py
[2022-08-02 07:50:47,560] {processor.py:641} INFO - Processing file /home/airflow/.local/lib/python3.7/site-packages/airflow/example_dags/tutorial_etl_dag.py for tasks to queue
[2022-08-02 07:50:47,563] {logging_mixin.py:115} INFO - [2022-08-02 07:50:47,562] {dagbag.py:507} INFO - Filling up the DagBag from /home/airflow/.local/lib/python3.7/site-packages/airflow/example_dags/tutorial_etl_dag.py
[2022-08-02 07:50:47,569] {processor.py:651} INFO - DAG(s) dict_keys(['tutorial_etl_dag']) retrieved from /home/airflow/.local/lib/python3.7/site-packages/airflow/example_dags/tutorial_etl_dag.py
[2022-08-02 07:50:47,600] {logging_mixin.py:115} INFO - [2022-08-02 07:50:47,599] {dag.py:2379} INFO - Sync 1 DAGs
[2022-08-02 07:50:47,626] {logging_mixin.py:115} INFO - [2022-08-02 07:50:47,626] {dag.py:2931} INFO - Setting next_dagrun for tutorial_etl_dag to None, run_after=None
[2022-08-02 07:50:47,639] {processor.py:161} INFO - Processing /home/airflow/.local/lib/python3.7/site-packages/airflow/example_dags/tutorial_etl_dag.py took 0.090 seconds
[2022-08-02 07:51:17,950] {processor.py:153} INFO - Started process (PID=689) to work on /home/airflow/.local/lib/python3.7/site-packages/airflow/example_dags/tutorial_etl_dag.py
[2022-08-02 07:51:17,952] {processor.py:641} INFO - Processing file /home/airflow/.local/lib/python3.7/site-packages/airflow/example_dags/tutorial_etl_dag.py for tasks to queue
[2022-08-02 07:51:17,953] {logging_mixin.py:115} INFO - [2022-08-02 07:51:17,953] {dagbag.py:507} INFO - Filling up the DagBag from /home/airflow/.local/lib/python3.7/site-packages/airflow/example_dags/tutorial_etl_dag.py
[2022-08-02 07:51:17,959] {processor.py:651} INFO - DAG(s) dict_keys(['tutorial_etl_dag']) retrieved from /home/airflow/.local/lib/python3.7/site-packages/airflow/example_dags/tutorial_etl_dag.py
[2022-08-02 07:51:17,991] {logging_mixin.py:115} INFO - [2022-08-02 07:51:17,990] {dag.py:2379} INFO - Sync 1 DAGs
[2022-08-02 07:51:18,009] {logging_mixin.py:115} INFO - [2022-08-02 07:51:18,009] {dag.py:2931} INFO - Setting next_dagrun for tutorial_etl_dag to None, run_after=None
[2022-08-02 07:51:18,021] {processor.py:161} INFO - Processing /home/airflow/.local/lib/python3.7/site-packages/airflow/example_dags/tutorial_etl_dag.py took 0.073 seconds
[2022-08-02 07:51:48,199] {processor.py:153} INFO - Started process (PID=751) to work on /home/airflow/.local/lib/python3.7/site-packages/airflow/example_dags/tutorial_etl_dag.py
[2022-08-02 07:51:48,200] {processor.py:641} INFO - Processing file /home/airflow/.local/lib/python3.7/site-packages/airflow/example_dags/tutorial_etl_dag.py for tasks to queue
[2022-08-02 07:51:48,201] {logging_mixin.py:115} INFO - [2022-08-02 07:51:48,201] {dagbag.py:507} INFO - Filling up the DagBag from /home/airflow/.local/lib/python3.7/site-packages/airflow/example_dags/tutorial_etl_dag.py
[2022-08-02 07:51:48,211] {processor.py:651} INFO - DAG(s) dict_keys(['tutorial_etl_dag']) retrieved from /home/airflow/.local/lib/python3.7/site-packages/airflow/example_dags/tutorial_etl_dag.py
[2022-08-02 07:51:48,243] {logging_mixin.py:115} INFO - [2022-08-02 07:51:48,243] {dag.py:2379} INFO - Sync 1 DAGs
[2022-08-02 07:51:48,264] {logging_mixin.py:115} INFO - [2022-08-02 07:51:48,264] {dag.py:2931} INFO - Setting next_dagrun for tutorial_etl_dag to None, run_after=None
[2022-08-02 07:51:48,276] {processor.py:161} INFO - Processing /home/airflow/.local/lib/python3.7/site-packages/airflow/example_dags/tutorial_etl_dag.py took 0.079 seconds
