[2022-07-18 13:34:31,474] {taskinstance.py:1159} INFO - Dependencies all met for <TaskInstance: tutorial_request.print_date scheduled__2022-07-17T12:27:20.669243+00:00 [queued]>
[2022-07-18 13:34:31,487] {taskinstance.py:1159} INFO - Dependencies all met for <TaskInstance: tutorial_request.print_date scheduled__2022-07-17T12:27:20.669243+00:00 [queued]>
[2022-07-18 13:34:31,490] {taskinstance.py:1356} INFO - 
--------------------------------------------------------------------------------
[2022-07-18 13:34:31,493] {taskinstance.py:1357} INFO - Starting attempt 1 of 2
[2022-07-18 13:34:31,499] {taskinstance.py:1358} INFO - 
--------------------------------------------------------------------------------
[2022-07-18 13:34:31,531] {taskinstance.py:1377} INFO - Executing <Task(BashOperator): print_date> on 2022-07-17 12:27:20.669243+00:00
[2022-07-18 13:34:31,540] {standard_task_runner.py:52} INFO - Started process 61 to run task
[2022-07-18 13:34:31,543] {standard_task_runner.py:79} INFO - Running: ['***', 'tasks', 'run', 'tutorial_request', 'print_date', 'scheduled__2022-07-17T12:27:20.669243+00:00', '--job-id', '215', '--raw', '--subdir', 'DAGS_FOLDER/hello.py', '--cfg-path', '/tmp/tmpxl8jwf7c', '--error-file', '/tmp/tmpt2qlb6th']
[2022-07-18 13:34:31,545] {standard_task_runner.py:80} INFO - Job 215: Subtask print_date
[2022-07-18 13:34:31,657] {task_command.py:370} INFO - Running <TaskInstance: tutorial_request.print_date scheduled__2022-07-17T12:27:20.669243+00:00 [running]> on host 3b9da1961faf
[2022-07-18 13:34:31,739] {taskinstance.py:1571} INFO - Exporting the following env vars:
AIRFLOW_CTX_DAG_EMAIL=***@example.com
AIRFLOW_CTX_DAG_OWNER=***
AIRFLOW_CTX_DAG_ID=tutorial_request
AIRFLOW_CTX_TASK_ID=print_date
AIRFLOW_CTX_EXECUTION_DATE=2022-07-17T12:27:20.669243+00:00
AIRFLOW_CTX_TRY_NUMBER=1
AIRFLOW_CTX_DAG_RUN_ID=scheduled__2022-07-17T12:27:20.669243+00:00
[2022-07-18 13:34:31,743] {subprocess.py:62} INFO - Tmp dir root location: 
 /tmp
[2022-07-18 13:34:31,745] {subprocess.py:74} INFO - Running command: ['bash', '-c', 'date']
[2022-07-18 13:34:31,763] {subprocess.py:85} INFO - Output:
[2022-07-18 13:34:31,768] {subprocess.py:92} INFO - Mon Jul 18 13:34:31 UTC 2022
[2022-07-18 13:34:31,772] {subprocess.py:96} INFO - Command exited with return code 0
[2022-07-18 13:34:32,003] {taskinstance.py:1400} INFO - Marking task as SUCCESS. dag_id=tutorial_request, task_id=print_date, execution_date=20220717T122720, start_date=20220718T133431, end_date=20220718T133432
[2022-07-18 13:34:32,047] {local_task_job.py:156} INFO - Task exited with return code 0
[2022-07-18 13:34:32,076] {local_task_job.py:273} INFO - 1 downstream tasks scheduled from follow-on schedule check
