[2022-08-01 08:40:02,460] {processor.py:153} INFO - Started process (PID=52) to work on /home/airflow/.local/lib/python3.7/site-packages/airflow/example_dags/example_branch_labels.py
[2022-08-01 08:40:02,467] {processor.py:641} INFO - Processing file /home/airflow/.local/lib/python3.7/site-packages/airflow/example_dags/example_branch_labels.py for tasks to queue
[2022-08-01 08:40:02,470] {logging_mixin.py:115} INFO - [2022-08-01 08:40:02,470] {dagbag.py:507} INFO - Filling up the DagBag from /home/airflow/.local/lib/python3.7/site-packages/airflow/example_dags/example_branch_labels.py
[2022-08-01 08:40:02,483] {processor.py:651} INFO - DAG(s) dict_keys(['example_branch_labels']) retrieved from /home/airflow/.local/lib/python3.7/site-packages/airflow/example_dags/example_branch_labels.py
[2022-08-01 08:40:02,561] {logging_mixin.py:115} INFO - [2022-08-01 08:40:02,561] {dag.py:2379} INFO - Sync 1 DAGs
[2022-08-01 08:40:02,625] {logging_mixin.py:115} INFO - [2022-08-01 08:40:02,625] {dag.py:2931} INFO - Setting next_dagrun for example_branch_labels to 2022-07-31T00:00:00+00:00, run_after=2022-08-01T00:00:00+00:00
[2022-08-01 08:40:02,666] {processor.py:161} INFO - Processing /home/airflow/.local/lib/python3.7/site-packages/airflow/example_dags/example_branch_labels.py took 0.211 seconds
[2022-08-01 08:40:33,272] {processor.py:153} INFO - Started process (PID=106) to work on /home/airflow/.local/lib/python3.7/site-packages/airflow/example_dags/example_branch_labels.py
[2022-08-01 08:40:33,280] {processor.py:641} INFO - Processing file /home/airflow/.local/lib/python3.7/site-packages/airflow/example_dags/example_branch_labels.py for tasks to queue
[2022-08-01 08:40:33,283] {logging_mixin.py:115} INFO - [2022-08-01 08:40:33,283] {dagbag.py:507} INFO - Filling up the DagBag from /home/airflow/.local/lib/python3.7/site-packages/airflow/example_dags/example_branch_labels.py
[2022-08-01 08:40:33,313] {processor.py:651} INFO - DAG(s) dict_keys(['example_branch_labels']) retrieved from /home/airflow/.local/lib/python3.7/site-packages/airflow/example_dags/example_branch_labels.py
[2022-08-01 08:40:33,357] {logging_mixin.py:115} INFO - [2022-08-01 08:40:33,357] {dag.py:2379} INFO - Sync 1 DAGs
[2022-08-01 08:40:33,395] {logging_mixin.py:115} INFO - [2022-08-01 08:40:33,395] {dag.py:2931} INFO - Setting next_dagrun for example_branch_labels to 2022-07-31T00:00:00+00:00, run_after=2022-08-01T00:00:00+00:00
[2022-08-01 08:40:33,415] {processor.py:161} INFO - Processing /home/airflow/.local/lib/python3.7/site-packages/airflow/example_dags/example_branch_labels.py took 0.146 seconds
[2022-08-01 08:41:03,618] {processor.py:153} INFO - Started process (PID=167) to work on /home/airflow/.local/lib/python3.7/site-packages/airflow/example_dags/example_branch_labels.py
[2022-08-01 08:41:03,619] {processor.py:641} INFO - Processing file /home/airflow/.local/lib/python3.7/site-packages/airflow/example_dags/example_branch_labels.py for tasks to queue
[2022-08-01 08:41:03,622] {logging_mixin.py:115} INFO - [2022-08-01 08:41:03,622] {dagbag.py:507} INFO - Filling up the DagBag from /home/airflow/.local/lib/python3.7/site-packages/airflow/example_dags/example_branch_labels.py
[2022-08-01 08:41:03,643] {processor.py:651} INFO - DAG(s) dict_keys(['example_branch_labels']) retrieved from /home/airflow/.local/lib/python3.7/site-packages/airflow/example_dags/example_branch_labels.py
[2022-08-01 08:41:03,675] {logging_mixin.py:115} INFO - [2022-08-01 08:41:03,675] {dag.py:2379} INFO - Sync 1 DAGs
[2022-08-01 08:41:03,728] {logging_mixin.py:115} INFO - [2022-08-01 08:41:03,728] {dag.py:2931} INFO - Setting next_dagrun for example_branch_labels to 2022-07-31T00:00:00+00:00, run_after=2022-08-01T00:00:00+00:00
[2022-08-01 08:41:03,761] {processor.py:161} INFO - Processing /home/airflow/.local/lib/python3.7/site-packages/airflow/example_dags/example_branch_labels.py took 0.145 seconds
[2022-08-01 08:41:34,184] {processor.py:153} INFO - Started process (PID=228) to work on /home/airflow/.local/lib/python3.7/site-packages/airflow/example_dags/example_branch_labels.py
[2022-08-01 08:41:34,188] {processor.py:641} INFO - Processing file /home/airflow/.local/lib/python3.7/site-packages/airflow/example_dags/example_branch_labels.py for tasks to queue
[2022-08-01 08:41:34,190] {logging_mixin.py:115} INFO - [2022-08-01 08:41:34,190] {dagbag.py:507} INFO - Filling up the DagBag from /home/airflow/.local/lib/python3.7/site-packages/airflow/example_dags/example_branch_labels.py
[2022-08-01 08:41:34,219] {processor.py:651} INFO - DAG(s) dict_keys(['example_branch_labels']) retrieved from /home/airflow/.local/lib/python3.7/site-packages/airflow/example_dags/example_branch_labels.py
[2022-08-01 08:41:34,293] {logging_mixin.py:115} INFO - [2022-08-01 08:41:34,293] {dag.py:2379} INFO - Sync 1 DAGs
[2022-08-01 08:41:34,349] {logging_mixin.py:115} INFO - [2022-08-01 08:41:34,349] {dag.py:2931} INFO - Setting next_dagrun for example_branch_labels to 2022-07-31T00:00:00+00:00, run_after=2022-08-01T00:00:00+00:00
[2022-08-01 08:41:34,390] {processor.py:161} INFO - Processing /home/airflow/.local/lib/python3.7/site-packages/airflow/example_dags/example_branch_labels.py took 0.208 seconds
[2022-08-01 08:42:05,046] {processor.py:153} INFO - Started process (PID=281) to work on /home/airflow/.local/lib/python3.7/site-packages/airflow/example_dags/example_branch_labels.py
[2022-08-01 08:42:05,048] {processor.py:641} INFO - Processing file /home/airflow/.local/lib/python3.7/site-packages/airflow/example_dags/example_branch_labels.py for tasks to queue
[2022-08-01 08:42:05,050] {logging_mixin.py:115} INFO - [2022-08-01 08:42:05,050] {dagbag.py:507} INFO - Filling up the DagBag from /home/airflow/.local/lib/python3.7/site-packages/airflow/example_dags/example_branch_labels.py
[2022-08-01 08:42:05,079] {processor.py:651} INFO - DAG(s) dict_keys(['example_branch_labels']) retrieved from /home/airflow/.local/lib/python3.7/site-packages/airflow/example_dags/example_branch_labels.py
[2022-08-01 08:42:05,113] {logging_mixin.py:115} INFO - [2022-08-01 08:42:05,113] {dag.py:2379} INFO - Sync 1 DAGs
[2022-08-01 08:42:05,137] {logging_mixin.py:115} INFO - [2022-08-01 08:42:05,137] {dag.py:2931} INFO - Setting next_dagrun for example_branch_labels to 2022-07-31T00:00:00+00:00, run_after=2022-08-01T00:00:00+00:00
[2022-08-01 08:42:05,147] {processor.py:161} INFO - Processing /home/airflow/.local/lib/python3.7/site-packages/airflow/example_dags/example_branch_labels.py took 0.104 seconds
[2022-08-01 08:42:35,294] {processor.py:153} INFO - Started process (PID=342) to work on /home/airflow/.local/lib/python3.7/site-packages/airflow/example_dags/example_branch_labels.py
[2022-08-01 08:42:35,296] {processor.py:641} INFO - Processing file /home/airflow/.local/lib/python3.7/site-packages/airflow/example_dags/example_branch_labels.py for tasks to queue
[2022-08-01 08:42:35,298] {logging_mixin.py:115} INFO - [2022-08-01 08:42:35,298] {dagbag.py:507} INFO - Filling up the DagBag from /home/airflow/.local/lib/python3.7/site-packages/airflow/example_dags/example_branch_labels.py
[2022-08-01 08:42:35,317] {processor.py:651} INFO - DAG(s) dict_keys(['example_branch_labels']) retrieved from /home/airflow/.local/lib/python3.7/site-packages/airflow/example_dags/example_branch_labels.py
[2022-08-01 08:42:35,361] {logging_mixin.py:115} INFO - [2022-08-01 08:42:35,361] {dag.py:2379} INFO - Sync 1 DAGs
[2022-08-01 08:42:35,426] {logging_mixin.py:115} INFO - [2022-08-01 08:42:35,426] {dag.py:2931} INFO - Setting next_dagrun for example_branch_labels to 2022-07-31T00:00:00+00:00, run_after=2022-08-01T00:00:00+00:00
[2022-08-01 08:42:35,450] {processor.py:161} INFO - Processing /home/airflow/.local/lib/python3.7/site-packages/airflow/example_dags/example_branch_labels.py took 0.159 seconds
[2022-08-01 08:43:06,031] {processor.py:153} INFO - Started process (PID=403) to work on /home/airflow/.local/lib/python3.7/site-packages/airflow/example_dags/example_branch_labels.py
[2022-08-01 08:43:06,035] {processor.py:641} INFO - Processing file /home/airflow/.local/lib/python3.7/site-packages/airflow/example_dags/example_branch_labels.py for tasks to queue
[2022-08-01 08:43:06,040] {logging_mixin.py:115} INFO - [2022-08-01 08:43:06,040] {dagbag.py:507} INFO - Filling up the DagBag from /home/airflow/.local/lib/python3.7/site-packages/airflow/example_dags/example_branch_labels.py
[2022-08-01 08:43:06,054] {processor.py:651} INFO - DAG(s) dict_keys(['example_branch_labels']) retrieved from /home/airflow/.local/lib/python3.7/site-packages/airflow/example_dags/example_branch_labels.py
[2022-08-01 08:43:06,124] {logging_mixin.py:115} INFO - [2022-08-01 08:43:06,124] {dag.py:2379} INFO - Sync 1 DAGs
[2022-08-01 08:43:06,176] {logging_mixin.py:115} INFO - [2022-08-01 08:43:06,176] {dag.py:2931} INFO - Setting next_dagrun for example_branch_labels to 2022-07-31T00:00:00+00:00, run_after=2022-08-01T00:00:00+00:00
[2022-08-01 08:43:06,204] {processor.py:161} INFO - Processing /home/airflow/.local/lib/python3.7/site-packages/airflow/example_dags/example_branch_labels.py took 0.175 seconds
[2022-08-01 08:43:36,696] {processor.py:153} INFO - Started process (PID=455) to work on /home/airflow/.local/lib/python3.7/site-packages/airflow/example_dags/example_branch_labels.py
[2022-08-01 08:43:36,697] {processor.py:641} INFO - Processing file /home/airflow/.local/lib/python3.7/site-packages/airflow/example_dags/example_branch_labels.py for tasks to queue
[2022-08-01 08:43:36,699] {logging_mixin.py:115} INFO - [2022-08-01 08:43:36,699] {dagbag.py:507} INFO - Filling up the DagBag from /home/airflow/.local/lib/python3.7/site-packages/airflow/example_dags/example_branch_labels.py
[2022-08-01 08:43:36,717] {processor.py:651} INFO - DAG(s) dict_keys(['example_branch_labels']) retrieved from /home/airflow/.local/lib/python3.7/site-packages/airflow/example_dags/example_branch_labels.py
[2022-08-01 08:43:36,745] {logging_mixin.py:115} INFO - [2022-08-01 08:43:36,745] {dag.py:2379} INFO - Sync 1 DAGs
[2022-08-01 08:43:36,773] {logging_mixin.py:115} INFO - [2022-08-01 08:43:36,773] {dag.py:2931} INFO - Setting next_dagrun for example_branch_labels to 2022-07-31T00:00:00+00:00, run_after=2022-08-01T00:00:00+00:00
[2022-08-01 08:43:36,791] {processor.py:161} INFO - Processing /home/airflow/.local/lib/python3.7/site-packages/airflow/example_dags/example_branch_labels.py took 0.097 seconds
[2022-08-01 08:44:07,067] {processor.py:153} INFO - Started process (PID=517) to work on /home/airflow/.local/lib/python3.7/site-packages/airflow/example_dags/example_branch_labels.py
[2022-08-01 08:44:07,071] {processor.py:641} INFO - Processing file /home/airflow/.local/lib/python3.7/site-packages/airflow/example_dags/example_branch_labels.py for tasks to queue
[2022-08-01 08:44:07,073] {logging_mixin.py:115} INFO - [2022-08-01 08:44:07,073] {dagbag.py:507} INFO - Filling up the DagBag from /home/airflow/.local/lib/python3.7/site-packages/airflow/example_dags/example_branch_labels.py
[2022-08-01 08:44:07,082] {processor.py:651} INFO - DAG(s) dict_keys(['example_branch_labels']) retrieved from /home/airflow/.local/lib/python3.7/site-packages/airflow/example_dags/example_branch_labels.py
[2022-08-01 08:44:07,120] {logging_mixin.py:115} INFO - [2022-08-01 08:44:07,119] {dag.py:2379} INFO - Sync 1 DAGs
[2022-08-01 08:44:07,139] {logging_mixin.py:115} INFO - [2022-08-01 08:44:07,139] {dag.py:2931} INFO - Setting next_dagrun for example_branch_labels to 2022-07-31T00:00:00+00:00, run_after=2022-08-01T00:00:00+00:00
[2022-08-01 08:44:07,147] {processor.py:161} INFO - Processing /home/airflow/.local/lib/python3.7/site-packages/airflow/example_dags/example_branch_labels.py took 0.083 seconds
[2022-08-01 08:44:37,993] {processor.py:153} INFO - Started process (PID=578) to work on /home/airflow/.local/lib/python3.7/site-packages/airflow/example_dags/example_branch_labels.py
[2022-08-01 08:44:37,997] {processor.py:641} INFO - Processing file /home/airflow/.local/lib/python3.7/site-packages/airflow/example_dags/example_branch_labels.py for tasks to queue
[2022-08-01 08:44:38,000] {logging_mixin.py:115} INFO - [2022-08-01 08:44:38,000] {dagbag.py:507} INFO - Filling up the DagBag from /home/airflow/.local/lib/python3.7/site-packages/airflow/example_dags/example_branch_labels.py
[2022-08-01 08:44:38,020] {processor.py:651} INFO - DAG(s) dict_keys(['example_branch_labels']) retrieved from /home/airflow/.local/lib/python3.7/site-packages/airflow/example_dags/example_branch_labels.py
[2022-08-01 08:44:38,074] {logging_mixin.py:115} INFO - [2022-08-01 08:44:38,074] {dag.py:2379} INFO - Sync 1 DAGs
[2022-08-01 08:44:38,121] {logging_mixin.py:115} INFO - [2022-08-01 08:44:38,121] {dag.py:2931} INFO - Setting next_dagrun for example_branch_labels to 2022-07-31T00:00:00+00:00, run_after=2022-08-01T00:00:00+00:00
[2022-08-01 08:44:38,133] {processor.py:161} INFO - Processing /home/airflow/.local/lib/python3.7/site-packages/airflow/example_dags/example_branch_labels.py took 0.143 seconds
[2022-08-01 08:45:08,948] {processor.py:153} INFO - Started process (PID=637) to work on /home/airflow/.local/lib/python3.7/site-packages/airflow/example_dags/example_branch_labels.py
[2022-08-01 08:45:08,949] {processor.py:641} INFO - Processing file /home/airflow/.local/lib/python3.7/site-packages/airflow/example_dags/example_branch_labels.py for tasks to queue
[2022-08-01 08:45:08,953] {logging_mixin.py:115} INFO - [2022-08-01 08:45:08,953] {dagbag.py:507} INFO - Filling up the DagBag from /home/airflow/.local/lib/python3.7/site-packages/airflow/example_dags/example_branch_labels.py
[2022-08-01 08:45:08,958] {processor.py:651} INFO - DAG(s) dict_keys(['example_branch_labels']) retrieved from /home/airflow/.local/lib/python3.7/site-packages/airflow/example_dags/example_branch_labels.py
[2022-08-01 08:45:08,995] {logging_mixin.py:115} INFO - [2022-08-01 08:45:08,995] {dag.py:2379} INFO - Sync 1 DAGs
[2022-08-01 08:45:09,063] {logging_mixin.py:115} INFO - [2022-08-01 08:45:09,063] {dag.py:2931} INFO - Setting next_dagrun for example_branch_labels to 2022-07-31T00:00:00+00:00, run_after=2022-08-01T00:00:00+00:00
[2022-08-01 08:45:09,081] {processor.py:161} INFO - Processing /home/airflow/.local/lib/python3.7/site-packages/airflow/example_dags/example_branch_labels.py took 0.136 seconds
[2022-08-01 08:45:39,210] {processor.py:153} INFO - Started process (PID=692) to work on /home/airflow/.local/lib/python3.7/site-packages/airflow/example_dags/example_branch_labels.py
[2022-08-01 08:45:39,212] {processor.py:641} INFO - Processing file /home/airflow/.local/lib/python3.7/site-packages/airflow/example_dags/example_branch_labels.py for tasks to queue
[2022-08-01 08:45:39,213] {logging_mixin.py:115} INFO - [2022-08-01 08:45:39,213] {dagbag.py:507} INFO - Filling up the DagBag from /home/airflow/.local/lib/python3.7/site-packages/airflow/example_dags/example_branch_labels.py
[2022-08-01 08:45:39,218] {processor.py:651} INFO - DAG(s) dict_keys(['example_branch_labels']) retrieved from /home/airflow/.local/lib/python3.7/site-packages/airflow/example_dags/example_branch_labels.py
[2022-08-01 08:45:39,235] {logging_mixin.py:115} INFO - [2022-08-01 08:45:39,235] {dag.py:2379} INFO - Sync 1 DAGs
[2022-08-01 08:45:39,249] {logging_mixin.py:115} INFO - [2022-08-01 08:45:39,249] {dag.py:2931} INFO - Setting next_dagrun for example_branch_labels to 2022-07-31T00:00:00+00:00, run_after=2022-08-01T00:00:00+00:00
[2022-08-01 08:45:39,256] {processor.py:161} INFO - Processing /home/airflow/.local/lib/python3.7/site-packages/airflow/example_dags/example_branch_labels.py took 0.049 seconds
[2022-08-01 08:46:09,750] {processor.py:153} INFO - Started process (PID=754) to work on /home/airflow/.local/lib/python3.7/site-packages/airflow/example_dags/example_branch_labels.py
[2022-08-01 08:46:09,752] {processor.py:641} INFO - Processing file /home/airflow/.local/lib/python3.7/site-packages/airflow/example_dags/example_branch_labels.py for tasks to queue
[2022-08-01 08:46:09,753] {logging_mixin.py:115} INFO - [2022-08-01 08:46:09,753] {dagbag.py:507} INFO - Filling up the DagBag from /home/airflow/.local/lib/python3.7/site-packages/airflow/example_dags/example_branch_labels.py
[2022-08-01 08:46:09,759] {processor.py:651} INFO - DAG(s) dict_keys(['example_branch_labels']) retrieved from /home/airflow/.local/lib/python3.7/site-packages/airflow/example_dags/example_branch_labels.py
[2022-08-01 08:46:09,785] {logging_mixin.py:115} INFO - [2022-08-01 08:46:09,785] {dag.py:2379} INFO - Sync 1 DAGs
[2022-08-01 08:46:09,803] {logging_mixin.py:115} INFO - [2022-08-01 08:46:09,803] {dag.py:2931} INFO - Setting next_dagrun for example_branch_labels to 2022-07-31T00:00:00+00:00, run_after=2022-08-01T00:00:00+00:00
[2022-08-01 08:46:09,812] {processor.py:161} INFO - Processing /home/airflow/.local/lib/python3.7/site-packages/airflow/example_dags/example_branch_labels.py took 0.064 seconds
[2022-08-01 08:46:40,490] {processor.py:153} INFO - Started process (PID=817) to work on /home/airflow/.local/lib/python3.7/site-packages/airflow/example_dags/example_branch_labels.py
[2022-08-01 08:46:40,504] {processor.py:641} INFO - Processing file /home/airflow/.local/lib/python3.7/site-packages/airflow/example_dags/example_branch_labels.py for tasks to queue
[2022-08-01 08:46:40,505] {logging_mixin.py:115} INFO - [2022-08-01 08:46:40,505] {dagbag.py:507} INFO - Filling up the DagBag from /home/airflow/.local/lib/python3.7/site-packages/airflow/example_dags/example_branch_labels.py
[2022-08-01 08:46:40,510] {processor.py:651} INFO - DAG(s) dict_keys(['example_branch_labels']) retrieved from /home/airflow/.local/lib/python3.7/site-packages/airflow/example_dags/example_branch_labels.py
[2022-08-01 08:46:40,529] {logging_mixin.py:115} INFO - [2022-08-01 08:46:40,529] {dag.py:2379} INFO - Sync 1 DAGs
[2022-08-01 08:46:40,543] {logging_mixin.py:115} INFO - [2022-08-01 08:46:40,543] {dag.py:2931} INFO - Setting next_dagrun for example_branch_labels to 2022-07-31T00:00:00+00:00, run_after=2022-08-01T00:00:00+00:00
[2022-08-01 08:46:40,550] {processor.py:161} INFO - Processing /home/airflow/.local/lib/python3.7/site-packages/airflow/example_dags/example_branch_labels.py took 0.063 seconds
[2022-08-01 08:47:11,131] {processor.py:153} INFO - Started process (PID=878) to work on /home/airflow/.local/lib/python3.7/site-packages/airflow/example_dags/example_branch_labels.py
[2022-08-01 08:47:11,133] {processor.py:641} INFO - Processing file /home/airflow/.local/lib/python3.7/site-packages/airflow/example_dags/example_branch_labels.py for tasks to queue
[2022-08-01 08:47:11,134] {logging_mixin.py:115} INFO - [2022-08-01 08:47:11,134] {dagbag.py:507} INFO - Filling up the DagBag from /home/airflow/.local/lib/python3.7/site-packages/airflow/example_dags/example_branch_labels.py
[2022-08-01 08:47:11,141] {processor.py:651} INFO - DAG(s) dict_keys(['example_branch_labels']) retrieved from /home/airflow/.local/lib/python3.7/site-packages/airflow/example_dags/example_branch_labels.py
[2022-08-01 08:47:11,160] {logging_mixin.py:115} INFO - [2022-08-01 08:47:11,160] {dag.py:2379} INFO - Sync 1 DAGs
[2022-08-01 08:47:11,176] {logging_mixin.py:115} INFO - [2022-08-01 08:47:11,176] {dag.py:2931} INFO - Setting next_dagrun for example_branch_labels to 2022-07-31T00:00:00+00:00, run_after=2022-08-01T00:00:00+00:00
[2022-08-01 08:47:11,192] {processor.py:161} INFO - Processing /home/airflow/.local/lib/python3.7/site-packages/airflow/example_dags/example_branch_labels.py took 0.063 seconds
[2022-08-01 08:47:41,471] {processor.py:153} INFO - Started process (PID=939) to work on /home/airflow/.local/lib/python3.7/site-packages/airflow/example_dags/example_branch_labels.py
[2022-08-01 08:47:41,476] {processor.py:641} INFO - Processing file /home/airflow/.local/lib/python3.7/site-packages/airflow/example_dags/example_branch_labels.py for tasks to queue
[2022-08-01 08:47:41,478] {logging_mixin.py:115} INFO - [2022-08-01 08:47:41,478] {dagbag.py:507} INFO - Filling up the DagBag from /home/airflow/.local/lib/python3.7/site-packages/airflow/example_dags/example_branch_labels.py
[2022-08-01 08:47:41,484] {processor.py:651} INFO - DAG(s) dict_keys(['example_branch_labels']) retrieved from /home/airflow/.local/lib/python3.7/site-packages/airflow/example_dags/example_branch_labels.py
[2022-08-01 08:47:41,503] {logging_mixin.py:115} INFO - [2022-08-01 08:47:41,503] {dag.py:2379} INFO - Sync 1 DAGs
[2022-08-01 08:47:41,535] {logging_mixin.py:115} INFO - [2022-08-01 08:47:41,535] {dag.py:2931} INFO - Setting next_dagrun for example_branch_labels to 2022-07-31T00:00:00+00:00, run_after=2022-08-01T00:00:00+00:00
[2022-08-01 08:47:41,544] {processor.py:161} INFO - Processing /home/airflow/.local/lib/python3.7/site-packages/airflow/example_dags/example_branch_labels.py took 0.075 seconds
[2022-08-01 08:48:11,596] {processor.py:153} INFO - Started process (PID=991) to work on /home/airflow/.local/lib/python3.7/site-packages/airflow/example_dags/example_branch_labels.py
[2022-08-01 08:48:11,597] {processor.py:641} INFO - Processing file /home/airflow/.local/lib/python3.7/site-packages/airflow/example_dags/example_branch_labels.py for tasks to queue
[2022-08-01 08:48:11,599] {logging_mixin.py:115} INFO - [2022-08-01 08:48:11,599] {dagbag.py:507} INFO - Filling up the DagBag from /home/airflow/.local/lib/python3.7/site-packages/airflow/example_dags/example_branch_labels.py
[2022-08-01 08:48:11,604] {processor.py:651} INFO - DAG(s) dict_keys(['example_branch_labels']) retrieved from /home/airflow/.local/lib/python3.7/site-packages/airflow/example_dags/example_branch_labels.py
[2022-08-01 08:48:11,623] {logging_mixin.py:115} INFO - [2022-08-01 08:48:11,623] {dag.py:2379} INFO - Sync 1 DAGs
[2022-08-01 08:48:11,638] {logging_mixin.py:115} INFO - [2022-08-01 08:48:11,638] {dag.py:2931} INFO - Setting next_dagrun for example_branch_labels to 2022-07-31T00:00:00+00:00, run_after=2022-08-01T00:00:00+00:00
[2022-08-01 08:48:11,651] {processor.py:161} INFO - Processing /home/airflow/.local/lib/python3.7/site-packages/airflow/example_dags/example_branch_labels.py took 0.056 seconds
[2022-08-01 08:48:42,132] {processor.py:153} INFO - Started process (PID=1052) to work on /home/airflow/.local/lib/python3.7/site-packages/airflow/example_dags/example_branch_labels.py
[2022-08-01 08:48:42,134] {processor.py:641} INFO - Processing file /home/airflow/.local/lib/python3.7/site-packages/airflow/example_dags/example_branch_labels.py for tasks to queue
[2022-08-01 08:48:42,135] {logging_mixin.py:115} INFO - [2022-08-01 08:48:42,135] {dagbag.py:507} INFO - Filling up the DagBag from /home/airflow/.local/lib/python3.7/site-packages/airflow/example_dags/example_branch_labels.py
[2022-08-01 08:48:42,139] {processor.py:651} INFO - DAG(s) dict_keys(['example_branch_labels']) retrieved from /home/airflow/.local/lib/python3.7/site-packages/airflow/example_dags/example_branch_labels.py
[2022-08-01 08:48:42,160] {logging_mixin.py:115} INFO - [2022-08-01 08:48:42,160] {dag.py:2379} INFO - Sync 1 DAGs
[2022-08-01 08:48:42,173] {logging_mixin.py:115} INFO - [2022-08-01 08:48:42,173] {dag.py:2931} INFO - Setting next_dagrun for example_branch_labels to 2022-07-31T00:00:00+00:00, run_after=2022-08-01T00:00:00+00:00
[2022-08-01 08:48:42,186] {processor.py:161} INFO - Processing /home/airflow/.local/lib/python3.7/site-packages/airflow/example_dags/example_branch_labels.py took 0.056 seconds
[2022-08-01 08:49:12,333] {processor.py:153} INFO - Started process (PID=1114) to work on /home/airflow/.local/lib/python3.7/site-packages/airflow/example_dags/example_branch_labels.py
[2022-08-01 08:49:12,334] {processor.py:641} INFO - Processing file /home/airflow/.local/lib/python3.7/site-packages/airflow/example_dags/example_branch_labels.py for tasks to queue
[2022-08-01 08:49:12,335] {logging_mixin.py:115} INFO - [2022-08-01 08:49:12,335] {dagbag.py:507} INFO - Filling up the DagBag from /home/airflow/.local/lib/python3.7/site-packages/airflow/example_dags/example_branch_labels.py
[2022-08-01 08:49:12,340] {processor.py:651} INFO - DAG(s) dict_keys(['example_branch_labels']) retrieved from /home/airflow/.local/lib/python3.7/site-packages/airflow/example_dags/example_branch_labels.py
[2022-08-01 08:49:12,359] {logging_mixin.py:115} INFO - [2022-08-01 08:49:12,359] {dag.py:2379} INFO - Sync 1 DAGs
[2022-08-01 08:49:12,374] {logging_mixin.py:115} INFO - [2022-08-01 08:49:12,373] {dag.py:2931} INFO - Setting next_dagrun for example_branch_labels to 2022-07-31T00:00:00+00:00, run_after=2022-08-01T00:00:00+00:00
[2022-08-01 08:49:12,387] {processor.py:161} INFO - Processing /home/airflow/.local/lib/python3.7/site-packages/airflow/example_dags/example_branch_labels.py took 0.057 seconds
[2022-08-01 08:49:43,409] {processor.py:153} INFO - Started process (PID=1176) to work on /home/airflow/.local/lib/python3.7/site-packages/airflow/example_dags/example_branch_labels.py
[2022-08-01 08:49:43,412] {processor.py:641} INFO - Processing file /home/airflow/.local/lib/python3.7/site-packages/airflow/example_dags/example_branch_labels.py for tasks to queue
[2022-08-01 08:49:43,414] {logging_mixin.py:115} INFO - [2022-08-01 08:49:43,414] {dagbag.py:507} INFO - Filling up the DagBag from /home/airflow/.local/lib/python3.7/site-packages/airflow/example_dags/example_branch_labels.py
[2022-08-01 08:49:43,420] {processor.py:651} INFO - DAG(s) dict_keys(['example_branch_labels']) retrieved from /home/airflow/.local/lib/python3.7/site-packages/airflow/example_dags/example_branch_labels.py
[2022-08-01 08:49:43,443] {logging_mixin.py:115} INFO - [2022-08-01 08:49:43,443] {dag.py:2379} INFO - Sync 1 DAGs
[2022-08-01 08:49:43,458] {logging_mixin.py:115} INFO - [2022-08-01 08:49:43,458] {dag.py:2931} INFO - Setting next_dagrun for example_branch_labels to 2022-07-31T00:00:00+00:00, run_after=2022-08-01T00:00:00+00:00
[2022-08-01 08:49:43,469] {processor.py:161} INFO - Processing /home/airflow/.local/lib/python3.7/site-packages/airflow/example_dags/example_branch_labels.py took 0.062 seconds
[2022-08-01 08:50:13,704] {processor.py:153} INFO - Started process (PID=1240) to work on /home/airflow/.local/lib/python3.7/site-packages/airflow/example_dags/example_branch_labels.py
[2022-08-01 08:50:13,705] {processor.py:641} INFO - Processing file /home/airflow/.local/lib/python3.7/site-packages/airflow/example_dags/example_branch_labels.py for tasks to queue
[2022-08-01 08:50:13,706] {logging_mixin.py:115} INFO - [2022-08-01 08:50:13,706] {dagbag.py:507} INFO - Filling up the DagBag from /home/airflow/.local/lib/python3.7/site-packages/airflow/example_dags/example_branch_labels.py
[2022-08-01 08:50:13,723] {processor.py:651} INFO - DAG(s) dict_keys(['example_branch_labels']) retrieved from /home/airflow/.local/lib/python3.7/site-packages/airflow/example_dags/example_branch_labels.py
[2022-08-01 08:50:13,744] {logging_mixin.py:115} INFO - [2022-08-01 08:50:13,744] {dag.py:2379} INFO - Sync 1 DAGs
[2022-08-01 08:50:13,759] {logging_mixin.py:115} INFO - [2022-08-01 08:50:13,759] {dag.py:2931} INFO - Setting next_dagrun for example_branch_labels to 2022-07-31T00:00:00+00:00, run_after=2022-08-01T00:00:00+00:00
[2022-08-01 08:50:13,768] {processor.py:161} INFO - Processing /home/airflow/.local/lib/python3.7/site-packages/airflow/example_dags/example_branch_labels.py took 0.067 seconds
