[2022-08-01 08:40:03,268] {processor.py:153} INFO - Started process (PID=57) to work on /home/airflow/.local/lib/python3.7/site-packages/airflow/example_dags/example_latest_only_with_trigger.py
[2022-08-01 08:40:03,270] {processor.py:641} INFO - Processing file /home/airflow/.local/lib/python3.7/site-packages/airflow/example_dags/example_latest_only_with_trigger.py for tasks to queue
[2022-08-01 08:40:03,272] {logging_mixin.py:115} INFO - [2022-08-01 08:40:03,272] {dagbag.py:507} INFO - Filling up the DagBag from /home/airflow/.local/lib/python3.7/site-packages/airflow/example_dags/example_latest_only_with_trigger.py
[2022-08-01 08:40:03,287] {processor.py:651} INFO - DAG(s) dict_keys(['latest_only_with_trigger']) retrieved from /home/airflow/.local/lib/python3.7/site-packages/airflow/example_dags/example_latest_only_with_trigger.py
[2022-08-01 08:40:03,337] {logging_mixin.py:115} INFO - [2022-08-01 08:40:03,337] {dag.py:2379} INFO - Sync 1 DAGs
[2022-08-01 08:40:03,383] {logging_mixin.py:115} INFO - [2022-08-01 08:40:03,383] {dag.py:2931} INFO - Setting next_dagrun for latest_only_with_trigger to 2022-08-01T04:40:03.383599+00:00, run_after=2022-08-01T08:40:03.383599+00:00
[2022-08-01 08:40:03,407] {processor.py:161} INFO - Processing /home/airflow/.local/lib/python3.7/site-packages/airflow/example_dags/example_latest_only_with_trigger.py took 0.141 seconds
[2022-08-01 08:40:33,995] {processor.py:153} INFO - Started process (PID=118) to work on /home/airflow/.local/lib/python3.7/site-packages/airflow/example_dags/example_latest_only_with_trigger.py
[2022-08-01 08:40:33,997] {processor.py:641} INFO - Processing file /home/airflow/.local/lib/python3.7/site-packages/airflow/example_dags/example_latest_only_with_trigger.py for tasks to queue
[2022-08-01 08:40:34,002] {logging_mixin.py:115} INFO - [2022-08-01 08:40:34,002] {dagbag.py:507} INFO - Filling up the DagBag from /home/airflow/.local/lib/python3.7/site-packages/airflow/example_dags/example_latest_only_with_trigger.py
[2022-08-01 08:40:34,020] {processor.py:651} INFO - DAG(s) dict_keys(['latest_only_with_trigger']) retrieved from /home/airflow/.local/lib/python3.7/site-packages/airflow/example_dags/example_latest_only_with_trigger.py
[2022-08-01 08:40:34,120] {logging_mixin.py:115} INFO - [2022-08-01 08:40:34,120] {dag.py:2379} INFO - Sync 1 DAGs
[2022-08-01 08:40:34,193] {logging_mixin.py:115} INFO - [2022-08-01 08:40:34,192] {dag.py:2931} INFO - Setting next_dagrun for latest_only_with_trigger to 2022-08-01T04:40:34.192800+00:00, run_after=2022-08-01T08:40:34.192800+00:00
[2022-08-01 08:40:34,223] {processor.py:161} INFO - Processing /home/airflow/.local/lib/python3.7/site-packages/airflow/example_dags/example_latest_only_with_trigger.py took 0.230 seconds
[2022-08-01 08:41:05,013] {processor.py:153} INFO - Started process (PID=172) to work on /home/airflow/.local/lib/python3.7/site-packages/airflow/example_dags/example_latest_only_with_trigger.py
[2022-08-01 08:41:05,016] {processor.py:641} INFO - Processing file /home/airflow/.local/lib/python3.7/site-packages/airflow/example_dags/example_latest_only_with_trigger.py for tasks to queue
[2022-08-01 08:41:05,022] {logging_mixin.py:115} INFO - [2022-08-01 08:41:05,022] {dagbag.py:507} INFO - Filling up the DagBag from /home/airflow/.local/lib/python3.7/site-packages/airflow/example_dags/example_latest_only_with_trigger.py
[2022-08-01 08:41:05,041] {processor.py:651} INFO - DAG(s) dict_keys(['latest_only_with_trigger']) retrieved from /home/airflow/.local/lib/python3.7/site-packages/airflow/example_dags/example_latest_only_with_trigger.py
[2022-08-01 08:41:05,109] {logging_mixin.py:115} INFO - [2022-08-01 08:41:05,109] {dag.py:2379} INFO - Sync 1 DAGs
[2022-08-01 08:41:05,155] {logging_mixin.py:115} INFO - [2022-08-01 08:41:05,155] {dag.py:2931} INFO - Setting next_dagrun for latest_only_with_trigger to 2022-08-01T04:41:05.155413+00:00, run_after=2022-08-01T08:41:05.155413+00:00
[2022-08-01 08:41:05,196] {processor.py:161} INFO - Processing /home/airflow/.local/lib/python3.7/site-packages/airflow/example_dags/example_latest_only_with_trigger.py took 0.185 seconds
[2022-08-01 08:41:35,756] {processor.py:153} INFO - Started process (PID=233) to work on /home/airflow/.local/lib/python3.7/site-packages/airflow/example_dags/example_latest_only_with_trigger.py
[2022-08-01 08:41:35,758] {processor.py:641} INFO - Processing file /home/airflow/.local/lib/python3.7/site-packages/airflow/example_dags/example_latest_only_with_trigger.py for tasks to queue
[2022-08-01 08:41:35,760] {logging_mixin.py:115} INFO - [2022-08-01 08:41:35,760] {dagbag.py:507} INFO - Filling up the DagBag from /home/airflow/.local/lib/python3.7/site-packages/airflow/example_dags/example_latest_only_with_trigger.py
[2022-08-01 08:41:35,773] {processor.py:651} INFO - DAG(s) dict_keys(['latest_only_with_trigger']) retrieved from /home/airflow/.local/lib/python3.7/site-packages/airflow/example_dags/example_latest_only_with_trigger.py
[2022-08-01 08:41:35,822] {logging_mixin.py:115} INFO - [2022-08-01 08:41:35,822] {dag.py:2379} INFO - Sync 1 DAGs
[2022-08-01 08:41:35,858] {logging_mixin.py:115} INFO - [2022-08-01 08:41:35,858] {dag.py:2931} INFO - Setting next_dagrun for latest_only_with_trigger to 2022-08-01T04:41:35.858260+00:00, run_after=2022-08-01T08:41:35.858260+00:00
[2022-08-01 08:41:35,877] {processor.py:161} INFO - Processing /home/airflow/.local/lib/python3.7/site-packages/airflow/example_dags/example_latest_only_with_trigger.py took 0.125 seconds
[2022-08-01 08:42:06,550] {processor.py:153} INFO - Started process (PID=286) to work on /home/airflow/.local/lib/python3.7/site-packages/airflow/example_dags/example_latest_only_with_trigger.py
[2022-08-01 08:42:06,552] {processor.py:641} INFO - Processing file /home/airflow/.local/lib/python3.7/site-packages/airflow/example_dags/example_latest_only_with_trigger.py for tasks to queue
[2022-08-01 08:42:06,556] {logging_mixin.py:115} INFO - [2022-08-01 08:42:06,556] {dagbag.py:507} INFO - Filling up the DagBag from /home/airflow/.local/lib/python3.7/site-packages/airflow/example_dags/example_latest_only_with_trigger.py
[2022-08-01 08:42:06,587] {processor.py:651} INFO - DAG(s) dict_keys(['latest_only_with_trigger']) retrieved from /home/airflow/.local/lib/python3.7/site-packages/airflow/example_dags/example_latest_only_with_trigger.py
[2022-08-01 08:42:06,661] {logging_mixin.py:115} INFO - [2022-08-01 08:42:06,661] {dag.py:2379} INFO - Sync 1 DAGs
[2022-08-01 08:42:06,699] {logging_mixin.py:115} INFO - [2022-08-01 08:42:06,699] {dag.py:2931} INFO - Setting next_dagrun for latest_only_with_trigger to 2022-08-01T04:42:06.699384+00:00, run_after=2022-08-01T08:42:06.699384+00:00
[2022-08-01 08:42:06,721] {processor.py:161} INFO - Processing /home/airflow/.local/lib/python3.7/site-packages/airflow/example_dags/example_latest_only_with_trigger.py took 0.174 seconds
[2022-08-01 08:42:37,645] {processor.py:153} INFO - Started process (PID=347) to work on /home/airflow/.local/lib/python3.7/site-packages/airflow/example_dags/example_latest_only_with_trigger.py
[2022-08-01 08:42:37,648] {processor.py:641} INFO - Processing file /home/airflow/.local/lib/python3.7/site-packages/airflow/example_dags/example_latest_only_with_trigger.py for tasks to queue
[2022-08-01 08:42:37,649] {logging_mixin.py:115} INFO - [2022-08-01 08:42:37,649] {dagbag.py:507} INFO - Filling up the DagBag from /home/airflow/.local/lib/python3.7/site-packages/airflow/example_dags/example_latest_only_with_trigger.py
[2022-08-01 08:42:37,669] {processor.py:651} INFO - DAG(s) dict_keys(['latest_only_with_trigger']) retrieved from /home/airflow/.local/lib/python3.7/site-packages/airflow/example_dags/example_latest_only_with_trigger.py
[2022-08-01 08:42:37,707] {logging_mixin.py:115} INFO - [2022-08-01 08:42:37,707] {dag.py:2379} INFO - Sync 1 DAGs
[2022-08-01 08:42:37,739] {logging_mixin.py:115} INFO - [2022-08-01 08:42:37,738] {dag.py:2931} INFO - Setting next_dagrun for latest_only_with_trigger to 2022-08-01T04:42:37.738546+00:00, run_after=2022-08-01T08:42:37.738546+00:00
[2022-08-01 08:42:37,766] {processor.py:161} INFO - Processing /home/airflow/.local/lib/python3.7/site-packages/airflow/example_dags/example_latest_only_with_trigger.py took 0.123 seconds
[2022-08-01 08:43:08,303] {processor.py:153} INFO - Started process (PID=408) to work on /home/airflow/.local/lib/python3.7/site-packages/airflow/example_dags/example_latest_only_with_trigger.py
[2022-08-01 08:43:08,306] {processor.py:641} INFO - Processing file /home/airflow/.local/lib/python3.7/site-packages/airflow/example_dags/example_latest_only_with_trigger.py for tasks to queue
[2022-08-01 08:43:08,308] {logging_mixin.py:115} INFO - [2022-08-01 08:43:08,308] {dagbag.py:507} INFO - Filling up the DagBag from /home/airflow/.local/lib/python3.7/site-packages/airflow/example_dags/example_latest_only_with_trigger.py
[2022-08-01 08:43:08,324] {processor.py:651} INFO - DAG(s) dict_keys(['latest_only_with_trigger']) retrieved from /home/airflow/.local/lib/python3.7/site-packages/airflow/example_dags/example_latest_only_with_trigger.py
[2022-08-01 08:43:08,352] {logging_mixin.py:115} INFO - [2022-08-01 08:43:08,352] {dag.py:2379} INFO - Sync 1 DAGs
[2022-08-01 08:43:08,387] {logging_mixin.py:115} INFO - [2022-08-01 08:43:08,387] {dag.py:2931} INFO - Setting next_dagrun for latest_only_with_trigger to 2022-08-01T04:43:08.387506+00:00, run_after=2022-08-01T08:43:08.387506+00:00
[2022-08-01 08:43:08,411] {processor.py:161} INFO - Processing /home/airflow/.local/lib/python3.7/site-packages/airflow/example_dags/example_latest_only_with_trigger.py took 0.110 seconds
[2022-08-01 08:43:38,967] {processor.py:153} INFO - Started process (PID=467) to work on /home/airflow/.local/lib/python3.7/site-packages/airflow/example_dags/example_latest_only_with_trigger.py
[2022-08-01 08:43:38,970] {processor.py:641} INFO - Processing file /home/airflow/.local/lib/python3.7/site-packages/airflow/example_dags/example_latest_only_with_trigger.py for tasks to queue
[2022-08-01 08:43:38,971] {logging_mixin.py:115} INFO - [2022-08-01 08:43:38,971] {dagbag.py:507} INFO - Filling up the DagBag from /home/airflow/.local/lib/python3.7/site-packages/airflow/example_dags/example_latest_only_with_trigger.py
[2022-08-01 08:43:38,987] {processor.py:651} INFO - DAG(s) dict_keys(['latest_only_with_trigger']) retrieved from /home/airflow/.local/lib/python3.7/site-packages/airflow/example_dags/example_latest_only_with_trigger.py
[2022-08-01 08:43:39,031] {logging_mixin.py:115} INFO - [2022-08-01 08:43:39,030] {dag.py:2379} INFO - Sync 1 DAGs
[2022-08-01 08:43:39,061] {logging_mixin.py:115} INFO - [2022-08-01 08:43:39,061] {dag.py:2931} INFO - Setting next_dagrun for latest_only_with_trigger to 2022-08-01T04:43:39.061063+00:00, run_after=2022-08-01T08:43:39.061063+00:00
[2022-08-01 08:43:39,110] {processor.py:161} INFO - Processing /home/airflow/.local/lib/python3.7/site-packages/airflow/example_dags/example_latest_only_with_trigger.py took 0.147 seconds
[2022-08-01 08:44:09,291] {processor.py:153} INFO - Started process (PID=521) to work on /home/airflow/.local/lib/python3.7/site-packages/airflow/example_dags/example_latest_only_with_trigger.py
[2022-08-01 08:44:09,293] {processor.py:641} INFO - Processing file /home/airflow/.local/lib/python3.7/site-packages/airflow/example_dags/example_latest_only_with_trigger.py for tasks to queue
[2022-08-01 08:44:09,295] {logging_mixin.py:115} INFO - [2022-08-01 08:44:09,295] {dagbag.py:507} INFO - Filling up the DagBag from /home/airflow/.local/lib/python3.7/site-packages/airflow/example_dags/example_latest_only_with_trigger.py
[2022-08-01 08:44:09,303] {processor.py:651} INFO - DAG(s) dict_keys(['latest_only_with_trigger']) retrieved from /home/airflow/.local/lib/python3.7/site-packages/airflow/example_dags/example_latest_only_with_trigger.py
[2022-08-01 08:44:09,328] {logging_mixin.py:115} INFO - [2022-08-01 08:44:09,328] {dag.py:2379} INFO - Sync 1 DAGs
[2022-08-01 08:44:09,351] {logging_mixin.py:115} INFO - [2022-08-01 08:44:09,351] {dag.py:2931} INFO - Setting next_dagrun for latest_only_with_trigger to 2022-08-01T04:44:09.351426+00:00, run_after=2022-08-01T08:44:09.351426+00:00
[2022-08-01 08:44:09,363] {processor.py:161} INFO - Processing /home/airflow/.local/lib/python3.7/site-packages/airflow/example_dags/example_latest_only_with_trigger.py took 0.074 seconds
[2022-08-01 08:44:40,281] {processor.py:153} INFO - Started process (PID=582) to work on /home/airflow/.local/lib/python3.7/site-packages/airflow/example_dags/example_latest_only_with_trigger.py
[2022-08-01 08:44:40,293] {processor.py:641} INFO - Processing file /home/airflow/.local/lib/python3.7/site-packages/airflow/example_dags/example_latest_only_with_trigger.py for tasks to queue
[2022-08-01 08:44:40,296] {logging_mixin.py:115} INFO - [2022-08-01 08:44:40,296] {dagbag.py:507} INFO - Filling up the DagBag from /home/airflow/.local/lib/python3.7/site-packages/airflow/example_dags/example_latest_only_with_trigger.py
[2022-08-01 08:44:40,303] {processor.py:651} INFO - DAG(s) dict_keys(['latest_only_with_trigger']) retrieved from /home/airflow/.local/lib/python3.7/site-packages/airflow/example_dags/example_latest_only_with_trigger.py
[2022-08-01 08:44:40,323] {logging_mixin.py:115} INFO - [2022-08-01 08:44:40,323] {dag.py:2379} INFO - Sync 1 DAGs
[2022-08-01 08:44:40,337] {logging_mixin.py:115} INFO - [2022-08-01 08:44:40,337] {dag.py:2931} INFO - Setting next_dagrun for latest_only_with_trigger to 2022-08-01T04:44:40.337126+00:00, run_after=2022-08-01T08:44:40.337126+00:00
[2022-08-01 08:44:40,349] {processor.py:161} INFO - Processing /home/airflow/.local/lib/python3.7/site-packages/airflow/example_dags/example_latest_only_with_trigger.py took 0.070 seconds
[2022-08-01 08:45:11,301] {processor.py:153} INFO - Started process (PID=643) to work on /home/airflow/.local/lib/python3.7/site-packages/airflow/example_dags/example_latest_only_with_trigger.py
[2022-08-01 08:45:11,303] {processor.py:641} INFO - Processing file /home/airflow/.local/lib/python3.7/site-packages/airflow/example_dags/example_latest_only_with_trigger.py for tasks to queue
[2022-08-01 08:45:11,305] {logging_mixin.py:115} INFO - [2022-08-01 08:45:11,305] {dagbag.py:507} INFO - Filling up the DagBag from /home/airflow/.local/lib/python3.7/site-packages/airflow/example_dags/example_latest_only_with_trigger.py
[2022-08-01 08:45:11,311] {processor.py:651} INFO - DAG(s) dict_keys(['latest_only_with_trigger']) retrieved from /home/airflow/.local/lib/python3.7/site-packages/airflow/example_dags/example_latest_only_with_trigger.py
[2022-08-01 08:45:11,345] {logging_mixin.py:115} INFO - [2022-08-01 08:45:11,345] {dag.py:2379} INFO - Sync 1 DAGs
[2022-08-01 08:45:11,364] {logging_mixin.py:115} INFO - [2022-08-01 08:45:11,364] {dag.py:2931} INFO - Setting next_dagrun for latest_only_with_trigger to 2022-08-01T04:45:11.364580+00:00, run_after=2022-08-01T08:45:11.364580+00:00
[2022-08-01 08:45:11,387] {processor.py:161} INFO - Processing /home/airflow/.local/lib/python3.7/site-packages/airflow/example_dags/example_latest_only_with_trigger.py took 0.088 seconds
[2022-08-01 08:45:41,462] {processor.py:153} INFO - Started process (PID=696) to work on /home/airflow/.local/lib/python3.7/site-packages/airflow/example_dags/example_latest_only_with_trigger.py
[2022-08-01 08:45:41,468] {processor.py:641} INFO - Processing file /home/airflow/.local/lib/python3.7/site-packages/airflow/example_dags/example_latest_only_with_trigger.py for tasks to queue
[2022-08-01 08:45:41,470] {logging_mixin.py:115} INFO - [2022-08-01 08:45:41,470] {dagbag.py:507} INFO - Filling up the DagBag from /home/airflow/.local/lib/python3.7/site-packages/airflow/example_dags/example_latest_only_with_trigger.py
[2022-08-01 08:45:41,476] {processor.py:651} INFO - DAG(s) dict_keys(['latest_only_with_trigger']) retrieved from /home/airflow/.local/lib/python3.7/site-packages/airflow/example_dags/example_latest_only_with_trigger.py
[2022-08-01 08:45:41,496] {logging_mixin.py:115} INFO - [2022-08-01 08:45:41,496] {dag.py:2379} INFO - Sync 1 DAGs
[2022-08-01 08:45:41,510] {logging_mixin.py:115} INFO - [2022-08-01 08:45:41,510] {dag.py:2931} INFO - Setting next_dagrun for latest_only_with_trigger to 2022-08-01T04:45:41.510143+00:00, run_after=2022-08-01T08:45:41.510143+00:00
[2022-08-01 08:45:41,529] {processor.py:161} INFO - Processing /home/airflow/.local/lib/python3.7/site-packages/airflow/example_dags/example_latest_only_with_trigger.py took 0.070 seconds
[2022-08-01 08:46:11,915] {processor.py:153} INFO - Started process (PID=758) to work on /home/airflow/.local/lib/python3.7/site-packages/airflow/example_dags/example_latest_only_with_trigger.py
[2022-08-01 08:46:11,916] {processor.py:641} INFO - Processing file /home/airflow/.local/lib/python3.7/site-packages/airflow/example_dags/example_latest_only_with_trigger.py for tasks to queue
[2022-08-01 08:46:11,918] {logging_mixin.py:115} INFO - [2022-08-01 08:46:11,918] {dagbag.py:507} INFO - Filling up the DagBag from /home/airflow/.local/lib/python3.7/site-packages/airflow/example_dags/example_latest_only_with_trigger.py
[2022-08-01 08:46:11,924] {processor.py:651} INFO - DAG(s) dict_keys(['latest_only_with_trigger']) retrieved from /home/airflow/.local/lib/python3.7/site-packages/airflow/example_dags/example_latest_only_with_trigger.py
[2022-08-01 08:46:11,942] {logging_mixin.py:115} INFO - [2022-08-01 08:46:11,942] {dag.py:2379} INFO - Sync 1 DAGs
[2022-08-01 08:46:11,957] {logging_mixin.py:115} INFO - [2022-08-01 08:46:11,957] {dag.py:2931} INFO - Setting next_dagrun for latest_only_with_trigger to 2022-08-01T04:46:11.957406+00:00, run_after=2022-08-01T08:46:11.957406+00:00
[2022-08-01 08:46:11,972] {processor.py:161} INFO - Processing /home/airflow/.local/lib/python3.7/site-packages/airflow/example_dags/example_latest_only_with_trigger.py took 0.059 seconds
[2022-08-01 08:46:42,676] {processor.py:153} INFO - Started process (PID=821) to work on /home/airflow/.local/lib/python3.7/site-packages/airflow/example_dags/example_latest_only_with_trigger.py
[2022-08-01 08:46:42,677] {processor.py:641} INFO - Processing file /home/airflow/.local/lib/python3.7/site-packages/airflow/example_dags/example_latest_only_with_trigger.py for tasks to queue
[2022-08-01 08:46:42,678] {logging_mixin.py:115} INFO - [2022-08-01 08:46:42,678] {dagbag.py:507} INFO - Filling up the DagBag from /home/airflow/.local/lib/python3.7/site-packages/airflow/example_dags/example_latest_only_with_trigger.py
[2022-08-01 08:46:42,683] {processor.py:651} INFO - DAG(s) dict_keys(['latest_only_with_trigger']) retrieved from /home/airflow/.local/lib/python3.7/site-packages/airflow/example_dags/example_latest_only_with_trigger.py
[2022-08-01 08:46:42,701] {logging_mixin.py:115} INFO - [2022-08-01 08:46:42,701] {dag.py:2379} INFO - Sync 1 DAGs
[2022-08-01 08:46:42,721] {logging_mixin.py:115} INFO - [2022-08-01 08:46:42,721] {dag.py:2931} INFO - Setting next_dagrun for latest_only_with_trigger to 2022-08-01T04:46:42.720776+00:00, run_after=2022-08-01T08:46:42.720776+00:00
[2022-08-01 08:46:42,732] {processor.py:161} INFO - Processing /home/airflow/.local/lib/python3.7/site-packages/airflow/example_dags/example_latest_only_with_trigger.py took 0.058 seconds
[2022-08-01 08:47:13,328] {processor.py:153} INFO - Started process (PID=882) to work on /home/airflow/.local/lib/python3.7/site-packages/airflow/example_dags/example_latest_only_with_trigger.py
[2022-08-01 08:47:13,335] {processor.py:641} INFO - Processing file /home/airflow/.local/lib/python3.7/site-packages/airflow/example_dags/example_latest_only_with_trigger.py for tasks to queue
[2022-08-01 08:47:13,336] {logging_mixin.py:115} INFO - [2022-08-01 08:47:13,336] {dagbag.py:507} INFO - Filling up the DagBag from /home/airflow/.local/lib/python3.7/site-packages/airflow/example_dags/example_latest_only_with_trigger.py
[2022-08-01 08:47:13,343] {processor.py:651} INFO - DAG(s) dict_keys(['latest_only_with_trigger']) retrieved from /home/airflow/.local/lib/python3.7/site-packages/airflow/example_dags/example_latest_only_with_trigger.py
[2022-08-01 08:47:13,366] {logging_mixin.py:115} INFO - [2022-08-01 08:47:13,365] {dag.py:2379} INFO - Sync 1 DAGs
[2022-08-01 08:47:13,380] {logging_mixin.py:115} INFO - [2022-08-01 08:47:13,380] {dag.py:2931} INFO - Setting next_dagrun for latest_only_with_trigger to 2022-08-01T04:47:13.380088+00:00, run_after=2022-08-01T08:47:13.380088+00:00
[2022-08-01 08:47:13,389] {processor.py:161} INFO - Processing /home/airflow/.local/lib/python3.7/site-packages/airflow/example_dags/example_latest_only_with_trigger.py took 0.063 seconds
[2022-08-01 08:47:43,699] {processor.py:153} INFO - Started process (PID=943) to work on /home/airflow/.local/lib/python3.7/site-packages/airflow/example_dags/example_latest_only_with_trigger.py
[2022-08-01 08:47:43,701] {processor.py:641} INFO - Processing file /home/airflow/.local/lib/python3.7/site-packages/airflow/example_dags/example_latest_only_with_trigger.py for tasks to queue
[2022-08-01 08:47:43,702] {logging_mixin.py:115} INFO - [2022-08-01 08:47:43,702] {dagbag.py:507} INFO - Filling up the DagBag from /home/airflow/.local/lib/python3.7/site-packages/airflow/example_dags/example_latest_only_with_trigger.py
[2022-08-01 08:47:43,707] {processor.py:651} INFO - DAG(s) dict_keys(['latest_only_with_trigger']) retrieved from /home/airflow/.local/lib/python3.7/site-packages/airflow/example_dags/example_latest_only_with_trigger.py
[2022-08-01 08:47:43,726] {logging_mixin.py:115} INFO - [2022-08-01 08:47:43,726] {dag.py:2379} INFO - Sync 1 DAGs
[2022-08-01 08:47:43,741] {logging_mixin.py:115} INFO - [2022-08-01 08:47:43,741] {dag.py:2931} INFO - Setting next_dagrun for latest_only_with_trigger to 2022-08-01T04:47:43.741348+00:00, run_after=2022-08-01T08:47:43.741348+00:00
[2022-08-01 08:47:43,750] {processor.py:161} INFO - Processing /home/airflow/.local/lib/python3.7/site-packages/airflow/example_dags/example_latest_only_with_trigger.py took 0.054 seconds
[2022-08-01 08:48:13,861] {processor.py:153} INFO - Started process (PID=995) to work on /home/airflow/.local/lib/python3.7/site-packages/airflow/example_dags/example_latest_only_with_trigger.py
[2022-08-01 08:48:13,862] {processor.py:641} INFO - Processing file /home/airflow/.local/lib/python3.7/site-packages/airflow/example_dags/example_latest_only_with_trigger.py for tasks to queue
[2022-08-01 08:48:13,863] {logging_mixin.py:115} INFO - [2022-08-01 08:48:13,863] {dagbag.py:507} INFO - Filling up the DagBag from /home/airflow/.local/lib/python3.7/site-packages/airflow/example_dags/example_latest_only_with_trigger.py
[2022-08-01 08:48:13,868] {processor.py:651} INFO - DAG(s) dict_keys(['latest_only_with_trigger']) retrieved from /home/airflow/.local/lib/python3.7/site-packages/airflow/example_dags/example_latest_only_with_trigger.py
[2022-08-01 08:48:13,889] {logging_mixin.py:115} INFO - [2022-08-01 08:48:13,889] {dag.py:2379} INFO - Sync 1 DAGs
[2022-08-01 08:48:13,908] {logging_mixin.py:115} INFO - [2022-08-01 08:48:13,908] {dag.py:2931} INFO - Setting next_dagrun for latest_only_with_trigger to 2022-08-01T04:48:13.907982+00:00, run_after=2022-08-01T08:48:13.907982+00:00
[2022-08-01 08:48:13,925] {processor.py:161} INFO - Processing /home/airflow/.local/lib/python3.7/site-packages/airflow/example_dags/example_latest_only_with_trigger.py took 0.067 seconds
[2022-08-01 08:48:44,318] {processor.py:153} INFO - Started process (PID=1056) to work on /home/airflow/.local/lib/python3.7/site-packages/airflow/example_dags/example_latest_only_with_trigger.py
[2022-08-01 08:48:44,320] {processor.py:641} INFO - Processing file /home/airflow/.local/lib/python3.7/site-packages/airflow/example_dags/example_latest_only_with_trigger.py for tasks to queue
[2022-08-01 08:48:44,321] {logging_mixin.py:115} INFO - [2022-08-01 08:48:44,321] {dagbag.py:507} INFO - Filling up the DagBag from /home/airflow/.local/lib/python3.7/site-packages/airflow/example_dags/example_latest_only_with_trigger.py
[2022-08-01 08:48:44,327] {processor.py:651} INFO - DAG(s) dict_keys(['latest_only_with_trigger']) retrieved from /home/airflow/.local/lib/python3.7/site-packages/airflow/example_dags/example_latest_only_with_trigger.py
[2022-08-01 08:48:44,349] {logging_mixin.py:115} INFO - [2022-08-01 08:48:44,349] {dag.py:2379} INFO - Sync 1 DAGs
[2022-08-01 08:48:44,362] {logging_mixin.py:115} INFO - [2022-08-01 08:48:44,362] {dag.py:2931} INFO - Setting next_dagrun for latest_only_with_trigger to 2022-08-01T04:48:44.362709+00:00, run_after=2022-08-01T08:48:44.362709+00:00
[2022-08-01 08:48:44,374] {processor.py:161} INFO - Processing /home/airflow/.local/lib/python3.7/site-packages/airflow/example_dags/example_latest_only_with_trigger.py took 0.059 seconds
[2022-08-01 08:49:14,539] {processor.py:153} INFO - Started process (PID=1118) to work on /home/airflow/.local/lib/python3.7/site-packages/airflow/example_dags/example_latest_only_with_trigger.py
[2022-08-01 08:49:14,541] {processor.py:641} INFO - Processing file /home/airflow/.local/lib/python3.7/site-packages/airflow/example_dags/example_latest_only_with_trigger.py for tasks to queue
[2022-08-01 08:49:14,543] {logging_mixin.py:115} INFO - [2022-08-01 08:49:14,543] {dagbag.py:507} INFO - Filling up the DagBag from /home/airflow/.local/lib/python3.7/site-packages/airflow/example_dags/example_latest_only_with_trigger.py
[2022-08-01 08:49:14,547] {processor.py:651} INFO - DAG(s) dict_keys(['latest_only_with_trigger']) retrieved from /home/airflow/.local/lib/python3.7/site-packages/airflow/example_dags/example_latest_only_with_trigger.py
[2022-08-01 08:49:14,566] {logging_mixin.py:115} INFO - [2022-08-01 08:49:14,566] {dag.py:2379} INFO - Sync 1 DAGs
[2022-08-01 08:49:14,579] {logging_mixin.py:115} INFO - [2022-08-01 08:49:14,579] {dag.py:2931} INFO - Setting next_dagrun for latest_only_with_trigger to 2022-08-01T04:49:14.579168+00:00, run_after=2022-08-01T08:49:14.579168+00:00
[2022-08-01 08:49:14,586] {processor.py:161} INFO - Processing /home/airflow/.local/lib/python3.7/site-packages/airflow/example_dags/example_latest_only_with_trigger.py took 0.050 seconds
[2022-08-01 08:49:44,649] {processor.py:153} INFO - Started process (PID=1180) to work on /home/airflow/.local/lib/python3.7/site-packages/airflow/example_dags/example_latest_only_with_trigger.py
[2022-08-01 08:49:44,651] {processor.py:641} INFO - Processing file /home/airflow/.local/lib/python3.7/site-packages/airflow/example_dags/example_latest_only_with_trigger.py for tasks to queue
[2022-08-01 08:49:44,653] {logging_mixin.py:115} INFO - [2022-08-01 08:49:44,653] {dagbag.py:507} INFO - Filling up the DagBag from /home/airflow/.local/lib/python3.7/site-packages/airflow/example_dags/example_latest_only_with_trigger.py
[2022-08-01 08:49:44,658] {processor.py:651} INFO - DAG(s) dict_keys(['latest_only_with_trigger']) retrieved from /home/airflow/.local/lib/python3.7/site-packages/airflow/example_dags/example_latest_only_with_trigger.py
[2022-08-01 08:49:44,684] {logging_mixin.py:115} INFO - [2022-08-01 08:49:44,684] {dag.py:2379} INFO - Sync 1 DAGs
[2022-08-01 08:49:44,706] {logging_mixin.py:115} INFO - [2022-08-01 08:49:44,705] {dag.py:2931} INFO - Setting next_dagrun for latest_only_with_trigger to 2022-08-01T04:49:44.705816+00:00, run_after=2022-08-01T08:49:44.705816+00:00
[2022-08-01 08:49:44,716] {processor.py:161} INFO - Processing /home/airflow/.local/lib/python3.7/site-packages/airflow/example_dags/example_latest_only_with_trigger.py took 0.069 seconds
[2022-08-01 08:50:14,911] {processor.py:153} INFO - Started process (PID=1244) to work on /home/airflow/.local/lib/python3.7/site-packages/airflow/example_dags/example_latest_only_with_trigger.py
[2022-08-01 08:50:14,912] {processor.py:641} INFO - Processing file /home/airflow/.local/lib/python3.7/site-packages/airflow/example_dags/example_latest_only_with_trigger.py for tasks to queue
[2022-08-01 08:50:14,914] {logging_mixin.py:115} INFO - [2022-08-01 08:50:14,914] {dagbag.py:507} INFO - Filling up the DagBag from /home/airflow/.local/lib/python3.7/site-packages/airflow/example_dags/example_latest_only_with_trigger.py
[2022-08-01 08:50:14,919] {processor.py:651} INFO - DAG(s) dict_keys(['latest_only_with_trigger']) retrieved from /home/airflow/.local/lib/python3.7/site-packages/airflow/example_dags/example_latest_only_with_trigger.py
[2022-08-01 08:50:14,937] {logging_mixin.py:115} INFO - [2022-08-01 08:50:14,937] {dag.py:2379} INFO - Sync 1 DAGs
[2022-08-01 08:50:14,951] {logging_mixin.py:115} INFO - [2022-08-01 08:50:14,950] {dag.py:2931} INFO - Setting next_dagrun for latest_only_with_trigger to 2022-08-01T04:50:14.950782+00:00, run_after=2022-08-01T08:50:14.950782+00:00
[2022-08-01 08:50:14,959] {processor.py:161} INFO - Processing /home/airflow/.local/lib/python3.7/site-packages/airflow/example_dags/example_latest_only_with_trigger.py took 0.050 seconds
