[2022-08-01 08:40:02,536] {processor.py:153} INFO - Started process (PID=53) to work on /home/airflow/.local/lib/python3.7/site-packages/airflow/example_dags/example_branch_operator_decorator.py
[2022-08-01 08:40:02,543] {processor.py:641} INFO - Processing file /home/airflow/.local/lib/python3.7/site-packages/airflow/example_dags/example_branch_operator_decorator.py for tasks to queue
[2022-08-01 08:40:02,546] {logging_mixin.py:115} INFO - [2022-08-01 08:40:02,546] {dagbag.py:507} INFO - Filling up the DagBag from /home/airflow/.local/lib/python3.7/site-packages/airflow/example_dags/example_branch_operator_decorator.py
[2022-08-01 08:40:02,613] {processor.py:651} INFO - DAG(s) dict_keys(['example_branch_python_operator_decorator']) retrieved from /home/airflow/.local/lib/python3.7/site-packages/airflow/example_dags/example_branch_operator_decorator.py
[2022-08-01 08:40:02,666] {logging_mixin.py:115} INFO - [2022-08-01 08:40:02,666] {dag.py:2379} INFO - Sync 1 DAGs
[2022-08-01 08:40:02,705] {logging_mixin.py:115} INFO - [2022-08-01 08:40:02,705] {dag.py:2931} INFO - Setting next_dagrun for example_branch_python_operator_decorator to 2022-07-31T00:00:00+00:00, run_after=2022-08-01T00:00:00+00:00
[2022-08-01 08:40:02,746] {processor.py:161} INFO - Processing /home/airflow/.local/lib/python3.7/site-packages/airflow/example_dags/example_branch_operator_decorator.py took 0.214 seconds
[2022-08-01 08:40:33,289] {processor.py:153} INFO - Started process (PID=107) to work on /home/airflow/.local/lib/python3.7/site-packages/airflow/example_dags/example_branch_operator_decorator.py
[2022-08-01 08:40:33,292] {processor.py:641} INFO - Processing file /home/airflow/.local/lib/python3.7/site-packages/airflow/example_dags/example_branch_operator_decorator.py for tasks to queue
[2022-08-01 08:40:33,294] {logging_mixin.py:115} INFO - [2022-08-01 08:40:33,293] {dagbag.py:507} INFO - Filling up the DagBag from /home/airflow/.local/lib/python3.7/site-packages/airflow/example_dags/example_branch_operator_decorator.py
[2022-08-01 08:40:33,335] {processor.py:651} INFO - DAG(s) dict_keys(['example_branch_python_operator_decorator']) retrieved from /home/airflow/.local/lib/python3.7/site-packages/airflow/example_dags/example_branch_operator_decorator.py
[2022-08-01 08:40:33,382] {logging_mixin.py:115} INFO - [2022-08-01 08:40:33,382] {dag.py:2379} INFO - Sync 1 DAGs
[2022-08-01 08:40:33,411] {logging_mixin.py:115} INFO - [2022-08-01 08:40:33,411] {dag.py:2931} INFO - Setting next_dagrun for example_branch_python_operator_decorator to 2022-07-31T00:00:00+00:00, run_after=2022-08-01T00:00:00+00:00
[2022-08-01 08:40:33,435] {processor.py:161} INFO - Processing /home/airflow/.local/lib/python3.7/site-packages/airflow/example_dags/example_branch_operator_decorator.py took 0.149 seconds
[2022-08-01 08:41:03,651] {processor.py:153} INFO - Started process (PID=168) to work on /home/airflow/.local/lib/python3.7/site-packages/airflow/example_dags/example_branch_operator_decorator.py
[2022-08-01 08:41:03,653] {processor.py:641} INFO - Processing file /home/airflow/.local/lib/python3.7/site-packages/airflow/example_dags/example_branch_operator_decorator.py for tasks to queue
[2022-08-01 08:41:03,655] {logging_mixin.py:115} INFO - [2022-08-01 08:41:03,655] {dagbag.py:507} INFO - Filling up the DagBag from /home/airflow/.local/lib/python3.7/site-packages/airflow/example_dags/example_branch_operator_decorator.py
[2022-08-01 08:41:03,688] {processor.py:651} INFO - DAG(s) dict_keys(['example_branch_python_operator_decorator']) retrieved from /home/airflow/.local/lib/python3.7/site-packages/airflow/example_dags/example_branch_operator_decorator.py
[2022-08-01 08:41:03,720] {logging_mixin.py:115} INFO - [2022-08-01 08:41:03,720] {dag.py:2379} INFO - Sync 1 DAGs
[2022-08-01 08:41:03,748] {logging_mixin.py:115} INFO - [2022-08-01 08:41:03,748] {dag.py:2931} INFO - Setting next_dagrun for example_branch_python_operator_decorator to 2022-07-31T00:00:00+00:00, run_after=2022-08-01T00:00:00+00:00
[2022-08-01 08:41:03,769] {processor.py:161} INFO - Processing /home/airflow/.local/lib/python3.7/site-packages/airflow/example_dags/example_branch_operator_decorator.py took 0.120 seconds
[2022-08-01 08:41:34,250] {processor.py:153} INFO - Started process (PID=229) to work on /home/airflow/.local/lib/python3.7/site-packages/airflow/example_dags/example_branch_operator_decorator.py
[2022-08-01 08:41:34,253] {processor.py:641} INFO - Processing file /home/airflow/.local/lib/python3.7/site-packages/airflow/example_dags/example_branch_operator_decorator.py for tasks to queue
[2022-08-01 08:41:34,254] {logging_mixin.py:115} INFO - [2022-08-01 08:41:34,254] {dagbag.py:507} INFO - Filling up the DagBag from /home/airflow/.local/lib/python3.7/site-packages/airflow/example_dags/example_branch_operator_decorator.py
[2022-08-01 08:41:34,320] {processor.py:651} INFO - DAG(s) dict_keys(['example_branch_python_operator_decorator']) retrieved from /home/airflow/.local/lib/python3.7/site-packages/airflow/example_dags/example_branch_operator_decorator.py
[2022-08-01 08:41:34,378] {logging_mixin.py:115} INFO - [2022-08-01 08:41:34,378] {dag.py:2379} INFO - Sync 1 DAGs
[2022-08-01 08:41:34,436] {logging_mixin.py:115} INFO - [2022-08-01 08:41:34,436] {dag.py:2931} INFO - Setting next_dagrun for example_branch_python_operator_decorator to 2022-07-31T00:00:00+00:00, run_after=2022-08-01T00:00:00+00:00
[2022-08-01 08:41:34,486] {processor.py:161} INFO - Processing /home/airflow/.local/lib/python3.7/site-packages/airflow/example_dags/example_branch_operator_decorator.py took 0.238 seconds
[2022-08-01 08:42:05,081] {processor.py:153} INFO - Started process (PID=282) to work on /home/airflow/.local/lib/python3.7/site-packages/airflow/example_dags/example_branch_operator_decorator.py
[2022-08-01 08:42:05,089] {processor.py:641} INFO - Processing file /home/airflow/.local/lib/python3.7/site-packages/airflow/example_dags/example_branch_operator_decorator.py for tasks to queue
[2022-08-01 08:42:05,092] {logging_mixin.py:115} INFO - [2022-08-01 08:42:05,092] {dagbag.py:507} INFO - Filling up the DagBag from /home/airflow/.local/lib/python3.7/site-packages/airflow/example_dags/example_branch_operator_decorator.py
[2022-08-01 08:42:05,158] {processor.py:651} INFO - DAG(s) dict_keys(['example_branch_python_operator_decorator']) retrieved from /home/airflow/.local/lib/python3.7/site-packages/airflow/example_dags/example_branch_operator_decorator.py
[2022-08-01 08:42:05,209] {logging_mixin.py:115} INFO - [2022-08-01 08:42:05,209] {dag.py:2379} INFO - Sync 1 DAGs
[2022-08-01 08:42:05,281] {logging_mixin.py:115} INFO - [2022-08-01 08:42:05,281] {dag.py:2931} INFO - Setting next_dagrun for example_branch_python_operator_decorator to 2022-07-31T00:00:00+00:00, run_after=2022-08-01T00:00:00+00:00
[2022-08-01 08:42:05,304] {processor.py:161} INFO - Processing /home/airflow/.local/lib/python3.7/site-packages/airflow/example_dags/example_branch_operator_decorator.py took 0.227 seconds
[2022-08-01 08:42:35,361] {processor.py:153} INFO - Started process (PID=343) to work on /home/airflow/.local/lib/python3.7/site-packages/airflow/example_dags/example_branch_operator_decorator.py
[2022-08-01 08:42:35,365] {processor.py:641} INFO - Processing file /home/airflow/.local/lib/python3.7/site-packages/airflow/example_dags/example_branch_operator_decorator.py for tasks to queue
[2022-08-01 08:42:35,369] {logging_mixin.py:115} INFO - [2022-08-01 08:42:35,369] {dagbag.py:507} INFO - Filling up the DagBag from /home/airflow/.local/lib/python3.7/site-packages/airflow/example_dags/example_branch_operator_decorator.py
[2022-08-01 08:42:35,416] {processor.py:651} INFO - DAG(s) dict_keys(['example_branch_python_operator_decorator']) retrieved from /home/airflow/.local/lib/python3.7/site-packages/airflow/example_dags/example_branch_operator_decorator.py
[2022-08-01 08:42:35,470] {logging_mixin.py:115} INFO - [2022-08-01 08:42:35,470] {dag.py:2379} INFO - Sync 1 DAGs
[2022-08-01 08:42:35,522] {logging_mixin.py:115} INFO - [2022-08-01 08:42:35,521] {dag.py:2931} INFO - Setting next_dagrun for example_branch_python_operator_decorator to 2022-07-31T00:00:00+00:00, run_after=2022-08-01T00:00:00+00:00
[2022-08-01 08:42:35,554] {processor.py:161} INFO - Processing /home/airflow/.local/lib/python3.7/site-packages/airflow/example_dags/example_branch_operator_decorator.py took 0.195 seconds
[2022-08-01 08:43:06,053] {processor.py:153} INFO - Started process (PID=404) to work on /home/airflow/.local/lib/python3.7/site-packages/airflow/example_dags/example_branch_operator_decorator.py
[2022-08-01 08:43:06,056] {processor.py:641} INFO - Processing file /home/airflow/.local/lib/python3.7/site-packages/airflow/example_dags/example_branch_operator_decorator.py for tasks to queue
[2022-08-01 08:43:06,058] {logging_mixin.py:115} INFO - [2022-08-01 08:43:06,058] {dagbag.py:507} INFO - Filling up the DagBag from /home/airflow/.local/lib/python3.7/site-packages/airflow/example_dags/example_branch_operator_decorator.py
[2022-08-01 08:43:06,107] {processor.py:651} INFO - DAG(s) dict_keys(['example_branch_python_operator_decorator']) retrieved from /home/airflow/.local/lib/python3.7/site-packages/airflow/example_dags/example_branch_operator_decorator.py
[2022-08-01 08:43:06,156] {logging_mixin.py:115} INFO - [2022-08-01 08:43:06,156] {dag.py:2379} INFO - Sync 1 DAGs
[2022-08-01 08:43:06,210] {logging_mixin.py:115} INFO - [2022-08-01 08:43:06,210] {dag.py:2931} INFO - Setting next_dagrun for example_branch_python_operator_decorator to 2022-07-31T00:00:00+00:00, run_after=2022-08-01T00:00:00+00:00
[2022-08-01 08:43:06,239] {processor.py:161} INFO - Processing /home/airflow/.local/lib/python3.7/site-packages/airflow/example_dags/example_branch_operator_decorator.py took 0.189 seconds
[2022-08-01 08:43:36,709] {processor.py:153} INFO - Started process (PID=456) to work on /home/airflow/.local/lib/python3.7/site-packages/airflow/example_dags/example_branch_operator_decorator.py
[2022-08-01 08:43:36,711] {processor.py:641} INFO - Processing file /home/airflow/.local/lib/python3.7/site-packages/airflow/example_dags/example_branch_operator_decorator.py for tasks to queue
[2022-08-01 08:43:36,713] {logging_mixin.py:115} INFO - [2022-08-01 08:43:36,713] {dagbag.py:507} INFO - Filling up the DagBag from /home/airflow/.local/lib/python3.7/site-packages/airflow/example_dags/example_branch_operator_decorator.py
[2022-08-01 08:43:36,730] {processor.py:651} INFO - DAG(s) dict_keys(['example_branch_python_operator_decorator']) retrieved from /home/airflow/.local/lib/python3.7/site-packages/airflow/example_dags/example_branch_operator_decorator.py
[2022-08-01 08:43:36,757] {logging_mixin.py:115} INFO - [2022-08-01 08:43:36,757] {dag.py:2379} INFO - Sync 1 DAGs
[2022-08-01 08:43:36,771] {logging_mixin.py:115} INFO - [2022-08-01 08:43:36,771] {dag.py:2931} INFO - Setting next_dagrun for example_branch_python_operator_decorator to 2022-07-31T00:00:00+00:00, run_after=2022-08-01T00:00:00+00:00
[2022-08-01 08:43:36,781] {processor.py:161} INFO - Processing /home/airflow/.local/lib/python3.7/site-packages/airflow/example_dags/example_branch_operator_decorator.py took 0.075 seconds
[2022-08-01 08:44:07,085] {processor.py:153} INFO - Started process (PID=518) to work on /home/airflow/.local/lib/python3.7/site-packages/airflow/example_dags/example_branch_operator_decorator.py
[2022-08-01 08:44:07,090] {processor.py:641} INFO - Processing file /home/airflow/.local/lib/python3.7/site-packages/airflow/example_dags/example_branch_operator_decorator.py for tasks to queue
[2022-08-01 08:44:07,092] {logging_mixin.py:115} INFO - [2022-08-01 08:44:07,091] {dagbag.py:507} INFO - Filling up the DagBag from /home/airflow/.local/lib/python3.7/site-packages/airflow/example_dags/example_branch_operator_decorator.py
[2022-08-01 08:44:07,114] {processor.py:651} INFO - DAG(s) dict_keys(['example_branch_python_operator_decorator']) retrieved from /home/airflow/.local/lib/python3.7/site-packages/airflow/example_dags/example_branch_operator_decorator.py
[2022-08-01 08:44:07,155] {logging_mixin.py:115} INFO - [2022-08-01 08:44:07,155] {dag.py:2379} INFO - Sync 1 DAGs
[2022-08-01 08:44:07,187] {logging_mixin.py:115} INFO - [2022-08-01 08:44:07,187] {dag.py:2931} INFO - Setting next_dagrun for example_branch_python_operator_decorator to 2022-07-31T00:00:00+00:00, run_after=2022-08-01T00:00:00+00:00
[2022-08-01 08:44:07,204] {processor.py:161} INFO - Processing /home/airflow/.local/lib/python3.7/site-packages/airflow/example_dags/example_branch_operator_decorator.py took 0.122 seconds
[2022-08-01 08:44:38,137] {processor.py:153} INFO - Started process (PID=579) to work on /home/airflow/.local/lib/python3.7/site-packages/airflow/example_dags/example_branch_operator_decorator.py
[2022-08-01 08:44:38,138] {processor.py:641} INFO - Processing file /home/airflow/.local/lib/python3.7/site-packages/airflow/example_dags/example_branch_operator_decorator.py for tasks to queue
[2022-08-01 08:44:38,139] {logging_mixin.py:115} INFO - [2022-08-01 08:44:38,139] {dagbag.py:507} INFO - Filling up the DagBag from /home/airflow/.local/lib/python3.7/site-packages/airflow/example_dags/example_branch_operator_decorator.py
[2022-08-01 08:44:38,168] {processor.py:651} INFO - DAG(s) dict_keys(['example_branch_python_operator_decorator']) retrieved from /home/airflow/.local/lib/python3.7/site-packages/airflow/example_dags/example_branch_operator_decorator.py
[2022-08-01 08:44:38,198] {logging_mixin.py:115} INFO - [2022-08-01 08:44:38,198] {dag.py:2379} INFO - Sync 1 DAGs
[2022-08-01 08:44:38,221] {logging_mixin.py:115} INFO - [2022-08-01 08:44:38,221] {dag.py:2931} INFO - Setting next_dagrun for example_branch_python_operator_decorator to 2022-07-31T00:00:00+00:00, run_after=2022-08-01T00:00:00+00:00
[2022-08-01 08:44:38,233] {processor.py:161} INFO - Processing /home/airflow/.local/lib/python3.7/site-packages/airflow/example_dags/example_branch_operator_decorator.py took 0.098 seconds
[2022-08-01 08:45:09,127] {processor.py:153} INFO - Started process (PID=638) to work on /home/airflow/.local/lib/python3.7/site-packages/airflow/example_dags/example_branch_operator_decorator.py
[2022-08-01 08:45:09,131] {processor.py:641} INFO - Processing file /home/airflow/.local/lib/python3.7/site-packages/airflow/example_dags/example_branch_operator_decorator.py for tasks to queue
[2022-08-01 08:45:09,132] {logging_mixin.py:115} INFO - [2022-08-01 08:45:09,132] {dagbag.py:507} INFO - Filling up the DagBag from /home/airflow/.local/lib/python3.7/site-packages/airflow/example_dags/example_branch_operator_decorator.py
[2022-08-01 08:45:09,165] {processor.py:651} INFO - DAG(s) dict_keys(['example_branch_python_operator_decorator']) retrieved from /home/airflow/.local/lib/python3.7/site-packages/airflow/example_dags/example_branch_operator_decorator.py
[2022-08-01 08:45:09,236] {logging_mixin.py:115} INFO - [2022-08-01 08:45:09,236] {dag.py:2379} INFO - Sync 1 DAGs
[2022-08-01 08:45:09,262] {logging_mixin.py:115} INFO - [2022-08-01 08:45:09,262] {dag.py:2931} INFO - Setting next_dagrun for example_branch_python_operator_decorator to 2022-07-31T00:00:00+00:00, run_after=2022-08-01T00:00:00+00:00
[2022-08-01 08:45:09,271] {processor.py:161} INFO - Processing /home/airflow/.local/lib/python3.7/site-packages/airflow/example_dags/example_branch_operator_decorator.py took 0.147 seconds
[2022-08-01 08:45:39,355] {processor.py:153} INFO - Started process (PID=694) to work on /home/airflow/.local/lib/python3.7/site-packages/airflow/example_dags/example_branch_operator_decorator.py
[2022-08-01 08:45:39,367] {processor.py:641} INFO - Processing file /home/airflow/.local/lib/python3.7/site-packages/airflow/example_dags/example_branch_operator_decorator.py for tasks to queue
[2022-08-01 08:45:39,370] {logging_mixin.py:115} INFO - [2022-08-01 08:45:39,370] {dagbag.py:507} INFO - Filling up the DagBag from /home/airflow/.local/lib/python3.7/site-packages/airflow/example_dags/example_branch_operator_decorator.py
[2022-08-01 08:45:39,383] {processor.py:651} INFO - DAG(s) dict_keys(['example_branch_python_operator_decorator']) retrieved from /home/airflow/.local/lib/python3.7/site-packages/airflow/example_dags/example_branch_operator_decorator.py
[2022-08-01 08:45:39,401] {logging_mixin.py:115} INFO - [2022-08-01 08:45:39,401] {dag.py:2379} INFO - Sync 1 DAGs
[2022-08-01 08:45:39,415] {logging_mixin.py:115} INFO - [2022-08-01 08:45:39,415] {dag.py:2931} INFO - Setting next_dagrun for example_branch_python_operator_decorator to 2022-07-31T00:00:00+00:00, run_after=2022-08-01T00:00:00+00:00
[2022-08-01 08:45:39,426] {processor.py:161} INFO - Processing /home/airflow/.local/lib/python3.7/site-packages/airflow/example_dags/example_branch_operator_decorator.py took 0.073 seconds
[2022-08-01 08:46:09,750] {processor.py:153} INFO - Started process (PID=755) to work on /home/airflow/.local/lib/python3.7/site-packages/airflow/example_dags/example_branch_operator_decorator.py
[2022-08-01 08:46:09,752] {processor.py:641} INFO - Processing file /home/airflow/.local/lib/python3.7/site-packages/airflow/example_dags/example_branch_operator_decorator.py for tasks to queue
[2022-08-01 08:46:09,754] {logging_mixin.py:115} INFO - [2022-08-01 08:46:09,754] {dagbag.py:507} INFO - Filling up the DagBag from /home/airflow/.local/lib/python3.7/site-packages/airflow/example_dags/example_branch_operator_decorator.py
[2022-08-01 08:46:09,766] {processor.py:651} INFO - DAG(s) dict_keys(['example_branch_python_operator_decorator']) retrieved from /home/airflow/.local/lib/python3.7/site-packages/airflow/example_dags/example_branch_operator_decorator.py
[2022-08-01 08:46:09,787] {logging_mixin.py:115} INFO - [2022-08-01 08:46:09,787] {dag.py:2379} INFO - Sync 1 DAGs
[2022-08-01 08:46:09,801] {logging_mixin.py:115} INFO - [2022-08-01 08:46:09,801] {dag.py:2931} INFO - Setting next_dagrun for example_branch_python_operator_decorator to 2022-07-31T00:00:00+00:00, run_after=2022-08-01T00:00:00+00:00
[2022-08-01 08:46:09,812] {processor.py:161} INFO - Processing /home/airflow/.local/lib/python3.7/site-packages/airflow/example_dags/example_branch_operator_decorator.py took 0.064 seconds
[2022-08-01 08:46:40,574] {processor.py:153} INFO - Started process (PID=818) to work on /home/airflow/.local/lib/python3.7/site-packages/airflow/example_dags/example_branch_operator_decorator.py
[2022-08-01 08:46:40,576] {processor.py:641} INFO - Processing file /home/airflow/.local/lib/python3.7/site-packages/airflow/example_dags/example_branch_operator_decorator.py for tasks to queue
[2022-08-01 08:46:40,577] {logging_mixin.py:115} INFO - [2022-08-01 08:46:40,577] {dagbag.py:507} INFO - Filling up the DagBag from /home/airflow/.local/lib/python3.7/site-packages/airflow/example_dags/example_branch_operator_decorator.py
[2022-08-01 08:46:40,590] {processor.py:651} INFO - DAG(s) dict_keys(['example_branch_python_operator_decorator']) retrieved from /home/airflow/.local/lib/python3.7/site-packages/airflow/example_dags/example_branch_operator_decorator.py
[2022-08-01 08:46:40,616] {logging_mixin.py:115} INFO - [2022-08-01 08:46:40,616] {dag.py:2379} INFO - Sync 1 DAGs
[2022-08-01 08:46:40,630] {logging_mixin.py:115} INFO - [2022-08-01 08:46:40,630] {dag.py:2931} INFO - Setting next_dagrun for example_branch_python_operator_decorator to 2022-07-31T00:00:00+00:00, run_after=2022-08-01T00:00:00+00:00
[2022-08-01 08:46:40,645] {processor.py:161} INFO - Processing /home/airflow/.local/lib/python3.7/site-packages/airflow/example_dags/example_branch_operator_decorator.py took 0.073 seconds
[2022-08-01 08:47:11,137] {processor.py:153} INFO - Started process (PID=879) to work on /home/airflow/.local/lib/python3.7/site-packages/airflow/example_dags/example_branch_operator_decorator.py
[2022-08-01 08:47:11,141] {processor.py:641} INFO - Processing file /home/airflow/.local/lib/python3.7/site-packages/airflow/example_dags/example_branch_operator_decorator.py for tasks to queue
[2022-08-01 08:47:11,143] {logging_mixin.py:115} INFO - [2022-08-01 08:47:11,142] {dagbag.py:507} INFO - Filling up the DagBag from /home/airflow/.local/lib/python3.7/site-packages/airflow/example_dags/example_branch_operator_decorator.py
[2022-08-01 08:47:11,156] {processor.py:651} INFO - DAG(s) dict_keys(['example_branch_python_operator_decorator']) retrieved from /home/airflow/.local/lib/python3.7/site-packages/airflow/example_dags/example_branch_operator_decorator.py
[2022-08-01 08:47:11,176] {logging_mixin.py:115} INFO - [2022-08-01 08:47:11,176] {dag.py:2379} INFO - Sync 1 DAGs
[2022-08-01 08:47:11,201] {logging_mixin.py:115} INFO - [2022-08-01 08:47:11,201] {dag.py:2931} INFO - Setting next_dagrun for example_branch_python_operator_decorator to 2022-07-31T00:00:00+00:00, run_after=2022-08-01T00:00:00+00:00
[2022-08-01 08:47:11,217] {processor.py:161} INFO - Processing /home/airflow/.local/lib/python3.7/site-packages/airflow/example_dags/example_branch_operator_decorator.py took 0.082 seconds
[2022-08-01 08:47:41,554] {processor.py:153} INFO - Started process (PID=940) to work on /home/airflow/.local/lib/python3.7/site-packages/airflow/example_dags/example_branch_operator_decorator.py
[2022-08-01 08:47:41,561] {processor.py:641} INFO - Processing file /home/airflow/.local/lib/python3.7/site-packages/airflow/example_dags/example_branch_operator_decorator.py for tasks to queue
[2022-08-01 08:47:41,563] {logging_mixin.py:115} INFO - [2022-08-01 08:47:41,563] {dagbag.py:507} INFO - Filling up the DagBag from /home/airflow/.local/lib/python3.7/site-packages/airflow/example_dags/example_branch_operator_decorator.py
[2022-08-01 08:47:41,577] {processor.py:651} INFO - DAG(s) dict_keys(['example_branch_python_operator_decorator']) retrieved from /home/airflow/.local/lib/python3.7/site-packages/airflow/example_dags/example_branch_operator_decorator.py
[2022-08-01 08:47:41,596] {logging_mixin.py:115} INFO - [2022-08-01 08:47:41,596] {dag.py:2379} INFO - Sync 1 DAGs
[2022-08-01 08:47:41,627] {logging_mixin.py:115} INFO - [2022-08-01 08:47:41,627] {dag.py:2931} INFO - Setting next_dagrun for example_branch_python_operator_decorator to 2022-07-31T00:00:00+00:00, run_after=2022-08-01T00:00:00+00:00
[2022-08-01 08:47:41,640] {processor.py:161} INFO - Processing /home/airflow/.local/lib/python3.7/site-packages/airflow/example_dags/example_branch_operator_decorator.py took 0.089 seconds
[2022-08-01 08:48:11,672] {processor.py:153} INFO - Started process (PID=992) to work on /home/airflow/.local/lib/python3.7/site-packages/airflow/example_dags/example_branch_operator_decorator.py
[2022-08-01 08:48:11,673] {processor.py:641} INFO - Processing file /home/airflow/.local/lib/python3.7/site-packages/airflow/example_dags/example_branch_operator_decorator.py for tasks to queue
[2022-08-01 08:48:11,675] {logging_mixin.py:115} INFO - [2022-08-01 08:48:11,675] {dagbag.py:507} INFO - Filling up the DagBag from /home/airflow/.local/lib/python3.7/site-packages/airflow/example_dags/example_branch_operator_decorator.py
[2022-08-01 08:48:11,686] {processor.py:651} INFO - DAG(s) dict_keys(['example_branch_python_operator_decorator']) retrieved from /home/airflow/.local/lib/python3.7/site-packages/airflow/example_dags/example_branch_operator_decorator.py
[2022-08-01 08:48:11,708] {logging_mixin.py:115} INFO - [2022-08-01 08:48:11,708] {dag.py:2379} INFO - Sync 1 DAGs
[2022-08-01 08:48:11,723] {logging_mixin.py:115} INFO - [2022-08-01 08:48:11,723] {dag.py:2931} INFO - Setting next_dagrun for example_branch_python_operator_decorator to 2022-07-31T00:00:00+00:00, run_after=2022-08-01T00:00:00+00:00
[2022-08-01 08:48:11,737] {processor.py:161} INFO - Processing /home/airflow/.local/lib/python3.7/site-packages/airflow/example_dags/example_branch_operator_decorator.py took 0.067 seconds
[2022-08-01 08:48:42,153] {processor.py:153} INFO - Started process (PID=1053) to work on /home/airflow/.local/lib/python3.7/site-packages/airflow/example_dags/example_branch_operator_decorator.py
[2022-08-01 08:48:42,157] {processor.py:641} INFO - Processing file /home/airflow/.local/lib/python3.7/site-packages/airflow/example_dags/example_branch_operator_decorator.py for tasks to queue
[2022-08-01 08:48:42,158] {logging_mixin.py:115} INFO - [2022-08-01 08:48:42,158] {dagbag.py:507} INFO - Filling up the DagBag from /home/airflow/.local/lib/python3.7/site-packages/airflow/example_dags/example_branch_operator_decorator.py
[2022-08-01 08:48:42,174] {processor.py:651} INFO - DAG(s) dict_keys(['example_branch_python_operator_decorator']) retrieved from /home/airflow/.local/lib/python3.7/site-packages/airflow/example_dags/example_branch_operator_decorator.py
[2022-08-01 08:48:42,203] {logging_mixin.py:115} INFO - [2022-08-01 08:48:42,203] {dag.py:2379} INFO - Sync 1 DAGs
[2022-08-01 08:48:42,237] {logging_mixin.py:115} INFO - [2022-08-01 08:48:42,237] {dag.py:2931} INFO - Setting next_dagrun for example_branch_python_operator_decorator to 2022-07-31T00:00:00+00:00, run_after=2022-08-01T00:00:00+00:00
[2022-08-01 08:48:42,249] {processor.py:161} INFO - Processing /home/airflow/.local/lib/python3.7/site-packages/airflow/example_dags/example_branch_operator_decorator.py took 0.103 seconds
[2022-08-01 08:49:12,349] {processor.py:153} INFO - Started process (PID=1115) to work on /home/airflow/.local/lib/python3.7/site-packages/airflow/example_dags/example_branch_operator_decorator.py
[2022-08-01 08:49:12,359] {processor.py:641} INFO - Processing file /home/airflow/.local/lib/python3.7/site-packages/airflow/example_dags/example_branch_operator_decorator.py for tasks to queue
[2022-08-01 08:49:12,360] {logging_mixin.py:115} INFO - [2022-08-01 08:49:12,360] {dagbag.py:507} INFO - Filling up the DagBag from /home/airflow/.local/lib/python3.7/site-packages/airflow/example_dags/example_branch_operator_decorator.py
[2022-08-01 08:49:12,388] {processor.py:651} INFO - DAG(s) dict_keys(['example_branch_python_operator_decorator']) retrieved from /home/airflow/.local/lib/python3.7/site-packages/airflow/example_dags/example_branch_operator_decorator.py
[2022-08-01 08:49:12,418] {logging_mixin.py:115} INFO - [2022-08-01 08:49:12,418] {dag.py:2379} INFO - Sync 1 DAGs
[2022-08-01 08:49:12,453] {logging_mixin.py:115} INFO - [2022-08-01 08:49:12,453] {dag.py:2931} INFO - Setting next_dagrun for example_branch_python_operator_decorator to 2022-07-31T00:00:00+00:00, run_after=2022-08-01T00:00:00+00:00
[2022-08-01 08:49:12,469] {processor.py:161} INFO - Processing /home/airflow/.local/lib/python3.7/site-packages/airflow/example_dags/example_branch_operator_decorator.py took 0.122 seconds
[2022-08-01 08:49:43,504] {processor.py:153} INFO - Started process (PID=1177) to work on /home/airflow/.local/lib/python3.7/site-packages/airflow/example_dags/example_branch_operator_decorator.py
[2022-08-01 08:49:43,512] {processor.py:641} INFO - Processing file /home/airflow/.local/lib/python3.7/site-packages/airflow/example_dags/example_branch_operator_decorator.py for tasks to queue
[2022-08-01 08:49:43,514] {logging_mixin.py:115} INFO - [2022-08-01 08:49:43,514] {dagbag.py:507} INFO - Filling up the DagBag from /home/airflow/.local/lib/python3.7/site-packages/airflow/example_dags/example_branch_operator_decorator.py
[2022-08-01 08:49:43,538] {processor.py:651} INFO - DAG(s) dict_keys(['example_branch_python_operator_decorator']) retrieved from /home/airflow/.local/lib/python3.7/site-packages/airflow/example_dags/example_branch_operator_decorator.py
[2022-08-01 08:49:43,581] {logging_mixin.py:115} INFO - [2022-08-01 08:49:43,581] {dag.py:2379} INFO - Sync 1 DAGs
[2022-08-01 08:49:43,602] {logging_mixin.py:115} INFO - [2022-08-01 08:49:43,602] {dag.py:2931} INFO - Setting next_dagrun for example_branch_python_operator_decorator to 2022-07-31T00:00:00+00:00, run_after=2022-08-01T00:00:00+00:00
[2022-08-01 08:49:43,611] {processor.py:161} INFO - Processing /home/airflow/.local/lib/python3.7/site-packages/airflow/example_dags/example_branch_operator_decorator.py took 0.109 seconds
[2022-08-01 08:50:13,709] {processor.py:153} INFO - Started process (PID=1241) to work on /home/airflow/.local/lib/python3.7/site-packages/airflow/example_dags/example_branch_operator_decorator.py
[2022-08-01 08:50:13,711] {processor.py:641} INFO - Processing file /home/airflow/.local/lib/python3.7/site-packages/airflow/example_dags/example_branch_operator_decorator.py for tasks to queue
[2022-08-01 08:50:13,712] {logging_mixin.py:115} INFO - [2022-08-01 08:50:13,712] {dagbag.py:507} INFO - Filling up the DagBag from /home/airflow/.local/lib/python3.7/site-packages/airflow/example_dags/example_branch_operator_decorator.py
[2022-08-01 08:50:13,730] {processor.py:651} INFO - DAG(s) dict_keys(['example_branch_python_operator_decorator']) retrieved from /home/airflow/.local/lib/python3.7/site-packages/airflow/example_dags/example_branch_operator_decorator.py
[2022-08-01 08:50:13,747] {logging_mixin.py:115} INFO - [2022-08-01 08:50:13,747] {dag.py:2379} INFO - Sync 1 DAGs
[2022-08-01 08:50:13,761] {logging_mixin.py:115} INFO - [2022-08-01 08:50:13,761] {dag.py:2931} INFO - Setting next_dagrun for example_branch_python_operator_decorator to 2022-07-31T00:00:00+00:00, run_after=2022-08-01T00:00:00+00:00
[2022-08-01 08:50:13,769] {processor.py:161} INFO - Processing /home/airflow/.local/lib/python3.7/site-packages/airflow/example_dags/example_branch_operator_decorator.py took 0.062 seconds
