[2022-08-01 08:40:03,748] {processor.py:153} INFO - Started process (PID=62) to work on /home/airflow/.local/lib/python3.7/site-packages/airflow/example_dags/example_branch_day_of_week_operator.py
[2022-08-01 08:40:03,750] {processor.py:641} INFO - Processing file /home/airflow/.local/lib/python3.7/site-packages/airflow/example_dags/example_branch_day_of_week_operator.py for tasks to queue
[2022-08-01 08:40:03,752] {logging_mixin.py:115} INFO - [2022-08-01 08:40:03,752] {dagbag.py:507} INFO - Filling up the DagBag from /home/airflow/.local/lib/python3.7/site-packages/airflow/example_dags/example_branch_day_of_week_operator.py
[2022-08-01 08:40:03,766] {processor.py:651} INFO - DAG(s) dict_keys(['example_weekday_branch_operator']) retrieved from /home/airflow/.local/lib/python3.7/site-packages/airflow/example_dags/example_branch_day_of_week_operator.py
[2022-08-01 08:40:03,842] {logging_mixin.py:115} INFO - [2022-08-01 08:40:03,842] {dag.py:2379} INFO - Sync 1 DAGs
[2022-08-01 08:40:03,899] {logging_mixin.py:115} INFO - [2022-08-01 08:40:03,899] {dag.py:2931} INFO - Setting next_dagrun for example_weekday_branch_operator to 2022-07-31T00:00:00+00:00, run_after=2022-08-01T00:00:00+00:00
[2022-08-01 08:40:03,949] {processor.py:161} INFO - Processing /home/airflow/.local/lib/python3.7/site-packages/airflow/example_dags/example_branch_day_of_week_operator.py took 0.204 seconds
[2022-08-01 08:40:34,876] {processor.py:153} INFO - Started process (PID=125) to work on /home/airflow/.local/lib/python3.7/site-packages/airflow/example_dags/example_branch_day_of_week_operator.py
[2022-08-01 08:40:34,892] {processor.py:641} INFO - Processing file /home/airflow/.local/lib/python3.7/site-packages/airflow/example_dags/example_branch_day_of_week_operator.py for tasks to queue
[2022-08-01 08:40:34,896] {logging_mixin.py:115} INFO - [2022-08-01 08:40:34,896] {dagbag.py:507} INFO - Filling up the DagBag from /home/airflow/.local/lib/python3.7/site-packages/airflow/example_dags/example_branch_day_of_week_operator.py
[2022-08-01 08:40:34,927] {processor.py:651} INFO - DAG(s) dict_keys(['example_weekday_branch_operator']) retrieved from /home/airflow/.local/lib/python3.7/site-packages/airflow/example_dags/example_branch_day_of_week_operator.py
[2022-08-01 08:40:34,993] {logging_mixin.py:115} INFO - [2022-08-01 08:40:34,993] {dag.py:2379} INFO - Sync 1 DAGs
[2022-08-01 08:40:35,027] {logging_mixin.py:115} INFO - [2022-08-01 08:40:35,027] {dag.py:2931} INFO - Setting next_dagrun for example_weekday_branch_operator to 2022-07-31T00:00:00+00:00, run_after=2022-08-01T00:00:00+00:00
[2022-08-01 08:40:35,051] {processor.py:161} INFO - Processing /home/airflow/.local/lib/python3.7/site-packages/airflow/example_dags/example_branch_day_of_week_operator.py took 0.177 seconds
[2022-08-01 08:41:05,601] {processor.py:153} INFO - Started process (PID=177) to work on /home/airflow/.local/lib/python3.7/site-packages/airflow/example_dags/example_branch_day_of_week_operator.py
[2022-08-01 08:41:05,604] {processor.py:641} INFO - Processing file /home/airflow/.local/lib/python3.7/site-packages/airflow/example_dags/example_branch_day_of_week_operator.py for tasks to queue
[2022-08-01 08:41:05,607] {logging_mixin.py:115} INFO - [2022-08-01 08:41:05,607] {dagbag.py:507} INFO - Filling up the DagBag from /home/airflow/.local/lib/python3.7/site-packages/airflow/example_dags/example_branch_day_of_week_operator.py
[2022-08-01 08:41:05,638] {processor.py:651} INFO - DAG(s) dict_keys(['example_weekday_branch_operator']) retrieved from /home/airflow/.local/lib/python3.7/site-packages/airflow/example_dags/example_branch_day_of_week_operator.py
[2022-08-01 08:41:05,703] {logging_mixin.py:115} INFO - [2022-08-01 08:41:05,703] {dag.py:2379} INFO - Sync 1 DAGs
[2022-08-01 08:41:05,738] {logging_mixin.py:115} INFO - [2022-08-01 08:41:05,737] {dag.py:2931} INFO - Setting next_dagrun for example_weekday_branch_operator to 2022-07-31T00:00:00+00:00, run_after=2022-08-01T00:00:00+00:00
[2022-08-01 08:41:05,762] {processor.py:161} INFO - Processing /home/airflow/.local/lib/python3.7/site-packages/airflow/example_dags/example_branch_day_of_week_operator.py took 0.163 seconds
[2022-08-01 08:41:36,318] {processor.py:153} INFO - Started process (PID=238) to work on /home/airflow/.local/lib/python3.7/site-packages/airflow/example_dags/example_branch_day_of_week_operator.py
[2022-08-01 08:41:36,322] {processor.py:641} INFO - Processing file /home/airflow/.local/lib/python3.7/site-packages/airflow/example_dags/example_branch_day_of_week_operator.py for tasks to queue
[2022-08-01 08:41:36,323] {logging_mixin.py:115} INFO - [2022-08-01 08:41:36,323] {dagbag.py:507} INFO - Filling up the DagBag from /home/airflow/.local/lib/python3.7/site-packages/airflow/example_dags/example_branch_day_of_week_operator.py
[2022-08-01 08:41:36,346] {processor.py:651} INFO - DAG(s) dict_keys(['example_weekday_branch_operator']) retrieved from /home/airflow/.local/lib/python3.7/site-packages/airflow/example_dags/example_branch_day_of_week_operator.py
[2022-08-01 08:41:36,374] {logging_mixin.py:115} INFO - [2022-08-01 08:41:36,374] {dag.py:2379} INFO - Sync 1 DAGs
[2022-08-01 08:41:36,398] {logging_mixin.py:115} INFO - [2022-08-01 08:41:36,398] {dag.py:2931} INFO - Setting next_dagrun for example_weekday_branch_operator to 2022-07-31T00:00:00+00:00, run_after=2022-08-01T00:00:00+00:00
[2022-08-01 08:41:36,414] {processor.py:161} INFO - Processing /home/airflow/.local/lib/python3.7/site-packages/airflow/example_dags/example_branch_day_of_week_operator.py took 0.098 seconds
[2022-08-01 08:42:07,184] {processor.py:153} INFO - Started process (PID=291) to work on /home/airflow/.local/lib/python3.7/site-packages/airflow/example_dags/example_branch_day_of_week_operator.py
[2022-08-01 08:42:07,189] {processor.py:641} INFO - Processing file /home/airflow/.local/lib/python3.7/site-packages/airflow/example_dags/example_branch_day_of_week_operator.py for tasks to queue
[2022-08-01 08:42:07,190] {logging_mixin.py:115} INFO - [2022-08-01 08:42:07,190] {dagbag.py:507} INFO - Filling up the DagBag from /home/airflow/.local/lib/python3.7/site-packages/airflow/example_dags/example_branch_day_of_week_operator.py
[2022-08-01 08:42:07,206] {processor.py:651} INFO - DAG(s) dict_keys(['example_weekday_branch_operator']) retrieved from /home/airflow/.local/lib/python3.7/site-packages/airflow/example_dags/example_branch_day_of_week_operator.py
[2022-08-01 08:42:07,261] {logging_mixin.py:115} INFO - [2022-08-01 08:42:07,261] {dag.py:2379} INFO - Sync 1 DAGs
[2022-08-01 08:42:07,303] {logging_mixin.py:115} INFO - [2022-08-01 08:42:07,303] {dag.py:2931} INFO - Setting next_dagrun for example_weekday_branch_operator to 2022-07-31T00:00:00+00:00, run_after=2022-08-01T00:00:00+00:00
[2022-08-01 08:42:07,324] {processor.py:161} INFO - Processing /home/airflow/.local/lib/python3.7/site-packages/airflow/example_dags/example_branch_day_of_week_operator.py took 0.142 seconds
[2022-08-01 08:42:38,222] {processor.py:153} INFO - Started process (PID=352) to work on /home/airflow/.local/lib/python3.7/site-packages/airflow/example_dags/example_branch_day_of_week_operator.py
[2022-08-01 08:42:38,225] {processor.py:641} INFO - Processing file /home/airflow/.local/lib/python3.7/site-packages/airflow/example_dags/example_branch_day_of_week_operator.py for tasks to queue
[2022-08-01 08:42:38,227] {logging_mixin.py:115} INFO - [2022-08-01 08:42:38,226] {dagbag.py:507} INFO - Filling up the DagBag from /home/airflow/.local/lib/python3.7/site-packages/airflow/example_dags/example_branch_day_of_week_operator.py
[2022-08-01 08:42:38,250] {processor.py:651} INFO - DAG(s) dict_keys(['example_weekday_branch_operator']) retrieved from /home/airflow/.local/lib/python3.7/site-packages/airflow/example_dags/example_branch_day_of_week_operator.py
[2022-08-01 08:42:38,283] {logging_mixin.py:115} INFO - [2022-08-01 08:42:38,283] {dag.py:2379} INFO - Sync 1 DAGs
[2022-08-01 08:42:38,311] {logging_mixin.py:115} INFO - [2022-08-01 08:42:38,311] {dag.py:2931} INFO - Setting next_dagrun for example_weekday_branch_operator to 2022-07-31T00:00:00+00:00, run_after=2022-08-01T00:00:00+00:00
[2022-08-01 08:42:38,329] {processor.py:161} INFO - Processing /home/airflow/.local/lib/python3.7/site-packages/airflow/example_dags/example_branch_day_of_week_operator.py took 0.110 seconds
[2022-08-01 08:43:09,027] {processor.py:153} INFO - Started process (PID=413) to work on /home/airflow/.local/lib/python3.7/site-packages/airflow/example_dags/example_branch_day_of_week_operator.py
[2022-08-01 08:43:09,029] {processor.py:641} INFO - Processing file /home/airflow/.local/lib/python3.7/site-packages/airflow/example_dags/example_branch_day_of_week_operator.py for tasks to queue
[2022-08-01 08:43:09,031] {logging_mixin.py:115} INFO - [2022-08-01 08:43:09,031] {dagbag.py:507} INFO - Filling up the DagBag from /home/airflow/.local/lib/python3.7/site-packages/airflow/example_dags/example_branch_day_of_week_operator.py
[2022-08-01 08:43:09,050] {processor.py:651} INFO - DAG(s) dict_keys(['example_weekday_branch_operator']) retrieved from /home/airflow/.local/lib/python3.7/site-packages/airflow/example_dags/example_branch_day_of_week_operator.py
[2022-08-01 08:43:09,088] {logging_mixin.py:115} INFO - [2022-08-01 08:43:09,088] {dag.py:2379} INFO - Sync 1 DAGs
[2022-08-01 08:43:09,122] {logging_mixin.py:115} INFO - [2022-08-01 08:43:09,122] {dag.py:2931} INFO - Setting next_dagrun for example_weekday_branch_operator to 2022-07-31T00:00:00+00:00, run_after=2022-08-01T00:00:00+00:00
[2022-08-01 08:43:09,143] {processor.py:161} INFO - Processing /home/airflow/.local/lib/python3.7/site-packages/airflow/example_dags/example_branch_day_of_week_operator.py took 0.119 seconds
[2022-08-01 08:43:40,112] {processor.py:153} INFO - Started process (PID=474) to work on /home/airflow/.local/lib/python3.7/site-packages/airflow/example_dags/example_branch_day_of_week_operator.py
[2022-08-01 08:43:40,115] {processor.py:641} INFO - Processing file /home/airflow/.local/lib/python3.7/site-packages/airflow/example_dags/example_branch_day_of_week_operator.py for tasks to queue
[2022-08-01 08:43:40,119] {logging_mixin.py:115} INFO - [2022-08-01 08:43:40,119] {dagbag.py:507} INFO - Filling up the DagBag from /home/airflow/.local/lib/python3.7/site-packages/airflow/example_dags/example_branch_day_of_week_operator.py
[2022-08-01 08:43:40,183] {processor.py:651} INFO - DAG(s) dict_keys(['example_weekday_branch_operator']) retrieved from /home/airflow/.local/lib/python3.7/site-packages/airflow/example_dags/example_branch_day_of_week_operator.py
[2022-08-01 08:43:40,305] {logging_mixin.py:115} INFO - [2022-08-01 08:43:40,305] {dag.py:2379} INFO - Sync 1 DAGs
[2022-08-01 08:43:40,369] {logging_mixin.py:115} INFO - [2022-08-01 08:43:40,369] {dag.py:2931} INFO - Setting next_dagrun for example_weekday_branch_operator to 2022-07-31T00:00:00+00:00, run_after=2022-08-01T00:00:00+00:00
[2022-08-01 08:43:40,393] {processor.py:161} INFO - Processing /home/airflow/.local/lib/python3.7/site-packages/airflow/example_dags/example_branch_day_of_week_operator.py took 0.284 seconds
[2022-08-01 08:44:10,913] {processor.py:153} INFO - Started process (PID=527) to work on /home/airflow/.local/lib/python3.7/site-packages/airflow/example_dags/example_branch_day_of_week_operator.py
[2022-08-01 08:44:10,916] {processor.py:641} INFO - Processing file /home/airflow/.local/lib/python3.7/site-packages/airflow/example_dags/example_branch_day_of_week_operator.py for tasks to queue
[2022-08-01 08:44:10,918] {logging_mixin.py:115} INFO - [2022-08-01 08:44:10,917] {dagbag.py:507} INFO - Filling up the DagBag from /home/airflow/.local/lib/python3.7/site-packages/airflow/example_dags/example_branch_day_of_week_operator.py
[2022-08-01 08:44:10,929] {processor.py:651} INFO - DAG(s) dict_keys(['example_weekday_branch_operator']) retrieved from /home/airflow/.local/lib/python3.7/site-packages/airflow/example_dags/example_branch_day_of_week_operator.py
[2022-08-01 08:44:10,969] {logging_mixin.py:115} INFO - [2022-08-01 08:44:10,969] {dag.py:2379} INFO - Sync 1 DAGs
[2022-08-01 08:44:10,990] {logging_mixin.py:115} INFO - [2022-08-01 08:44:10,990] {dag.py:2931} INFO - Setting next_dagrun for example_weekday_branch_operator to 2022-07-31T00:00:00+00:00, run_after=2022-08-01T00:00:00+00:00
[2022-08-01 08:44:11,001] {processor.py:161} INFO - Processing /home/airflow/.local/lib/python3.7/site-packages/airflow/example_dags/example_branch_day_of_week_operator.py took 0.090 seconds
[2022-08-01 08:44:41,669] {processor.py:153} INFO - Started process (PID=588) to work on /home/airflow/.local/lib/python3.7/site-packages/airflow/example_dags/example_branch_day_of_week_operator.py
[2022-08-01 08:44:41,670] {processor.py:641} INFO - Processing file /home/airflow/.local/lib/python3.7/site-packages/airflow/example_dags/example_branch_day_of_week_operator.py for tasks to queue
[2022-08-01 08:44:41,672] {logging_mixin.py:115} INFO - [2022-08-01 08:44:41,672] {dagbag.py:507} INFO - Filling up the DagBag from /home/airflow/.local/lib/python3.7/site-packages/airflow/example_dags/example_branch_day_of_week_operator.py
[2022-08-01 08:44:41,696] {processor.py:651} INFO - DAG(s) dict_keys(['example_weekday_branch_operator']) retrieved from /home/airflow/.local/lib/python3.7/site-packages/airflow/example_dags/example_branch_day_of_week_operator.py
[2022-08-01 08:44:41,718] {logging_mixin.py:115} INFO - [2022-08-01 08:44:41,718] {dag.py:2379} INFO - Sync 1 DAGs
[2022-08-01 08:44:41,734] {logging_mixin.py:115} INFO - [2022-08-01 08:44:41,734] {dag.py:2931} INFO - Setting next_dagrun for example_weekday_branch_operator to 2022-07-31T00:00:00+00:00, run_after=2022-08-01T00:00:00+00:00
[2022-08-01 08:44:41,745] {processor.py:161} INFO - Processing /home/airflow/.local/lib/python3.7/site-packages/airflow/example_dags/example_branch_day_of_week_operator.py took 0.078 seconds
[2022-08-01 08:45:11,864] {processor.py:153} INFO - Started process (PID=649) to work on /home/airflow/.local/lib/python3.7/site-packages/airflow/example_dags/example_branch_day_of_week_operator.py
[2022-08-01 08:45:11,879] {processor.py:641} INFO - Processing file /home/airflow/.local/lib/python3.7/site-packages/airflow/example_dags/example_branch_day_of_week_operator.py for tasks to queue
[2022-08-01 08:45:11,897] {logging_mixin.py:115} INFO - [2022-08-01 08:45:11,897] {dagbag.py:507} INFO - Filling up the DagBag from /home/airflow/.local/lib/python3.7/site-packages/airflow/example_dags/example_branch_day_of_week_operator.py
[2022-08-01 08:45:11,924] {processor.py:651} INFO - DAG(s) dict_keys(['example_weekday_branch_operator']) retrieved from /home/airflow/.local/lib/python3.7/site-packages/airflow/example_dags/example_branch_day_of_week_operator.py
[2022-08-01 08:45:11,951] {logging_mixin.py:115} INFO - [2022-08-01 08:45:11,951] {dag.py:2379} INFO - Sync 1 DAGs
[2022-08-01 08:45:11,979] {logging_mixin.py:115} INFO - [2022-08-01 08:45:11,978] {dag.py:2931} INFO - Setting next_dagrun for example_weekday_branch_operator to 2022-07-31T00:00:00+00:00, run_after=2022-08-01T00:00:00+00:00
[2022-08-01 08:45:11,998] {processor.py:161} INFO - Processing /home/airflow/.local/lib/python3.7/site-packages/airflow/example_dags/example_branch_day_of_week_operator.py took 0.137 seconds
[2022-08-01 08:45:42,962] {processor.py:153} INFO - Started process (PID=711) to work on /home/airflow/.local/lib/python3.7/site-packages/airflow/example_dags/example_branch_day_of_week_operator.py
[2022-08-01 08:45:42,963] {processor.py:641} INFO - Processing file /home/airflow/.local/lib/python3.7/site-packages/airflow/example_dags/example_branch_day_of_week_operator.py for tasks to queue
[2022-08-01 08:45:42,965] {logging_mixin.py:115} INFO - [2022-08-01 08:45:42,965] {dagbag.py:507} INFO - Filling up the DagBag from /home/airflow/.local/lib/python3.7/site-packages/airflow/example_dags/example_branch_day_of_week_operator.py
[2022-08-01 08:45:42,977] {processor.py:651} INFO - DAG(s) dict_keys(['example_weekday_branch_operator']) retrieved from /home/airflow/.local/lib/python3.7/site-packages/airflow/example_dags/example_branch_day_of_week_operator.py
[2022-08-01 08:45:43,007] {logging_mixin.py:115} INFO - [2022-08-01 08:45:43,007] {dag.py:2379} INFO - Sync 1 DAGs
[2022-08-01 08:45:43,037] {logging_mixin.py:115} INFO - [2022-08-01 08:45:43,037] {dag.py:2931} INFO - Setting next_dagrun for example_weekday_branch_operator to 2022-07-31T00:00:00+00:00, run_after=2022-08-01T00:00:00+00:00
[2022-08-01 08:45:43,069] {processor.py:161} INFO - Processing /home/airflow/.local/lib/python3.7/site-packages/airflow/example_dags/example_branch_day_of_week_operator.py took 0.110 seconds
[2022-08-01 08:46:13,250] {processor.py:153} INFO - Started process (PID=764) to work on /home/airflow/.local/lib/python3.7/site-packages/airflow/example_dags/example_branch_day_of_week_operator.py
[2022-08-01 08:46:13,251] {processor.py:641} INFO - Processing file /home/airflow/.local/lib/python3.7/site-packages/airflow/example_dags/example_branch_day_of_week_operator.py for tasks to queue
[2022-08-01 08:46:13,253] {logging_mixin.py:115} INFO - [2022-08-01 08:46:13,253] {dagbag.py:507} INFO - Filling up the DagBag from /home/airflow/.local/lib/python3.7/site-packages/airflow/example_dags/example_branch_day_of_week_operator.py
[2022-08-01 08:46:13,259] {processor.py:651} INFO - DAG(s) dict_keys(['example_weekday_branch_operator']) retrieved from /home/airflow/.local/lib/python3.7/site-packages/airflow/example_dags/example_branch_day_of_week_operator.py
[2022-08-01 08:46:13,277] {logging_mixin.py:115} INFO - [2022-08-01 08:46:13,277] {dag.py:2379} INFO - Sync 1 DAGs
[2022-08-01 08:46:13,291] {logging_mixin.py:115} INFO - [2022-08-01 08:46:13,291] {dag.py:2931} INFO - Setting next_dagrun for example_weekday_branch_operator to 2022-07-31T00:00:00+00:00, run_after=2022-08-01T00:00:00+00:00
[2022-08-01 08:46:13,302] {processor.py:161} INFO - Processing /home/airflow/.local/lib/python3.7/site-packages/airflow/example_dags/example_branch_day_of_week_operator.py took 0.055 seconds
[2022-08-01 08:46:43,976] {processor.py:153} INFO - Started process (PID=827) to work on /home/airflow/.local/lib/python3.7/site-packages/airflow/example_dags/example_branch_day_of_week_operator.py
[2022-08-01 08:46:43,977] {processor.py:641} INFO - Processing file /home/airflow/.local/lib/python3.7/site-packages/airflow/example_dags/example_branch_day_of_week_operator.py for tasks to queue
[2022-08-01 08:46:43,979] {logging_mixin.py:115} INFO - [2022-08-01 08:46:43,979] {dagbag.py:507} INFO - Filling up the DagBag from /home/airflow/.local/lib/python3.7/site-packages/airflow/example_dags/example_branch_day_of_week_operator.py
[2022-08-01 08:46:43,985] {processor.py:651} INFO - DAG(s) dict_keys(['example_weekday_branch_operator']) retrieved from /home/airflow/.local/lib/python3.7/site-packages/airflow/example_dags/example_branch_day_of_week_operator.py
[2022-08-01 08:46:44,003] {logging_mixin.py:115} INFO - [2022-08-01 08:46:44,003] {dag.py:2379} INFO - Sync 1 DAGs
[2022-08-01 08:46:44,018] {logging_mixin.py:115} INFO - [2022-08-01 08:46:44,018] {dag.py:2931} INFO - Setting next_dagrun for example_weekday_branch_operator to 2022-07-31T00:00:00+00:00, run_after=2022-08-01T00:00:00+00:00
[2022-08-01 08:46:44,028] {processor.py:161} INFO - Processing /home/airflow/.local/lib/python3.7/site-packages/airflow/example_dags/example_branch_day_of_week_operator.py took 0.055 seconds
[2022-08-01 08:47:14,591] {processor.py:153} INFO - Started process (PID=888) to work on /home/airflow/.local/lib/python3.7/site-packages/airflow/example_dags/example_branch_day_of_week_operator.py
[2022-08-01 08:47:14,593] {processor.py:641} INFO - Processing file /home/airflow/.local/lib/python3.7/site-packages/airflow/example_dags/example_branch_day_of_week_operator.py for tasks to queue
[2022-08-01 08:47:14,594] {logging_mixin.py:115} INFO - [2022-08-01 08:47:14,594] {dagbag.py:507} INFO - Filling up the DagBag from /home/airflow/.local/lib/python3.7/site-packages/airflow/example_dags/example_branch_day_of_week_operator.py
[2022-08-01 08:47:14,600] {processor.py:651} INFO - DAG(s) dict_keys(['example_weekday_branch_operator']) retrieved from /home/airflow/.local/lib/python3.7/site-packages/airflow/example_dags/example_branch_day_of_week_operator.py
[2022-08-01 08:47:14,619] {logging_mixin.py:115} INFO - [2022-08-01 08:47:14,619] {dag.py:2379} INFO - Sync 1 DAGs
[2022-08-01 08:47:14,637] {logging_mixin.py:115} INFO - [2022-08-01 08:47:14,637] {dag.py:2931} INFO - Setting next_dagrun for example_weekday_branch_operator to 2022-07-31T00:00:00+00:00, run_after=2022-08-01T00:00:00+00:00
[2022-08-01 08:47:14,646] {processor.py:161} INFO - Processing /home/airflow/.local/lib/python3.7/site-packages/airflow/example_dags/example_branch_day_of_week_operator.py took 0.057 seconds
[2022-08-01 08:47:44,984] {processor.py:153} INFO - Started process (PID=949) to work on /home/airflow/.local/lib/python3.7/site-packages/airflow/example_dags/example_branch_day_of_week_operator.py
[2022-08-01 08:47:44,998] {processor.py:641} INFO - Processing file /home/airflow/.local/lib/python3.7/site-packages/airflow/example_dags/example_branch_day_of_week_operator.py for tasks to queue
[2022-08-01 08:47:44,999] {logging_mixin.py:115} INFO - [2022-08-01 08:47:44,999] {dagbag.py:507} INFO - Filling up the DagBag from /home/airflow/.local/lib/python3.7/site-packages/airflow/example_dags/example_branch_day_of_week_operator.py
[2022-08-01 08:47:45,006] {processor.py:651} INFO - DAG(s) dict_keys(['example_weekday_branch_operator']) retrieved from /home/airflow/.local/lib/python3.7/site-packages/airflow/example_dags/example_branch_day_of_week_operator.py
[2022-08-01 08:47:45,055] {logging_mixin.py:115} INFO - [2022-08-01 08:47:45,055] {dag.py:2379} INFO - Sync 1 DAGs
[2022-08-01 08:47:45,094] {logging_mixin.py:115} INFO - [2022-08-01 08:47:45,094] {dag.py:2931} INFO - Setting next_dagrun for example_weekday_branch_operator to 2022-07-31T00:00:00+00:00, run_after=2022-08-01T00:00:00+00:00
[2022-08-01 08:47:45,131] {processor.py:161} INFO - Processing /home/airflow/.local/lib/python3.7/site-packages/airflow/example_dags/example_branch_day_of_week_operator.py took 0.149 seconds
[2022-08-01 08:48:15,190] {processor.py:153} INFO - Started process (PID=1010) to work on /home/airflow/.local/lib/python3.7/site-packages/airflow/example_dags/example_branch_day_of_week_operator.py
[2022-08-01 08:48:15,193] {processor.py:641} INFO - Processing file /home/airflow/.local/lib/python3.7/site-packages/airflow/example_dags/example_branch_day_of_week_operator.py for tasks to queue
[2022-08-01 08:48:15,194] {logging_mixin.py:115} INFO - [2022-08-01 08:48:15,194] {dagbag.py:507} INFO - Filling up the DagBag from /home/airflow/.local/lib/python3.7/site-packages/airflow/example_dags/example_branch_day_of_week_operator.py
[2022-08-01 08:48:15,199] {processor.py:651} INFO - DAG(s) dict_keys(['example_weekday_branch_operator']) retrieved from /home/airflow/.local/lib/python3.7/site-packages/airflow/example_dags/example_branch_day_of_week_operator.py
[2022-08-01 08:48:15,219] {logging_mixin.py:115} INFO - [2022-08-01 08:48:15,219] {dag.py:2379} INFO - Sync 1 DAGs
[2022-08-01 08:48:15,234] {logging_mixin.py:115} INFO - [2022-08-01 08:48:15,234] {dag.py:2931} INFO - Setting next_dagrun for example_weekday_branch_operator to 2022-07-31T00:00:00+00:00, run_after=2022-08-01T00:00:00+00:00
[2022-08-01 08:48:15,254] {processor.py:161} INFO - Processing /home/airflow/.local/lib/python3.7/site-packages/airflow/example_dags/example_branch_day_of_week_operator.py took 0.066 seconds
[2022-08-01 08:48:45,536] {processor.py:153} INFO - Started process (PID=1062) to work on /home/airflow/.local/lib/python3.7/site-packages/airflow/example_dags/example_branch_day_of_week_operator.py
[2022-08-01 08:48:45,537] {processor.py:641} INFO - Processing file /home/airflow/.local/lib/python3.7/site-packages/airflow/example_dags/example_branch_day_of_week_operator.py for tasks to queue
[2022-08-01 08:48:45,538] {logging_mixin.py:115} INFO - [2022-08-01 08:48:45,538] {dagbag.py:507} INFO - Filling up the DagBag from /home/airflow/.local/lib/python3.7/site-packages/airflow/example_dags/example_branch_day_of_week_operator.py
[2022-08-01 08:48:45,550] {processor.py:651} INFO - DAG(s) dict_keys(['example_weekday_branch_operator']) retrieved from /home/airflow/.local/lib/python3.7/site-packages/airflow/example_dags/example_branch_day_of_week_operator.py
[2022-08-01 08:48:45,579] {logging_mixin.py:115} INFO - [2022-08-01 08:48:45,579] {dag.py:2379} INFO - Sync 1 DAGs
[2022-08-01 08:48:45,596] {logging_mixin.py:115} INFO - [2022-08-01 08:48:45,596] {dag.py:2931} INFO - Setting next_dagrun for example_weekday_branch_operator to 2022-07-31T00:00:00+00:00, run_after=2022-08-01T00:00:00+00:00
[2022-08-01 08:48:45,606] {processor.py:161} INFO - Processing /home/airflow/.local/lib/python3.7/site-packages/airflow/example_dags/example_branch_day_of_week_operator.py took 0.073 seconds
[2022-08-01 08:49:15,791] {processor.py:153} INFO - Started process (PID=1124) to work on /home/airflow/.local/lib/python3.7/site-packages/airflow/example_dags/example_branch_day_of_week_operator.py
[2022-08-01 08:49:15,792] {processor.py:641} INFO - Processing file /home/airflow/.local/lib/python3.7/site-packages/airflow/example_dags/example_branch_day_of_week_operator.py for tasks to queue
[2022-08-01 08:49:15,793] {logging_mixin.py:115} INFO - [2022-08-01 08:49:15,793] {dagbag.py:507} INFO - Filling up the DagBag from /home/airflow/.local/lib/python3.7/site-packages/airflow/example_dags/example_branch_day_of_week_operator.py
[2022-08-01 08:49:15,798] {processor.py:651} INFO - DAG(s) dict_keys(['example_weekday_branch_operator']) retrieved from /home/airflow/.local/lib/python3.7/site-packages/airflow/example_dags/example_branch_day_of_week_operator.py
[2022-08-01 08:49:15,814] {logging_mixin.py:115} INFO - [2022-08-01 08:49:15,814] {dag.py:2379} INFO - Sync 1 DAGs
[2022-08-01 08:49:15,827] {logging_mixin.py:115} INFO - [2022-08-01 08:49:15,827] {dag.py:2931} INFO - Setting next_dagrun for example_weekday_branch_operator to 2022-07-31T00:00:00+00:00, run_after=2022-08-01T00:00:00+00:00
[2022-08-01 08:49:15,834] {processor.py:161} INFO - Processing /home/airflow/.local/lib/python3.7/site-packages/airflow/example_dags/example_branch_day_of_week_operator.py took 0.045 seconds
[2022-08-01 08:49:45,938] {processor.py:153} INFO - Started process (PID=1186) to work on /home/airflow/.local/lib/python3.7/site-packages/airflow/example_dags/example_branch_day_of_week_operator.py
[2022-08-01 08:49:45,941] {processor.py:641} INFO - Processing file /home/airflow/.local/lib/python3.7/site-packages/airflow/example_dags/example_branch_day_of_week_operator.py for tasks to queue
[2022-08-01 08:49:45,943] {logging_mixin.py:115} INFO - [2022-08-01 08:49:45,942] {dagbag.py:507} INFO - Filling up the DagBag from /home/airflow/.local/lib/python3.7/site-packages/airflow/example_dags/example_branch_day_of_week_operator.py
[2022-08-01 08:49:45,948] {processor.py:651} INFO - DAG(s) dict_keys(['example_weekday_branch_operator']) retrieved from /home/airflow/.local/lib/python3.7/site-packages/airflow/example_dags/example_branch_day_of_week_operator.py
[2022-08-01 08:49:45,979] {logging_mixin.py:115} INFO - [2022-08-01 08:49:45,978] {dag.py:2379} INFO - Sync 1 DAGs
[2022-08-01 08:49:45,999] {logging_mixin.py:115} INFO - [2022-08-01 08:49:45,999] {dag.py:2931} INFO - Setting next_dagrun for example_weekday_branch_operator to 2022-07-31T00:00:00+00:00, run_after=2022-08-01T00:00:00+00:00
[2022-08-01 08:49:46,012] {processor.py:161} INFO - Processing /home/airflow/.local/lib/python3.7/site-packages/airflow/example_dags/example_branch_day_of_week_operator.py took 0.077 seconds
[2022-08-01 08:50:16,112] {processor.py:153} INFO - Started process (PID=1249) to work on /home/airflow/.local/lib/python3.7/site-packages/airflow/example_dags/example_branch_day_of_week_operator.py
[2022-08-01 08:50:16,114] {processor.py:641} INFO - Processing file /home/airflow/.local/lib/python3.7/site-packages/airflow/example_dags/example_branch_day_of_week_operator.py for tasks to queue
[2022-08-01 08:50:16,115] {logging_mixin.py:115} INFO - [2022-08-01 08:50:16,115] {dagbag.py:507} INFO - Filling up the DagBag from /home/airflow/.local/lib/python3.7/site-packages/airflow/example_dags/example_branch_day_of_week_operator.py
[2022-08-01 08:50:16,122] {processor.py:651} INFO - DAG(s) dict_keys(['example_weekday_branch_operator']) retrieved from /home/airflow/.local/lib/python3.7/site-packages/airflow/example_dags/example_branch_day_of_week_operator.py
[2022-08-01 08:50:16,138] {logging_mixin.py:115} INFO - [2022-08-01 08:50:16,138] {dag.py:2379} INFO - Sync 1 DAGs
[2022-08-01 08:50:16,152] {logging_mixin.py:115} INFO - [2022-08-01 08:50:16,152] {dag.py:2931} INFO - Setting next_dagrun for example_weekday_branch_operator to 2022-07-31T00:00:00+00:00, run_after=2022-08-01T00:00:00+00:00
[2022-08-01 08:50:16,160] {processor.py:161} INFO - Processing /home/airflow/.local/lib/python3.7/site-packages/airflow/example_dags/example_branch_day_of_week_operator.py took 0.053 seconds
