[2022-08-01 08:40:05,321] {processor.py:153} INFO - Started process (PID=72) to work on /home/airflow/.local/lib/python3.7/site-packages/airflow/example_dags/example_sla_dag.py
[2022-08-01 08:40:05,327] {processor.py:641} INFO - Processing file /home/airflow/.local/lib/python3.7/site-packages/airflow/example_dags/example_sla_dag.py for tasks to queue
[2022-08-01 08:40:05,331] {logging_mixin.py:115} INFO - [2022-08-01 08:40:05,331] {dagbag.py:507} INFO - Filling up the DagBag from /home/airflow/.local/lib/python3.7/site-packages/airflow/example_dags/example_sla_dag.py
[2022-08-01 08:40:05,377] {processor.py:651} INFO - DAG(s) dict_keys(['example_sla_dag']) retrieved from /home/airflow/.local/lib/python3.7/site-packages/airflow/example_dags/example_sla_dag.py
[2022-08-01 08:40:05,451] {logging_mixin.py:115} INFO - [2022-08-01 08:40:05,451] {dag.py:2379} INFO - Sync 1 DAGs
[2022-08-01 08:40:05,544] {logging_mixin.py:115} INFO - [2022-08-01 08:40:05,544] {dag.py:2931} INFO - Setting next_dagrun for example_sla_dag to 2022-08-01T08:38:00+00:00, run_after=2022-08-01T08:40:00+00:00
[2022-08-01 08:40:05,588] {processor.py:161} INFO - Processing /home/airflow/.local/lib/python3.7/site-packages/airflow/example_dags/example_sla_dag.py took 0.269 seconds
[2022-08-01 08:40:36,897] {processor.py:153} INFO - Started process (PID=135) to work on /home/airflow/.local/lib/python3.7/site-packages/airflow/example_dags/example_sla_dag.py
[2022-08-01 08:40:36,899] {processor.py:641} INFO - Processing file /home/airflow/.local/lib/python3.7/site-packages/airflow/example_dags/example_sla_dag.py for tasks to queue
[2022-08-01 08:40:36,901] {logging_mixin.py:115} INFO - [2022-08-01 08:40:36,900] {dagbag.py:507} INFO - Filling up the DagBag from /home/airflow/.local/lib/python3.7/site-packages/airflow/example_dags/example_sla_dag.py
[2022-08-01 08:40:36,927] {processor.py:651} INFO - DAG(s) dict_keys(['example_sla_dag']) retrieved from /home/airflow/.local/lib/python3.7/site-packages/airflow/example_dags/example_sla_dag.py
[2022-08-01 08:40:36,967] {logging_mixin.py:115} INFO - [2022-08-01 08:40:36,967] {dag.py:2379} INFO - Sync 1 DAGs
[2022-08-01 08:40:36,991] {logging_mixin.py:115} INFO - [2022-08-01 08:40:36,991] {dag.py:2931} INFO - Setting next_dagrun for example_sla_dag to 2022-08-01T08:38:00+00:00, run_after=2022-08-01T08:40:00+00:00
[2022-08-01 08:40:37,008] {processor.py:161} INFO - Processing /home/airflow/.local/lib/python3.7/site-packages/airflow/example_dags/example_sla_dag.py took 0.114 seconds
[2022-08-01 08:41:07,263] {processor.py:153} INFO - Started process (PID=186) to work on /home/airflow/.local/lib/python3.7/site-packages/airflow/example_dags/example_sla_dag.py
[2022-08-01 08:41:07,264] {processor.py:641} INFO - Processing file /home/airflow/.local/lib/python3.7/site-packages/airflow/example_dags/example_sla_dag.py for tasks to queue
[2022-08-01 08:41:07,273] {logging_mixin.py:115} INFO - [2022-08-01 08:41:07,273] {dagbag.py:507} INFO - Filling up the DagBag from /home/airflow/.local/lib/python3.7/site-packages/airflow/example_dags/example_sla_dag.py
[2022-08-01 08:41:07,308] {processor.py:651} INFO - DAG(s) dict_keys(['example_sla_dag']) retrieved from /home/airflow/.local/lib/python3.7/site-packages/airflow/example_dags/example_sla_dag.py
[2022-08-01 08:41:07,354] {logging_mixin.py:115} INFO - [2022-08-01 08:41:07,354] {dag.py:2379} INFO - Sync 1 DAGs
[2022-08-01 08:41:07,392] {logging_mixin.py:115} INFO - [2022-08-01 08:41:07,392] {dag.py:2931} INFO - Setting next_dagrun for example_sla_dag to 2022-08-01T08:38:00+00:00, run_after=2022-08-01T08:40:00+00:00
[2022-08-01 08:41:07,412] {processor.py:161} INFO - Processing /home/airflow/.local/lib/python3.7/site-packages/airflow/example_dags/example_sla_dag.py took 0.153 seconds
[2022-08-01 08:41:38,628] {processor.py:153} INFO - Started process (PID=248) to work on /home/airflow/.local/lib/python3.7/site-packages/airflow/example_dags/example_sla_dag.py
[2022-08-01 08:41:38,630] {processor.py:641} INFO - Processing file /home/airflow/.local/lib/python3.7/site-packages/airflow/example_dags/example_sla_dag.py for tasks to queue
[2022-08-01 08:41:38,633] {logging_mixin.py:115} INFO - [2022-08-01 08:41:38,633] {dagbag.py:507} INFO - Filling up the DagBag from /home/airflow/.local/lib/python3.7/site-packages/airflow/example_dags/example_sla_dag.py
[2022-08-01 08:41:38,666] {processor.py:651} INFO - DAG(s) dict_keys(['example_sla_dag']) retrieved from /home/airflow/.local/lib/python3.7/site-packages/airflow/example_dags/example_sla_dag.py
[2022-08-01 08:41:38,698] {logging_mixin.py:115} INFO - [2022-08-01 08:41:38,698] {dag.py:2379} INFO - Sync 1 DAGs
[2022-08-01 08:41:38,733] {logging_mixin.py:115} INFO - [2022-08-01 08:41:38,733] {dag.py:2931} INFO - Setting next_dagrun for example_sla_dag to 2022-08-01T08:38:00+00:00, run_after=2022-08-01T08:40:00+00:00
[2022-08-01 08:41:38,751] {processor.py:161} INFO - Processing /home/airflow/.local/lib/python3.7/site-packages/airflow/example_dags/example_sla_dag.py took 0.126 seconds
[2022-08-01 08:42:09,946] {processor.py:153} INFO - Started process (PID=310) to work on /home/airflow/.local/lib/python3.7/site-packages/airflow/example_dags/example_sla_dag.py
[2022-08-01 08:42:09,948] {processor.py:641} INFO - Processing file /home/airflow/.local/lib/python3.7/site-packages/airflow/example_dags/example_sla_dag.py for tasks to queue
[2022-08-01 08:42:09,950] {logging_mixin.py:115} INFO - [2022-08-01 08:42:09,950] {dagbag.py:507} INFO - Filling up the DagBag from /home/airflow/.local/lib/python3.7/site-packages/airflow/example_dags/example_sla_dag.py
[2022-08-01 08:42:09,998] {processor.py:651} INFO - DAG(s) dict_keys(['example_sla_dag']) retrieved from /home/airflow/.local/lib/python3.7/site-packages/airflow/example_dags/example_sla_dag.py
[2022-08-01 08:42:10,036] {logging_mixin.py:115} INFO - [2022-08-01 08:42:10,036] {dag.py:2379} INFO - Sync 1 DAGs
[2022-08-01 08:42:10,086] {logging_mixin.py:115} INFO - [2022-08-01 08:42:10,086] {dag.py:2931} INFO - Setting next_dagrun for example_sla_dag to 2022-08-01T08:40:00+00:00, run_after=2022-08-01T08:42:00+00:00
[2022-08-01 08:42:10,126] {processor.py:161} INFO - Processing /home/airflow/.local/lib/python3.7/site-packages/airflow/example_dags/example_sla_dag.py took 0.183 seconds
[2022-08-01 08:42:40,628] {processor.py:153} INFO - Started process (PID=363) to work on /home/airflow/.local/lib/python3.7/site-packages/airflow/example_dags/example_sla_dag.py
[2022-08-01 08:42:40,633] {processor.py:641} INFO - Processing file /home/airflow/.local/lib/python3.7/site-packages/airflow/example_dags/example_sla_dag.py for tasks to queue
[2022-08-01 08:42:40,635] {logging_mixin.py:115} INFO - [2022-08-01 08:42:40,634] {dagbag.py:507} INFO - Filling up the DagBag from /home/airflow/.local/lib/python3.7/site-packages/airflow/example_dags/example_sla_dag.py
[2022-08-01 08:42:40,682] {processor.py:651} INFO - DAG(s) dict_keys(['example_sla_dag']) retrieved from /home/airflow/.local/lib/python3.7/site-packages/airflow/example_dags/example_sla_dag.py
[2022-08-01 08:42:40,721] {logging_mixin.py:115} INFO - [2022-08-01 08:42:40,721] {dag.py:2379} INFO - Sync 1 DAGs
[2022-08-01 08:42:40,757] {logging_mixin.py:115} INFO - [2022-08-01 08:42:40,757] {dag.py:2931} INFO - Setting next_dagrun for example_sla_dag to 2022-08-01T08:40:00+00:00, run_after=2022-08-01T08:42:00+00:00
[2022-08-01 08:42:40,769] {processor.py:161} INFO - Processing /home/airflow/.local/lib/python3.7/site-packages/airflow/example_dags/example_sla_dag.py took 0.144 seconds
[2022-08-01 08:43:11,369] {processor.py:153} INFO - Started process (PID=423) to work on /home/airflow/.local/lib/python3.7/site-packages/airflow/example_dags/example_sla_dag.py
[2022-08-01 08:43:11,373] {processor.py:641} INFO - Processing file /home/airflow/.local/lib/python3.7/site-packages/airflow/example_dags/example_sla_dag.py for tasks to queue
[2022-08-01 08:43:11,380] {logging_mixin.py:115} INFO - [2022-08-01 08:43:11,380] {dagbag.py:507} INFO - Filling up the DagBag from /home/airflow/.local/lib/python3.7/site-packages/airflow/example_dags/example_sla_dag.py
[2022-08-01 08:43:11,412] {processor.py:651} INFO - DAG(s) dict_keys(['example_sla_dag']) retrieved from /home/airflow/.local/lib/python3.7/site-packages/airflow/example_dags/example_sla_dag.py
[2022-08-01 08:43:11,446] {logging_mixin.py:115} INFO - [2022-08-01 08:43:11,446] {dag.py:2379} INFO - Sync 1 DAGs
[2022-08-01 08:43:11,489] {logging_mixin.py:115} INFO - [2022-08-01 08:43:11,489] {dag.py:2931} INFO - Setting next_dagrun for example_sla_dag to 2022-08-01T08:40:00+00:00, run_after=2022-08-01T08:42:00+00:00
[2022-08-01 08:43:11,526] {processor.py:161} INFO - Processing /home/airflow/.local/lib/python3.7/site-packages/airflow/example_dags/example_sla_dag.py took 0.160 seconds
[2022-08-01 08:43:41,696] {processor.py:153} INFO - Started process (PID=484) to work on /home/airflow/.local/lib/python3.7/site-packages/airflow/example_dags/example_sla_dag.py
[2022-08-01 08:43:41,699] {processor.py:641} INFO - Processing file /home/airflow/.local/lib/python3.7/site-packages/airflow/example_dags/example_sla_dag.py for tasks to queue
[2022-08-01 08:43:41,701] {logging_mixin.py:115} INFO - [2022-08-01 08:43:41,701] {dagbag.py:507} INFO - Filling up the DagBag from /home/airflow/.local/lib/python3.7/site-packages/airflow/example_dags/example_sla_dag.py
[2022-08-01 08:43:41,725] {processor.py:651} INFO - DAG(s) dict_keys(['example_sla_dag']) retrieved from /home/airflow/.local/lib/python3.7/site-packages/airflow/example_dags/example_sla_dag.py
[2022-08-01 08:43:41,746] {logging_mixin.py:115} INFO - [2022-08-01 08:43:41,746] {dag.py:2379} INFO - Sync 1 DAGs
[2022-08-01 08:43:41,767] {logging_mixin.py:115} INFO - [2022-08-01 08:43:41,767] {dag.py:2931} INFO - Setting next_dagrun for example_sla_dag to 2022-08-01T08:40:00+00:00, run_after=2022-08-01T08:42:00+00:00
[2022-08-01 08:43:41,781] {processor.py:161} INFO - Processing /home/airflow/.local/lib/python3.7/site-packages/airflow/example_dags/example_sla_dag.py took 0.088 seconds
[2022-08-01 08:44:12,863] {processor.py:153} INFO - Started process (PID=537) to work on /home/airflow/.local/lib/python3.7/site-packages/airflow/example_dags/example_sla_dag.py
[2022-08-01 08:44:12,867] {processor.py:641} INFO - Processing file /home/airflow/.local/lib/python3.7/site-packages/airflow/example_dags/example_sla_dag.py for tasks to queue
[2022-08-01 08:44:12,872] {logging_mixin.py:115} INFO - [2022-08-01 08:44:12,872] {dagbag.py:507} INFO - Filling up the DagBag from /home/airflow/.local/lib/python3.7/site-packages/airflow/example_dags/example_sla_dag.py
[2022-08-01 08:44:12,914] {processor.py:651} INFO - DAG(s) dict_keys(['example_sla_dag']) retrieved from /home/airflow/.local/lib/python3.7/site-packages/airflow/example_dags/example_sla_dag.py
[2022-08-01 08:44:12,952] {logging_mixin.py:115} INFO - [2022-08-01 08:44:12,952] {dag.py:2379} INFO - Sync 1 DAGs
[2022-08-01 08:44:12,977] {logging_mixin.py:115} INFO - [2022-08-01 08:44:12,977] {dag.py:2931} INFO - Setting next_dagrun for example_sla_dag to 2022-08-01T08:42:00+00:00, run_after=2022-08-01T08:44:00+00:00
[2022-08-01 08:44:13,000] {processor.py:161} INFO - Processing /home/airflow/.local/lib/python3.7/site-packages/airflow/example_dags/example_sla_dag.py took 0.140 seconds
[2022-08-01 08:44:43,482] {processor.py:153} INFO - Started process (PID=598) to work on /home/airflow/.local/lib/python3.7/site-packages/airflow/example_dags/example_sla_dag.py
[2022-08-01 08:44:43,487] {processor.py:641} INFO - Processing file /home/airflow/.local/lib/python3.7/site-packages/airflow/example_dags/example_sla_dag.py for tasks to queue
[2022-08-01 08:44:43,489] {logging_mixin.py:115} INFO - [2022-08-01 08:44:43,489] {dagbag.py:507} INFO - Filling up the DagBag from /home/airflow/.local/lib/python3.7/site-packages/airflow/example_dags/example_sla_dag.py
[2022-08-01 08:44:43,516] {processor.py:651} INFO - DAG(s) dict_keys(['example_sla_dag']) retrieved from /home/airflow/.local/lib/python3.7/site-packages/airflow/example_dags/example_sla_dag.py
[2022-08-01 08:44:43,553] {logging_mixin.py:115} INFO - [2022-08-01 08:44:43,553] {dag.py:2379} INFO - Sync 1 DAGs
[2022-08-01 08:44:43,591] {logging_mixin.py:115} INFO - [2022-08-01 08:44:43,586] {dag.py:2931} INFO - Setting next_dagrun for example_sla_dag to 2022-08-01T08:42:00+00:00, run_after=2022-08-01T08:44:00+00:00
[2022-08-01 08:44:43,611] {processor.py:161} INFO - Processing /home/airflow/.local/lib/python3.7/site-packages/airflow/example_dags/example_sla_dag.py took 0.132 seconds
[2022-08-01 08:45:13,882] {processor.py:153} INFO - Started process (PID=659) to work on /home/airflow/.local/lib/python3.7/site-packages/airflow/example_dags/example_sla_dag.py
[2022-08-01 08:45:13,884] {processor.py:641} INFO - Processing file /home/airflow/.local/lib/python3.7/site-packages/airflow/example_dags/example_sla_dag.py for tasks to queue
[2022-08-01 08:45:13,887] {logging_mixin.py:115} INFO - [2022-08-01 08:45:13,886] {dagbag.py:507} INFO - Filling up the DagBag from /home/airflow/.local/lib/python3.7/site-packages/airflow/example_dags/example_sla_dag.py
[2022-08-01 08:45:13,927] {processor.py:651} INFO - DAG(s) dict_keys(['example_sla_dag']) retrieved from /home/airflow/.local/lib/python3.7/site-packages/airflow/example_dags/example_sla_dag.py
[2022-08-01 08:45:13,969] {logging_mixin.py:115} INFO - [2022-08-01 08:45:13,969] {dag.py:2379} INFO - Sync 1 DAGs
[2022-08-01 08:45:14,020] {logging_mixin.py:115} INFO - [2022-08-01 08:45:14,020] {dag.py:2931} INFO - Setting next_dagrun for example_sla_dag to 2022-08-01T08:42:00+00:00, run_after=2022-08-01T08:44:00+00:00
[2022-08-01 08:45:14,107] {processor.py:161} INFO - Processing /home/airflow/.local/lib/python3.7/site-packages/airflow/example_dags/example_sla_dag.py took 0.229 seconds
[2022-08-01 08:45:44,973] {processor.py:153} INFO - Started process (PID=721) to work on /home/airflow/.local/lib/python3.7/site-packages/airflow/example_dags/example_sla_dag.py
[2022-08-01 08:45:44,979] {processor.py:641} INFO - Processing file /home/airflow/.local/lib/python3.7/site-packages/airflow/example_dags/example_sla_dag.py for tasks to queue
[2022-08-01 08:45:44,983] {logging_mixin.py:115} INFO - [2022-08-01 08:45:44,983] {dagbag.py:507} INFO - Filling up the DagBag from /home/airflow/.local/lib/python3.7/site-packages/airflow/example_dags/example_sla_dag.py
[2022-08-01 08:45:45,023] {processor.py:651} INFO - DAG(s) dict_keys(['example_sla_dag']) retrieved from /home/airflow/.local/lib/python3.7/site-packages/airflow/example_dags/example_sla_dag.py
[2022-08-01 08:45:45,045] {logging_mixin.py:115} INFO - [2022-08-01 08:45:45,045] {dag.py:2379} INFO - Sync 1 DAGs
[2022-08-01 08:45:45,061] {logging_mixin.py:115} INFO - [2022-08-01 08:45:45,061] {dag.py:2931} INFO - Setting next_dagrun for example_sla_dag to 2022-08-01T08:42:00+00:00, run_after=2022-08-01T08:44:00+00:00
[2022-08-01 08:45:45,076] {processor.py:161} INFO - Processing /home/airflow/.local/lib/python3.7/site-packages/airflow/example_dags/example_sla_dag.py took 0.106 seconds
[2022-08-01 08:46:15,729] {processor.py:153} INFO - Started process (PID=783) to work on /home/airflow/.local/lib/python3.7/site-packages/airflow/example_dags/example_sla_dag.py
[2022-08-01 08:46:15,731] {processor.py:641} INFO - Processing file /home/airflow/.local/lib/python3.7/site-packages/airflow/example_dags/example_sla_dag.py for tasks to queue
[2022-08-01 08:46:15,732] {logging_mixin.py:115} INFO - [2022-08-01 08:46:15,732] {dagbag.py:507} INFO - Filling up the DagBag from /home/airflow/.local/lib/python3.7/site-packages/airflow/example_dags/example_sla_dag.py
[2022-08-01 08:46:15,744] {processor.py:651} INFO - DAG(s) dict_keys(['example_sla_dag']) retrieved from /home/airflow/.local/lib/python3.7/site-packages/airflow/example_dags/example_sla_dag.py
[2022-08-01 08:46:15,762] {logging_mixin.py:115} INFO - [2022-08-01 08:46:15,762] {dag.py:2379} INFO - Sync 1 DAGs
[2022-08-01 08:46:15,780] {logging_mixin.py:115} INFO - [2022-08-01 08:46:15,780] {dag.py:2931} INFO - Setting next_dagrun for example_sla_dag to 2022-08-01T08:44:00+00:00, run_after=2022-08-01T08:46:00+00:00
[2022-08-01 08:46:15,789] {processor.py:161} INFO - Processing /home/airflow/.local/lib/python3.7/site-packages/airflow/example_dags/example_sla_dag.py took 0.061 seconds
[2022-08-01 08:46:47,015] {processor.py:153} INFO - Started process (PID=846) to work on /home/airflow/.local/lib/python3.7/site-packages/airflow/example_dags/example_sla_dag.py
[2022-08-01 08:46:47,017] {processor.py:641} INFO - Processing file /home/airflow/.local/lib/python3.7/site-packages/airflow/example_dags/example_sla_dag.py for tasks to queue
[2022-08-01 08:46:47,022] {logging_mixin.py:115} INFO - [2022-08-01 08:46:47,022] {dagbag.py:507} INFO - Filling up the DagBag from /home/airflow/.local/lib/python3.7/site-packages/airflow/example_dags/example_sla_dag.py
[2022-08-01 08:46:47,071] {processor.py:651} INFO - DAG(s) dict_keys(['example_sla_dag']) retrieved from /home/airflow/.local/lib/python3.7/site-packages/airflow/example_dags/example_sla_dag.py
[2022-08-01 08:46:47,102] {logging_mixin.py:115} INFO - [2022-08-01 08:46:47,102] {dag.py:2379} INFO - Sync 1 DAGs
[2022-08-01 08:46:47,131] {logging_mixin.py:115} INFO - [2022-08-01 08:46:47,131] {dag.py:2931} INFO - Setting next_dagrun for example_sla_dag to 2022-08-01T08:44:00+00:00, run_after=2022-08-01T08:46:00+00:00
[2022-08-01 08:46:47,147] {processor.py:161} INFO - Processing /home/airflow/.local/lib/python3.7/site-packages/airflow/example_dags/example_sla_dag.py took 0.139 seconds
[2022-08-01 08:47:17,297] {processor.py:153} INFO - Started process (PID=898) to work on /home/airflow/.local/lib/python3.7/site-packages/airflow/example_dags/example_sla_dag.py
[2022-08-01 08:47:17,299] {processor.py:641} INFO - Processing file /home/airflow/.local/lib/python3.7/site-packages/airflow/example_dags/example_sla_dag.py for tasks to queue
[2022-08-01 08:47:17,302] {logging_mixin.py:115} INFO - [2022-08-01 08:47:17,301] {dagbag.py:507} INFO - Filling up the DagBag from /home/airflow/.local/lib/python3.7/site-packages/airflow/example_dags/example_sla_dag.py
[2022-08-01 08:47:17,321] {processor.py:651} INFO - DAG(s) dict_keys(['example_sla_dag']) retrieved from /home/airflow/.local/lib/python3.7/site-packages/airflow/example_dags/example_sla_dag.py
[2022-08-01 08:47:17,342] {logging_mixin.py:115} INFO - [2022-08-01 08:47:17,342] {dag.py:2379} INFO - Sync 1 DAGs
[2022-08-01 08:47:17,366] {logging_mixin.py:115} INFO - [2022-08-01 08:47:17,366] {dag.py:2931} INFO - Setting next_dagrun for example_sla_dag to 2022-08-01T08:44:00+00:00, run_after=2022-08-01T08:46:00+00:00
[2022-08-01 08:47:17,378] {processor.py:161} INFO - Processing /home/airflow/.local/lib/python3.7/site-packages/airflow/example_dags/example_sla_dag.py took 0.094 seconds
[2022-08-01 08:47:47,898] {processor.py:153} INFO - Started process (PID=959) to work on /home/airflow/.local/lib/python3.7/site-packages/airflow/example_dags/example_sla_dag.py
[2022-08-01 08:47:47,900] {processor.py:641} INFO - Processing file /home/airflow/.local/lib/python3.7/site-packages/airflow/example_dags/example_sla_dag.py for tasks to queue
[2022-08-01 08:47:47,902] {logging_mixin.py:115} INFO - [2022-08-01 08:47:47,902] {dagbag.py:507} INFO - Filling up the DagBag from /home/airflow/.local/lib/python3.7/site-packages/airflow/example_dags/example_sla_dag.py
[2022-08-01 08:47:47,917] {processor.py:651} INFO - DAG(s) dict_keys(['example_sla_dag']) retrieved from /home/airflow/.local/lib/python3.7/site-packages/airflow/example_dags/example_sla_dag.py
[2022-08-01 08:47:47,941] {logging_mixin.py:115} INFO - [2022-08-01 08:47:47,941] {dag.py:2379} INFO - Sync 1 DAGs
[2022-08-01 08:47:47,961] {logging_mixin.py:115} INFO - [2022-08-01 08:47:47,961] {dag.py:2931} INFO - Setting next_dagrun for example_sla_dag to 2022-08-01T08:44:00+00:00, run_after=2022-08-01T08:46:00+00:00
[2022-08-01 08:47:47,968] {processor.py:161} INFO - Processing /home/airflow/.local/lib/python3.7/site-packages/airflow/example_dags/example_sla_dag.py took 0.072 seconds
[2022-08-01 08:48:19,231] {processor.py:153} INFO - Started process (PID=1020) to work on /home/airflow/.local/lib/python3.7/site-packages/airflow/example_dags/example_sla_dag.py
[2022-08-01 08:48:19,232] {processor.py:641} INFO - Processing file /home/airflow/.local/lib/python3.7/site-packages/airflow/example_dags/example_sla_dag.py for tasks to queue
[2022-08-01 08:48:19,235] {logging_mixin.py:115} INFO - [2022-08-01 08:48:19,235] {dagbag.py:507} INFO - Filling up the DagBag from /home/airflow/.local/lib/python3.7/site-packages/airflow/example_dags/example_sla_dag.py
[2022-08-01 08:48:19,259] {processor.py:651} INFO - DAG(s) dict_keys(['example_sla_dag']) retrieved from /home/airflow/.local/lib/python3.7/site-packages/airflow/example_dags/example_sla_dag.py
[2022-08-01 08:48:19,297] {logging_mixin.py:115} INFO - [2022-08-01 08:48:19,297] {dag.py:2379} INFO - Sync 1 DAGs
[2022-08-01 08:48:19,331] {logging_mixin.py:115} INFO - [2022-08-01 08:48:19,331] {dag.py:2931} INFO - Setting next_dagrun for example_sla_dag to 2022-08-01T08:46:00+00:00, run_after=2022-08-01T08:48:00+00:00
[2022-08-01 08:48:19,348] {processor.py:161} INFO - Processing /home/airflow/.local/lib/python3.7/site-packages/airflow/example_dags/example_sla_dag.py took 0.120 seconds
[2022-08-01 08:48:50,275] {processor.py:153} INFO - Started process (PID=1081) to work on /home/airflow/.local/lib/python3.7/site-packages/airflow/example_dags/example_sla_dag.py
[2022-08-01 08:48:50,277] {processor.py:641} INFO - Processing file /home/airflow/.local/lib/python3.7/site-packages/airflow/example_dags/example_sla_dag.py for tasks to queue
[2022-08-01 08:48:50,279] {logging_mixin.py:115} INFO - [2022-08-01 08:48:50,279] {dagbag.py:507} INFO - Filling up the DagBag from /home/airflow/.local/lib/python3.7/site-packages/airflow/example_dags/example_sla_dag.py
[2022-08-01 08:48:50,301] {processor.py:651} INFO - DAG(s) dict_keys(['example_sla_dag']) retrieved from /home/airflow/.local/lib/python3.7/site-packages/airflow/example_dags/example_sla_dag.py
[2022-08-01 08:48:50,324] {logging_mixin.py:115} INFO - [2022-08-01 08:48:50,324] {dag.py:2379} INFO - Sync 1 DAGs
[2022-08-01 08:48:50,356] {logging_mixin.py:115} INFO - [2022-08-01 08:48:50,356] {dag.py:2931} INFO - Setting next_dagrun for example_sla_dag to 2022-08-01T08:46:00+00:00, run_after=2022-08-01T08:48:00+00:00
[2022-08-01 08:48:50,372] {processor.py:161} INFO - Processing /home/airflow/.local/lib/python3.7/site-packages/airflow/example_dags/example_sla_dag.py took 0.099 seconds
[2022-08-01 08:49:20,530] {processor.py:153} INFO - Started process (PID=1143) to work on /home/airflow/.local/lib/python3.7/site-packages/airflow/example_dags/example_sla_dag.py
[2022-08-01 08:49:20,531] {processor.py:641} INFO - Processing file /home/airflow/.local/lib/python3.7/site-packages/airflow/example_dags/example_sla_dag.py for tasks to queue
[2022-08-01 08:49:20,534] {logging_mixin.py:115} INFO - [2022-08-01 08:49:20,534] {dagbag.py:507} INFO - Filling up the DagBag from /home/airflow/.local/lib/python3.7/site-packages/airflow/example_dags/example_sla_dag.py
[2022-08-01 08:49:20,554] {processor.py:651} INFO - DAG(s) dict_keys(['example_sla_dag']) retrieved from /home/airflow/.local/lib/python3.7/site-packages/airflow/example_dags/example_sla_dag.py
[2022-08-01 08:49:20,579] {logging_mixin.py:115} INFO - [2022-08-01 08:49:20,579] {dag.py:2379} INFO - Sync 1 DAGs
[2022-08-01 08:49:20,618] {logging_mixin.py:115} INFO - [2022-08-01 08:49:20,617] {dag.py:2931} INFO - Setting next_dagrun for example_sla_dag to 2022-08-01T08:46:00+00:00, run_after=2022-08-01T08:48:00+00:00
[2022-08-01 08:49:20,637] {processor.py:161} INFO - Processing /home/airflow/.local/lib/python3.7/site-packages/airflow/example_dags/example_sla_dag.py took 0.110 seconds
[2022-08-01 08:49:50,819] {processor.py:153} INFO - Started process (PID=1196) to work on /home/airflow/.local/lib/python3.7/site-packages/airflow/example_dags/example_sla_dag.py
[2022-08-01 08:49:50,821] {processor.py:641} INFO - Processing file /home/airflow/.local/lib/python3.7/site-packages/airflow/example_dags/example_sla_dag.py for tasks to queue
[2022-08-01 08:49:50,822] {logging_mixin.py:115} INFO - [2022-08-01 08:49:50,822] {dagbag.py:507} INFO - Filling up the DagBag from /home/airflow/.local/lib/python3.7/site-packages/airflow/example_dags/example_sla_dag.py
[2022-08-01 08:49:50,834] {processor.py:651} INFO - DAG(s) dict_keys(['example_sla_dag']) retrieved from /home/airflow/.local/lib/python3.7/site-packages/airflow/example_dags/example_sla_dag.py
[2022-08-01 08:49:50,851] {logging_mixin.py:115} INFO - [2022-08-01 08:49:50,851] {dag.py:2379} INFO - Sync 1 DAGs
[2022-08-01 08:49:50,866] {logging_mixin.py:115} INFO - [2022-08-01 08:49:50,866] {dag.py:2931} INFO - Setting next_dagrun for example_sla_dag to 2022-08-01T08:46:00+00:00, run_after=2022-08-01T08:48:00+00:00
[2022-08-01 08:49:50,878] {processor.py:161} INFO - Processing /home/airflow/.local/lib/python3.7/site-packages/airflow/example_dags/example_sla_dag.py took 0.062 seconds
[2022-08-01 08:50:21,041] {processor.py:153} INFO - Started process (PID=1260) to work on /home/airflow/.local/lib/python3.7/site-packages/airflow/example_dags/example_sla_dag.py
[2022-08-01 08:50:21,043] {processor.py:641} INFO - Processing file /home/airflow/.local/lib/python3.7/site-packages/airflow/example_dags/example_sla_dag.py for tasks to queue
[2022-08-01 08:50:21,045] {logging_mixin.py:115} INFO - [2022-08-01 08:50:21,045] {dagbag.py:507} INFO - Filling up the DagBag from /home/airflow/.local/lib/python3.7/site-packages/airflow/example_dags/example_sla_dag.py
[2022-08-01 08:50:21,061] {processor.py:651} INFO - DAG(s) dict_keys(['example_sla_dag']) retrieved from /home/airflow/.local/lib/python3.7/site-packages/airflow/example_dags/example_sla_dag.py
[2022-08-01 08:50:21,088] {logging_mixin.py:115} INFO - [2022-08-01 08:50:21,088] {dag.py:2379} INFO - Sync 1 DAGs
[2022-08-01 08:50:21,118] {logging_mixin.py:115} INFO - [2022-08-01 08:50:21,118] {dag.py:2931} INFO - Setting next_dagrun for example_sla_dag to 2022-08-01T08:48:00+00:00, run_after=2022-08-01T08:50:00+00:00
[2022-08-01 08:50:21,131] {processor.py:161} INFO - Processing /home/airflow/.local/lib/python3.7/site-packages/airflow/example_dags/example_sla_dag.py took 0.092 seconds
