[2022-06-21 23:20:51,253] {taskinstance.py:1159} INFO - Dependencies all met for <TaskInstance: tutorial_request.ola scheduled__2022-06-20T23:20:48.833634+00:00 [queued]>
[2022-06-21 23:20:51,259] {taskinstance.py:1159} INFO - Dependencies all met for <TaskInstance: tutorial_request.ola scheduled__2022-06-20T23:20:48.833634+00:00 [queued]>
[2022-06-21 23:20:51,260] {taskinstance.py:1356} INFO - 
--------------------------------------------------------------------------------
[2022-06-21 23:20:51,261] {taskinstance.py:1357} INFO - Starting attempt 1 of 2
[2022-06-21 23:20:51,262] {taskinstance.py:1358} INFO - 
--------------------------------------------------------------------------------
[2022-06-21 23:20:51,269] {taskinstance.py:1377} INFO - Executing <Task(Ola): ola> on 2022-06-20 23:20:48.833634+00:00
[2022-06-21 23:20:51,274] {standard_task_runner.py:52} INFO - Started process 8760 to run task
[2022-06-21 23:20:51,276] {standard_task_runner.py:79} INFO - Running: ['***', 'tasks', 'run', 'tutorial_request', 'ola', 'scheduled__2022-06-20T23:20:48.833634+00:00', '--job-id', '116', '--raw', '--subdir', 'DAGS_FOLDER/hello.py', '--cfg-path', '/tmp/tmpuf7t20ic', '--error-file', '/tmp/tmps2zk2lo2']
[2022-06-21 23:20:51,278] {standard_task_runner.py:80} INFO - Job 116: Subtask ola
[2022-06-21 23:20:51,316] {task_command.py:370} INFO - Running <TaskInstance: tutorial_request.ola scheduled__2022-06-20T23:20:48.833634+00:00 [running]> on host 3b9da1961faf
[2022-06-21 23:20:51,357] {taskinstance.py:1571} INFO - Exporting the following env vars:
AIRFLOW_CTX_DAG_EMAIL=***@example.com
AIRFLOW_CTX_DAG_OWNER=***
AIRFLOW_CTX_DAG_ID=tutorial_request
AIRFLOW_CTX_TASK_ID=ola
AIRFLOW_CTX_EXECUTION_DATE=2022-06-20T23:20:48.833634+00:00
AIRFLOW_CTX_TRY_NUMBER=1
AIRFLOW_CTX_DAG_RUN_ID=scheduled__2022-06-20T23:20:48.833634+00:00
[2022-06-21 23:20:54,209] {logging_mixin.py:115} INFO - SPARK SESSION  <pyspark.sql.session.SparkSession object at 0xffff76a5b8d0>
[2022-06-21 23:20:54,372] {taskinstance.py:1400} INFO - Marking task as SUCCESS. dag_id=tutorial_request, task_id=ola, execution_date=20220620T232048, start_date=20220621T232051, end_date=20220621T232054
[2022-06-21 23:20:54,400] {local_task_job.py:156} INFO - Task exited with return code 0
[2022-06-21 23:20:54,425] {local_task_job.py:273} INFO - 0 downstream tasks scheduled from follow-on schedule check
