[2022-06-30 12:07:23,042] {processor.py:153} INFO - Started process (PID=45) to work on /home/airflow/.local/lib/python3.7/site-packages/airflow/example_dags/example_kubernetes_executor.py
[2022-06-30 12:07:23,054] {processor.py:641} INFO - Processing file /home/airflow/.local/lib/python3.7/site-packages/airflow/example_dags/example_kubernetes_executor.py for tasks to queue
[2022-06-30 12:07:23,057] {logging_mixin.py:115} INFO - [2022-06-30 12:07:23,057] {dagbag.py:507} INFO - Filling up the DagBag from /home/airflow/.local/lib/python3.7/site-packages/airflow/example_dags/example_kubernetes_executor.py
[2022-06-30 12:07:23,201] {processor.py:651} INFO - DAG(s) dict_keys(['example_kubernetes_executor']) retrieved from /home/airflow/.local/lib/python3.7/site-packages/airflow/example_dags/example_kubernetes_executor.py
[2022-06-30 12:07:23,252] {logging_mixin.py:115} INFO - [2022-06-30 12:07:23,252] {dag.py:2379} INFO - Sync 1 DAGs
[2022-06-30 12:07:23,301] {logging_mixin.py:115} INFO - [2022-06-30 12:07:23,301] {dag.py:2931} INFO - Setting next_dagrun for example_kubernetes_executor to None, run_after=None
[2022-06-30 12:07:23,325] {processor.py:161} INFO - Processing /home/airflow/.local/lib/python3.7/site-packages/airflow/example_dags/example_kubernetes_executor.py took 0.286 seconds
[2022-06-30 12:07:54,129] {processor.py:153} INFO - Started process (PID=99) to work on /home/airflow/.local/lib/python3.7/site-packages/airflow/example_dags/example_kubernetes_executor.py
[2022-06-30 12:07:54,131] {processor.py:641} INFO - Processing file /home/airflow/.local/lib/python3.7/site-packages/airflow/example_dags/example_kubernetes_executor.py for tasks to queue
[2022-06-30 12:07:54,133] {logging_mixin.py:115} INFO - [2022-06-30 12:07:54,133] {dagbag.py:507} INFO - Filling up the DagBag from /home/airflow/.local/lib/python3.7/site-packages/airflow/example_dags/example_kubernetes_executor.py
[2022-06-30 12:07:54,174] {processor.py:651} INFO - DAG(s) dict_keys(['example_kubernetes_executor']) retrieved from /home/airflow/.local/lib/python3.7/site-packages/airflow/example_dags/example_kubernetes_executor.py
[2022-06-30 12:07:54,207] {logging_mixin.py:115} INFO - [2022-06-30 12:07:54,207] {dag.py:2379} INFO - Sync 1 DAGs
[2022-06-30 12:07:54,249] {logging_mixin.py:115} INFO - [2022-06-30 12:07:54,248] {dag.py:2931} INFO - Setting next_dagrun for example_kubernetes_executor to None, run_after=None
[2022-06-30 12:07:54,281] {processor.py:161} INFO - Processing /home/airflow/.local/lib/python3.7/site-packages/airflow/example_dags/example_kubernetes_executor.py took 0.154 seconds
[2022-06-30 12:08:24,860] {processor.py:153} INFO - Started process (PID=163) to work on /home/airflow/.local/lib/python3.7/site-packages/airflow/example_dags/example_kubernetes_executor.py
[2022-06-30 12:08:24,864] {processor.py:641} INFO - Processing file /home/airflow/.local/lib/python3.7/site-packages/airflow/example_dags/example_kubernetes_executor.py for tasks to queue
[2022-06-30 12:08:24,866] {logging_mixin.py:115} INFO - [2022-06-30 12:08:24,866] {dagbag.py:507} INFO - Filling up the DagBag from /home/airflow/.local/lib/python3.7/site-packages/airflow/example_dags/example_kubernetes_executor.py
[2022-06-30 12:08:24,917] {processor.py:651} INFO - DAG(s) dict_keys(['example_kubernetes_executor']) retrieved from /home/airflow/.local/lib/python3.7/site-packages/airflow/example_dags/example_kubernetes_executor.py
[2022-06-30 12:08:24,950] {logging_mixin.py:115} INFO - [2022-06-30 12:08:24,950] {dag.py:2379} INFO - Sync 1 DAGs
[2022-06-30 12:08:24,980] {logging_mixin.py:115} INFO - [2022-06-30 12:08:24,980] {dag.py:2931} INFO - Setting next_dagrun for example_kubernetes_executor to None, run_after=None
[2022-06-30 12:08:24,996] {processor.py:161} INFO - Processing /home/airflow/.local/lib/python3.7/site-packages/airflow/example_dags/example_kubernetes_executor.py took 0.138 seconds
[2022-06-30 12:08:56,450] {processor.py:153} INFO - Started process (PID=229) to work on /home/airflow/.local/lib/python3.7/site-packages/airflow/example_dags/example_kubernetes_executor.py
[2022-06-30 12:08:56,455] {processor.py:641} INFO - Processing file /home/airflow/.local/lib/python3.7/site-packages/airflow/example_dags/example_kubernetes_executor.py for tasks to queue
[2022-06-30 12:08:56,458] {logging_mixin.py:115} INFO - [2022-06-30 12:08:56,458] {dagbag.py:507} INFO - Filling up the DagBag from /home/airflow/.local/lib/python3.7/site-packages/airflow/example_dags/example_kubernetes_executor.py
[2022-06-30 12:08:56,544] {processor.py:651} INFO - DAG(s) dict_keys(['example_kubernetes_executor']) retrieved from /home/airflow/.local/lib/python3.7/site-packages/airflow/example_dags/example_kubernetes_executor.py
[2022-06-30 12:08:56,583] {logging_mixin.py:115} INFO - [2022-06-30 12:08:56,583] {dag.py:2379} INFO - Sync 1 DAGs
[2022-06-30 12:08:56,622] {logging_mixin.py:115} INFO - [2022-06-30 12:08:56,622] {dag.py:2931} INFO - Setting next_dagrun for example_kubernetes_executor to None, run_after=None
[2022-06-30 12:08:56,639] {processor.py:161} INFO - Processing /home/airflow/.local/lib/python3.7/site-packages/airflow/example_dags/example_kubernetes_executor.py took 0.192 seconds
[2022-06-30 12:09:27,661] {processor.py:153} INFO - Started process (PID=291) to work on /home/airflow/.local/lib/python3.7/site-packages/airflow/example_dags/example_kubernetes_executor.py
[2022-06-30 12:09:27,664] {processor.py:641} INFO - Processing file /home/airflow/.local/lib/python3.7/site-packages/airflow/example_dags/example_kubernetes_executor.py for tasks to queue
[2022-06-30 12:09:27,666] {logging_mixin.py:115} INFO - [2022-06-30 12:09:27,666] {dagbag.py:507} INFO - Filling up the DagBag from /home/airflow/.local/lib/python3.7/site-packages/airflow/example_dags/example_kubernetes_executor.py
[2022-06-30 12:09:27,719] {processor.py:651} INFO - DAG(s) dict_keys(['example_kubernetes_executor']) retrieved from /home/airflow/.local/lib/python3.7/site-packages/airflow/example_dags/example_kubernetes_executor.py
[2022-06-30 12:09:27,768] {logging_mixin.py:115} INFO - [2022-06-30 12:09:27,768] {dag.py:2379} INFO - Sync 1 DAGs
[2022-06-30 12:09:27,815] {logging_mixin.py:115} INFO - [2022-06-30 12:09:27,815] {dag.py:2931} INFO - Setting next_dagrun for example_kubernetes_executor to None, run_after=None
[2022-06-30 12:09:27,832] {processor.py:161} INFO - Processing /home/airflow/.local/lib/python3.7/site-packages/airflow/example_dags/example_kubernetes_executor.py took 0.180 seconds
[2022-06-30 12:09:58,629] {processor.py:153} INFO - Started process (PID=349) to work on /home/airflow/.local/lib/python3.7/site-packages/airflow/example_dags/example_kubernetes_executor.py
[2022-06-30 12:09:58,632] {processor.py:641} INFO - Processing file /home/airflow/.local/lib/python3.7/site-packages/airflow/example_dags/example_kubernetes_executor.py for tasks to queue
[2022-06-30 12:09:58,635] {logging_mixin.py:115} INFO - [2022-06-30 12:09:58,634] {dagbag.py:507} INFO - Filling up the DagBag from /home/airflow/.local/lib/python3.7/site-packages/airflow/example_dags/example_kubernetes_executor.py
[2022-06-30 12:09:58,673] {processor.py:651} INFO - DAG(s) dict_keys(['example_kubernetes_executor']) retrieved from /home/airflow/.local/lib/python3.7/site-packages/airflow/example_dags/example_kubernetes_executor.py
[2022-06-30 12:09:58,711] {logging_mixin.py:115} INFO - [2022-06-30 12:09:58,711] {dag.py:2379} INFO - Sync 1 DAGs
[2022-06-30 12:09:58,740] {logging_mixin.py:115} INFO - [2022-06-30 12:09:58,740] {dag.py:2931} INFO - Setting next_dagrun for example_kubernetes_executor to None, run_after=None
[2022-06-30 12:09:58,757] {processor.py:161} INFO - Processing /home/airflow/.local/lib/python3.7/site-packages/airflow/example_dags/example_kubernetes_executor.py took 0.130 seconds
[2022-06-30 12:10:29,602] {processor.py:153} INFO - Started process (PID=413) to work on /home/airflow/.local/lib/python3.7/site-packages/airflow/example_dags/example_kubernetes_executor.py
[2022-06-30 12:10:29,604] {processor.py:641} INFO - Processing file /home/airflow/.local/lib/python3.7/site-packages/airflow/example_dags/example_kubernetes_executor.py for tasks to queue
[2022-06-30 12:10:29,608] {logging_mixin.py:115} INFO - [2022-06-30 12:10:29,608] {dagbag.py:507} INFO - Filling up the DagBag from /home/airflow/.local/lib/python3.7/site-packages/airflow/example_dags/example_kubernetes_executor.py
[2022-06-30 12:10:29,637] {processor.py:651} INFO - DAG(s) dict_keys(['example_kubernetes_executor']) retrieved from /home/airflow/.local/lib/python3.7/site-packages/airflow/example_dags/example_kubernetes_executor.py
[2022-06-30 12:10:29,674] {logging_mixin.py:115} INFO - [2022-06-30 12:10:29,674] {dag.py:2379} INFO - Sync 1 DAGs
[2022-06-30 12:10:29,697] {logging_mixin.py:115} INFO - [2022-06-30 12:10:29,697] {dag.py:2931} INFO - Setting next_dagrun for example_kubernetes_executor to None, run_after=None
[2022-06-30 12:10:29,711] {processor.py:161} INFO - Processing /home/airflow/.local/lib/python3.7/site-packages/airflow/example_dags/example_kubernetes_executor.py took 0.112 seconds
[2022-06-30 12:11:00,072] {processor.py:153} INFO - Started process (PID=478) to work on /home/airflow/.local/lib/python3.7/site-packages/airflow/example_dags/example_kubernetes_executor.py
[2022-06-30 12:11:00,074] {processor.py:641} INFO - Processing file /home/airflow/.local/lib/python3.7/site-packages/airflow/example_dags/example_kubernetes_executor.py for tasks to queue
[2022-06-30 12:11:00,075] {logging_mixin.py:115} INFO - [2022-06-30 12:11:00,075] {dagbag.py:507} INFO - Filling up the DagBag from /home/airflow/.local/lib/python3.7/site-packages/airflow/example_dags/example_kubernetes_executor.py
[2022-06-30 12:11:00,100] {processor.py:651} INFO - DAG(s) dict_keys(['example_kubernetes_executor']) retrieved from /home/airflow/.local/lib/python3.7/site-packages/airflow/example_dags/example_kubernetes_executor.py
[2022-06-30 12:11:00,123] {logging_mixin.py:115} INFO - [2022-06-30 12:11:00,123] {dag.py:2379} INFO - Sync 1 DAGs
[2022-06-30 12:11:00,147] {logging_mixin.py:115} INFO - [2022-06-30 12:11:00,147] {dag.py:2931} INFO - Setting next_dagrun for example_kubernetes_executor to None, run_after=None
[2022-06-30 12:11:00,159] {processor.py:161} INFO - Processing /home/airflow/.local/lib/python3.7/site-packages/airflow/example_dags/example_kubernetes_executor.py took 0.092 seconds
[2022-06-30 12:11:30,780] {processor.py:153} INFO - Started process (PID=534) to work on /home/airflow/.local/lib/python3.7/site-packages/airflow/example_dags/example_kubernetes_executor.py
[2022-06-30 12:11:30,781] {processor.py:641} INFO - Processing file /home/airflow/.local/lib/python3.7/site-packages/airflow/example_dags/example_kubernetes_executor.py for tasks to queue
[2022-06-30 12:11:30,783] {logging_mixin.py:115} INFO - [2022-06-30 12:11:30,783] {dagbag.py:507} INFO - Filling up the DagBag from /home/airflow/.local/lib/python3.7/site-packages/airflow/example_dags/example_kubernetes_executor.py
[2022-06-30 12:11:30,802] {processor.py:651} INFO - DAG(s) dict_keys(['example_kubernetes_executor']) retrieved from /home/airflow/.local/lib/python3.7/site-packages/airflow/example_dags/example_kubernetes_executor.py
[2022-06-30 12:11:30,828] {logging_mixin.py:115} INFO - [2022-06-30 12:11:30,828] {dag.py:2379} INFO - Sync 1 DAGs
[2022-06-30 12:11:30,860] {logging_mixin.py:115} INFO - [2022-06-30 12:11:30,860] {dag.py:2931} INFO - Setting next_dagrun for example_kubernetes_executor to None, run_after=None
[2022-06-30 12:11:30,876] {processor.py:161} INFO - Processing /home/airflow/.local/lib/python3.7/site-packages/airflow/example_dags/example_kubernetes_executor.py took 0.099 seconds
[2022-06-30 12:12:01,349] {processor.py:153} INFO - Started process (PID=600) to work on /home/airflow/.local/lib/python3.7/site-packages/airflow/example_dags/example_kubernetes_executor.py
[2022-06-30 12:12:01,355] {processor.py:641} INFO - Processing file /home/airflow/.local/lib/python3.7/site-packages/airflow/example_dags/example_kubernetes_executor.py for tasks to queue
[2022-06-30 12:12:01,357] {logging_mixin.py:115} INFO - [2022-06-30 12:12:01,357] {dagbag.py:507} INFO - Filling up the DagBag from /home/airflow/.local/lib/python3.7/site-packages/airflow/example_dags/example_kubernetes_executor.py
[2022-06-30 12:12:01,383] {processor.py:651} INFO - DAG(s) dict_keys(['example_kubernetes_executor']) retrieved from /home/airflow/.local/lib/python3.7/site-packages/airflow/example_dags/example_kubernetes_executor.py
[2022-06-30 12:12:01,403] {logging_mixin.py:115} INFO - [2022-06-30 12:12:01,403] {dag.py:2379} INFO - Sync 1 DAGs
[2022-06-30 12:12:01,416] {logging_mixin.py:115} INFO - [2022-06-30 12:12:01,416] {dag.py:2931} INFO - Setting next_dagrun for example_kubernetes_executor to None, run_after=None
[2022-06-30 12:12:01,424] {processor.py:161} INFO - Processing /home/airflow/.local/lib/python3.7/site-packages/airflow/example_dags/example_kubernetes_executor.py took 0.078 seconds
[2022-06-30 12:12:31,698] {processor.py:153} INFO - Started process (PID=663) to work on /home/airflow/.local/lib/python3.7/site-packages/airflow/example_dags/example_kubernetes_executor.py
[2022-06-30 12:12:31,702] {processor.py:641} INFO - Processing file /home/airflow/.local/lib/python3.7/site-packages/airflow/example_dags/example_kubernetes_executor.py for tasks to queue
[2022-06-30 12:12:31,705] {logging_mixin.py:115} INFO - [2022-06-30 12:12:31,705] {dagbag.py:507} INFO - Filling up the DagBag from /home/airflow/.local/lib/python3.7/site-packages/airflow/example_dags/example_kubernetes_executor.py
[2022-06-30 12:12:31,729] {processor.py:651} INFO - DAG(s) dict_keys(['example_kubernetes_executor']) retrieved from /home/airflow/.local/lib/python3.7/site-packages/airflow/example_dags/example_kubernetes_executor.py
[2022-06-30 12:12:31,756] {logging_mixin.py:115} INFO - [2022-06-30 12:12:31,756] {dag.py:2379} INFO - Sync 1 DAGs
[2022-06-30 12:12:31,775] {logging_mixin.py:115} INFO - [2022-06-30 12:12:31,774] {dag.py:2931} INFO - Setting next_dagrun for example_kubernetes_executor to None, run_after=None
[2022-06-30 12:12:31,784] {processor.py:161} INFO - Processing /home/airflow/.local/lib/python3.7/site-packages/airflow/example_dags/example_kubernetes_executor.py took 0.087 seconds
[2022-06-30 12:13:01,826] {processor.py:153} INFO - Started process (PID=723) to work on /home/airflow/.local/lib/python3.7/site-packages/airflow/example_dags/example_kubernetes_executor.py
[2022-06-30 12:13:01,828] {processor.py:641} INFO - Processing file /home/airflow/.local/lib/python3.7/site-packages/airflow/example_dags/example_kubernetes_executor.py for tasks to queue
[2022-06-30 12:13:01,829] {logging_mixin.py:115} INFO - [2022-06-30 12:13:01,829] {dagbag.py:507} INFO - Filling up the DagBag from /home/airflow/.local/lib/python3.7/site-packages/airflow/example_dags/example_kubernetes_executor.py
[2022-06-30 12:13:01,852] {processor.py:651} INFO - DAG(s) dict_keys(['example_kubernetes_executor']) retrieved from /home/airflow/.local/lib/python3.7/site-packages/airflow/example_dags/example_kubernetes_executor.py
[2022-06-30 12:13:01,883] {logging_mixin.py:115} INFO - [2022-06-30 12:13:01,883] {dag.py:2379} INFO - Sync 1 DAGs
[2022-06-30 12:13:01,908] {logging_mixin.py:115} INFO - [2022-06-30 12:13:01,908] {dag.py:2931} INFO - Setting next_dagrun for example_kubernetes_executor to None, run_after=None
[2022-06-30 12:13:01,929] {processor.py:161} INFO - Processing /home/airflow/.local/lib/python3.7/site-packages/airflow/example_dags/example_kubernetes_executor.py took 0.105 seconds
[2022-06-30 12:13:33,327] {processor.py:153} INFO - Started process (PID=791) to work on /home/airflow/.local/lib/python3.7/site-packages/airflow/example_dags/example_kubernetes_executor.py
[2022-06-30 12:13:33,328] {processor.py:641} INFO - Processing file /home/airflow/.local/lib/python3.7/site-packages/airflow/example_dags/example_kubernetes_executor.py for tasks to queue
[2022-06-30 12:13:33,331] {logging_mixin.py:115} INFO - [2022-06-30 12:13:33,331] {dagbag.py:507} INFO - Filling up the DagBag from /home/airflow/.local/lib/python3.7/site-packages/airflow/example_dags/example_kubernetes_executor.py
[2022-06-30 12:13:33,356] {processor.py:651} INFO - DAG(s) dict_keys(['example_kubernetes_executor']) retrieved from /home/airflow/.local/lib/python3.7/site-packages/airflow/example_dags/example_kubernetes_executor.py
[2022-06-30 12:13:33,384] {logging_mixin.py:115} INFO - [2022-06-30 12:13:33,384] {dag.py:2379} INFO - Sync 1 DAGs
[2022-06-30 12:13:33,401] {logging_mixin.py:115} INFO - [2022-06-30 12:13:33,401] {dag.py:2931} INFO - Setting next_dagrun for example_kubernetes_executor to None, run_after=None
[2022-06-30 12:13:33,426] {processor.py:161} INFO - Processing /home/airflow/.local/lib/python3.7/site-packages/airflow/example_dags/example_kubernetes_executor.py took 0.101 seconds
[2022-06-30 12:14:04,776] {processor.py:153} INFO - Started process (PID=847) to work on /home/airflow/.local/lib/python3.7/site-packages/airflow/example_dags/example_kubernetes_executor.py
[2022-06-30 12:14:04,777] {processor.py:641} INFO - Processing file /home/airflow/.local/lib/python3.7/site-packages/airflow/example_dags/example_kubernetes_executor.py for tasks to queue
[2022-06-30 12:14:04,779] {logging_mixin.py:115} INFO - [2022-06-30 12:14:04,779] {dagbag.py:507} INFO - Filling up the DagBag from /home/airflow/.local/lib/python3.7/site-packages/airflow/example_dags/example_kubernetes_executor.py
[2022-06-30 12:14:04,798] {processor.py:651} INFO - DAG(s) dict_keys(['example_kubernetes_executor']) retrieved from /home/airflow/.local/lib/python3.7/site-packages/airflow/example_dags/example_kubernetes_executor.py
[2022-06-30 12:14:04,824] {logging_mixin.py:115} INFO - [2022-06-30 12:14:04,823] {dag.py:2379} INFO - Sync 1 DAGs
[2022-06-30 12:14:04,852] {logging_mixin.py:115} INFO - [2022-06-30 12:14:04,852] {dag.py:2931} INFO - Setting next_dagrun for example_kubernetes_executor to None, run_after=None
[2022-06-30 12:14:04,860] {processor.py:161} INFO - Processing /home/airflow/.local/lib/python3.7/site-packages/airflow/example_dags/example_kubernetes_executor.py took 0.087 seconds
[2022-06-30 12:14:35,432] {processor.py:153} INFO - Started process (PID=912) to work on /home/airflow/.local/lib/python3.7/site-packages/airflow/example_dags/example_kubernetes_executor.py
[2022-06-30 12:14:35,434] {processor.py:641} INFO - Processing file /home/airflow/.local/lib/python3.7/site-packages/airflow/example_dags/example_kubernetes_executor.py for tasks to queue
[2022-06-30 12:14:35,436] {logging_mixin.py:115} INFO - [2022-06-30 12:14:35,436] {dagbag.py:507} INFO - Filling up the DagBag from /home/airflow/.local/lib/python3.7/site-packages/airflow/example_dags/example_kubernetes_executor.py
[2022-06-30 12:14:35,462] {processor.py:651} INFO - DAG(s) dict_keys(['example_kubernetes_executor']) retrieved from /home/airflow/.local/lib/python3.7/site-packages/airflow/example_dags/example_kubernetes_executor.py
[2022-06-30 12:14:35,484] {logging_mixin.py:115} INFO - [2022-06-30 12:14:35,484] {dag.py:2379} INFO - Sync 1 DAGs
[2022-06-30 12:14:35,509] {logging_mixin.py:115} INFO - [2022-06-30 12:14:35,509] {dag.py:2931} INFO - Setting next_dagrun for example_kubernetes_executor to None, run_after=None
[2022-06-30 12:14:35,517] {processor.py:161} INFO - Processing /home/airflow/.local/lib/python3.7/site-packages/airflow/example_dags/example_kubernetes_executor.py took 0.087 seconds
[2022-06-30 12:15:06,289] {processor.py:153} INFO - Started process (PID=977) to work on /home/airflow/.local/lib/python3.7/site-packages/airflow/example_dags/example_kubernetes_executor.py
[2022-06-30 12:15:06,292] {processor.py:641} INFO - Processing file /home/airflow/.local/lib/python3.7/site-packages/airflow/example_dags/example_kubernetes_executor.py for tasks to queue
[2022-06-30 12:15:06,294] {logging_mixin.py:115} INFO - [2022-06-30 12:15:06,294] {dagbag.py:507} INFO - Filling up the DagBag from /home/airflow/.local/lib/python3.7/site-packages/airflow/example_dags/example_kubernetes_executor.py
[2022-06-30 12:15:06,313] {processor.py:651} INFO - DAG(s) dict_keys(['example_kubernetes_executor']) retrieved from /home/airflow/.local/lib/python3.7/site-packages/airflow/example_dags/example_kubernetes_executor.py
[2022-06-30 12:15:06,340] {logging_mixin.py:115} INFO - [2022-06-30 12:15:06,340] {dag.py:2379} INFO - Sync 1 DAGs
[2022-06-30 12:15:06,361] {logging_mixin.py:115} INFO - [2022-06-30 12:15:06,361] {dag.py:2931} INFO - Setting next_dagrun for example_kubernetes_executor to None, run_after=None
[2022-06-30 12:15:06,376] {processor.py:161} INFO - Processing /home/airflow/.local/lib/python3.7/site-packages/airflow/example_dags/example_kubernetes_executor.py took 0.090 seconds
[2022-06-30 12:15:37,118] {processor.py:153} INFO - Started process (PID=1042) to work on /home/airflow/.local/lib/python3.7/site-packages/airflow/example_dags/example_kubernetes_executor.py
[2022-06-30 12:15:37,119] {processor.py:641} INFO - Processing file /home/airflow/.local/lib/python3.7/site-packages/airflow/example_dags/example_kubernetes_executor.py for tasks to queue
[2022-06-30 12:15:37,120] {logging_mixin.py:115} INFO - [2022-06-30 12:15:37,120] {dagbag.py:507} INFO - Filling up the DagBag from /home/airflow/.local/lib/python3.7/site-packages/airflow/example_dags/example_kubernetes_executor.py
[2022-06-30 12:15:37,141] {processor.py:651} INFO - DAG(s) dict_keys(['example_kubernetes_executor']) retrieved from /home/airflow/.local/lib/python3.7/site-packages/airflow/example_dags/example_kubernetes_executor.py
[2022-06-30 12:15:37,162] {logging_mixin.py:115} INFO - [2022-06-30 12:15:37,162] {dag.py:2379} INFO - Sync 1 DAGs
[2022-06-30 12:15:37,176] {logging_mixin.py:115} INFO - [2022-06-30 12:15:37,176] {dag.py:2931} INFO - Setting next_dagrun for example_kubernetes_executor to None, run_after=None
[2022-06-30 12:15:37,213] {processor.py:161} INFO - Processing /home/airflow/.local/lib/python3.7/site-packages/airflow/example_dags/example_kubernetes_executor.py took 0.098 seconds
[2022-06-30 12:16:07,452] {processor.py:153} INFO - Started process (PID=1107) to work on /home/airflow/.local/lib/python3.7/site-packages/airflow/example_dags/example_kubernetes_executor.py
[2022-06-30 12:16:07,453] {processor.py:641} INFO - Processing file /home/airflow/.local/lib/python3.7/site-packages/airflow/example_dags/example_kubernetes_executor.py for tasks to queue
[2022-06-30 12:16:07,455] {logging_mixin.py:115} INFO - [2022-06-30 12:16:07,455] {dagbag.py:507} INFO - Filling up the DagBag from /home/airflow/.local/lib/python3.7/site-packages/airflow/example_dags/example_kubernetes_executor.py
[2022-06-30 12:16:07,485] {processor.py:651} INFO - DAG(s) dict_keys(['example_kubernetes_executor']) retrieved from /home/airflow/.local/lib/python3.7/site-packages/airflow/example_dags/example_kubernetes_executor.py
[2022-06-30 12:16:07,516] {logging_mixin.py:115} INFO - [2022-06-30 12:16:07,516] {dag.py:2379} INFO - Sync 1 DAGs
[2022-06-30 12:16:07,537] {logging_mixin.py:115} INFO - [2022-06-30 12:16:07,537] {dag.py:2931} INFO - Setting next_dagrun for example_kubernetes_executor to None, run_after=None
[2022-06-30 12:16:07,560] {processor.py:161} INFO - Processing /home/airflow/.local/lib/python3.7/site-packages/airflow/example_dags/example_kubernetes_executor.py took 0.111 seconds
[2022-06-30 12:16:38,479] {processor.py:153} INFO - Started process (PID=1170) to work on /home/airflow/.local/lib/python3.7/site-packages/airflow/example_dags/example_kubernetes_executor.py
[2022-06-30 12:16:38,481] {processor.py:641} INFO - Processing file /home/airflow/.local/lib/python3.7/site-packages/airflow/example_dags/example_kubernetes_executor.py for tasks to queue
[2022-06-30 12:16:38,483] {logging_mixin.py:115} INFO - [2022-06-30 12:16:38,483] {dagbag.py:507} INFO - Filling up the DagBag from /home/airflow/.local/lib/python3.7/site-packages/airflow/example_dags/example_kubernetes_executor.py
[2022-06-30 12:16:38,511] {processor.py:651} INFO - DAG(s) dict_keys(['example_kubernetes_executor']) retrieved from /home/airflow/.local/lib/python3.7/site-packages/airflow/example_dags/example_kubernetes_executor.py
[2022-06-30 12:16:38,551] {logging_mixin.py:115} INFO - [2022-06-30 12:16:38,551] {dag.py:2379} INFO - Sync 1 DAGs
[2022-06-30 12:16:38,578] {logging_mixin.py:115} INFO - [2022-06-30 12:16:38,578] {dag.py:2931} INFO - Setting next_dagrun for example_kubernetes_executor to None, run_after=None
[2022-06-30 12:16:38,588] {processor.py:161} INFO - Processing /home/airflow/.local/lib/python3.7/site-packages/airflow/example_dags/example_kubernetes_executor.py took 0.112 seconds
[2022-06-30 12:17:09,714] {processor.py:153} INFO - Started process (PID=1227) to work on /home/airflow/.local/lib/python3.7/site-packages/airflow/example_dags/example_kubernetes_executor.py
[2022-06-30 12:17:09,715] {processor.py:641} INFO - Processing file /home/airflow/.local/lib/python3.7/site-packages/airflow/example_dags/example_kubernetes_executor.py for tasks to queue
[2022-06-30 12:17:09,721] {logging_mixin.py:115} INFO - [2022-06-30 12:17:09,721] {dagbag.py:507} INFO - Filling up the DagBag from /home/airflow/.local/lib/python3.7/site-packages/airflow/example_dags/example_kubernetes_executor.py
[2022-06-30 12:17:09,736] {processor.py:651} INFO - DAG(s) dict_keys(['example_kubernetes_executor']) retrieved from /home/airflow/.local/lib/python3.7/site-packages/airflow/example_dags/example_kubernetes_executor.py
[2022-06-30 12:17:09,753] {logging_mixin.py:115} INFO - [2022-06-30 12:17:09,753] {dag.py:2379} INFO - Sync 1 DAGs
[2022-06-30 12:17:09,766] {logging_mixin.py:115} INFO - [2022-06-30 12:17:09,766] {dag.py:2931} INFO - Setting next_dagrun for example_kubernetes_executor to None, run_after=None
[2022-06-30 12:17:09,777] {processor.py:161} INFO - Processing /home/airflow/.local/lib/python3.7/site-packages/airflow/example_dags/example_kubernetes_executor.py took 0.066 seconds
[2022-06-30 12:17:40,728] {processor.py:153} INFO - Started process (PID=1292) to work on /home/airflow/.local/lib/python3.7/site-packages/airflow/example_dags/example_kubernetes_executor.py
[2022-06-30 12:17:40,729] {processor.py:641} INFO - Processing file /home/airflow/.local/lib/python3.7/site-packages/airflow/example_dags/example_kubernetes_executor.py for tasks to queue
[2022-06-30 12:17:40,731] {logging_mixin.py:115} INFO - [2022-06-30 12:17:40,730] {dagbag.py:507} INFO - Filling up the DagBag from /home/airflow/.local/lib/python3.7/site-packages/airflow/example_dags/example_kubernetes_executor.py
[2022-06-30 12:17:40,745] {processor.py:651} INFO - DAG(s) dict_keys(['example_kubernetes_executor']) retrieved from /home/airflow/.local/lib/python3.7/site-packages/airflow/example_dags/example_kubernetes_executor.py
[2022-06-30 12:17:40,764] {logging_mixin.py:115} INFO - [2022-06-30 12:17:40,764] {dag.py:2379} INFO - Sync 1 DAGs
[2022-06-30 12:17:40,778] {logging_mixin.py:115} INFO - [2022-06-30 12:17:40,778] {dag.py:2931} INFO - Setting next_dagrun for example_kubernetes_executor to None, run_after=None
[2022-06-30 12:17:40,787] {processor.py:161} INFO - Processing /home/airflow/.local/lib/python3.7/site-packages/airflow/example_dags/example_kubernetes_executor.py took 0.061 seconds
[2022-06-30 12:18:11,807] {processor.py:153} INFO - Started process (PID=1355) to work on /home/airflow/.local/lib/python3.7/site-packages/airflow/example_dags/example_kubernetes_executor.py
[2022-06-30 12:18:11,808] {processor.py:641} INFO - Processing file /home/airflow/.local/lib/python3.7/site-packages/airflow/example_dags/example_kubernetes_executor.py for tasks to queue
[2022-06-30 12:18:11,809] {logging_mixin.py:115} INFO - [2022-06-30 12:18:11,809] {dagbag.py:507} INFO - Filling up the DagBag from /home/airflow/.local/lib/python3.7/site-packages/airflow/example_dags/example_kubernetes_executor.py
[2022-06-30 12:18:11,830] {processor.py:651} INFO - DAG(s) dict_keys(['example_kubernetes_executor']) retrieved from /home/airflow/.local/lib/python3.7/site-packages/airflow/example_dags/example_kubernetes_executor.py
[2022-06-30 12:18:11,847] {logging_mixin.py:115} INFO - [2022-06-30 12:18:11,847] {dag.py:2379} INFO - Sync 1 DAGs
[2022-06-30 12:18:11,861] {logging_mixin.py:115} INFO - [2022-06-30 12:18:11,861] {dag.py:2931} INFO - Setting next_dagrun for example_kubernetes_executor to None, run_after=None
[2022-06-30 12:18:11,868] {processor.py:161} INFO - Processing /home/airflow/.local/lib/python3.7/site-packages/airflow/example_dags/example_kubernetes_executor.py took 0.064 seconds
[2022-06-30 12:18:42,423] {processor.py:153} INFO - Started process (PID=1419) to work on /home/airflow/.local/lib/python3.7/site-packages/airflow/example_dags/example_kubernetes_executor.py
[2022-06-30 12:18:42,425] {processor.py:641} INFO - Processing file /home/airflow/.local/lib/python3.7/site-packages/airflow/example_dags/example_kubernetes_executor.py for tasks to queue
[2022-06-30 12:18:42,426] {logging_mixin.py:115} INFO - [2022-06-30 12:18:42,426] {dagbag.py:507} INFO - Filling up the DagBag from /home/airflow/.local/lib/python3.7/site-packages/airflow/example_dags/example_kubernetes_executor.py
[2022-06-30 12:18:42,442] {processor.py:651} INFO - DAG(s) dict_keys(['example_kubernetes_executor']) retrieved from /home/airflow/.local/lib/python3.7/site-packages/airflow/example_dags/example_kubernetes_executor.py
[2022-06-30 12:18:42,478] {logging_mixin.py:115} INFO - [2022-06-30 12:18:42,477] {dag.py:2379} INFO - Sync 1 DAGs
[2022-06-30 12:18:42,493] {logging_mixin.py:115} INFO - [2022-06-30 12:18:42,493] {dag.py:2931} INFO - Setting next_dagrun for example_kubernetes_executor to None, run_after=None
[2022-06-30 12:18:42,505] {processor.py:161} INFO - Processing /home/airflow/.local/lib/python3.7/site-packages/airflow/example_dags/example_kubernetes_executor.py took 0.084 seconds
[2022-06-30 12:19:12,922] {processor.py:153} INFO - Started process (PID=1482) to work on /home/airflow/.local/lib/python3.7/site-packages/airflow/example_dags/example_kubernetes_executor.py
[2022-06-30 12:19:12,924] {processor.py:641} INFO - Processing file /home/airflow/.local/lib/python3.7/site-packages/airflow/example_dags/example_kubernetes_executor.py for tasks to queue
[2022-06-30 12:19:12,929] {logging_mixin.py:115} INFO - [2022-06-30 12:19:12,929] {dagbag.py:507} INFO - Filling up the DagBag from /home/airflow/.local/lib/python3.7/site-packages/airflow/example_dags/example_kubernetes_executor.py
[2022-06-30 12:19:12,960] {processor.py:651} INFO - DAG(s) dict_keys(['example_kubernetes_executor']) retrieved from /home/airflow/.local/lib/python3.7/site-packages/airflow/example_dags/example_kubernetes_executor.py
[2022-06-30 12:19:12,982] {logging_mixin.py:115} INFO - [2022-06-30 12:19:12,982] {dag.py:2379} INFO - Sync 1 DAGs
[2022-06-30 12:19:13,008] {logging_mixin.py:115} INFO - [2022-06-30 12:19:13,008] {dag.py:2931} INFO - Setting next_dagrun for example_kubernetes_executor to None, run_after=None
[2022-06-30 12:19:13,018] {processor.py:161} INFO - Processing /home/airflow/.local/lib/python3.7/site-packages/airflow/example_dags/example_kubernetes_executor.py took 0.098 seconds
[2022-06-30 12:19:44,020] {processor.py:153} INFO - Started process (PID=1546) to work on /home/airflow/.local/lib/python3.7/site-packages/airflow/example_dags/example_kubernetes_executor.py
[2022-06-30 12:19:44,021] {processor.py:641} INFO - Processing file /home/airflow/.local/lib/python3.7/site-packages/airflow/example_dags/example_kubernetes_executor.py for tasks to queue
[2022-06-30 12:19:44,022] {logging_mixin.py:115} INFO - [2022-06-30 12:19:44,022] {dagbag.py:507} INFO - Filling up the DagBag from /home/airflow/.local/lib/python3.7/site-packages/airflow/example_dags/example_kubernetes_executor.py
[2022-06-30 12:19:44,040] {processor.py:651} INFO - DAG(s) dict_keys(['example_kubernetes_executor']) retrieved from /home/airflow/.local/lib/python3.7/site-packages/airflow/example_dags/example_kubernetes_executor.py
[2022-06-30 12:19:44,061] {logging_mixin.py:115} INFO - [2022-06-30 12:19:44,061] {dag.py:2379} INFO - Sync 1 DAGs
[2022-06-30 12:19:44,081] {logging_mixin.py:115} INFO - [2022-06-30 12:19:44,080] {dag.py:2931} INFO - Setting next_dagrun for example_kubernetes_executor to None, run_after=None
[2022-06-30 12:19:44,091] {processor.py:161} INFO - Processing /home/airflow/.local/lib/python3.7/site-packages/airflow/example_dags/example_kubernetes_executor.py took 0.074 seconds
[2022-06-30 12:20:14,419] {processor.py:153} INFO - Started process (PID=1601) to work on /home/airflow/.local/lib/python3.7/site-packages/airflow/example_dags/example_kubernetes_executor.py
[2022-06-30 12:20:14,422] {processor.py:641} INFO - Processing file /home/airflow/.local/lib/python3.7/site-packages/airflow/example_dags/example_kubernetes_executor.py for tasks to queue
[2022-06-30 12:20:14,424] {logging_mixin.py:115} INFO - [2022-06-30 12:20:14,424] {dagbag.py:507} INFO - Filling up the DagBag from /home/airflow/.local/lib/python3.7/site-packages/airflow/example_dags/example_kubernetes_executor.py
[2022-06-30 12:20:14,443] {processor.py:651} INFO - DAG(s) dict_keys(['example_kubernetes_executor']) retrieved from /home/airflow/.local/lib/python3.7/site-packages/airflow/example_dags/example_kubernetes_executor.py
[2022-06-30 12:20:14,478] {logging_mixin.py:115} INFO - [2022-06-30 12:20:14,478] {dag.py:2379} INFO - Sync 1 DAGs
[2022-06-30 12:20:14,504] {logging_mixin.py:115} INFO - [2022-06-30 12:20:14,504] {dag.py:2931} INFO - Setting next_dagrun for example_kubernetes_executor to None, run_after=None
[2022-06-30 12:20:14,521] {processor.py:161} INFO - Processing /home/airflow/.local/lib/python3.7/site-packages/airflow/example_dags/example_kubernetes_executor.py took 0.105 seconds
[2022-06-30 12:20:44,678] {processor.py:153} INFO - Started process (PID=1665) to work on /home/airflow/.local/lib/python3.7/site-packages/airflow/example_dags/example_kubernetes_executor.py
[2022-06-30 12:20:44,680] {processor.py:641} INFO - Processing file /home/airflow/.local/lib/python3.7/site-packages/airflow/example_dags/example_kubernetes_executor.py for tasks to queue
[2022-06-30 12:20:44,681] {logging_mixin.py:115} INFO - [2022-06-30 12:20:44,681] {dagbag.py:507} INFO - Filling up the DagBag from /home/airflow/.local/lib/python3.7/site-packages/airflow/example_dags/example_kubernetes_executor.py
[2022-06-30 12:20:44,702] {processor.py:651} INFO - DAG(s) dict_keys(['example_kubernetes_executor']) retrieved from /home/airflow/.local/lib/python3.7/site-packages/airflow/example_dags/example_kubernetes_executor.py
[2022-06-30 12:20:44,719] {logging_mixin.py:115} INFO - [2022-06-30 12:20:44,719] {dag.py:2379} INFO - Sync 1 DAGs
[2022-06-30 12:20:44,732] {logging_mixin.py:115} INFO - [2022-06-30 12:20:44,732] {dag.py:2931} INFO - Setting next_dagrun for example_kubernetes_executor to None, run_after=None
[2022-06-30 12:20:44,742] {processor.py:161} INFO - Processing /home/airflow/.local/lib/python3.7/site-packages/airflow/example_dags/example_kubernetes_executor.py took 0.067 seconds
[2022-06-30 12:21:15,705] {processor.py:153} INFO - Started process (PID=1732) to work on /home/airflow/.local/lib/python3.7/site-packages/airflow/example_dags/example_kubernetes_executor.py
[2022-06-30 12:21:15,707] {processor.py:641} INFO - Processing file /home/airflow/.local/lib/python3.7/site-packages/airflow/example_dags/example_kubernetes_executor.py for tasks to queue
[2022-06-30 12:21:15,709] {logging_mixin.py:115} INFO - [2022-06-30 12:21:15,709] {dagbag.py:507} INFO - Filling up the DagBag from /home/airflow/.local/lib/python3.7/site-packages/airflow/example_dags/example_kubernetes_executor.py
[2022-06-30 12:21:15,735] {processor.py:651} INFO - DAG(s) dict_keys(['example_kubernetes_executor']) retrieved from /home/airflow/.local/lib/python3.7/site-packages/airflow/example_dags/example_kubernetes_executor.py
[2022-06-30 12:21:15,761] {logging_mixin.py:115} INFO - [2022-06-30 12:21:15,761] {dag.py:2379} INFO - Sync 1 DAGs
[2022-06-30 12:21:15,779] {logging_mixin.py:115} INFO - [2022-06-30 12:21:15,779] {dag.py:2931} INFO - Setting next_dagrun for example_kubernetes_executor to None, run_after=None
[2022-06-30 12:21:15,792] {processor.py:161} INFO - Processing /home/airflow/.local/lib/python3.7/site-packages/airflow/example_dags/example_kubernetes_executor.py took 0.091 seconds
