[2022-06-30 12:07:23,380] {processor.py:153} INFO - Started process (PID=47) to work on /home/airflow/.local/lib/python3.7/site-packages/airflow/example_dags/example_task_group.py
[2022-06-30 12:07:23,382] {processor.py:641} INFO - Processing file /home/airflow/.local/lib/python3.7/site-packages/airflow/example_dags/example_task_group.py for tasks to queue
[2022-06-30 12:07:23,383] {logging_mixin.py:115} INFO - [2022-06-30 12:07:23,383] {dagbag.py:507} INFO - Filling up the DagBag from /home/airflow/.local/lib/python3.7/site-packages/airflow/example_dags/example_task_group.py
[2022-06-30 12:07:23,398] {processor.py:651} INFO - DAG(s) dict_keys(['example_task_group']) retrieved from /home/airflow/.local/lib/python3.7/site-packages/airflow/example_dags/example_task_group.py
[2022-06-30 12:07:23,467] {logging_mixin.py:115} INFO - [2022-06-30 12:07:23,467] {dag.py:2379} INFO - Sync 1 DAGs
[2022-06-30 12:07:23,513] {logging_mixin.py:115} INFO - [2022-06-30 12:07:23,513] {dag.py:2931} INFO - Setting next_dagrun for example_task_group to 2022-06-29T12:07:23.513399+00:00, run_after=2022-06-30T12:07:23.513399+00:00
[2022-06-30 12:07:23,551] {processor.py:161} INFO - Processing /home/airflow/.local/lib/python3.7/site-packages/airflow/example_dags/example_task_group.py took 0.173 seconds
[2022-06-30 12:07:54,305] {processor.py:153} INFO - Started process (PID=101) to work on /home/airflow/.local/lib/python3.7/site-packages/airflow/example_dags/example_task_group.py
[2022-06-30 12:07:54,307] {processor.py:641} INFO - Processing file /home/airflow/.local/lib/python3.7/site-packages/airflow/example_dags/example_task_group.py for tasks to queue
[2022-06-30 12:07:54,309] {logging_mixin.py:115} INFO - [2022-06-30 12:07:54,309] {dagbag.py:507} INFO - Filling up the DagBag from /home/airflow/.local/lib/python3.7/site-packages/airflow/example_dags/example_task_group.py
[2022-06-30 12:07:54,322] {processor.py:651} INFO - DAG(s) dict_keys(['example_task_group']) retrieved from /home/airflow/.local/lib/python3.7/site-packages/airflow/example_dags/example_task_group.py
[2022-06-30 12:07:54,359] {logging_mixin.py:115} INFO - [2022-06-30 12:07:54,359] {dag.py:2379} INFO - Sync 1 DAGs
[2022-06-30 12:07:54,386] {logging_mixin.py:115} INFO - [2022-06-30 12:07:54,386] {dag.py:2931} INFO - Setting next_dagrun for example_task_group to 2022-06-29T12:07:54.385977+00:00, run_after=2022-06-30T12:07:54.385977+00:00
[2022-06-30 12:07:54,403] {processor.py:161} INFO - Processing /home/airflow/.local/lib/python3.7/site-packages/airflow/example_dags/example_task_group.py took 0.100 seconds
[2022-06-30 12:08:25,197] {processor.py:153} INFO - Started process (PID=165) to work on /home/airflow/.local/lib/python3.7/site-packages/airflow/example_dags/example_task_group.py
[2022-06-30 12:08:25,202] {processor.py:641} INFO - Processing file /home/airflow/.local/lib/python3.7/site-packages/airflow/example_dags/example_task_group.py for tasks to queue
[2022-06-30 12:08:25,203] {logging_mixin.py:115} INFO - [2022-06-30 12:08:25,203] {dagbag.py:507} INFO - Filling up the DagBag from /home/airflow/.local/lib/python3.7/site-packages/airflow/example_dags/example_task_group.py
[2022-06-30 12:08:25,217] {processor.py:651} INFO - DAG(s) dict_keys(['example_task_group']) retrieved from /home/airflow/.local/lib/python3.7/site-packages/airflow/example_dags/example_task_group.py
[2022-06-30 12:08:25,247] {logging_mixin.py:115} INFO - [2022-06-30 12:08:25,247] {dag.py:2379} INFO - Sync 1 DAGs
[2022-06-30 12:08:25,283] {logging_mixin.py:115} INFO - [2022-06-30 12:08:25,283] {dag.py:2931} INFO - Setting next_dagrun for example_task_group to 2022-06-29T12:08:25.282931+00:00, run_after=2022-06-30T12:08:25.282931+00:00
[2022-06-30 12:08:25,299] {processor.py:161} INFO - Processing /home/airflow/.local/lib/python3.7/site-packages/airflow/example_dags/example_task_group.py took 0.104 seconds
[2022-06-30 12:08:56,703] {processor.py:153} INFO - Started process (PID=231) to work on /home/airflow/.local/lib/python3.7/site-packages/airflow/example_dags/example_task_group.py
[2022-06-30 12:08:56,704] {processor.py:641} INFO - Processing file /home/airflow/.local/lib/python3.7/site-packages/airflow/example_dags/example_task_group.py for tasks to queue
[2022-06-30 12:08:56,711] {logging_mixin.py:115} INFO - [2022-06-30 12:08:56,711] {dagbag.py:507} INFO - Filling up the DagBag from /home/airflow/.local/lib/python3.7/site-packages/airflow/example_dags/example_task_group.py
[2022-06-30 12:08:56,742] {processor.py:651} INFO - DAG(s) dict_keys(['example_task_group']) retrieved from /home/airflow/.local/lib/python3.7/site-packages/airflow/example_dags/example_task_group.py
[2022-06-30 12:08:56,787] {logging_mixin.py:115} INFO - [2022-06-30 12:08:56,787] {dag.py:2379} INFO - Sync 1 DAGs
[2022-06-30 12:08:56,833] {logging_mixin.py:115} INFO - [2022-06-30 12:08:56,833] {dag.py:2931} INFO - Setting next_dagrun for example_task_group to 2022-06-29T12:08:56.832951+00:00, run_after=2022-06-30T12:08:56.832951+00:00
[2022-06-30 12:08:56,861] {processor.py:161} INFO - Processing /home/airflow/.local/lib/python3.7/site-packages/airflow/example_dags/example_task_group.py took 0.161 seconds
[2022-06-30 12:09:27,873] {processor.py:153} INFO - Started process (PID=293) to work on /home/airflow/.local/lib/python3.7/site-packages/airflow/example_dags/example_task_group.py
[2022-06-30 12:09:27,876] {processor.py:641} INFO - Processing file /home/airflow/.local/lib/python3.7/site-packages/airflow/example_dags/example_task_group.py for tasks to queue
[2022-06-30 12:09:27,878] {logging_mixin.py:115} INFO - [2022-06-30 12:09:27,878] {dagbag.py:507} INFO - Filling up the DagBag from /home/airflow/.local/lib/python3.7/site-packages/airflow/example_dags/example_task_group.py
[2022-06-30 12:09:27,886] {processor.py:651} INFO - DAG(s) dict_keys(['example_task_group']) retrieved from /home/airflow/.local/lib/python3.7/site-packages/airflow/example_dags/example_task_group.py
[2022-06-30 12:09:27,923] {logging_mixin.py:115} INFO - [2022-06-30 12:09:27,922] {dag.py:2379} INFO - Sync 1 DAGs
[2022-06-30 12:09:27,948] {logging_mixin.py:115} INFO - [2022-06-30 12:09:27,948] {dag.py:2931} INFO - Setting next_dagrun for example_task_group to 2022-06-29T12:09:27.947966+00:00, run_after=2022-06-30T12:09:27.947966+00:00
[2022-06-30 12:09:27,961] {processor.py:161} INFO - Processing /home/airflow/.local/lib/python3.7/site-packages/airflow/example_dags/example_task_group.py took 0.090 seconds
[2022-06-30 12:09:58,802] {processor.py:153} INFO - Started process (PID=351) to work on /home/airflow/.local/lib/python3.7/site-packages/airflow/example_dags/example_task_group.py
[2022-06-30 12:09:58,803] {processor.py:641} INFO - Processing file /home/airflow/.local/lib/python3.7/site-packages/airflow/example_dags/example_task_group.py for tasks to queue
[2022-06-30 12:09:58,806] {logging_mixin.py:115} INFO - [2022-06-30 12:09:58,805] {dagbag.py:507} INFO - Filling up the DagBag from /home/airflow/.local/lib/python3.7/site-packages/airflow/example_dags/example_task_group.py
[2022-06-30 12:09:58,818] {processor.py:651} INFO - DAG(s) dict_keys(['example_task_group']) retrieved from /home/airflow/.local/lib/python3.7/site-packages/airflow/example_dags/example_task_group.py
[2022-06-30 12:09:58,855] {logging_mixin.py:115} INFO - [2022-06-30 12:09:58,855] {dag.py:2379} INFO - Sync 1 DAGs
[2022-06-30 12:09:58,878] {logging_mixin.py:115} INFO - [2022-06-30 12:09:58,878] {dag.py:2931} INFO - Setting next_dagrun for example_task_group to 2022-06-29T12:09:58.878747+00:00, run_after=2022-06-30T12:09:58.878747+00:00
[2022-06-30 12:09:58,894] {processor.py:161} INFO - Processing /home/airflow/.local/lib/python3.7/site-packages/airflow/example_dags/example_task_group.py took 0.098 seconds
[2022-06-30 12:10:29,743] {processor.py:153} INFO - Started process (PID=415) to work on /home/airflow/.local/lib/python3.7/site-packages/airflow/example_dags/example_task_group.py
[2022-06-30 12:10:29,747] {processor.py:641} INFO - Processing file /home/airflow/.local/lib/python3.7/site-packages/airflow/example_dags/example_task_group.py for tasks to queue
[2022-06-30 12:10:29,749] {logging_mixin.py:115} INFO - [2022-06-30 12:10:29,749] {dagbag.py:507} INFO - Filling up the DagBag from /home/airflow/.local/lib/python3.7/site-packages/airflow/example_dags/example_task_group.py
[2022-06-30 12:10:29,764] {processor.py:651} INFO - DAG(s) dict_keys(['example_task_group']) retrieved from /home/airflow/.local/lib/python3.7/site-packages/airflow/example_dags/example_task_group.py
[2022-06-30 12:10:29,814] {logging_mixin.py:115} INFO - [2022-06-30 12:10:29,814] {dag.py:2379} INFO - Sync 1 DAGs
[2022-06-30 12:10:29,841] {logging_mixin.py:115} INFO - [2022-06-30 12:10:29,841] {dag.py:2931} INFO - Setting next_dagrun for example_task_group to 2022-06-29T12:10:29.841631+00:00, run_after=2022-06-30T12:10:29.841631+00:00
[2022-06-30 12:10:29,866] {processor.py:161} INFO - Processing /home/airflow/.local/lib/python3.7/site-packages/airflow/example_dags/example_task_group.py took 0.125 seconds
[2022-06-30 12:11:00,308] {processor.py:153} INFO - Started process (PID=480) to work on /home/airflow/.local/lib/python3.7/site-packages/airflow/example_dags/example_task_group.py
[2022-06-30 12:11:00,309] {processor.py:641} INFO - Processing file /home/airflow/.local/lib/python3.7/site-packages/airflow/example_dags/example_task_group.py for tasks to queue
[2022-06-30 12:11:00,312] {logging_mixin.py:115} INFO - [2022-06-30 12:11:00,312] {dagbag.py:507} INFO - Filling up the DagBag from /home/airflow/.local/lib/python3.7/site-packages/airflow/example_dags/example_task_group.py
[2022-06-30 12:11:00,321] {processor.py:651} INFO - DAG(s) dict_keys(['example_task_group']) retrieved from /home/airflow/.local/lib/python3.7/site-packages/airflow/example_dags/example_task_group.py
[2022-06-30 12:11:00,351] {logging_mixin.py:115} INFO - [2022-06-30 12:11:00,351] {dag.py:2379} INFO - Sync 1 DAGs
[2022-06-30 12:11:00,376] {logging_mixin.py:115} INFO - [2022-06-30 12:11:00,376] {dag.py:2931} INFO - Setting next_dagrun for example_task_group to 2022-06-29T12:11:00.375981+00:00, run_after=2022-06-30T12:11:00.375981+00:00
[2022-06-30 12:11:00,391] {processor.py:161} INFO - Processing /home/airflow/.local/lib/python3.7/site-packages/airflow/example_dags/example_task_group.py took 0.085 seconds
[2022-06-30 12:11:30,905] {processor.py:153} INFO - Started process (PID=536) to work on /home/airflow/.local/lib/python3.7/site-packages/airflow/example_dags/example_task_group.py
[2022-06-30 12:11:30,908] {processor.py:641} INFO - Processing file /home/airflow/.local/lib/python3.7/site-packages/airflow/example_dags/example_task_group.py for tasks to queue
[2022-06-30 12:11:30,909] {logging_mixin.py:115} INFO - [2022-06-30 12:11:30,909] {dagbag.py:507} INFO - Filling up the DagBag from /home/airflow/.local/lib/python3.7/site-packages/airflow/example_dags/example_task_group.py
[2022-06-30 12:11:30,918] {processor.py:651} INFO - DAG(s) dict_keys(['example_task_group']) retrieved from /home/airflow/.local/lib/python3.7/site-packages/airflow/example_dags/example_task_group.py
[2022-06-30 12:11:30,937] {logging_mixin.py:115} INFO - [2022-06-30 12:11:30,937] {dag.py:2379} INFO - Sync 1 DAGs
[2022-06-30 12:11:30,959] {logging_mixin.py:115} INFO - [2022-06-30 12:11:30,959] {dag.py:2931} INFO - Setting next_dagrun for example_task_group to 2022-06-29T12:11:30.959213+00:00, run_after=2022-06-30T12:11:30.959213+00:00
[2022-06-30 12:11:30,979] {processor.py:161} INFO - Processing /home/airflow/.local/lib/python3.7/site-packages/airflow/example_dags/example_task_group.py took 0.076 seconds
[2022-06-30 12:12:01,449] {processor.py:153} INFO - Started process (PID=602) to work on /home/airflow/.local/lib/python3.7/site-packages/airflow/example_dags/example_task_group.py
[2022-06-30 12:12:01,450] {processor.py:641} INFO - Processing file /home/airflow/.local/lib/python3.7/site-packages/airflow/example_dags/example_task_group.py for tasks to queue
[2022-06-30 12:12:01,452] {logging_mixin.py:115} INFO - [2022-06-30 12:12:01,452] {dagbag.py:507} INFO - Filling up the DagBag from /home/airflow/.local/lib/python3.7/site-packages/airflow/example_dags/example_task_group.py
[2022-06-30 12:12:01,460] {processor.py:651} INFO - DAG(s) dict_keys(['example_task_group']) retrieved from /home/airflow/.local/lib/python3.7/site-packages/airflow/example_dags/example_task_group.py
[2022-06-30 12:12:01,483] {logging_mixin.py:115} INFO - [2022-06-30 12:12:01,483] {dag.py:2379} INFO - Sync 1 DAGs
[2022-06-30 12:12:01,497] {logging_mixin.py:115} INFO - [2022-06-30 12:12:01,497] {dag.py:2931} INFO - Setting next_dagrun for example_task_group to 2022-06-29T12:12:01.497443+00:00, run_after=2022-06-30T12:12:01.497443+00:00
[2022-06-30 12:12:01,509] {processor.py:161} INFO - Processing /home/airflow/.local/lib/python3.7/site-packages/airflow/example_dags/example_task_group.py took 0.063 seconds
[2022-06-30 12:12:31,963] {processor.py:153} INFO - Started process (PID=665) to work on /home/airflow/.local/lib/python3.7/site-packages/airflow/example_dags/example_task_group.py
[2022-06-30 12:12:31,964] {processor.py:641} INFO - Processing file /home/airflow/.local/lib/python3.7/site-packages/airflow/example_dags/example_task_group.py for tasks to queue
[2022-06-30 12:12:31,966] {logging_mixin.py:115} INFO - [2022-06-30 12:12:31,966] {dagbag.py:507} INFO - Filling up the DagBag from /home/airflow/.local/lib/python3.7/site-packages/airflow/example_dags/example_task_group.py
[2022-06-30 12:12:31,971] {processor.py:651} INFO - DAG(s) dict_keys(['example_task_group']) retrieved from /home/airflow/.local/lib/python3.7/site-packages/airflow/example_dags/example_task_group.py
[2022-06-30 12:12:31,999] {logging_mixin.py:115} INFO - [2022-06-30 12:12:31,999] {dag.py:2379} INFO - Sync 1 DAGs
[2022-06-30 12:12:32,016] {logging_mixin.py:115} INFO - [2022-06-30 12:12:32,016] {dag.py:2931} INFO - Setting next_dagrun for example_task_group to 2022-06-29T12:12:32.016760+00:00, run_after=2022-06-30T12:12:32.016760+00:00
[2022-06-30 12:12:32,030] {processor.py:161} INFO - Processing /home/airflow/.local/lib/python3.7/site-packages/airflow/example_dags/example_task_group.py took 0.070 seconds
[2022-06-30 12:13:02,442] {processor.py:153} INFO - Started process (PID=728) to work on /home/airflow/.local/lib/python3.7/site-packages/airflow/example_dags/example_task_group.py
[2022-06-30 12:13:02,450] {processor.py:641} INFO - Processing file /home/airflow/.local/lib/python3.7/site-packages/airflow/example_dags/example_task_group.py for tasks to queue
[2022-06-30 12:13:02,452] {logging_mixin.py:115} INFO - [2022-06-30 12:13:02,452] {dagbag.py:507} INFO - Filling up the DagBag from /home/airflow/.local/lib/python3.7/site-packages/airflow/example_dags/example_task_group.py
[2022-06-30 12:13:02,473] {processor.py:651} INFO - DAG(s) dict_keys(['example_task_group']) retrieved from /home/airflow/.local/lib/python3.7/site-packages/airflow/example_dags/example_task_group.py
[2022-06-30 12:13:02,504] {logging_mixin.py:115} INFO - [2022-06-30 12:13:02,504] {dag.py:2379} INFO - Sync 1 DAGs
[2022-06-30 12:13:02,534] {logging_mixin.py:115} INFO - [2022-06-30 12:13:02,534] {dag.py:2931} INFO - Setting next_dagrun for example_task_group to 2022-06-29T12:13:02.534355+00:00, run_after=2022-06-30T12:13:02.534355+00:00
[2022-06-30 12:13:02,547] {processor.py:161} INFO - Processing /home/airflow/.local/lib/python3.7/site-packages/airflow/example_dags/example_task_group.py took 0.108 seconds
[2022-06-30 12:13:33,536] {processor.py:153} INFO - Started process (PID=793) to work on /home/airflow/.local/lib/python3.7/site-packages/airflow/example_dags/example_task_group.py
[2022-06-30 12:13:33,538] {processor.py:641} INFO - Processing file /home/airflow/.local/lib/python3.7/site-packages/airflow/example_dags/example_task_group.py for tasks to queue
[2022-06-30 12:13:33,540] {logging_mixin.py:115} INFO - [2022-06-30 12:13:33,540] {dagbag.py:507} INFO - Filling up the DagBag from /home/airflow/.local/lib/python3.7/site-packages/airflow/example_dags/example_task_group.py
[2022-06-30 12:13:33,545] {processor.py:651} INFO - DAG(s) dict_keys(['example_task_group']) retrieved from /home/airflow/.local/lib/python3.7/site-packages/airflow/example_dags/example_task_group.py
[2022-06-30 12:13:33,592] {logging_mixin.py:115} INFO - [2022-06-30 12:13:33,592] {dag.py:2379} INFO - Sync 1 DAGs
[2022-06-30 12:13:33,625] {logging_mixin.py:115} INFO - [2022-06-30 12:13:33,625] {dag.py:2931} INFO - Setting next_dagrun for example_task_group to 2022-06-29T12:13:33.625215+00:00, run_after=2022-06-30T12:13:33.625215+00:00
[2022-06-30 12:13:33,635] {processor.py:161} INFO - Processing /home/airflow/.local/lib/python3.7/site-packages/airflow/example_dags/example_task_group.py took 0.101 seconds
[2022-06-30 12:14:04,900] {processor.py:153} INFO - Started process (PID=849) to work on /home/airflow/.local/lib/python3.7/site-packages/airflow/example_dags/example_task_group.py
[2022-06-30 12:14:04,913] {processor.py:641} INFO - Processing file /home/airflow/.local/lib/python3.7/site-packages/airflow/example_dags/example_task_group.py for tasks to queue
[2022-06-30 12:14:04,915] {logging_mixin.py:115} INFO - [2022-06-30 12:14:04,914] {dagbag.py:507} INFO - Filling up the DagBag from /home/airflow/.local/lib/python3.7/site-packages/airflow/example_dags/example_task_group.py
[2022-06-30 12:14:04,935] {processor.py:651} INFO - DAG(s) dict_keys(['example_task_group']) retrieved from /home/airflow/.local/lib/python3.7/site-packages/airflow/example_dags/example_task_group.py
[2022-06-30 12:14:04,978] {logging_mixin.py:115} INFO - [2022-06-30 12:14:04,978] {dag.py:2379} INFO - Sync 1 DAGs
[2022-06-30 12:14:05,002] {logging_mixin.py:115} INFO - [2022-06-30 12:14:05,002] {dag.py:2931} INFO - Setting next_dagrun for example_task_group to 2022-06-29T12:14:05.002088+00:00, run_after=2022-06-30T12:14:05.002088+00:00
[2022-06-30 12:14:05,014] {processor.py:161} INFO - Processing /home/airflow/.local/lib/python3.7/site-packages/airflow/example_dags/example_task_group.py took 0.117 seconds
[2022-06-30 12:14:35,547] {processor.py:153} INFO - Started process (PID=914) to work on /home/airflow/.local/lib/python3.7/site-packages/airflow/example_dags/example_task_group.py
[2022-06-30 12:14:35,550] {processor.py:641} INFO - Processing file /home/airflow/.local/lib/python3.7/site-packages/airflow/example_dags/example_task_group.py for tasks to queue
[2022-06-30 12:14:35,560] {logging_mixin.py:115} INFO - [2022-06-30 12:14:35,556] {dagbag.py:507} INFO - Filling up the DagBag from /home/airflow/.local/lib/python3.7/site-packages/airflow/example_dags/example_task_group.py
[2022-06-30 12:14:35,567] {processor.py:651} INFO - DAG(s) dict_keys(['example_task_group']) retrieved from /home/airflow/.local/lib/python3.7/site-packages/airflow/example_dags/example_task_group.py
[2022-06-30 12:14:35,597] {logging_mixin.py:115} INFO - [2022-06-30 12:14:35,597] {dag.py:2379} INFO - Sync 1 DAGs
[2022-06-30 12:14:35,626] {logging_mixin.py:115} INFO - [2022-06-30 12:14:35,626] {dag.py:2931} INFO - Setting next_dagrun for example_task_group to 2022-06-29T12:14:35.626731+00:00, run_after=2022-06-30T12:14:35.626731+00:00
[2022-06-30 12:14:35,638] {processor.py:161} INFO - Processing /home/airflow/.local/lib/python3.7/site-packages/airflow/example_dags/example_task_group.py took 0.093 seconds
[2022-06-30 12:15:06,425] {processor.py:153} INFO - Started process (PID=979) to work on /home/airflow/.local/lib/python3.7/site-packages/airflow/example_dags/example_task_group.py
[2022-06-30 12:15:06,427] {processor.py:641} INFO - Processing file /home/airflow/.local/lib/python3.7/site-packages/airflow/example_dags/example_task_group.py for tasks to queue
[2022-06-30 12:15:06,428] {logging_mixin.py:115} INFO - [2022-06-30 12:15:06,428] {dagbag.py:507} INFO - Filling up the DagBag from /home/airflow/.local/lib/python3.7/site-packages/airflow/example_dags/example_task_group.py
[2022-06-30 12:15:06,435] {processor.py:651} INFO - DAG(s) dict_keys(['example_task_group']) retrieved from /home/airflow/.local/lib/python3.7/site-packages/airflow/example_dags/example_task_group.py
[2022-06-30 12:15:06,463] {logging_mixin.py:115} INFO - [2022-06-30 12:15:06,463] {dag.py:2379} INFO - Sync 1 DAGs
[2022-06-30 12:15:06,482] {logging_mixin.py:115} INFO - [2022-06-30 12:15:06,482] {dag.py:2931} INFO - Setting next_dagrun for example_task_group to 2022-06-29T12:15:06.481963+00:00, run_after=2022-06-30T12:15:06.481963+00:00
[2022-06-30 12:15:06,492] {processor.py:161} INFO - Processing /home/airflow/.local/lib/python3.7/site-packages/airflow/example_dags/example_task_group.py took 0.069 seconds
[2022-06-30 12:15:37,250] {processor.py:153} INFO - Started process (PID=1044) to work on /home/airflow/.local/lib/python3.7/site-packages/airflow/example_dags/example_task_group.py
[2022-06-30 12:15:37,263] {processor.py:641} INFO - Processing file /home/airflow/.local/lib/python3.7/site-packages/airflow/example_dags/example_task_group.py for tasks to queue
[2022-06-30 12:15:37,268] {logging_mixin.py:115} INFO - [2022-06-30 12:15:37,268] {dagbag.py:507} INFO - Filling up the DagBag from /home/airflow/.local/lib/python3.7/site-packages/airflow/example_dags/example_task_group.py
[2022-06-30 12:15:37,291] {processor.py:651} INFO - DAG(s) dict_keys(['example_task_group']) retrieved from /home/airflow/.local/lib/python3.7/site-packages/airflow/example_dags/example_task_group.py
[2022-06-30 12:15:37,316] {logging_mixin.py:115} INFO - [2022-06-30 12:15:37,316] {dag.py:2379} INFO - Sync 1 DAGs
[2022-06-30 12:15:37,334] {logging_mixin.py:115} INFO - [2022-06-30 12:15:37,334] {dag.py:2931} INFO - Setting next_dagrun for example_task_group to 2022-06-29T12:15:37.334551+00:00, run_after=2022-06-30T12:15:37.334551+00:00
[2022-06-30 12:15:37,353] {processor.py:161} INFO - Processing /home/airflow/.local/lib/python3.7/site-packages/airflow/example_dags/example_task_group.py took 0.105 seconds
[2022-06-30 12:16:07,681] {processor.py:153} INFO - Started process (PID=1110) to work on /home/airflow/.local/lib/python3.7/site-packages/airflow/example_dags/example_task_group.py
[2022-06-30 12:16:07,682] {processor.py:641} INFO - Processing file /home/airflow/.local/lib/python3.7/site-packages/airflow/example_dags/example_task_group.py for tasks to queue
[2022-06-30 12:16:07,684] {logging_mixin.py:115} INFO - [2022-06-30 12:16:07,684] {dagbag.py:507} INFO - Filling up the DagBag from /home/airflow/.local/lib/python3.7/site-packages/airflow/example_dags/example_task_group.py
[2022-06-30 12:16:07,690] {processor.py:651} INFO - DAG(s) dict_keys(['example_task_group']) retrieved from /home/airflow/.local/lib/python3.7/site-packages/airflow/example_dags/example_task_group.py
[2022-06-30 12:16:07,708] {logging_mixin.py:115} INFO - [2022-06-30 12:16:07,708] {dag.py:2379} INFO - Sync 1 DAGs
[2022-06-30 12:16:07,723] {logging_mixin.py:115} INFO - [2022-06-30 12:16:07,723] {dag.py:2931} INFO - Setting next_dagrun for example_task_group to 2022-06-29T12:16:07.723055+00:00, run_after=2022-06-30T12:16:07.723055+00:00
[2022-06-30 12:16:07,732] {processor.py:161} INFO - Processing /home/airflow/.local/lib/python3.7/site-packages/airflow/example_dags/example_task_group.py took 0.053 seconds
[2022-06-30 12:16:38,632] {processor.py:153} INFO - Started process (PID=1172) to work on /home/airflow/.local/lib/python3.7/site-packages/airflow/example_dags/example_task_group.py
[2022-06-30 12:16:38,634] {processor.py:641} INFO - Processing file /home/airflow/.local/lib/python3.7/site-packages/airflow/example_dags/example_task_group.py for tasks to queue
[2022-06-30 12:16:38,635] {logging_mixin.py:115} INFO - [2022-06-30 12:16:38,635] {dagbag.py:507} INFO - Filling up the DagBag from /home/airflow/.local/lib/python3.7/site-packages/airflow/example_dags/example_task_group.py
[2022-06-30 12:16:38,640] {processor.py:651} INFO - DAG(s) dict_keys(['example_task_group']) retrieved from /home/airflow/.local/lib/python3.7/site-packages/airflow/example_dags/example_task_group.py
[2022-06-30 12:16:38,659] {logging_mixin.py:115} INFO - [2022-06-30 12:16:38,659] {dag.py:2379} INFO - Sync 1 DAGs
[2022-06-30 12:16:38,675] {logging_mixin.py:115} INFO - [2022-06-30 12:16:38,675] {dag.py:2931} INFO - Setting next_dagrun for example_task_group to 2022-06-29T12:16:38.674950+00:00, run_after=2022-06-30T12:16:38.674950+00:00
[2022-06-30 12:16:38,690] {processor.py:161} INFO - Processing /home/airflow/.local/lib/python3.7/site-packages/airflow/example_dags/example_task_group.py took 0.060 seconds
[2022-06-30 12:17:09,895] {processor.py:153} INFO - Started process (PID=1229) to work on /home/airflow/.local/lib/python3.7/site-packages/airflow/example_dags/example_task_group.py
[2022-06-30 12:17:09,896] {processor.py:641} INFO - Processing file /home/airflow/.local/lib/python3.7/site-packages/airflow/example_dags/example_task_group.py for tasks to queue
[2022-06-30 12:17:09,897] {logging_mixin.py:115} INFO - [2022-06-30 12:17:09,897] {dagbag.py:507} INFO - Filling up the DagBag from /home/airflow/.local/lib/python3.7/site-packages/airflow/example_dags/example_task_group.py
[2022-06-30 12:17:09,903] {processor.py:651} INFO - DAG(s) dict_keys(['example_task_group']) retrieved from /home/airflow/.local/lib/python3.7/site-packages/airflow/example_dags/example_task_group.py
[2022-06-30 12:17:09,924] {logging_mixin.py:115} INFO - [2022-06-30 12:17:09,924] {dag.py:2379} INFO - Sync 1 DAGs
[2022-06-30 12:17:09,937] {logging_mixin.py:115} INFO - [2022-06-30 12:17:09,937] {dag.py:2931} INFO - Setting next_dagrun for example_task_group to 2022-06-29T12:17:09.937650+00:00, run_after=2022-06-30T12:17:09.937650+00:00
[2022-06-30 12:17:09,947] {processor.py:161} INFO - Processing /home/airflow/.local/lib/python3.7/site-packages/airflow/example_dags/example_task_group.py took 0.054 seconds
[2022-06-30 12:17:40,814] {processor.py:153} INFO - Started process (PID=1294) to work on /home/airflow/.local/lib/python3.7/site-packages/airflow/example_dags/example_task_group.py
[2022-06-30 12:17:40,815] {processor.py:641} INFO - Processing file /home/airflow/.local/lib/python3.7/site-packages/airflow/example_dags/example_task_group.py for tasks to queue
[2022-06-30 12:17:40,817] {logging_mixin.py:115} INFO - [2022-06-30 12:17:40,817] {dagbag.py:507} INFO - Filling up the DagBag from /home/airflow/.local/lib/python3.7/site-packages/airflow/example_dags/example_task_group.py
[2022-06-30 12:17:40,821] {processor.py:651} INFO - DAG(s) dict_keys(['example_task_group']) retrieved from /home/airflow/.local/lib/python3.7/site-packages/airflow/example_dags/example_task_group.py
[2022-06-30 12:17:40,840] {logging_mixin.py:115} INFO - [2022-06-30 12:17:40,840] {dag.py:2379} INFO - Sync 1 DAGs
[2022-06-30 12:17:40,853] {logging_mixin.py:115} INFO - [2022-06-30 12:17:40,853] {dag.py:2931} INFO - Setting next_dagrun for example_task_group to 2022-06-29T12:17:40.853261+00:00, run_after=2022-06-30T12:17:40.853261+00:00
[2022-06-30 12:17:40,862] {processor.py:161} INFO - Processing /home/airflow/.local/lib/python3.7/site-packages/airflow/example_dags/example_task_group.py took 0.051 seconds
[2022-06-30 12:18:11,893] {processor.py:153} INFO - Started process (PID=1357) to work on /home/airflow/.local/lib/python3.7/site-packages/airflow/example_dags/example_task_group.py
[2022-06-30 12:18:11,897] {processor.py:641} INFO - Processing file /home/airflow/.local/lib/python3.7/site-packages/airflow/example_dags/example_task_group.py for tasks to queue
[2022-06-30 12:18:11,899] {logging_mixin.py:115} INFO - [2022-06-30 12:18:11,899] {dagbag.py:507} INFO - Filling up the DagBag from /home/airflow/.local/lib/python3.7/site-packages/airflow/example_dags/example_task_group.py
[2022-06-30 12:18:11,909] {processor.py:651} INFO - DAG(s) dict_keys(['example_task_group']) retrieved from /home/airflow/.local/lib/python3.7/site-packages/airflow/example_dags/example_task_group.py
[2022-06-30 12:18:11,933] {logging_mixin.py:115} INFO - [2022-06-30 12:18:11,933] {dag.py:2379} INFO - Sync 1 DAGs
[2022-06-30 12:18:11,961] {logging_mixin.py:115} INFO - [2022-06-30 12:18:11,961] {dag.py:2931} INFO - Setting next_dagrun for example_task_group to 2022-06-29T12:18:11.961541+00:00, run_after=2022-06-30T12:18:11.961541+00:00
[2022-06-30 12:18:11,970] {processor.py:161} INFO - Processing /home/airflow/.local/lib/python3.7/site-packages/airflow/example_dags/example_task_group.py took 0.078 seconds
[2022-06-30 12:18:42,534] {processor.py:153} INFO - Started process (PID=1421) to work on /home/airflow/.local/lib/python3.7/site-packages/airflow/example_dags/example_task_group.py
[2022-06-30 12:18:42,537] {processor.py:641} INFO - Processing file /home/airflow/.local/lib/python3.7/site-packages/airflow/example_dags/example_task_group.py for tasks to queue
[2022-06-30 12:18:42,539] {logging_mixin.py:115} INFO - [2022-06-30 12:18:42,539] {dagbag.py:507} INFO - Filling up the DagBag from /home/airflow/.local/lib/python3.7/site-packages/airflow/example_dags/example_task_group.py
[2022-06-30 12:18:42,545] {processor.py:651} INFO - DAG(s) dict_keys(['example_task_group']) retrieved from /home/airflow/.local/lib/python3.7/site-packages/airflow/example_dags/example_task_group.py
[2022-06-30 12:18:42,568] {logging_mixin.py:115} INFO - [2022-06-30 12:18:42,568] {dag.py:2379} INFO - Sync 1 DAGs
[2022-06-30 12:18:42,611] {logging_mixin.py:115} INFO - [2022-06-30 12:18:42,611] {dag.py:2931} INFO - Setting next_dagrun for example_task_group to 2022-06-29T12:18:42.610950+00:00, run_after=2022-06-30T12:18:42.610950+00:00
[2022-06-30 12:18:42,625] {processor.py:161} INFO - Processing /home/airflow/.local/lib/python3.7/site-packages/airflow/example_dags/example_task_group.py took 0.094 seconds
[2022-06-30 12:19:13,154] {processor.py:153} INFO - Started process (PID=1484) to work on /home/airflow/.local/lib/python3.7/site-packages/airflow/example_dags/example_task_group.py
[2022-06-30 12:19:13,155] {processor.py:641} INFO - Processing file /home/airflow/.local/lib/python3.7/site-packages/airflow/example_dags/example_task_group.py for tasks to queue
[2022-06-30 12:19:13,160] {logging_mixin.py:115} INFO - [2022-06-30 12:19:13,160] {dagbag.py:507} INFO - Filling up the DagBag from /home/airflow/.local/lib/python3.7/site-packages/airflow/example_dags/example_task_group.py
[2022-06-30 12:19:13,167] {processor.py:651} INFO - DAG(s) dict_keys(['example_task_group']) retrieved from /home/airflow/.local/lib/python3.7/site-packages/airflow/example_dags/example_task_group.py
[2022-06-30 12:19:13,186] {logging_mixin.py:115} INFO - [2022-06-30 12:19:13,186] {dag.py:2379} INFO - Sync 1 DAGs
[2022-06-30 12:19:13,219] {logging_mixin.py:115} INFO - [2022-06-30 12:19:13,219] {dag.py:2931} INFO - Setting next_dagrun for example_task_group to 2022-06-29T12:19:13.219559+00:00, run_after=2022-06-30T12:19:13.219559+00:00
[2022-06-30 12:19:13,237] {processor.py:161} INFO - Processing /home/airflow/.local/lib/python3.7/site-packages/airflow/example_dags/example_task_group.py took 0.086 seconds
[2022-06-30 12:19:44,117] {processor.py:153} INFO - Started process (PID=1548) to work on /home/airflow/.local/lib/python3.7/site-packages/airflow/example_dags/example_task_group.py
[2022-06-30 12:19:44,118] {processor.py:641} INFO - Processing file /home/airflow/.local/lib/python3.7/site-packages/airflow/example_dags/example_task_group.py for tasks to queue
[2022-06-30 12:19:44,119] {logging_mixin.py:115} INFO - [2022-06-30 12:19:44,119] {dagbag.py:507} INFO - Filling up the DagBag from /home/airflow/.local/lib/python3.7/site-packages/airflow/example_dags/example_task_group.py
[2022-06-30 12:19:44,124] {processor.py:651} INFO - DAG(s) dict_keys(['example_task_group']) retrieved from /home/airflow/.local/lib/python3.7/site-packages/airflow/example_dags/example_task_group.py
[2022-06-30 12:19:44,150] {logging_mixin.py:115} INFO - [2022-06-30 12:19:44,150] {dag.py:2379} INFO - Sync 1 DAGs
[2022-06-30 12:19:44,172] {logging_mixin.py:115} INFO - [2022-06-30 12:19:44,172] {dag.py:2931} INFO - Setting next_dagrun for example_task_group to 2022-06-29T12:19:44.172293+00:00, run_after=2022-06-30T12:19:44.172293+00:00
[2022-06-30 12:19:44,180] {processor.py:161} INFO - Processing /home/airflow/.local/lib/python3.7/site-packages/airflow/example_dags/example_task_group.py took 0.065 seconds
[2022-06-30 12:20:14,680] {processor.py:153} INFO - Started process (PID=1604) to work on /home/airflow/.local/lib/python3.7/site-packages/airflow/example_dags/example_task_group.py
[2022-06-30 12:20:14,686] {processor.py:641} INFO - Processing file /home/airflow/.local/lib/python3.7/site-packages/airflow/example_dags/example_task_group.py for tasks to queue
[2022-06-30 12:20:14,688] {logging_mixin.py:115} INFO - [2022-06-30 12:20:14,688] {dagbag.py:507} INFO - Filling up the DagBag from /home/airflow/.local/lib/python3.7/site-packages/airflow/example_dags/example_task_group.py
[2022-06-30 12:20:14,693] {processor.py:651} INFO - DAG(s) dict_keys(['example_task_group']) retrieved from /home/airflow/.local/lib/python3.7/site-packages/airflow/example_dags/example_task_group.py
[2022-06-30 12:20:14,717] {logging_mixin.py:115} INFO - [2022-06-30 12:20:14,717] {dag.py:2379} INFO - Sync 1 DAGs
[2022-06-30 12:20:14,738] {logging_mixin.py:115} INFO - [2022-06-30 12:20:14,738] {dag.py:2931} INFO - Setting next_dagrun for example_task_group to 2022-06-29T12:20:14.738192+00:00, run_after=2022-06-30T12:20:14.738192+00:00
[2022-06-30 12:20:14,753] {processor.py:161} INFO - Processing /home/airflow/.local/lib/python3.7/site-packages/airflow/example_dags/example_task_group.py took 0.075 seconds
[2022-06-30 12:20:45,097] {processor.py:153} INFO - Started process (PID=1669) to work on /home/airflow/.local/lib/python3.7/site-packages/airflow/example_dags/example_task_group.py
[2022-06-30 12:20:45,099] {processor.py:641} INFO - Processing file /home/airflow/.local/lib/python3.7/site-packages/airflow/example_dags/example_task_group.py for tasks to queue
[2022-06-30 12:20:45,100] {logging_mixin.py:115} INFO - [2022-06-30 12:20:45,100] {dagbag.py:507} INFO - Filling up the DagBag from /home/airflow/.local/lib/python3.7/site-packages/airflow/example_dags/example_task_group.py
[2022-06-30 12:20:45,106] {processor.py:651} INFO - DAG(s) dict_keys(['example_task_group']) retrieved from /home/airflow/.local/lib/python3.7/site-packages/airflow/example_dags/example_task_group.py
[2022-06-30 12:20:45,128] {logging_mixin.py:115} INFO - [2022-06-30 12:20:45,127] {dag.py:2379} INFO - Sync 1 DAGs
[2022-06-30 12:20:45,141] {logging_mixin.py:115} INFO - [2022-06-30 12:20:45,141] {dag.py:2931} INFO - Setting next_dagrun for example_task_group to 2022-06-29T12:20:45.141582+00:00, run_after=2022-06-30T12:20:45.141582+00:00
[2022-06-30 12:20:45,150] {processor.py:161} INFO - Processing /home/airflow/.local/lib/python3.7/site-packages/airflow/example_dags/example_task_group.py took 0.056 seconds
[2022-06-30 12:21:15,837] {processor.py:153} INFO - Started process (PID=1734) to work on /home/airflow/.local/lib/python3.7/site-packages/airflow/example_dags/example_task_group.py
[2022-06-30 12:21:15,838] {processor.py:641} INFO - Processing file /home/airflow/.local/lib/python3.7/site-packages/airflow/example_dags/example_task_group.py for tasks to queue
[2022-06-30 12:21:15,840] {logging_mixin.py:115} INFO - [2022-06-30 12:21:15,840] {dagbag.py:507} INFO - Filling up the DagBag from /home/airflow/.local/lib/python3.7/site-packages/airflow/example_dags/example_task_group.py
[2022-06-30 12:21:15,850] {processor.py:651} INFO - DAG(s) dict_keys(['example_task_group']) retrieved from /home/airflow/.local/lib/python3.7/site-packages/airflow/example_dags/example_task_group.py
[2022-06-30 12:21:15,881] {logging_mixin.py:115} INFO - [2022-06-30 12:21:15,880] {dag.py:2379} INFO - Sync 1 DAGs
[2022-06-30 12:21:15,906] {logging_mixin.py:115} INFO - [2022-06-30 12:21:15,906] {dag.py:2931} INFO - Setting next_dagrun for example_task_group to 2022-06-29T12:21:15.905735+00:00, run_after=2022-06-30T12:21:15.905735+00:00
[2022-06-30 12:21:15,927] {processor.py:161} INFO - Processing /home/airflow/.local/lib/python3.7/site-packages/airflow/example_dags/example_task_group.py took 0.094 seconds
