[2022-06-30 12:07:25,061] {processor.py:153} INFO - Started process (PID=57) to work on /home/airflow/.local/lib/python3.7/site-packages/airflow/example_dags/example_python_operator.py
[2022-06-30 12:07:25,063] {processor.py:641} INFO - Processing file /home/airflow/.local/lib/python3.7/site-packages/airflow/example_dags/example_python_operator.py for tasks to queue
[2022-06-30 12:07:25,064] {logging_mixin.py:115} INFO - [2022-06-30 12:07:25,064] {dagbag.py:507} INFO - Filling up the DagBag from /home/airflow/.local/lib/python3.7/site-packages/airflow/example_dags/example_python_operator.py
[2022-06-30 12:07:25,116] {processor.py:651} INFO - DAG(s) dict_keys(['example_python_operator']) retrieved from /home/airflow/.local/lib/python3.7/site-packages/airflow/example_dags/example_python_operator.py
[2022-06-30 12:07:25,224] {logging_mixin.py:115} INFO - [2022-06-30 12:07:25,224] {dag.py:2379} INFO - Sync 1 DAGs
[2022-06-30 12:07:25,274] {logging_mixin.py:115} INFO - [2022-06-30 12:07:25,274] {dag.py:2931} INFO - Setting next_dagrun for example_python_operator to None, run_after=None
[2022-06-30 12:07:25,306] {processor.py:161} INFO - Processing /home/airflow/.local/lib/python3.7/site-packages/airflow/example_dags/example_python_operator.py took 0.248 seconds
[2022-06-30 12:07:55,576] {processor.py:153} INFO - Started process (PID=111) to work on /home/airflow/.local/lib/python3.7/site-packages/airflow/example_dags/example_python_operator.py
[2022-06-30 12:07:55,579] {processor.py:641} INFO - Processing file /home/airflow/.local/lib/python3.7/site-packages/airflow/example_dags/example_python_operator.py for tasks to queue
[2022-06-30 12:07:55,584] {logging_mixin.py:115} INFO - [2022-06-30 12:07:55,584] {dagbag.py:507} INFO - Filling up the DagBag from /home/airflow/.local/lib/python3.7/site-packages/airflow/example_dags/example_python_operator.py
[2022-06-30 12:07:55,628] {processor.py:651} INFO - DAG(s) dict_keys(['example_python_operator']) retrieved from /home/airflow/.local/lib/python3.7/site-packages/airflow/example_dags/example_python_operator.py
[2022-06-30 12:07:55,656] {logging_mixin.py:115} INFO - [2022-06-30 12:07:55,656] {dag.py:2379} INFO - Sync 1 DAGs
[2022-06-30 12:07:55,687] {logging_mixin.py:115} INFO - [2022-06-30 12:07:55,687] {dag.py:2931} INFO - Setting next_dagrun for example_python_operator to None, run_after=None
[2022-06-30 12:07:55,706] {processor.py:161} INFO - Processing /home/airflow/.local/lib/python3.7/site-packages/airflow/example_dags/example_python_operator.py took 0.132 seconds
[2022-06-30 12:08:26,322] {processor.py:153} INFO - Started process (PID=175) to work on /home/airflow/.local/lib/python3.7/site-packages/airflow/example_dags/example_python_operator.py
[2022-06-30 12:08:26,324] {processor.py:641} INFO - Processing file /home/airflow/.local/lib/python3.7/site-packages/airflow/example_dags/example_python_operator.py for tasks to queue
[2022-06-30 12:08:26,325] {logging_mixin.py:115} INFO - [2022-06-30 12:08:26,325] {dagbag.py:507} INFO - Filling up the DagBag from /home/airflow/.local/lib/python3.7/site-packages/airflow/example_dags/example_python_operator.py
[2022-06-30 12:08:26,351] {processor.py:651} INFO - DAG(s) dict_keys(['example_python_operator']) retrieved from /home/airflow/.local/lib/python3.7/site-packages/airflow/example_dags/example_python_operator.py
[2022-06-30 12:08:26,389] {logging_mixin.py:115} INFO - [2022-06-30 12:08:26,389] {dag.py:2379} INFO - Sync 1 DAGs
[2022-06-30 12:08:26,414] {logging_mixin.py:115} INFO - [2022-06-30 12:08:26,414] {dag.py:2931} INFO - Setting next_dagrun for example_python_operator to None, run_after=None
[2022-06-30 12:08:26,422] {processor.py:161} INFO - Processing /home/airflow/.local/lib/python3.7/site-packages/airflow/example_dags/example_python_operator.py took 0.103 seconds
[2022-06-30 12:08:57,599] {processor.py:153} INFO - Started process (PID=241) to work on /home/airflow/.local/lib/python3.7/site-packages/airflow/example_dags/example_python_operator.py
[2022-06-30 12:08:57,601] {processor.py:641} INFO - Processing file /home/airflow/.local/lib/python3.7/site-packages/airflow/example_dags/example_python_operator.py for tasks to queue
[2022-06-30 12:08:57,605] {logging_mixin.py:115} INFO - [2022-06-30 12:08:57,605] {dagbag.py:507} INFO - Filling up the DagBag from /home/airflow/.local/lib/python3.7/site-packages/airflow/example_dags/example_python_operator.py
[2022-06-30 12:08:57,642] {processor.py:651} INFO - DAG(s) dict_keys(['example_python_operator']) retrieved from /home/airflow/.local/lib/python3.7/site-packages/airflow/example_dags/example_python_operator.py
[2022-06-30 12:08:57,687] {logging_mixin.py:115} INFO - [2022-06-30 12:08:57,686] {dag.py:2379} INFO - Sync 1 DAGs
[2022-06-30 12:08:57,720] {logging_mixin.py:115} INFO - [2022-06-30 12:08:57,719] {dag.py:2931} INFO - Setting next_dagrun for example_python_operator to None, run_after=None
[2022-06-30 12:08:57,738] {processor.py:161} INFO - Processing /home/airflow/.local/lib/python3.7/site-packages/airflow/example_dags/example_python_operator.py took 0.142 seconds
[2022-06-30 12:09:29,229] {processor.py:153} INFO - Started process (PID=305) to work on /home/airflow/.local/lib/python3.7/site-packages/airflow/example_dags/example_python_operator.py
[2022-06-30 12:09:29,234] {processor.py:641} INFO - Processing file /home/airflow/.local/lib/python3.7/site-packages/airflow/example_dags/example_python_operator.py for tasks to queue
[2022-06-30 12:09:29,238] {logging_mixin.py:115} INFO - [2022-06-30 12:09:29,238] {dagbag.py:507} INFO - Filling up the DagBag from /home/airflow/.local/lib/python3.7/site-packages/airflow/example_dags/example_python_operator.py
[2022-06-30 12:09:29,294] {processor.py:651} INFO - DAG(s) dict_keys(['example_python_operator']) retrieved from /home/airflow/.local/lib/python3.7/site-packages/airflow/example_dags/example_python_operator.py
[2022-06-30 12:09:29,367] {logging_mixin.py:115} INFO - [2022-06-30 12:09:29,367] {dag.py:2379} INFO - Sync 1 DAGs
[2022-06-30 12:09:29,438] {logging_mixin.py:115} INFO - [2022-06-30 12:09:29,438] {dag.py:2931} INFO - Setting next_dagrun for example_python_operator to None, run_after=None
[2022-06-30 12:09:29,450] {processor.py:161} INFO - Processing /home/airflow/.local/lib/python3.7/site-packages/airflow/example_dags/example_python_operator.py took 0.223 seconds
[2022-06-30 12:09:59,667] {processor.py:153} INFO - Started process (PID=361) to work on /home/airflow/.local/lib/python3.7/site-packages/airflow/example_dags/example_python_operator.py
[2022-06-30 12:09:59,668] {processor.py:641} INFO - Processing file /home/airflow/.local/lib/python3.7/site-packages/airflow/example_dags/example_python_operator.py for tasks to queue
[2022-06-30 12:09:59,670] {logging_mixin.py:115} INFO - [2022-06-30 12:09:59,670] {dagbag.py:507} INFO - Filling up the DagBag from /home/airflow/.local/lib/python3.7/site-packages/airflow/example_dags/example_python_operator.py
[2022-06-30 12:09:59,703] {processor.py:651} INFO - DAG(s) dict_keys(['example_python_operator']) retrieved from /home/airflow/.local/lib/python3.7/site-packages/airflow/example_dags/example_python_operator.py
[2022-06-30 12:09:59,754] {logging_mixin.py:115} INFO - [2022-06-30 12:09:59,754] {dag.py:2379} INFO - Sync 1 DAGs
[2022-06-30 12:09:59,778] {logging_mixin.py:115} INFO - [2022-06-30 12:09:59,778] {dag.py:2931} INFO - Setting next_dagrun for example_python_operator to None, run_after=None
[2022-06-30 12:09:59,796] {processor.py:161} INFO - Processing /home/airflow/.local/lib/python3.7/site-packages/airflow/example_dags/example_python_operator.py took 0.131 seconds
[2022-06-30 12:10:30,644] {processor.py:153} INFO - Started process (PID=425) to work on /home/airflow/.local/lib/python3.7/site-packages/airflow/example_dags/example_python_operator.py
[2022-06-30 12:10:30,645] {processor.py:641} INFO - Processing file /home/airflow/.local/lib/python3.7/site-packages/airflow/example_dags/example_python_operator.py for tasks to queue
[2022-06-30 12:10:30,648] {logging_mixin.py:115} INFO - [2022-06-30 12:10:30,648] {dagbag.py:507} INFO - Filling up the DagBag from /home/airflow/.local/lib/python3.7/site-packages/airflow/example_dags/example_python_operator.py
[2022-06-30 12:10:30,673] {processor.py:651} INFO - DAG(s) dict_keys(['example_python_operator']) retrieved from /home/airflow/.local/lib/python3.7/site-packages/airflow/example_dags/example_python_operator.py
[2022-06-30 12:10:30,701] {logging_mixin.py:115} INFO - [2022-06-30 12:10:30,701] {dag.py:2379} INFO - Sync 1 DAGs
[2022-06-30 12:10:30,724] {logging_mixin.py:115} INFO - [2022-06-30 12:10:30,724] {dag.py:2931} INFO - Setting next_dagrun for example_python_operator to None, run_after=None
[2022-06-30 12:10:30,737] {processor.py:161} INFO - Processing /home/airflow/.local/lib/python3.7/site-packages/airflow/example_dags/example_python_operator.py took 0.096 seconds
[2022-06-30 12:11:01,071] {processor.py:153} INFO - Started process (PID=490) to work on /home/airflow/.local/lib/python3.7/site-packages/airflow/example_dags/example_python_operator.py
[2022-06-30 12:11:01,073] {processor.py:641} INFO - Processing file /home/airflow/.local/lib/python3.7/site-packages/airflow/example_dags/example_python_operator.py for tasks to queue
[2022-06-30 12:11:01,075] {logging_mixin.py:115} INFO - [2022-06-30 12:11:01,075] {dagbag.py:507} INFO - Filling up the DagBag from /home/airflow/.local/lib/python3.7/site-packages/airflow/example_dags/example_python_operator.py
[2022-06-30 12:11:01,107] {processor.py:651} INFO - DAG(s) dict_keys(['example_python_operator']) retrieved from /home/airflow/.local/lib/python3.7/site-packages/airflow/example_dags/example_python_operator.py
[2022-06-30 12:11:01,154] {logging_mixin.py:115} INFO - [2022-06-30 12:11:01,154] {dag.py:2379} INFO - Sync 1 DAGs
[2022-06-30 12:11:01,176] {logging_mixin.py:115} INFO - [2022-06-30 12:11:01,176] {dag.py:2931} INFO - Setting next_dagrun for example_python_operator to None, run_after=None
[2022-06-30 12:11:01,198] {processor.py:161} INFO - Processing /home/airflow/.local/lib/python3.7/site-packages/airflow/example_dags/example_python_operator.py took 0.129 seconds
[2022-06-30 12:11:31,608] {processor.py:153} INFO - Started process (PID=555) to work on /home/airflow/.local/lib/python3.7/site-packages/airflow/example_dags/example_python_operator.py
[2022-06-30 12:11:31,609] {processor.py:641} INFO - Processing file /home/airflow/.local/lib/python3.7/site-packages/airflow/example_dags/example_python_operator.py for tasks to queue
[2022-06-30 12:11:31,611] {logging_mixin.py:115} INFO - [2022-06-30 12:11:31,610] {dagbag.py:507} INFO - Filling up the DagBag from /home/airflow/.local/lib/python3.7/site-packages/airflow/example_dags/example_python_operator.py
[2022-06-30 12:11:31,624] {processor.py:651} INFO - DAG(s) dict_keys(['example_python_operator']) retrieved from /home/airflow/.local/lib/python3.7/site-packages/airflow/example_dags/example_python_operator.py
[2022-06-30 12:11:31,640] {logging_mixin.py:115} INFO - [2022-06-30 12:11:31,640] {dag.py:2379} INFO - Sync 1 DAGs
[2022-06-30 12:11:31,654] {logging_mixin.py:115} INFO - [2022-06-30 12:11:31,654] {dag.py:2931} INFO - Setting next_dagrun for example_python_operator to None, run_after=None
[2022-06-30 12:11:31,663] {processor.py:161} INFO - Processing /home/airflow/.local/lib/python3.7/site-packages/airflow/example_dags/example_python_operator.py took 0.057 seconds
[2022-06-30 12:12:01,917] {processor.py:153} INFO - Started process (PID=612) to work on /home/airflow/.local/lib/python3.7/site-packages/airflow/example_dags/example_python_operator.py
[2022-06-30 12:12:01,918] {processor.py:641} INFO - Processing file /home/airflow/.local/lib/python3.7/site-packages/airflow/example_dags/example_python_operator.py for tasks to queue
[2022-06-30 12:12:01,920] {logging_mixin.py:115} INFO - [2022-06-30 12:12:01,920] {dagbag.py:507} INFO - Filling up the DagBag from /home/airflow/.local/lib/python3.7/site-packages/airflow/example_dags/example_python_operator.py
[2022-06-30 12:12:01,934] {processor.py:651} INFO - DAG(s) dict_keys(['example_python_operator']) retrieved from /home/airflow/.local/lib/python3.7/site-packages/airflow/example_dags/example_python_operator.py
[2022-06-30 12:12:01,955] {logging_mixin.py:115} INFO - [2022-06-30 12:12:01,955] {dag.py:2379} INFO - Sync 1 DAGs
[2022-06-30 12:12:01,975] {logging_mixin.py:115} INFO - [2022-06-30 12:12:01,975] {dag.py:2931} INFO - Setting next_dagrun for example_python_operator to None, run_after=None
[2022-06-30 12:12:01,987] {processor.py:161} INFO - Processing /home/airflow/.local/lib/python3.7/site-packages/airflow/example_dags/example_python_operator.py took 0.073 seconds
[2022-06-30 12:12:32,589] {processor.py:153} INFO - Started process (PID=675) to work on /home/airflow/.local/lib/python3.7/site-packages/airflow/example_dags/example_python_operator.py
[2022-06-30 12:12:32,607] {processor.py:641} INFO - Processing file /home/airflow/.local/lib/python3.7/site-packages/airflow/example_dags/example_python_operator.py for tasks to queue
[2022-06-30 12:12:32,608] {logging_mixin.py:115} INFO - [2022-06-30 12:12:32,608] {dagbag.py:507} INFO - Filling up the DagBag from /home/airflow/.local/lib/python3.7/site-packages/airflow/example_dags/example_python_operator.py
[2022-06-30 12:12:32,621] {processor.py:651} INFO - DAG(s) dict_keys(['example_python_operator']) retrieved from /home/airflow/.local/lib/python3.7/site-packages/airflow/example_dags/example_python_operator.py
[2022-06-30 12:12:32,639] {logging_mixin.py:115} INFO - [2022-06-30 12:12:32,639] {dag.py:2379} INFO - Sync 1 DAGs
[2022-06-30 12:12:32,655] {logging_mixin.py:115} INFO - [2022-06-30 12:12:32,655] {dag.py:2931} INFO - Setting next_dagrun for example_python_operator to None, run_after=None
[2022-06-30 12:12:32,664] {processor.py:161} INFO - Processing /home/airflow/.local/lib/python3.7/site-packages/airflow/example_dags/example_python_operator.py took 0.078 seconds
[2022-06-30 12:13:03,354] {processor.py:153} INFO - Started process (PID=738) to work on /home/airflow/.local/lib/python3.7/site-packages/airflow/example_dags/example_python_operator.py
[2022-06-30 12:13:03,357] {processor.py:641} INFO - Processing file /home/airflow/.local/lib/python3.7/site-packages/airflow/example_dags/example_python_operator.py for tasks to queue
[2022-06-30 12:13:03,358] {logging_mixin.py:115} INFO - [2022-06-30 12:13:03,358] {dagbag.py:507} INFO - Filling up the DagBag from /home/airflow/.local/lib/python3.7/site-packages/airflow/example_dags/example_python_operator.py
[2022-06-30 12:13:03,388] {processor.py:651} INFO - DAG(s) dict_keys(['example_python_operator']) retrieved from /home/airflow/.local/lib/python3.7/site-packages/airflow/example_dags/example_python_operator.py
[2022-06-30 12:13:03,417] {logging_mixin.py:115} INFO - [2022-06-30 12:13:03,417] {dag.py:2379} INFO - Sync 1 DAGs
[2022-06-30 12:13:03,451] {logging_mixin.py:115} INFO - [2022-06-30 12:13:03,451] {dag.py:2931} INFO - Setting next_dagrun for example_python_operator to None, run_after=None
[2022-06-30 12:13:03,467] {processor.py:161} INFO - Processing /home/airflow/.local/lib/python3.7/site-packages/airflow/example_dags/example_python_operator.py took 0.114 seconds
[2022-06-30 12:13:34,526] {processor.py:153} INFO - Started process (PID=803) to work on /home/airflow/.local/lib/python3.7/site-packages/airflow/example_dags/example_python_operator.py
[2022-06-30 12:13:34,528] {processor.py:641} INFO - Processing file /home/airflow/.local/lib/python3.7/site-packages/airflow/example_dags/example_python_operator.py for tasks to queue
[2022-06-30 12:13:34,530] {logging_mixin.py:115} INFO - [2022-06-30 12:13:34,530] {dagbag.py:507} INFO - Filling up the DagBag from /home/airflow/.local/lib/python3.7/site-packages/airflow/example_dags/example_python_operator.py
[2022-06-30 12:13:34,542] {processor.py:651} INFO - DAG(s) dict_keys(['example_python_operator']) retrieved from /home/airflow/.local/lib/python3.7/site-packages/airflow/example_dags/example_python_operator.py
[2022-06-30 12:13:34,589] {logging_mixin.py:115} INFO - [2022-06-30 12:13:34,589] {dag.py:2379} INFO - Sync 1 DAGs
[2022-06-30 12:13:34,619] {logging_mixin.py:115} INFO - [2022-06-30 12:13:34,619] {dag.py:2931} INFO - Setting next_dagrun for example_python_operator to None, run_after=None
[2022-06-30 12:13:34,633] {processor.py:161} INFO - Processing /home/airflow/.local/lib/python3.7/site-packages/airflow/example_dags/example_python_operator.py took 0.109 seconds
[2022-06-30 12:14:05,627] {processor.py:153} INFO - Started process (PID=859) to work on /home/airflow/.local/lib/python3.7/site-packages/airflow/example_dags/example_python_operator.py
[2022-06-30 12:14:05,628] {processor.py:641} INFO - Processing file /home/airflow/.local/lib/python3.7/site-packages/airflow/example_dags/example_python_operator.py for tasks to queue
[2022-06-30 12:14:05,630] {logging_mixin.py:115} INFO - [2022-06-30 12:14:05,630] {dagbag.py:507} INFO - Filling up the DagBag from /home/airflow/.local/lib/python3.7/site-packages/airflow/example_dags/example_python_operator.py
[2022-06-30 12:14:05,653] {processor.py:651} INFO - DAG(s) dict_keys(['example_python_operator']) retrieved from /home/airflow/.local/lib/python3.7/site-packages/airflow/example_dags/example_python_operator.py
[2022-06-30 12:14:05,696] {logging_mixin.py:115} INFO - [2022-06-30 12:14:05,696] {dag.py:2379} INFO - Sync 1 DAGs
[2022-06-30 12:14:05,718] {logging_mixin.py:115} INFO - [2022-06-30 12:14:05,718] {dag.py:2931} INFO - Setting next_dagrun for example_python_operator to None, run_after=None
[2022-06-30 12:14:05,738] {processor.py:161} INFO - Processing /home/airflow/.local/lib/python3.7/site-packages/airflow/example_dags/example_python_operator.py took 0.117 seconds
[2022-06-30 12:14:36,212] {processor.py:153} INFO - Started process (PID=924) to work on /home/airflow/.local/lib/python3.7/site-packages/airflow/example_dags/example_python_operator.py
[2022-06-30 12:14:36,213] {processor.py:641} INFO - Processing file /home/airflow/.local/lib/python3.7/site-packages/airflow/example_dags/example_python_operator.py for tasks to queue
[2022-06-30 12:14:36,214] {logging_mixin.py:115} INFO - [2022-06-30 12:14:36,214] {dagbag.py:507} INFO - Filling up the DagBag from /home/airflow/.local/lib/python3.7/site-packages/airflow/example_dags/example_python_operator.py
[2022-06-30 12:14:36,228] {processor.py:651} INFO - DAG(s) dict_keys(['example_python_operator']) retrieved from /home/airflow/.local/lib/python3.7/site-packages/airflow/example_dags/example_python_operator.py
[2022-06-30 12:14:36,245] {logging_mixin.py:115} INFO - [2022-06-30 12:14:36,245] {dag.py:2379} INFO - Sync 1 DAGs
[2022-06-30 12:14:36,261] {logging_mixin.py:115} INFO - [2022-06-30 12:14:36,261] {dag.py:2931} INFO - Setting next_dagrun for example_python_operator to None, run_after=None
[2022-06-30 12:14:36,272] {processor.py:161} INFO - Processing /home/airflow/.local/lib/python3.7/site-packages/airflow/example_dags/example_python_operator.py took 0.063 seconds
[2022-06-30 12:15:07,061] {processor.py:153} INFO - Started process (PID=989) to work on /home/airflow/.local/lib/python3.7/site-packages/airflow/example_dags/example_python_operator.py
[2022-06-30 12:15:07,066] {processor.py:641} INFO - Processing file /home/airflow/.local/lib/python3.7/site-packages/airflow/example_dags/example_python_operator.py for tasks to queue
[2022-06-30 12:15:07,083] {logging_mixin.py:115} INFO - [2022-06-30 12:15:07,083] {dagbag.py:507} INFO - Filling up the DagBag from /home/airflow/.local/lib/python3.7/site-packages/airflow/example_dags/example_python_operator.py
[2022-06-30 12:15:07,112] {processor.py:651} INFO - DAG(s) dict_keys(['example_python_operator']) retrieved from /home/airflow/.local/lib/python3.7/site-packages/airflow/example_dags/example_python_operator.py
[2022-06-30 12:15:07,159] {logging_mixin.py:115} INFO - [2022-06-30 12:15:07,159] {dag.py:2379} INFO - Sync 1 DAGs
[2022-06-30 12:15:07,208] {logging_mixin.py:115} INFO - [2022-06-30 12:15:07,208] {dag.py:2931} INFO - Setting next_dagrun for example_python_operator to None, run_after=None
[2022-06-30 12:15:07,228] {processor.py:161} INFO - Processing /home/airflow/.local/lib/python3.7/site-packages/airflow/example_dags/example_python_operator.py took 0.169 seconds
[2022-06-30 12:15:38,322] {processor.py:153} INFO - Started process (PID=1054) to work on /home/airflow/.local/lib/python3.7/site-packages/airflow/example_dags/example_python_operator.py
[2022-06-30 12:15:38,330] {processor.py:641} INFO - Processing file /home/airflow/.local/lib/python3.7/site-packages/airflow/example_dags/example_python_operator.py for tasks to queue
[2022-06-30 12:15:38,333] {logging_mixin.py:115} INFO - [2022-06-30 12:15:38,333] {dagbag.py:507} INFO - Filling up the DagBag from /home/airflow/.local/lib/python3.7/site-packages/airflow/example_dags/example_python_operator.py
[2022-06-30 12:15:38,363] {processor.py:651} INFO - DAG(s) dict_keys(['example_python_operator']) retrieved from /home/airflow/.local/lib/python3.7/site-packages/airflow/example_dags/example_python_operator.py
[2022-06-30 12:15:38,403] {logging_mixin.py:115} INFO - [2022-06-30 12:15:38,403] {dag.py:2379} INFO - Sync 1 DAGs
[2022-06-30 12:15:38,442] {logging_mixin.py:115} INFO - [2022-06-30 12:15:38,442] {dag.py:2931} INFO - Setting next_dagrun for example_python_operator to None, run_after=None
[2022-06-30 12:15:38,468] {processor.py:161} INFO - Processing /home/airflow/.local/lib/python3.7/site-packages/airflow/example_dags/example_python_operator.py took 0.148 seconds
[2022-06-30 12:16:09,251] {processor.py:153} INFO - Started process (PID=1120) to work on /home/airflow/.local/lib/python3.7/site-packages/airflow/example_dags/example_python_operator.py
[2022-06-30 12:16:09,252] {processor.py:641} INFO - Processing file /home/airflow/.local/lib/python3.7/site-packages/airflow/example_dags/example_python_operator.py for tasks to queue
[2022-06-30 12:16:09,253] {logging_mixin.py:115} INFO - [2022-06-30 12:16:09,253] {dagbag.py:507} INFO - Filling up the DagBag from /home/airflow/.local/lib/python3.7/site-packages/airflow/example_dags/example_python_operator.py
[2022-06-30 12:16:09,266] {processor.py:651} INFO - DAG(s) dict_keys(['example_python_operator']) retrieved from /home/airflow/.local/lib/python3.7/site-packages/airflow/example_dags/example_python_operator.py
[2022-06-30 12:16:09,289] {logging_mixin.py:115} INFO - [2022-06-30 12:16:09,289] {dag.py:2379} INFO - Sync 1 DAGs
[2022-06-30 12:16:09,311] {logging_mixin.py:115} INFO - [2022-06-30 12:16:09,311] {dag.py:2931} INFO - Setting next_dagrun for example_python_operator to None, run_after=None
[2022-06-30 12:16:09,322] {processor.py:161} INFO - Processing /home/airflow/.local/lib/python3.7/site-packages/airflow/example_dags/example_python_operator.py took 0.074 seconds
[2022-06-30 12:16:40,280] {processor.py:153} INFO - Started process (PID=1184) to work on /home/airflow/.local/lib/python3.7/site-packages/airflow/example_dags/example_python_operator.py
[2022-06-30 12:16:40,283] {processor.py:641} INFO - Processing file /home/airflow/.local/lib/python3.7/site-packages/airflow/example_dags/example_python_operator.py for tasks to queue
[2022-06-30 12:16:40,284] {logging_mixin.py:115} INFO - [2022-06-30 12:16:40,284] {dagbag.py:507} INFO - Filling up the DagBag from /home/airflow/.local/lib/python3.7/site-packages/airflow/example_dags/example_python_operator.py
[2022-06-30 12:16:40,294] {processor.py:651} INFO - DAG(s) dict_keys(['example_python_operator']) retrieved from /home/airflow/.local/lib/python3.7/site-packages/airflow/example_dags/example_python_operator.py
[2022-06-30 12:16:40,313] {logging_mixin.py:115} INFO - [2022-06-30 12:16:40,313] {dag.py:2379} INFO - Sync 1 DAGs
[2022-06-30 12:16:40,330] {logging_mixin.py:115} INFO - [2022-06-30 12:16:40,330] {dag.py:2931} INFO - Setting next_dagrun for example_python_operator to None, run_after=None
[2022-06-30 12:16:40,339] {processor.py:161} INFO - Processing /home/airflow/.local/lib/python3.7/site-packages/airflow/example_dags/example_python_operator.py took 0.061 seconds
[2022-06-30 12:17:11,414] {processor.py:153} INFO - Started process (PID=1248) to work on /home/airflow/.local/lib/python3.7/site-packages/airflow/example_dags/example_python_operator.py
[2022-06-30 12:17:11,428] {processor.py:641} INFO - Processing file /home/airflow/.local/lib/python3.7/site-packages/airflow/example_dags/example_python_operator.py for tasks to queue
[2022-06-30 12:17:11,432] {logging_mixin.py:115} INFO - [2022-06-30 12:17:11,432] {dagbag.py:507} INFO - Filling up the DagBag from /home/airflow/.local/lib/python3.7/site-packages/airflow/example_dags/example_python_operator.py
[2022-06-30 12:17:11,478] {processor.py:651} INFO - DAG(s) dict_keys(['example_python_operator']) retrieved from /home/airflow/.local/lib/python3.7/site-packages/airflow/example_dags/example_python_operator.py
[2022-06-30 12:17:11,532] {logging_mixin.py:115} INFO - [2022-06-30 12:17:11,532] {dag.py:2379} INFO - Sync 1 DAGs
[2022-06-30 12:17:11,560] {logging_mixin.py:115} INFO - [2022-06-30 12:17:11,560] {dag.py:2931} INFO - Setting next_dagrun for example_python_operator to None, run_after=None
[2022-06-30 12:17:11,571] {processor.py:161} INFO - Processing /home/airflow/.local/lib/python3.7/site-packages/airflow/example_dags/example_python_operator.py took 0.159 seconds
[2022-06-30 12:17:42,317] {processor.py:153} INFO - Started process (PID=1304) to work on /home/airflow/.local/lib/python3.7/site-packages/airflow/example_dags/example_python_operator.py
[2022-06-30 12:17:42,318] {processor.py:641} INFO - Processing file /home/airflow/.local/lib/python3.7/site-packages/airflow/example_dags/example_python_operator.py for tasks to queue
[2022-06-30 12:17:42,319] {logging_mixin.py:115} INFO - [2022-06-30 12:17:42,318] {dagbag.py:507} INFO - Filling up the DagBag from /home/airflow/.local/lib/python3.7/site-packages/airflow/example_dags/example_python_operator.py
[2022-06-30 12:17:42,329] {processor.py:651} INFO - DAG(s) dict_keys(['example_python_operator']) retrieved from /home/airflow/.local/lib/python3.7/site-packages/airflow/example_dags/example_python_operator.py
[2022-06-30 12:17:42,346] {logging_mixin.py:115} INFO - [2022-06-30 12:17:42,346] {dag.py:2379} INFO - Sync 1 DAGs
[2022-06-30 12:17:42,361] {logging_mixin.py:115} INFO - [2022-06-30 12:17:42,361] {dag.py:2931} INFO - Setting next_dagrun for example_python_operator to None, run_after=None
[2022-06-30 12:17:42,370] {processor.py:161} INFO - Processing /home/airflow/.local/lib/python3.7/site-packages/airflow/example_dags/example_python_operator.py took 0.055 seconds
[2022-06-30 12:18:12,527] {processor.py:153} INFO - Started process (PID=1367) to work on /home/airflow/.local/lib/python3.7/site-packages/airflow/example_dags/example_python_operator.py
[2022-06-30 12:18:12,529] {processor.py:641} INFO - Processing file /home/airflow/.local/lib/python3.7/site-packages/airflow/example_dags/example_python_operator.py for tasks to queue
[2022-06-30 12:18:12,530] {logging_mixin.py:115} INFO - [2022-06-30 12:18:12,530] {dagbag.py:507} INFO - Filling up the DagBag from /home/airflow/.local/lib/python3.7/site-packages/airflow/example_dags/example_python_operator.py
[2022-06-30 12:18:12,542] {processor.py:651} INFO - DAG(s) dict_keys(['example_python_operator']) retrieved from /home/airflow/.local/lib/python3.7/site-packages/airflow/example_dags/example_python_operator.py
[2022-06-30 12:18:12,578] {logging_mixin.py:115} INFO - [2022-06-30 12:18:12,578] {dag.py:2379} INFO - Sync 1 DAGs
[2022-06-30 12:18:12,606] {logging_mixin.py:115} INFO - [2022-06-30 12:18:12,606] {dag.py:2931} INFO - Setting next_dagrun for example_python_operator to None, run_after=None
[2022-06-30 12:18:12,615] {processor.py:161} INFO - Processing /home/airflow/.local/lib/python3.7/site-packages/airflow/example_dags/example_python_operator.py took 0.090 seconds
[2022-06-30 12:18:43,152] {processor.py:153} INFO - Started process (PID=1431) to work on /home/airflow/.local/lib/python3.7/site-packages/airflow/example_dags/example_python_operator.py
[2022-06-30 12:18:43,155] {processor.py:641} INFO - Processing file /home/airflow/.local/lib/python3.7/site-packages/airflow/example_dags/example_python_operator.py for tasks to queue
[2022-06-30 12:18:43,157] {logging_mixin.py:115} INFO - [2022-06-30 12:18:43,157] {dagbag.py:507} INFO - Filling up the DagBag from /home/airflow/.local/lib/python3.7/site-packages/airflow/example_dags/example_python_operator.py
[2022-06-30 12:18:43,176] {processor.py:651} INFO - DAG(s) dict_keys(['example_python_operator']) retrieved from /home/airflow/.local/lib/python3.7/site-packages/airflow/example_dags/example_python_operator.py
[2022-06-30 12:18:43,210] {logging_mixin.py:115} INFO - [2022-06-30 12:18:43,210] {dag.py:2379} INFO - Sync 1 DAGs
[2022-06-30 12:18:43,231] {logging_mixin.py:115} INFO - [2022-06-30 12:18:43,231] {dag.py:2931} INFO - Setting next_dagrun for example_python_operator to None, run_after=None
[2022-06-30 12:18:43,242] {processor.py:161} INFO - Processing /home/airflow/.local/lib/python3.7/site-packages/airflow/example_dags/example_python_operator.py took 0.094 seconds
[2022-06-30 12:19:13,777] {processor.py:153} INFO - Started process (PID=1494) to work on /home/airflow/.local/lib/python3.7/site-packages/airflow/example_dags/example_python_operator.py
[2022-06-30 12:19:13,779] {processor.py:641} INFO - Processing file /home/airflow/.local/lib/python3.7/site-packages/airflow/example_dags/example_python_operator.py for tasks to queue
[2022-06-30 12:19:13,780] {logging_mixin.py:115} INFO - [2022-06-30 12:19:13,780] {dagbag.py:507} INFO - Filling up the DagBag from /home/airflow/.local/lib/python3.7/site-packages/airflow/example_dags/example_python_operator.py
[2022-06-30 12:19:13,795] {processor.py:651} INFO - DAG(s) dict_keys(['example_python_operator']) retrieved from /home/airflow/.local/lib/python3.7/site-packages/airflow/example_dags/example_python_operator.py
[2022-06-30 12:19:13,826] {logging_mixin.py:115} INFO - [2022-06-30 12:19:13,826] {dag.py:2379} INFO - Sync 1 DAGs
[2022-06-30 12:19:13,851] {logging_mixin.py:115} INFO - [2022-06-30 12:19:13,851] {dag.py:2931} INFO - Setting next_dagrun for example_python_operator to None, run_after=None
[2022-06-30 12:19:13,869] {processor.py:161} INFO - Processing /home/airflow/.local/lib/python3.7/site-packages/airflow/example_dags/example_python_operator.py took 0.094 seconds
[2022-06-30 12:19:44,665] {processor.py:153} INFO - Started process (PID=1558) to work on /home/airflow/.local/lib/python3.7/site-packages/airflow/example_dags/example_python_operator.py
[2022-06-30 12:19:44,667] {processor.py:641} INFO - Processing file /home/airflow/.local/lib/python3.7/site-packages/airflow/example_dags/example_python_operator.py for tasks to queue
[2022-06-30 12:19:44,668] {logging_mixin.py:115} INFO - [2022-06-30 12:19:44,668] {dagbag.py:507} INFO - Filling up the DagBag from /home/airflow/.local/lib/python3.7/site-packages/airflow/example_dags/example_python_operator.py
[2022-06-30 12:19:44,681] {processor.py:651} INFO - DAG(s) dict_keys(['example_python_operator']) retrieved from /home/airflow/.local/lib/python3.7/site-packages/airflow/example_dags/example_python_operator.py
[2022-06-30 12:19:44,699] {logging_mixin.py:115} INFO - [2022-06-30 12:19:44,699] {dag.py:2379} INFO - Sync 1 DAGs
[2022-06-30 12:19:44,714] {logging_mixin.py:115} INFO - [2022-06-30 12:19:44,714] {dag.py:2931} INFO - Setting next_dagrun for example_python_operator to None, run_after=None
[2022-06-30 12:19:44,724] {processor.py:161} INFO - Processing /home/airflow/.local/lib/python3.7/site-packages/airflow/example_dags/example_python_operator.py took 0.061 seconds
[2022-06-30 12:20:15,323] {processor.py:153} INFO - Started process (PID=1614) to work on /home/airflow/.local/lib/python3.7/site-packages/airflow/example_dags/example_python_operator.py
[2022-06-30 12:20:15,325] {processor.py:641} INFO - Processing file /home/airflow/.local/lib/python3.7/site-packages/airflow/example_dags/example_python_operator.py for tasks to queue
[2022-06-30 12:20:15,326] {logging_mixin.py:115} INFO - [2022-06-30 12:20:15,326] {dagbag.py:507} INFO - Filling up the DagBag from /home/airflow/.local/lib/python3.7/site-packages/airflow/example_dags/example_python_operator.py
[2022-06-30 12:20:15,342] {processor.py:651} INFO - DAG(s) dict_keys(['example_python_operator']) retrieved from /home/airflow/.local/lib/python3.7/site-packages/airflow/example_dags/example_python_operator.py
[2022-06-30 12:20:15,367] {logging_mixin.py:115} INFO - [2022-06-30 12:20:15,366] {dag.py:2379} INFO - Sync 1 DAGs
[2022-06-30 12:20:15,380] {logging_mixin.py:115} INFO - [2022-06-30 12:20:15,380] {dag.py:2931} INFO - Setting next_dagrun for example_python_operator to None, run_after=None
[2022-06-30 12:20:15,390] {processor.py:161} INFO - Processing /home/airflow/.local/lib/python3.7/site-packages/airflow/example_dags/example_python_operator.py took 0.069 seconds
[2022-06-30 12:20:45,589] {processor.py:153} INFO - Started process (PID=1679) to work on /home/airflow/.local/lib/python3.7/site-packages/airflow/example_dags/example_python_operator.py
[2022-06-30 12:20:45,590] {processor.py:641} INFO - Processing file /home/airflow/.local/lib/python3.7/site-packages/airflow/example_dags/example_python_operator.py for tasks to queue
[2022-06-30 12:20:45,592] {logging_mixin.py:115} INFO - [2022-06-30 12:20:45,592] {dagbag.py:507} INFO - Filling up the DagBag from /home/airflow/.local/lib/python3.7/site-packages/airflow/example_dags/example_python_operator.py
[2022-06-30 12:20:45,615] {processor.py:651} INFO - DAG(s) dict_keys(['example_python_operator']) retrieved from /home/airflow/.local/lib/python3.7/site-packages/airflow/example_dags/example_python_operator.py
[2022-06-30 12:20:45,649] {logging_mixin.py:115} INFO - [2022-06-30 12:20:45,649] {dag.py:2379} INFO - Sync 1 DAGs
[2022-06-30 12:20:45,676] {logging_mixin.py:115} INFO - [2022-06-30 12:20:45,676] {dag.py:2931} INFO - Setting next_dagrun for example_python_operator to None, run_after=None
[2022-06-30 12:20:45,689] {processor.py:161} INFO - Processing /home/airflow/.local/lib/python3.7/site-packages/airflow/example_dags/example_python_operator.py took 0.102 seconds
[2022-06-30 12:21:17,225] {processor.py:153} INFO - Started process (PID=1744) to work on /home/airflow/.local/lib/python3.7/site-packages/airflow/example_dags/example_python_operator.py
[2022-06-30 12:21:17,229] {processor.py:641} INFO - Processing file /home/airflow/.local/lib/python3.7/site-packages/airflow/example_dags/example_python_operator.py for tasks to queue
[2022-06-30 12:21:17,231] {logging_mixin.py:115} INFO - [2022-06-30 12:21:17,231] {dagbag.py:507} INFO - Filling up the DagBag from /home/airflow/.local/lib/python3.7/site-packages/airflow/example_dags/example_python_operator.py
[2022-06-30 12:21:17,261] {processor.py:651} INFO - DAG(s) dict_keys(['example_python_operator']) retrieved from /home/airflow/.local/lib/python3.7/site-packages/airflow/example_dags/example_python_operator.py
[2022-06-30 12:21:17,305] {logging_mixin.py:115} INFO - [2022-06-30 12:21:17,305] {dag.py:2379} INFO - Sync 1 DAGs
[2022-06-30 12:21:17,334] {logging_mixin.py:115} INFO - [2022-06-30 12:21:17,334] {dag.py:2931} INFO - Setting next_dagrun for example_python_operator to None, run_after=None
[2022-06-30 12:21:17,352] {processor.py:161} INFO - Processing /home/airflow/.local/lib/python3.7/site-packages/airflow/example_dags/example_python_operator.py took 0.133 seconds
