[2022-06-30 12:07:23,355] {processor.py:153} INFO - Started process (PID=46) to work on /home/airflow/.local/lib/python3.7/site-packages/airflow/example_dags/example_external_task_marker_dag.py
[2022-06-30 12:07:23,358] {processor.py:641} INFO - Processing file /home/airflow/.local/lib/python3.7/site-packages/airflow/example_dags/example_external_task_marker_dag.py for tasks to queue
[2022-06-30 12:07:23,360] {logging_mixin.py:115} INFO - [2022-06-30 12:07:23,359] {dagbag.py:507} INFO - Filling up the DagBag from /home/airflow/.local/lib/python3.7/site-packages/airflow/example_dags/example_external_task_marker_dag.py
[2022-06-30 12:07:23,364] {processor.py:651} INFO - DAG(s) dict_keys(['example_external_task_marker_parent', 'example_external_task_marker_child']) retrieved from /home/airflow/.local/lib/python3.7/site-packages/airflow/example_dags/example_external_task_marker_dag.py
[2022-06-30 12:07:23,455] {logging_mixin.py:115} INFO - [2022-06-30 12:07:23,454] {dag.py:2379} INFO - Sync 2 DAGs
[2022-06-30 12:07:23,512] {logging_mixin.py:115} INFO - [2022-06-30 12:07:23,512] {dag.py:2931} INFO - Setting next_dagrun for example_external_task_marker_child to None, run_after=None
[2022-06-30 12:07:23,520] {logging_mixin.py:115} INFO - [2022-06-30 12:07:23,520] {dag.py:2931} INFO - Setting next_dagrun for example_external_task_marker_parent to None, run_after=None
[2022-06-30 12:07:23,551] {processor.py:161} INFO - Processing /home/airflow/.local/lib/python3.7/site-packages/airflow/example_dags/example_external_task_marker_dag.py took 0.198 seconds
[2022-06-30 12:07:54,255] {processor.py:153} INFO - Started process (PID=100) to work on /home/airflow/.local/lib/python3.7/site-packages/airflow/example_dags/example_external_task_marker_dag.py
[2022-06-30 12:07:54,257] {processor.py:641} INFO - Processing file /home/airflow/.local/lib/python3.7/site-packages/airflow/example_dags/example_external_task_marker_dag.py for tasks to queue
[2022-06-30 12:07:54,261] {logging_mixin.py:115} INFO - [2022-06-30 12:07:54,260] {dagbag.py:507} INFO - Filling up the DagBag from /home/airflow/.local/lib/python3.7/site-packages/airflow/example_dags/example_external_task_marker_dag.py
[2022-06-30 12:07:54,270] {processor.py:651} INFO - DAG(s) dict_keys(['example_external_task_marker_parent', 'example_external_task_marker_child']) retrieved from /home/airflow/.local/lib/python3.7/site-packages/airflow/example_dags/example_external_task_marker_dag.py
[2022-06-30 12:07:54,342] {logging_mixin.py:115} INFO - [2022-06-30 12:07:54,341] {dag.py:2379} INFO - Sync 2 DAGs
[2022-06-30 12:07:54,367] {logging_mixin.py:115} INFO - [2022-06-30 12:07:54,367] {dag.py:2931} INFO - Setting next_dagrun for example_external_task_marker_child to None, run_after=None
[2022-06-30 12:07:54,370] {logging_mixin.py:115} INFO - [2022-06-30 12:07:54,370] {dag.py:2931} INFO - Setting next_dagrun for example_external_task_marker_parent to None, run_after=None
[2022-06-30 12:07:54,385] {processor.py:161} INFO - Processing /home/airflow/.local/lib/python3.7/site-packages/airflow/example_dags/example_external_task_marker_dag.py took 0.133 seconds
[2022-06-30 12:08:25,032] {processor.py:153} INFO - Started process (PID=164) to work on /home/airflow/.local/lib/python3.7/site-packages/airflow/example_dags/example_external_task_marker_dag.py
[2022-06-30 12:08:25,034] {processor.py:641} INFO - Processing file /home/airflow/.local/lib/python3.7/site-packages/airflow/example_dags/example_external_task_marker_dag.py for tasks to queue
[2022-06-30 12:08:25,036] {logging_mixin.py:115} INFO - [2022-06-30 12:08:25,036] {dagbag.py:507} INFO - Filling up the DagBag from /home/airflow/.local/lib/python3.7/site-packages/airflow/example_dags/example_external_task_marker_dag.py
[2022-06-30 12:08:25,050] {processor.py:651} INFO - DAG(s) dict_keys(['example_external_task_marker_parent', 'example_external_task_marker_child']) retrieved from /home/airflow/.local/lib/python3.7/site-packages/airflow/example_dags/example_external_task_marker_dag.py
[2022-06-30 12:08:25,102] {logging_mixin.py:115} INFO - [2022-06-30 12:08:25,102] {dag.py:2379} INFO - Sync 2 DAGs
[2022-06-30 12:08:25,128] {logging_mixin.py:115} INFO - [2022-06-30 12:08:25,128] {dag.py:2931} INFO - Setting next_dagrun for example_external_task_marker_child to None, run_after=None
[2022-06-30 12:08:25,130] {logging_mixin.py:115} INFO - [2022-06-30 12:08:25,130] {dag.py:2931} INFO - Setting next_dagrun for example_external_task_marker_parent to None, run_after=None
[2022-06-30 12:08:25,144] {processor.py:161} INFO - Processing /home/airflow/.local/lib/python3.7/site-packages/airflow/example_dags/example_external_task_marker_dag.py took 0.115 seconds
[2022-06-30 12:08:56,636] {processor.py:153} INFO - Started process (PID=230) to work on /home/airflow/.local/lib/python3.7/site-packages/airflow/example_dags/example_external_task_marker_dag.py
[2022-06-30 12:08:56,640] {processor.py:641} INFO - Processing file /home/airflow/.local/lib/python3.7/site-packages/airflow/example_dags/example_external_task_marker_dag.py for tasks to queue
[2022-06-30 12:08:56,643] {logging_mixin.py:115} INFO - [2022-06-30 12:08:56,643] {dagbag.py:507} INFO - Filling up the DagBag from /home/airflow/.local/lib/python3.7/site-packages/airflow/example_dags/example_external_task_marker_dag.py
[2022-06-30 12:08:56,678] {processor.py:651} INFO - DAG(s) dict_keys(['example_external_task_marker_parent', 'example_external_task_marker_child']) retrieved from /home/airflow/.local/lib/python3.7/site-packages/airflow/example_dags/example_external_task_marker_dag.py
[2022-06-30 12:08:56,743] {logging_mixin.py:115} INFO - [2022-06-30 12:08:56,743] {dag.py:2379} INFO - Sync 2 DAGs
[2022-06-30 12:08:56,766] {logging_mixin.py:115} INFO - [2022-06-30 12:08:56,766] {dag.py:2931} INFO - Setting next_dagrun for example_external_task_marker_child to None, run_after=None
[2022-06-30 12:08:56,769] {logging_mixin.py:115} INFO - [2022-06-30 12:08:56,769] {dag.py:2931} INFO - Setting next_dagrun for example_external_task_marker_parent to None, run_after=None
[2022-06-30 12:08:56,777] {processor.py:161} INFO - Processing /home/airflow/.local/lib/python3.7/site-packages/airflow/example_dags/example_external_task_marker_dag.py took 0.143 seconds
[2022-06-30 12:09:27,726] {processor.py:153} INFO - Started process (PID=292) to work on /home/airflow/.local/lib/python3.7/site-packages/airflow/example_dags/example_external_task_marker_dag.py
[2022-06-30 12:09:27,729] {processor.py:641} INFO - Processing file /home/airflow/.local/lib/python3.7/site-packages/airflow/example_dags/example_external_task_marker_dag.py for tasks to queue
[2022-06-30 12:09:27,730] {logging_mixin.py:115} INFO - [2022-06-30 12:09:27,730] {dagbag.py:507} INFO - Filling up the DagBag from /home/airflow/.local/lib/python3.7/site-packages/airflow/example_dags/example_external_task_marker_dag.py
[2022-06-30 12:09:27,738] {processor.py:651} INFO - DAG(s) dict_keys(['example_external_task_marker_parent', 'example_external_task_marker_child']) retrieved from /home/airflow/.local/lib/python3.7/site-packages/airflow/example_dags/example_external_task_marker_dag.py
[2022-06-30 12:09:27,794] {logging_mixin.py:115} INFO - [2022-06-30 12:09:27,794] {dag.py:2379} INFO - Sync 2 DAGs
[2022-06-30 12:09:27,824] {logging_mixin.py:115} INFO - [2022-06-30 12:09:27,824] {dag.py:2931} INFO - Setting next_dagrun for example_external_task_marker_child to None, run_after=None
[2022-06-30 12:09:27,826] {logging_mixin.py:115} INFO - [2022-06-30 12:09:27,825] {dag.py:2931} INFO - Setting next_dagrun for example_external_task_marker_parent to None, run_after=None
[2022-06-30 12:09:27,838] {processor.py:161} INFO - Processing /home/airflow/.local/lib/python3.7/site-packages/airflow/example_dags/example_external_task_marker_dag.py took 0.115 seconds
[2022-06-30 12:09:58,736] {processor.py:153} INFO - Started process (PID=350) to work on /home/airflow/.local/lib/python3.7/site-packages/airflow/example_dags/example_external_task_marker_dag.py
[2022-06-30 12:09:58,739] {processor.py:641} INFO - Processing file /home/airflow/.local/lib/python3.7/site-packages/airflow/example_dags/example_external_task_marker_dag.py for tasks to queue
[2022-06-30 12:09:58,742] {logging_mixin.py:115} INFO - [2022-06-30 12:09:58,741] {dagbag.py:507} INFO - Filling up the DagBag from /home/airflow/.local/lib/python3.7/site-packages/airflow/example_dags/example_external_task_marker_dag.py
[2022-06-30 12:09:58,748] {processor.py:651} INFO - DAG(s) dict_keys(['example_external_task_marker_parent', 'example_external_task_marker_child']) retrieved from /home/airflow/.local/lib/python3.7/site-packages/airflow/example_dags/example_external_task_marker_dag.py
[2022-06-30 12:09:58,792] {logging_mixin.py:115} INFO - [2022-06-30 12:09:58,792] {dag.py:2379} INFO - Sync 2 DAGs
[2022-06-30 12:09:58,834] {logging_mixin.py:115} INFO - [2022-06-30 12:09:58,834] {dag.py:2931} INFO - Setting next_dagrun for example_external_task_marker_child to None, run_after=None
[2022-06-30 12:09:58,836] {logging_mixin.py:115} INFO - [2022-06-30 12:09:58,836] {dag.py:2931} INFO - Setting next_dagrun for example_external_task_marker_parent to None, run_after=None
[2022-06-30 12:09:58,854] {processor.py:161} INFO - Processing /home/airflow/.local/lib/python3.7/site-packages/airflow/example_dags/example_external_task_marker_dag.py took 0.120 seconds
[2022-06-30 12:10:29,662] {processor.py:153} INFO - Started process (PID=414) to work on /home/airflow/.local/lib/python3.7/site-packages/airflow/example_dags/example_external_task_marker_dag.py
[2022-06-30 12:10:29,665] {processor.py:641} INFO - Processing file /home/airflow/.local/lib/python3.7/site-packages/airflow/example_dags/example_external_task_marker_dag.py for tasks to queue
[2022-06-30 12:10:29,667] {logging_mixin.py:115} INFO - [2022-06-30 12:10:29,666] {dagbag.py:507} INFO - Filling up the DagBag from /home/airflow/.local/lib/python3.7/site-packages/airflow/example_dags/example_external_task_marker_dag.py
[2022-06-30 12:10:29,674] {processor.py:651} INFO - DAG(s) dict_keys(['example_external_task_marker_parent', 'example_external_task_marker_child']) retrieved from /home/airflow/.local/lib/python3.7/site-packages/airflow/example_dags/example_external_task_marker_dag.py
[2022-06-30 12:10:29,715] {logging_mixin.py:115} INFO - [2022-06-30 12:10:29,715] {dag.py:2379} INFO - Sync 2 DAGs
[2022-06-30 12:10:29,732] {logging_mixin.py:115} INFO - [2022-06-30 12:10:29,732] {dag.py:2931} INFO - Setting next_dagrun for example_external_task_marker_child to None, run_after=None
[2022-06-30 12:10:29,733] {logging_mixin.py:115} INFO - [2022-06-30 12:10:29,733] {dag.py:2931} INFO - Setting next_dagrun for example_external_task_marker_parent to None, run_after=None
[2022-06-30 12:10:29,742] {processor.py:161} INFO - Processing /home/airflow/.local/lib/python3.7/site-packages/airflow/example_dags/example_external_task_marker_dag.py took 0.082 seconds
[2022-06-30 12:11:00,190] {processor.py:153} INFO - Started process (PID=479) to work on /home/airflow/.local/lib/python3.7/site-packages/airflow/example_dags/example_external_task_marker_dag.py
[2022-06-30 12:11:00,192] {processor.py:641} INFO - Processing file /home/airflow/.local/lib/python3.7/site-packages/airflow/example_dags/example_external_task_marker_dag.py for tasks to queue
[2022-06-30 12:11:00,194] {logging_mixin.py:115} INFO - [2022-06-30 12:11:00,194] {dagbag.py:507} INFO - Filling up the DagBag from /home/airflow/.local/lib/python3.7/site-packages/airflow/example_dags/example_external_task_marker_dag.py
[2022-06-30 12:11:00,206] {processor.py:651} INFO - DAG(s) dict_keys(['example_external_task_marker_parent', 'example_external_task_marker_child']) retrieved from /home/airflow/.local/lib/python3.7/site-packages/airflow/example_dags/example_external_task_marker_dag.py
[2022-06-30 12:11:00,245] {logging_mixin.py:115} INFO - [2022-06-30 12:11:00,245] {dag.py:2379} INFO - Sync 2 DAGs
[2022-06-30 12:11:00,266] {logging_mixin.py:115} INFO - [2022-06-30 12:11:00,265] {dag.py:2931} INFO - Setting next_dagrun for example_external_task_marker_child to None, run_after=None
[2022-06-30 12:11:00,268] {logging_mixin.py:115} INFO - [2022-06-30 12:11:00,268] {dag.py:2931} INFO - Setting next_dagrun for example_external_task_marker_parent to None, run_after=None
[2022-06-30 12:11:00,279] {processor.py:161} INFO - Processing /home/airflow/.local/lib/python3.7/site-packages/airflow/example_dags/example_external_task_marker_dag.py took 0.091 seconds
[2022-06-30 12:11:30,884] {processor.py:153} INFO - Started process (PID=535) to work on /home/airflow/.local/lib/python3.7/site-packages/airflow/example_dags/example_external_task_marker_dag.py
[2022-06-30 12:11:30,886] {processor.py:641} INFO - Processing file /home/airflow/.local/lib/python3.7/site-packages/airflow/example_dags/example_external_task_marker_dag.py for tasks to queue
[2022-06-30 12:11:30,887] {logging_mixin.py:115} INFO - [2022-06-30 12:11:30,887] {dagbag.py:507} INFO - Filling up the DagBag from /home/airflow/.local/lib/python3.7/site-packages/airflow/example_dags/example_external_task_marker_dag.py
[2022-06-30 12:11:30,895] {processor.py:651} INFO - DAG(s) dict_keys(['example_external_task_marker_parent', 'example_external_task_marker_child']) retrieved from /home/airflow/.local/lib/python3.7/site-packages/airflow/example_dags/example_external_task_marker_dag.py
[2022-06-30 12:11:30,923] {logging_mixin.py:115} INFO - [2022-06-30 12:11:30,923] {dag.py:2379} INFO - Sync 2 DAGs
[2022-06-30 12:11:30,939] {logging_mixin.py:115} INFO - [2022-06-30 12:11:30,939] {dag.py:2931} INFO - Setting next_dagrun for example_external_task_marker_child to None, run_after=None
[2022-06-30 12:11:30,940] {logging_mixin.py:115} INFO - [2022-06-30 12:11:30,940] {dag.py:2931} INFO - Setting next_dagrun for example_external_task_marker_parent to None, run_after=None
[2022-06-30 12:11:30,950] {processor.py:161} INFO - Processing /home/airflow/.local/lib/python3.7/site-packages/airflow/example_dags/example_external_task_marker_dag.py took 0.068 seconds
[2022-06-30 12:12:01,379] {processor.py:153} INFO - Started process (PID=601) to work on /home/airflow/.local/lib/python3.7/site-packages/airflow/example_dags/example_external_task_marker_dag.py
[2022-06-30 12:12:01,380] {processor.py:641} INFO - Processing file /home/airflow/.local/lib/python3.7/site-packages/airflow/example_dags/example_external_task_marker_dag.py for tasks to queue
[2022-06-30 12:12:01,381] {logging_mixin.py:115} INFO - [2022-06-30 12:12:01,381] {dagbag.py:507} INFO - Filling up the DagBag from /home/airflow/.local/lib/python3.7/site-packages/airflow/example_dags/example_external_task_marker_dag.py
[2022-06-30 12:12:01,387] {processor.py:651} INFO - DAG(s) dict_keys(['example_external_task_marker_parent', 'example_external_task_marker_child']) retrieved from /home/airflow/.local/lib/python3.7/site-packages/airflow/example_dags/example_external_task_marker_dag.py
[2022-06-30 12:12:01,416] {logging_mixin.py:115} INFO - [2022-06-30 12:12:01,416] {dag.py:2379} INFO - Sync 2 DAGs
[2022-06-30 12:12:01,430] {logging_mixin.py:115} INFO - [2022-06-30 12:12:01,430] {dag.py:2931} INFO - Setting next_dagrun for example_external_task_marker_child to None, run_after=None
[2022-06-30 12:12:01,431] {logging_mixin.py:115} INFO - [2022-06-30 12:12:01,431] {dag.py:2931} INFO - Setting next_dagrun for example_external_task_marker_parent to None, run_after=None
[2022-06-30 12:12:01,442] {processor.py:161} INFO - Processing /home/airflow/.local/lib/python3.7/site-packages/airflow/example_dags/example_external_task_marker_dag.py took 0.066 seconds
[2022-06-30 12:12:31,824] {processor.py:153} INFO - Started process (PID=664) to work on /home/airflow/.local/lib/python3.7/site-packages/airflow/example_dags/example_external_task_marker_dag.py
[2022-06-30 12:12:31,826] {processor.py:641} INFO - Processing file /home/airflow/.local/lib/python3.7/site-packages/airflow/example_dags/example_external_task_marker_dag.py for tasks to queue
[2022-06-30 12:12:31,828] {logging_mixin.py:115} INFO - [2022-06-30 12:12:31,828] {dagbag.py:507} INFO - Filling up the DagBag from /home/airflow/.local/lib/python3.7/site-packages/airflow/example_dags/example_external_task_marker_dag.py
[2022-06-30 12:12:31,832] {processor.py:651} INFO - DAG(s) dict_keys(['example_external_task_marker_parent', 'example_external_task_marker_child']) retrieved from /home/airflow/.local/lib/python3.7/site-packages/airflow/example_dags/example_external_task_marker_dag.py
[2022-06-30 12:12:31,875] {logging_mixin.py:115} INFO - [2022-06-30 12:12:31,874] {dag.py:2379} INFO - Sync 2 DAGs
[2022-06-30 12:12:31,890] {logging_mixin.py:115} INFO - [2022-06-30 12:12:31,890] {dag.py:2931} INFO - Setting next_dagrun for example_external_task_marker_child to None, run_after=None
[2022-06-30 12:12:31,894] {logging_mixin.py:115} INFO - [2022-06-30 12:12:31,894] {dag.py:2931} INFO - Setting next_dagrun for example_external_task_marker_parent to None, run_after=None
[2022-06-30 12:12:31,914] {processor.py:161} INFO - Processing /home/airflow/.local/lib/python3.7/site-packages/airflow/example_dags/example_external_task_marker_dag.py took 0.093 seconds
[2022-06-30 12:13:02,305] {processor.py:153} INFO - Started process (PID=727) to work on /home/airflow/.local/lib/python3.7/site-packages/airflow/example_dags/example_external_task_marker_dag.py
[2022-06-30 12:13:02,321] {processor.py:641} INFO - Processing file /home/airflow/.local/lib/python3.7/site-packages/airflow/example_dags/example_external_task_marker_dag.py for tasks to queue
[2022-06-30 12:13:02,322] {logging_mixin.py:115} INFO - [2022-06-30 12:13:02,322] {dagbag.py:507} INFO - Filling up the DagBag from /home/airflow/.local/lib/python3.7/site-packages/airflow/example_dags/example_external_task_marker_dag.py
[2022-06-30 12:13:02,326] {processor.py:651} INFO - DAG(s) dict_keys(['example_external_task_marker_parent', 'example_external_task_marker_child']) retrieved from /home/airflow/.local/lib/python3.7/site-packages/airflow/example_dags/example_external_task_marker_dag.py
[2022-06-30 12:13:02,373] {logging_mixin.py:115} INFO - [2022-06-30 12:13:02,373] {dag.py:2379} INFO - Sync 2 DAGs
[2022-06-30 12:13:02,390] {logging_mixin.py:115} INFO - [2022-06-30 12:13:02,390] {dag.py:2931} INFO - Setting next_dagrun for example_external_task_marker_child to None, run_after=None
[2022-06-30 12:13:02,392] {logging_mixin.py:115} INFO - [2022-06-30 12:13:02,392] {dag.py:2931} INFO - Setting next_dagrun for example_external_task_marker_parent to None, run_after=None
[2022-06-30 12:13:02,404] {processor.py:161} INFO - Processing /home/airflow/.local/lib/python3.7/site-packages/airflow/example_dags/example_external_task_marker_dag.py took 0.101 seconds
[2022-06-30 12:13:33,463] {processor.py:153} INFO - Started process (PID=792) to work on /home/airflow/.local/lib/python3.7/site-packages/airflow/example_dags/example_external_task_marker_dag.py
[2022-06-30 12:13:33,465] {processor.py:641} INFO - Processing file /home/airflow/.local/lib/python3.7/site-packages/airflow/example_dags/example_external_task_marker_dag.py for tasks to queue
[2022-06-30 12:13:33,466] {logging_mixin.py:115} INFO - [2022-06-30 12:13:33,466] {dagbag.py:507} INFO - Filling up the DagBag from /home/airflow/.local/lib/python3.7/site-packages/airflow/example_dags/example_external_task_marker_dag.py
[2022-06-30 12:13:33,470] {processor.py:651} INFO - DAG(s) dict_keys(['example_external_task_marker_parent', 'example_external_task_marker_child']) retrieved from /home/airflow/.local/lib/python3.7/site-packages/airflow/example_dags/example_external_task_marker_dag.py
[2022-06-30 12:13:33,508] {logging_mixin.py:115} INFO - [2022-06-30 12:13:33,508] {dag.py:2379} INFO - Sync 2 DAGs
[2022-06-30 12:13:33,522] {logging_mixin.py:115} INFO - [2022-06-30 12:13:33,522] {dag.py:2931} INFO - Setting next_dagrun for example_external_task_marker_child to None, run_after=None
[2022-06-30 12:13:33,525] {logging_mixin.py:115} INFO - [2022-06-30 12:13:33,525] {dag.py:2931} INFO - Setting next_dagrun for example_external_task_marker_parent to None, run_after=None
[2022-06-30 12:13:33,540] {processor.py:161} INFO - Processing /home/airflow/.local/lib/python3.7/site-packages/airflow/example_dags/example_external_task_marker_dag.py took 0.080 seconds
[2022-06-30 12:14:04,824] {processor.py:153} INFO - Started process (PID=848) to work on /home/airflow/.local/lib/python3.7/site-packages/airflow/example_dags/example_external_task_marker_dag.py
[2022-06-30 12:14:04,830] {processor.py:641} INFO - Processing file /home/airflow/.local/lib/python3.7/site-packages/airflow/example_dags/example_external_task_marker_dag.py for tasks to queue
[2022-06-30 12:14:04,832] {logging_mixin.py:115} INFO - [2022-06-30 12:14:04,832] {dagbag.py:507} INFO - Filling up the DagBag from /home/airflow/.local/lib/python3.7/site-packages/airflow/example_dags/example_external_task_marker_dag.py
[2022-06-30 12:14:04,838] {processor.py:651} INFO - DAG(s) dict_keys(['example_external_task_marker_parent', 'example_external_task_marker_child']) retrieved from /home/airflow/.local/lib/python3.7/site-packages/airflow/example_dags/example_external_task_marker_dag.py
[2022-06-30 12:14:04,889] {logging_mixin.py:115} INFO - [2022-06-30 12:14:04,889] {dag.py:2379} INFO - Sync 2 DAGs
[2022-06-30 12:14:04,915] {logging_mixin.py:115} INFO - [2022-06-30 12:14:04,915] {dag.py:2931} INFO - Setting next_dagrun for example_external_task_marker_child to None, run_after=None
[2022-06-30 12:14:04,918] {logging_mixin.py:115} INFO - [2022-06-30 12:14:04,918] {dag.py:2931} INFO - Setting next_dagrun for example_external_task_marker_parent to None, run_after=None
[2022-06-30 12:14:04,930] {processor.py:161} INFO - Processing /home/airflow/.local/lib/python3.7/site-packages/airflow/example_dags/example_external_task_marker_dag.py took 0.108 seconds
[2022-06-30 12:14:35,535] {processor.py:153} INFO - Started process (PID=913) to work on /home/airflow/.local/lib/python3.7/site-packages/airflow/example_dags/example_external_task_marker_dag.py
[2022-06-30 12:14:35,536] {processor.py:641} INFO - Processing file /home/airflow/.local/lib/python3.7/site-packages/airflow/example_dags/example_external_task_marker_dag.py for tasks to queue
[2022-06-30 12:14:35,538] {logging_mixin.py:115} INFO - [2022-06-30 12:14:35,538] {dagbag.py:507} INFO - Filling up the DagBag from /home/airflow/.local/lib/python3.7/site-packages/airflow/example_dags/example_external_task_marker_dag.py
[2022-06-30 12:14:35,541] {processor.py:651} INFO - DAG(s) dict_keys(['example_external_task_marker_parent', 'example_external_task_marker_child']) retrieved from /home/airflow/.local/lib/python3.7/site-packages/airflow/example_dags/example_external_task_marker_dag.py
[2022-06-30 12:14:35,606] {logging_mixin.py:115} INFO - [2022-06-30 12:14:35,606] {dag.py:2379} INFO - Sync 2 DAGs
[2022-06-30 12:14:35,634] {logging_mixin.py:115} INFO - [2022-06-30 12:14:35,634] {dag.py:2931} INFO - Setting next_dagrun for example_external_task_marker_child to None, run_after=None
[2022-06-30 12:14:35,637] {logging_mixin.py:115} INFO - [2022-06-30 12:14:35,637] {dag.py:2931} INFO - Setting next_dagrun for example_external_task_marker_parent to None, run_after=None
[2022-06-30 12:14:35,658] {processor.py:161} INFO - Processing /home/airflow/.local/lib/python3.7/site-packages/airflow/example_dags/example_external_task_marker_dag.py took 0.126 seconds
[2022-06-30 12:15:06,300] {processor.py:153} INFO - Started process (PID=978) to work on /home/airflow/.local/lib/python3.7/site-packages/airflow/example_dags/example_external_task_marker_dag.py
[2022-06-30 12:15:06,303] {processor.py:641} INFO - Processing file /home/airflow/.local/lib/python3.7/site-packages/airflow/example_dags/example_external_task_marker_dag.py for tasks to queue
[2022-06-30 12:15:06,305] {logging_mixin.py:115} INFO - [2022-06-30 12:15:06,305] {dagbag.py:507} INFO - Filling up the DagBag from /home/airflow/.local/lib/python3.7/site-packages/airflow/example_dags/example_external_task_marker_dag.py
[2022-06-30 12:15:06,309] {processor.py:651} INFO - DAG(s) dict_keys(['example_external_task_marker_parent', 'example_external_task_marker_child']) retrieved from /home/airflow/.local/lib/python3.7/site-packages/airflow/example_dags/example_external_task_marker_dag.py
[2022-06-30 12:15:06,357] {logging_mixin.py:115} INFO - [2022-06-30 12:15:06,357] {dag.py:2379} INFO - Sync 2 DAGs
[2022-06-30 12:15:06,383] {logging_mixin.py:115} INFO - [2022-06-30 12:15:06,383] {dag.py:2931} INFO - Setting next_dagrun for example_external_task_marker_child to None, run_after=None
[2022-06-30 12:15:06,388] {logging_mixin.py:115} INFO - [2022-06-30 12:15:06,388] {dag.py:2931} INFO - Setting next_dagrun for example_external_task_marker_parent to None, run_after=None
[2022-06-30 12:15:06,404] {processor.py:161} INFO - Processing /home/airflow/.local/lib/python3.7/site-packages/airflow/example_dags/example_external_task_marker_dag.py took 0.107 seconds
[2022-06-30 12:15:37,215] {processor.py:153} INFO - Started process (PID=1043) to work on /home/airflow/.local/lib/python3.7/site-packages/airflow/example_dags/example_external_task_marker_dag.py
[2022-06-30 12:15:37,228] {processor.py:641} INFO - Processing file /home/airflow/.local/lib/python3.7/site-packages/airflow/example_dags/example_external_task_marker_dag.py for tasks to queue
[2022-06-30 12:15:37,263] {logging_mixin.py:115} INFO - [2022-06-30 12:15:37,263] {dagbag.py:507} INFO - Filling up the DagBag from /home/airflow/.local/lib/python3.7/site-packages/airflow/example_dags/example_external_task_marker_dag.py
[2022-06-30 12:15:37,267] {processor.py:651} INFO - DAG(s) dict_keys(['example_external_task_marker_parent', 'example_external_task_marker_child']) retrieved from /home/airflow/.local/lib/python3.7/site-packages/airflow/example_dags/example_external_task_marker_dag.py
[2022-06-30 12:15:37,316] {logging_mixin.py:115} INFO - [2022-06-30 12:15:37,316] {dag.py:2379} INFO - Sync 2 DAGs
[2022-06-30 12:15:37,335] {logging_mixin.py:115} INFO - [2022-06-30 12:15:37,335] {dag.py:2931} INFO - Setting next_dagrun for example_external_task_marker_child to None, run_after=None
[2022-06-30 12:15:37,338] {logging_mixin.py:115} INFO - [2022-06-30 12:15:37,338] {dag.py:2931} INFO - Setting next_dagrun for example_external_task_marker_parent to None, run_after=None
[2022-06-30 12:15:37,357] {processor.py:161} INFO - Processing /home/airflow/.local/lib/python3.7/site-packages/airflow/example_dags/example_external_task_marker_dag.py took 0.146 seconds
[2022-06-30 12:16:07,590] {processor.py:153} INFO - Started process (PID=1109) to work on /home/airflow/.local/lib/python3.7/site-packages/airflow/example_dags/example_external_task_marker_dag.py
[2022-06-30 12:16:07,592] {processor.py:641} INFO - Processing file /home/airflow/.local/lib/python3.7/site-packages/airflow/example_dags/example_external_task_marker_dag.py for tasks to queue
[2022-06-30 12:16:07,593] {logging_mixin.py:115} INFO - [2022-06-30 12:16:07,593] {dagbag.py:507} INFO - Filling up the DagBag from /home/airflow/.local/lib/python3.7/site-packages/airflow/example_dags/example_external_task_marker_dag.py
[2022-06-30 12:16:07,597] {processor.py:651} INFO - DAG(s) dict_keys(['example_external_task_marker_parent', 'example_external_task_marker_child']) retrieved from /home/airflow/.local/lib/python3.7/site-packages/airflow/example_dags/example_external_task_marker_dag.py
[2022-06-30 12:16:07,627] {logging_mixin.py:115} INFO - [2022-06-30 12:16:07,627] {dag.py:2379} INFO - Sync 2 DAGs
[2022-06-30 12:16:07,644] {logging_mixin.py:115} INFO - [2022-06-30 12:16:07,644] {dag.py:2931} INFO - Setting next_dagrun for example_external_task_marker_child to None, run_after=None
[2022-06-30 12:16:07,646] {logging_mixin.py:115} INFO - [2022-06-30 12:16:07,646] {dag.py:2931} INFO - Setting next_dagrun for example_external_task_marker_parent to None, run_after=None
[2022-06-30 12:16:07,654] {processor.py:161} INFO - Processing /home/airflow/.local/lib/python3.7/site-packages/airflow/example_dags/example_external_task_marker_dag.py took 0.066 seconds
[2022-06-30 12:16:38,598] {processor.py:153} INFO - Started process (PID=1171) to work on /home/airflow/.local/lib/python3.7/site-packages/airflow/example_dags/example_external_task_marker_dag.py
[2022-06-30 12:16:38,600] {processor.py:641} INFO - Processing file /home/airflow/.local/lib/python3.7/site-packages/airflow/example_dags/example_external_task_marker_dag.py for tasks to queue
[2022-06-30 12:16:38,602] {logging_mixin.py:115} INFO - [2022-06-30 12:16:38,602] {dagbag.py:507} INFO - Filling up the DagBag from /home/airflow/.local/lib/python3.7/site-packages/airflow/example_dags/example_external_task_marker_dag.py
[2022-06-30 12:16:38,607] {processor.py:651} INFO - DAG(s) dict_keys(['example_external_task_marker_parent', 'example_external_task_marker_child']) retrieved from /home/airflow/.local/lib/python3.7/site-packages/airflow/example_dags/example_external_task_marker_dag.py
[2022-06-30 12:16:38,643] {logging_mixin.py:115} INFO - [2022-06-30 12:16:38,643] {dag.py:2379} INFO - Sync 2 DAGs
[2022-06-30 12:16:38,678] {logging_mixin.py:115} INFO - [2022-06-30 12:16:38,678] {dag.py:2931} INFO - Setting next_dagrun for example_external_task_marker_child to None, run_after=None
[2022-06-30 12:16:38,680] {logging_mixin.py:115} INFO - [2022-06-30 12:16:38,680] {dag.py:2931} INFO - Setting next_dagrun for example_external_task_marker_parent to None, run_after=None
[2022-06-30 12:16:38,693] {processor.py:161} INFO - Processing /home/airflow/.local/lib/python3.7/site-packages/airflow/example_dags/example_external_task_marker_dag.py took 0.097 seconds
[2022-06-30 12:17:09,807] {processor.py:153} INFO - Started process (PID=1228) to work on /home/airflow/.local/lib/python3.7/site-packages/airflow/example_dags/example_external_task_marker_dag.py
[2022-06-30 12:17:09,809] {processor.py:641} INFO - Processing file /home/airflow/.local/lib/python3.7/site-packages/airflow/example_dags/example_external_task_marker_dag.py for tasks to queue
[2022-06-30 12:17:09,810] {logging_mixin.py:115} INFO - [2022-06-30 12:17:09,810] {dagbag.py:507} INFO - Filling up the DagBag from /home/airflow/.local/lib/python3.7/site-packages/airflow/example_dags/example_external_task_marker_dag.py
[2022-06-30 12:17:09,814] {processor.py:651} INFO - DAG(s) dict_keys(['example_external_task_marker_parent', 'example_external_task_marker_child']) retrieved from /home/airflow/.local/lib/python3.7/site-packages/airflow/example_dags/example_external_task_marker_dag.py
[2022-06-30 12:17:09,842] {logging_mixin.py:115} INFO - [2022-06-30 12:17:09,842] {dag.py:2379} INFO - Sync 2 DAGs
[2022-06-30 12:17:09,855] {logging_mixin.py:115} INFO - [2022-06-30 12:17:09,855] {dag.py:2931} INFO - Setting next_dagrun for example_external_task_marker_child to None, run_after=None
[2022-06-30 12:17:09,857] {logging_mixin.py:115} INFO - [2022-06-30 12:17:09,857] {dag.py:2931} INFO - Setting next_dagrun for example_external_task_marker_parent to None, run_after=None
[2022-06-30 12:17:09,866] {processor.py:161} INFO - Processing /home/airflow/.local/lib/python3.7/site-packages/airflow/example_dags/example_external_task_marker_dag.py took 0.061 seconds
[2022-06-30 12:17:40,799] {processor.py:153} INFO - Started process (PID=1293) to work on /home/airflow/.local/lib/python3.7/site-packages/airflow/example_dags/example_external_task_marker_dag.py
[2022-06-30 12:17:40,801] {processor.py:641} INFO - Processing file /home/airflow/.local/lib/python3.7/site-packages/airflow/example_dags/example_external_task_marker_dag.py for tasks to queue
[2022-06-30 12:17:40,802] {logging_mixin.py:115} INFO - [2022-06-30 12:17:40,802] {dagbag.py:507} INFO - Filling up the DagBag from /home/airflow/.local/lib/python3.7/site-packages/airflow/example_dags/example_external_task_marker_dag.py
[2022-06-30 12:17:40,806] {processor.py:651} INFO - DAG(s) dict_keys(['example_external_task_marker_parent', 'example_external_task_marker_child']) retrieved from /home/airflow/.local/lib/python3.7/site-packages/airflow/example_dags/example_external_task_marker_dag.py
[2022-06-30 12:17:40,839] {logging_mixin.py:115} INFO - [2022-06-30 12:17:40,839] {dag.py:2379} INFO - Sync 2 DAGs
[2022-06-30 12:17:40,853] {logging_mixin.py:115} INFO - [2022-06-30 12:17:40,853] {dag.py:2931} INFO - Setting next_dagrun for example_external_task_marker_child to None, run_after=None
[2022-06-30 12:17:40,855] {logging_mixin.py:115} INFO - [2022-06-30 12:17:40,855] {dag.py:2931} INFO - Setting next_dagrun for example_external_task_marker_parent to None, run_after=None
[2022-06-30 12:17:40,864] {processor.py:161} INFO - Processing /home/airflow/.local/lib/python3.7/site-packages/airflow/example_dags/example_external_task_marker_dag.py took 0.067 seconds
[2022-06-30 12:18:11,821] {processor.py:153} INFO - Started process (PID=1356) to work on /home/airflow/.local/lib/python3.7/site-packages/airflow/example_dags/example_external_task_marker_dag.py
[2022-06-30 12:18:11,823] {processor.py:641} INFO - Processing file /home/airflow/.local/lib/python3.7/site-packages/airflow/example_dags/example_external_task_marker_dag.py for tasks to queue
[2022-06-30 12:18:11,825] {logging_mixin.py:115} INFO - [2022-06-30 12:18:11,824] {dagbag.py:507} INFO - Filling up the DagBag from /home/airflow/.local/lib/python3.7/site-packages/airflow/example_dags/example_external_task_marker_dag.py
[2022-06-30 12:18:11,828] {processor.py:651} INFO - DAG(s) dict_keys(['example_external_task_marker_parent', 'example_external_task_marker_child']) retrieved from /home/airflow/.local/lib/python3.7/site-packages/airflow/example_dags/example_external_task_marker_dag.py
[2022-06-30 12:18:11,857] {logging_mixin.py:115} INFO - [2022-06-30 12:18:11,857] {dag.py:2379} INFO - Sync 2 DAGs
[2022-06-30 12:18:11,883] {logging_mixin.py:115} INFO - [2022-06-30 12:18:11,883] {dag.py:2931} INFO - Setting next_dagrun for example_external_task_marker_child to None, run_after=None
[2022-06-30 12:18:11,884] {logging_mixin.py:115} INFO - [2022-06-30 12:18:11,884] {dag.py:2931} INFO - Setting next_dagrun for example_external_task_marker_parent to None, run_after=None
[2022-06-30 12:18:11,893] {processor.py:161} INFO - Processing /home/airflow/.local/lib/python3.7/site-packages/airflow/example_dags/example_external_task_marker_dag.py took 0.075 seconds
[2022-06-30 12:18:42,503] {processor.py:153} INFO - Started process (PID=1420) to work on /home/airflow/.local/lib/python3.7/site-packages/airflow/example_dags/example_external_task_marker_dag.py
[2022-06-30 12:18:42,505] {processor.py:641} INFO - Processing file /home/airflow/.local/lib/python3.7/site-packages/airflow/example_dags/example_external_task_marker_dag.py for tasks to queue
[2022-06-30 12:18:42,506] {logging_mixin.py:115} INFO - [2022-06-30 12:18:42,506] {dagbag.py:507} INFO - Filling up the DagBag from /home/airflow/.local/lib/python3.7/site-packages/airflow/example_dags/example_external_task_marker_dag.py
[2022-06-30 12:18:42,519] {processor.py:651} INFO - DAG(s) dict_keys(['example_external_task_marker_parent', 'example_external_task_marker_child']) retrieved from /home/airflow/.local/lib/python3.7/site-packages/airflow/example_dags/example_external_task_marker_dag.py
[2022-06-30 12:18:42,556] {logging_mixin.py:115} INFO - [2022-06-30 12:18:42,556] {dag.py:2379} INFO - Sync 2 DAGs
[2022-06-30 12:18:42,574] {logging_mixin.py:115} INFO - [2022-06-30 12:18:42,574] {dag.py:2931} INFO - Setting next_dagrun for example_external_task_marker_child to None, run_after=None
[2022-06-30 12:18:42,584] {logging_mixin.py:115} INFO - [2022-06-30 12:18:42,584] {dag.py:2931} INFO - Setting next_dagrun for example_external_task_marker_parent to None, run_after=None
[2022-06-30 12:18:42,595] {processor.py:161} INFO - Processing /home/airflow/.local/lib/python3.7/site-packages/airflow/example_dags/example_external_task_marker_dag.py took 0.094 seconds
[2022-06-30 12:19:13,045] {processor.py:153} INFO - Started process (PID=1483) to work on /home/airflow/.local/lib/python3.7/site-packages/airflow/example_dags/example_external_task_marker_dag.py
[2022-06-30 12:19:13,048] {processor.py:641} INFO - Processing file /home/airflow/.local/lib/python3.7/site-packages/airflow/example_dags/example_external_task_marker_dag.py for tasks to queue
[2022-06-30 12:19:13,049] {logging_mixin.py:115} INFO - [2022-06-30 12:19:13,049] {dagbag.py:507} INFO - Filling up the DagBag from /home/airflow/.local/lib/python3.7/site-packages/airflow/example_dags/example_external_task_marker_dag.py
[2022-06-30 12:19:13,053] {processor.py:651} INFO - DAG(s) dict_keys(['example_external_task_marker_parent', 'example_external_task_marker_child']) retrieved from /home/airflow/.local/lib/python3.7/site-packages/airflow/example_dags/example_external_task_marker_dag.py
[2022-06-30 12:19:13,097] {logging_mixin.py:115} INFO - [2022-06-30 12:19:13,097] {dag.py:2379} INFO - Sync 2 DAGs
[2022-06-30 12:19:13,126] {logging_mixin.py:115} INFO - [2022-06-30 12:19:13,126] {dag.py:2931} INFO - Setting next_dagrun for example_external_task_marker_child to None, run_after=None
[2022-06-30 12:19:13,128] {logging_mixin.py:115} INFO - [2022-06-30 12:19:13,128] {dag.py:2931} INFO - Setting next_dagrun for example_external_task_marker_parent to None, run_after=None
[2022-06-30 12:19:13,141] {processor.py:161} INFO - Processing /home/airflow/.local/lib/python3.7/site-packages/airflow/example_dags/example_external_task_marker_dag.py took 0.098 seconds
[2022-06-30 12:19:44,088] {processor.py:153} INFO - Started process (PID=1547) to work on /home/airflow/.local/lib/python3.7/site-packages/airflow/example_dags/example_external_task_marker_dag.py
[2022-06-30 12:19:44,089] {processor.py:641} INFO - Processing file /home/airflow/.local/lib/python3.7/site-packages/airflow/example_dags/example_external_task_marker_dag.py for tasks to queue
[2022-06-30 12:19:44,090] {logging_mixin.py:115} INFO - [2022-06-30 12:19:44,090] {dagbag.py:507} INFO - Filling up the DagBag from /home/airflow/.local/lib/python3.7/site-packages/airflow/example_dags/example_external_task_marker_dag.py
[2022-06-30 12:19:44,095] {processor.py:651} INFO - DAG(s) dict_keys(['example_external_task_marker_parent', 'example_external_task_marker_child']) retrieved from /home/airflow/.local/lib/python3.7/site-packages/airflow/example_dags/example_external_task_marker_dag.py
[2022-06-30 12:19:44,124] {logging_mixin.py:115} INFO - [2022-06-30 12:19:44,124] {dag.py:2379} INFO - Sync 2 DAGs
[2022-06-30 12:19:44,150] {logging_mixin.py:115} INFO - [2022-06-30 12:19:44,150] {dag.py:2931} INFO - Setting next_dagrun for example_external_task_marker_child to None, run_after=None
[2022-06-30 12:19:44,151] {logging_mixin.py:115} INFO - [2022-06-30 12:19:44,151] {dag.py:2931} INFO - Setting next_dagrun for example_external_task_marker_parent to None, run_after=None
[2022-06-30 12:19:44,162] {processor.py:161} INFO - Processing /home/airflow/.local/lib/python3.7/site-packages/airflow/example_dags/example_external_task_marker_dag.py took 0.077 seconds
[2022-06-30 12:20:14,557] {processor.py:153} INFO - Started process (PID=1603) to work on /home/airflow/.local/lib/python3.7/site-packages/airflow/example_dags/example_external_task_marker_dag.py
[2022-06-30 12:20:14,559] {processor.py:641} INFO - Processing file /home/airflow/.local/lib/python3.7/site-packages/airflow/example_dags/example_external_task_marker_dag.py for tasks to queue
[2022-06-30 12:20:14,561] {logging_mixin.py:115} INFO - [2022-06-30 12:20:14,561] {dagbag.py:507} INFO - Filling up the DagBag from /home/airflow/.local/lib/python3.7/site-packages/airflow/example_dags/example_external_task_marker_dag.py
[2022-06-30 12:20:14,565] {processor.py:651} INFO - DAG(s) dict_keys(['example_external_task_marker_parent', 'example_external_task_marker_child']) retrieved from /home/airflow/.local/lib/python3.7/site-packages/airflow/example_dags/example_external_task_marker_dag.py
[2022-06-30 12:20:14,604] {logging_mixin.py:115} INFO - [2022-06-30 12:20:14,604] {dag.py:2379} INFO - Sync 2 DAGs
[2022-06-30 12:20:14,624] {logging_mixin.py:115} INFO - [2022-06-30 12:20:14,623] {dag.py:2931} INFO - Setting next_dagrun for example_external_task_marker_child to None, run_after=None
[2022-06-30 12:20:14,626] {logging_mixin.py:115} INFO - [2022-06-30 12:20:14,626] {dag.py:2931} INFO - Setting next_dagrun for example_external_task_marker_parent to None, run_after=None
[2022-06-30 12:20:14,639] {processor.py:161} INFO - Processing /home/airflow/.local/lib/python3.7/site-packages/airflow/example_dags/example_external_task_marker_dag.py took 0.085 seconds
[2022-06-30 12:20:44,679] {processor.py:153} INFO - Started process (PID=1666) to work on /home/airflow/.local/lib/python3.7/site-packages/airflow/example_dags/example_external_task_marker_dag.py
[2022-06-30 12:20:44,682] {processor.py:641} INFO - Processing file /home/airflow/.local/lib/python3.7/site-packages/airflow/example_dags/example_external_task_marker_dag.py for tasks to queue
[2022-06-30 12:20:44,687] {logging_mixin.py:115} INFO - [2022-06-30 12:20:44,687] {dagbag.py:507} INFO - Filling up the DagBag from /home/airflow/.local/lib/python3.7/site-packages/airflow/example_dags/example_external_task_marker_dag.py
[2022-06-30 12:20:44,697] {processor.py:651} INFO - DAG(s) dict_keys(['example_external_task_marker_parent', 'example_external_task_marker_child']) retrieved from /home/airflow/.local/lib/python3.7/site-packages/airflow/example_dags/example_external_task_marker_dag.py
[2022-06-30 12:20:44,725] {logging_mixin.py:115} INFO - [2022-06-30 12:20:44,725] {dag.py:2379} INFO - Sync 2 DAGs
[2022-06-30 12:20:44,738] {logging_mixin.py:115} INFO - [2022-06-30 12:20:44,738] {dag.py:2931} INFO - Setting next_dagrun for example_external_task_marker_child to None, run_after=None
[2022-06-30 12:20:44,740] {logging_mixin.py:115} INFO - [2022-06-30 12:20:44,740] {dag.py:2931} INFO - Setting next_dagrun for example_external_task_marker_parent to None, run_after=None
[2022-06-30 12:20:44,749] {processor.py:161} INFO - Processing /home/airflow/.local/lib/python3.7/site-packages/airflow/example_dags/example_external_task_marker_dag.py took 0.072 seconds
[2022-06-30 12:21:15,780] {processor.py:153} INFO - Started process (PID=1733) to work on /home/airflow/.local/lib/python3.7/site-packages/airflow/example_dags/example_external_task_marker_dag.py
[2022-06-30 12:21:15,782] {processor.py:641} INFO - Processing file /home/airflow/.local/lib/python3.7/site-packages/airflow/example_dags/example_external_task_marker_dag.py for tasks to queue
[2022-06-30 12:21:15,784] {logging_mixin.py:115} INFO - [2022-06-30 12:21:15,784] {dagbag.py:507} INFO - Filling up the DagBag from /home/airflow/.local/lib/python3.7/site-packages/airflow/example_dags/example_external_task_marker_dag.py
[2022-06-30 12:21:15,790] {processor.py:651} INFO - DAG(s) dict_keys(['example_external_task_marker_parent', 'example_external_task_marker_child']) retrieved from /home/airflow/.local/lib/python3.7/site-packages/airflow/example_dags/example_external_task_marker_dag.py
[2022-06-30 12:21:15,834] {logging_mixin.py:115} INFO - [2022-06-30 12:21:15,834] {dag.py:2379} INFO - Sync 2 DAGs
[2022-06-30 12:21:15,855] {logging_mixin.py:115} INFO - [2022-06-30 12:21:15,855] {dag.py:2931} INFO - Setting next_dagrun for example_external_task_marker_child to None, run_after=None
[2022-06-30 12:21:15,859] {logging_mixin.py:115} INFO - [2022-06-30 12:21:15,859] {dag.py:2931} INFO - Setting next_dagrun for example_external_task_marker_parent to None, run_after=None
[2022-06-30 12:21:15,876] {processor.py:161} INFO - Processing /home/airflow/.local/lib/python3.7/site-packages/airflow/example_dags/example_external_task_marker_dag.py took 0.099 seconds
