[2022-07-24 13:12:02,501] {taskinstance.py:1159} INFO - Dependencies all met for <TaskInstance: tutorial_request.silver_remuneration manual__2022-07-24T13:11:56.238785+00:00 [queued]>
[2022-07-24 13:12:02,509] {taskinstance.py:1159} INFO - Dependencies all met for <TaskInstance: tutorial_request.silver_remuneration manual__2022-07-24T13:11:56.238785+00:00 [queued]>
[2022-07-24 13:12:02,511] {taskinstance.py:1356} INFO - 
--------------------------------------------------------------------------------
[2022-07-24 13:12:02,512] {taskinstance.py:1357} INFO - Starting attempt 1 of 2
[2022-07-24 13:12:02,514] {taskinstance.py:1358} INFO - 
--------------------------------------------------------------------------------
[2022-07-24 13:12:02,532] {taskinstance.py:1377} INFO - Executing <Task(SimpleHttpOperator): silver_remuneration> on 2022-07-24 13:11:56.238785+00:00
[2022-07-24 13:12:02,537] {standard_task_runner.py:52} INFO - Started process 2198 to run task
[2022-07-24 13:12:02,542] {standard_task_runner.py:79} INFO - Running: ['***', 'tasks', 'run', 'tutorial_request', 'silver_remuneration', 'manual__2022-07-24T13:11:56.238785+00:00', '--job-id', '14', '--raw', '--subdir', 'DAGS_FOLDER/hello.py', '--cfg-path', '/tmp/tmphsy8sls9', '--error-file', '/tmp/tmphk8838lh']
[2022-07-24 13:12:02,543] {standard_task_runner.py:80} INFO - Job 14: Subtask silver_remuneration
[2022-07-24 13:12:02,621] {task_command.py:370} INFO - Running <TaskInstance: tutorial_request.silver_remuneration manual__2022-07-24T13:11:56.238785+00:00 [running]> on host 6e14261407f3
[2022-07-24 13:12:02,701] {taskinstance.py:1571} INFO - Exporting the following env vars:
AIRFLOW_CTX_DAG_EMAIL=***@example.com
AIRFLOW_CTX_DAG_OWNER=***
AIRFLOW_CTX_DAG_ID=tutorial_request
AIRFLOW_CTX_TASK_ID=silver_remuneration
AIRFLOW_CTX_EXECUTION_DATE=2022-07-24T13:11:56.238785+00:00
AIRFLOW_CTX_TRY_NUMBER=1
AIRFLOW_CTX_DAG_RUN_ID=manual__2022-07-24T13:11:56.238785+00:00
[2022-07-24 13:12:02,710] {http.py:102} INFO - Calling HTTP method
[2022-07-24 13:12:02,726] {base.py:68} INFO - Using connection ID 'request_lakehouse' for task execution.
[2022-07-24 13:12:02,729] {http.py:129} INFO - Sending 'GET' to url: http://host.docker.internal:5000/silver/remuneration
[2022-07-24 13:12:12,600] {logging_mixin.py:115} INFO - RESPONSE <Response [200]>
[2022-07-24 13:12:12,602] {hello.py:14} INFO - REQUEST SUCCESS
[2022-07-24 13:12:12,663] {taskinstance.py:1400} INFO - Marking task as SUCCESS. dag_id=tutorial_request, task_id=silver_remuneration, execution_date=20220724T131156, start_date=20220724T131202, end_date=20220724T131212
[2022-07-24 13:12:12,739] {local_task_job.py:156} INFO - Task exited with return code 0
[2022-07-24 13:12:12,786] {local_task_job.py:273} INFO - 0 downstream tasks scheduled from follow-on schedule check
