[2022-11-02 15:58:00,320] {taskinstance.py:1159} INFO - Dependencies all met for <TaskInstance: tutorial_request.silver_benefits scheduled__2022-11-01T00:00:00+00:00 [queued]>
[2022-11-02 15:58:00,346] {taskinstance.py:1159} INFO - Dependencies all met for <TaskInstance: tutorial_request.silver_benefits scheduled__2022-11-01T00:00:00+00:00 [queued]>
[2022-11-02 15:58:00,350] {taskinstance.py:1356} INFO - 
--------------------------------------------------------------------------------
[2022-11-02 15:58:00,352] {taskinstance.py:1357} INFO - Starting attempt 1 of 2
[2022-11-02 15:58:00,359] {taskinstance.py:1358} INFO - 
--------------------------------------------------------------------------------
[2022-11-02 15:58:00,388] {taskinstance.py:1377} INFO - Executing <Task(SimpleHttpOperator): silver_benefits> on 2022-11-01 00:00:00+00:00
[2022-11-02 15:58:00,396] {standard_task_runner.py:52} INFO - Started process 2465 to run task
[2022-11-02 15:58:00,404] {standard_task_runner.py:79} INFO - Running: ['***', 'tasks', 'run', 'tutorial_request', 'silver_benefits', 'scheduled__2022-11-01T00:00:00+00:00', '--job-id', '12', '--raw', '--subdir', 'DAGS_FOLDER/hello.py', '--cfg-path', '/tmp/tmpq92vldck', '--error-file', '/tmp/tmpuict9zii']
[2022-11-02 15:58:00,407] {standard_task_runner.py:80} INFO - Job 12: Subtask silver_benefits
[2022-11-02 15:58:00,536] {task_command.py:370} INFO - Running <TaskInstance: tutorial_request.silver_benefits scheduled__2022-11-01T00:00:00+00:00 [running]> on host f1a7bb9214cc
[2022-11-02 15:58:00,736] {taskinstance.py:1571} INFO - Exporting the following env vars:
AIRFLOW_CTX_DAG_EMAIL=***@example.com
AIRFLOW_CTX_DAG_OWNER=***
AIRFLOW_CTX_DAG_ID=tutorial_request
AIRFLOW_CTX_TASK_ID=silver_benefits
AIRFLOW_CTX_EXECUTION_DATE=2022-11-01T00:00:00+00:00
AIRFLOW_CTX_TRY_NUMBER=1
AIRFLOW_CTX_DAG_RUN_ID=scheduled__2022-11-01T00:00:00+00:00
[2022-11-02 15:58:00,739] {http.py:102} INFO - Calling HTTP method
[2022-11-02 15:58:00,764] {base.py:68} INFO - Using connection ID 'request_lakehouse' for task execution.
[2022-11-02 15:58:00,774] {http.py:129} INFO - Sending 'GET' to url: http://host.docker.internal:80/silver/benefits
[2022-11-02 15:58:16,596] {logging_mixin.py:115} INFO - RESPONSE <Response [200]>
[2022-11-02 15:58:16,599] {hello.py:15} INFO - REQUEST SUCCESS
[2022-11-02 15:58:16,634] {taskinstance.py:1400} INFO - Marking task as SUCCESS. dag_id=tutorial_request, task_id=silver_benefits, execution_date=20221101T000000, start_date=20221102T155800, end_date=20221102T155816
[2022-11-02 15:58:16,698] {local_task_job.py:156} INFO - Task exited with return code 0
[2022-11-02 15:58:16,734] {local_task_job.py:273} INFO - 1 downstream tasks scheduled from follow-on schedule check
