[2022-07-07 10:40:46,540] {processor.py:153} INFO - Started process (PID=47) to work on /home/airflow/.local/lib/python3.7/site-packages/airflow/example_dags/example_external_task_marker_dag.py
[2022-07-07 10:40:46,546] {processor.py:641} INFO - Processing file /home/airflow/.local/lib/python3.7/site-packages/airflow/example_dags/example_external_task_marker_dag.py for tasks to queue
[2022-07-07 10:40:46,548] {logging_mixin.py:115} INFO - [2022-07-07 10:40:46,548] {dagbag.py:507} INFO - Filling up the DagBag from /home/airflow/.local/lib/python3.7/site-packages/airflow/example_dags/example_external_task_marker_dag.py
[2022-07-07 10:40:46,552] {processor.py:651} INFO - DAG(s) dict_keys(['example_external_task_marker_parent', 'example_external_task_marker_child']) retrieved from /home/airflow/.local/lib/python3.7/site-packages/airflow/example_dags/example_external_task_marker_dag.py
[2022-07-07 10:40:46,667] {logging_mixin.py:115} INFO - [2022-07-07 10:40:46,667] {dag.py:2379} INFO - Sync 2 DAGs
[2022-07-07 10:40:46,712] {logging_mixin.py:115} INFO - [2022-07-07 10:40:46,712] {dag.py:2931} INFO - Setting next_dagrun for example_external_task_marker_child to None, run_after=None
[2022-07-07 10:40:46,714] {logging_mixin.py:115} INFO - [2022-07-07 10:40:46,714] {dag.py:2931} INFO - Setting next_dagrun for example_external_task_marker_parent to None, run_after=None
[2022-07-07 10:40:46,739] {processor.py:161} INFO - Processing /home/airflow/.local/lib/python3.7/site-packages/airflow/example_dags/example_external_task_marker_dag.py took 0.201 seconds
[2022-07-07 10:41:17,077] {processor.py:153} INFO - Started process (PID=103) to work on /home/airflow/.local/lib/python3.7/site-packages/airflow/example_dags/example_external_task_marker_dag.py
[2022-07-07 10:41:17,078] {processor.py:641} INFO - Processing file /home/airflow/.local/lib/python3.7/site-packages/airflow/example_dags/example_external_task_marker_dag.py for tasks to queue
[2022-07-07 10:41:17,079] {logging_mixin.py:115} INFO - [2022-07-07 10:41:17,079] {dagbag.py:507} INFO - Filling up the DagBag from /home/airflow/.local/lib/python3.7/site-packages/airflow/example_dags/example_external_task_marker_dag.py
[2022-07-07 10:41:17,085] {processor.py:651} INFO - DAG(s) dict_keys(['example_external_task_marker_parent', 'example_external_task_marker_child']) retrieved from /home/airflow/.local/lib/python3.7/site-packages/airflow/example_dags/example_external_task_marker_dag.py
[2022-07-07 10:41:17,115] {logging_mixin.py:115} INFO - [2022-07-07 10:41:17,114] {dag.py:2379} INFO - Sync 2 DAGs
[2022-07-07 10:41:17,127] {logging_mixin.py:115} INFO - [2022-07-07 10:41:17,127] {dag.py:2931} INFO - Setting next_dagrun for example_external_task_marker_child to None, run_after=None
[2022-07-07 10:41:17,128] {logging_mixin.py:115} INFO - [2022-07-07 10:41:17,128] {dag.py:2931} INFO - Setting next_dagrun for example_external_task_marker_parent to None, run_after=None
[2022-07-07 10:41:17,135] {processor.py:161} INFO - Processing /home/airflow/.local/lib/python3.7/site-packages/airflow/example_dags/example_external_task_marker_dag.py took 0.061 seconds
[2022-07-07 10:41:48,186] {processor.py:153} INFO - Started process (PID=168) to work on /home/airflow/.local/lib/python3.7/site-packages/airflow/example_dags/example_external_task_marker_dag.py
[2022-07-07 10:41:48,187] {processor.py:641} INFO - Processing file /home/airflow/.local/lib/python3.7/site-packages/airflow/example_dags/example_external_task_marker_dag.py for tasks to queue
[2022-07-07 10:41:48,188] {logging_mixin.py:115} INFO - [2022-07-07 10:41:48,188] {dagbag.py:507} INFO - Filling up the DagBag from /home/airflow/.local/lib/python3.7/site-packages/airflow/example_dags/example_external_task_marker_dag.py
[2022-07-07 10:41:48,195] {processor.py:651} INFO - DAG(s) dict_keys(['example_external_task_marker_parent', 'example_external_task_marker_child']) retrieved from /home/airflow/.local/lib/python3.7/site-packages/airflow/example_dags/example_external_task_marker_dag.py
[2022-07-07 10:41:48,223] {logging_mixin.py:115} INFO - [2022-07-07 10:41:48,223] {dag.py:2379} INFO - Sync 2 DAGs
[2022-07-07 10:41:48,236] {logging_mixin.py:115} INFO - [2022-07-07 10:41:48,236] {dag.py:2931} INFO - Setting next_dagrun for example_external_task_marker_child to None, run_after=None
[2022-07-07 10:41:48,237] {logging_mixin.py:115} INFO - [2022-07-07 10:41:48,237] {dag.py:2931} INFO - Setting next_dagrun for example_external_task_marker_parent to None, run_after=None
[2022-07-07 10:41:48,247] {processor.py:161} INFO - Processing /home/airflow/.local/lib/python3.7/site-packages/airflow/example_dags/example_external_task_marker_dag.py took 0.063 seconds
[2022-07-07 12:47:41,985] {processor.py:153} INFO - Started process (PID=47) to work on /home/airflow/.local/lib/python3.7/site-packages/airflow/example_dags/example_external_task_marker_dag.py
[2022-07-07 12:47:41,987] {processor.py:641} INFO - Processing file /home/airflow/.local/lib/python3.7/site-packages/airflow/example_dags/example_external_task_marker_dag.py for tasks to queue
[2022-07-07 12:47:41,991] {logging_mixin.py:115} INFO - [2022-07-07 12:47:41,991] {dagbag.py:507} INFO - Filling up the DagBag from /home/airflow/.local/lib/python3.7/site-packages/airflow/example_dags/example_external_task_marker_dag.py
[2022-07-07 12:47:42,019] {processor.py:651} INFO - DAG(s) dict_keys(['example_external_task_marker_parent', 'example_external_task_marker_child']) retrieved from /home/airflow/.local/lib/python3.7/site-packages/airflow/example_dags/example_external_task_marker_dag.py
[2022-07-07 12:47:42,111] {logging_mixin.py:115} INFO - [2022-07-07 12:47:42,111] {dag.py:2379} INFO - Sync 2 DAGs
[2022-07-07 12:47:42,147] {logging_mixin.py:115} INFO - [2022-07-07 12:47:42,147] {dag.py:2931} INFO - Setting next_dagrun for example_external_task_marker_child to None, run_after=None
[2022-07-07 12:47:42,149] {logging_mixin.py:115} INFO - [2022-07-07 12:47:42,149] {dag.py:2931} INFO - Setting next_dagrun for example_external_task_marker_parent to None, run_after=None
[2022-07-07 12:47:42,164] {processor.py:161} INFO - Processing /home/airflow/.local/lib/python3.7/site-packages/airflow/example_dags/example_external_task_marker_dag.py took 0.184 seconds
[2022-07-07 12:48:13,125] {processor.py:153} INFO - Started process (PID=102) to work on /home/airflow/.local/lib/python3.7/site-packages/airflow/example_dags/example_external_task_marker_dag.py
[2022-07-07 12:48:13,127] {processor.py:641} INFO - Processing file /home/airflow/.local/lib/python3.7/site-packages/airflow/example_dags/example_external_task_marker_dag.py for tasks to queue
[2022-07-07 12:48:13,129] {logging_mixin.py:115} INFO - [2022-07-07 12:48:13,129] {dagbag.py:507} INFO - Filling up the DagBag from /home/airflow/.local/lib/python3.7/site-packages/airflow/example_dags/example_external_task_marker_dag.py
[2022-07-07 12:48:13,152] {processor.py:651} INFO - DAG(s) dict_keys(['example_external_task_marker_parent', 'example_external_task_marker_child']) retrieved from /home/airflow/.local/lib/python3.7/site-packages/airflow/example_dags/example_external_task_marker_dag.py
[2022-07-07 12:48:13,236] {logging_mixin.py:115} INFO - [2022-07-07 12:48:13,236] {dag.py:2379} INFO - Sync 2 DAGs
[2022-07-07 12:48:13,280] {logging_mixin.py:115} INFO - [2022-07-07 12:48:13,279] {dag.py:2931} INFO - Setting next_dagrun for example_external_task_marker_child to None, run_after=None
[2022-07-07 12:48:13,283] {logging_mixin.py:115} INFO - [2022-07-07 12:48:13,283] {dag.py:2931} INFO - Setting next_dagrun for example_external_task_marker_parent to None, run_after=None
[2022-07-07 12:48:13,301] {processor.py:161} INFO - Processing /home/airflow/.local/lib/python3.7/site-packages/airflow/example_dags/example_external_task_marker_dag.py took 0.178 seconds
