[2022-07-07 10:40:47,933] {processor.py:153} INFO - Started process (PID=59) to work on /home/airflow/.local/lib/python3.7/site-packages/airflow/example_dags/example_nested_branch_dag.py
[2022-07-07 10:40:47,939] {processor.py:641} INFO - Processing file /home/airflow/.local/lib/python3.7/site-packages/airflow/example_dags/example_nested_branch_dag.py for tasks to queue
[2022-07-07 10:40:47,952] {logging_mixin.py:115} INFO - [2022-07-07 10:40:47,951] {dagbag.py:507} INFO - Filling up the DagBag from /home/airflow/.local/lib/python3.7/site-packages/airflow/example_dags/example_nested_branch_dag.py
[2022-07-07 10:40:47,968] {processor.py:651} INFO - DAG(s) dict_keys(['example_nested_branch_dag']) retrieved from /home/airflow/.local/lib/python3.7/site-packages/airflow/example_dags/example_nested_branch_dag.py
[2022-07-07 10:40:47,994] {logging_mixin.py:115} INFO - [2022-07-07 10:40:47,994] {dag.py:2379} INFO - Sync 1 DAGs
[2022-07-07 10:40:48,018] {logging_mixin.py:115} INFO - [2022-07-07 10:40:48,018] {dag.py:2931} INFO - Setting next_dagrun for example_nested_branch_dag to 2022-07-06T00:00:00+00:00, run_after=2022-07-07T00:00:00+00:00
[2022-07-07 10:40:48,032] {processor.py:161} INFO - Processing /home/airflow/.local/lib/python3.7/site-packages/airflow/example_dags/example_nested_branch_dag.py took 0.115 seconds
[2022-07-07 10:41:18,669] {processor.py:153} INFO - Started process (PID=124) to work on /home/airflow/.local/lib/python3.7/site-packages/airflow/example_dags/example_nested_branch_dag.py
[2022-07-07 10:41:18,670] {processor.py:641} INFO - Processing file /home/airflow/.local/lib/python3.7/site-packages/airflow/example_dags/example_nested_branch_dag.py for tasks to queue
[2022-07-07 10:41:18,671] {logging_mixin.py:115} INFO - [2022-07-07 10:41:18,671] {dagbag.py:507} INFO - Filling up the DagBag from /home/airflow/.local/lib/python3.7/site-packages/airflow/example_dags/example_nested_branch_dag.py
[2022-07-07 10:41:18,683] {processor.py:651} INFO - DAG(s) dict_keys(['example_nested_branch_dag']) retrieved from /home/airflow/.local/lib/python3.7/site-packages/airflow/example_dags/example_nested_branch_dag.py
[2022-07-07 10:41:18,701] {logging_mixin.py:115} INFO - [2022-07-07 10:41:18,701] {dag.py:2379} INFO - Sync 1 DAGs
[2022-07-07 10:41:18,715] {logging_mixin.py:115} INFO - [2022-07-07 10:41:18,715] {dag.py:2931} INFO - Setting next_dagrun for example_nested_branch_dag to 2022-07-06T00:00:00+00:00, run_after=2022-07-07T00:00:00+00:00
[2022-07-07 10:41:18,722] {processor.py:161} INFO - Processing /home/airflow/.local/lib/python3.7/site-packages/airflow/example_dags/example_nested_branch_dag.py took 0.056 seconds
[2022-07-07 10:41:49,674] {processor.py:153} INFO - Started process (PID=180) to work on /home/airflow/.local/lib/python3.7/site-packages/airflow/example_dags/example_nested_branch_dag.py
[2022-07-07 10:41:49,676] {processor.py:641} INFO - Processing file /home/airflow/.local/lib/python3.7/site-packages/airflow/example_dags/example_nested_branch_dag.py for tasks to queue
[2022-07-07 10:41:49,677] {logging_mixin.py:115} INFO - [2022-07-07 10:41:49,677] {dagbag.py:507} INFO - Filling up the DagBag from /home/airflow/.local/lib/python3.7/site-packages/airflow/example_dags/example_nested_branch_dag.py
[2022-07-07 10:41:49,686] {processor.py:651} INFO - DAG(s) dict_keys(['example_nested_branch_dag']) retrieved from /home/airflow/.local/lib/python3.7/site-packages/airflow/example_dags/example_nested_branch_dag.py
[2022-07-07 10:41:49,704] {logging_mixin.py:115} INFO - [2022-07-07 10:41:49,704] {dag.py:2379} INFO - Sync 1 DAGs
[2022-07-07 10:41:49,723] {logging_mixin.py:115} INFO - [2022-07-07 10:41:49,723] {dag.py:2931} INFO - Setting next_dagrun for example_nested_branch_dag to 2022-07-06T00:00:00+00:00, run_after=2022-07-07T00:00:00+00:00
[2022-07-07 10:41:49,732] {processor.py:161} INFO - Processing /home/airflow/.local/lib/python3.7/site-packages/airflow/example_dags/example_nested_branch_dag.py took 0.060 seconds
[2022-07-07 12:47:43,630] {processor.py:153} INFO - Started process (PID=59) to work on /home/airflow/.local/lib/python3.7/site-packages/airflow/example_dags/example_nested_branch_dag.py
[2022-07-07 12:47:43,633] {processor.py:641} INFO - Processing file /home/airflow/.local/lib/python3.7/site-packages/airflow/example_dags/example_nested_branch_dag.py for tasks to queue
[2022-07-07 12:47:43,635] {logging_mixin.py:115} INFO - [2022-07-07 12:47:43,635] {dagbag.py:507} INFO - Filling up the DagBag from /home/airflow/.local/lib/python3.7/site-packages/airflow/example_dags/example_nested_branch_dag.py
[2022-07-07 12:47:43,658] {processor.py:651} INFO - DAG(s) dict_keys(['example_nested_branch_dag']) retrieved from /home/airflow/.local/lib/python3.7/site-packages/airflow/example_dags/example_nested_branch_dag.py
[2022-07-07 12:47:43,689] {logging_mixin.py:115} INFO - [2022-07-07 12:47:43,689] {dag.py:2379} INFO - Sync 1 DAGs
[2022-07-07 12:47:43,757] {logging_mixin.py:115} INFO - [2022-07-07 12:47:43,757] {dag.py:2931} INFO - Setting next_dagrun for example_nested_branch_dag to 2022-07-06T00:00:00+00:00, run_after=2022-07-07T00:00:00+00:00
[2022-07-07 12:47:43,783] {processor.py:161} INFO - Processing /home/airflow/.local/lib/python3.7/site-packages/airflow/example_dags/example_nested_branch_dag.py took 0.156 seconds
[2022-07-07 12:48:14,574] {processor.py:153} INFO - Started process (PID=120) to work on /home/airflow/.local/lib/python3.7/site-packages/airflow/example_dags/example_nested_branch_dag.py
[2022-07-07 12:48:14,576] {processor.py:641} INFO - Processing file /home/airflow/.local/lib/python3.7/site-packages/airflow/example_dags/example_nested_branch_dag.py for tasks to queue
[2022-07-07 12:48:14,578] {logging_mixin.py:115} INFO - [2022-07-07 12:48:14,578] {dagbag.py:507} INFO - Filling up the DagBag from /home/airflow/.local/lib/python3.7/site-packages/airflow/example_dags/example_nested_branch_dag.py
[2022-07-07 12:48:14,628] {processor.py:651} INFO - DAG(s) dict_keys(['example_nested_branch_dag']) retrieved from /home/airflow/.local/lib/python3.7/site-packages/airflow/example_dags/example_nested_branch_dag.py
[2022-07-07 12:48:14,696] {logging_mixin.py:115} INFO - [2022-07-07 12:48:14,696] {dag.py:2379} INFO - Sync 1 DAGs
[2022-07-07 12:48:14,728] {logging_mixin.py:115} INFO - [2022-07-07 12:48:14,728] {dag.py:2931} INFO - Setting next_dagrun for example_nested_branch_dag to 2022-07-06T00:00:00+00:00, run_after=2022-07-07T00:00:00+00:00
[2022-07-07 12:48:14,761] {processor.py:161} INFO - Processing /home/airflow/.local/lib/python3.7/site-packages/airflow/example_dags/example_nested_branch_dag.py took 0.190 seconds
