[2022-07-07 10:40:49,194] {processor.py:153} INFO - Started process (PID=73) to work on /home/airflow/.local/lib/python3.7/site-packages/airflow/example_dags/example_branch_datetime_operator.py
[2022-07-07 10:40:49,196] {processor.py:641} INFO - Processing file /home/airflow/.local/lib/python3.7/site-packages/airflow/example_dags/example_branch_datetime_operator.py for tasks to queue
[2022-07-07 10:40:49,197] {logging_mixin.py:115} INFO - [2022-07-07 10:40:49,197] {dagbag.py:507} INFO - Filling up the DagBag from /home/airflow/.local/lib/python3.7/site-packages/airflow/example_dags/example_branch_datetime_operator.py
[2022-07-07 10:40:49,207] {processor.py:651} INFO - DAG(s) dict_keys(['example_branch_datetime_operator_2']) retrieved from /home/airflow/.local/lib/python3.7/site-packages/airflow/example_dags/example_branch_datetime_operator.py
[2022-07-07 10:40:49,238] {logging_mixin.py:115} INFO - [2022-07-07 10:40:49,238] {dag.py:2379} INFO - Sync 1 DAGs
[2022-07-07 10:40:49,252] {logging_mixin.py:115} INFO - [2022-07-07 10:40:49,252] {dag.py:2931} INFO - Setting next_dagrun for example_branch_datetime_operator_2 to 2022-07-06T00:00:00+00:00, run_after=2022-07-07T00:00:00+00:00
[2022-07-07 10:40:49,264] {processor.py:161} INFO - Processing /home/airflow/.local/lib/python3.7/site-packages/airflow/example_dags/example_branch_datetime_operator.py took 0.073 seconds
[2022-07-07 10:41:19,374] {processor.py:153} INFO - Started process (PID=138) to work on /home/airflow/.local/lib/python3.7/site-packages/airflow/example_dags/example_branch_datetime_operator.py
[2022-07-07 10:41:19,375] {processor.py:641} INFO - Processing file /home/airflow/.local/lib/python3.7/site-packages/airflow/example_dags/example_branch_datetime_operator.py for tasks to queue
[2022-07-07 10:41:19,376] {logging_mixin.py:115} INFO - [2022-07-07 10:41:19,376] {dagbag.py:507} INFO - Filling up the DagBag from /home/airflow/.local/lib/python3.7/site-packages/airflow/example_dags/example_branch_datetime_operator.py
[2022-07-07 10:41:19,385] {processor.py:651} INFO - DAG(s) dict_keys(['example_branch_datetime_operator_2']) retrieved from /home/airflow/.local/lib/python3.7/site-packages/airflow/example_dags/example_branch_datetime_operator.py
[2022-07-07 10:41:19,402] {logging_mixin.py:115} INFO - [2022-07-07 10:41:19,402] {dag.py:2379} INFO - Sync 1 DAGs
[2022-07-07 10:41:19,416] {logging_mixin.py:115} INFO - [2022-07-07 10:41:19,416] {dag.py:2931} INFO - Setting next_dagrun for example_branch_datetime_operator_2 to 2022-07-06T00:00:00+00:00, run_after=2022-07-07T00:00:00+00:00
[2022-07-07 10:41:19,426] {processor.py:161} INFO - Processing /home/airflow/.local/lib/python3.7/site-packages/airflow/example_dags/example_branch_datetime_operator.py took 0.055 seconds
[2022-07-07 10:41:50,467] {processor.py:153} INFO - Started process (PID=194) to work on /home/airflow/.local/lib/python3.7/site-packages/airflow/example_dags/example_branch_datetime_operator.py
[2022-07-07 10:41:50,469] {processor.py:641} INFO - Processing file /home/airflow/.local/lib/python3.7/site-packages/airflow/example_dags/example_branch_datetime_operator.py for tasks to queue
[2022-07-07 10:41:50,470] {logging_mixin.py:115} INFO - [2022-07-07 10:41:50,470] {dagbag.py:507} INFO - Filling up the DagBag from /home/airflow/.local/lib/python3.7/site-packages/airflow/example_dags/example_branch_datetime_operator.py
[2022-07-07 10:41:50,478] {processor.py:651} INFO - DAG(s) dict_keys(['example_branch_datetime_operator_2']) retrieved from /home/airflow/.local/lib/python3.7/site-packages/airflow/example_dags/example_branch_datetime_operator.py
[2022-07-07 10:41:50,496] {logging_mixin.py:115} INFO - [2022-07-07 10:41:50,496] {dag.py:2379} INFO - Sync 1 DAGs
[2022-07-07 10:41:50,510] {logging_mixin.py:115} INFO - [2022-07-07 10:41:50,510] {dag.py:2931} INFO - Setting next_dagrun for example_branch_datetime_operator_2 to 2022-07-06T00:00:00+00:00, run_after=2022-07-07T00:00:00+00:00
[2022-07-07 10:41:50,519] {processor.py:161} INFO - Processing /home/airflow/.local/lib/python3.7/site-packages/airflow/example_dags/example_branch_datetime_operator.py took 0.056 seconds
[2022-07-07 12:47:45,552] {processor.py:153} INFO - Started process (PID=73) to work on /home/airflow/.local/lib/python3.7/site-packages/airflow/example_dags/example_branch_datetime_operator.py
[2022-07-07 12:47:45,554] {processor.py:641} INFO - Processing file /home/airflow/.local/lib/python3.7/site-packages/airflow/example_dags/example_branch_datetime_operator.py for tasks to queue
[2022-07-07 12:47:45,557] {logging_mixin.py:115} INFO - [2022-07-07 12:47:45,557] {dagbag.py:507} INFO - Filling up the DagBag from /home/airflow/.local/lib/python3.7/site-packages/airflow/example_dags/example_branch_datetime_operator.py
[2022-07-07 12:47:45,564] {processor.py:651} INFO - DAG(s) dict_keys(['example_branch_datetime_operator_2']) retrieved from /home/airflow/.local/lib/python3.7/site-packages/airflow/example_dags/example_branch_datetime_operator.py
[2022-07-07 12:47:45,617] {logging_mixin.py:115} INFO - [2022-07-07 12:47:45,617] {dag.py:2379} INFO - Sync 1 DAGs
[2022-07-07 12:47:45,644] {logging_mixin.py:115} INFO - [2022-07-07 12:47:45,644] {dag.py:2931} INFO - Setting next_dagrun for example_branch_datetime_operator_2 to 2022-07-06T00:00:00+00:00, run_after=2022-07-07T00:00:00+00:00
[2022-07-07 12:47:45,659] {processor.py:161} INFO - Processing /home/airflow/.local/lib/python3.7/site-packages/airflow/example_dags/example_branch_datetime_operator.py took 0.111 seconds
[2022-07-07 12:48:16,900] {processor.py:153} INFO - Started process (PID=136) to work on /home/airflow/.local/lib/python3.7/site-packages/airflow/example_dags/example_branch_datetime_operator.py
[2022-07-07 12:48:16,901] {processor.py:641} INFO - Processing file /home/airflow/.local/lib/python3.7/site-packages/airflow/example_dags/example_branch_datetime_operator.py for tasks to queue
[2022-07-07 12:48:16,903] {logging_mixin.py:115} INFO - [2022-07-07 12:48:16,903] {dagbag.py:507} INFO - Filling up the DagBag from /home/airflow/.local/lib/python3.7/site-packages/airflow/example_dags/example_branch_datetime_operator.py
[2022-07-07 12:48:16,935] {processor.py:651} INFO - DAG(s) dict_keys(['example_branch_datetime_operator_2']) retrieved from /home/airflow/.local/lib/python3.7/site-packages/airflow/example_dags/example_branch_datetime_operator.py
[2022-07-07 12:48:16,994] {logging_mixin.py:115} INFO - [2022-07-07 12:48:16,994] {dag.py:2379} INFO - Sync 1 DAGs
[2022-07-07 12:48:17,051] {logging_mixin.py:115} INFO - [2022-07-07 12:48:17,050] {dag.py:2931} INFO - Setting next_dagrun for example_branch_datetime_operator_2 to 2022-07-06T00:00:00+00:00, run_after=2022-07-07T00:00:00+00:00
[2022-07-07 12:48:17,085] {processor.py:161} INFO - Processing /home/airflow/.local/lib/python3.7/site-packages/airflow/example_dags/example_branch_datetime_operator.py took 0.195 seconds
