[2022-07-07 10:40:49,298] {processor.py:153} INFO - Started process (PID=75) to work on /home/airflow/.local/lib/python3.7/site-packages/airflow/example_dags/example_branch_operator.py
[2022-07-07 10:40:49,300] {processor.py:641} INFO - Processing file /home/airflow/.local/lib/python3.7/site-packages/airflow/example_dags/example_branch_operator.py for tasks to queue
[2022-07-07 10:40:49,302] {logging_mixin.py:115} INFO - [2022-07-07 10:40:49,302] {dagbag.py:507} INFO - Filling up the DagBag from /home/airflow/.local/lib/python3.7/site-packages/airflow/example_dags/example_branch_operator.py
[2022-07-07 10:40:49,312] {processor.py:651} INFO - DAG(s) dict_keys(['example_branch_operator']) retrieved from /home/airflow/.local/lib/python3.7/site-packages/airflow/example_dags/example_branch_operator.py
[2022-07-07 10:40:49,336] {logging_mixin.py:115} INFO - [2022-07-07 10:40:49,336] {dag.py:2379} INFO - Sync 1 DAGs
[2022-07-07 10:40:49,355] {logging_mixin.py:115} INFO - [2022-07-07 10:40:49,355] {dag.py:2931} INFO - Setting next_dagrun for example_branch_operator to 2022-07-06T00:00:00+00:00, run_after=2022-07-07T00:00:00+00:00
[2022-07-07 10:40:49,366] {processor.py:161} INFO - Processing /home/airflow/.local/lib/python3.7/site-packages/airflow/example_dags/example_branch_operator.py took 0.070 seconds
[2022-07-07 10:41:19,494] {processor.py:153} INFO - Started process (PID=140) to work on /home/airflow/.local/lib/python3.7/site-packages/airflow/example_dags/example_branch_operator.py
[2022-07-07 10:41:19,496] {processor.py:641} INFO - Processing file /home/airflow/.local/lib/python3.7/site-packages/airflow/example_dags/example_branch_operator.py for tasks to queue
[2022-07-07 10:41:19,497] {logging_mixin.py:115} INFO - [2022-07-07 10:41:19,497] {dagbag.py:507} INFO - Filling up the DagBag from /home/airflow/.local/lib/python3.7/site-packages/airflow/example_dags/example_branch_operator.py
[2022-07-07 10:41:19,506] {processor.py:651} INFO - DAG(s) dict_keys(['example_branch_operator']) retrieved from /home/airflow/.local/lib/python3.7/site-packages/airflow/example_dags/example_branch_operator.py
[2022-07-07 10:41:19,522] {logging_mixin.py:115} INFO - [2022-07-07 10:41:19,522] {dag.py:2379} INFO - Sync 1 DAGs
[2022-07-07 10:41:19,535] {logging_mixin.py:115} INFO - [2022-07-07 10:41:19,535] {dag.py:2931} INFO - Setting next_dagrun for example_branch_operator to 2022-07-06T00:00:00+00:00, run_after=2022-07-07T00:00:00+00:00
[2022-07-07 10:41:19,542] {processor.py:161} INFO - Processing /home/airflow/.local/lib/python3.7/site-packages/airflow/example_dags/example_branch_operator.py took 0.050 seconds
[2022-07-07 10:41:50,607] {processor.py:153} INFO - Started process (PID=202) to work on /home/airflow/.local/lib/python3.7/site-packages/airflow/example_dags/example_branch_operator.py
[2022-07-07 10:41:50,608] {processor.py:641} INFO - Processing file /home/airflow/.local/lib/python3.7/site-packages/airflow/example_dags/example_branch_operator.py for tasks to queue
[2022-07-07 10:41:50,610] {logging_mixin.py:115} INFO - [2022-07-07 10:41:50,610] {dagbag.py:507} INFO - Filling up the DagBag from /home/airflow/.local/lib/python3.7/site-packages/airflow/example_dags/example_branch_operator.py
[2022-07-07 10:41:50,621] {processor.py:651} INFO - DAG(s) dict_keys(['example_branch_operator']) retrieved from /home/airflow/.local/lib/python3.7/site-packages/airflow/example_dags/example_branch_operator.py
[2022-07-07 10:41:50,646] {logging_mixin.py:115} INFO - [2022-07-07 10:41:50,646] {dag.py:2379} INFO - Sync 1 DAGs
[2022-07-07 10:41:50,662] {logging_mixin.py:115} INFO - [2022-07-07 10:41:50,662] {dag.py:2931} INFO - Setting next_dagrun for example_branch_operator to 2022-07-06T00:00:00+00:00, run_after=2022-07-07T00:00:00+00:00
[2022-07-07 10:41:50,671] {processor.py:161} INFO - Processing /home/airflow/.local/lib/python3.7/site-packages/airflow/example_dags/example_branch_operator.py took 0.067 seconds
[2022-07-07 12:47:45,694] {processor.py:153} INFO - Started process (PID=75) to work on /home/airflow/.local/lib/python3.7/site-packages/airflow/example_dags/example_branch_operator.py
[2022-07-07 12:47:45,696] {processor.py:641} INFO - Processing file /home/airflow/.local/lib/python3.7/site-packages/airflow/example_dags/example_branch_operator.py for tasks to queue
[2022-07-07 12:47:45,697] {logging_mixin.py:115} INFO - [2022-07-07 12:47:45,697] {dagbag.py:507} INFO - Filling up the DagBag from /home/airflow/.local/lib/python3.7/site-packages/airflow/example_dags/example_branch_operator.py
[2022-07-07 12:47:45,717] {processor.py:651} INFO - DAG(s) dict_keys(['example_branch_operator']) retrieved from /home/airflow/.local/lib/python3.7/site-packages/airflow/example_dags/example_branch_operator.py
[2022-07-07 12:47:45,754] {logging_mixin.py:115} INFO - [2022-07-07 12:47:45,754] {dag.py:2379} INFO - Sync 1 DAGs
[2022-07-07 12:47:45,782] {logging_mixin.py:115} INFO - [2022-07-07 12:47:45,781] {dag.py:2931} INFO - Setting next_dagrun for example_branch_operator to 2022-07-06T00:00:00+00:00, run_after=2022-07-07T00:00:00+00:00
[2022-07-07 12:47:45,805] {processor.py:161} INFO - Processing /home/airflow/.local/lib/python3.7/site-packages/airflow/example_dags/example_branch_operator.py took 0.113 seconds
[2022-07-07 12:48:17,148] {processor.py:153} INFO - Started process (PID=138) to work on /home/airflow/.local/lib/python3.7/site-packages/airflow/example_dags/example_branch_operator.py
[2022-07-07 12:48:17,152] {processor.py:641} INFO - Processing file /home/airflow/.local/lib/python3.7/site-packages/airflow/example_dags/example_branch_operator.py for tasks to queue
[2022-07-07 12:48:17,163] {logging_mixin.py:115} INFO - [2022-07-07 12:48:17,162] {dagbag.py:507} INFO - Filling up the DagBag from /home/airflow/.local/lib/python3.7/site-packages/airflow/example_dags/example_branch_operator.py
[2022-07-07 12:48:17,210] {processor.py:651} INFO - DAG(s) dict_keys(['example_branch_operator']) retrieved from /home/airflow/.local/lib/python3.7/site-packages/airflow/example_dags/example_branch_operator.py
[2022-07-07 12:48:17,285] {logging_mixin.py:115} INFO - [2022-07-07 12:48:17,285] {dag.py:2379} INFO - Sync 1 DAGs
[2022-07-07 12:48:17,337] {logging_mixin.py:115} INFO - [2022-07-07 12:48:17,336] {dag.py:2931} INFO - Setting next_dagrun for example_branch_operator to 2022-07-06T00:00:00+00:00, run_after=2022-07-07T00:00:00+00:00
[2022-07-07 12:48:17,379] {processor.py:161} INFO - Processing /home/airflow/.local/lib/python3.7/site-packages/airflow/example_dags/example_branch_operator.py took 0.233 seconds
