[2022-07-07 10:40:46,782] {processor.py:153} INFO - Started process (PID=49) to work on /home/airflow/.local/lib/python3.7/site-packages/airflow/example_dags/example_short_circuit_operator.py
[2022-07-07 10:40:46,784] {processor.py:641} INFO - Processing file /home/airflow/.local/lib/python3.7/site-packages/airflow/example_dags/example_short_circuit_operator.py for tasks to queue
[2022-07-07 10:40:46,784] {logging_mixin.py:115} INFO - [2022-07-07 10:40:46,784] {dagbag.py:507} INFO - Filling up the DagBag from /home/airflow/.local/lib/python3.7/site-packages/airflow/example_dags/example_short_circuit_operator.py
[2022-07-07 10:40:46,831] {processor.py:651} INFO - DAG(s) dict_keys(['example_short_circuit_operator']) retrieved from /home/airflow/.local/lib/python3.7/site-packages/airflow/example_dags/example_short_circuit_operator.py
[2022-07-07 10:40:46,871] {logging_mixin.py:115} INFO - [2022-07-07 10:40:46,871] {dag.py:2379} INFO - Sync 1 DAGs
[2022-07-07 10:40:46,932] {logging_mixin.py:115} INFO - [2022-07-07 10:40:46,932] {dag.py:2931} INFO - Setting next_dagrun for example_short_circuit_operator to 2022-07-06T10:40:46.932370+00:00, run_after=2022-07-07T10:40:46.932370+00:00
[2022-07-07 10:40:46,953] {processor.py:161} INFO - Processing /home/airflow/.local/lib/python3.7/site-packages/airflow/example_dags/example_short_circuit_operator.py took 0.174 seconds
[2022-07-07 10:41:17,156] {processor.py:153} INFO - Started process (PID=105) to work on /home/airflow/.local/lib/python3.7/site-packages/airflow/example_dags/example_short_circuit_operator.py
[2022-07-07 10:41:17,156] {processor.py:641} INFO - Processing file /home/airflow/.local/lib/python3.7/site-packages/airflow/example_dags/example_short_circuit_operator.py for tasks to queue
[2022-07-07 10:41:17,158] {logging_mixin.py:115} INFO - [2022-07-07 10:41:17,158] {dagbag.py:507} INFO - Filling up the DagBag from /home/airflow/.local/lib/python3.7/site-packages/airflow/example_dags/example_short_circuit_operator.py
[2022-07-07 10:41:17,166] {processor.py:651} INFO - DAG(s) dict_keys(['example_short_circuit_operator']) retrieved from /home/airflow/.local/lib/python3.7/site-packages/airflow/example_dags/example_short_circuit_operator.py
[2022-07-07 10:41:17,182] {logging_mixin.py:115} INFO - [2022-07-07 10:41:17,182] {dag.py:2379} INFO - Sync 1 DAGs
[2022-07-07 10:41:17,194] {logging_mixin.py:115} INFO - [2022-07-07 10:41:17,194] {dag.py:2931} INFO - Setting next_dagrun for example_short_circuit_operator to 2022-07-06T10:41:17.193947+00:00, run_after=2022-07-07T10:41:17.193947+00:00
[2022-07-07 10:41:17,201] {processor.py:161} INFO - Processing /home/airflow/.local/lib/python3.7/site-packages/airflow/example_dags/example_short_circuit_operator.py took 0.047 seconds
[2022-07-07 10:41:48,258] {processor.py:153} INFO - Started process (PID=170) to work on /home/airflow/.local/lib/python3.7/site-packages/airflow/example_dags/example_short_circuit_operator.py
[2022-07-07 10:41:48,259] {processor.py:641} INFO - Processing file /home/airflow/.local/lib/python3.7/site-packages/airflow/example_dags/example_short_circuit_operator.py for tasks to queue
[2022-07-07 10:41:48,260] {logging_mixin.py:115} INFO - [2022-07-07 10:41:48,260] {dagbag.py:507} INFO - Filling up the DagBag from /home/airflow/.local/lib/python3.7/site-packages/airflow/example_dags/example_short_circuit_operator.py
[2022-07-07 10:41:48,269] {processor.py:651} INFO - DAG(s) dict_keys(['example_short_circuit_operator']) retrieved from /home/airflow/.local/lib/python3.7/site-packages/airflow/example_dags/example_short_circuit_operator.py
[2022-07-07 10:41:48,286] {logging_mixin.py:115} INFO - [2022-07-07 10:41:48,286] {dag.py:2379} INFO - Sync 1 DAGs
[2022-07-07 10:41:48,299] {logging_mixin.py:115} INFO - [2022-07-07 10:41:48,299] {dag.py:2931} INFO - Setting next_dagrun for example_short_circuit_operator to 2022-07-06T10:41:48.299721+00:00, run_after=2022-07-07T10:41:48.299721+00:00
[2022-07-07 10:41:48,307] {processor.py:161} INFO - Processing /home/airflow/.local/lib/python3.7/site-packages/airflow/example_dags/example_short_circuit_operator.py took 0.051 seconds
[2022-07-07 12:47:42,210] {processor.py:153} INFO - Started process (PID=49) to work on /home/airflow/.local/lib/python3.7/site-packages/airflow/example_dags/example_short_circuit_operator.py
[2022-07-07 12:47:42,212] {processor.py:641} INFO - Processing file /home/airflow/.local/lib/python3.7/site-packages/airflow/example_dags/example_short_circuit_operator.py for tasks to queue
[2022-07-07 12:47:42,215] {logging_mixin.py:115} INFO - [2022-07-07 12:47:42,215] {dagbag.py:507} INFO - Filling up the DagBag from /home/airflow/.local/lib/python3.7/site-packages/airflow/example_dags/example_short_circuit_operator.py
[2022-07-07 12:47:42,235] {processor.py:651} INFO - DAG(s) dict_keys(['example_short_circuit_operator']) retrieved from /home/airflow/.local/lib/python3.7/site-packages/airflow/example_dags/example_short_circuit_operator.py
[2022-07-07 12:47:42,294] {logging_mixin.py:115} INFO - [2022-07-07 12:47:42,294] {dag.py:2379} INFO - Sync 1 DAGs
[2022-07-07 12:47:42,332] {logging_mixin.py:115} INFO - [2022-07-07 12:47:42,332] {dag.py:2931} INFO - Setting next_dagrun for example_short_circuit_operator to 2022-07-06T12:47:42.332282+00:00, run_after=2022-07-07T12:47:42.332282+00:00
[2022-07-07 12:47:42,355] {processor.py:161} INFO - Processing /home/airflow/.local/lib/python3.7/site-packages/airflow/example_dags/example_short_circuit_operator.py took 0.147 seconds
[2022-07-07 12:48:13,345] {processor.py:153} INFO - Started process (PID=104) to work on /home/airflow/.local/lib/python3.7/site-packages/airflow/example_dags/example_short_circuit_operator.py
[2022-07-07 12:48:13,347] {processor.py:641} INFO - Processing file /home/airflow/.local/lib/python3.7/site-packages/airflow/example_dags/example_short_circuit_operator.py for tasks to queue
[2022-07-07 12:48:13,350] {logging_mixin.py:115} INFO - [2022-07-07 12:48:13,350] {dagbag.py:507} INFO - Filling up the DagBag from /home/airflow/.local/lib/python3.7/site-packages/airflow/example_dags/example_short_circuit_operator.py
[2022-07-07 12:48:13,359] {processor.py:651} INFO - DAG(s) dict_keys(['example_short_circuit_operator']) retrieved from /home/airflow/.local/lib/python3.7/site-packages/airflow/example_dags/example_short_circuit_operator.py
[2022-07-07 12:48:13,402] {logging_mixin.py:115} INFO - [2022-07-07 12:48:13,402] {dag.py:2379} INFO - Sync 1 DAGs
[2022-07-07 12:48:13,424] {logging_mixin.py:115} INFO - [2022-07-07 12:48:13,424] {dag.py:2931} INFO - Setting next_dagrun for example_short_circuit_operator to 2022-07-06T12:48:13.424062+00:00, run_after=2022-07-07T12:48:13.424062+00:00
[2022-07-07 12:48:13,440] {processor.py:161} INFO - Processing /home/airflow/.local/lib/python3.7/site-packages/airflow/example_dags/example_short_circuit_operator.py took 0.098 seconds
