[2022-07-07 10:40:47,067] {processor.py:153} INFO - Started process (PID=52) to work on /home/airflow/.local/lib/python3.7/site-packages/airflow/example_dags/example_branch_operator_decorator.py
[2022-07-07 10:40:47,070] {processor.py:641} INFO - Processing file /home/airflow/.local/lib/python3.7/site-packages/airflow/example_dags/example_branch_operator_decorator.py for tasks to queue
[2022-07-07 10:40:47,072] {logging_mixin.py:115} INFO - [2022-07-07 10:40:47,071] {dagbag.py:507} INFO - Filling up the DagBag from /home/airflow/.local/lib/python3.7/site-packages/airflow/example_dags/example_branch_operator_decorator.py
[2022-07-07 10:40:47,153] {processor.py:651} INFO - DAG(s) dict_keys(['example_branch_python_operator_decorator']) retrieved from /home/airflow/.local/lib/python3.7/site-packages/airflow/example_dags/example_branch_operator_decorator.py
[2022-07-07 10:40:47,216] {logging_mixin.py:115} INFO - [2022-07-07 10:40:47,216] {dag.py:2379} INFO - Sync 1 DAGs
[2022-07-07 10:40:47,246] {logging_mixin.py:115} INFO - [2022-07-07 10:40:47,245] {dag.py:2931} INFO - Setting next_dagrun for example_branch_python_operator_decorator to 2022-07-06T00:00:00+00:00, run_after=2022-07-07T00:00:00+00:00
[2022-07-07 10:40:47,268] {processor.py:161} INFO - Processing /home/airflow/.local/lib/python3.7/site-packages/airflow/example_dags/example_branch_operator_decorator.py took 0.204 seconds
[2022-07-07 10:41:17,350] {processor.py:153} INFO - Started process (PID=108) to work on /home/airflow/.local/lib/python3.7/site-packages/airflow/example_dags/example_branch_operator_decorator.py
[2022-07-07 10:41:17,352] {processor.py:641} INFO - Processing file /home/airflow/.local/lib/python3.7/site-packages/airflow/example_dags/example_branch_operator_decorator.py for tasks to queue
[2022-07-07 10:41:17,353] {logging_mixin.py:115} INFO - [2022-07-07 10:41:17,353] {dagbag.py:507} INFO - Filling up the DagBag from /home/airflow/.local/lib/python3.7/site-packages/airflow/example_dags/example_branch_operator_decorator.py
[2022-07-07 10:41:17,365] {processor.py:651} INFO - DAG(s) dict_keys(['example_branch_python_operator_decorator']) retrieved from /home/airflow/.local/lib/python3.7/site-packages/airflow/example_dags/example_branch_operator_decorator.py
[2022-07-07 10:41:17,381] {logging_mixin.py:115} INFO - [2022-07-07 10:41:17,381] {dag.py:2379} INFO - Sync 1 DAGs
[2022-07-07 10:41:17,393] {logging_mixin.py:115} INFO - [2022-07-07 10:41:17,393] {dag.py:2931} INFO - Setting next_dagrun for example_branch_python_operator_decorator to 2022-07-06T00:00:00+00:00, run_after=2022-07-07T00:00:00+00:00
[2022-07-07 10:41:17,400] {processor.py:161} INFO - Processing /home/airflow/.local/lib/python3.7/site-packages/airflow/example_dags/example_branch_operator_decorator.py took 0.052 seconds
[2022-07-07 10:41:48,334] {processor.py:153} INFO - Started process (PID=173) to work on /home/airflow/.local/lib/python3.7/site-packages/airflow/example_dags/example_branch_operator_decorator.py
[2022-07-07 10:41:48,335] {processor.py:641} INFO - Processing file /home/airflow/.local/lib/python3.7/site-packages/airflow/example_dags/example_branch_operator_decorator.py for tasks to queue
[2022-07-07 10:41:48,336] {logging_mixin.py:115} INFO - [2022-07-07 10:41:48,336] {dagbag.py:507} INFO - Filling up the DagBag from /home/airflow/.local/lib/python3.7/site-packages/airflow/example_dags/example_branch_operator_decorator.py
[2022-07-07 10:41:48,350] {processor.py:651} INFO - DAG(s) dict_keys(['example_branch_python_operator_decorator']) retrieved from /home/airflow/.local/lib/python3.7/site-packages/airflow/example_dags/example_branch_operator_decorator.py
[2022-07-07 10:41:48,366] {logging_mixin.py:115} INFO - [2022-07-07 10:41:48,366] {dag.py:2379} INFO - Sync 1 DAGs
[2022-07-07 10:41:48,379] {logging_mixin.py:115} INFO - [2022-07-07 10:41:48,379] {dag.py:2931} INFO - Setting next_dagrun for example_branch_python_operator_decorator to 2022-07-06T00:00:00+00:00, run_after=2022-07-07T00:00:00+00:00
[2022-07-07 10:41:48,387] {processor.py:161} INFO - Processing /home/airflow/.local/lib/python3.7/site-packages/airflow/example_dags/example_branch_operator_decorator.py took 0.055 seconds
[2022-07-07 12:47:42,514] {processor.py:153} INFO - Started process (PID=52) to work on /home/airflow/.local/lib/python3.7/site-packages/airflow/example_dags/example_branch_operator_decorator.py
[2022-07-07 12:47:42,517] {processor.py:641} INFO - Processing file /home/airflow/.local/lib/python3.7/site-packages/airflow/example_dags/example_branch_operator_decorator.py for tasks to queue
[2022-07-07 12:47:42,518] {logging_mixin.py:115} INFO - [2022-07-07 12:47:42,518] {dagbag.py:507} INFO - Filling up the DagBag from /home/airflow/.local/lib/python3.7/site-packages/airflow/example_dags/example_branch_operator_decorator.py
[2022-07-07 12:47:42,561] {processor.py:651} INFO - DAG(s) dict_keys(['example_branch_python_operator_decorator']) retrieved from /home/airflow/.local/lib/python3.7/site-packages/airflow/example_dags/example_branch_operator_decorator.py
[2022-07-07 12:47:42,608] {logging_mixin.py:115} INFO - [2022-07-07 12:47:42,608] {dag.py:2379} INFO - Sync 1 DAGs
[2022-07-07 12:47:42,660] {logging_mixin.py:115} INFO - [2022-07-07 12:47:42,660] {dag.py:2931} INFO - Setting next_dagrun for example_branch_python_operator_decorator to 2022-07-06T00:00:00+00:00, run_after=2022-07-07T00:00:00+00:00
[2022-07-07 12:47:42,694] {processor.py:161} INFO - Processing /home/airflow/.local/lib/python3.7/site-packages/airflow/example_dags/example_branch_operator_decorator.py took 0.183 seconds
[2022-07-07 12:48:13,681] {processor.py:153} INFO - Started process (PID=107) to work on /home/airflow/.local/lib/python3.7/site-packages/airflow/example_dags/example_branch_operator_decorator.py
[2022-07-07 12:48:13,684] {processor.py:641} INFO - Processing file /home/airflow/.local/lib/python3.7/site-packages/airflow/example_dags/example_branch_operator_decorator.py for tasks to queue
[2022-07-07 12:48:13,686] {logging_mixin.py:115} INFO - [2022-07-07 12:48:13,686] {dagbag.py:507} INFO - Filling up the DagBag from /home/airflow/.local/lib/python3.7/site-packages/airflow/example_dags/example_branch_operator_decorator.py
[2022-07-07 12:48:13,729] {processor.py:651} INFO - DAG(s) dict_keys(['example_branch_python_operator_decorator']) retrieved from /home/airflow/.local/lib/python3.7/site-packages/airflow/example_dags/example_branch_operator_decorator.py
[2022-07-07 12:48:13,753] {logging_mixin.py:115} INFO - [2022-07-07 12:48:13,753] {dag.py:2379} INFO - Sync 1 DAGs
[2022-07-07 12:48:13,782] {logging_mixin.py:115} INFO - [2022-07-07 12:48:13,782] {dag.py:2931} INFO - Setting next_dagrun for example_branch_python_operator_decorator to 2022-07-06T00:00:00+00:00, run_after=2022-07-07T00:00:00+00:00
[2022-07-07 12:48:13,797] {processor.py:161} INFO - Processing /home/airflow/.local/lib/python3.7/site-packages/airflow/example_dags/example_branch_operator_decorator.py took 0.118 seconds
