[2022-07-07 10:40:49,093] {processor.py:153} INFO - Started process (PID=72) to work on /home/airflow/.local/lib/python3.7/site-packages/airflow/example_dags/tutorial.py
[2022-07-07 10:40:49,094] {processor.py:641} INFO - Processing file /home/airflow/.local/lib/python3.7/site-packages/airflow/example_dags/tutorial.py for tasks to queue
[2022-07-07 10:40:49,095] {logging_mixin.py:115} INFO - [2022-07-07 10:40:49,095] {dagbag.py:507} INFO - Filling up the DagBag from /home/airflow/.local/lib/python3.7/site-packages/airflow/example_dags/tutorial.py
[2022-07-07 10:40:49,101] {processor.py:651} INFO - DAG(s) dict_keys(['tutorial']) retrieved from /home/airflow/.local/lib/python3.7/site-packages/airflow/example_dags/tutorial.py
[2022-07-07 10:40:49,127] {logging_mixin.py:115} INFO - [2022-07-07 10:40:49,127] {dag.py:2379} INFO - Sync 1 DAGs
[2022-07-07 10:40:49,150] {logging_mixin.py:115} INFO - [2022-07-07 10:40:49,150] {dag.py:2931} INFO - Setting next_dagrun for tutorial to 2022-07-06T10:40:49.149856+00:00, run_after=2022-07-07T10:40:49.149856+00:00
[2022-07-07 10:40:49,164] {processor.py:161} INFO - Processing /home/airflow/.local/lib/python3.7/site-packages/airflow/example_dags/tutorial.py took 0.073 seconds
[2022-07-07 10:41:19,310] {processor.py:153} INFO - Started process (PID=137) to work on /home/airflow/.local/lib/python3.7/site-packages/airflow/example_dags/tutorial.py
[2022-07-07 10:41:19,312] {processor.py:641} INFO - Processing file /home/airflow/.local/lib/python3.7/site-packages/airflow/example_dags/tutorial.py for tasks to queue
[2022-07-07 10:41:19,313] {logging_mixin.py:115} INFO - [2022-07-07 10:41:19,313] {dagbag.py:507} INFO - Filling up the DagBag from /home/airflow/.local/lib/python3.7/site-packages/airflow/example_dags/tutorial.py
[2022-07-07 10:41:19,320] {processor.py:651} INFO - DAG(s) dict_keys(['tutorial']) retrieved from /home/airflow/.local/lib/python3.7/site-packages/airflow/example_dags/tutorial.py
[2022-07-07 10:41:19,334] {logging_mixin.py:115} INFO - [2022-07-07 10:41:19,334] {dag.py:2379} INFO - Sync 1 DAGs
[2022-07-07 10:41:19,347] {logging_mixin.py:115} INFO - [2022-07-07 10:41:19,346] {dag.py:2931} INFO - Setting next_dagrun for tutorial to 2022-07-06T10:41:19.346846+00:00, run_after=2022-07-07T10:41:19.346846+00:00
[2022-07-07 10:41:19,353] {processor.py:161} INFO - Processing /home/airflow/.local/lib/python3.7/site-packages/airflow/example_dags/tutorial.py took 0.046 seconds
[2022-07-07 10:41:50,392] {processor.py:153} INFO - Started process (PID=192) to work on /home/airflow/.local/lib/python3.7/site-packages/airflow/example_dags/tutorial.py
[2022-07-07 10:41:50,393] {processor.py:641} INFO - Processing file /home/airflow/.local/lib/python3.7/site-packages/airflow/example_dags/tutorial.py for tasks to queue
[2022-07-07 10:41:50,395] {logging_mixin.py:115} INFO - [2022-07-07 10:41:50,395] {dagbag.py:507} INFO - Filling up the DagBag from /home/airflow/.local/lib/python3.7/site-packages/airflow/example_dags/tutorial.py
[2022-07-07 10:41:50,404] {processor.py:651} INFO - DAG(s) dict_keys(['tutorial']) retrieved from /home/airflow/.local/lib/python3.7/site-packages/airflow/example_dags/tutorial.py
[2022-07-07 10:41:50,421] {logging_mixin.py:115} INFO - [2022-07-07 10:41:50,421] {dag.py:2379} INFO - Sync 1 DAGs
[2022-07-07 10:41:50,436] {logging_mixin.py:115} INFO - [2022-07-07 10:41:50,436] {dag.py:2931} INFO - Setting next_dagrun for tutorial to 2022-07-06T10:41:50.435868+00:00, run_after=2022-07-07T10:41:50.435868+00:00
[2022-07-07 10:41:50,444] {processor.py:161} INFO - Processing /home/airflow/.local/lib/python3.7/site-packages/airflow/example_dags/tutorial.py took 0.054 seconds
[2022-07-07 12:47:45,364] {processor.py:153} INFO - Started process (PID=72) to work on /home/airflow/.local/lib/python3.7/site-packages/airflow/example_dags/tutorial.py
[2022-07-07 12:47:45,368] {processor.py:641} INFO - Processing file /home/airflow/.local/lib/python3.7/site-packages/airflow/example_dags/tutorial.py for tasks to queue
[2022-07-07 12:47:45,370] {logging_mixin.py:115} INFO - [2022-07-07 12:47:45,370] {dagbag.py:507} INFO - Filling up the DagBag from /home/airflow/.local/lib/python3.7/site-packages/airflow/example_dags/tutorial.py
[2022-07-07 12:47:45,385] {processor.py:651} INFO - DAG(s) dict_keys(['tutorial']) retrieved from /home/airflow/.local/lib/python3.7/site-packages/airflow/example_dags/tutorial.py
[2022-07-07 12:47:45,447] {logging_mixin.py:115} INFO - [2022-07-07 12:47:45,447] {dag.py:2379} INFO - Sync 1 DAGs
[2022-07-07 12:47:45,483] {logging_mixin.py:115} INFO - [2022-07-07 12:47:45,483] {dag.py:2931} INFO - Setting next_dagrun for tutorial to 2022-07-06T12:47:45.483551+00:00, run_after=2022-07-07T12:47:45.483551+00:00
[2022-07-07 12:47:45,514] {processor.py:161} INFO - Processing /home/airflow/.local/lib/python3.7/site-packages/airflow/example_dags/tutorial.py took 0.152 seconds
[2022-07-07 12:48:16,724] {processor.py:153} INFO - Started process (PID=135) to work on /home/airflow/.local/lib/python3.7/site-packages/airflow/example_dags/tutorial.py
[2022-07-07 12:48:16,732] {processor.py:641} INFO - Processing file /home/airflow/.local/lib/python3.7/site-packages/airflow/example_dags/tutorial.py for tasks to queue
[2022-07-07 12:48:16,734] {logging_mixin.py:115} INFO - [2022-07-07 12:48:16,734] {dagbag.py:507} INFO - Filling up the DagBag from /home/airflow/.local/lib/python3.7/site-packages/airflow/example_dags/tutorial.py
[2022-07-07 12:48:16,751] {processor.py:651} INFO - DAG(s) dict_keys(['tutorial']) retrieved from /home/airflow/.local/lib/python3.7/site-packages/airflow/example_dags/tutorial.py
[2022-07-07 12:48:16,801] {logging_mixin.py:115} INFO - [2022-07-07 12:48:16,801] {dag.py:2379} INFO - Sync 1 DAGs
[2022-07-07 12:48:16,855] {logging_mixin.py:115} INFO - [2022-07-07 12:48:16,855] {dag.py:2931} INFO - Setting next_dagrun for tutorial to 2022-07-06T12:48:16.855048+00:00, run_after=2022-07-07T12:48:16.855048+00:00
[2022-07-07 12:48:16,882] {processor.py:161} INFO - Processing /home/airflow/.local/lib/python3.7/site-packages/airflow/example_dags/tutorial.py took 0.161 seconds
