[2022-06-20 22:07:46,187] {taskinstance.py:1159} INFO - Dependencies all met for <TaskInstance: tutorial_request.print_date manual__2022-06-20T22:07:45.068175+00:00 [queued]>
[2022-06-20 22:07:46,193] {taskinstance.py:1159} INFO - Dependencies all met for <TaskInstance: tutorial_request.print_date manual__2022-06-20T22:07:45.068175+00:00 [queued]>
[2022-06-20 22:07:46,195] {taskinstance.py:1356} INFO - 
--------------------------------------------------------------------------------
[2022-06-20 22:07:46,196] {taskinstance.py:1357} INFO - Starting attempt 1 of 2
[2022-06-20 22:07:46,197] {taskinstance.py:1358} INFO - 
--------------------------------------------------------------------------------
[2022-06-20 22:07:46,206] {taskinstance.py:1377} INFO - Executing <Task(BashOperator): print_date> on 2022-06-20 22:07:45.068175+00:00
[2022-06-20 22:07:46,212] {standard_task_runner.py:52} INFO - Started process 838 to run task
[2022-06-20 22:07:46,214] {standard_task_runner.py:79} INFO - Running: ['***', 'tasks', 'run', 'tutorial_request', 'print_date', 'manual__2022-06-20T22:07:45.068175+00:00', '--job-id', '84', '--raw', '--subdir', 'DAGS_FOLDER/hello.py', '--cfg-path', '/tmp/tmpgtx512w8', '--error-file', '/tmp/tmpx4cdyyml']
[2022-06-20 22:07:46,216] {standard_task_runner.py:80} INFO - Job 84: Subtask print_date
[2022-06-20 22:07:46,255] {task_command.py:370} INFO - Running <TaskInstance: tutorial_request.print_date manual__2022-06-20T22:07:45.068175+00:00 [running]> on host 4fac23c61f86
[2022-06-20 22:07:46,300] {taskinstance.py:1571} INFO - Exporting the following env vars:
AIRFLOW_CTX_DAG_EMAIL=***@example.com
AIRFLOW_CTX_DAG_OWNER=***
AIRFLOW_CTX_DAG_ID=tutorial_request
AIRFLOW_CTX_TASK_ID=print_date
AIRFLOW_CTX_EXECUTION_DATE=2022-06-20T22:07:45.068175+00:00
AIRFLOW_CTX_TRY_NUMBER=1
AIRFLOW_CTX_DAG_RUN_ID=manual__2022-06-20T22:07:45.068175+00:00
[2022-06-20 22:07:46,302] {subprocess.py:62} INFO - Tmp dir root location: 
 /tmp
[2022-06-20 22:07:46,303] {subprocess.py:74} INFO - Running command: ['bash', '-c', 'date']
[2022-06-20 22:07:46,317] {subprocess.py:85} INFO - Output:
[2022-06-20 22:07:46,319] {subprocess.py:92} INFO - Mon Jun 20 22:07:46 UTC 2022
[2022-06-20 22:07:46,321] {subprocess.py:96} INFO - Command exited with return code 0
[2022-06-20 22:07:46,343] {taskinstance.py:1400} INFO - Marking task as SUCCESS. dag_id=tutorial_request, task_id=print_date, execution_date=20220620T220745, start_date=20220620T220746, end_date=20220620T220746
[2022-06-20 22:07:46,391] {local_task_job.py:156} INFO - Task exited with return code 0
[2022-06-20 22:07:46,420] {local_task_job.py:273} INFO - 1 downstream tasks scheduled from follow-on schedule check
