[2022-06-11 12:13:20,386] {processor.py:153} INFO - Started process (PID=34) to work on /home/airflow/.local/lib/python3.7/site-packages/airflow/example_dags/example_kubernetes_executor.py
[2022-06-11 12:13:20,388] {processor.py:641} INFO - Processing file /home/airflow/.local/lib/python3.7/site-packages/airflow/example_dags/example_kubernetes_executor.py for tasks to queue
[2022-06-11 12:13:20,389] {logging_mixin.py:115} INFO - [2022-06-11 12:13:20,389] {dagbag.py:507} INFO - Filling up the DagBag from /home/airflow/.local/lib/python3.7/site-packages/airflow/example_dags/example_kubernetes_executor.py
[2022-06-11 12:13:20,439] {processor.py:651} INFO - DAG(s) dict_keys(['example_kubernetes_executor']) retrieved from /home/airflow/.local/lib/python3.7/site-packages/airflow/example_dags/example_kubernetes_executor.py
[2022-06-11 12:13:20,668] {logging_mixin.py:115} INFO - [2022-06-11 12:13:20,668] {manager.py:508} INFO - Created Permission View: can delete on DAG:example_kubernetes_executor
[2022-06-11 12:13:20,675] {logging_mixin.py:115} INFO - [2022-06-11 12:13:20,675] {manager.py:508} INFO - Created Permission View: can read on DAG:example_kubernetes_executor
[2022-06-11 12:13:20,680] {logging_mixin.py:115} INFO - [2022-06-11 12:13:20,680] {manager.py:508} INFO - Created Permission View: can edit on DAG:example_kubernetes_executor
[2022-06-11 12:13:20,681] {logging_mixin.py:115} INFO - [2022-06-11 12:13:20,681] {dag.py:2379} INFO - Sync 1 DAGs
[2022-06-11 12:13:20,688] {logging_mixin.py:115} INFO - [2022-06-11 12:13:20,688] {dag.py:2398} INFO - Creating ORM DAG for example_kubernetes_executor
[2022-06-11 12:13:20,697] {logging_mixin.py:115} INFO - [2022-06-11 12:13:20,697] {dag.py:2931} INFO - Setting next_dagrun for example_kubernetes_executor to None, run_after=None
[2022-06-11 12:13:20,708] {processor.py:161} INFO - Processing /home/airflow/.local/lib/python3.7/site-packages/airflow/example_dags/example_kubernetes_executor.py took 0.325 seconds
[2022-06-11 12:13:51,660] {processor.py:153} INFO - Started process (PID=95) to work on /home/airflow/.local/lib/python3.7/site-packages/airflow/example_dags/example_kubernetes_executor.py
[2022-06-11 12:13:51,663] {processor.py:641} INFO - Processing file /home/airflow/.local/lib/python3.7/site-packages/airflow/example_dags/example_kubernetes_executor.py for tasks to queue
[2022-06-11 12:13:51,667] {logging_mixin.py:115} INFO - [2022-06-11 12:13:51,667] {dagbag.py:507} INFO - Filling up the DagBag from /home/airflow/.local/lib/python3.7/site-packages/airflow/example_dags/example_kubernetes_executor.py
[2022-06-11 12:13:51,686] {processor.py:651} INFO - DAG(s) dict_keys(['example_kubernetes_executor']) retrieved from /home/airflow/.local/lib/python3.7/site-packages/airflow/example_dags/example_kubernetes_executor.py
[2022-06-11 12:13:51,703] {logging_mixin.py:115} INFO - [2022-06-11 12:13:51,703] {dag.py:2379} INFO - Sync 1 DAGs
[2022-06-11 12:13:51,808] {logging_mixin.py:115} INFO - [2022-06-11 12:13:51,808] {dag.py:2931} INFO - Setting next_dagrun for example_kubernetes_executor to None, run_after=None
[2022-06-11 12:13:51,815] {processor.py:161} INFO - Processing /home/airflow/.local/lib/python3.7/site-packages/airflow/example_dags/example_kubernetes_executor.py took 0.161 seconds
[2022-06-11 12:14:22,265] {processor.py:153} INFO - Started process (PID=156) to work on /home/airflow/.local/lib/python3.7/site-packages/airflow/example_dags/example_kubernetes_executor.py
[2022-06-11 12:14:22,268] {processor.py:641} INFO - Processing file /home/airflow/.local/lib/python3.7/site-packages/airflow/example_dags/example_kubernetes_executor.py for tasks to queue
[2022-06-11 12:14:22,270] {logging_mixin.py:115} INFO - [2022-06-11 12:14:22,270] {dagbag.py:507} INFO - Filling up the DagBag from /home/airflow/.local/lib/python3.7/site-packages/airflow/example_dags/example_kubernetes_executor.py
[2022-06-11 12:14:22,291] {processor.py:651} INFO - DAG(s) dict_keys(['example_kubernetes_executor']) retrieved from /home/airflow/.local/lib/python3.7/site-packages/airflow/example_dags/example_kubernetes_executor.py
[2022-06-11 12:14:22,312] {logging_mixin.py:115} INFO - [2022-06-11 12:14:22,312] {dag.py:2379} INFO - Sync 1 DAGs
[2022-06-11 12:14:22,403] {logging_mixin.py:115} INFO - [2022-06-11 12:14:22,403] {dag.py:2931} INFO - Setting next_dagrun for example_kubernetes_executor to None, run_after=None
[2022-06-11 12:14:22,411] {processor.py:161} INFO - Processing /home/airflow/.local/lib/python3.7/site-packages/airflow/example_dags/example_kubernetes_executor.py took 0.151 seconds
[2022-06-11 12:14:52,723] {processor.py:153} INFO - Started process (PID=217) to work on /home/airflow/.local/lib/python3.7/site-packages/airflow/example_dags/example_kubernetes_executor.py
[2022-06-11 12:14:52,725] {processor.py:641} INFO - Processing file /home/airflow/.local/lib/python3.7/site-packages/airflow/example_dags/example_kubernetes_executor.py for tasks to queue
[2022-06-11 12:14:52,727] {logging_mixin.py:115} INFO - [2022-06-11 12:14:52,727] {dagbag.py:507} INFO - Filling up the DagBag from /home/airflow/.local/lib/python3.7/site-packages/airflow/example_dags/example_kubernetes_executor.py
[2022-06-11 12:14:52,742] {processor.py:651} INFO - DAG(s) dict_keys(['example_kubernetes_executor']) retrieved from /home/airflow/.local/lib/python3.7/site-packages/airflow/example_dags/example_kubernetes_executor.py
[2022-06-11 12:14:52,759] {logging_mixin.py:115} INFO - [2022-06-11 12:14:52,759] {dag.py:2379} INFO - Sync 1 DAGs
[2022-06-11 12:14:52,852] {logging_mixin.py:115} INFO - [2022-06-11 12:14:52,852] {dag.py:2931} INFO - Setting next_dagrun for example_kubernetes_executor to None, run_after=None
[2022-06-11 12:14:52,859] {processor.py:161} INFO - Processing /home/airflow/.local/lib/python3.7/site-packages/airflow/example_dags/example_kubernetes_executor.py took 0.138 seconds
[2022-06-11 12:15:23,194] {processor.py:153} INFO - Started process (PID=269) to work on /home/airflow/.local/lib/python3.7/site-packages/airflow/example_dags/example_kubernetes_executor.py
[2022-06-11 12:15:23,195] {processor.py:641} INFO - Processing file /home/airflow/.local/lib/python3.7/site-packages/airflow/example_dags/example_kubernetes_executor.py for tasks to queue
[2022-06-11 12:15:23,196] {logging_mixin.py:115} INFO - [2022-06-11 12:15:23,195] {dagbag.py:507} INFO - Filling up the DagBag from /home/airflow/.local/lib/python3.7/site-packages/airflow/example_dags/example_kubernetes_executor.py
[2022-06-11 12:15:23,211] {processor.py:651} INFO - DAG(s) dict_keys(['example_kubernetes_executor']) retrieved from /home/airflow/.local/lib/python3.7/site-packages/airflow/example_dags/example_kubernetes_executor.py
[2022-06-11 12:15:23,227] {logging_mixin.py:115} INFO - [2022-06-11 12:15:23,227] {dag.py:2379} INFO - Sync 1 DAGs
[2022-06-11 12:15:23,324] {logging_mixin.py:115} INFO - [2022-06-11 12:15:23,324] {dag.py:2931} INFO - Setting next_dagrun for example_kubernetes_executor to None, run_after=None
[2022-06-11 12:15:23,331] {processor.py:161} INFO - Processing /home/airflow/.local/lib/python3.7/site-packages/airflow/example_dags/example_kubernetes_executor.py took 0.140 seconds
[2022-06-11 12:15:53,712] {processor.py:153} INFO - Started process (PID=330) to work on /home/airflow/.local/lib/python3.7/site-packages/airflow/example_dags/example_kubernetes_executor.py
[2022-06-11 12:15:53,714] {processor.py:641} INFO - Processing file /home/airflow/.local/lib/python3.7/site-packages/airflow/example_dags/example_kubernetes_executor.py for tasks to queue
[2022-06-11 12:15:53,716] {logging_mixin.py:115} INFO - [2022-06-11 12:15:53,716] {dagbag.py:507} INFO - Filling up the DagBag from /home/airflow/.local/lib/python3.7/site-packages/airflow/example_dags/example_kubernetes_executor.py
[2022-06-11 12:15:53,734] {processor.py:651} INFO - DAG(s) dict_keys(['example_kubernetes_executor']) retrieved from /home/airflow/.local/lib/python3.7/site-packages/airflow/example_dags/example_kubernetes_executor.py
[2022-06-11 12:15:53,753] {logging_mixin.py:115} INFO - [2022-06-11 12:15:53,753] {dag.py:2379} INFO - Sync 1 DAGs
[2022-06-11 12:15:53,845] {logging_mixin.py:115} INFO - [2022-06-11 12:15:53,845] {dag.py:2931} INFO - Setting next_dagrun for example_kubernetes_executor to None, run_after=None
[2022-06-11 12:15:53,854] {processor.py:161} INFO - Processing /home/airflow/.local/lib/python3.7/site-packages/airflow/example_dags/example_kubernetes_executor.py took 0.148 seconds
[2022-06-11 12:16:24,181] {processor.py:153} INFO - Started process (PID=393) to work on /home/airflow/.local/lib/python3.7/site-packages/airflow/example_dags/example_kubernetes_executor.py
[2022-06-11 12:16:24,183] {processor.py:641} INFO - Processing file /home/airflow/.local/lib/python3.7/site-packages/airflow/example_dags/example_kubernetes_executor.py for tasks to queue
[2022-06-11 12:16:24,185] {logging_mixin.py:115} INFO - [2022-06-11 12:16:24,185] {dagbag.py:507} INFO - Filling up the DagBag from /home/airflow/.local/lib/python3.7/site-packages/airflow/example_dags/example_kubernetes_executor.py
[2022-06-11 12:16:24,208] {processor.py:651} INFO - DAG(s) dict_keys(['example_kubernetes_executor']) retrieved from /home/airflow/.local/lib/python3.7/site-packages/airflow/example_dags/example_kubernetes_executor.py
[2022-06-11 12:16:24,227] {logging_mixin.py:115} INFO - [2022-06-11 12:16:24,227] {dag.py:2379} INFO - Sync 1 DAGs
[2022-06-11 12:16:24,322] {logging_mixin.py:115} INFO - [2022-06-11 12:16:24,322] {dag.py:2931} INFO - Setting next_dagrun for example_kubernetes_executor to None, run_after=None
[2022-06-11 12:16:24,331] {processor.py:161} INFO - Processing /home/airflow/.local/lib/python3.7/site-packages/airflow/example_dags/example_kubernetes_executor.py took 0.156 seconds
[2022-06-11 12:16:54,709] {processor.py:153} INFO - Started process (PID=454) to work on /home/airflow/.local/lib/python3.7/site-packages/airflow/example_dags/example_kubernetes_executor.py
[2022-06-11 12:16:54,712] {processor.py:641} INFO - Processing file /home/airflow/.local/lib/python3.7/site-packages/airflow/example_dags/example_kubernetes_executor.py for tasks to queue
[2022-06-11 12:16:54,715] {logging_mixin.py:115} INFO - [2022-06-11 12:16:54,715] {dagbag.py:507} INFO - Filling up the DagBag from /home/airflow/.local/lib/python3.7/site-packages/airflow/example_dags/example_kubernetes_executor.py
[2022-06-11 12:16:54,739] {processor.py:651} INFO - DAG(s) dict_keys(['example_kubernetes_executor']) retrieved from /home/airflow/.local/lib/python3.7/site-packages/airflow/example_dags/example_kubernetes_executor.py
[2022-06-11 12:16:54,758] {logging_mixin.py:115} INFO - [2022-06-11 12:16:54,758] {dag.py:2379} INFO - Sync 1 DAGs
[2022-06-11 12:16:54,853] {logging_mixin.py:115} INFO - [2022-06-11 12:16:54,853] {dag.py:2931} INFO - Setting next_dagrun for example_kubernetes_executor to None, run_after=None
[2022-06-11 12:16:54,860] {processor.py:161} INFO - Processing /home/airflow/.local/lib/python3.7/site-packages/airflow/example_dags/example_kubernetes_executor.py took 0.156 seconds
[2022-06-11 12:17:25,294] {processor.py:153} INFO - Started process (PID=516) to work on /home/airflow/.local/lib/python3.7/site-packages/airflow/example_dags/example_kubernetes_executor.py
[2022-06-11 12:17:25,297] {processor.py:641} INFO - Processing file /home/airflow/.local/lib/python3.7/site-packages/airflow/example_dags/example_kubernetes_executor.py for tasks to queue
[2022-06-11 12:17:25,298] {logging_mixin.py:115} INFO - [2022-06-11 12:17:25,298] {dagbag.py:507} INFO - Filling up the DagBag from /home/airflow/.local/lib/python3.7/site-packages/airflow/example_dags/example_kubernetes_executor.py
[2022-06-11 12:17:25,321] {processor.py:651} INFO - DAG(s) dict_keys(['example_kubernetes_executor']) retrieved from /home/airflow/.local/lib/python3.7/site-packages/airflow/example_dags/example_kubernetes_executor.py
[2022-06-11 12:17:25,339] {logging_mixin.py:115} INFO - [2022-06-11 12:17:25,338] {dag.py:2379} INFO - Sync 1 DAGs
[2022-06-11 12:17:25,434] {logging_mixin.py:115} INFO - [2022-06-11 12:17:25,434] {dag.py:2931} INFO - Setting next_dagrun for example_kubernetes_executor to None, run_after=None
[2022-06-11 12:17:25,441] {processor.py:161} INFO - Processing /home/airflow/.local/lib/python3.7/site-packages/airflow/example_dags/example_kubernetes_executor.py took 0.152 seconds
[2022-06-11 12:17:55,835] {processor.py:153} INFO - Started process (PID=577) to work on /home/airflow/.local/lib/python3.7/site-packages/airflow/example_dags/example_kubernetes_executor.py
[2022-06-11 12:17:55,838] {processor.py:641} INFO - Processing file /home/airflow/.local/lib/python3.7/site-packages/airflow/example_dags/example_kubernetes_executor.py for tasks to queue
[2022-06-11 12:17:55,840] {logging_mixin.py:115} INFO - [2022-06-11 12:17:55,840] {dagbag.py:507} INFO - Filling up the DagBag from /home/airflow/.local/lib/python3.7/site-packages/airflow/example_dags/example_kubernetes_executor.py
[2022-06-11 12:17:55,860] {processor.py:651} INFO - DAG(s) dict_keys(['example_kubernetes_executor']) retrieved from /home/airflow/.local/lib/python3.7/site-packages/airflow/example_dags/example_kubernetes_executor.py
[2022-06-11 12:17:55,878] {logging_mixin.py:115} INFO - [2022-06-11 12:17:55,878] {dag.py:2379} INFO - Sync 1 DAGs
[2022-06-11 12:17:55,970] {logging_mixin.py:115} INFO - [2022-06-11 12:17:55,970] {dag.py:2931} INFO - Setting next_dagrun for example_kubernetes_executor to None, run_after=None
[2022-06-11 12:17:55,977] {processor.py:161} INFO - Processing /home/airflow/.local/lib/python3.7/site-packages/airflow/example_dags/example_kubernetes_executor.py took 0.146 seconds
[2022-06-11 12:18:26,350] {processor.py:153} INFO - Started process (PID=638) to work on /home/airflow/.local/lib/python3.7/site-packages/airflow/example_dags/example_kubernetes_executor.py
[2022-06-11 12:18:26,351] {processor.py:641} INFO - Processing file /home/airflow/.local/lib/python3.7/site-packages/airflow/example_dags/example_kubernetes_executor.py for tasks to queue
[2022-06-11 12:18:26,352] {logging_mixin.py:115} INFO - [2022-06-11 12:18:26,352] {dagbag.py:507} INFO - Filling up the DagBag from /home/airflow/.local/lib/python3.7/site-packages/airflow/example_dags/example_kubernetes_executor.py
[2022-06-11 12:18:26,368] {processor.py:651} INFO - DAG(s) dict_keys(['example_kubernetes_executor']) retrieved from /home/airflow/.local/lib/python3.7/site-packages/airflow/example_dags/example_kubernetes_executor.py
[2022-06-11 12:18:26,386] {logging_mixin.py:115} INFO - [2022-06-11 12:18:26,386] {dag.py:2379} INFO - Sync 1 DAGs
[2022-06-11 12:18:26,484] {logging_mixin.py:115} INFO - [2022-06-11 12:18:26,484] {dag.py:2931} INFO - Setting next_dagrun for example_kubernetes_executor to None, run_after=None
[2022-06-11 12:18:26,495] {processor.py:161} INFO - Processing /home/airflow/.local/lib/python3.7/site-packages/airflow/example_dags/example_kubernetes_executor.py took 0.148 seconds
[2022-06-11 12:18:57,272] {processor.py:153} INFO - Started process (PID=690) to work on /home/airflow/.local/lib/python3.7/site-packages/airflow/example_dags/example_kubernetes_executor.py
[2022-06-11 12:18:57,275] {processor.py:641} INFO - Processing file /home/airflow/.local/lib/python3.7/site-packages/airflow/example_dags/example_kubernetes_executor.py for tasks to queue
[2022-06-11 12:18:57,277] {logging_mixin.py:115} INFO - [2022-06-11 12:18:57,277] {dagbag.py:507} INFO - Filling up the DagBag from /home/airflow/.local/lib/python3.7/site-packages/airflow/example_dags/example_kubernetes_executor.py
[2022-06-11 12:18:57,298] {processor.py:651} INFO - DAG(s) dict_keys(['example_kubernetes_executor']) retrieved from /home/airflow/.local/lib/python3.7/site-packages/airflow/example_dags/example_kubernetes_executor.py
[2022-06-11 12:18:57,317] {logging_mixin.py:115} INFO - [2022-06-11 12:18:57,317] {dag.py:2379} INFO - Sync 1 DAGs
[2022-06-11 12:18:57,410] {logging_mixin.py:115} INFO - [2022-06-11 12:18:57,410] {dag.py:2931} INFO - Setting next_dagrun for example_kubernetes_executor to None, run_after=None
[2022-06-11 12:18:57,417] {processor.py:161} INFO - Processing /home/airflow/.local/lib/python3.7/site-packages/airflow/example_dags/example_kubernetes_executor.py took 0.151 seconds
[2022-06-11 12:19:28,112] {processor.py:153} INFO - Started process (PID=751) to work on /home/airflow/.local/lib/python3.7/site-packages/airflow/example_dags/example_kubernetes_executor.py
[2022-06-11 12:19:28,116] {processor.py:641} INFO - Processing file /home/airflow/.local/lib/python3.7/site-packages/airflow/example_dags/example_kubernetes_executor.py for tasks to queue
[2022-06-11 12:19:28,119] {logging_mixin.py:115} INFO - [2022-06-11 12:19:28,119] {dagbag.py:507} INFO - Filling up the DagBag from /home/airflow/.local/lib/python3.7/site-packages/airflow/example_dags/example_kubernetes_executor.py
[2022-06-11 12:19:28,141] {processor.py:651} INFO - DAG(s) dict_keys(['example_kubernetes_executor']) retrieved from /home/airflow/.local/lib/python3.7/site-packages/airflow/example_dags/example_kubernetes_executor.py
[2022-06-11 12:19:28,166] {logging_mixin.py:115} INFO - [2022-06-11 12:19:28,166] {dag.py:2379} INFO - Sync 1 DAGs
[2022-06-11 12:19:28,257] {logging_mixin.py:115} INFO - [2022-06-11 12:19:28,257] {dag.py:2931} INFO - Setting next_dagrun for example_kubernetes_executor to None, run_after=None
[2022-06-11 12:19:28,266] {processor.py:161} INFO - Processing /home/airflow/.local/lib/python3.7/site-packages/airflow/example_dags/example_kubernetes_executor.py took 0.158 seconds
[2022-06-11 12:19:59,095] {processor.py:153} INFO - Started process (PID=813) to work on /home/airflow/.local/lib/python3.7/site-packages/airflow/example_dags/example_kubernetes_executor.py
[2022-06-11 12:19:59,097] {processor.py:641} INFO - Processing file /home/airflow/.local/lib/python3.7/site-packages/airflow/example_dags/example_kubernetes_executor.py for tasks to queue
[2022-06-11 12:19:59,099] {logging_mixin.py:115} INFO - [2022-06-11 12:19:59,099] {dagbag.py:507} INFO - Filling up the DagBag from /home/airflow/.local/lib/python3.7/site-packages/airflow/example_dags/example_kubernetes_executor.py
[2022-06-11 12:19:59,121] {processor.py:651} INFO - DAG(s) dict_keys(['example_kubernetes_executor']) retrieved from /home/airflow/.local/lib/python3.7/site-packages/airflow/example_dags/example_kubernetes_executor.py
[2022-06-11 12:19:59,140] {logging_mixin.py:115} INFO - [2022-06-11 12:19:59,140] {dag.py:2379} INFO - Sync 1 DAGs
[2022-06-11 12:19:59,230] {logging_mixin.py:115} INFO - [2022-06-11 12:19:59,230] {dag.py:2931} INFO - Setting next_dagrun for example_kubernetes_executor to None, run_after=None
[2022-06-11 12:19:59,238] {processor.py:161} INFO - Processing /home/airflow/.local/lib/python3.7/site-packages/airflow/example_dags/example_kubernetes_executor.py took 0.148 seconds
[2022-06-11 12:20:30,212] {processor.py:153} INFO - Started process (PID=873) to work on /home/airflow/.local/lib/python3.7/site-packages/airflow/example_dags/example_kubernetes_executor.py
[2022-06-11 12:20:30,214] {processor.py:641} INFO - Processing file /home/airflow/.local/lib/python3.7/site-packages/airflow/example_dags/example_kubernetes_executor.py for tasks to queue
[2022-06-11 12:20:30,216] {logging_mixin.py:115} INFO - [2022-06-11 12:20:30,216] {dagbag.py:507} INFO - Filling up the DagBag from /home/airflow/.local/lib/python3.7/site-packages/airflow/example_dags/example_kubernetes_executor.py
[2022-06-11 12:20:30,236] {processor.py:651} INFO - DAG(s) dict_keys(['example_kubernetes_executor']) retrieved from /home/airflow/.local/lib/python3.7/site-packages/airflow/example_dags/example_kubernetes_executor.py
[2022-06-11 12:20:30,256] {logging_mixin.py:115} INFO - [2022-06-11 12:20:30,256] {dag.py:2379} INFO - Sync 1 DAGs
[2022-06-11 12:20:30,352] {logging_mixin.py:115} INFO - [2022-06-11 12:20:30,352] {dag.py:2931} INFO - Setting next_dagrun for example_kubernetes_executor to None, run_after=None
[2022-06-11 12:20:30,360] {processor.py:161} INFO - Processing /home/airflow/.local/lib/python3.7/site-packages/airflow/example_dags/example_kubernetes_executor.py took 0.153 seconds
[2022-06-11 12:21:00,472] {processor.py:153} INFO - Started process (PID=935) to work on /home/airflow/.local/lib/python3.7/site-packages/airflow/example_dags/example_kubernetes_executor.py
[2022-06-11 12:21:00,473] {processor.py:641} INFO - Processing file /home/airflow/.local/lib/python3.7/site-packages/airflow/example_dags/example_kubernetes_executor.py for tasks to queue
[2022-06-11 12:21:00,475] {logging_mixin.py:115} INFO - [2022-06-11 12:21:00,475] {dagbag.py:507} INFO - Filling up the DagBag from /home/airflow/.local/lib/python3.7/site-packages/airflow/example_dags/example_kubernetes_executor.py
[2022-06-11 12:21:00,490] {processor.py:651} INFO - DAG(s) dict_keys(['example_kubernetes_executor']) retrieved from /home/airflow/.local/lib/python3.7/site-packages/airflow/example_dags/example_kubernetes_executor.py
[2022-06-11 12:21:00,507] {logging_mixin.py:115} INFO - [2022-06-11 12:21:00,507] {dag.py:2379} INFO - Sync 1 DAGs
[2022-06-11 12:21:00,600] {logging_mixin.py:115} INFO - [2022-06-11 12:21:00,600] {dag.py:2931} INFO - Setting next_dagrun for example_kubernetes_executor to None, run_after=None
[2022-06-11 12:21:00,609] {processor.py:161} INFO - Processing /home/airflow/.local/lib/python3.7/site-packages/airflow/example_dags/example_kubernetes_executor.py took 0.139 seconds
[2022-06-11 12:21:30,761] {processor.py:153} INFO - Started process (PID=996) to work on /home/airflow/.local/lib/python3.7/site-packages/airflow/example_dags/example_kubernetes_executor.py
[2022-06-11 12:21:30,763] {processor.py:641} INFO - Processing file /home/airflow/.local/lib/python3.7/site-packages/airflow/example_dags/example_kubernetes_executor.py for tasks to queue
[2022-06-11 12:21:30,764] {logging_mixin.py:115} INFO - [2022-06-11 12:21:30,764] {dagbag.py:507} INFO - Filling up the DagBag from /home/airflow/.local/lib/python3.7/site-packages/airflow/example_dags/example_kubernetes_executor.py
[2022-06-11 12:21:30,780] {processor.py:651} INFO - DAG(s) dict_keys(['example_kubernetes_executor']) retrieved from /home/airflow/.local/lib/python3.7/site-packages/airflow/example_dags/example_kubernetes_executor.py
[2022-06-11 12:21:30,799] {logging_mixin.py:115} INFO - [2022-06-11 12:21:30,799] {dag.py:2379} INFO - Sync 1 DAGs
[2022-06-11 12:21:30,889] {logging_mixin.py:115} INFO - [2022-06-11 12:21:30,889] {dag.py:2931} INFO - Setting next_dagrun for example_kubernetes_executor to None, run_after=None
[2022-06-11 12:21:30,897] {processor.py:161} INFO - Processing /home/airflow/.local/lib/python3.7/site-packages/airflow/example_dags/example_kubernetes_executor.py took 0.138 seconds
[2022-06-11 12:22:00,948] {processor.py:153} INFO - Started process (PID=1049) to work on /home/airflow/.local/lib/python3.7/site-packages/airflow/example_dags/example_kubernetes_executor.py
[2022-06-11 12:22:00,949] {processor.py:641} INFO - Processing file /home/airflow/.local/lib/python3.7/site-packages/airflow/example_dags/example_kubernetes_executor.py for tasks to queue
[2022-06-11 12:22:00,950] {logging_mixin.py:115} INFO - [2022-06-11 12:22:00,950] {dagbag.py:507} INFO - Filling up the DagBag from /home/airflow/.local/lib/python3.7/site-packages/airflow/example_dags/example_kubernetes_executor.py
[2022-06-11 12:22:00,965] {processor.py:651} INFO - DAG(s) dict_keys(['example_kubernetes_executor']) retrieved from /home/airflow/.local/lib/python3.7/site-packages/airflow/example_dags/example_kubernetes_executor.py
[2022-06-11 12:22:00,984] {logging_mixin.py:115} INFO - [2022-06-11 12:22:00,984] {dag.py:2379} INFO - Sync 1 DAGs
[2022-06-11 12:22:01,075] {logging_mixin.py:115} INFO - [2022-06-11 12:22:01,075] {dag.py:2931} INFO - Setting next_dagrun for example_kubernetes_executor to None, run_after=None
[2022-06-11 12:22:01,083] {processor.py:161} INFO - Processing /home/airflow/.local/lib/python3.7/site-packages/airflow/example_dags/example_kubernetes_executor.py took 0.137 seconds
[2022-06-11 12:22:31,974] {processor.py:153} INFO - Started process (PID=1109) to work on /home/airflow/.local/lib/python3.7/site-packages/airflow/example_dags/example_kubernetes_executor.py
[2022-06-11 12:22:31,977] {processor.py:641} INFO - Processing file /home/airflow/.local/lib/python3.7/site-packages/airflow/example_dags/example_kubernetes_executor.py for tasks to queue
[2022-06-11 12:22:31,980] {logging_mixin.py:115} INFO - [2022-06-11 12:22:31,980] {dagbag.py:507} INFO - Filling up the DagBag from /home/airflow/.local/lib/python3.7/site-packages/airflow/example_dags/example_kubernetes_executor.py
[2022-06-11 12:22:32,001] {processor.py:651} INFO - DAG(s) dict_keys(['example_kubernetes_executor']) retrieved from /home/airflow/.local/lib/python3.7/site-packages/airflow/example_dags/example_kubernetes_executor.py
[2022-06-11 12:22:32,020] {logging_mixin.py:115} INFO - [2022-06-11 12:22:32,020] {dag.py:2379} INFO - Sync 1 DAGs
[2022-06-11 12:22:32,110] {logging_mixin.py:115} INFO - [2022-06-11 12:22:32,110] {dag.py:2931} INFO - Setting next_dagrun for example_kubernetes_executor to None, run_after=None
[2022-06-11 12:22:32,118] {processor.py:161} INFO - Processing /home/airflow/.local/lib/python3.7/site-packages/airflow/example_dags/example_kubernetes_executor.py took 0.148 seconds
[2022-06-11 12:23:02,851] {processor.py:153} INFO - Started process (PID=1170) to work on /home/airflow/.local/lib/python3.7/site-packages/airflow/example_dags/example_kubernetes_executor.py
[2022-06-11 12:23:02,856] {processor.py:641} INFO - Processing file /home/airflow/.local/lib/python3.7/site-packages/airflow/example_dags/example_kubernetes_executor.py for tasks to queue
[2022-06-11 12:23:02,860] {logging_mixin.py:115} INFO - [2022-06-11 12:23:02,860] {dagbag.py:507} INFO - Filling up the DagBag from /home/airflow/.local/lib/python3.7/site-packages/airflow/example_dags/example_kubernetes_executor.py
[2022-06-11 12:23:02,906] {processor.py:651} INFO - DAG(s) dict_keys(['example_kubernetes_executor']) retrieved from /home/airflow/.local/lib/python3.7/site-packages/airflow/example_dags/example_kubernetes_executor.py
[2022-06-11 12:23:02,930] {logging_mixin.py:115} INFO - [2022-06-11 12:23:02,930] {dag.py:2379} INFO - Sync 1 DAGs
[2022-06-11 12:23:03,020] {logging_mixin.py:115} INFO - [2022-06-11 12:23:03,020] {dag.py:2931} INFO - Setting next_dagrun for example_kubernetes_executor to None, run_after=None
[2022-06-11 12:23:03,063] {processor.py:161} INFO - Processing /home/airflow/.local/lib/python3.7/site-packages/airflow/example_dags/example_kubernetes_executor.py took 0.217 seconds
[2022-06-11 12:23:33,920] {processor.py:153} INFO - Started process (PID=1231) to work on /home/airflow/.local/lib/python3.7/site-packages/airflow/example_dags/example_kubernetes_executor.py
[2022-06-11 12:23:33,921] {processor.py:641} INFO - Processing file /home/airflow/.local/lib/python3.7/site-packages/airflow/example_dags/example_kubernetes_executor.py for tasks to queue
[2022-06-11 12:23:33,922] {logging_mixin.py:115} INFO - [2022-06-11 12:23:33,922] {dagbag.py:507} INFO - Filling up the DagBag from /home/airflow/.local/lib/python3.7/site-packages/airflow/example_dags/example_kubernetes_executor.py
[2022-06-11 12:23:33,937] {processor.py:651} INFO - DAG(s) dict_keys(['example_kubernetes_executor']) retrieved from /home/airflow/.local/lib/python3.7/site-packages/airflow/example_dags/example_kubernetes_executor.py
[2022-06-11 12:23:33,955] {logging_mixin.py:115} INFO - [2022-06-11 12:23:33,955] {dag.py:2379} INFO - Sync 1 DAGs
[2022-06-11 12:23:34,056] {logging_mixin.py:115} INFO - [2022-06-11 12:23:34,056] {dag.py:2931} INFO - Setting next_dagrun for example_kubernetes_executor to None, run_after=None
[2022-06-11 12:23:34,065] {processor.py:161} INFO - Processing /home/airflow/.local/lib/python3.7/site-packages/airflow/example_dags/example_kubernetes_executor.py took 0.148 seconds
