[2022-06-11 12:13:25,975] {processor.py:153} INFO - Started process (PID=72) to work on /home/airflow/.local/lib/python3.7/site-packages/airflow/example_dags/example_branch_operator.py
[2022-06-11 12:13:25,977] {processor.py:641} INFO - Processing file /home/airflow/.local/lib/python3.7/site-packages/airflow/example_dags/example_branch_operator.py for tasks to queue
[2022-06-11 12:13:25,979] {logging_mixin.py:115} INFO - [2022-06-11 12:13:25,979] {dagbag.py:507} INFO - Filling up the DagBag from /home/airflow/.local/lib/python3.7/site-packages/airflow/example_dags/example_branch_operator.py
[2022-06-11 12:13:25,987] {processor.py:651} INFO - DAG(s) dict_keys(['example_branch_operator']) retrieved from /home/airflow/.local/lib/python3.7/site-packages/airflow/example_dags/example_branch_operator.py
[2022-06-11 12:13:26,231] {logging_mixin.py:115} INFO - [2022-06-11 12:13:26,231] {manager.py:508} INFO - Created Permission View: can delete on DAG:example_branch_operator
[2022-06-11 12:13:26,240] {logging_mixin.py:115} INFO - [2022-06-11 12:13:26,240] {manager.py:508} INFO - Created Permission View: can read on DAG:example_branch_operator
[2022-06-11 12:13:26,246] {logging_mixin.py:115} INFO - [2022-06-11 12:13:26,246] {manager.py:508} INFO - Created Permission View: can edit on DAG:example_branch_operator
[2022-06-11 12:13:26,247] {logging_mixin.py:115} INFO - [2022-06-11 12:13:26,247] {dag.py:2379} INFO - Sync 1 DAGs
[2022-06-11 12:13:26,254] {logging_mixin.py:115} INFO - [2022-06-11 12:13:26,254] {dag.py:2398} INFO - Creating ORM DAG for example_branch_operator
[2022-06-11 12:13:26,265] {logging_mixin.py:115} INFO - [2022-06-11 12:13:26,265] {dag.py:2931} INFO - Setting next_dagrun for example_branch_operator to 2022-06-10T00:00:00+00:00, run_after=2022-06-11T00:00:00+00:00
[2022-06-11 12:13:26,278] {processor.py:161} INFO - Processing /home/airflow/.local/lib/python3.7/site-packages/airflow/example_dags/example_branch_operator.py took 0.305 seconds
[2022-06-11 12:13:56,687] {processor.py:153} INFO - Started process (PID=124) to work on /home/airflow/.local/lib/python3.7/site-packages/airflow/example_dags/example_branch_operator.py
[2022-06-11 12:13:56,688] {processor.py:641} INFO - Processing file /home/airflow/.local/lib/python3.7/site-packages/airflow/example_dags/example_branch_operator.py for tasks to queue
[2022-06-11 12:13:56,690] {logging_mixin.py:115} INFO - [2022-06-11 12:13:56,690] {dagbag.py:507} INFO - Filling up the DagBag from /home/airflow/.local/lib/python3.7/site-packages/airflow/example_dags/example_branch_operator.py
[2022-06-11 12:13:56,697] {processor.py:651} INFO - DAG(s) dict_keys(['example_branch_operator']) retrieved from /home/airflow/.local/lib/python3.7/site-packages/airflow/example_dags/example_branch_operator.py
[2022-06-11 12:13:56,715] {logging_mixin.py:115} INFO - [2022-06-11 12:13:56,715] {dag.py:2379} INFO - Sync 1 DAGs
[2022-06-11 12:13:56,730] {logging_mixin.py:115} INFO - [2022-06-11 12:13:56,730] {dag.py:2931} INFO - Setting next_dagrun for example_branch_operator to 2022-06-10T00:00:00+00:00, run_after=2022-06-11T00:00:00+00:00
[2022-06-11 12:13:56,818] {processor.py:161} INFO - Processing /home/airflow/.local/lib/python3.7/site-packages/airflow/example_dags/example_branch_operator.py took 0.134 seconds
[2022-06-11 12:14:27,202] {processor.py:153} INFO - Started process (PID=185) to work on /home/airflow/.local/lib/python3.7/site-packages/airflow/example_dags/example_branch_operator.py
[2022-06-11 12:14:27,204] {processor.py:641} INFO - Processing file /home/airflow/.local/lib/python3.7/site-packages/airflow/example_dags/example_branch_operator.py for tasks to queue
[2022-06-11 12:14:27,205] {logging_mixin.py:115} INFO - [2022-06-11 12:14:27,205] {dagbag.py:507} INFO - Filling up the DagBag from /home/airflow/.local/lib/python3.7/site-packages/airflow/example_dags/example_branch_operator.py
[2022-06-11 12:14:27,212] {processor.py:651} INFO - DAG(s) dict_keys(['example_branch_operator']) retrieved from /home/airflow/.local/lib/python3.7/site-packages/airflow/example_dags/example_branch_operator.py
[2022-06-11 12:14:27,230] {logging_mixin.py:115} INFO - [2022-06-11 12:14:27,229] {dag.py:2379} INFO - Sync 1 DAGs
[2022-06-11 12:14:27,245] {logging_mixin.py:115} INFO - [2022-06-11 12:14:27,244] {dag.py:2931} INFO - Setting next_dagrun for example_branch_operator to 2022-06-10T00:00:00+00:00, run_after=2022-06-11T00:00:00+00:00
[2022-06-11 12:14:27,331] {processor.py:161} INFO - Processing /home/airflow/.local/lib/python3.7/site-packages/airflow/example_dags/example_branch_operator.py took 0.131 seconds
[2022-06-11 12:14:57,663] {processor.py:153} INFO - Started process (PID=246) to work on /home/airflow/.local/lib/python3.7/site-packages/airflow/example_dags/example_branch_operator.py
[2022-06-11 12:14:57,664] {processor.py:641} INFO - Processing file /home/airflow/.local/lib/python3.7/site-packages/airflow/example_dags/example_branch_operator.py for tasks to queue
[2022-06-11 12:14:57,666] {logging_mixin.py:115} INFO - [2022-06-11 12:14:57,666] {dagbag.py:507} INFO - Filling up the DagBag from /home/airflow/.local/lib/python3.7/site-packages/airflow/example_dags/example_branch_operator.py
[2022-06-11 12:14:57,673] {processor.py:651} INFO - DAG(s) dict_keys(['example_branch_operator']) retrieved from /home/airflow/.local/lib/python3.7/site-packages/airflow/example_dags/example_branch_operator.py
[2022-06-11 12:14:57,692] {logging_mixin.py:115} INFO - [2022-06-11 12:14:57,692] {dag.py:2379} INFO - Sync 1 DAGs
[2022-06-11 12:14:57,707] {logging_mixin.py:115} INFO - [2022-06-11 12:14:57,707] {dag.py:2931} INFO - Setting next_dagrun for example_branch_operator to 2022-06-10T00:00:00+00:00, run_after=2022-06-11T00:00:00+00:00
[2022-06-11 12:14:57,796] {processor.py:161} INFO - Processing /home/airflow/.local/lib/python3.7/site-packages/airflow/example_dags/example_branch_operator.py took 0.135 seconds
[2022-06-11 12:15:28,161] {processor.py:153} INFO - Started process (PID=307) to work on /home/airflow/.local/lib/python3.7/site-packages/airflow/example_dags/example_branch_operator.py
[2022-06-11 12:15:28,162] {processor.py:641} INFO - Processing file /home/airflow/.local/lib/python3.7/site-packages/airflow/example_dags/example_branch_operator.py for tasks to queue
[2022-06-11 12:15:28,163] {logging_mixin.py:115} INFO - [2022-06-11 12:15:28,163] {dagbag.py:507} INFO - Filling up the DagBag from /home/airflow/.local/lib/python3.7/site-packages/airflow/example_dags/example_branch_operator.py
[2022-06-11 12:15:28,171] {processor.py:651} INFO - DAG(s) dict_keys(['example_branch_operator']) retrieved from /home/airflow/.local/lib/python3.7/site-packages/airflow/example_dags/example_branch_operator.py
[2022-06-11 12:15:28,187] {logging_mixin.py:115} INFO - [2022-06-11 12:15:28,187] {dag.py:2379} INFO - Sync 1 DAGs
[2022-06-11 12:15:28,203] {logging_mixin.py:115} INFO - [2022-06-11 12:15:28,203] {dag.py:2931} INFO - Setting next_dagrun for example_branch_operator to 2022-06-10T00:00:00+00:00, run_after=2022-06-11T00:00:00+00:00
[2022-06-11 12:15:28,289] {processor.py:161} INFO - Processing /home/airflow/.local/lib/python3.7/site-packages/airflow/example_dags/example_branch_operator.py took 0.130 seconds
[2022-06-11 12:15:58,608] {processor.py:153} INFO - Started process (PID=369) to work on /home/airflow/.local/lib/python3.7/site-packages/airflow/example_dags/example_branch_operator.py
[2022-06-11 12:15:58,609] {processor.py:641} INFO - Processing file /home/airflow/.local/lib/python3.7/site-packages/airflow/example_dags/example_branch_operator.py for tasks to queue
[2022-06-11 12:15:58,610] {logging_mixin.py:115} INFO - [2022-06-11 12:15:58,610] {dagbag.py:507} INFO - Filling up the DagBag from /home/airflow/.local/lib/python3.7/site-packages/airflow/example_dags/example_branch_operator.py
[2022-06-11 12:15:58,618] {processor.py:651} INFO - DAG(s) dict_keys(['example_branch_operator']) retrieved from /home/airflow/.local/lib/python3.7/site-packages/airflow/example_dags/example_branch_operator.py
[2022-06-11 12:15:58,636] {logging_mixin.py:115} INFO - [2022-06-11 12:15:58,636] {dag.py:2379} INFO - Sync 1 DAGs
[2022-06-11 12:15:58,651] {logging_mixin.py:115} INFO - [2022-06-11 12:15:58,651] {dag.py:2931} INFO - Setting next_dagrun for example_branch_operator to 2022-06-10T00:00:00+00:00, run_after=2022-06-11T00:00:00+00:00
[2022-06-11 12:15:58,736] {processor.py:161} INFO - Processing /home/airflow/.local/lib/python3.7/site-packages/airflow/example_dags/example_branch_operator.py took 0.132 seconds
[2022-06-11 12:16:29,074] {processor.py:153} INFO - Started process (PID=430) to work on /home/airflow/.local/lib/python3.7/site-packages/airflow/example_dags/example_branch_operator.py
[2022-06-11 12:16:29,076] {processor.py:641} INFO - Processing file /home/airflow/.local/lib/python3.7/site-packages/airflow/example_dags/example_branch_operator.py for tasks to queue
[2022-06-11 12:16:29,077] {logging_mixin.py:115} INFO - [2022-06-11 12:16:29,077] {dagbag.py:507} INFO - Filling up the DagBag from /home/airflow/.local/lib/python3.7/site-packages/airflow/example_dags/example_branch_operator.py
[2022-06-11 12:16:29,084] {processor.py:651} INFO - DAG(s) dict_keys(['example_branch_operator']) retrieved from /home/airflow/.local/lib/python3.7/site-packages/airflow/example_dags/example_branch_operator.py
[2022-06-11 12:16:29,101] {logging_mixin.py:115} INFO - [2022-06-11 12:16:29,101] {dag.py:2379} INFO - Sync 1 DAGs
[2022-06-11 12:16:29,116] {logging_mixin.py:115} INFO - [2022-06-11 12:16:29,116] {dag.py:2931} INFO - Setting next_dagrun for example_branch_operator to 2022-06-10T00:00:00+00:00, run_after=2022-06-11T00:00:00+00:00
[2022-06-11 12:16:29,203] {processor.py:161} INFO - Processing /home/airflow/.local/lib/python3.7/site-packages/airflow/example_dags/example_branch_operator.py took 0.130 seconds
[2022-06-11 12:16:59,701] {processor.py:153} INFO - Started process (PID=483) to work on /home/airflow/.local/lib/python3.7/site-packages/airflow/example_dags/example_branch_operator.py
[2022-06-11 12:16:59,702] {processor.py:641} INFO - Processing file /home/airflow/.local/lib/python3.7/site-packages/airflow/example_dags/example_branch_operator.py for tasks to queue
[2022-06-11 12:16:59,703] {logging_mixin.py:115} INFO - [2022-06-11 12:16:59,703] {dagbag.py:507} INFO - Filling up the DagBag from /home/airflow/.local/lib/python3.7/site-packages/airflow/example_dags/example_branch_operator.py
[2022-06-11 12:16:59,710] {processor.py:651} INFO - DAG(s) dict_keys(['example_branch_operator']) retrieved from /home/airflow/.local/lib/python3.7/site-packages/airflow/example_dags/example_branch_operator.py
[2022-06-11 12:16:59,729] {logging_mixin.py:115} INFO - [2022-06-11 12:16:59,729] {dag.py:2379} INFO - Sync 1 DAGs
[2022-06-11 12:16:59,746] {logging_mixin.py:115} INFO - [2022-06-11 12:16:59,745] {dag.py:2931} INFO - Setting next_dagrun for example_branch_operator to 2022-06-10T00:00:00+00:00, run_after=2022-06-11T00:00:00+00:00
[2022-06-11 12:16:59,834] {processor.py:161} INFO - Processing /home/airflow/.local/lib/python3.7/site-packages/airflow/example_dags/example_branch_operator.py took 0.135 seconds
[2022-06-11 12:17:30,282] {processor.py:153} INFO - Started process (PID=545) to work on /home/airflow/.local/lib/python3.7/site-packages/airflow/example_dags/example_branch_operator.py
[2022-06-11 12:17:30,283] {processor.py:641} INFO - Processing file /home/airflow/.local/lib/python3.7/site-packages/airflow/example_dags/example_branch_operator.py for tasks to queue
[2022-06-11 12:17:30,284] {logging_mixin.py:115} INFO - [2022-06-11 12:17:30,284] {dagbag.py:507} INFO - Filling up the DagBag from /home/airflow/.local/lib/python3.7/site-packages/airflow/example_dags/example_branch_operator.py
[2022-06-11 12:17:30,292] {processor.py:651} INFO - DAG(s) dict_keys(['example_branch_operator']) retrieved from /home/airflow/.local/lib/python3.7/site-packages/airflow/example_dags/example_branch_operator.py
[2022-06-11 12:17:30,309] {logging_mixin.py:115} INFO - [2022-06-11 12:17:30,309] {dag.py:2379} INFO - Sync 1 DAGs
[2022-06-11 12:17:30,326] {logging_mixin.py:115} INFO - [2022-06-11 12:17:30,326] {dag.py:2931} INFO - Setting next_dagrun for example_branch_operator to 2022-06-10T00:00:00+00:00, run_after=2022-06-11T00:00:00+00:00
[2022-06-11 12:17:30,412] {processor.py:161} INFO - Processing /home/airflow/.local/lib/python3.7/site-packages/airflow/example_dags/example_branch_operator.py took 0.133 seconds
[2022-06-11 12:18:00,825] {processor.py:153} INFO - Started process (PID=606) to work on /home/airflow/.local/lib/python3.7/site-packages/airflow/example_dags/example_branch_operator.py
[2022-06-11 12:18:00,826] {processor.py:641} INFO - Processing file /home/airflow/.local/lib/python3.7/site-packages/airflow/example_dags/example_branch_operator.py for tasks to queue
[2022-06-11 12:18:00,827] {logging_mixin.py:115} INFO - [2022-06-11 12:18:00,826] {dagbag.py:507} INFO - Filling up the DagBag from /home/airflow/.local/lib/python3.7/site-packages/airflow/example_dags/example_branch_operator.py
[2022-06-11 12:18:00,833] {processor.py:651} INFO - DAG(s) dict_keys(['example_branch_operator']) retrieved from /home/airflow/.local/lib/python3.7/site-packages/airflow/example_dags/example_branch_operator.py
[2022-06-11 12:18:00,850] {logging_mixin.py:115} INFO - [2022-06-11 12:18:00,850] {dag.py:2379} INFO - Sync 1 DAGs
[2022-06-11 12:18:00,865] {logging_mixin.py:115} INFO - [2022-06-11 12:18:00,864] {dag.py:2931} INFO - Setting next_dagrun for example_branch_operator to 2022-06-10T00:00:00+00:00, run_after=2022-06-11T00:00:00+00:00
[2022-06-11 12:18:00,948] {processor.py:161} INFO - Processing /home/airflow/.local/lib/python3.7/site-packages/airflow/example_dags/example_branch_operator.py took 0.126 seconds
[2022-06-11 12:18:31,713] {processor.py:153} INFO - Started process (PID=667) to work on /home/airflow/.local/lib/python3.7/site-packages/airflow/example_dags/example_branch_operator.py
[2022-06-11 12:18:31,714] {processor.py:641} INFO - Processing file /home/airflow/.local/lib/python3.7/site-packages/airflow/example_dags/example_branch_operator.py for tasks to queue
[2022-06-11 12:18:31,715] {logging_mixin.py:115} INFO - [2022-06-11 12:18:31,715] {dagbag.py:507} INFO - Filling up the DagBag from /home/airflow/.local/lib/python3.7/site-packages/airflow/example_dags/example_branch_operator.py
[2022-06-11 12:18:31,726] {processor.py:651} INFO - DAG(s) dict_keys(['example_branch_operator']) retrieved from /home/airflow/.local/lib/python3.7/site-packages/airflow/example_dags/example_branch_operator.py
[2022-06-11 12:18:31,743] {logging_mixin.py:115} INFO - [2022-06-11 12:18:31,743] {dag.py:2379} INFO - Sync 1 DAGs
[2022-06-11 12:18:31,837] {logging_mixin.py:115} INFO - [2022-06-11 12:18:31,837] {dag.py:2931} INFO - Setting next_dagrun for example_branch_operator to 2022-06-10T00:00:00+00:00, run_after=2022-06-11T00:00:00+00:00
[2022-06-11 12:18:31,846] {processor.py:161} INFO - Processing /home/airflow/.local/lib/python3.7/site-packages/airflow/example_dags/example_branch_operator.py took 0.136 seconds
[2022-06-11 12:19:02,629] {processor.py:153} INFO - Started process (PID=728) to work on /home/airflow/.local/lib/python3.7/site-packages/airflow/example_dags/example_branch_operator.py
[2022-06-11 12:19:02,630] {processor.py:641} INFO - Processing file /home/airflow/.local/lib/python3.7/site-packages/airflow/example_dags/example_branch_operator.py for tasks to queue
[2022-06-11 12:19:02,631] {logging_mixin.py:115} INFO - [2022-06-11 12:19:02,631] {dagbag.py:507} INFO - Filling up the DagBag from /home/airflow/.local/lib/python3.7/site-packages/airflow/example_dags/example_branch_operator.py
[2022-06-11 12:19:02,638] {processor.py:651} INFO - DAG(s) dict_keys(['example_branch_operator']) retrieved from /home/airflow/.local/lib/python3.7/site-packages/airflow/example_dags/example_branch_operator.py
[2022-06-11 12:19:02,658] {logging_mixin.py:115} INFO - [2022-06-11 12:19:02,658] {dag.py:2379} INFO - Sync 1 DAGs
[2022-06-11 12:19:02,752] {logging_mixin.py:115} INFO - [2022-06-11 12:19:02,752] {dag.py:2931} INFO - Setting next_dagrun for example_branch_operator to 2022-06-10T00:00:00+00:00, run_after=2022-06-11T00:00:00+00:00
[2022-06-11 12:19:02,761] {processor.py:161} INFO - Processing /home/airflow/.local/lib/python3.7/site-packages/airflow/example_dags/example_branch_operator.py took 0.135 seconds
[2022-06-11 12:19:33,481] {processor.py:153} INFO - Started process (PID=789) to work on /home/airflow/.local/lib/python3.7/site-packages/airflow/example_dags/example_branch_operator.py
[2022-06-11 12:19:33,482] {processor.py:641} INFO - Processing file /home/airflow/.local/lib/python3.7/site-packages/airflow/example_dags/example_branch_operator.py for tasks to queue
[2022-06-11 12:19:33,484] {logging_mixin.py:115} INFO - [2022-06-11 12:19:33,484] {dagbag.py:507} INFO - Filling up the DagBag from /home/airflow/.local/lib/python3.7/site-packages/airflow/example_dags/example_branch_operator.py
[2022-06-11 12:19:33,490] {processor.py:651} INFO - DAG(s) dict_keys(['example_branch_operator']) retrieved from /home/airflow/.local/lib/python3.7/site-packages/airflow/example_dags/example_branch_operator.py
[2022-06-11 12:19:33,507] {logging_mixin.py:115} INFO - [2022-06-11 12:19:33,507] {dag.py:2379} INFO - Sync 1 DAGs
[2022-06-11 12:19:33,600] {logging_mixin.py:115} INFO - [2022-06-11 12:19:33,600] {dag.py:2931} INFO - Setting next_dagrun for example_branch_operator to 2022-06-10T00:00:00+00:00, run_after=2022-06-11T00:00:00+00:00
[2022-06-11 12:19:33,608] {processor.py:161} INFO - Processing /home/airflow/.local/lib/python3.7/site-packages/airflow/example_dags/example_branch_operator.py took 0.130 seconds
[2022-06-11 12:20:04,634] {processor.py:153} INFO - Started process (PID=851) to work on /home/airflow/.local/lib/python3.7/site-packages/airflow/example_dags/example_branch_operator.py
[2022-06-11 12:20:04,635] {processor.py:641} INFO - Processing file /home/airflow/.local/lib/python3.7/site-packages/airflow/example_dags/example_branch_operator.py for tasks to queue
[2022-06-11 12:20:04,636] {logging_mixin.py:115} INFO - [2022-06-11 12:20:04,636] {dagbag.py:507} INFO - Filling up the DagBag from /home/airflow/.local/lib/python3.7/site-packages/airflow/example_dags/example_branch_operator.py
[2022-06-11 12:20:04,643] {processor.py:651} INFO - DAG(s) dict_keys(['example_branch_operator']) retrieved from /home/airflow/.local/lib/python3.7/site-packages/airflow/example_dags/example_branch_operator.py
[2022-06-11 12:20:04,661] {logging_mixin.py:115} INFO - [2022-06-11 12:20:04,661] {dag.py:2379} INFO - Sync 1 DAGs
[2022-06-11 12:20:04,757] {logging_mixin.py:115} INFO - [2022-06-11 12:20:04,757] {dag.py:2931} INFO - Setting next_dagrun for example_branch_operator to 2022-06-10T00:00:00+00:00, run_after=2022-06-11T00:00:00+00:00
[2022-06-11 12:20:04,766] {processor.py:161} INFO - Processing /home/airflow/.local/lib/python3.7/site-packages/airflow/example_dags/example_branch_operator.py took 0.134 seconds
[2022-06-11 12:20:35,060] {processor.py:153} INFO - Started process (PID=902) to work on /home/airflow/.local/lib/python3.7/site-packages/airflow/example_dags/example_branch_operator.py
[2022-06-11 12:20:35,062] {processor.py:641} INFO - Processing file /home/airflow/.local/lib/python3.7/site-packages/airflow/example_dags/example_branch_operator.py for tasks to queue
[2022-06-11 12:20:35,063] {logging_mixin.py:115} INFO - [2022-06-11 12:20:35,063] {dagbag.py:507} INFO - Filling up the DagBag from /home/airflow/.local/lib/python3.7/site-packages/airflow/example_dags/example_branch_operator.py
[2022-06-11 12:20:35,070] {processor.py:651} INFO - DAG(s) dict_keys(['example_branch_operator']) retrieved from /home/airflow/.local/lib/python3.7/site-packages/airflow/example_dags/example_branch_operator.py
[2022-06-11 12:20:35,087] {logging_mixin.py:115} INFO - [2022-06-11 12:20:35,087] {dag.py:2379} INFO - Sync 1 DAGs
[2022-06-11 12:20:35,200] {logging_mixin.py:115} INFO - [2022-06-11 12:20:35,200] {dag.py:2931} INFO - Setting next_dagrun for example_branch_operator to 2022-06-10T00:00:00+00:00, run_after=2022-06-11T00:00:00+00:00
[2022-06-11 12:20:35,209] {processor.py:161} INFO - Processing /home/airflow/.local/lib/python3.7/site-packages/airflow/example_dags/example_branch_operator.py took 0.151 seconds
[2022-06-11 12:21:05,322] {processor.py:153} INFO - Started process (PID=964) to work on /home/airflow/.local/lib/python3.7/site-packages/airflow/example_dags/example_branch_operator.py
[2022-06-11 12:21:05,324] {processor.py:641} INFO - Processing file /home/airflow/.local/lib/python3.7/site-packages/airflow/example_dags/example_branch_operator.py for tasks to queue
[2022-06-11 12:21:05,326] {logging_mixin.py:115} INFO - [2022-06-11 12:21:05,326] {dagbag.py:507} INFO - Filling up the DagBag from /home/airflow/.local/lib/python3.7/site-packages/airflow/example_dags/example_branch_operator.py
[2022-06-11 12:21:05,333] {processor.py:651} INFO - DAG(s) dict_keys(['example_branch_operator']) retrieved from /home/airflow/.local/lib/python3.7/site-packages/airflow/example_dags/example_branch_operator.py
[2022-06-11 12:21:05,351] {logging_mixin.py:115} INFO - [2022-06-11 12:21:05,350] {dag.py:2379} INFO - Sync 1 DAGs
[2022-06-11 12:21:05,443] {logging_mixin.py:115} INFO - [2022-06-11 12:21:05,443] {dag.py:2931} INFO - Setting next_dagrun for example_branch_operator to 2022-06-10T00:00:00+00:00, run_after=2022-06-11T00:00:00+00:00
[2022-06-11 12:21:05,450] {processor.py:161} INFO - Processing /home/airflow/.local/lib/python3.7/site-packages/airflow/example_dags/example_branch_operator.py took 0.131 seconds
[2022-06-11 12:21:35,530] {processor.py:153} INFO - Started process (PID=1025) to work on /home/airflow/.local/lib/python3.7/site-packages/airflow/example_dags/example_branch_operator.py
[2022-06-11 12:21:35,531] {processor.py:641} INFO - Processing file /home/airflow/.local/lib/python3.7/site-packages/airflow/example_dags/example_branch_operator.py for tasks to queue
[2022-06-11 12:21:35,532] {logging_mixin.py:115} INFO - [2022-06-11 12:21:35,532] {dagbag.py:507} INFO - Filling up the DagBag from /home/airflow/.local/lib/python3.7/site-packages/airflow/example_dags/example_branch_operator.py
[2022-06-11 12:21:35,540] {processor.py:651} INFO - DAG(s) dict_keys(['example_branch_operator']) retrieved from /home/airflow/.local/lib/python3.7/site-packages/airflow/example_dags/example_branch_operator.py
[2022-06-11 12:21:35,564] {logging_mixin.py:115} INFO - [2022-06-11 12:21:35,563] {dag.py:2379} INFO - Sync 1 DAGs
[2022-06-11 12:21:35,660] {logging_mixin.py:115} INFO - [2022-06-11 12:21:35,660] {dag.py:2931} INFO - Setting next_dagrun for example_branch_operator to 2022-06-10T00:00:00+00:00, run_after=2022-06-11T00:00:00+00:00
[2022-06-11 12:21:35,669] {processor.py:161} INFO - Processing /home/airflow/.local/lib/python3.7/site-packages/airflow/example_dags/example_branch_operator.py took 0.141 seconds
[2022-06-11 12:22:06,397] {processor.py:153} INFO - Started process (PID=1086) to work on /home/airflow/.local/lib/python3.7/site-packages/airflow/example_dags/example_branch_operator.py
[2022-06-11 12:22:06,398] {processor.py:641} INFO - Processing file /home/airflow/.local/lib/python3.7/site-packages/airflow/example_dags/example_branch_operator.py for tasks to queue
[2022-06-11 12:22:06,399] {logging_mixin.py:115} INFO - [2022-06-11 12:22:06,399] {dagbag.py:507} INFO - Filling up the DagBag from /home/airflow/.local/lib/python3.7/site-packages/airflow/example_dags/example_branch_operator.py
[2022-06-11 12:22:06,405] {processor.py:651} INFO - DAG(s) dict_keys(['example_branch_operator']) retrieved from /home/airflow/.local/lib/python3.7/site-packages/airflow/example_dags/example_branch_operator.py
[2022-06-11 12:22:06,423] {logging_mixin.py:115} INFO - [2022-06-11 12:22:06,423] {dag.py:2379} INFO - Sync 1 DAGs
[2022-06-11 12:22:06,508] {logging_mixin.py:115} INFO - [2022-06-11 12:22:06,508] {dag.py:2931} INFO - Setting next_dagrun for example_branch_operator to 2022-06-10T00:00:00+00:00, run_after=2022-06-11T00:00:00+00:00
[2022-06-11 12:22:06,515] {processor.py:161} INFO - Processing /home/airflow/.local/lib/python3.7/site-packages/airflow/example_dags/example_branch_operator.py took 0.120 seconds
[2022-06-11 12:22:37,478] {processor.py:153} INFO - Started process (PID=1147) to work on /home/airflow/.local/lib/python3.7/site-packages/airflow/example_dags/example_branch_operator.py
[2022-06-11 12:22:37,480] {processor.py:641} INFO - Processing file /home/airflow/.local/lib/python3.7/site-packages/airflow/example_dags/example_branch_operator.py for tasks to queue
[2022-06-11 12:22:37,481] {logging_mixin.py:115} INFO - [2022-06-11 12:22:37,481] {dagbag.py:507} INFO - Filling up the DagBag from /home/airflow/.local/lib/python3.7/site-packages/airflow/example_dags/example_branch_operator.py
[2022-06-11 12:22:37,488] {processor.py:651} INFO - DAG(s) dict_keys(['example_branch_operator']) retrieved from /home/airflow/.local/lib/python3.7/site-packages/airflow/example_dags/example_branch_operator.py
[2022-06-11 12:22:37,506] {logging_mixin.py:115} INFO - [2022-06-11 12:22:37,506] {dag.py:2379} INFO - Sync 1 DAGs
[2022-06-11 12:22:37,600] {logging_mixin.py:115} INFO - [2022-06-11 12:22:37,600] {dag.py:2931} INFO - Setting next_dagrun for example_branch_operator to 2022-06-10T00:00:00+00:00, run_after=2022-06-11T00:00:00+00:00
[2022-06-11 12:22:37,608] {processor.py:161} INFO - Processing /home/airflow/.local/lib/python3.7/site-packages/airflow/example_dags/example_branch_operator.py took 0.132 seconds
[2022-06-11 12:23:08,403] {processor.py:153} INFO - Started process (PID=1208) to work on /home/airflow/.local/lib/python3.7/site-packages/airflow/example_dags/example_branch_operator.py
[2022-06-11 12:23:08,404] {processor.py:641} INFO - Processing file /home/airflow/.local/lib/python3.7/site-packages/airflow/example_dags/example_branch_operator.py for tasks to queue
[2022-06-11 12:23:08,405] {logging_mixin.py:115} INFO - [2022-06-11 12:23:08,405] {dagbag.py:507} INFO - Filling up the DagBag from /home/airflow/.local/lib/python3.7/site-packages/airflow/example_dags/example_branch_operator.py
[2022-06-11 12:23:08,415] {processor.py:651} INFO - DAG(s) dict_keys(['example_branch_operator']) retrieved from /home/airflow/.local/lib/python3.7/site-packages/airflow/example_dags/example_branch_operator.py
[2022-06-11 12:23:08,433] {logging_mixin.py:115} INFO - [2022-06-11 12:23:08,432] {dag.py:2379} INFO - Sync 1 DAGs
[2022-06-11 12:23:08,527] {logging_mixin.py:115} INFO - [2022-06-11 12:23:08,527] {dag.py:2931} INFO - Setting next_dagrun for example_branch_operator to 2022-06-10T00:00:00+00:00, run_after=2022-06-11T00:00:00+00:00
[2022-06-11 12:23:08,535] {processor.py:161} INFO - Processing /home/airflow/.local/lib/python3.7/site-packages/airflow/example_dags/example_branch_operator.py took 0.135 seconds
