[2022-06-11 12:13:24,000] {processor.py:153} INFO - Started process (PID=55) to work on /home/airflow/.local/lib/python3.7/site-packages/airflow/example_dags/example_subdag_operator.py
[2022-06-11 12:13:24,003] {processor.py:641} INFO - Processing file /home/airflow/.local/lib/python3.7/site-packages/airflow/example_dags/example_subdag_operator.py for tasks to queue
[2022-06-11 12:13:24,005] {logging_mixin.py:115} INFO - [2022-06-11 12:13:24,005] {dagbag.py:507} INFO - Filling up the DagBag from /home/airflow/.local/lib/python3.7/site-packages/airflow/example_dags/example_subdag_operator.py
[2022-06-11 12:13:24,044] {processor.py:651} INFO - DAG(s) dict_keys(['example_subdag_operator.section-1', 'example_subdag_operator.section-2', 'example_subdag_operator']) retrieved from /home/airflow/.local/lib/python3.7/site-packages/airflow/example_dags/example_subdag_operator.py
[2022-06-11 12:13:24,277] {logging_mixin.py:115} INFO - [2022-06-11 12:13:24,277] {manager.py:508} INFO - Created Permission View: can delete on DAG:example_subdag_operator
[2022-06-11 12:13:24,292] {logging_mixin.py:115} INFO - [2022-06-11 12:13:24,292] {manager.py:508} INFO - Created Permission View: can read on DAG:example_subdag_operator
[2022-06-11 12:13:24,301] {logging_mixin.py:115} INFO - [2022-06-11 12:13:24,301] {manager.py:508} INFO - Created Permission View: can edit on DAG:example_subdag_operator
[2022-06-11 12:13:24,303] {logging_mixin.py:115} INFO - [2022-06-11 12:13:24,303] {dag.py:2379} INFO - Sync 3 DAGs
[2022-06-11 12:13:24,310] {logging_mixin.py:115} INFO - [2022-06-11 12:13:24,310] {dag.py:2398} INFO - Creating ORM DAG for example_subdag_operator.section-2
[2022-06-11 12:13:24,311] {logging_mixin.py:115} INFO - [2022-06-11 12:13:24,311] {dag.py:2398} INFO - Creating ORM DAG for example_subdag_operator.section-1
[2022-06-11 12:13:24,314] {logging_mixin.py:115} INFO - [2022-06-11 12:13:24,314] {dag.py:2398} INFO - Creating ORM DAG for example_subdag_operator
[2022-06-11 12:13:24,335] {logging_mixin.py:115} INFO - [2022-06-11 12:13:24,335] {dag.py:2931} INFO - Setting next_dagrun for example_subdag_operator to 2022-01-01T00:00:00+00:00, run_after=2022-01-01T00:00:00+00:00
[2022-06-11 12:13:24,337] {logging_mixin.py:115} INFO - [2022-06-11 12:13:24,337] {dag.py:2931} INFO - Setting next_dagrun for example_subdag_operator.section-1 to None, run_after=None
[2022-06-11 12:13:24,339] {logging_mixin.py:115} INFO - [2022-06-11 12:13:24,339] {dag.py:2931} INFO - Setting next_dagrun for example_subdag_operator.section-2 to None, run_after=None
[2022-06-11 12:13:24,361] {logging_mixin.py:115} INFO - [2022-06-11 12:13:24,361] {dag.py:2379} INFO - Sync 2 DAGs
[2022-06-11 12:13:24,382] {logging_mixin.py:115} INFO - [2022-06-11 12:13:24,382] {dag.py:2931} INFO - Setting next_dagrun for example_subdag_operator.section-1 to None, run_after=None
[2022-06-11 12:13:24,384] {logging_mixin.py:115} INFO - [2022-06-11 12:13:24,384] {dag.py:2931} INFO - Setting next_dagrun for example_subdag_operator.section-2 to None, run_after=None
[2022-06-11 12:13:24,398] {processor.py:161} INFO - Processing /home/airflow/.local/lib/python3.7/site-packages/airflow/example_dags/example_subdag_operator.py took 0.405 seconds
[2022-06-11 12:13:55,066] {processor.py:153} INFO - Started process (PID=116) to work on /home/airflow/.local/lib/python3.7/site-packages/airflow/example_dags/example_subdag_operator.py
[2022-06-11 12:13:55,067] {processor.py:641} INFO - Processing file /home/airflow/.local/lib/python3.7/site-packages/airflow/example_dags/example_subdag_operator.py for tasks to queue
[2022-06-11 12:13:55,068] {logging_mixin.py:115} INFO - [2022-06-11 12:13:55,068] {dagbag.py:507} INFO - Filling up the DagBag from /home/airflow/.local/lib/python3.7/site-packages/airflow/example_dags/example_subdag_operator.py
[2022-06-11 12:13:55,087] {processor.py:651} INFO - DAG(s) dict_keys(['example_subdag_operator.section-1', 'example_subdag_operator.section-2', 'example_subdag_operator']) retrieved from /home/airflow/.local/lib/python3.7/site-packages/airflow/example_dags/example_subdag_operator.py
[2022-06-11 12:13:55,108] {logging_mixin.py:115} INFO - [2022-06-11 12:13:55,108] {dag.py:2379} INFO - Sync 3 DAGs
[2022-06-11 12:13:55,123] {logging_mixin.py:115} INFO - [2022-06-11 12:13:55,123] {dag.py:2931} INFO - Setting next_dagrun for example_subdag_operator to 2022-01-01T00:00:00+00:00, run_after=2022-01-01T00:00:00+00:00
[2022-06-11 12:13:55,124] {logging_mixin.py:115} INFO - [2022-06-11 12:13:55,124] {dag.py:2931} INFO - Setting next_dagrun for example_subdag_operator.section-1 to None, run_after=None
[2022-06-11 12:13:55,125] {logging_mixin.py:115} INFO - [2022-06-11 12:13:55,125] {dag.py:2931} INFO - Setting next_dagrun for example_subdag_operator.section-2 to None, run_after=None
[2022-06-11 12:13:55,202] {logging_mixin.py:115} INFO - [2022-06-11 12:13:55,202] {dag.py:2379} INFO - Sync 2 DAGs
[2022-06-11 12:13:55,207] {logging_mixin.py:115} INFO - [2022-06-11 12:13:55,207] {dag.py:2931} INFO - Setting next_dagrun for example_subdag_operator.section-1 to None, run_after=None
[2022-06-11 12:13:55,209] {logging_mixin.py:115} INFO - [2022-06-11 12:13:55,208] {dag.py:2931} INFO - Setting next_dagrun for example_subdag_operator.section-2 to None, run_after=None
[2022-06-11 12:13:55,215] {processor.py:161} INFO - Processing /home/airflow/.local/lib/python3.7/site-packages/airflow/example_dags/example_subdag_operator.py took 0.152 seconds
[2022-06-11 12:14:25,608] {processor.py:153} INFO - Started process (PID=177) to work on /home/airflow/.local/lib/python3.7/site-packages/airflow/example_dags/example_subdag_operator.py
[2022-06-11 12:14:25,610] {processor.py:641} INFO - Processing file /home/airflow/.local/lib/python3.7/site-packages/airflow/example_dags/example_subdag_operator.py for tasks to queue
[2022-06-11 12:14:25,611] {logging_mixin.py:115} INFO - [2022-06-11 12:14:25,611] {dagbag.py:507} INFO - Filling up the DagBag from /home/airflow/.local/lib/python3.7/site-packages/airflow/example_dags/example_subdag_operator.py
[2022-06-11 12:14:25,627] {processor.py:651} INFO - DAG(s) dict_keys(['example_subdag_operator.section-1', 'example_subdag_operator.section-2', 'example_subdag_operator']) retrieved from /home/airflow/.local/lib/python3.7/site-packages/airflow/example_dags/example_subdag_operator.py
[2022-06-11 12:14:25,645] {logging_mixin.py:115} INFO - [2022-06-11 12:14:25,645] {dag.py:2379} INFO - Sync 3 DAGs
[2022-06-11 12:14:25,659] {logging_mixin.py:115} INFO - [2022-06-11 12:14:25,659] {dag.py:2931} INFO - Setting next_dagrun for example_subdag_operator to 2022-01-01T00:00:00+00:00, run_after=2022-01-01T00:00:00+00:00
[2022-06-11 12:14:25,660] {logging_mixin.py:115} INFO - [2022-06-11 12:14:25,660] {dag.py:2931} INFO - Setting next_dagrun for example_subdag_operator.section-1 to None, run_after=None
[2022-06-11 12:14:25,661] {logging_mixin.py:115} INFO - [2022-06-11 12:14:25,661] {dag.py:2931} INFO - Setting next_dagrun for example_subdag_operator.section-2 to None, run_after=None
[2022-06-11 12:14:25,736] {logging_mixin.py:115} INFO - [2022-06-11 12:14:25,736] {dag.py:2379} INFO - Sync 2 DAGs
[2022-06-11 12:14:25,740] {logging_mixin.py:115} INFO - [2022-06-11 12:14:25,740] {dag.py:2931} INFO - Setting next_dagrun for example_subdag_operator.section-1 to None, run_after=None
[2022-06-11 12:14:25,741] {logging_mixin.py:115} INFO - [2022-06-11 12:14:25,741] {dag.py:2931} INFO - Setting next_dagrun for example_subdag_operator.section-2 to None, run_after=None
[2022-06-11 12:14:25,746] {processor.py:161} INFO - Processing /home/airflow/.local/lib/python3.7/site-packages/airflow/example_dags/example_subdag_operator.py took 0.139 seconds
[2022-06-11 12:14:56,046] {processor.py:153} INFO - Started process (PID=238) to work on /home/airflow/.local/lib/python3.7/site-packages/airflow/example_dags/example_subdag_operator.py
[2022-06-11 12:14:56,047] {processor.py:641} INFO - Processing file /home/airflow/.local/lib/python3.7/site-packages/airflow/example_dags/example_subdag_operator.py for tasks to queue
[2022-06-11 12:14:56,048] {logging_mixin.py:115} INFO - [2022-06-11 12:14:56,048] {dagbag.py:507} INFO - Filling up the DagBag from /home/airflow/.local/lib/python3.7/site-packages/airflow/example_dags/example_subdag_operator.py
[2022-06-11 12:14:56,066] {processor.py:651} INFO - DAG(s) dict_keys(['example_subdag_operator.section-1', 'example_subdag_operator.section-2', 'example_subdag_operator']) retrieved from /home/airflow/.local/lib/python3.7/site-packages/airflow/example_dags/example_subdag_operator.py
[2022-06-11 12:14:56,083] {logging_mixin.py:115} INFO - [2022-06-11 12:14:56,083] {dag.py:2379} INFO - Sync 3 DAGs
[2022-06-11 12:14:56,096] {logging_mixin.py:115} INFO - [2022-06-11 12:14:56,096] {dag.py:2931} INFO - Setting next_dagrun for example_subdag_operator to 2022-01-01T00:00:00+00:00, run_after=2022-01-01T00:00:00+00:00
[2022-06-11 12:14:56,097] {logging_mixin.py:115} INFO - [2022-06-11 12:14:56,097] {dag.py:2931} INFO - Setting next_dagrun for example_subdag_operator.section-1 to None, run_after=None
[2022-06-11 12:14:56,099] {logging_mixin.py:115} INFO - [2022-06-11 12:14:56,098] {dag.py:2931} INFO - Setting next_dagrun for example_subdag_operator.section-2 to None, run_after=None
[2022-06-11 12:14:56,172] {logging_mixin.py:115} INFO - [2022-06-11 12:14:56,172] {dag.py:2379} INFO - Sync 2 DAGs
[2022-06-11 12:14:56,176] {logging_mixin.py:115} INFO - [2022-06-11 12:14:56,176] {dag.py:2931} INFO - Setting next_dagrun for example_subdag_operator.section-1 to None, run_after=None
[2022-06-11 12:14:56,177] {logging_mixin.py:115} INFO - [2022-06-11 12:14:56,177] {dag.py:2931} INFO - Setting next_dagrun for example_subdag_operator.section-2 to None, run_after=None
[2022-06-11 12:14:56,182] {processor.py:161} INFO - Processing /home/airflow/.local/lib/python3.7/site-packages/airflow/example_dags/example_subdag_operator.py took 0.137 seconds
[2022-06-11 12:15:26,585] {processor.py:153} INFO - Started process (PID=299) to work on /home/airflow/.local/lib/python3.7/site-packages/airflow/example_dags/example_subdag_operator.py
[2022-06-11 12:15:26,586] {processor.py:641} INFO - Processing file /home/airflow/.local/lib/python3.7/site-packages/airflow/example_dags/example_subdag_operator.py for tasks to queue
[2022-06-11 12:15:26,588] {logging_mixin.py:115} INFO - [2022-06-11 12:15:26,588] {dagbag.py:507} INFO - Filling up the DagBag from /home/airflow/.local/lib/python3.7/site-packages/airflow/example_dags/example_subdag_operator.py
[2022-06-11 12:15:26,604] {processor.py:651} INFO - DAG(s) dict_keys(['example_subdag_operator.section-1', 'example_subdag_operator.section-2', 'example_subdag_operator']) retrieved from /home/airflow/.local/lib/python3.7/site-packages/airflow/example_dags/example_subdag_operator.py
[2022-06-11 12:15:26,621] {logging_mixin.py:115} INFO - [2022-06-11 12:15:26,621] {dag.py:2379} INFO - Sync 3 DAGs
[2022-06-11 12:15:26,635] {logging_mixin.py:115} INFO - [2022-06-11 12:15:26,635] {dag.py:2931} INFO - Setting next_dagrun for example_subdag_operator to 2022-01-01T00:00:00+00:00, run_after=2022-01-01T00:00:00+00:00
[2022-06-11 12:15:26,636] {logging_mixin.py:115} INFO - [2022-06-11 12:15:26,636] {dag.py:2931} INFO - Setting next_dagrun for example_subdag_operator.section-1 to None, run_after=None
[2022-06-11 12:15:26,638] {logging_mixin.py:115} INFO - [2022-06-11 12:15:26,638] {dag.py:2931} INFO - Setting next_dagrun for example_subdag_operator.section-2 to None, run_after=None
[2022-06-11 12:15:26,708] {logging_mixin.py:115} INFO - [2022-06-11 12:15:26,708] {dag.py:2379} INFO - Sync 2 DAGs
[2022-06-11 12:15:26,711] {logging_mixin.py:115} INFO - [2022-06-11 12:15:26,711] {dag.py:2931} INFO - Setting next_dagrun for example_subdag_operator.section-1 to None, run_after=None
[2022-06-11 12:15:26,712] {logging_mixin.py:115} INFO - [2022-06-11 12:15:26,712] {dag.py:2931} INFO - Setting next_dagrun for example_subdag_operator.section-2 to None, run_after=None
[2022-06-11 12:15:26,718] {processor.py:161} INFO - Processing /home/airflow/.local/lib/python3.7/site-packages/airflow/example_dags/example_subdag_operator.py took 0.135 seconds
[2022-06-11 12:15:57,041] {processor.py:153} INFO - Started process (PID=361) to work on /home/airflow/.local/lib/python3.7/site-packages/airflow/example_dags/example_subdag_operator.py
[2022-06-11 12:15:57,044] {processor.py:641} INFO - Processing file /home/airflow/.local/lib/python3.7/site-packages/airflow/example_dags/example_subdag_operator.py for tasks to queue
[2022-06-11 12:15:57,045] {logging_mixin.py:115} INFO - [2022-06-11 12:15:57,045] {dagbag.py:507} INFO - Filling up the DagBag from /home/airflow/.local/lib/python3.7/site-packages/airflow/example_dags/example_subdag_operator.py
[2022-06-11 12:15:57,061] {processor.py:651} INFO - DAG(s) dict_keys(['example_subdag_operator.section-1', 'example_subdag_operator.section-2', 'example_subdag_operator']) retrieved from /home/airflow/.local/lib/python3.7/site-packages/airflow/example_dags/example_subdag_operator.py
[2022-06-11 12:15:57,079] {logging_mixin.py:115} INFO - [2022-06-11 12:15:57,079] {dag.py:2379} INFO - Sync 3 DAGs
[2022-06-11 12:15:57,093] {logging_mixin.py:115} INFO - [2022-06-11 12:15:57,093] {dag.py:2931} INFO - Setting next_dagrun for example_subdag_operator to 2022-01-01T00:00:00+00:00, run_after=2022-01-01T00:00:00+00:00
[2022-06-11 12:15:57,094] {logging_mixin.py:115} INFO - [2022-06-11 12:15:57,094] {dag.py:2931} INFO - Setting next_dagrun for example_subdag_operator.section-1 to None, run_after=None
[2022-06-11 12:15:57,095] {logging_mixin.py:115} INFO - [2022-06-11 12:15:57,095] {dag.py:2931} INFO - Setting next_dagrun for example_subdag_operator.section-2 to None, run_after=None
[2022-06-11 12:15:57,172] {logging_mixin.py:115} INFO - [2022-06-11 12:15:57,172] {dag.py:2379} INFO - Sync 2 DAGs
[2022-06-11 12:15:57,177] {logging_mixin.py:115} INFO - [2022-06-11 12:15:57,177] {dag.py:2931} INFO - Setting next_dagrun for example_subdag_operator.section-1 to None, run_after=None
[2022-06-11 12:15:57,178] {logging_mixin.py:115} INFO - [2022-06-11 12:15:57,178] {dag.py:2931} INFO - Setting next_dagrun for example_subdag_operator.section-2 to None, run_after=None
[2022-06-11 12:15:57,184] {processor.py:161} INFO - Processing /home/airflow/.local/lib/python3.7/site-packages/airflow/example_dags/example_subdag_operator.py took 0.146 seconds
[2022-06-11 12:16:27,646] {processor.py:153} INFO - Started process (PID=414) to work on /home/airflow/.local/lib/python3.7/site-packages/airflow/example_dags/example_subdag_operator.py
[2022-06-11 12:16:27,647] {processor.py:641} INFO - Processing file /home/airflow/.local/lib/python3.7/site-packages/airflow/example_dags/example_subdag_operator.py for tasks to queue
[2022-06-11 12:16:27,650] {logging_mixin.py:115} INFO - [2022-06-11 12:16:27,650] {dagbag.py:507} INFO - Filling up the DagBag from /home/airflow/.local/lib/python3.7/site-packages/airflow/example_dags/example_subdag_operator.py
[2022-06-11 12:16:27,667] {processor.py:651} INFO - DAG(s) dict_keys(['example_subdag_operator.section-1', 'example_subdag_operator.section-2', 'example_subdag_operator']) retrieved from /home/airflow/.local/lib/python3.7/site-packages/airflow/example_dags/example_subdag_operator.py
[2022-06-11 12:16:27,688] {logging_mixin.py:115} INFO - [2022-06-11 12:16:27,688] {dag.py:2379} INFO - Sync 3 DAGs
[2022-06-11 12:16:27,703] {logging_mixin.py:115} INFO - [2022-06-11 12:16:27,702] {dag.py:2931} INFO - Setting next_dagrun for example_subdag_operator to 2022-01-01T00:00:00+00:00, run_after=2022-01-01T00:00:00+00:00
[2022-06-11 12:16:27,704] {logging_mixin.py:115} INFO - [2022-06-11 12:16:27,704] {dag.py:2931} INFO - Setting next_dagrun for example_subdag_operator.section-1 to None, run_after=None
[2022-06-11 12:16:27,705] {logging_mixin.py:115} INFO - [2022-06-11 12:16:27,705] {dag.py:2931} INFO - Setting next_dagrun for example_subdag_operator.section-2 to None, run_after=None
[2022-06-11 12:16:27,793] {logging_mixin.py:115} INFO - [2022-06-11 12:16:27,793] {dag.py:2379} INFO - Sync 2 DAGs
[2022-06-11 12:16:27,798] {logging_mixin.py:115} INFO - [2022-06-11 12:16:27,798] {dag.py:2931} INFO - Setting next_dagrun for example_subdag_operator.section-1 to None, run_after=None
[2022-06-11 12:16:27,800] {logging_mixin.py:115} INFO - [2022-06-11 12:16:27,799] {dag.py:2931} INFO - Setting next_dagrun for example_subdag_operator.section-2 to None, run_after=None
[2022-06-11 12:16:27,806] {processor.py:161} INFO - Processing /home/airflow/.local/lib/python3.7/site-packages/airflow/example_dags/example_subdag_operator.py took 0.162 seconds
[2022-06-11 12:16:58,083] {processor.py:153} INFO - Started process (PID=475) to work on /home/airflow/.local/lib/python3.7/site-packages/airflow/example_dags/example_subdag_operator.py
[2022-06-11 12:16:58,084] {processor.py:641} INFO - Processing file /home/airflow/.local/lib/python3.7/site-packages/airflow/example_dags/example_subdag_operator.py for tasks to queue
[2022-06-11 12:16:58,086] {logging_mixin.py:115} INFO - [2022-06-11 12:16:58,086] {dagbag.py:507} INFO - Filling up the DagBag from /home/airflow/.local/lib/python3.7/site-packages/airflow/example_dags/example_subdag_operator.py
[2022-06-11 12:16:58,103] {processor.py:651} INFO - DAG(s) dict_keys(['example_subdag_operator.section-1', 'example_subdag_operator.section-2', 'example_subdag_operator']) retrieved from /home/airflow/.local/lib/python3.7/site-packages/airflow/example_dags/example_subdag_operator.py
[2022-06-11 12:16:58,122] {logging_mixin.py:115} INFO - [2022-06-11 12:16:58,122] {dag.py:2379} INFO - Sync 3 DAGs
[2022-06-11 12:16:58,135] {logging_mixin.py:115} INFO - [2022-06-11 12:16:58,135] {dag.py:2931} INFO - Setting next_dagrun for example_subdag_operator to 2022-01-01T00:00:00+00:00, run_after=2022-01-01T00:00:00+00:00
[2022-06-11 12:16:58,136] {logging_mixin.py:115} INFO - [2022-06-11 12:16:58,136] {dag.py:2931} INFO - Setting next_dagrun for example_subdag_operator.section-1 to None, run_after=None
[2022-06-11 12:16:58,137] {logging_mixin.py:115} INFO - [2022-06-11 12:16:58,137] {dag.py:2931} INFO - Setting next_dagrun for example_subdag_operator.section-2 to None, run_after=None
[2022-06-11 12:16:58,210] {logging_mixin.py:115} INFO - [2022-06-11 12:16:58,210] {dag.py:2379} INFO - Sync 2 DAGs
[2022-06-11 12:16:58,214] {logging_mixin.py:115} INFO - [2022-06-11 12:16:58,214] {dag.py:2931} INFO - Setting next_dagrun for example_subdag_operator.section-1 to None, run_after=None
[2022-06-11 12:16:58,215] {logging_mixin.py:115} INFO - [2022-06-11 12:16:58,215] {dag.py:2931} INFO - Setting next_dagrun for example_subdag_operator.section-2 to None, run_after=None
[2022-06-11 12:16:58,220] {processor.py:161} INFO - Processing /home/airflow/.local/lib/python3.7/site-packages/airflow/example_dags/example_subdag_operator.py took 0.139 seconds
[2022-06-11 12:17:28,675] {processor.py:153} INFO - Started process (PID=537) to work on /home/airflow/.local/lib/python3.7/site-packages/airflow/example_dags/example_subdag_operator.py
[2022-06-11 12:17:28,676] {processor.py:641} INFO - Processing file /home/airflow/.local/lib/python3.7/site-packages/airflow/example_dags/example_subdag_operator.py for tasks to queue
[2022-06-11 12:17:28,677] {logging_mixin.py:115} INFO - [2022-06-11 12:17:28,677] {dagbag.py:507} INFO - Filling up the DagBag from /home/airflow/.local/lib/python3.7/site-packages/airflow/example_dags/example_subdag_operator.py
[2022-06-11 12:17:28,694] {processor.py:651} INFO - DAG(s) dict_keys(['example_subdag_operator.section-1', 'example_subdag_operator.section-2', 'example_subdag_operator']) retrieved from /home/airflow/.local/lib/python3.7/site-packages/airflow/example_dags/example_subdag_operator.py
[2022-06-11 12:17:28,711] {logging_mixin.py:115} INFO - [2022-06-11 12:17:28,711] {dag.py:2379} INFO - Sync 3 DAGs
[2022-06-11 12:17:28,725] {logging_mixin.py:115} INFO - [2022-06-11 12:17:28,725] {dag.py:2931} INFO - Setting next_dagrun for example_subdag_operator to 2022-01-01T00:00:00+00:00, run_after=2022-01-01T00:00:00+00:00
[2022-06-11 12:17:28,726] {logging_mixin.py:115} INFO - [2022-06-11 12:17:28,726] {dag.py:2931} INFO - Setting next_dagrun for example_subdag_operator.section-1 to None, run_after=None
[2022-06-11 12:17:28,727] {logging_mixin.py:115} INFO - [2022-06-11 12:17:28,727] {dag.py:2931} INFO - Setting next_dagrun for example_subdag_operator.section-2 to None, run_after=None
[2022-06-11 12:17:28,802] {logging_mixin.py:115} INFO - [2022-06-11 12:17:28,801] {dag.py:2379} INFO - Sync 2 DAGs
[2022-06-11 12:17:28,806] {logging_mixin.py:115} INFO - [2022-06-11 12:17:28,806] {dag.py:2931} INFO - Setting next_dagrun for example_subdag_operator.section-1 to None, run_after=None
[2022-06-11 12:17:28,807] {logging_mixin.py:115} INFO - [2022-06-11 12:17:28,807] {dag.py:2931} INFO - Setting next_dagrun for example_subdag_operator.section-2 to None, run_after=None
[2022-06-11 12:17:28,812] {processor.py:161} INFO - Processing /home/airflow/.local/lib/python3.7/site-packages/airflow/example_dags/example_subdag_operator.py took 0.139 seconds
[2022-06-11 12:17:59,223] {processor.py:153} INFO - Started process (PID=598) to work on /home/airflow/.local/lib/python3.7/site-packages/airflow/example_dags/example_subdag_operator.py
[2022-06-11 12:17:59,225] {processor.py:641} INFO - Processing file /home/airflow/.local/lib/python3.7/site-packages/airflow/example_dags/example_subdag_operator.py for tasks to queue
[2022-06-11 12:17:59,226] {logging_mixin.py:115} INFO - [2022-06-11 12:17:59,226] {dagbag.py:507} INFO - Filling up the DagBag from /home/airflow/.local/lib/python3.7/site-packages/airflow/example_dags/example_subdag_operator.py
[2022-06-11 12:17:59,243] {processor.py:651} INFO - DAG(s) dict_keys(['example_subdag_operator.section-1', 'example_subdag_operator.section-2', 'example_subdag_operator']) retrieved from /home/airflow/.local/lib/python3.7/site-packages/airflow/example_dags/example_subdag_operator.py
[2022-06-11 12:17:59,261] {logging_mixin.py:115} INFO - [2022-06-11 12:17:59,261] {dag.py:2379} INFO - Sync 3 DAGs
[2022-06-11 12:17:59,275] {logging_mixin.py:115} INFO - [2022-06-11 12:17:59,275] {dag.py:2931} INFO - Setting next_dagrun for example_subdag_operator to 2022-01-01T00:00:00+00:00, run_after=2022-01-01T00:00:00+00:00
[2022-06-11 12:17:59,276] {logging_mixin.py:115} INFO - [2022-06-11 12:17:59,276] {dag.py:2931} INFO - Setting next_dagrun for example_subdag_operator.section-1 to None, run_after=None
[2022-06-11 12:17:59,278] {logging_mixin.py:115} INFO - [2022-06-11 12:17:59,278] {dag.py:2931} INFO - Setting next_dagrun for example_subdag_operator.section-2 to None, run_after=None
[2022-06-11 12:17:59,353] {logging_mixin.py:115} INFO - [2022-06-11 12:17:59,353] {dag.py:2379} INFO - Sync 2 DAGs
[2022-06-11 12:17:59,357] {logging_mixin.py:115} INFO - [2022-06-11 12:17:59,357] {dag.py:2931} INFO - Setting next_dagrun for example_subdag_operator.section-1 to None, run_after=None
[2022-06-11 12:17:59,358] {logging_mixin.py:115} INFO - [2022-06-11 12:17:59,358] {dag.py:2931} INFO - Setting next_dagrun for example_subdag_operator.section-2 to None, run_after=None
[2022-06-11 12:17:59,363] {processor.py:161} INFO - Processing /home/airflow/.local/lib/python3.7/site-packages/airflow/example_dags/example_subdag_operator.py took 0.142 seconds
[2022-06-11 12:18:30,041] {processor.py:153} INFO - Started process (PID=659) to work on /home/airflow/.local/lib/python3.7/site-packages/airflow/example_dags/example_subdag_operator.py
[2022-06-11 12:18:30,042] {processor.py:641} INFO - Processing file /home/airflow/.local/lib/python3.7/site-packages/airflow/example_dags/example_subdag_operator.py for tasks to queue
[2022-06-11 12:18:30,043] {logging_mixin.py:115} INFO - [2022-06-11 12:18:30,043] {dagbag.py:507} INFO - Filling up the DagBag from /home/airflow/.local/lib/python3.7/site-packages/airflow/example_dags/example_subdag_operator.py
[2022-06-11 12:18:30,059] {processor.py:651} INFO - DAG(s) dict_keys(['example_subdag_operator.section-1', 'example_subdag_operator.section-2', 'example_subdag_operator']) retrieved from /home/airflow/.local/lib/python3.7/site-packages/airflow/example_dags/example_subdag_operator.py
[2022-06-11 12:18:30,077] {logging_mixin.py:115} INFO - [2022-06-11 12:18:30,077] {dag.py:2379} INFO - Sync 3 DAGs
[2022-06-11 12:18:30,164] {logging_mixin.py:115} INFO - [2022-06-11 12:18:30,164] {dag.py:2931} INFO - Setting next_dagrun for example_subdag_operator to 2022-01-01T00:00:00+00:00, run_after=2022-01-01T00:00:00+00:00
[2022-06-11 12:18:30,167] {logging_mixin.py:115} INFO - [2022-06-11 12:18:30,167] {dag.py:2931} INFO - Setting next_dagrun for example_subdag_operator.section-1 to None, run_after=None
[2022-06-11 12:18:30,168] {logging_mixin.py:115} INFO - [2022-06-11 12:18:30,168] {dag.py:2931} INFO - Setting next_dagrun for example_subdag_operator.section-2 to None, run_after=None
[2022-06-11 12:18:30,173] {logging_mixin.py:115} INFO - [2022-06-11 12:18:30,173] {dag.py:2379} INFO - Sync 2 DAGs
[2022-06-11 12:18:30,177] {logging_mixin.py:115} INFO - [2022-06-11 12:18:30,177] {dag.py:2931} INFO - Setting next_dagrun for example_subdag_operator.section-1 to None, run_after=None
[2022-06-11 12:18:30,179] {logging_mixin.py:115} INFO - [2022-06-11 12:18:30,179] {dag.py:2931} INFO - Setting next_dagrun for example_subdag_operator.section-2 to None, run_after=None
[2022-06-11 12:18:30,184] {processor.py:161} INFO - Processing /home/airflow/.local/lib/python3.7/site-packages/airflow/example_dags/example_subdag_operator.py took 0.145 seconds
[2022-06-11 12:19:00,971] {processor.py:153} INFO - Started process (PID=720) to work on /home/airflow/.local/lib/python3.7/site-packages/airflow/example_dags/example_subdag_operator.py
[2022-06-11 12:19:00,973] {processor.py:641} INFO - Processing file /home/airflow/.local/lib/python3.7/site-packages/airflow/example_dags/example_subdag_operator.py for tasks to queue
[2022-06-11 12:19:00,974] {logging_mixin.py:115} INFO - [2022-06-11 12:19:00,974] {dagbag.py:507} INFO - Filling up the DagBag from /home/airflow/.local/lib/python3.7/site-packages/airflow/example_dags/example_subdag_operator.py
[2022-06-11 12:19:00,990] {processor.py:651} INFO - DAG(s) dict_keys(['example_subdag_operator.section-1', 'example_subdag_operator.section-2', 'example_subdag_operator']) retrieved from /home/airflow/.local/lib/python3.7/site-packages/airflow/example_dags/example_subdag_operator.py
[2022-06-11 12:19:01,007] {logging_mixin.py:115} INFO - [2022-06-11 12:19:01,007] {dag.py:2379} INFO - Sync 3 DAGs
[2022-06-11 12:19:01,104] {logging_mixin.py:115} INFO - [2022-06-11 12:19:01,104] {dag.py:2931} INFO - Setting next_dagrun for example_subdag_operator to 2022-01-01T00:00:00+00:00, run_after=2022-01-01T00:00:00+00:00
[2022-06-11 12:19:01,105] {logging_mixin.py:115} INFO - [2022-06-11 12:19:01,105] {dag.py:2931} INFO - Setting next_dagrun for example_subdag_operator.section-1 to None, run_after=None
[2022-06-11 12:19:01,106] {logging_mixin.py:115} INFO - [2022-06-11 12:19:01,106] {dag.py:2931} INFO - Setting next_dagrun for example_subdag_operator.section-2 to None, run_after=None
[2022-06-11 12:19:01,111] {logging_mixin.py:115} INFO - [2022-06-11 12:19:01,111] {dag.py:2379} INFO - Sync 2 DAGs
[2022-06-11 12:19:01,115] {logging_mixin.py:115} INFO - [2022-06-11 12:19:01,115] {dag.py:2931} INFO - Setting next_dagrun for example_subdag_operator.section-1 to None, run_after=None
[2022-06-11 12:19:01,117] {logging_mixin.py:115} INFO - [2022-06-11 12:19:01,117] {dag.py:2931} INFO - Setting next_dagrun for example_subdag_operator.section-2 to None, run_after=None
[2022-06-11 12:19:01,123] {processor.py:161} INFO - Processing /home/airflow/.local/lib/python3.7/site-packages/airflow/example_dags/example_subdag_operator.py took 0.154 seconds
[2022-06-11 12:19:31,831] {processor.py:153} INFO - Started process (PID=781) to work on /home/airflow/.local/lib/python3.7/site-packages/airflow/example_dags/example_subdag_operator.py
[2022-06-11 12:19:31,832] {processor.py:641} INFO - Processing file /home/airflow/.local/lib/python3.7/site-packages/airflow/example_dags/example_subdag_operator.py for tasks to queue
[2022-06-11 12:19:31,833] {logging_mixin.py:115} INFO - [2022-06-11 12:19:31,833] {dagbag.py:507} INFO - Filling up the DagBag from /home/airflow/.local/lib/python3.7/site-packages/airflow/example_dags/example_subdag_operator.py
[2022-06-11 12:19:31,850] {processor.py:651} INFO - DAG(s) dict_keys(['example_subdag_operator.section-1', 'example_subdag_operator.section-2', 'example_subdag_operator']) retrieved from /home/airflow/.local/lib/python3.7/site-packages/airflow/example_dags/example_subdag_operator.py
[2022-06-11 12:19:31,869] {logging_mixin.py:115} INFO - [2022-06-11 12:19:31,869] {dag.py:2379} INFO - Sync 3 DAGs
[2022-06-11 12:19:31,960] {logging_mixin.py:115} INFO - [2022-06-11 12:19:31,960] {dag.py:2931} INFO - Setting next_dagrun for example_subdag_operator to 2022-01-01T00:00:00+00:00, run_after=2022-01-01T00:00:00+00:00
[2022-06-11 12:19:31,961] {logging_mixin.py:115} INFO - [2022-06-11 12:19:31,961] {dag.py:2931} INFO - Setting next_dagrun for example_subdag_operator.section-1 to None, run_after=None
[2022-06-11 12:19:31,962] {logging_mixin.py:115} INFO - [2022-06-11 12:19:31,962] {dag.py:2931} INFO - Setting next_dagrun for example_subdag_operator.section-2 to None, run_after=None
[2022-06-11 12:19:31,967] {logging_mixin.py:115} INFO - [2022-06-11 12:19:31,967] {dag.py:2379} INFO - Sync 2 DAGs
[2022-06-11 12:19:31,972] {logging_mixin.py:115} INFO - [2022-06-11 12:19:31,972] {dag.py:2931} INFO - Setting next_dagrun for example_subdag_operator.section-1 to None, run_after=None
[2022-06-11 12:19:31,973] {logging_mixin.py:115} INFO - [2022-06-11 12:19:31,973] {dag.py:2931} INFO - Setting next_dagrun for example_subdag_operator.section-2 to None, run_after=None
[2022-06-11 12:19:31,978] {processor.py:161} INFO - Processing /home/airflow/.local/lib/python3.7/site-packages/airflow/example_dags/example_subdag_operator.py took 0.150 seconds
[2022-06-11 12:20:02,904] {processor.py:153} INFO - Started process (PID=841) to work on /home/airflow/.local/lib/python3.7/site-packages/airflow/example_dags/example_subdag_operator.py
[2022-06-11 12:20:02,905] {processor.py:641} INFO - Processing file /home/airflow/.local/lib/python3.7/site-packages/airflow/example_dags/example_subdag_operator.py for tasks to queue
[2022-06-11 12:20:02,908] {logging_mixin.py:115} INFO - [2022-06-11 12:20:02,908] {dagbag.py:507} INFO - Filling up the DagBag from /home/airflow/.local/lib/python3.7/site-packages/airflow/example_dags/example_subdag_operator.py
[2022-06-11 12:20:02,931] {processor.py:651} INFO - DAG(s) dict_keys(['example_subdag_operator.section-1', 'example_subdag_operator.section-2', 'example_subdag_operator']) retrieved from /home/airflow/.local/lib/python3.7/site-packages/airflow/example_dags/example_subdag_operator.py
[2022-06-11 12:20:02,960] {logging_mixin.py:115} INFO - [2022-06-11 12:20:02,960] {dag.py:2379} INFO - Sync 3 DAGs
[2022-06-11 12:20:03,057] {logging_mixin.py:115} INFO - [2022-06-11 12:20:03,057] {dag.py:2931} INFO - Setting next_dagrun for example_subdag_operator to 2022-01-01T00:00:00+00:00, run_after=2022-01-01T00:00:00+00:00
[2022-06-11 12:20:03,058] {logging_mixin.py:115} INFO - [2022-06-11 12:20:03,058] {dag.py:2931} INFO - Setting next_dagrun for example_subdag_operator.section-1 to None, run_after=None
[2022-06-11 12:20:03,060] {logging_mixin.py:115} INFO - [2022-06-11 12:20:03,060] {dag.py:2931} INFO - Setting next_dagrun for example_subdag_operator.section-2 to None, run_after=None
[2022-06-11 12:20:03,066] {logging_mixin.py:115} INFO - [2022-06-11 12:20:03,066] {dag.py:2379} INFO - Sync 2 DAGs
[2022-06-11 12:20:03,070] {logging_mixin.py:115} INFO - [2022-06-11 12:20:03,070] {dag.py:2931} INFO - Setting next_dagrun for example_subdag_operator.section-1 to None, run_after=None
[2022-06-11 12:20:03,071] {logging_mixin.py:115} INFO - [2022-06-11 12:20:03,071] {dag.py:2931} INFO - Setting next_dagrun for example_subdag_operator.section-2 to None, run_after=None
[2022-06-11 12:20:03,077] {processor.py:161} INFO - Processing /home/airflow/.local/lib/python3.7/site-packages/airflow/example_dags/example_subdag_operator.py took 0.175 seconds
[2022-06-11 12:20:33,248] {processor.py:153} INFO - Started process (PID=895) to work on /home/airflow/.local/lib/python3.7/site-packages/airflow/example_dags/example_subdag_operator.py
[2022-06-11 12:20:33,249] {processor.py:641} INFO - Processing file /home/airflow/.local/lib/python3.7/site-packages/airflow/example_dags/example_subdag_operator.py for tasks to queue
[2022-06-11 12:20:33,251] {logging_mixin.py:115} INFO - [2022-06-11 12:20:33,251] {dagbag.py:507} INFO - Filling up the DagBag from /home/airflow/.local/lib/python3.7/site-packages/airflow/example_dags/example_subdag_operator.py
[2022-06-11 12:20:33,267] {processor.py:651} INFO - DAG(s) dict_keys(['example_subdag_operator.section-1', 'example_subdag_operator.section-2', 'example_subdag_operator']) retrieved from /home/airflow/.local/lib/python3.7/site-packages/airflow/example_dags/example_subdag_operator.py
[2022-06-11 12:20:33,285] {logging_mixin.py:115} INFO - [2022-06-11 12:20:33,285] {dag.py:2379} INFO - Sync 3 DAGs
[2022-06-11 12:20:33,366] {logging_mixin.py:115} INFO - [2022-06-11 12:20:33,366] {dag.py:2931} INFO - Setting next_dagrun for example_subdag_operator to 2022-01-01T00:00:00+00:00, run_after=2022-01-01T00:00:00+00:00
[2022-06-11 12:20:33,369] {logging_mixin.py:115} INFO - [2022-06-11 12:20:33,369] {dag.py:2931} INFO - Setting next_dagrun for example_subdag_operator.section-1 to None, run_after=None
[2022-06-11 12:20:33,370] {logging_mixin.py:115} INFO - [2022-06-11 12:20:33,370] {dag.py:2931} INFO - Setting next_dagrun for example_subdag_operator.section-2 to None, run_after=None
[2022-06-11 12:20:33,374] {logging_mixin.py:115} INFO - [2022-06-11 12:20:33,374] {dag.py:2379} INFO - Sync 2 DAGs
[2022-06-11 12:20:33,377] {logging_mixin.py:115} INFO - [2022-06-11 12:20:33,377] {dag.py:2931} INFO - Setting next_dagrun for example_subdag_operator.section-1 to None, run_after=None
[2022-06-11 12:20:33,378] {logging_mixin.py:115} INFO - [2022-06-11 12:20:33,378] {dag.py:2931} INFO - Setting next_dagrun for example_subdag_operator.section-2 to None, run_after=None
[2022-06-11 12:20:33,383] {processor.py:161} INFO - Processing /home/airflow/.local/lib/python3.7/site-packages/airflow/example_dags/example_subdag_operator.py took 0.137 seconds
[2022-06-11 12:21:03,504] {processor.py:153} INFO - Started process (PID=957) to work on /home/airflow/.local/lib/python3.7/site-packages/airflow/example_dags/example_subdag_operator.py
[2022-06-11 12:21:03,505] {processor.py:641} INFO - Processing file /home/airflow/.local/lib/python3.7/site-packages/airflow/example_dags/example_subdag_operator.py for tasks to queue
[2022-06-11 12:21:03,506] {logging_mixin.py:115} INFO - [2022-06-11 12:21:03,506] {dagbag.py:507} INFO - Filling up the DagBag from /home/airflow/.local/lib/python3.7/site-packages/airflow/example_dags/example_subdag_operator.py
[2022-06-11 12:21:03,523] {processor.py:651} INFO - DAG(s) dict_keys(['example_subdag_operator.section-1', 'example_subdag_operator.section-2', 'example_subdag_operator']) retrieved from /home/airflow/.local/lib/python3.7/site-packages/airflow/example_dags/example_subdag_operator.py
[2022-06-11 12:21:03,541] {logging_mixin.py:115} INFO - [2022-06-11 12:21:03,541] {dag.py:2379} INFO - Sync 3 DAGs
[2022-06-11 12:21:03,621] {logging_mixin.py:115} INFO - [2022-06-11 12:21:03,621] {dag.py:2931} INFO - Setting next_dagrun for example_subdag_operator to 2022-01-01T00:00:00+00:00, run_after=2022-01-01T00:00:00+00:00
[2022-06-11 12:21:03,622] {logging_mixin.py:115} INFO - [2022-06-11 12:21:03,622] {dag.py:2931} INFO - Setting next_dagrun for example_subdag_operator.section-1 to None, run_after=None
[2022-06-11 12:21:03,623] {logging_mixin.py:115} INFO - [2022-06-11 12:21:03,623] {dag.py:2931} INFO - Setting next_dagrun for example_subdag_operator.section-2 to None, run_after=None
[2022-06-11 12:21:03,627] {logging_mixin.py:115} INFO - [2022-06-11 12:21:03,627] {dag.py:2379} INFO - Sync 2 DAGs
[2022-06-11 12:21:03,631] {logging_mixin.py:115} INFO - [2022-06-11 12:21:03,631] {dag.py:2931} INFO - Setting next_dagrun for example_subdag_operator.section-1 to None, run_after=None
[2022-06-11 12:21:03,632] {logging_mixin.py:115} INFO - [2022-06-11 12:21:03,632] {dag.py:2931} INFO - Setting next_dagrun for example_subdag_operator.section-2 to None, run_after=None
[2022-06-11 12:21:03,637] {processor.py:161} INFO - Processing /home/airflow/.local/lib/python3.7/site-packages/airflow/example_dags/example_subdag_operator.py took 0.134 seconds
[2022-06-11 12:21:33,725] {processor.py:153} INFO - Started process (PID=1018) to work on /home/airflow/.local/lib/python3.7/site-packages/airflow/example_dags/example_subdag_operator.py
[2022-06-11 12:21:33,727] {processor.py:641} INFO - Processing file /home/airflow/.local/lib/python3.7/site-packages/airflow/example_dags/example_subdag_operator.py for tasks to queue
[2022-06-11 12:21:33,728] {logging_mixin.py:115} INFO - [2022-06-11 12:21:33,728] {dagbag.py:507} INFO - Filling up the DagBag from /home/airflow/.local/lib/python3.7/site-packages/airflow/example_dags/example_subdag_operator.py
[2022-06-11 12:21:33,746] {processor.py:651} INFO - DAG(s) dict_keys(['example_subdag_operator.section-1', 'example_subdag_operator.section-2', 'example_subdag_operator']) retrieved from /home/airflow/.local/lib/python3.7/site-packages/airflow/example_dags/example_subdag_operator.py
[2022-06-11 12:21:33,767] {logging_mixin.py:115} INFO - [2022-06-11 12:21:33,767] {dag.py:2379} INFO - Sync 3 DAGs
[2022-06-11 12:21:33,866] {logging_mixin.py:115} INFO - [2022-06-11 12:21:33,866] {dag.py:2931} INFO - Setting next_dagrun for example_subdag_operator to 2022-01-01T00:00:00+00:00, run_after=2022-01-01T00:00:00+00:00
[2022-06-11 12:21:33,868] {logging_mixin.py:115} INFO - [2022-06-11 12:21:33,867] {dag.py:2931} INFO - Setting next_dagrun for example_subdag_operator.section-1 to None, run_after=None
[2022-06-11 12:21:33,869] {logging_mixin.py:115} INFO - [2022-06-11 12:21:33,869] {dag.py:2931} INFO - Setting next_dagrun for example_subdag_operator.section-2 to None, run_after=None
[2022-06-11 12:21:33,873] {logging_mixin.py:115} INFO - [2022-06-11 12:21:33,873] {dag.py:2379} INFO - Sync 2 DAGs
[2022-06-11 12:21:33,877] {logging_mixin.py:115} INFO - [2022-06-11 12:21:33,877] {dag.py:2931} INFO - Setting next_dagrun for example_subdag_operator.section-1 to None, run_after=None
[2022-06-11 12:21:33,878] {logging_mixin.py:115} INFO - [2022-06-11 12:21:33,878] {dag.py:2931} INFO - Setting next_dagrun for example_subdag_operator.section-2 to None, run_after=None
[2022-06-11 12:21:33,884] {processor.py:161} INFO - Processing /home/airflow/.local/lib/python3.7/site-packages/airflow/example_dags/example_subdag_operator.py took 0.161 seconds
[2022-06-11 12:22:04,751] {processor.py:153} INFO - Started process (PID=1078) to work on /home/airflow/.local/lib/python3.7/site-packages/airflow/example_dags/example_subdag_operator.py
[2022-06-11 12:22:04,752] {processor.py:641} INFO - Processing file /home/airflow/.local/lib/python3.7/site-packages/airflow/example_dags/example_subdag_operator.py for tasks to queue
[2022-06-11 12:22:04,754] {logging_mixin.py:115} INFO - [2022-06-11 12:22:04,754] {dagbag.py:507} INFO - Filling up the DagBag from /home/airflow/.local/lib/python3.7/site-packages/airflow/example_dags/example_subdag_operator.py
[2022-06-11 12:22:04,776] {processor.py:651} INFO - DAG(s) dict_keys(['example_subdag_operator.section-1', 'example_subdag_operator.section-2', 'example_subdag_operator']) retrieved from /home/airflow/.local/lib/python3.7/site-packages/airflow/example_dags/example_subdag_operator.py
[2022-06-11 12:22:04,794] {logging_mixin.py:115} INFO - [2022-06-11 12:22:04,794] {dag.py:2379} INFO - Sync 3 DAGs
[2022-06-11 12:22:04,884] {logging_mixin.py:115} INFO - [2022-06-11 12:22:04,884] {dag.py:2931} INFO - Setting next_dagrun for example_subdag_operator to 2022-01-01T00:00:00+00:00, run_after=2022-01-01T00:00:00+00:00
[2022-06-11 12:22:04,885] {logging_mixin.py:115} INFO - [2022-06-11 12:22:04,885] {dag.py:2931} INFO - Setting next_dagrun for example_subdag_operator.section-1 to None, run_after=None
[2022-06-11 12:22:04,886] {logging_mixin.py:115} INFO - [2022-06-11 12:22:04,886] {dag.py:2931} INFO - Setting next_dagrun for example_subdag_operator.section-2 to None, run_after=None
[2022-06-11 12:22:04,891] {logging_mixin.py:115} INFO - [2022-06-11 12:22:04,891] {dag.py:2379} INFO - Sync 2 DAGs
[2022-06-11 12:22:04,895] {logging_mixin.py:115} INFO - [2022-06-11 12:22:04,895] {dag.py:2931} INFO - Setting next_dagrun for example_subdag_operator.section-1 to None, run_after=None
[2022-06-11 12:22:04,897] {logging_mixin.py:115} INFO - [2022-06-11 12:22:04,897] {dag.py:2931} INFO - Setting next_dagrun for example_subdag_operator.section-2 to None, run_after=None
[2022-06-11 12:22:04,903] {processor.py:161} INFO - Processing /home/airflow/.local/lib/python3.7/site-packages/airflow/example_dags/example_subdag_operator.py took 0.155 seconds
[2022-06-11 12:22:35,819] {processor.py:153} INFO - Started process (PID=1139) to work on /home/airflow/.local/lib/python3.7/site-packages/airflow/example_dags/example_subdag_operator.py
[2022-06-11 12:22:35,820] {processor.py:641} INFO - Processing file /home/airflow/.local/lib/python3.7/site-packages/airflow/example_dags/example_subdag_operator.py for tasks to queue
[2022-06-11 12:22:35,822] {logging_mixin.py:115} INFO - [2022-06-11 12:22:35,822] {dagbag.py:507} INFO - Filling up the DagBag from /home/airflow/.local/lib/python3.7/site-packages/airflow/example_dags/example_subdag_operator.py
[2022-06-11 12:22:35,842] {processor.py:651} INFO - DAG(s) dict_keys(['example_subdag_operator.section-1', 'example_subdag_operator.section-2', 'example_subdag_operator']) retrieved from /home/airflow/.local/lib/python3.7/site-packages/airflow/example_dags/example_subdag_operator.py
[2022-06-11 12:22:35,860] {logging_mixin.py:115} INFO - [2022-06-11 12:22:35,860] {dag.py:2379} INFO - Sync 3 DAGs
[2022-06-11 12:22:35,947] {logging_mixin.py:115} INFO - [2022-06-11 12:22:35,947] {dag.py:2931} INFO - Setting next_dagrun for example_subdag_operator to 2022-01-01T00:00:00+00:00, run_after=2022-01-01T00:00:00+00:00
[2022-06-11 12:22:35,949] {logging_mixin.py:115} INFO - [2022-06-11 12:22:35,949] {dag.py:2931} INFO - Setting next_dagrun for example_subdag_operator.section-1 to None, run_after=None
[2022-06-11 12:22:35,950] {logging_mixin.py:115} INFO - [2022-06-11 12:22:35,950] {dag.py:2931} INFO - Setting next_dagrun for example_subdag_operator.section-2 to None, run_after=None
[2022-06-11 12:22:35,955] {logging_mixin.py:115} INFO - [2022-06-11 12:22:35,955] {dag.py:2379} INFO - Sync 2 DAGs
[2022-06-11 12:22:35,959] {logging_mixin.py:115} INFO - [2022-06-11 12:22:35,959] {dag.py:2931} INFO - Setting next_dagrun for example_subdag_operator.section-1 to None, run_after=None
[2022-06-11 12:22:35,960] {logging_mixin.py:115} INFO - [2022-06-11 12:22:35,960] {dag.py:2931} INFO - Setting next_dagrun for example_subdag_operator.section-2 to None, run_after=None
[2022-06-11 12:22:35,966] {processor.py:161} INFO - Processing /home/airflow/.local/lib/python3.7/site-packages/airflow/example_dags/example_subdag_operator.py took 0.149 seconds
[2022-06-11 12:23:06,740] {processor.py:153} INFO - Started process (PID=1200) to work on /home/airflow/.local/lib/python3.7/site-packages/airflow/example_dags/example_subdag_operator.py
[2022-06-11 12:23:06,742] {processor.py:641} INFO - Processing file /home/airflow/.local/lib/python3.7/site-packages/airflow/example_dags/example_subdag_operator.py for tasks to queue
[2022-06-11 12:23:06,744] {logging_mixin.py:115} INFO - [2022-06-11 12:23:06,744] {dagbag.py:507} INFO - Filling up the DagBag from /home/airflow/.local/lib/python3.7/site-packages/airflow/example_dags/example_subdag_operator.py
[2022-06-11 12:23:06,774] {processor.py:651} INFO - DAG(s) dict_keys(['example_subdag_operator.section-1', 'example_subdag_operator.section-2', 'example_subdag_operator']) retrieved from /home/airflow/.local/lib/python3.7/site-packages/airflow/example_dags/example_subdag_operator.py
[2022-06-11 12:23:06,798] {logging_mixin.py:115} INFO - [2022-06-11 12:23:06,798] {dag.py:2379} INFO - Sync 3 DAGs
[2022-06-11 12:23:06,907] {logging_mixin.py:115} INFO - [2022-06-11 12:23:06,907] {dag.py:2931} INFO - Setting next_dagrun for example_subdag_operator to 2022-01-01T00:00:00+00:00, run_after=2022-01-01T00:00:00+00:00
[2022-06-11 12:23:06,908] {logging_mixin.py:115} INFO - [2022-06-11 12:23:06,908] {dag.py:2931} INFO - Setting next_dagrun for example_subdag_operator.section-1 to None, run_after=None
[2022-06-11 12:23:06,909] {logging_mixin.py:115} INFO - [2022-06-11 12:23:06,909] {dag.py:2931} INFO - Setting next_dagrun for example_subdag_operator.section-2 to None, run_after=None
[2022-06-11 12:23:06,914] {logging_mixin.py:115} INFO - [2022-06-11 12:23:06,914] {dag.py:2379} INFO - Sync 2 DAGs
[2022-06-11 12:23:06,918] {logging_mixin.py:115} INFO - [2022-06-11 12:23:06,918] {dag.py:2931} INFO - Setting next_dagrun for example_subdag_operator.section-1 to None, run_after=None
[2022-06-11 12:23:06,919] {logging_mixin.py:115} INFO - [2022-06-11 12:23:06,919] {dag.py:2931} INFO - Setting next_dagrun for example_subdag_operator.section-2 to None, run_after=None
[2022-06-11 12:23:06,925] {processor.py:161} INFO - Processing /home/airflow/.local/lib/python3.7/site-packages/airflow/example_dags/example_subdag_operator.py took 0.194 seconds
