[2022-07-25 12:54:13,023] {processor.py:153} INFO - Started process (PID=42) to work on /opt/airflow/dags/hello.py
[2022-07-25 12:54:13,026] {processor.py:641} INFO - Processing file /opt/airflow/dags/hello.py for tasks to queue
[2022-07-25 12:54:13,030] {logging_mixin.py:115} INFO - [2022-07-25 12:54:13,030] {dagbag.py:507} INFO - Filling up the DagBag from /opt/airflow/dags/hello.py
[2022-07-25 12:54:13,094] {processor.py:651} INFO - DAG(s) dict_keys(['tutorial_request']) retrieved from /opt/airflow/dags/hello.py
[2022-07-25 12:54:13,286] {logging_mixin.py:115} INFO - [2022-07-25 12:54:13,286] {dag.py:2379} INFO - Sync 1 DAGs
[2022-07-25 12:54:13,555] {logging_mixin.py:115} INFO - [2022-07-25 12:54:13,555] {dag.py:2931} INFO - Setting next_dagrun for tutorial_request to 2022-07-25T00:00:00+00:00, run_after=2022-07-26T00:00:00+00:00
[2022-07-25 12:54:13,623] {processor.py:161} INFO - Processing /opt/airflow/dags/hello.py took 0.618 seconds
[2022-07-25 12:54:44,156] {processor.py:153} INFO - Started process (PID=95) to work on /opt/airflow/dags/hello.py
[2022-07-25 12:54:44,168] {processor.py:641} INFO - Processing file /opt/airflow/dags/hello.py for tasks to queue
[2022-07-25 12:54:44,170] {logging_mixin.py:115} INFO - [2022-07-25 12:54:44,170] {dagbag.py:507} INFO - Filling up the DagBag from /opt/airflow/dags/hello.py
[2022-07-25 12:54:44,198] {processor.py:651} INFO - DAG(s) dict_keys(['tutorial_request']) retrieved from /opt/airflow/dags/hello.py
[2022-07-25 12:54:44,274] {logging_mixin.py:115} INFO - [2022-07-25 12:54:44,274] {dag.py:2379} INFO - Sync 1 DAGs
[2022-07-25 12:54:44,314] {logging_mixin.py:115} INFO - [2022-07-25 12:54:44,313] {dag.py:2931} INFO - Setting next_dagrun for tutorial_request to 2022-07-25T00:00:00+00:00, run_after=2022-07-26T00:00:00+00:00
[2022-07-25 12:54:44,333] {processor.py:161} INFO - Processing /opt/airflow/dags/hello.py took 0.180 seconds
[2022-07-25 12:55:14,680] {processor.py:153} INFO - Started process (PID=155) to work on /opt/airflow/dags/hello.py
[2022-07-25 12:55:14,683] {processor.py:641} INFO - Processing file /opt/airflow/dags/hello.py for tasks to queue
[2022-07-25 12:55:14,685] {logging_mixin.py:115} INFO - [2022-07-25 12:55:14,685] {dagbag.py:507} INFO - Filling up the DagBag from /opt/airflow/dags/hello.py
[2022-07-25 12:55:14,733] {processor.py:651} INFO - DAG(s) dict_keys(['tutorial_request']) retrieved from /opt/airflow/dags/hello.py
[2022-07-25 12:55:14,846] {logging_mixin.py:115} INFO - [2022-07-25 12:55:14,846] {dag.py:2379} INFO - Sync 1 DAGs
[2022-07-25 12:55:14,914] {logging_mixin.py:115} INFO - [2022-07-25 12:55:14,914] {dag.py:2931} INFO - Setting next_dagrun for tutorial_request to 2022-07-25T00:00:00+00:00, run_after=2022-07-26T00:00:00+00:00
[2022-07-25 12:55:14,955] {processor.py:161} INFO - Processing /opt/airflow/dags/hello.py took 0.291 seconds
[2022-07-25 12:55:45,224] {processor.py:153} INFO - Started process (PID=208) to work on /opt/airflow/dags/hello.py
[2022-07-25 12:55:45,226] {processor.py:641} INFO - Processing file /opt/airflow/dags/hello.py for tasks to queue
[2022-07-25 12:55:45,228] {logging_mixin.py:115} INFO - [2022-07-25 12:55:45,228] {dagbag.py:507} INFO - Filling up the DagBag from /opt/airflow/dags/hello.py
[2022-07-25 12:55:45,260] {processor.py:651} INFO - DAG(s) dict_keys(['tutorial_request']) retrieved from /opt/airflow/dags/hello.py
[2022-07-25 12:55:45,306] {logging_mixin.py:115} INFO - [2022-07-25 12:55:45,306] {dag.py:2379} INFO - Sync 1 DAGs
[2022-07-25 12:55:45,340] {logging_mixin.py:115} INFO - [2022-07-25 12:55:45,340] {dag.py:2931} INFO - Setting next_dagrun for tutorial_request to 2022-07-25T00:00:00+00:00, run_after=2022-07-26T00:00:00+00:00
[2022-07-25 12:55:45,361] {processor.py:161} INFO - Processing /opt/airflow/dags/hello.py took 0.140 seconds
[2022-07-25 12:56:15,880] {processor.py:153} INFO - Started process (PID=269) to work on /opt/airflow/dags/hello.py
[2022-07-25 12:56:15,882] {processor.py:641} INFO - Processing file /opt/airflow/dags/hello.py for tasks to queue
[2022-07-25 12:56:15,884] {logging_mixin.py:115} INFO - [2022-07-25 12:56:15,884] {dagbag.py:507} INFO - Filling up the DagBag from /opt/airflow/dags/hello.py
[2022-07-25 12:56:15,910] {processor.py:651} INFO - DAG(s) dict_keys(['tutorial_request']) retrieved from /opt/airflow/dags/hello.py
[2022-07-25 12:56:15,962] {logging_mixin.py:115} INFO - [2022-07-25 12:56:15,962] {dag.py:2379} INFO - Sync 1 DAGs
[2022-07-25 12:56:16,038] {logging_mixin.py:115} INFO - [2022-07-25 12:56:16,038] {dag.py:2931} INFO - Setting next_dagrun for tutorial_request to 2022-07-25T00:00:00+00:00, run_after=2022-07-26T00:00:00+00:00
[2022-07-25 12:56:16,065] {processor.py:161} INFO - Processing /opt/airflow/dags/hello.py took 0.188 seconds
[2022-07-25 12:56:46,342] {processor.py:153} INFO - Started process (PID=329) to work on /opt/airflow/dags/hello.py
[2022-07-25 12:56:46,344] {processor.py:641} INFO - Processing file /opt/airflow/dags/hello.py for tasks to queue
[2022-07-25 12:56:46,345] {logging_mixin.py:115} INFO - [2022-07-25 12:56:46,345] {dagbag.py:507} INFO - Filling up the DagBag from /opt/airflow/dags/hello.py
[2022-07-25 12:56:46,390] {processor.py:651} INFO - DAG(s) dict_keys(['tutorial_request']) retrieved from /opt/airflow/dags/hello.py
[2022-07-25 12:56:46,447] {logging_mixin.py:115} INFO - [2022-07-25 12:56:46,447] {dag.py:2379} INFO - Sync 1 DAGs
[2022-07-25 12:56:46,493] {logging_mixin.py:115} INFO - [2022-07-25 12:56:46,493] {dag.py:2931} INFO - Setting next_dagrun for tutorial_request to 2022-07-25T00:00:00+00:00, run_after=2022-07-26T00:00:00+00:00
[2022-07-25 12:56:46,516] {processor.py:161} INFO - Processing /opt/airflow/dags/hello.py took 0.177 seconds
[2022-07-25 12:57:16,746] {processor.py:153} INFO - Started process (PID=383) to work on /opt/airflow/dags/hello.py
[2022-07-25 12:57:16,749] {processor.py:641} INFO - Processing file /opt/airflow/dags/hello.py for tasks to queue
[2022-07-25 12:57:16,750] {logging_mixin.py:115} INFO - [2022-07-25 12:57:16,750] {dagbag.py:507} INFO - Filling up the DagBag from /opt/airflow/dags/hello.py
[2022-07-25 12:57:16,777] {processor.py:651} INFO - DAG(s) dict_keys(['tutorial_request']) retrieved from /opt/airflow/dags/hello.py
[2022-07-25 12:57:16,815] {logging_mixin.py:115} INFO - [2022-07-25 12:57:16,815] {dag.py:2379} INFO - Sync 1 DAGs
[2022-07-25 12:57:16,853] {logging_mixin.py:115} INFO - [2022-07-25 12:57:16,853] {dag.py:2931} INFO - Setting next_dagrun for tutorial_request to 2022-07-25T00:00:00+00:00, run_after=2022-07-26T00:00:00+00:00
[2022-07-25 12:57:16,866] {processor.py:161} INFO - Processing /opt/airflow/dags/hello.py took 0.123 seconds
[2022-07-25 12:57:47,566] {processor.py:153} INFO - Started process (PID=444) to work on /opt/airflow/dags/hello.py
[2022-07-25 12:57:47,568] {processor.py:641} INFO - Processing file /opt/airflow/dags/hello.py for tasks to queue
[2022-07-25 12:57:47,572] {logging_mixin.py:115} INFO - [2022-07-25 12:57:47,572] {dagbag.py:507} INFO - Filling up the DagBag from /opt/airflow/dags/hello.py
[2022-07-25 12:57:47,591] {processor.py:651} INFO - DAG(s) dict_keys(['tutorial_request']) retrieved from /opt/airflow/dags/hello.py
[2022-07-25 12:57:47,626] {logging_mixin.py:115} INFO - [2022-07-25 12:57:47,625] {dag.py:2379} INFO - Sync 1 DAGs
[2022-07-25 12:57:47,645] {logging_mixin.py:115} INFO - [2022-07-25 12:57:47,645] {dag.py:2931} INFO - Setting next_dagrun for tutorial_request to 2022-07-25T00:00:00+00:00, run_after=2022-07-26T00:00:00+00:00
[2022-07-25 12:57:47,657] {processor.py:161} INFO - Processing /opt/airflow/dags/hello.py took 0.093 seconds
[2022-07-25 12:58:18,494] {processor.py:153} INFO - Started process (PID=506) to work on /opt/airflow/dags/hello.py
[2022-07-25 12:58:18,496] {processor.py:641} INFO - Processing file /opt/airflow/dags/hello.py for tasks to queue
[2022-07-25 12:58:18,498] {logging_mixin.py:115} INFO - [2022-07-25 12:58:18,498] {dagbag.py:507} INFO - Filling up the DagBag from /opt/airflow/dags/hello.py
[2022-07-25 12:58:18,524] {processor.py:651} INFO - DAG(s) dict_keys(['tutorial_request']) retrieved from /opt/airflow/dags/hello.py
[2022-07-25 12:58:18,552] {logging_mixin.py:115} INFO - [2022-07-25 12:58:18,552] {dag.py:2379} INFO - Sync 1 DAGs
[2022-07-25 12:58:18,577] {logging_mixin.py:115} INFO - [2022-07-25 12:58:18,577] {dag.py:2931} INFO - Setting next_dagrun for tutorial_request to 2022-07-25T00:00:00+00:00, run_after=2022-07-26T00:00:00+00:00
[2022-07-25 12:58:18,593] {processor.py:161} INFO - Processing /opt/airflow/dags/hello.py took 0.102 seconds
[2022-07-25 12:58:49,199] {processor.py:153} INFO - Started process (PID=558) to work on /opt/airflow/dags/hello.py
[2022-07-25 12:58:49,201] {processor.py:641} INFO - Processing file /opt/airflow/dags/hello.py for tasks to queue
[2022-07-25 12:58:49,203] {logging_mixin.py:115} INFO - [2022-07-25 12:58:49,203] {dagbag.py:507} INFO - Filling up the DagBag from /opt/airflow/dags/hello.py
[2022-07-25 12:58:49,219] {processor.py:651} INFO - DAG(s) dict_keys(['tutorial_request']) retrieved from /opt/airflow/dags/hello.py
[2022-07-25 12:58:49,246] {logging_mixin.py:115} INFO - [2022-07-25 12:58:49,246] {dag.py:2379} INFO - Sync 1 DAGs
[2022-07-25 12:58:49,267] {logging_mixin.py:115} INFO - [2022-07-25 12:58:49,267] {dag.py:2931} INFO - Setting next_dagrun for tutorial_request to 2022-07-25T00:00:00+00:00, run_after=2022-07-26T00:00:00+00:00
[2022-07-25 12:58:49,286] {processor.py:161} INFO - Processing /opt/airflow/dags/hello.py took 0.089 seconds
[2022-07-25 12:59:19,990] {processor.py:153} INFO - Started process (PID=619) to work on /opt/airflow/dags/hello.py
[2022-07-25 12:59:19,992] {processor.py:641} INFO - Processing file /opt/airflow/dags/hello.py for tasks to queue
[2022-07-25 12:59:19,993] {logging_mixin.py:115} INFO - [2022-07-25 12:59:19,993] {dagbag.py:507} INFO - Filling up the DagBag from /opt/airflow/dags/hello.py
[2022-07-25 12:59:20,008] {processor.py:651} INFO - DAG(s) dict_keys(['tutorial_request']) retrieved from /opt/airflow/dags/hello.py
[2022-07-25 12:59:20,037] {logging_mixin.py:115} INFO - [2022-07-25 12:59:20,037] {dag.py:2379} INFO - Sync 1 DAGs
[2022-07-25 12:59:20,070] {logging_mixin.py:115} INFO - [2022-07-25 12:59:20,070] {dag.py:2931} INFO - Setting next_dagrun for tutorial_request to 2022-07-25T00:00:00+00:00, run_after=2022-07-26T00:00:00+00:00
[2022-07-25 12:59:20,089] {processor.py:161} INFO - Processing /opt/airflow/dags/hello.py took 0.102 seconds
[2022-07-25 12:59:50,716] {processor.py:153} INFO - Started process (PID=680) to work on /opt/airflow/dags/hello.py
[2022-07-25 12:59:50,719] {processor.py:641} INFO - Processing file /opt/airflow/dags/hello.py for tasks to queue
[2022-07-25 12:59:50,720] {logging_mixin.py:115} INFO - [2022-07-25 12:59:50,720] {dagbag.py:507} INFO - Filling up the DagBag from /opt/airflow/dags/hello.py
[2022-07-25 12:59:50,732] {processor.py:651} INFO - DAG(s) dict_keys(['tutorial_request']) retrieved from /opt/airflow/dags/hello.py
[2022-07-25 12:59:50,768] {logging_mixin.py:115} INFO - [2022-07-25 12:59:50,764] {dag.py:2379} INFO - Sync 1 DAGs
[2022-07-25 12:59:50,795] {logging_mixin.py:115} INFO - [2022-07-25 12:59:50,795] {dag.py:2931} INFO - Setting next_dagrun for tutorial_request to 2022-07-25T00:00:00+00:00, run_after=2022-07-26T00:00:00+00:00
[2022-07-25 12:59:50,812] {processor.py:161} INFO - Processing /opt/airflow/dags/hello.py took 0.099 seconds
[2022-07-25 13:00:21,597] {processor.py:153} INFO - Started process (PID=742) to work on /opt/airflow/dags/hello.py
[2022-07-25 13:00:21,601] {processor.py:641} INFO - Processing file /opt/airflow/dags/hello.py for tasks to queue
[2022-07-25 13:00:21,603] {logging_mixin.py:115} INFO - [2022-07-25 13:00:21,603] {dagbag.py:507} INFO - Filling up the DagBag from /opt/airflow/dags/hello.py
[2022-07-25 13:00:21,615] {processor.py:651} INFO - DAG(s) dict_keys(['tutorial_request']) retrieved from /opt/airflow/dags/hello.py
[2022-07-25 13:00:21,646] {logging_mixin.py:115} INFO - [2022-07-25 13:00:21,646] {dag.py:2379} INFO - Sync 1 DAGs
[2022-07-25 13:00:21,673] {logging_mixin.py:115} INFO - [2022-07-25 13:00:21,673] {dag.py:2931} INFO - Setting next_dagrun for tutorial_request to 2022-07-25T00:00:00+00:00, run_after=2022-07-26T00:00:00+00:00
[2022-07-25 13:00:21,683] {processor.py:161} INFO - Processing /opt/airflow/dags/hello.py took 0.088 seconds
[2022-07-25 13:00:52,381] {processor.py:153} INFO - Started process (PID=802) to work on /opt/airflow/dags/hello.py
[2022-07-25 13:00:52,387] {processor.py:641} INFO - Processing file /opt/airflow/dags/hello.py for tasks to queue
[2022-07-25 13:00:52,390] {logging_mixin.py:115} INFO - [2022-07-25 13:00:52,390] {dagbag.py:507} INFO - Filling up the DagBag from /opt/airflow/dags/hello.py
[2022-07-25 13:00:52,411] {processor.py:651} INFO - DAG(s) dict_keys(['tutorial_request']) retrieved from /opt/airflow/dags/hello.py
[2022-07-25 13:00:52,455] {logging_mixin.py:115} INFO - [2022-07-25 13:00:52,455] {dag.py:2379} INFO - Sync 1 DAGs
[2022-07-25 13:00:52,483] {logging_mixin.py:115} INFO - [2022-07-25 13:00:52,483] {dag.py:2931} INFO - Setting next_dagrun for tutorial_request to 2022-07-25T00:00:00+00:00, run_after=2022-07-26T00:00:00+00:00
[2022-07-25 13:00:52,505] {processor.py:161} INFO - Processing /opt/airflow/dags/hello.py took 0.126 seconds
[2022-07-25 13:01:23,190] {processor.py:153} INFO - Started process (PID=856) to work on /opt/airflow/dags/hello.py
[2022-07-25 13:01:23,192] {processor.py:641} INFO - Processing file /opt/airflow/dags/hello.py for tasks to queue
[2022-07-25 13:01:23,196] {logging_mixin.py:115} INFO - [2022-07-25 13:01:23,196] {dagbag.py:507} INFO - Filling up the DagBag from /opt/airflow/dags/hello.py
[2022-07-25 13:01:23,208] {processor.py:651} INFO - DAG(s) dict_keys(['tutorial_request']) retrieved from /opt/airflow/dags/hello.py
[2022-07-25 13:01:23,236] {logging_mixin.py:115} INFO - [2022-07-25 13:01:23,236] {dag.py:2379} INFO - Sync 1 DAGs
[2022-07-25 13:01:23,267] {logging_mixin.py:115} INFO - [2022-07-25 13:01:23,267] {dag.py:2931} INFO - Setting next_dagrun for tutorial_request to 2022-07-25T00:00:00+00:00, run_after=2022-07-26T00:00:00+00:00
[2022-07-25 13:01:23,285] {processor.py:161} INFO - Processing /opt/airflow/dags/hello.py took 0.097 seconds
[2022-07-25 13:01:53,626] {processor.py:153} INFO - Started process (PID=918) to work on /opt/airflow/dags/hello.py
[2022-07-25 13:01:53,630] {processor.py:641} INFO - Processing file /opt/airflow/dags/hello.py for tasks to queue
[2022-07-25 13:01:53,631] {logging_mixin.py:115} INFO - [2022-07-25 13:01:53,631] {dagbag.py:507} INFO - Filling up the DagBag from /opt/airflow/dags/hello.py
[2022-07-25 13:01:53,644] {processor.py:651} INFO - DAG(s) dict_keys(['tutorial_request']) retrieved from /opt/airflow/dags/hello.py
[2022-07-25 13:01:53,679] {logging_mixin.py:115} INFO - [2022-07-25 13:01:53,679] {dag.py:2379} INFO - Sync 1 DAGs
[2022-07-25 13:01:53,701] {logging_mixin.py:115} INFO - [2022-07-25 13:01:53,701] {dag.py:2931} INFO - Setting next_dagrun for tutorial_request to 2022-07-25T00:00:00+00:00, run_after=2022-07-26T00:00:00+00:00
[2022-07-25 13:01:53,715] {processor.py:161} INFO - Processing /opt/airflow/dags/hello.py took 0.092 seconds
