[2022-07-13 13:05:59,029] {taskinstance.py:1159} INFO - Dependencies all met for <TaskInstance: tutorial_request.print_date scheduled__2022-07-12T09:15:10.559320+00:00 [queued]>
[2022-07-13 13:05:59,037] {taskinstance.py:1159} INFO - Dependencies all met for <TaskInstance: tutorial_request.print_date scheduled__2022-07-12T09:15:10.559320+00:00 [queued]>
[2022-07-13 13:05:59,038] {taskinstance.py:1356} INFO - 
--------------------------------------------------------------------------------
[2022-07-13 13:05:59,040] {taskinstance.py:1357} INFO - Starting attempt 1 of 2
[2022-07-13 13:05:59,043] {taskinstance.py:1358} INFO - 
--------------------------------------------------------------------------------
[2022-07-13 13:05:59,054] {taskinstance.py:1377} INFO - Executing <Task(BashOperator): print_date> on 2022-07-12 09:15:10.559320+00:00
[2022-07-13 13:05:59,059] {standard_task_runner.py:52} INFO - Started process 62 to run task
[2022-07-13 13:05:59,061] {standard_task_runner.py:79} INFO - Running: ['***', 'tasks', 'run', 'tutorial_request', 'print_date', 'scheduled__2022-07-12T09:15:10.559320+00:00', '--job-id', '191', '--raw', '--subdir', 'DAGS_FOLDER/hello.py', '--cfg-path', '/tmp/tmpafo_gdbt', '--error-file', '/tmp/tmposopu0k3']
[2022-07-13 13:05:59,064] {standard_task_runner.py:80} INFO - Job 191: Subtask print_date
[2022-07-13 13:05:59,135] {task_command.py:370} INFO - Running <TaskInstance: tutorial_request.print_date scheduled__2022-07-12T09:15:10.559320+00:00 [running]> on host 3b9da1961faf
[2022-07-13 13:05:59,208] {taskinstance.py:1571} INFO - Exporting the following env vars:
AIRFLOW_CTX_DAG_EMAIL=***@example.com
AIRFLOW_CTX_DAG_OWNER=***
AIRFLOW_CTX_DAG_ID=tutorial_request
AIRFLOW_CTX_TASK_ID=print_date
AIRFLOW_CTX_EXECUTION_DATE=2022-07-12T09:15:10.559320+00:00
AIRFLOW_CTX_TRY_NUMBER=1
AIRFLOW_CTX_DAG_RUN_ID=scheduled__2022-07-12T09:15:10.559320+00:00
[2022-07-13 13:05:59,213] {subprocess.py:62} INFO - Tmp dir root location: 
 /tmp
[2022-07-13 13:05:59,216] {subprocess.py:74} INFO - Running command: ['bash', '-c', 'date']
[2022-07-13 13:05:59,226] {subprocess.py:85} INFO - Output:
[2022-07-13 13:05:59,235] {subprocess.py:92} INFO - Wed Jul 13 13:05:59 UTC 2022
[2022-07-13 13:05:59,237] {subprocess.py:96} INFO - Command exited with return code 0
[2022-07-13 13:05:59,423] {taskinstance.py:1400} INFO - Marking task as SUCCESS. dag_id=tutorial_request, task_id=print_date, execution_date=20220712T091510, start_date=20220713T130559, end_date=20220713T130559
[2022-07-13 13:05:59,493] {local_task_job.py:156} INFO - Task exited with return code 0
[2022-07-13 13:05:59,531] {local_task_job.py:273} INFO - 1 downstream tasks scheduled from follow-on schedule check
