[2022-07-11 09:14:55,315] {taskinstance.py:1159} INFO - Dependencies all met for <TaskInstance: tutorial_request.print_date scheduled__2022-07-10T09:14:45.268497+00:00 [queued]>
[2022-07-11 09:14:55,337] {taskinstance.py:1159} INFO - Dependencies all met for <TaskInstance: tutorial_request.print_date scheduled__2022-07-10T09:14:45.268497+00:00 [queued]>
[2022-07-11 09:14:55,340] {taskinstance.py:1356} INFO - 
--------------------------------------------------------------------------------
[2022-07-11 09:14:55,340] {taskinstance.py:1357} INFO - Starting attempt 1 of 2
[2022-07-11 09:14:55,342] {taskinstance.py:1358} INFO - 
--------------------------------------------------------------------------------
[2022-07-11 09:14:55,366] {taskinstance.py:1377} INFO - Executing <Task(BashOperator): print_date> on 2022-07-10 09:14:45.268497+00:00
[2022-07-11 09:14:55,372] {standard_task_runner.py:52} INFO - Started process 65 to run task
[2022-07-11 09:14:55,405] {standard_task_runner.py:79} INFO - Running: ['***', 'tasks', 'run', 'tutorial_request', 'print_date', 'scheduled__2022-07-10T09:14:45.268497+00:00', '--job-id', '179', '--raw', '--subdir', 'DAGS_FOLDER/hello.py', '--cfg-path', '/tmp/tmp7aub_mte', '--error-file', '/tmp/tmp9hhtwfxd']
[2022-07-11 09:14:55,407] {standard_task_runner.py:80} INFO - Job 179: Subtask print_date
[2022-07-11 09:14:55,510] {task_command.py:370} INFO - Running <TaskInstance: tutorial_request.print_date scheduled__2022-07-10T09:14:45.268497+00:00 [running]> on host 3b9da1961faf
[2022-07-11 09:14:55,594] {taskinstance.py:1571} INFO - Exporting the following env vars:
AIRFLOW_CTX_DAG_EMAIL=***@example.com
AIRFLOW_CTX_DAG_OWNER=***
AIRFLOW_CTX_DAG_ID=tutorial_request
AIRFLOW_CTX_TASK_ID=print_date
AIRFLOW_CTX_EXECUTION_DATE=2022-07-10T09:14:45.268497+00:00
AIRFLOW_CTX_TRY_NUMBER=1
AIRFLOW_CTX_DAG_RUN_ID=scheduled__2022-07-10T09:14:45.268497+00:00
[2022-07-11 09:14:55,600] {subprocess.py:62} INFO - Tmp dir root location: 
 /tmp
[2022-07-11 09:14:55,604] {subprocess.py:74} INFO - Running command: ['bash', '-c', 'date']
[2022-07-11 09:14:55,631] {subprocess.py:85} INFO - Output:
[2022-07-11 09:14:55,634] {subprocess.py:92} INFO - Mon Jul 11 09:14:55 UTC 2022
[2022-07-11 09:14:55,644] {subprocess.py:96} INFO - Command exited with return code 0
[2022-07-11 09:14:56,010] {taskinstance.py:1400} INFO - Marking task as SUCCESS. dag_id=tutorial_request, task_id=print_date, execution_date=20220710T091445, start_date=20220711T091455, end_date=20220711T091456
[2022-07-11 09:14:56,042] {local_task_job.py:156} INFO - Task exited with return code 0
[2022-07-11 09:14:56,110] {local_task_job.py:273} INFO - 1 downstream tasks scheduled from follow-on schedule check
