[2022-06-30 12:07:20,344] {processor.py:153} INFO - Started process (PID=33) to work on /opt/airflow/dags/hello.py
[2022-06-30 12:07:20,346] {processor.py:641} INFO - Processing file /opt/airflow/dags/hello.py for tasks to queue
[2022-06-30 12:07:20,347] {logging_mixin.py:115} INFO - [2022-06-30 12:07:20,347] {dagbag.py:507} INFO - Filling up the DagBag from /opt/airflow/dags/hello.py
[2022-06-30 12:07:23,135] {processor.py:651} INFO - DAG(s) dict_keys(['tutorial_request']) retrieved from /opt/airflow/dags/hello.py
[2022-06-30 12:07:23,178] {logging_mixin.py:115} INFO - [2022-06-30 12:07:23,178] {dag.py:2379} INFO - Sync 1 DAGs
[2022-06-30 12:07:23,233] {logging_mixin.py:115} INFO - [2022-06-30 12:07:23,233] {dag.py:2931} INFO - Setting next_dagrun for tutorial_request to 2022-06-29T16:27:44.920137+00:00, run_after=2022-06-30T16:27:44.920137+00:00
[2022-06-30 12:07:23,253] {processor.py:161} INFO - Processing /opt/airflow/dags/hello.py took 2.912 seconds
[2022-06-30 12:07:53,466] {processor.py:153} INFO - Started process (PID=95) to work on /opt/airflow/dags/hello.py
[2022-06-30 12:07:53,471] {processor.py:641} INFO - Processing file /opt/airflow/dags/hello.py for tasks to queue
[2022-06-30 12:07:53,473] {logging_mixin.py:115} INFO - [2022-06-30 12:07:53,473] {dagbag.py:507} INFO - Filling up the DagBag from /opt/airflow/dags/hello.py
[2022-06-30 12:07:54,121] {processor.py:651} INFO - DAG(s) dict_keys(['tutorial_request']) retrieved from /opt/airflow/dags/hello.py
[2022-06-30 12:07:54,148] {logging_mixin.py:115} INFO - [2022-06-30 12:07:54,148] {dag.py:2379} INFO - Sync 1 DAGs
[2022-06-30 12:07:54,171] {logging_mixin.py:115} INFO - [2022-06-30 12:07:54,171] {dag.py:2931} INFO - Setting next_dagrun for tutorial_request to 2022-06-29T16:27:44.920137+00:00, run_after=2022-06-30T16:27:44.920137+00:00
[2022-06-30 12:07:54,185] {processor.py:161} INFO - Processing /opt/airflow/dags/hello.py took 0.721 seconds
[2022-06-30 12:08:24,420] {processor.py:153} INFO - Started process (PID=161) to work on /opt/airflow/dags/hello.py
[2022-06-30 12:08:24,423] {processor.py:641} INFO - Processing file /opt/airflow/dags/hello.py for tasks to queue
[2022-06-30 12:08:24,425] {logging_mixin.py:115} INFO - [2022-06-30 12:08:24,425] {dagbag.py:507} INFO - Filling up the DagBag from /opt/airflow/dags/hello.py
[2022-06-30 12:08:25,386] {processor.py:651} INFO - DAG(s) dict_keys(['tutorial_request']) retrieved from /opt/airflow/dags/hello.py
[2022-06-30 12:08:25,414] {logging_mixin.py:115} INFO - [2022-06-30 12:08:25,414] {dag.py:2379} INFO - Sync 1 DAGs
[2022-06-30 12:08:25,440] {logging_mixin.py:115} INFO - [2022-06-30 12:08:25,440] {dag.py:2931} INFO - Setting next_dagrun for tutorial_request to 2022-06-29T16:27:44.920137+00:00, run_after=2022-06-30T16:27:44.920137+00:00
[2022-06-30 12:08:25,462] {processor.py:161} INFO - Processing /opt/airflow/dags/hello.py took 1.044 seconds
[2022-06-30 12:08:55,626] {processor.py:153} INFO - Started process (PID=225) to work on /opt/airflow/dags/hello.py
[2022-06-30 12:08:55,629] {processor.py:641} INFO - Processing file /opt/airflow/dags/hello.py for tasks to queue
[2022-06-30 12:08:55,630] {logging_mixin.py:115} INFO - [2022-06-30 12:08:55,630] {dagbag.py:507} INFO - Filling up the DagBag from /opt/airflow/dags/hello.py
[2022-06-30 12:08:56,456] {processor.py:651} INFO - DAG(s) dict_keys(['tutorial_request']) retrieved from /opt/airflow/dags/hello.py
[2022-06-30 12:08:56,501] {logging_mixin.py:115} INFO - [2022-06-30 12:08:56,500] {dag.py:2379} INFO - Sync 1 DAGs
[2022-06-30 12:08:56,520] {logging_mixin.py:115} INFO - [2022-06-30 12:08:56,520] {dag.py:2931} INFO - Setting next_dagrun for tutorial_request to 2022-06-29T16:27:44.920137+00:00, run_after=2022-06-30T16:27:44.920137+00:00
[2022-06-30 12:08:56,531] {processor.py:161} INFO - Processing /opt/airflow/dags/hello.py took 0.907 seconds
[2022-06-30 12:09:26,959] {processor.py:153} INFO - Started process (PID=281) to work on /opt/airflow/dags/hello.py
[2022-06-30 12:09:26,961] {processor.py:641} INFO - Processing file /opt/airflow/dags/hello.py for tasks to queue
[2022-06-30 12:09:26,964] {logging_mixin.py:115} INFO - [2022-06-30 12:09:26,964] {dagbag.py:507} INFO - Filling up the DagBag from /opt/airflow/dags/hello.py
[2022-06-30 12:09:27,597] {processor.py:651} INFO - DAG(s) dict_keys(['tutorial_request']) retrieved from /opt/airflow/dags/hello.py
[2022-06-30 12:09:27,630] {logging_mixin.py:115} INFO - [2022-06-30 12:09:27,630] {dag.py:2379} INFO - Sync 1 DAGs
[2022-06-30 12:09:27,657] {logging_mixin.py:115} INFO - [2022-06-30 12:09:27,656] {dag.py:2931} INFO - Setting next_dagrun for tutorial_request to 2022-06-29T16:27:44.920137+00:00, run_after=2022-06-30T16:27:44.920137+00:00
[2022-06-30 12:09:27,670] {processor.py:161} INFO - Processing /opt/airflow/dags/hello.py took 0.714 seconds
[2022-06-30 12:09:58,054] {processor.py:153} INFO - Started process (PID=345) to work on /opt/airflow/dags/hello.py
[2022-06-30 12:09:58,056] {processor.py:641} INFO - Processing file /opt/airflow/dags/hello.py for tasks to queue
[2022-06-30 12:09:58,058] {logging_mixin.py:115} INFO - [2022-06-30 12:09:58,058] {dagbag.py:507} INFO - Filling up the DagBag from /opt/airflow/dags/hello.py
[2022-06-30 12:09:58,643] {processor.py:651} INFO - DAG(s) dict_keys(['tutorial_request']) retrieved from /opt/airflow/dags/hello.py
[2022-06-30 12:09:58,664] {logging_mixin.py:115} INFO - [2022-06-30 12:09:58,664] {dag.py:2379} INFO - Sync 1 DAGs
[2022-06-30 12:09:58,681] {logging_mixin.py:115} INFO - [2022-06-30 12:09:58,681] {dag.py:2931} INFO - Setting next_dagrun for tutorial_request to 2022-06-29T16:27:44.920137+00:00, run_after=2022-06-30T16:27:44.920137+00:00
[2022-06-30 12:09:58,691] {processor.py:161} INFO - Processing /opt/airflow/dags/hello.py took 0.639 seconds
[2022-06-30 12:10:29,057] {processor.py:153} INFO - Started process (PID=409) to work on /opt/airflow/dags/hello.py
[2022-06-30 12:10:29,059] {processor.py:641} INFO - Processing file /opt/airflow/dags/hello.py for tasks to queue
[2022-06-30 12:10:29,060] {logging_mixin.py:115} INFO - [2022-06-30 12:10:29,060] {dagbag.py:507} INFO - Filling up the DagBag from /opt/airflow/dags/hello.py
[2022-06-30 12:10:29,573] {processor.py:651} INFO - DAG(s) dict_keys(['tutorial_request']) retrieved from /opt/airflow/dags/hello.py
[2022-06-30 12:10:29,589] {logging_mixin.py:115} INFO - [2022-06-30 12:10:29,589] {dag.py:2379} INFO - Sync 1 DAGs
[2022-06-30 12:10:29,608] {logging_mixin.py:115} INFO - [2022-06-30 12:10:29,608] {dag.py:2931} INFO - Setting next_dagrun for tutorial_request to 2022-06-29T16:27:44.920137+00:00, run_after=2022-06-30T16:27:44.920137+00:00
[2022-06-30 12:10:29,619] {processor.py:161} INFO - Processing /opt/airflow/dags/hello.py took 0.564 seconds
[2022-06-30 12:10:59,692] {processor.py:153} INFO - Started process (PID=474) to work on /opt/airflow/dags/hello.py
[2022-06-30 12:10:59,694] {processor.py:641} INFO - Processing file /opt/airflow/dags/hello.py for tasks to queue
[2022-06-30 12:10:59,697] {logging_mixin.py:115} INFO - [2022-06-30 12:10:59,697] {dagbag.py:507} INFO - Filling up the DagBag from /opt/airflow/dags/hello.py
[2022-06-30 12:11:00,254] {processor.py:651} INFO - DAG(s) dict_keys(['tutorial_request']) retrieved from /opt/airflow/dags/hello.py
[2022-06-30 12:11:00,269] {logging_mixin.py:115} INFO - [2022-06-30 12:11:00,269] {dag.py:2379} INFO - Sync 1 DAGs
[2022-06-30 12:11:00,288] {logging_mixin.py:115} INFO - [2022-06-30 12:11:00,288] {dag.py:2931} INFO - Setting next_dagrun for tutorial_request to 2022-06-29T16:27:44.920137+00:00, run_after=2022-06-30T16:27:44.920137+00:00
[2022-06-30 12:11:00,308] {processor.py:161} INFO - Processing /opt/airflow/dags/hello.py took 0.619 seconds
[2022-06-30 12:11:30,396] {processor.py:153} INFO - Started process (PID=530) to work on /opt/airflow/dags/hello.py
[2022-06-30 12:11:30,397] {processor.py:641} INFO - Processing file /opt/airflow/dags/hello.py for tasks to queue
[2022-06-30 12:11:30,398] {logging_mixin.py:115} INFO - [2022-06-30 12:11:30,398] {dagbag.py:507} INFO - Filling up the DagBag from /opt/airflow/dags/hello.py
[2022-06-30 12:11:30,792] {processor.py:651} INFO - DAG(s) dict_keys(['tutorial_request']) retrieved from /opt/airflow/dags/hello.py
[2022-06-30 12:11:30,806] {logging_mixin.py:115} INFO - [2022-06-30 12:11:30,806] {dag.py:2379} INFO - Sync 1 DAGs
[2022-06-30 12:11:30,820] {logging_mixin.py:115} INFO - [2022-06-30 12:11:30,820] {dag.py:2931} INFO - Setting next_dagrun for tutorial_request to 2022-06-29T16:27:44.920137+00:00, run_after=2022-06-30T16:27:44.920137+00:00
[2022-06-30 12:11:30,830] {processor.py:161} INFO - Processing /opt/airflow/dags/hello.py took 0.438 seconds
[2022-06-30 12:12:00,997] {processor.py:153} INFO - Started process (PID=596) to work on /opt/airflow/dags/hello.py
[2022-06-30 12:12:00,999] {processor.py:641} INFO - Processing file /opt/airflow/dags/hello.py for tasks to queue
[2022-06-30 12:12:01,001] {logging_mixin.py:115} INFO - [2022-06-30 12:12:01,001] {dagbag.py:507} INFO - Filling up the DagBag from /opt/airflow/dags/hello.py
[2022-06-30 12:12:01,292] {processor.py:651} INFO - DAG(s) dict_keys(['tutorial_request']) retrieved from /opt/airflow/dags/hello.py
[2022-06-30 12:12:01,305] {logging_mixin.py:115} INFO - [2022-06-30 12:12:01,305] {dag.py:2379} INFO - Sync 1 DAGs
[2022-06-30 12:12:01,317] {logging_mixin.py:115} INFO - [2022-06-30 12:12:01,317] {dag.py:2931} INFO - Setting next_dagrun for tutorial_request to 2022-06-29T16:27:44.920137+00:00, run_after=2022-06-30T16:27:44.920137+00:00
[2022-06-30 12:12:01,331] {processor.py:161} INFO - Processing /opt/airflow/dags/hello.py took 0.341 seconds
[2022-06-30 12:12:31,388] {processor.py:153} INFO - Started process (PID=659) to work on /opt/airflow/dags/hello.py
[2022-06-30 12:12:31,390] {processor.py:641} INFO - Processing file /opt/airflow/dags/hello.py for tasks to queue
[2022-06-30 12:12:31,392] {logging_mixin.py:115} INFO - [2022-06-30 12:12:31,392] {dagbag.py:507} INFO - Filling up the DagBag from /opt/airflow/dags/hello.py
[2022-06-30 12:12:31,873] {processor.py:651} INFO - DAG(s) dict_keys(['tutorial_request']) retrieved from /opt/airflow/dags/hello.py
[2022-06-30 12:12:31,891] {logging_mixin.py:115} INFO - [2022-06-30 12:12:31,890] {dag.py:2379} INFO - Sync 1 DAGs
[2022-06-30 12:12:31,904] {logging_mixin.py:115} INFO - [2022-06-30 12:12:31,904] {dag.py:2931} INFO - Setting next_dagrun for tutorial_request to 2022-06-29T16:27:44.920137+00:00, run_after=2022-06-30T16:27:44.920137+00:00
[2022-06-30 12:12:31,919] {processor.py:161} INFO - Processing /opt/airflow/dags/hello.py took 0.533 seconds
[2022-06-30 12:13:01,996] {processor.py:153} INFO - Started process (PID=725) to work on /opt/airflow/dags/hello.py
[2022-06-30 12:13:01,998] {processor.py:641} INFO - Processing file /opt/airflow/dags/hello.py for tasks to queue
[2022-06-30 12:13:02,000] {logging_mixin.py:115} INFO - [2022-06-30 12:13:02,000] {dagbag.py:507} INFO - Filling up the DagBag from /opt/airflow/dags/hello.py
[2022-06-30 12:13:02,481] {processor.py:651} INFO - DAG(s) dict_keys(['tutorial_request']) retrieved from /opt/airflow/dags/hello.py
[2022-06-30 12:13:02,506] {logging_mixin.py:115} INFO - [2022-06-30 12:13:02,506] {dag.py:2379} INFO - Sync 1 DAGs
[2022-06-30 12:13:02,530] {logging_mixin.py:115} INFO - [2022-06-30 12:13:02,530] {dag.py:2931} INFO - Setting next_dagrun for tutorial_request to 2022-06-29T16:27:44.920137+00:00, run_after=2022-06-30T16:27:44.920137+00:00
[2022-06-30 12:13:02,547] {processor.py:161} INFO - Processing /opt/airflow/dags/hello.py took 0.556 seconds
[2022-06-30 12:13:32,785] {processor.py:153} INFO - Started process (PID=785) to work on /opt/airflow/dags/hello.py
[2022-06-30 12:13:32,787] {processor.py:641} INFO - Processing file /opt/airflow/dags/hello.py for tasks to queue
[2022-06-30 12:13:32,790] {logging_mixin.py:115} INFO - [2022-06-30 12:13:32,789] {dagbag.py:507} INFO - Filling up the DagBag from /opt/airflow/dags/hello.py
[2022-06-30 12:13:33,385] {processor.py:651} INFO - DAG(s) dict_keys(['tutorial_request']) retrieved from /opt/airflow/dags/hello.py
[2022-06-30 12:13:33,410] {logging_mixin.py:115} INFO - [2022-06-30 12:13:33,410] {dag.py:2379} INFO - Sync 1 DAGs
[2022-06-30 12:13:33,433] {logging_mixin.py:115} INFO - [2022-06-30 12:13:33,433] {dag.py:2931} INFO - Setting next_dagrun for tutorial_request to 2022-06-29T16:27:44.920137+00:00, run_after=2022-06-30T16:27:44.920137+00:00
[2022-06-30 12:13:33,449] {processor.py:161} INFO - Processing /opt/airflow/dags/hello.py took 0.666 seconds
[2022-06-30 12:14:04,262] {processor.py:153} INFO - Started process (PID=843) to work on /opt/airflow/dags/hello.py
[2022-06-30 12:14:04,264] {processor.py:641} INFO - Processing file /opt/airflow/dags/hello.py for tasks to queue
[2022-06-30 12:14:04,266] {logging_mixin.py:115} INFO - [2022-06-30 12:14:04,266] {dagbag.py:507} INFO - Filling up the DagBag from /opt/airflow/dags/hello.py
[2022-06-30 12:14:04,692] {processor.py:651} INFO - DAG(s) dict_keys(['tutorial_request']) retrieved from /opt/airflow/dags/hello.py
[2022-06-30 12:14:04,727] {logging_mixin.py:115} INFO - [2022-06-30 12:14:04,726] {dag.py:2379} INFO - Sync 1 DAGs
[2022-06-30 12:14:04,749] {logging_mixin.py:115} INFO - [2022-06-30 12:14:04,749] {dag.py:2931} INFO - Setting next_dagrun for tutorial_request to 2022-06-29T16:27:44.920137+00:00, run_after=2022-06-30T16:27:44.920137+00:00
[2022-06-30 12:14:04,763] {processor.py:161} INFO - Processing /opt/airflow/dags/hello.py took 0.504 seconds
[2022-06-30 12:14:34,923] {processor.py:153} INFO - Started process (PID=908) to work on /opt/airflow/dags/hello.py
[2022-06-30 12:14:34,924] {processor.py:641} INFO - Processing file /opt/airflow/dags/hello.py for tasks to queue
[2022-06-30 12:14:34,926] {logging_mixin.py:115} INFO - [2022-06-30 12:14:34,926] {dagbag.py:507} INFO - Filling up the DagBag from /opt/airflow/dags/hello.py
[2022-06-30 12:14:35,444] {processor.py:651} INFO - DAG(s) dict_keys(['tutorial_request']) retrieved from /opt/airflow/dags/hello.py
[2022-06-30 12:14:35,459] {logging_mixin.py:115} INFO - [2022-06-30 12:14:35,459] {dag.py:2379} INFO - Sync 1 DAGs
[2022-06-30 12:14:35,477] {logging_mixin.py:115} INFO - [2022-06-30 12:14:35,477] {dag.py:2931} INFO - Setting next_dagrun for tutorial_request to 2022-06-29T16:27:44.920137+00:00, run_after=2022-06-30T16:27:44.920137+00:00
[2022-06-30 12:14:35,487] {processor.py:161} INFO - Processing /opt/airflow/dags/hello.py took 0.567 seconds
[2022-06-30 12:15:05,769] {processor.py:153} INFO - Started process (PID=973) to work on /opt/airflow/dags/hello.py
[2022-06-30 12:15:05,772] {processor.py:641} INFO - Processing file /opt/airflow/dags/hello.py for tasks to queue
[2022-06-30 12:15:05,775] {logging_mixin.py:115} INFO - [2022-06-30 12:15:05,775] {dagbag.py:507} INFO - Filling up the DagBag from /opt/airflow/dags/hello.py
[2022-06-30 12:15:06,163] {processor.py:651} INFO - DAG(s) dict_keys(['tutorial_request']) retrieved from /opt/airflow/dags/hello.py
[2022-06-30 12:15:06,186] {logging_mixin.py:115} INFO - [2022-06-30 12:15:06,186] {dag.py:2379} INFO - Sync 1 DAGs
[2022-06-30 12:15:06,221] {logging_mixin.py:115} INFO - [2022-06-30 12:15:06,221] {dag.py:2931} INFO - Setting next_dagrun for tutorial_request to 2022-06-29T16:27:44.920137+00:00, run_after=2022-06-30T16:27:44.920137+00:00
[2022-06-30 12:15:06,235] {processor.py:161} INFO - Processing /opt/airflow/dags/hello.py took 0.468 seconds
[2022-06-30 12:15:36,821] {processor.py:153} INFO - Started process (PID=1038) to work on /opt/airflow/dags/hello.py
[2022-06-30 12:15:36,822] {processor.py:641} INFO - Processing file /opt/airflow/dags/hello.py for tasks to queue
[2022-06-30 12:15:36,824] {logging_mixin.py:115} INFO - [2022-06-30 12:15:36,824] {dagbag.py:507} INFO - Filling up the DagBag from /opt/airflow/dags/hello.py
[2022-06-30 12:15:37,130] {processor.py:651} INFO - DAG(s) dict_keys(['tutorial_request']) retrieved from /opt/airflow/dags/hello.py
[2022-06-30 12:15:37,146] {logging_mixin.py:115} INFO - [2022-06-30 12:15:37,145] {dag.py:2379} INFO - Sync 1 DAGs
[2022-06-30 12:15:37,162] {logging_mixin.py:115} INFO - [2022-06-30 12:15:37,162] {dag.py:2931} INFO - Setting next_dagrun for tutorial_request to 2022-06-29T16:27:44.920137+00:00, run_after=2022-06-30T16:27:44.920137+00:00
[2022-06-30 12:15:37,169] {processor.py:161} INFO - Processing /opt/airflow/dags/hello.py took 0.352 seconds
[2022-06-30 12:16:07,454] {processor.py:153} INFO - Started process (PID=1106) to work on /opt/airflow/dags/hello.py
[2022-06-30 12:16:07,455] {processor.py:641} INFO - Processing file /opt/airflow/dags/hello.py for tasks to queue
[2022-06-30 12:16:07,457] {logging_mixin.py:115} INFO - [2022-06-30 12:16:07,456] {dagbag.py:507} INFO - Filling up the DagBag from /opt/airflow/dags/hello.py
[2022-06-30 12:16:07,774] {processor.py:651} INFO - DAG(s) dict_keys(['tutorial_request']) retrieved from /opt/airflow/dags/hello.py
[2022-06-30 12:16:07,791] {logging_mixin.py:115} INFO - [2022-06-30 12:16:07,790] {dag.py:2379} INFO - Sync 1 DAGs
[2022-06-30 12:16:07,803] {logging_mixin.py:115} INFO - [2022-06-30 12:16:07,803] {dag.py:2931} INFO - Setting next_dagrun for tutorial_request to 2022-06-29T16:27:44.920137+00:00, run_after=2022-06-30T16:27:44.920137+00:00
[2022-06-30 12:16:07,810] {processor.py:161} INFO - Processing /opt/airflow/dags/hello.py took 0.359 seconds
[2022-06-30 12:16:38,120] {processor.py:153} INFO - Started process (PID=1159) to work on /opt/airflow/dags/hello.py
[2022-06-30 12:16:38,121] {processor.py:641} INFO - Processing file /opt/airflow/dags/hello.py for tasks to queue
[2022-06-30 12:16:38,122] {logging_mixin.py:115} INFO - [2022-06-30 12:16:38,122] {dagbag.py:507} INFO - Filling up the DagBag from /opt/airflow/dags/hello.py
[2022-06-30 12:16:38,466] {processor.py:651} INFO - DAG(s) dict_keys(['tutorial_request']) retrieved from /opt/airflow/dags/hello.py
[2022-06-30 12:16:38,493] {logging_mixin.py:115} INFO - [2022-06-30 12:16:38,493] {dag.py:2379} INFO - Sync 1 DAGs
[2022-06-30 12:16:38,510] {logging_mixin.py:115} INFO - [2022-06-30 12:16:38,510] {dag.py:2931} INFO - Setting next_dagrun for tutorial_request to 2022-06-29T16:27:44.920137+00:00, run_after=2022-06-30T16:27:44.920137+00:00
[2022-06-30 12:16:38,522] {processor.py:161} INFO - Processing /opt/airflow/dags/hello.py took 0.405 seconds
[2022-06-30 12:17:09,387] {processor.py:153} INFO - Started process (PID=1223) to work on /opt/airflow/dags/hello.py
[2022-06-30 12:17:09,388] {processor.py:641} INFO - Processing file /opt/airflow/dags/hello.py for tasks to queue
[2022-06-30 12:17:09,390] {logging_mixin.py:115} INFO - [2022-06-30 12:17:09,389] {dagbag.py:507} INFO - Filling up the DagBag from /opt/airflow/dags/hello.py
[2022-06-30 12:17:09,834] {processor.py:651} INFO - DAG(s) dict_keys(['tutorial_request']) retrieved from /opt/airflow/dags/hello.py
[2022-06-30 12:17:09,847] {logging_mixin.py:115} INFO - [2022-06-30 12:17:09,846] {dag.py:2379} INFO - Sync 1 DAGs
[2022-06-30 12:17:09,858] {logging_mixin.py:115} INFO - [2022-06-30 12:17:09,858] {dag.py:2931} INFO - Setting next_dagrun for tutorial_request to 2022-06-29T16:27:44.920137+00:00, run_after=2022-06-30T16:27:44.920137+00:00
[2022-06-30 12:17:09,865] {processor.py:161} INFO - Processing /opt/airflow/dags/hello.py took 0.481 seconds
[2022-06-30 12:17:40,427] {processor.py:153} INFO - Started process (PID=1288) to work on /opt/airflow/dags/hello.py
[2022-06-30 12:17:40,428] {processor.py:641} INFO - Processing file /opt/airflow/dags/hello.py for tasks to queue
[2022-06-30 12:17:40,430] {logging_mixin.py:115} INFO - [2022-06-30 12:17:40,430] {dagbag.py:507} INFO - Filling up the DagBag from /opt/airflow/dags/hello.py
[2022-06-30 12:17:40,717] {processor.py:651} INFO - DAG(s) dict_keys(['tutorial_request']) retrieved from /opt/airflow/dags/hello.py
[2022-06-30 12:17:40,735] {logging_mixin.py:115} INFO - [2022-06-30 12:17:40,735] {dag.py:2379} INFO - Sync 1 DAGs
[2022-06-30 12:17:40,748] {logging_mixin.py:115} INFO - [2022-06-30 12:17:40,748] {dag.py:2931} INFO - Setting next_dagrun for tutorial_request to 2022-06-29T16:27:44.920137+00:00, run_after=2022-06-30T16:27:44.920137+00:00
[2022-06-30 12:17:40,757] {processor.py:161} INFO - Processing /opt/airflow/dags/hello.py took 0.333 seconds
[2022-06-30 12:18:11,416] {processor.py:153} INFO - Started process (PID=1351) to work on /opt/airflow/dags/hello.py
[2022-06-30 12:18:11,418] {processor.py:641} INFO - Processing file /opt/airflow/dags/hello.py for tasks to queue
[2022-06-30 12:18:11,420] {logging_mixin.py:115} INFO - [2022-06-30 12:18:11,420] {dagbag.py:507} INFO - Filling up the DagBag from /opt/airflow/dags/hello.py
[2022-06-30 12:18:11,720] {processor.py:651} INFO - DAG(s) dict_keys(['tutorial_request']) retrieved from /opt/airflow/dags/hello.py
[2022-06-30 12:18:11,745] {logging_mixin.py:115} INFO - [2022-06-30 12:18:11,744] {dag.py:2379} INFO - Sync 1 DAGs
[2022-06-30 12:18:11,759] {logging_mixin.py:115} INFO - [2022-06-30 12:18:11,759] {dag.py:2931} INFO - Setting next_dagrun for tutorial_request to 2022-06-29T16:27:44.920137+00:00, run_after=2022-06-30T16:27:44.920137+00:00
[2022-06-30 12:18:11,768] {processor.py:161} INFO - Processing /opt/airflow/dags/hello.py took 0.354 seconds
[2022-06-30 12:18:42,109] {processor.py:153} INFO - Started process (PID=1415) to work on /opt/airflow/dags/hello.py
[2022-06-30 12:18:42,111] {processor.py:641} INFO - Processing file /opt/airflow/dags/hello.py for tasks to queue
[2022-06-30 12:18:42,113] {logging_mixin.py:115} INFO - [2022-06-30 12:18:42,113] {dagbag.py:507} INFO - Filling up the DagBag from /opt/airflow/dags/hello.py
[2022-06-30 12:18:42,412] {processor.py:651} INFO - DAG(s) dict_keys(['tutorial_request']) retrieved from /opt/airflow/dags/hello.py
[2022-06-30 12:18:42,429] {logging_mixin.py:115} INFO - [2022-06-30 12:18:42,428] {dag.py:2379} INFO - Sync 1 DAGs
[2022-06-30 12:18:42,444] {logging_mixin.py:115} INFO - [2022-06-30 12:18:42,444] {dag.py:2931} INFO - Setting next_dagrun for tutorial_request to 2022-06-29T16:27:44.920137+00:00, run_after=2022-06-30T16:27:44.920137+00:00
[2022-06-30 12:18:42,453] {processor.py:161} INFO - Processing /opt/airflow/dags/hello.py took 0.349 seconds
[2022-06-30 12:19:12,569] {processor.py:153} INFO - Started process (PID=1478) to work on /opt/airflow/dags/hello.py
[2022-06-30 12:19:12,571] {processor.py:641} INFO - Processing file /opt/airflow/dags/hello.py for tasks to queue
[2022-06-30 12:19:12,573] {logging_mixin.py:115} INFO - [2022-06-30 12:19:12,573] {dagbag.py:507} INFO - Filling up the DagBag from /opt/airflow/dags/hello.py
[2022-06-30 12:19:13,052] {processor.py:651} INFO - DAG(s) dict_keys(['tutorial_request']) retrieved from /opt/airflow/dags/hello.py
[2022-06-30 12:19:13,074] {logging_mixin.py:115} INFO - [2022-06-30 12:19:13,073] {dag.py:2379} INFO - Sync 1 DAGs
[2022-06-30 12:19:13,097] {logging_mixin.py:115} INFO - [2022-06-30 12:19:13,097] {dag.py:2931} INFO - Setting next_dagrun for tutorial_request to 2022-06-29T16:27:44.920137+00:00, run_after=2022-06-30T16:27:44.920137+00:00
[2022-06-30 12:19:13,110] {processor.py:161} INFO - Processing /opt/airflow/dags/hello.py took 0.546 seconds
[2022-06-30 12:19:43,740] {processor.py:153} INFO - Started process (PID=1542) to work on /opt/airflow/dags/hello.py
[2022-06-30 12:19:43,741] {processor.py:641} INFO - Processing file /opt/airflow/dags/hello.py for tasks to queue
[2022-06-30 12:19:43,742] {logging_mixin.py:115} INFO - [2022-06-30 12:19:43,742] {dagbag.py:507} INFO - Filling up the DagBag from /opt/airflow/dags/hello.py
[2022-06-30 12:19:44,009] {processor.py:651} INFO - DAG(s) dict_keys(['tutorial_request']) retrieved from /opt/airflow/dags/hello.py
[2022-06-30 12:19:44,027] {logging_mixin.py:115} INFO - [2022-06-30 12:19:44,027] {dag.py:2379} INFO - Sync 1 DAGs
[2022-06-30 12:19:44,040] {logging_mixin.py:115} INFO - [2022-06-30 12:19:44,040] {dag.py:2931} INFO - Setting next_dagrun for tutorial_request to 2022-06-29T16:27:44.920137+00:00, run_after=2022-06-30T16:27:44.920137+00:00
[2022-06-30 12:19:44,050] {processor.py:161} INFO - Processing /opt/airflow/dags/hello.py took 0.313 seconds
[2022-06-30 12:20:14,210] {processor.py:153} INFO - Started process (PID=1599) to work on /opt/airflow/dags/hello.py
[2022-06-30 12:20:14,215] {processor.py:641} INFO - Processing file /opt/airflow/dags/hello.py for tasks to queue
[2022-06-30 12:20:14,217] {logging_mixin.py:115} INFO - [2022-06-30 12:20:14,217] {dagbag.py:507} INFO - Filling up the DagBag from /opt/airflow/dags/hello.py
[2022-06-30 12:20:14,650] {processor.py:651} INFO - DAG(s) dict_keys(['tutorial_request']) retrieved from /opt/airflow/dags/hello.py
[2022-06-30 12:20:14,675] {logging_mixin.py:115} INFO - [2022-06-30 12:20:14,674] {dag.py:2379} INFO - Sync 1 DAGs
[2022-06-30 12:20:14,694] {logging_mixin.py:115} INFO - [2022-06-30 12:20:14,694] {dag.py:2931} INFO - Setting next_dagrun for tutorial_request to 2022-06-29T16:27:44.920137+00:00, run_after=2022-06-30T16:27:44.920137+00:00
[2022-06-30 12:20:14,704] {processor.py:161} INFO - Processing /opt/airflow/dags/hello.py took 0.496 seconds
[2022-06-30 12:20:44,775] {processor.py:153} INFO - Started process (PID=1667) to work on /opt/airflow/dags/hello.py
[2022-06-30 12:20:44,776] {processor.py:641} INFO - Processing file /opt/airflow/dags/hello.py for tasks to queue
[2022-06-30 12:20:44,778] {logging_mixin.py:115} INFO - [2022-06-30 12:20:44,778] {dagbag.py:507} INFO - Filling up the DagBag from /opt/airflow/dags/hello.py
[2022-06-30 12:20:45,029] {processor.py:651} INFO - DAG(s) dict_keys(['tutorial_request']) retrieved from /opt/airflow/dags/hello.py
[2022-06-30 12:20:45,041] {logging_mixin.py:115} INFO - [2022-06-30 12:20:45,041] {dag.py:2379} INFO - Sync 1 DAGs
[2022-06-30 12:20:45,052] {logging_mixin.py:115} INFO - [2022-06-30 12:20:45,052] {dag.py:2931} INFO - Setting next_dagrun for tutorial_request to 2022-06-29T16:27:44.920137+00:00, run_after=2022-06-30T16:27:44.920137+00:00
[2022-06-30 12:20:45,060] {processor.py:161} INFO - Processing /opt/airflow/dags/hello.py took 0.287 seconds
[2022-06-30 12:21:15,376] {processor.py:153} INFO - Started process (PID=1728) to work on /opt/airflow/dags/hello.py
[2022-06-30 12:21:15,377] {processor.py:641} INFO - Processing file /opt/airflow/dags/hello.py for tasks to queue
[2022-06-30 12:21:15,378] {logging_mixin.py:115} INFO - [2022-06-30 12:21:15,378] {dagbag.py:507} INFO - Filling up the DagBag from /opt/airflow/dags/hello.py
[2022-06-30 12:21:15,670] {processor.py:651} INFO - DAG(s) dict_keys(['tutorial_request']) retrieved from /opt/airflow/dags/hello.py
[2022-06-30 12:21:15,691] {logging_mixin.py:115} INFO - [2022-06-30 12:21:15,691] {dag.py:2379} INFO - Sync 1 DAGs
[2022-06-30 12:21:15,708] {logging_mixin.py:115} INFO - [2022-06-30 12:21:15,708] {dag.py:2931} INFO - Setting next_dagrun for tutorial_request to 2022-06-29T16:27:44.920137+00:00, run_after=2022-06-30T16:27:44.920137+00:00
[2022-06-30 12:21:15,717] {processor.py:161} INFO - Processing /opt/airflow/dags/hello.py took 0.343 seconds
