[2022-06-20 21:55:47,498] {taskinstance.py:1159} INFO - Dependencies all met for <TaskInstance: tutorial_request.print_date manual__2022-06-20T21:55:46.621182+00:00 [queued]>
[2022-06-20 21:55:47,506] {taskinstance.py:1159} INFO - Dependencies all met for <TaskInstance: tutorial_request.print_date manual__2022-06-20T21:55:46.621182+00:00 [queued]>
[2022-06-20 21:55:47,507] {taskinstance.py:1356} INFO - 
--------------------------------------------------------------------------------
[2022-06-20 21:55:47,508] {taskinstance.py:1357} INFO - Starting attempt 1 of 2
[2022-06-20 21:55:47,509] {taskinstance.py:1358} INFO - 
--------------------------------------------------------------------------------
[2022-06-20 21:55:47,519] {taskinstance.py:1377} INFO - Executing <Task(BashOperator): print_date> on 2022-06-20 21:55:46.621182+00:00
[2022-06-20 21:55:47,526] {standard_task_runner.py:52} INFO - Started process 208 to run task
[2022-06-20 21:55:47,529] {standard_task_runner.py:79} INFO - Running: ['***', 'tasks', 'run', 'tutorial_request', 'print_date', 'manual__2022-06-20T21:55:46.621182+00:00', '--job-id', '74', '--raw', '--subdir', 'DAGS_FOLDER/hello.py', '--cfg-path', '/tmp/tmp_8n32gme', '--error-file', '/tmp/tmp249bxdxi']
[2022-06-20 21:55:47,531] {standard_task_runner.py:80} INFO - Job 74: Subtask print_date
[2022-06-20 21:55:47,575] {task_command.py:370} INFO - Running <TaskInstance: tutorial_request.print_date manual__2022-06-20T21:55:46.621182+00:00 [running]> on host 4fac23c61f86
[2022-06-20 21:55:47,623] {taskinstance.py:1571} INFO - Exporting the following env vars:
AIRFLOW_CTX_DAG_EMAIL=***@example.com
AIRFLOW_CTX_DAG_OWNER=***
AIRFLOW_CTX_DAG_ID=tutorial_request
AIRFLOW_CTX_TASK_ID=print_date
AIRFLOW_CTX_EXECUTION_DATE=2022-06-20T21:55:46.621182+00:00
AIRFLOW_CTX_TRY_NUMBER=1
AIRFLOW_CTX_DAG_RUN_ID=manual__2022-06-20T21:55:46.621182+00:00
[2022-06-20 21:55:47,627] {subprocess.py:62} INFO - Tmp dir root location: 
 /tmp
[2022-06-20 21:55:47,629] {subprocess.py:74} INFO - Running command: ['bash', '-c', 'date']
[2022-06-20 21:55:47,642] {subprocess.py:85} INFO - Output:
[2022-06-20 21:55:47,646] {subprocess.py:92} INFO - Mon Jun 20 21:55:47 UTC 2022
[2022-06-20 21:55:47,647] {subprocess.py:96} INFO - Command exited with return code 0
[2022-06-20 21:55:47,669] {taskinstance.py:1400} INFO - Marking task as SUCCESS. dag_id=tutorial_request, task_id=print_date, execution_date=20220620T215546, start_date=20220620T215547, end_date=20220620T215547
[2022-06-20 21:55:47,703] {local_task_job.py:156} INFO - Task exited with return code 0
[2022-06-20 21:55:47,727] {local_task_job.py:273} INFO - 1 downstream tasks scheduled from follow-on schedule check
