[2022-07-15 12:53:07,246] {processor.py:153} INFO - Started process (PID=40) to work on /opt/airflow/dags/operators/request/senators.py
[2022-07-15 12:53:07,252] {processor.py:641} INFO - Processing file /opt/airflow/dags/operators/request/senators.py for tasks to queue
[2022-07-15 12:53:07,255] {logging_mixin.py:115} INFO - [2022-07-15 12:53:07,255] {dagbag.py:507} INFO - Filling up the DagBag from /opt/airflow/dags/operators/request/senators.py
[2022-07-15 12:53:09,229] {processor.py:653} WARNING - No viable dags retrieved from /opt/airflow/dags/operators/request/senators.py
[2022-07-15 12:53:09,266] {processor.py:161} INFO - Processing /opt/airflow/dags/operators/request/senators.py took 2.022 seconds
[2022-07-15 12:53:40,059] {processor.py:153} INFO - Started process (PID=99) to work on /opt/airflow/dags/operators/request/senators.py
[2022-07-15 12:53:40,061] {processor.py:641} INFO - Processing file /opt/airflow/dags/operators/request/senators.py for tasks to queue
[2022-07-15 12:53:40,067] {logging_mixin.py:115} INFO - [2022-07-15 12:53:40,067] {dagbag.py:507} INFO - Filling up the DagBag from /opt/airflow/dags/operators/request/senators.py
[2022-07-15 12:53:40,722] {processor.py:653} WARNING - No viable dags retrieved from /opt/airflow/dags/operators/request/senators.py
[2022-07-15 12:53:40,740] {processor.py:161} INFO - Processing /opt/airflow/dags/operators/request/senators.py took 0.685 seconds
[2022-07-15 12:54:11,300] {processor.py:153} INFO - Started process (PID=163) to work on /opt/airflow/dags/operators/request/senators.py
[2022-07-15 12:54:11,302] {processor.py:641} INFO - Processing file /opt/airflow/dags/operators/request/senators.py for tasks to queue
[2022-07-15 12:54:11,305] {logging_mixin.py:115} INFO - [2022-07-15 12:54:11,304] {dagbag.py:507} INFO - Filling up the DagBag from /opt/airflow/dags/operators/request/senators.py
[2022-07-15 12:54:11,804] {processor.py:653} WARNING - No viable dags retrieved from /opt/airflow/dags/operators/request/senators.py
[2022-07-15 12:54:11,839] {processor.py:161} INFO - Processing /opt/airflow/dags/operators/request/senators.py took 0.542 seconds
[2022-07-15 12:54:42,709] {processor.py:153} INFO - Started process (PID=230) to work on /opt/airflow/dags/operators/request/senators.py
[2022-07-15 12:54:42,711] {processor.py:641} INFO - Processing file /opt/airflow/dags/operators/request/senators.py for tasks to queue
[2022-07-15 12:54:42,712] {logging_mixin.py:115} INFO - [2022-07-15 12:54:42,712] {dagbag.py:507} INFO - Filling up the DagBag from /opt/airflow/dags/operators/request/senators.py
[2022-07-15 12:54:43,240] {processor.py:653} WARNING - No viable dags retrieved from /opt/airflow/dags/operators/request/senators.py
[2022-07-15 12:54:43,247] {processor.py:161} INFO - Processing /opt/airflow/dags/operators/request/senators.py took 0.541 seconds
[2022-07-15 12:55:14,090] {processor.py:153} INFO - Started process (PID=286) to work on /opt/airflow/dags/operators/request/senators.py
[2022-07-15 12:55:14,092] {processor.py:641} INFO - Processing file /opt/airflow/dags/operators/request/senators.py for tasks to queue
[2022-07-15 12:55:14,093] {logging_mixin.py:115} INFO - [2022-07-15 12:55:14,093] {dagbag.py:507} INFO - Filling up the DagBag from /opt/airflow/dags/operators/request/senators.py
[2022-07-15 12:55:14,375] {processor.py:653} WARNING - No viable dags retrieved from /opt/airflow/dags/operators/request/senators.py
[2022-07-15 12:55:14,384] {processor.py:161} INFO - Processing /opt/airflow/dags/operators/request/senators.py took 0.297 seconds
[2022-07-15 12:55:44,886] {processor.py:153} INFO - Started process (PID=351) to work on /opt/airflow/dags/operators/request/senators.py
[2022-07-15 12:55:44,887] {processor.py:641} INFO - Processing file /opt/airflow/dags/operators/request/senators.py for tasks to queue
[2022-07-15 12:55:44,889] {logging_mixin.py:115} INFO - [2022-07-15 12:55:44,889] {dagbag.py:507} INFO - Filling up the DagBag from /opt/airflow/dags/operators/request/senators.py
[2022-07-15 12:55:45,273] {processor.py:653} WARNING - No viable dags retrieved from /opt/airflow/dags/operators/request/senators.py
[2022-07-15 12:55:45,299] {processor.py:161} INFO - Processing /opt/airflow/dags/operators/request/senators.py took 0.420 seconds
[2022-07-15 12:56:15,763] {processor.py:153} INFO - Started process (PID=413) to work on /opt/airflow/dags/operators/request/senators.py
[2022-07-15 12:56:15,766] {processor.py:641} INFO - Processing file /opt/airflow/dags/operators/request/senators.py for tasks to queue
[2022-07-15 12:56:15,768] {logging_mixin.py:115} INFO - [2022-07-15 12:56:15,768] {dagbag.py:507} INFO - Filling up the DagBag from /opt/airflow/dags/operators/request/senators.py
[2022-07-15 12:56:16,222] {processor.py:653} WARNING - No viable dags retrieved from /opt/airflow/dags/operators/request/senators.py
[2022-07-15 12:56:16,237] {processor.py:161} INFO - Processing /opt/airflow/dags/operators/request/senators.py took 0.477 seconds
[2022-07-15 20:06:25,334] {processor.py:153} INFO - Started process (PID=34) to work on /opt/airflow/dags/operators/request/senators.py
[2022-07-15 20:06:25,336] {processor.py:641} INFO - Processing file /opt/airflow/dags/operators/request/senators.py for tasks to queue
[2022-07-15 20:06:25,340] {logging_mixin.py:115} INFO - [2022-07-15 20:06:25,340] {dagbag.py:507} INFO - Filling up the DagBag from /opt/airflow/dags/operators/request/senators.py
[2022-07-15 20:06:25,999] {processor.py:653} WARNING - No viable dags retrieved from /opt/airflow/dags/operators/request/senators.py
[2022-07-15 20:06:26,018] {processor.py:161} INFO - Processing /opt/airflow/dags/operators/request/senators.py took 0.688 seconds
