[2022-06-20 22:06:27,351] {taskinstance.py:1159} INFO - Dependencies all met for <TaskInstance: tutorial_request.print_date scheduled__2022-06-19T22:06:06.661102+00:00 [queued]>
[2022-06-20 22:06:27,357] {taskinstance.py:1159} INFO - Dependencies all met for <TaskInstance: tutorial_request.print_date scheduled__2022-06-19T22:06:06.661102+00:00 [queued]>
[2022-06-20 22:06:27,358] {taskinstance.py:1356} INFO - 
--------------------------------------------------------------------------------
[2022-06-20 22:06:27,359] {taskinstance.py:1357} INFO - Starting attempt 1 of 2
[2022-06-20 22:06:27,360] {taskinstance.py:1358} INFO - 
--------------------------------------------------------------------------------
[2022-06-20 22:06:27,369] {taskinstance.py:1377} INFO - Executing <Task(BashOperator): print_date> on 2022-06-19 22:06:06.661102+00:00
[2022-06-20 22:06:27,374] {standard_task_runner.py:52} INFO - Started process 747 to run task
[2022-06-20 22:06:27,377] {standard_task_runner.py:79} INFO - Running: ['***', 'tasks', 'run', 'tutorial_request', 'print_date', 'scheduled__2022-06-19T22:06:06.661102+00:00', '--job-id', '77', '--raw', '--subdir', 'DAGS_FOLDER/hello.py', '--cfg-path', '/tmp/tmpz625koyo', '--error-file', '/tmp/tmpw0zmvhgg']
[2022-06-20 22:06:27,378] {standard_task_runner.py:80} INFO - Job 77: Subtask print_date
[2022-06-20 22:06:27,417] {task_command.py:370} INFO - Running <TaskInstance: tutorial_request.print_date scheduled__2022-06-19T22:06:06.661102+00:00 [running]> on host 4fac23c61f86
[2022-06-20 22:06:27,465] {taskinstance.py:1571} INFO - Exporting the following env vars:
AIRFLOW_CTX_DAG_EMAIL=***@example.com
AIRFLOW_CTX_DAG_OWNER=***
AIRFLOW_CTX_DAG_ID=tutorial_request
AIRFLOW_CTX_TASK_ID=print_date
AIRFLOW_CTX_EXECUTION_DATE=2022-06-19T22:06:06.661102+00:00
AIRFLOW_CTX_TRY_NUMBER=1
AIRFLOW_CTX_DAG_RUN_ID=scheduled__2022-06-19T22:06:06.661102+00:00
[2022-06-20 22:06:27,467] {subprocess.py:62} INFO - Tmp dir root location: 
 /tmp
[2022-06-20 22:06:27,469] {subprocess.py:74} INFO - Running command: ['bash', '-c', 'date']
[2022-06-20 22:06:27,482] {subprocess.py:85} INFO - Output:
[2022-06-20 22:06:27,485] {subprocess.py:92} INFO - Mon Jun 20 22:06:27 UTC 2022
[2022-06-20 22:06:27,486] {subprocess.py:96} INFO - Command exited with return code 0
[2022-06-20 22:06:27,508] {taskinstance.py:1400} INFO - Marking task as SUCCESS. dag_id=tutorial_request, task_id=print_date, execution_date=20220619T220606, start_date=20220620T220627, end_date=20220620T220627
[2022-06-20 22:06:27,552] {local_task_job.py:156} INFO - Task exited with return code 0
[2022-06-20 22:06:27,580] {local_task_job.py:273} INFO - 1 downstream tasks scheduled from follow-on schedule check
