[2022-07-13 13:06:00,412] {taskinstance.py:1159} INFO - Dependencies all met for <TaskInstance: tutorial_request.ola scheduled__2022-07-12T09:15:10.559320+00:00 [queued]>
[2022-07-13 13:06:00,420] {taskinstance.py:1159} INFO - Dependencies all met for <TaskInstance: tutorial_request.ola scheduled__2022-07-12T09:15:10.559320+00:00 [queued]>
[2022-07-13 13:06:00,421] {taskinstance.py:1356} INFO - 
--------------------------------------------------------------------------------
[2022-07-13 13:06:00,422] {taskinstance.py:1357} INFO - Starting attempt 1 of 2
[2022-07-13 13:06:00,422] {taskinstance.py:1358} INFO - 
--------------------------------------------------------------------------------
[2022-07-13 13:06:00,434] {taskinstance.py:1377} INFO - Executing <Task(Ola): ola> on 2022-07-12 09:15:10.559320+00:00
[2022-07-13 13:06:00,438] {standard_task_runner.py:52} INFO - Started process 66 to run task
[2022-07-13 13:06:00,441] {standard_task_runner.py:79} INFO - Running: ['***', 'tasks', 'run', 'tutorial_request', 'ola', 'scheduled__2022-07-12T09:15:10.559320+00:00', '--job-id', '192', '--raw', '--subdir', 'DAGS_FOLDER/hello.py', '--cfg-path', '/tmp/tmpgp7no4ow', '--error-file', '/tmp/tmpecwqkgqd']
[2022-07-13 13:06:00,445] {standard_task_runner.py:80} INFO - Job 192: Subtask ola
[2022-07-13 13:06:00,512] {task_command.py:370} INFO - Running <TaskInstance: tutorial_request.ola scheduled__2022-07-12T09:15:10.559320+00:00 [running]> on host 3b9da1961faf
[2022-07-13 13:06:00,584] {taskinstance.py:1571} INFO - Exporting the following env vars:
AIRFLOW_CTX_DAG_EMAIL=***@example.com
AIRFLOW_CTX_DAG_OWNER=***
AIRFLOW_CTX_DAG_ID=tutorial_request
AIRFLOW_CTX_TASK_ID=ola
AIRFLOW_CTX_EXECUTION_DATE=2022-07-12T09:15:10.559320+00:00
AIRFLOW_CTX_TRY_NUMBER=1
AIRFLOW_CTX_DAG_RUN_ID=scheduled__2022-07-12T09:15:10.559320+00:00
[2022-07-13 13:06:09,415] {logging_mixin.py:115} INFO - SPARK SESSION  <pyspark.sql.session.SparkSession object at 0xffff714547d0>
[2022-07-13 13:06:09,601] {taskinstance.py:1400} INFO - Marking task as SUCCESS. dag_id=tutorial_request, task_id=ola, execution_date=20220712T091510, start_date=20220713T130600, end_date=20220713T130609
[2022-07-13 13:06:09,639] {local_task_job.py:156} INFO - Task exited with return code 0
[2022-07-13 13:06:09,685] {local_task_job.py:273} INFO - 0 downstream tasks scheduled from follow-on schedule check
