[2022-06-20 21:53:28,981] {taskinstance.py:1159} INFO - Dependencies all met for <TaskInstance: tutorial_request.sample-task manual__2022-06-20T21:53:26.808021+00:00 [queued]>
[2022-06-20 21:53:28,997] {taskinstance.py:1159} INFO - Dependencies all met for <TaskInstance: tutorial_request.sample-task manual__2022-06-20T21:53:26.808021+00:00 [queued]>
[2022-06-20 21:53:29,001] {taskinstance.py:1356} INFO - 
--------------------------------------------------------------------------------
[2022-06-20 21:53:29,002] {taskinstance.py:1357} INFO - Starting attempt 1 of 2
[2022-06-20 21:53:29,006] {taskinstance.py:1358} INFO - 
--------------------------------------------------------------------------------
[2022-06-20 21:53:29,033] {taskinstance.py:1377} INFO - Executing <Task(SenatorsOperator): sample-task> on 2022-06-20 21:53:26.808021+00:00
[2022-06-20 21:53:29,045] {standard_task_runner.py:52} INFO - Started process 83 to run task
[2022-06-20 21:53:29,049] {standard_task_runner.py:79} INFO - Running: ['***', 'tasks', 'run', 'tutorial_request', 'sample-task', 'manual__2022-06-20T21:53:26.808021+00:00', '--job-id', '72', '--raw', '--subdir', 'DAGS_FOLDER/hello.py', '--cfg-path', '/tmp/tmpuut8kirf', '--error-file', '/tmp/tmpmkcmepd8']
[2022-06-20 21:53:29,063] {standard_task_runner.py:80} INFO - Job 72: Subtask sample-task
[2022-06-20 21:53:29,140] {task_command.py:370} INFO - Running <TaskInstance: tutorial_request.sample-task manual__2022-06-20T21:53:26.808021+00:00 [running]> on host 4fac23c61f86
[2022-06-20 21:53:29,222] {taskinstance.py:1571} INFO - Exporting the following env vars:
AIRFLOW_CTX_DAG_EMAIL=***@example.com
AIRFLOW_CTX_DAG_OWNER=***
AIRFLOW_CTX_DAG_ID=tutorial_request
AIRFLOW_CTX_TASK_ID=sample-task
AIRFLOW_CTX_EXECUTION_DATE=2022-06-20T21:53:26.808021+00:00
AIRFLOW_CTX_TRY_NUMBER=1
AIRFLOW_CTX_DAG_RUN_ID=manual__2022-06-20T21:53:26.808021+00:00
[2022-06-20 21:53:30,308] {logging_mixin.py:115} INFO - ['logs', 'dags', '***.cfg', 'data', 'plugins', 'webserver_config.py', '***-worker.pid']
[2022-06-20 21:53:30,352] {taskinstance.py:1400} INFO - Marking task as SUCCESS. dag_id=tutorial_request, task_id=sample-task, execution_date=20220620T215326, start_date=20220620T215328, end_date=20220620T215330
[2022-06-20 21:53:30,380] {local_task_job.py:156} INFO - Task exited with return code 0
[2022-06-20 21:53:30,408] {local_task_job.py:273} INFO - 0 downstream tasks scheduled from follow-on schedule check
