[2022-06-20 13:50:45,194] {taskinstance.py:1159} INFO - Dependencies all met for <TaskInstance: tutorial_request.sample-task scheduled__2022-06-18T11:22:55.848302+00:00 [queued]>
[2022-06-20 13:50:45,200] {taskinstance.py:1159} INFO - Dependencies all met for <TaskInstance: tutorial_request.sample-task scheduled__2022-06-18T11:22:55.848302+00:00 [queued]>
[2022-06-20 13:50:45,202] {taskinstance.py:1356} INFO - 
--------------------------------------------------------------------------------
[2022-06-20 13:50:45,203] {taskinstance.py:1357} INFO - Starting attempt 1 of 2
[2022-06-20 13:50:45,204] {taskinstance.py:1358} INFO - 
--------------------------------------------------------------------------------
[2022-06-20 13:50:45,212] {taskinstance.py:1377} INFO - Executing <Task(SenatorsOperator): sample-task> on 2022-06-18 11:22:55.848302+00:00
[2022-06-20 13:50:45,217] {standard_task_runner.py:52} INFO - Started process 64 to run task
[2022-06-20 13:50:45,219] {standard_task_runner.py:79} INFO - Running: ['***', 'tasks', 'run', 'tutorial_request', 'sample-task', 'scheduled__2022-06-18T11:22:55.848302+00:00', '--job-id', '61', '--raw', '--subdir', 'DAGS_FOLDER/hello.py', '--cfg-path', '/tmp/tmps_12hlux', '--error-file', '/tmp/tmptkxatexe']
[2022-06-20 13:50:45,221] {standard_task_runner.py:80} INFO - Job 61: Subtask sample-task
[2022-06-20 13:50:45,260] {task_command.py:370} INFO - Running <TaskInstance: tutorial_request.sample-task scheduled__2022-06-18T11:22:55.848302+00:00 [running]> on host c19de67e094a
[2022-06-20 13:50:45,299] {taskinstance.py:1571} INFO - Exporting the following env vars:
AIRFLOW_CTX_DAG_EMAIL=***@example.com
AIRFLOW_CTX_DAG_OWNER=***
AIRFLOW_CTX_DAG_ID=tutorial_request
AIRFLOW_CTX_TASK_ID=sample-task
AIRFLOW_CTX_EXECUTION_DATE=2022-06-18T11:22:55.848302+00:00
AIRFLOW_CTX_TRY_NUMBER=1
AIRFLOW_CTX_DAG_RUN_ID=scheduled__2022-06-18T11:22:55.848302+00:00
[2022-06-20 13:50:47,597] {logging_mixin.py:115} INFO - ['logs', 'dags', '***.cfg', 'plugins', 'webserver_config.py', '***-worker.pid', 'list_palamentar.csv']
[2022-06-20 13:50:47,628] {taskinstance.py:1400} INFO - Marking task as SUCCESS. dag_id=tutorial_request, task_id=sample-task, execution_date=20220618T112255, start_date=20220620T135045, end_date=20220620T135047
[2022-06-20 13:50:47,681] {local_task_job.py:156} INFO - Task exited with return code 0
[2022-06-20 13:50:47,718] {local_task_job.py:273} INFO - 0 downstream tasks scheduled from follow-on schedule check
