[2022-07-24 12:50:19,081] {taskinstance.py:1159} INFO - Dependencies all met for <TaskInstance: tutorial_request.request_palamentar scheduled__2022-07-23T12:50:13.523755+00:00 [queued]>
[2022-07-24 12:50:19,087] {taskinstance.py:1159} INFO - Dependencies all met for <TaskInstance: tutorial_request.request_palamentar scheduled__2022-07-23T12:50:13.523755+00:00 [queued]>
[2022-07-24 12:50:19,088] {taskinstance.py:1356} INFO - 
--------------------------------------------------------------------------------
[2022-07-24 12:50:19,089] {taskinstance.py:1357} INFO - Starting attempt 1 of 2
[2022-07-24 12:50:19,091] {taskinstance.py:1358} INFO - 
--------------------------------------------------------------------------------
[2022-07-24 12:50:19,101] {taskinstance.py:1377} INFO - Executing <Task(SimpleHttpOperator): request_palamentar> on 2022-07-23 12:50:13.523755+00:00
[2022-07-24 12:50:19,112] {standard_task_runner.py:79} INFO - Running: ['***', 'tasks', 'run', 'tutorial_request', 'request_palamentar', 'scheduled__2022-07-23T12:50:13.523755+00:00', '--job-id', '6', '--raw', '--subdir', 'DAGS_FOLDER/hello.py', '--cfg-path', '/tmp/tmpnrd7qimy', '--error-file', '/tmp/tmp_az7c58l']
[2022-07-24 12:50:19,115] {standard_task_runner.py:80} INFO - Job 6: Subtask request_palamentar
[2022-07-24 12:50:19,109] {standard_task_runner.py:52} INFO - Started process 1101 to run task
[2022-07-24 12:50:19,178] {task_command.py:370} INFO - Running <TaskInstance: tutorial_request.request_palamentar scheduled__2022-07-23T12:50:13.523755+00:00 [running]> on host 6e14261407f3
[2022-07-24 12:50:19,238] {taskinstance.py:1571} INFO - Exporting the following env vars:
AIRFLOW_CTX_DAG_EMAIL=***@example.com
AIRFLOW_CTX_DAG_OWNER=***
AIRFLOW_CTX_DAG_ID=tutorial_request
AIRFLOW_CTX_TASK_ID=request_palamentar
AIRFLOW_CTX_EXECUTION_DATE=2022-07-23T12:50:13.523755+00:00
AIRFLOW_CTX_TRY_NUMBER=1
AIRFLOW_CTX_DAG_RUN_ID=scheduled__2022-07-23T12:50:13.523755+00:00
[2022-07-24 12:50:19,240] {http.py:102} INFO - Calling HTTP method
[2022-07-24 12:50:19,250] {base.py:68} INFO - Using connection ID 'request_lakehouse' for task execution.
[2022-07-24 12:50:19,253] {http.py:129} INFO - Sending 'GET' to url: http://host.docker.internal:5000/extract/senators
[2022-07-24 12:50:21,082] {taskinstance.py:1889} ERROR - Task failed with exception
Traceback (most recent call last):
  File "/home/airflow/.local/lib/python3.7/site-packages/airflow/providers/http/operators/http.py", line 109, in execute
    if not self.response_check(response, **kwargs):
  File "/opt/airflow/dags/hello.py", line 54, in <lambda>
    response_check=lambda response: handle_response(response),
  File "/opt/airflow/dags/hello.py", line 11, in handle_response
    if response.code == 200:
AttributeError: 'Response' object has no attribute 'code'
[2022-07-24 12:50:21,094] {taskinstance.py:1400} INFO - Marking task as UP_FOR_RETRY. dag_id=tutorial_request, task_id=request_palamentar, execution_date=20220723T125013, start_date=20220724T125019, end_date=20220724T125021
[2022-07-24 12:50:21,102] {standard_task_runner.py:97} ERROR - Failed to execute job 6 for task request_palamentar ('Response' object has no attribute 'code'; 1101)
[2022-07-24 12:50:21,112] {local_task_job.py:156} INFO - Task exited with return code 1
[2022-07-24 12:50:21,180] {local_task_job.py:273} INFO - 0 downstream tasks scheduled from follow-on schedule check
