[2022-09-21 00:00:11,310] {taskinstance.py:1159} INFO - Dependencies all met for <TaskInstance: tutorial_request.silver_employee_per_senator scheduled__2022-09-20T00:00:00+00:00 [queued]>
[2022-09-21 00:00:11,318] {taskinstance.py:1159} INFO - Dependencies all met for <TaskInstance: tutorial_request.silver_employee_per_senator scheduled__2022-09-20T00:00:00+00:00 [queued]>
[2022-09-21 00:00:11,319] {taskinstance.py:1356} INFO - 
--------------------------------------------------------------------------------
[2022-09-21 00:00:11,320] {taskinstance.py:1357} INFO - Starting attempt 1 of 2
[2022-09-21 00:00:11,321] {taskinstance.py:1358} INFO - 
--------------------------------------------------------------------------------
[2022-09-21 00:00:11,331] {taskinstance.py:1377} INFO - Executing <Task(SimpleHttpOperator): silver_employee_per_senator> on 2022-09-20 00:00:00+00:00
[2022-09-21 00:00:11,335] {standard_task_runner.py:52} INFO - Started process 1379 to run task
[2022-09-21 00:00:11,340] {standard_task_runner.py:79} INFO - Running: ['***', 'tasks', 'run', 'tutorial_request', 'silver_employee_per_senator', 'scheduled__2022-09-20T00:00:00+00:00', '--job-id', '159', '--raw', '--subdir', 'DAGS_FOLDER/hello.py', '--cfg-path', '/tmp/tmp4x725y52', '--error-file', '/tmp/tmp_opxe6uk']
[2022-09-21 00:00:11,342] {standard_task_runner.py:80} INFO - Job 159: Subtask silver_employee_per_senator
[2022-09-21 00:00:11,385] {task_command.py:370} INFO - Running <TaskInstance: tutorial_request.silver_employee_per_senator scheduled__2022-09-20T00:00:00+00:00 [running]> on host 6e14261407f3
[2022-09-21 00:00:11,467] {taskinstance.py:1571} INFO - Exporting the following env vars:
AIRFLOW_CTX_DAG_EMAIL=***@example.com
AIRFLOW_CTX_DAG_OWNER=***
AIRFLOW_CTX_DAG_ID=tutorial_request
AIRFLOW_CTX_TASK_ID=silver_employee_per_senator
AIRFLOW_CTX_EXECUTION_DATE=2022-09-20T00:00:00+00:00
AIRFLOW_CTX_TRY_NUMBER=1
AIRFLOW_CTX_DAG_RUN_ID=scheduled__2022-09-20T00:00:00+00:00
[2022-09-21 00:00:11,470] {http.py:102} INFO - Calling HTTP method
[2022-09-21 00:00:11,483] {base.py:68} INFO - Using connection ID 'request_lakehouse' for task execution.
[2022-09-21 00:00:11,490] {http.py:129} INFO - Sending 'GET' to url: http://host.docker.internal:5000/gold/employee_per_senator
[2022-09-21 00:00:14,614] {logging_mixin.py:115} INFO - RESPONSE <Response [200]>
[2022-09-21 00:00:14,616] {hello.py:15} INFO - REQUEST SUCCESS
[2022-09-21 00:00:14,643] {taskinstance.py:1400} INFO - Marking task as SUCCESS. dag_id=tutorial_request, task_id=silver_employee_per_senator, execution_date=20220920T000000, start_date=20220921T000011, end_date=20220921T000014
[2022-09-21 00:00:14,661] {local_task_job.py:156} INFO - Task exited with return code 0
[2022-09-21 00:00:14,693] {local_task_job.py:273} INFO - 0 downstream tasks scheduled from follow-on schedule check
