[2022-07-01 12:28:54,931] {taskinstance.py:1159} INFO - Dependencies all met for <TaskInstance: tutorial_request.ola scheduled__2022-06-29T16:27:44.920137+00:00 [queued]>
[2022-07-01 12:28:54,941] {taskinstance.py:1159} INFO - Dependencies all met for <TaskInstance: tutorial_request.ola scheduled__2022-06-29T16:27:44.920137+00:00 [queued]>
[2022-07-01 12:28:54,942] {taskinstance.py:1356} INFO - 
--------------------------------------------------------------------------------
[2022-07-01 12:28:54,943] {taskinstance.py:1357} INFO - Starting attempt 1 of 2
[2022-07-01 12:28:54,944] {taskinstance.py:1358} INFO - 
--------------------------------------------------------------------------------
[2022-07-01 12:28:54,955] {taskinstance.py:1377} INFO - Executing <Task(Ola): ola> on 2022-06-29 16:27:44.920137+00:00
[2022-07-01 12:28:54,960] {standard_task_runner.py:52} INFO - Started process 65 to run task
[2022-07-01 12:28:54,963] {standard_task_runner.py:79} INFO - Running: ['***', 'tasks', 'run', 'tutorial_request', 'ola', 'scheduled__2022-06-29T16:27:44.920137+00:00', '--job-id', '144', '--raw', '--subdir', 'DAGS_FOLDER/hello.py', '--cfg-path', '/tmp/tmp4jmpvxdc', '--error-file', '/tmp/tmpp84h3nzr']
[2022-07-01 12:28:54,967] {standard_task_runner.py:80} INFO - Job 144: Subtask ola
[2022-07-01 12:28:55,031] {task_command.py:370} INFO - Running <TaskInstance: tutorial_request.ola scheduled__2022-06-29T16:27:44.920137+00:00 [running]> on host 3b9da1961faf
[2022-07-01 12:28:55,098] {taskinstance.py:1571} INFO - Exporting the following env vars:
AIRFLOW_CTX_DAG_EMAIL=***@example.com
AIRFLOW_CTX_DAG_OWNER=***
AIRFLOW_CTX_DAG_ID=tutorial_request
AIRFLOW_CTX_TASK_ID=ola
AIRFLOW_CTX_EXECUTION_DATE=2022-06-29T16:27:44.920137+00:00
AIRFLOW_CTX_TRY_NUMBER=1
AIRFLOW_CTX_DAG_RUN_ID=scheduled__2022-06-29T16:27:44.920137+00:00
[2022-07-01 12:29:03,900] {logging_mixin.py:115} INFO - SPARK SESSION  <pyspark.sql.session.SparkSession object at 0xffff98933c90>
[2022-07-01 12:29:04,084] {taskinstance.py:1400} INFO - Marking task as SUCCESS. dag_id=tutorial_request, task_id=ola, execution_date=20220629T162744, start_date=20220701T122854, end_date=20220701T122904
[2022-07-01 12:29:04,134] {local_task_job.py:156} INFO - Task exited with return code 0
[2022-07-01 12:29:04,156] {local_task_job.py:273} INFO - 0 downstream tasks scheduled from follow-on schedule check
