[2022-07-17 12:27:07,947] {processor.py:153} INFO - Started process (PID=33) to work on /opt/airflow/dags/operators/request/senators.py
[2022-07-17 12:27:07,951] {processor.py:641} INFO - Processing file /opt/airflow/dags/operators/request/senators.py for tasks to queue
[2022-07-17 12:27:07,957] {logging_mixin.py:115} INFO - [2022-07-17 12:27:07,957] {dagbag.py:507} INFO - Filling up the DagBag from /opt/airflow/dags/operators/request/senators.py
[2022-07-17 12:27:08,791] {processor.py:653} WARNING - No viable dags retrieved from /opt/airflow/dags/operators/request/senators.py
[2022-07-17 12:27:08,875] {processor.py:161} INFO - Processing /opt/airflow/dags/operators/request/senators.py took 0.935 seconds
[2022-07-17 12:27:39,568] {processor.py:153} INFO - Started process (PID=101) to work on /opt/airflow/dags/operators/request/senators.py
[2022-07-17 12:27:39,579] {processor.py:641} INFO - Processing file /opt/airflow/dags/operators/request/senators.py for tasks to queue
[2022-07-17 12:27:39,580] {logging_mixin.py:115} INFO - [2022-07-17 12:27:39,580] {dagbag.py:507} INFO - Filling up the DagBag from /opt/airflow/dags/operators/request/senators.py
[2022-07-17 12:27:39,789] {processor.py:653} WARNING - No viable dags retrieved from /opt/airflow/dags/operators/request/senators.py
[2022-07-17 12:27:39,801] {processor.py:161} INFO - Processing /opt/airflow/dags/operators/request/senators.py took 0.236 seconds
[2022-07-17 12:28:09,935] {processor.py:153} INFO - Started process (PID=167) to work on /opt/airflow/dags/operators/request/senators.py
[2022-07-17 12:28:09,938] {processor.py:641} INFO - Processing file /opt/airflow/dags/operators/request/senators.py for tasks to queue
[2022-07-17 12:28:09,940] {logging_mixin.py:115} INFO - [2022-07-17 12:28:09,940] {dagbag.py:507} INFO - Filling up the DagBag from /opt/airflow/dags/operators/request/senators.py
[2022-07-17 12:28:10,176] {processor.py:653} WARNING - No viable dags retrieved from /opt/airflow/dags/operators/request/senators.py
[2022-07-17 12:28:10,190] {processor.py:161} INFO - Processing /opt/airflow/dags/operators/request/senators.py took 0.259 seconds
[2022-07-17 12:28:40,271] {processor.py:153} INFO - Started process (PID=232) to work on /opt/airflow/dags/operators/request/senators.py
[2022-07-17 12:28:40,274] {processor.py:641} INFO - Processing file /opt/airflow/dags/operators/request/senators.py for tasks to queue
[2022-07-17 12:28:40,277] {logging_mixin.py:115} INFO - [2022-07-17 12:28:40,277] {dagbag.py:507} INFO - Filling up the DagBag from /opt/airflow/dags/operators/request/senators.py
[2022-07-17 12:28:40,498] {processor.py:653} WARNING - No viable dags retrieved from /opt/airflow/dags/operators/request/senators.py
[2022-07-17 12:28:40,507] {processor.py:161} INFO - Processing /opt/airflow/dags/operators/request/senators.py took 0.242 seconds
[2022-07-17 12:29:11,397] {processor.py:153} INFO - Started process (PID=296) to work on /opt/airflow/dags/operators/request/senators.py
[2022-07-17 12:29:11,399] {processor.py:641} INFO - Processing file /opt/airflow/dags/operators/request/senators.py for tasks to queue
[2022-07-17 12:29:11,400] {logging_mixin.py:115} INFO - [2022-07-17 12:29:11,400] {dagbag.py:507} INFO - Filling up the DagBag from /opt/airflow/dags/operators/request/senators.py
[2022-07-17 12:29:11,616] {processor.py:653} WARNING - No viable dags retrieved from /opt/airflow/dags/operators/request/senators.py
[2022-07-17 12:29:11,626] {processor.py:161} INFO - Processing /opt/airflow/dags/operators/request/senators.py took 0.231 seconds
[2022-07-17 12:29:42,407] {processor.py:153} INFO - Started process (PID=361) to work on /opt/airflow/dags/operators/request/senators.py
[2022-07-17 12:29:42,410] {processor.py:641} INFO - Processing file /opt/airflow/dags/operators/request/senators.py for tasks to queue
[2022-07-17 12:29:42,411] {logging_mixin.py:115} INFO - [2022-07-17 12:29:42,411] {dagbag.py:507} INFO - Filling up the DagBag from /opt/airflow/dags/operators/request/senators.py
[2022-07-17 12:29:42,622] {processor.py:653} WARNING - No viable dags retrieved from /opt/airflow/dags/operators/request/senators.py
[2022-07-17 12:29:42,637] {processor.py:161} INFO - Processing /opt/airflow/dags/operators/request/senators.py took 0.237 seconds
[2022-07-17 12:30:12,693] {processor.py:153} INFO - Started process (PID=417) to work on /opt/airflow/dags/operators/request/senators.py
[2022-07-17 12:30:12,694] {processor.py:641} INFO - Processing file /opt/airflow/dags/operators/request/senators.py for tasks to queue
[2022-07-17 12:30:12,695] {logging_mixin.py:115} INFO - [2022-07-17 12:30:12,695] {dagbag.py:507} INFO - Filling up the DagBag from /opt/airflow/dags/operators/request/senators.py
[2022-07-17 12:30:12,894] {processor.py:653} WARNING - No viable dags retrieved from /opt/airflow/dags/operators/request/senators.py
[2022-07-17 12:30:12,903] {processor.py:161} INFO - Processing /opt/airflow/dags/operators/request/senators.py took 0.212 seconds
[2022-07-17 12:30:43,869] {processor.py:153} INFO - Started process (PID=485) to work on /opt/airflow/dags/operators/request/senators.py
[2022-07-17 12:30:43,872] {processor.py:641} INFO - Processing file /opt/airflow/dags/operators/request/senators.py for tasks to queue
[2022-07-17 12:30:43,874] {logging_mixin.py:115} INFO - [2022-07-17 12:30:43,874] {dagbag.py:507} INFO - Filling up the DagBag from /opt/airflow/dags/operators/request/senators.py
[2022-07-17 12:30:44,084] {processor.py:653} WARNING - No viable dags retrieved from /opt/airflow/dags/operators/request/senators.py
[2022-07-17 12:30:44,098] {processor.py:161} INFO - Processing /opt/airflow/dags/operators/request/senators.py took 0.233 seconds
[2022-07-17 12:31:14,928] {processor.py:153} INFO - Started process (PID=549) to work on /opt/airflow/dags/operators/request/senators.py
[2022-07-17 12:31:14,930] {processor.py:641} INFO - Processing file /opt/airflow/dags/operators/request/senators.py for tasks to queue
[2022-07-17 12:31:14,931] {logging_mixin.py:115} INFO - [2022-07-17 12:31:14,931] {dagbag.py:507} INFO - Filling up the DagBag from /opt/airflow/dags/operators/request/senators.py
[2022-07-17 12:31:15,143] {processor.py:653} WARNING - No viable dags retrieved from /opt/airflow/dags/operators/request/senators.py
[2022-07-17 12:31:15,154] {processor.py:161} INFO - Processing /opt/airflow/dags/operators/request/senators.py took 0.228 seconds
[2022-07-17 12:31:45,988] {processor.py:153} INFO - Started process (PID=614) to work on /opt/airflow/dags/operators/request/senators.py
[2022-07-17 12:31:45,989] {processor.py:641} INFO - Processing file /opt/airflow/dags/operators/request/senators.py for tasks to queue
[2022-07-17 12:31:45,991] {logging_mixin.py:115} INFO - [2022-07-17 12:31:45,990] {dagbag.py:507} INFO - Filling up the DagBag from /opt/airflow/dags/operators/request/senators.py
[2022-07-17 12:31:46,201] {processor.py:653} WARNING - No viable dags retrieved from /opt/airflow/dags/operators/request/senators.py
[2022-07-17 12:31:46,216] {processor.py:161} INFO - Processing /opt/airflow/dags/operators/request/senators.py took 0.230 seconds
[2022-07-17 12:32:17,070] {processor.py:153} INFO - Started process (PID=678) to work on /opt/airflow/dags/operators/request/senators.py
[2022-07-17 12:32:17,071] {processor.py:641} INFO - Processing file /opt/airflow/dags/operators/request/senators.py for tasks to queue
[2022-07-17 12:32:17,077] {logging_mixin.py:115} INFO - [2022-07-17 12:32:17,077] {dagbag.py:507} INFO - Filling up the DagBag from /opt/airflow/dags/operators/request/senators.py
[2022-07-17 12:32:17,796] {processor.py:653} WARNING - No viable dags retrieved from /opt/airflow/dags/operators/request/senators.py
[2022-07-17 12:32:17,831] {processor.py:161} INFO - Processing /opt/airflow/dags/operators/request/senators.py took 0.765 seconds
