[2022-06-14 22:28:58,148] {taskinstance.py:1159} INFO - Dependencies all met for <TaskInstance: tutorial_request.print_date manual__2022-06-14T22:28:57.309985+00:00 [queued]>
[2022-06-14 22:28:58,157] {taskinstance.py:1159} INFO - Dependencies all met for <TaskInstance: tutorial_request.print_date manual__2022-06-14T22:28:57.309985+00:00 [queued]>
[2022-06-14 22:28:58,158] {taskinstance.py:1356} INFO - 
--------------------------------------------------------------------------------
[2022-06-14 22:28:58,159] {taskinstance.py:1357} INFO - Starting attempt 1 of 2
[2022-06-14 22:28:58,160] {taskinstance.py:1358} INFO - 
--------------------------------------------------------------------------------
[2022-06-14 22:28:58,170] {taskinstance.py:1377} INFO - Executing <Task(BashOperator): print_date> on 2022-06-14 22:28:57.309985+00:00
[2022-06-14 22:28:58,178] {standard_task_runner.py:52} INFO - Started process 7760 to run task
[2022-06-14 22:28:58,181] {standard_task_runner.py:79} INFO - Running: ['***', 'tasks', 'run', 'tutorial_request', 'print_date', 'manual__2022-06-14T22:28:57.309985+00:00', '--job-id', '39', '--raw', '--subdir', 'DAGS_FOLDER/hello.py', '--cfg-path', '/tmp/tmpeh85hlcw', '--error-file', '/tmp/tmpw172k7w2']
[2022-06-14 22:28:58,184] {standard_task_runner.py:80} INFO - Job 39: Subtask print_date
[2022-06-14 22:28:58,234] {task_command.py:370} INFO - Running <TaskInstance: tutorial_request.print_date manual__2022-06-14T22:28:57.309985+00:00 [running]> on host c19de67e094a
[2022-06-14 22:28:58,285] {taskinstance.py:1571} INFO - Exporting the following env vars:
AIRFLOW_CTX_DAG_EMAIL=***@example.com
AIRFLOW_CTX_DAG_OWNER=***
AIRFLOW_CTX_DAG_ID=tutorial_request
AIRFLOW_CTX_TASK_ID=print_date
AIRFLOW_CTX_EXECUTION_DATE=2022-06-14T22:28:57.309985+00:00
AIRFLOW_CTX_TRY_NUMBER=1
AIRFLOW_CTX_DAG_RUN_ID=manual__2022-06-14T22:28:57.309985+00:00
[2022-06-14 22:28:58,287] {subprocess.py:62} INFO - Tmp dir root location: 
 /tmp
[2022-06-14 22:28:58,289] {subprocess.py:74} INFO - Running command: ['bash', '-c', 'date']
[2022-06-14 22:28:58,303] {subprocess.py:85} INFO - Output:
[2022-06-14 22:28:58,307] {subprocess.py:92} INFO - Tue Jun 14 22:28:58 UTC 2022
[2022-06-14 22:28:58,308] {subprocess.py:96} INFO - Command exited with return code 0
[2022-06-14 22:28:58,329] {taskinstance.py:1400} INFO - Marking task as SUCCESS. dag_id=tutorial_request, task_id=print_date, execution_date=20220614T222857, start_date=20220614T222858, end_date=20220614T222858
[2022-06-14 22:28:58,356] {local_task_job.py:156} INFO - Task exited with return code 0
[2022-06-14 22:28:58,379] {local_task_job.py:273} INFO - 1 downstream tasks scheduled from follow-on schedule check
