[2022-06-14 22:28:59,497] {taskinstance.py:1159} INFO - Dependencies all met for <TaskInstance: tutorial_request.sample-task scheduled__2022-06-13T22:28:49.541479+00:00 [queued]>
[2022-06-14 22:28:59,511] {taskinstance.py:1159} INFO - Dependencies all met for <TaskInstance: tutorial_request.sample-task scheduled__2022-06-13T22:28:49.541479+00:00 [queued]>
[2022-06-14 22:28:59,512] {taskinstance.py:1356} INFO - 
--------------------------------------------------------------------------------
[2022-06-14 22:28:59,513] {taskinstance.py:1357} INFO - Starting attempt 1 of 2
[2022-06-14 22:28:59,516] {taskinstance.py:1358} INFO - 
--------------------------------------------------------------------------------
[2022-06-14 22:28:59,529] {taskinstance.py:1377} INFO - Executing <Task(SenatorsOperator): sample-task> on 2022-06-13 22:28:49.541479+00:00
[2022-06-14 22:28:59,535] {standard_task_runner.py:52} INFO - Started process 7777 to run task
[2022-06-14 22:28:59,542] {standard_task_runner.py:79} INFO - Running: ['***', 'tasks', 'run', 'tutorial_request', 'sample-task', 'scheduled__2022-06-13T22:28:49.541479+00:00', '--job-id', '42', '--raw', '--subdir', 'DAGS_FOLDER/hello.py', '--cfg-path', '/tmp/tmprumog4ql', '--error-file', '/tmp/tmp_heygr67']
[2022-06-14 22:28:59,544] {standard_task_runner.py:80} INFO - Job 42: Subtask sample-task
[2022-06-14 22:28:59,598] {task_command.py:370} INFO - Running <TaskInstance: tutorial_request.sample-task scheduled__2022-06-13T22:28:49.541479+00:00 [running]> on host c19de67e094a
[2022-06-14 22:28:59,649] {taskinstance.py:1571} INFO - Exporting the following env vars:
AIRFLOW_CTX_DAG_EMAIL=***@example.com
AIRFLOW_CTX_DAG_OWNER=***
AIRFLOW_CTX_DAG_ID=tutorial_request
AIRFLOW_CTX_TASK_ID=sample-task
AIRFLOW_CTX_EXECUTION_DATE=2022-06-13T22:28:49.541479+00:00
AIRFLOW_CTX_TRY_NUMBER=1
AIRFLOW_CTX_DAG_RUN_ID=scheduled__2022-06-13T22:28:49.541479+00:00
[2022-06-14 22:29:00,610] {logging_mixin.py:115} INFO - /opt/***
[2022-06-14 22:29:00,656] {taskinstance.py:1400} INFO - Marking task as SUCCESS. dag_id=tutorial_request, task_id=sample-task, execution_date=20220613T222849, start_date=20220614T222859, end_date=20220614T222900
[2022-06-14 22:29:00,735] {local_task_job.py:156} INFO - Task exited with return code 0
[2022-06-14 22:29:00,761] {local_task_job.py:273} INFO - 0 downstream tasks scheduled from follow-on schedule check
