[2022-09-20 23:37:10,190] {taskinstance.py:1159} INFO - Dependencies all met for <TaskInstance: tutorial_request.bronze_votation_by_senator manual__2022-09-20T23:37:07.819311+00:00 [queued]>
[2022-09-20 23:37:10,200] {taskinstance.py:1159} INFO - Dependencies all met for <TaskInstance: tutorial_request.bronze_votation_by_senator manual__2022-09-20T23:37:07.819311+00:00 [queued]>
[2022-09-20 23:37:10,201] {taskinstance.py:1356} INFO - 
--------------------------------------------------------------------------------
[2022-09-20 23:37:10,202] {taskinstance.py:1357} INFO - Starting attempt 1 of 2
[2022-09-20 23:37:10,203] {taskinstance.py:1358} INFO - 
--------------------------------------------------------------------------------
[2022-09-20 23:37:10,212] {taskinstance.py:1377} INFO - Executing <Task(SimpleHttpOperator): bronze_votation_by_senator> on 2022-09-20 23:37:07.819311+00:00
[2022-09-20 23:37:10,216] {standard_task_runner.py:52} INFO - Started process 188 to run task
[2022-09-20 23:37:10,219] {standard_task_runner.py:79} INFO - Running: ['***', 'tasks', 'run', 'tutorial_request', 'bronze_votation_by_senator', 'manual__2022-09-20T23:37:07.819311+00:00', '--job-id', '134', '--raw', '--subdir', 'DAGS_FOLDER/hello.py', '--cfg-path', '/tmp/tmphnrpdo0w', '--error-file', '/tmp/tmpv629g2z1']
[2022-09-20 23:37:10,221] {standard_task_runner.py:80} INFO - Job 134: Subtask bronze_votation_by_senator
[2022-09-20 23:37:10,260] {task_command.py:370} INFO - Running <TaskInstance: tutorial_request.bronze_votation_by_senator manual__2022-09-20T23:37:07.819311+00:00 [running]> on host 6e14261407f3
[2022-09-20 23:37:10,304] {taskinstance.py:1571} INFO - Exporting the following env vars:
AIRFLOW_CTX_DAG_EMAIL=***@example.com
AIRFLOW_CTX_DAG_OWNER=***
AIRFLOW_CTX_DAG_ID=tutorial_request
AIRFLOW_CTX_TASK_ID=bronze_votation_by_senator
AIRFLOW_CTX_EXECUTION_DATE=2022-09-20T23:37:07.819311+00:00
AIRFLOW_CTX_TRY_NUMBER=1
AIRFLOW_CTX_DAG_RUN_ID=manual__2022-09-20T23:37:07.819311+00:00
[2022-09-20 23:37:10,306] {http.py:102} INFO - Calling HTTP method
[2022-09-20 23:37:10,318] {base.py:68} INFO - Using connection ID 'request_lakehouse' for task execution.
[2022-09-20 23:37:10,321] {http.py:129} INFO - Sending 'GET' to url: http://host.docker.internal:5000/extract/senators
[2022-09-20 23:37:10,744] {logging_mixin.py:115} INFO - RESPONSE <Response [200]>
[2022-09-20 23:37:10,746] {hello.py:14} INFO - REQUEST SUCCESS
[2022-09-20 23:37:10,769] {taskinstance.py:1400} INFO - Marking task as SUCCESS. dag_id=tutorial_request, task_id=bronze_votation_by_senator, execution_date=20220920T233707, start_date=20220920T233710, end_date=20220920T233710
[2022-09-20 23:37:10,799] {local_task_job.py:156} INFO - Task exited with return code 0
[2022-09-20 23:37:10,830] {local_task_job.py:273} INFO - 1 downstream tasks scheduled from follow-on schedule check
