[2022-07-25 12:54:16,490] {processor.py:153} INFO - Started process (PID=55) to work on /home/airflow/.local/lib/python3.7/site-packages/airflow/example_dags/example_python_operator.py
[2022-07-25 12:54:16,497] {processor.py:641} INFO - Processing file /home/airflow/.local/lib/python3.7/site-packages/airflow/example_dags/example_python_operator.py for tasks to queue
[2022-07-25 12:54:16,502] {logging_mixin.py:115} INFO - [2022-07-25 12:54:16,502] {dagbag.py:507} INFO - Filling up the DagBag from /home/airflow/.local/lib/python3.7/site-packages/airflow/example_dags/example_python_operator.py
[2022-07-25 12:54:16,561] {processor.py:651} INFO - DAG(s) dict_keys(['example_python_operator']) retrieved from /home/airflow/.local/lib/python3.7/site-packages/airflow/example_dags/example_python_operator.py
[2022-07-25 12:54:16,625] {logging_mixin.py:115} INFO - [2022-07-25 12:54:16,624] {dag.py:2379} INFO - Sync 1 DAGs
[2022-07-25 12:54:16,670] {logging_mixin.py:115} INFO - [2022-07-25 12:54:16,670] {dag.py:2931} INFO - Setting next_dagrun for example_python_operator to None, run_after=None
[2022-07-25 12:54:16,691] {processor.py:161} INFO - Processing /home/airflow/.local/lib/python3.7/site-packages/airflow/example_dags/example_python_operator.py took 0.204 seconds
[2022-07-25 12:54:46,773] {processor.py:153} INFO - Started process (PID=108) to work on /home/airflow/.local/lib/python3.7/site-packages/airflow/example_dags/example_python_operator.py
[2022-07-25 12:54:46,776] {processor.py:641} INFO - Processing file /home/airflow/.local/lib/python3.7/site-packages/airflow/example_dags/example_python_operator.py for tasks to queue
[2022-07-25 12:54:46,781] {logging_mixin.py:115} INFO - [2022-07-25 12:54:46,781] {dagbag.py:507} INFO - Filling up the DagBag from /home/airflow/.local/lib/python3.7/site-packages/airflow/example_dags/example_python_operator.py
[2022-07-25 12:54:46,822] {processor.py:651} INFO - DAG(s) dict_keys(['example_python_operator']) retrieved from /home/airflow/.local/lib/python3.7/site-packages/airflow/example_dags/example_python_operator.py
[2022-07-25 12:54:46,861] {logging_mixin.py:115} INFO - [2022-07-25 12:54:46,861] {dag.py:2379} INFO - Sync 1 DAGs
[2022-07-25 12:54:46,906] {logging_mixin.py:115} INFO - [2022-07-25 12:54:46,906] {dag.py:2931} INFO - Setting next_dagrun for example_python_operator to None, run_after=None
[2022-07-25 12:54:46,922] {processor.py:161} INFO - Processing /home/airflow/.local/lib/python3.7/site-packages/airflow/example_dags/example_python_operator.py took 0.152 seconds
[2022-07-25 12:55:17,285] {processor.py:153} INFO - Started process (PID=168) to work on /home/airflow/.local/lib/python3.7/site-packages/airflow/example_dags/example_python_operator.py
[2022-07-25 12:55:17,302] {processor.py:641} INFO - Processing file /home/airflow/.local/lib/python3.7/site-packages/airflow/example_dags/example_python_operator.py for tasks to queue
[2022-07-25 12:55:17,304] {logging_mixin.py:115} INFO - [2022-07-25 12:55:17,304] {dagbag.py:507} INFO - Filling up the DagBag from /home/airflow/.local/lib/python3.7/site-packages/airflow/example_dags/example_python_operator.py
[2022-07-25 12:55:17,369] {processor.py:651} INFO - DAG(s) dict_keys(['example_python_operator']) retrieved from /home/airflow/.local/lib/python3.7/site-packages/airflow/example_dags/example_python_operator.py
[2022-07-25 12:55:17,431] {logging_mixin.py:115} INFO - [2022-07-25 12:55:17,431] {dag.py:2379} INFO - Sync 1 DAGs
[2022-07-25 12:55:17,471] {logging_mixin.py:115} INFO - [2022-07-25 12:55:17,471] {dag.py:2931} INFO - Setting next_dagrun for example_python_operator to None, run_after=None
[2022-07-25 12:55:17,504] {processor.py:161} INFO - Processing /home/airflow/.local/lib/python3.7/site-packages/airflow/example_dags/example_python_operator.py took 0.221 seconds
[2022-07-25 12:55:48,297] {processor.py:153} INFO - Started process (PID=221) to work on /home/airflow/.local/lib/python3.7/site-packages/airflow/example_dags/example_python_operator.py
[2022-07-25 12:55:48,300] {processor.py:641} INFO - Processing file /home/airflow/.local/lib/python3.7/site-packages/airflow/example_dags/example_python_operator.py for tasks to queue
[2022-07-25 12:55:48,306] {logging_mixin.py:115} INFO - [2022-07-25 12:55:48,306] {dagbag.py:507} INFO - Filling up the DagBag from /home/airflow/.local/lib/python3.7/site-packages/airflow/example_dags/example_python_operator.py
[2022-07-25 12:55:48,384] {processor.py:651} INFO - DAG(s) dict_keys(['example_python_operator']) retrieved from /home/airflow/.local/lib/python3.7/site-packages/airflow/example_dags/example_python_operator.py
[2022-07-25 12:55:48,429] {logging_mixin.py:115} INFO - [2022-07-25 12:55:48,429] {dag.py:2379} INFO - Sync 1 DAGs
[2022-07-25 12:55:48,493] {logging_mixin.py:115} INFO - [2022-07-25 12:55:48,493] {dag.py:2931} INFO - Setting next_dagrun for example_python_operator to None, run_after=None
[2022-07-25 12:55:48,534] {processor.py:161} INFO - Processing /home/airflow/.local/lib/python3.7/site-packages/airflow/example_dags/example_python_operator.py took 0.239 seconds
[2022-07-25 12:56:19,101] {processor.py:153} INFO - Started process (PID=282) to work on /home/airflow/.local/lib/python3.7/site-packages/airflow/example_dags/example_python_operator.py
[2022-07-25 12:56:19,104] {processor.py:641} INFO - Processing file /home/airflow/.local/lib/python3.7/site-packages/airflow/example_dags/example_python_operator.py for tasks to queue
[2022-07-25 12:56:19,107] {logging_mixin.py:115} INFO - [2022-07-25 12:56:19,107] {dagbag.py:507} INFO - Filling up the DagBag from /home/airflow/.local/lib/python3.7/site-packages/airflow/example_dags/example_python_operator.py
[2022-07-25 12:56:19,147] {processor.py:651} INFO - DAG(s) dict_keys(['example_python_operator']) retrieved from /home/airflow/.local/lib/python3.7/site-packages/airflow/example_dags/example_python_operator.py
[2022-07-25 12:56:19,198] {logging_mixin.py:115} INFO - [2022-07-25 12:56:19,198] {dag.py:2379} INFO - Sync 1 DAGs
[2022-07-25 12:56:19,243] {logging_mixin.py:115} INFO - [2022-07-25 12:56:19,243] {dag.py:2931} INFO - Setting next_dagrun for example_python_operator to None, run_after=None
[2022-07-25 12:56:19,270] {processor.py:161} INFO - Processing /home/airflow/.local/lib/python3.7/site-packages/airflow/example_dags/example_python_operator.py took 0.172 seconds
[2022-07-25 12:56:49,372] {processor.py:153} INFO - Started process (PID=343) to work on /home/airflow/.local/lib/python3.7/site-packages/airflow/example_dags/example_python_operator.py
[2022-07-25 12:56:49,376] {processor.py:641} INFO - Processing file /home/airflow/.local/lib/python3.7/site-packages/airflow/example_dags/example_python_operator.py for tasks to queue
[2022-07-25 12:56:49,378] {logging_mixin.py:115} INFO - [2022-07-25 12:56:49,378] {dagbag.py:507} INFO - Filling up the DagBag from /home/airflow/.local/lib/python3.7/site-packages/airflow/example_dags/example_python_operator.py
[2022-07-25 12:56:49,420] {processor.py:651} INFO - DAG(s) dict_keys(['example_python_operator']) retrieved from /home/airflow/.local/lib/python3.7/site-packages/airflow/example_dags/example_python_operator.py
[2022-07-25 12:56:49,468] {logging_mixin.py:115} INFO - [2022-07-25 12:56:49,468] {dag.py:2379} INFO - Sync 1 DAGs
[2022-07-25 12:56:49,506] {logging_mixin.py:115} INFO - [2022-07-25 12:56:49,506] {dag.py:2931} INFO - Setting next_dagrun for example_python_operator to None, run_after=None
[2022-07-25 12:56:49,537] {processor.py:161} INFO - Processing /home/airflow/.local/lib/python3.7/site-packages/airflow/example_dags/example_python_operator.py took 0.167 seconds
[2022-07-25 12:57:19,644] {processor.py:153} INFO - Started process (PID=401) to work on /home/airflow/.local/lib/python3.7/site-packages/airflow/example_dags/example_python_operator.py
[2022-07-25 12:57:19,646] {processor.py:641} INFO - Processing file /home/airflow/.local/lib/python3.7/site-packages/airflow/example_dags/example_python_operator.py for tasks to queue
[2022-07-25 12:57:19,648] {logging_mixin.py:115} INFO - [2022-07-25 12:57:19,648] {dagbag.py:507} INFO - Filling up the DagBag from /home/airflow/.local/lib/python3.7/site-packages/airflow/example_dags/example_python_operator.py
[2022-07-25 12:57:19,741] {processor.py:651} INFO - DAG(s) dict_keys(['example_python_operator']) retrieved from /home/airflow/.local/lib/python3.7/site-packages/airflow/example_dags/example_python_operator.py
[2022-07-25 12:57:19,809] {logging_mixin.py:115} INFO - [2022-07-25 12:57:19,809] {dag.py:2379} INFO - Sync 1 DAGs
[2022-07-25 12:57:19,846] {logging_mixin.py:115} INFO - [2022-07-25 12:57:19,846] {dag.py:2931} INFO - Setting next_dagrun for example_python_operator to None, run_after=None
[2022-07-25 12:57:19,877] {processor.py:161} INFO - Processing /home/airflow/.local/lib/python3.7/site-packages/airflow/example_dags/example_python_operator.py took 0.236 seconds
[2022-07-25 12:57:50,302] {processor.py:153} INFO - Started process (PID=456) to work on /home/airflow/.local/lib/python3.7/site-packages/airflow/example_dags/example_python_operator.py
[2022-07-25 12:57:50,304] {processor.py:641} INFO - Processing file /home/airflow/.local/lib/python3.7/site-packages/airflow/example_dags/example_python_operator.py for tasks to queue
[2022-07-25 12:57:50,305] {logging_mixin.py:115} INFO - [2022-07-25 12:57:50,305] {dagbag.py:507} INFO - Filling up the DagBag from /home/airflow/.local/lib/python3.7/site-packages/airflow/example_dags/example_python_operator.py
[2022-07-25 12:57:50,326] {processor.py:651} INFO - DAG(s) dict_keys(['example_python_operator']) retrieved from /home/airflow/.local/lib/python3.7/site-packages/airflow/example_dags/example_python_operator.py
[2022-07-25 12:57:50,348] {logging_mixin.py:115} INFO - [2022-07-25 12:57:50,348] {dag.py:2379} INFO - Sync 1 DAGs
[2022-07-25 12:57:50,367] {logging_mixin.py:115} INFO - [2022-07-25 12:57:50,367] {dag.py:2931} INFO - Setting next_dagrun for example_python_operator to None, run_after=None
[2022-07-25 12:57:50,376] {processor.py:161} INFO - Processing /home/airflow/.local/lib/python3.7/site-packages/airflow/example_dags/example_python_operator.py took 0.077 seconds
[2022-07-25 12:58:21,334] {processor.py:153} INFO - Started process (PID=519) to work on /home/airflow/.local/lib/python3.7/site-packages/airflow/example_dags/example_python_operator.py
[2022-07-25 12:58:21,337] {processor.py:641} INFO - Processing file /home/airflow/.local/lib/python3.7/site-packages/airflow/example_dags/example_python_operator.py for tasks to queue
[2022-07-25 12:58:21,338] {logging_mixin.py:115} INFO - [2022-07-25 12:58:21,338] {dagbag.py:507} INFO - Filling up the DagBag from /home/airflow/.local/lib/python3.7/site-packages/airflow/example_dags/example_python_operator.py
[2022-07-25 12:58:21,359] {processor.py:651} INFO - DAG(s) dict_keys(['example_python_operator']) retrieved from /home/airflow/.local/lib/python3.7/site-packages/airflow/example_dags/example_python_operator.py
[2022-07-25 12:58:21,390] {logging_mixin.py:115} INFO - [2022-07-25 12:58:21,390] {dag.py:2379} INFO - Sync 1 DAGs
[2022-07-25 12:58:21,411] {logging_mixin.py:115} INFO - [2022-07-25 12:58:21,411] {dag.py:2931} INFO - Setting next_dagrun for example_python_operator to None, run_after=None
[2022-07-25 12:58:21,422] {processor.py:161} INFO - Processing /home/airflow/.local/lib/python3.7/site-packages/airflow/example_dags/example_python_operator.py took 0.090 seconds
[2022-07-25 12:58:52,142] {processor.py:153} INFO - Started process (PID=579) to work on /home/airflow/.local/lib/python3.7/site-packages/airflow/example_dags/example_python_operator.py
[2022-07-25 12:58:52,144] {processor.py:641} INFO - Processing file /home/airflow/.local/lib/python3.7/site-packages/airflow/example_dags/example_python_operator.py for tasks to queue
[2022-07-25 12:58:52,145] {logging_mixin.py:115} INFO - [2022-07-25 12:58:52,145] {dagbag.py:507} INFO - Filling up the DagBag from /home/airflow/.local/lib/python3.7/site-packages/airflow/example_dags/example_python_operator.py
[2022-07-25 12:58:52,165] {processor.py:651} INFO - DAG(s) dict_keys(['example_python_operator']) retrieved from /home/airflow/.local/lib/python3.7/site-packages/airflow/example_dags/example_python_operator.py
[2022-07-25 12:58:52,188] {logging_mixin.py:115} INFO - [2022-07-25 12:58:52,188] {dag.py:2379} INFO - Sync 1 DAGs
[2022-07-25 12:58:52,206] {logging_mixin.py:115} INFO - [2022-07-25 12:58:52,206] {dag.py:2931} INFO - Setting next_dagrun for example_python_operator to None, run_after=None
[2022-07-25 12:58:52,219] {processor.py:161} INFO - Processing /home/airflow/.local/lib/python3.7/site-packages/airflow/example_dags/example_python_operator.py took 0.080 seconds
[2022-07-25 12:59:22,768] {processor.py:153} INFO - Started process (PID=632) to work on /home/airflow/.local/lib/python3.7/site-packages/airflow/example_dags/example_python_operator.py
[2022-07-25 12:59:22,775] {processor.py:641} INFO - Processing file /home/airflow/.local/lib/python3.7/site-packages/airflow/example_dags/example_python_operator.py for tasks to queue
[2022-07-25 12:59:22,777] {logging_mixin.py:115} INFO - [2022-07-25 12:59:22,777] {dagbag.py:507} INFO - Filling up the DagBag from /home/airflow/.local/lib/python3.7/site-packages/airflow/example_dags/example_python_operator.py
[2022-07-25 12:59:22,814] {processor.py:651} INFO - DAG(s) dict_keys(['example_python_operator']) retrieved from /home/airflow/.local/lib/python3.7/site-packages/airflow/example_dags/example_python_operator.py
[2022-07-25 12:59:22,851] {logging_mixin.py:115} INFO - [2022-07-25 12:59:22,851] {dag.py:2379} INFO - Sync 1 DAGs
[2022-07-25 12:59:22,886] {logging_mixin.py:115} INFO - [2022-07-25 12:59:22,886] {dag.py:2931} INFO - Setting next_dagrun for example_python_operator to None, run_after=None
[2022-07-25 12:59:22,903] {processor.py:161} INFO - Processing /home/airflow/.local/lib/python3.7/site-packages/airflow/example_dags/example_python_operator.py took 0.137 seconds
[2022-07-25 12:59:53,601] {processor.py:153} INFO - Started process (PID=693) to work on /home/airflow/.local/lib/python3.7/site-packages/airflow/example_dags/example_python_operator.py
[2022-07-25 12:59:53,608] {processor.py:641} INFO - Processing file /home/airflow/.local/lib/python3.7/site-packages/airflow/example_dags/example_python_operator.py for tasks to queue
[2022-07-25 12:59:53,610] {logging_mixin.py:115} INFO - [2022-07-25 12:59:53,610] {dagbag.py:507} INFO - Filling up the DagBag from /home/airflow/.local/lib/python3.7/site-packages/airflow/example_dags/example_python_operator.py
[2022-07-25 12:59:53,633] {processor.py:651} INFO - DAG(s) dict_keys(['example_python_operator']) retrieved from /home/airflow/.local/lib/python3.7/site-packages/airflow/example_dags/example_python_operator.py
[2022-07-25 12:59:53,669] {logging_mixin.py:115} INFO - [2022-07-25 12:59:53,669] {dag.py:2379} INFO - Sync 1 DAGs
[2022-07-25 12:59:53,693] {logging_mixin.py:115} INFO - [2022-07-25 12:59:53,693] {dag.py:2931} INFO - Setting next_dagrun for example_python_operator to None, run_after=None
[2022-07-25 12:59:53,713] {processor.py:161} INFO - Processing /home/airflow/.local/lib/python3.7/site-packages/airflow/example_dags/example_python_operator.py took 0.114 seconds
[2022-07-25 13:00:24,429] {processor.py:153} INFO - Started process (PID=755) to work on /home/airflow/.local/lib/python3.7/site-packages/airflow/example_dags/example_python_operator.py
[2022-07-25 13:00:24,433] {processor.py:641} INFO - Processing file /home/airflow/.local/lib/python3.7/site-packages/airflow/example_dags/example_python_operator.py for tasks to queue
[2022-07-25 13:00:24,435] {logging_mixin.py:115} INFO - [2022-07-25 13:00:24,435] {dagbag.py:507} INFO - Filling up the DagBag from /home/airflow/.local/lib/python3.7/site-packages/airflow/example_dags/example_python_operator.py
[2022-07-25 13:00:24,473] {processor.py:651} INFO - DAG(s) dict_keys(['example_python_operator']) retrieved from /home/airflow/.local/lib/python3.7/site-packages/airflow/example_dags/example_python_operator.py
[2022-07-25 13:00:24,517] {logging_mixin.py:115} INFO - [2022-07-25 13:00:24,517] {dag.py:2379} INFO - Sync 1 DAGs
[2022-07-25 13:00:24,551] {logging_mixin.py:115} INFO - [2022-07-25 13:00:24,551] {dag.py:2931} INFO - Setting next_dagrun for example_python_operator to None, run_after=None
[2022-07-25 13:00:24,578] {processor.py:161} INFO - Processing /home/airflow/.local/lib/python3.7/site-packages/airflow/example_dags/example_python_operator.py took 0.151 seconds
[2022-07-25 13:00:55,397] {processor.py:153} INFO - Started process (PID=815) to work on /home/airflow/.local/lib/python3.7/site-packages/airflow/example_dags/example_python_operator.py
[2022-07-25 13:00:55,399] {processor.py:641} INFO - Processing file /home/airflow/.local/lib/python3.7/site-packages/airflow/example_dags/example_python_operator.py for tasks to queue
[2022-07-25 13:00:55,406] {logging_mixin.py:115} INFO - [2022-07-25 13:00:55,406] {dagbag.py:507} INFO - Filling up the DagBag from /home/airflow/.local/lib/python3.7/site-packages/airflow/example_dags/example_python_operator.py
[2022-07-25 13:00:55,433] {processor.py:651} INFO - DAG(s) dict_keys(['example_python_operator']) retrieved from /home/airflow/.local/lib/python3.7/site-packages/airflow/example_dags/example_python_operator.py
[2022-07-25 13:00:55,477] {logging_mixin.py:115} INFO - [2022-07-25 13:00:55,477] {dag.py:2379} INFO - Sync 1 DAGs
[2022-07-25 13:00:55,498] {logging_mixin.py:115} INFO - [2022-07-25 13:00:55,498] {dag.py:2931} INFO - Setting next_dagrun for example_python_operator to None, run_after=None
[2022-07-25 13:00:55,510] {processor.py:161} INFO - Processing /home/airflow/.local/lib/python3.7/site-packages/airflow/example_dags/example_python_operator.py took 0.116 seconds
[2022-07-25 13:01:26,072] {processor.py:153} INFO - Started process (PID=878) to work on /home/airflow/.local/lib/python3.7/site-packages/airflow/example_dags/example_python_operator.py
[2022-07-25 13:01:26,075] {processor.py:641} INFO - Processing file /home/airflow/.local/lib/python3.7/site-packages/airflow/example_dags/example_python_operator.py for tasks to queue
[2022-07-25 13:01:26,079] {logging_mixin.py:115} INFO - [2022-07-25 13:01:26,079] {dagbag.py:507} INFO - Filling up the DagBag from /home/airflow/.local/lib/python3.7/site-packages/airflow/example_dags/example_python_operator.py
[2022-07-25 13:01:26,101] {processor.py:651} INFO - DAG(s) dict_keys(['example_python_operator']) retrieved from /home/airflow/.local/lib/python3.7/site-packages/airflow/example_dags/example_python_operator.py
[2022-07-25 13:01:26,146] {logging_mixin.py:115} INFO - [2022-07-25 13:01:26,146] {dag.py:2379} INFO - Sync 1 DAGs
[2022-07-25 13:01:26,173] {logging_mixin.py:115} INFO - [2022-07-25 13:01:26,173] {dag.py:2931} INFO - Setting next_dagrun for example_python_operator to None, run_after=None
[2022-07-25 13:01:26,188] {processor.py:161} INFO - Processing /home/airflow/.local/lib/python3.7/site-packages/airflow/example_dags/example_python_operator.py took 0.119 seconds
[2022-07-25 13:01:56,303] {processor.py:153} INFO - Started process (PID=930) to work on /home/airflow/.local/lib/python3.7/site-packages/airflow/example_dags/example_python_operator.py
[2022-07-25 13:01:56,307] {processor.py:641} INFO - Processing file /home/airflow/.local/lib/python3.7/site-packages/airflow/example_dags/example_python_operator.py for tasks to queue
[2022-07-25 13:01:56,312] {logging_mixin.py:115} INFO - [2022-07-25 13:01:56,312] {dagbag.py:507} INFO - Filling up the DagBag from /home/airflow/.local/lib/python3.7/site-packages/airflow/example_dags/example_python_operator.py
[2022-07-25 13:01:56,339] {processor.py:651} INFO - DAG(s) dict_keys(['example_python_operator']) retrieved from /home/airflow/.local/lib/python3.7/site-packages/airflow/example_dags/example_python_operator.py
[2022-07-25 13:01:56,366] {logging_mixin.py:115} INFO - [2022-07-25 13:01:56,366] {dag.py:2379} INFO - Sync 1 DAGs
[2022-07-25 13:01:56,391] {logging_mixin.py:115} INFO - [2022-07-25 13:01:56,391] {dag.py:2931} INFO - Setting next_dagrun for example_python_operator to None, run_after=None
[2022-07-25 13:01:56,431] {processor.py:161} INFO - Processing /home/airflow/.local/lib/python3.7/site-packages/airflow/example_dags/example_python_operator.py took 0.131 seconds
