[2022-07-25 12:54:16,037] {processor.py:153} INFO - Started process (PID=53) to work on /home/airflow/.local/lib/python3.7/site-packages/airflow/example_dags/example_latest_only_with_trigger.py
[2022-07-25 12:54:16,039] {processor.py:641} INFO - Processing file /home/airflow/.local/lib/python3.7/site-packages/airflow/example_dags/example_latest_only_with_trigger.py for tasks to queue
[2022-07-25 12:54:16,040] {logging_mixin.py:115} INFO - [2022-07-25 12:54:16,040] {dagbag.py:507} INFO - Filling up the DagBag from /home/airflow/.local/lib/python3.7/site-packages/airflow/example_dags/example_latest_only_with_trigger.py
[2022-07-25 12:54:16,056] {processor.py:651} INFO - DAG(s) dict_keys(['latest_only_with_trigger']) retrieved from /home/airflow/.local/lib/python3.7/site-packages/airflow/example_dags/example_latest_only_with_trigger.py
[2022-07-25 12:54:16,130] {logging_mixin.py:115} INFO - [2022-07-25 12:54:16,130] {dag.py:2379} INFO - Sync 1 DAGs
[2022-07-25 12:54:16,169] {logging_mixin.py:115} INFO - [2022-07-25 12:54:16,169] {dag.py:2931} INFO - Setting next_dagrun for latest_only_with_trigger to 2022-07-25T08:54:16.169623+00:00, run_after=2022-07-25T12:54:16.169623+00:00
[2022-07-25 12:54:16,205] {processor.py:161} INFO - Processing /home/airflow/.local/lib/python3.7/site-packages/airflow/example_dags/example_latest_only_with_trigger.py took 0.173 seconds
[2022-07-25 12:54:46,292] {processor.py:153} INFO - Started process (PID=105) to work on /home/airflow/.local/lib/python3.7/site-packages/airflow/example_dags/example_latest_only_with_trigger.py
[2022-07-25 12:54:46,294] {processor.py:641} INFO - Processing file /home/airflow/.local/lib/python3.7/site-packages/airflow/example_dags/example_latest_only_with_trigger.py for tasks to queue
[2022-07-25 12:54:46,297] {logging_mixin.py:115} INFO - [2022-07-25 12:54:46,297] {dagbag.py:507} INFO - Filling up the DagBag from /home/airflow/.local/lib/python3.7/site-packages/airflow/example_dags/example_latest_only_with_trigger.py
[2022-07-25 12:54:46,315] {processor.py:651} INFO - DAG(s) dict_keys(['latest_only_with_trigger']) retrieved from /home/airflow/.local/lib/python3.7/site-packages/airflow/example_dags/example_latest_only_with_trigger.py
[2022-07-25 12:54:46,389] {logging_mixin.py:115} INFO - [2022-07-25 12:54:46,388] {dag.py:2379} INFO - Sync 1 DAGs
[2022-07-25 12:54:46,428] {logging_mixin.py:115} INFO - [2022-07-25 12:54:46,428] {dag.py:2931} INFO - Setting next_dagrun for latest_only_with_trigger to 2022-07-25T08:54:46.427683+00:00, run_after=2022-07-25T12:54:46.427683+00:00
[2022-07-25 12:54:46,443] {processor.py:161} INFO - Processing /home/airflow/.local/lib/python3.7/site-packages/airflow/example_dags/example_latest_only_with_trigger.py took 0.157 seconds
[2022-07-25 12:55:16,732] {processor.py:153} INFO - Started process (PID=165) to work on /home/airflow/.local/lib/python3.7/site-packages/airflow/example_dags/example_latest_only_with_trigger.py
[2022-07-25 12:55:16,734] {processor.py:641} INFO - Processing file /home/airflow/.local/lib/python3.7/site-packages/airflow/example_dags/example_latest_only_with_trigger.py for tasks to queue
[2022-07-25 12:55:16,736] {logging_mixin.py:115} INFO - [2022-07-25 12:55:16,736] {dagbag.py:507} INFO - Filling up the DagBag from /home/airflow/.local/lib/python3.7/site-packages/airflow/example_dags/example_latest_only_with_trigger.py
[2022-07-25 12:55:16,744] {processor.py:651} INFO - DAG(s) dict_keys(['latest_only_with_trigger']) retrieved from /home/airflow/.local/lib/python3.7/site-packages/airflow/example_dags/example_latest_only_with_trigger.py
[2022-07-25 12:55:16,769] {logging_mixin.py:115} INFO - [2022-07-25 12:55:16,769] {dag.py:2379} INFO - Sync 1 DAGs
[2022-07-25 12:55:16,791] {logging_mixin.py:115} INFO - [2022-07-25 12:55:16,790] {dag.py:2931} INFO - Setting next_dagrun for latest_only_with_trigger to 2022-07-25T08:55:16.790792+00:00, run_after=2022-07-25T12:55:16.790792+00:00
[2022-07-25 12:55:16,802] {processor.py:161} INFO - Processing /home/airflow/.local/lib/python3.7/site-packages/airflow/example_dags/example_latest_only_with_trigger.py took 0.073 seconds
[2022-07-25 12:55:47,015] {processor.py:153} INFO - Started process (PID=218) to work on /home/airflow/.local/lib/python3.7/site-packages/airflow/example_dags/example_latest_only_with_trigger.py
[2022-07-25 12:55:47,016] {processor.py:641} INFO - Processing file /home/airflow/.local/lib/python3.7/site-packages/airflow/example_dags/example_latest_only_with_trigger.py for tasks to queue
[2022-07-25 12:55:47,018] {logging_mixin.py:115} INFO - [2022-07-25 12:55:47,018] {dagbag.py:507} INFO - Filling up the DagBag from /home/airflow/.local/lib/python3.7/site-packages/airflow/example_dags/example_latest_only_with_trigger.py
[2022-07-25 12:55:47,032] {processor.py:651} INFO - DAG(s) dict_keys(['latest_only_with_trigger']) retrieved from /home/airflow/.local/lib/python3.7/site-packages/airflow/example_dags/example_latest_only_with_trigger.py
[2022-07-25 12:55:47,063] {logging_mixin.py:115} INFO - [2022-07-25 12:55:47,063] {dag.py:2379} INFO - Sync 1 DAGs
[2022-07-25 12:55:47,094] {logging_mixin.py:115} INFO - [2022-07-25 12:55:47,094] {dag.py:2931} INFO - Setting next_dagrun for latest_only_with_trigger to 2022-07-25T08:55:47.094391+00:00, run_after=2022-07-25T12:55:47.094391+00:00
[2022-07-25 12:55:47,112] {processor.py:161} INFO - Processing /home/airflow/.local/lib/python3.7/site-packages/airflow/example_dags/example_latest_only_with_trigger.py took 0.100 seconds
[2022-07-25 12:56:17,737] {processor.py:153} INFO - Started process (PID=279) to work on /home/airflow/.local/lib/python3.7/site-packages/airflow/example_dags/example_latest_only_with_trigger.py
[2022-07-25 12:56:17,738] {processor.py:641} INFO - Processing file /home/airflow/.local/lib/python3.7/site-packages/airflow/example_dags/example_latest_only_with_trigger.py for tasks to queue
[2022-07-25 12:56:17,739] {logging_mixin.py:115} INFO - [2022-07-25 12:56:17,739] {dagbag.py:507} INFO - Filling up the DagBag from /home/airflow/.local/lib/python3.7/site-packages/airflow/example_dags/example_latest_only_with_trigger.py
[2022-07-25 12:56:17,749] {processor.py:651} INFO - DAG(s) dict_keys(['latest_only_with_trigger']) retrieved from /home/airflow/.local/lib/python3.7/site-packages/airflow/example_dags/example_latest_only_with_trigger.py
[2022-07-25 12:56:17,771] {logging_mixin.py:115} INFO - [2022-07-25 12:56:17,771] {dag.py:2379} INFO - Sync 1 DAGs
[2022-07-25 12:56:17,795] {logging_mixin.py:115} INFO - [2022-07-25 12:56:17,795] {dag.py:2931} INFO - Setting next_dagrun for latest_only_with_trigger to 2022-07-25T08:56:17.795488+00:00, run_after=2022-07-25T12:56:17.795488+00:00
[2022-07-25 12:56:17,805] {processor.py:161} INFO - Processing /home/airflow/.local/lib/python3.7/site-packages/airflow/example_dags/example_latest_only_with_trigger.py took 0.070 seconds
[2022-07-25 12:56:48,276] {processor.py:153} INFO - Started process (PID=341) to work on /home/airflow/.local/lib/python3.7/site-packages/airflow/example_dags/example_latest_only_with_trigger.py
[2022-07-25 12:56:48,279] {processor.py:641} INFO - Processing file /home/airflow/.local/lib/python3.7/site-packages/airflow/example_dags/example_latest_only_with_trigger.py for tasks to queue
[2022-07-25 12:56:48,282] {logging_mixin.py:115} INFO - [2022-07-25 12:56:48,281] {dagbag.py:507} INFO - Filling up the DagBag from /home/airflow/.local/lib/python3.7/site-packages/airflow/example_dags/example_latest_only_with_trigger.py
[2022-07-25 12:56:48,300] {processor.py:651} INFO - DAG(s) dict_keys(['latest_only_with_trigger']) retrieved from /home/airflow/.local/lib/python3.7/site-packages/airflow/example_dags/example_latest_only_with_trigger.py
[2022-07-25 12:56:48,352] {logging_mixin.py:115} INFO - [2022-07-25 12:56:48,352] {dag.py:2379} INFO - Sync 1 DAGs
[2022-07-25 12:56:48,374] {logging_mixin.py:115} INFO - [2022-07-25 12:56:48,374] {dag.py:2931} INFO - Setting next_dagrun for latest_only_with_trigger to 2022-07-25T08:56:48.374247+00:00, run_after=2022-07-25T12:56:48.374247+00:00
[2022-07-25 12:56:48,382] {processor.py:161} INFO - Processing /home/airflow/.local/lib/python3.7/site-packages/airflow/example_dags/example_latest_only_with_trigger.py took 0.109 seconds
[2022-07-25 12:57:18,490] {processor.py:153} INFO - Started process (PID=393) to work on /home/airflow/.local/lib/python3.7/site-packages/airflow/example_dags/example_latest_only_with_trigger.py
[2022-07-25 12:57:18,492] {processor.py:641} INFO - Processing file /home/airflow/.local/lib/python3.7/site-packages/airflow/example_dags/example_latest_only_with_trigger.py for tasks to queue
[2022-07-25 12:57:18,494] {logging_mixin.py:115} INFO - [2022-07-25 12:57:18,494] {dagbag.py:507} INFO - Filling up the DagBag from /home/airflow/.local/lib/python3.7/site-packages/airflow/example_dags/example_latest_only_with_trigger.py
[2022-07-25 12:57:18,502] {processor.py:651} INFO - DAG(s) dict_keys(['latest_only_with_trigger']) retrieved from /home/airflow/.local/lib/python3.7/site-packages/airflow/example_dags/example_latest_only_with_trigger.py
[2022-07-25 12:57:18,531] {logging_mixin.py:115} INFO - [2022-07-25 12:57:18,531] {dag.py:2379} INFO - Sync 1 DAGs
[2022-07-25 12:57:18,554] {logging_mixin.py:115} INFO - [2022-07-25 12:57:18,554] {dag.py:2931} INFO - Setting next_dagrun for latest_only_with_trigger to 2022-07-25T08:57:18.554287+00:00, run_after=2022-07-25T12:57:18.554287+00:00
[2022-07-25 12:57:18,564] {processor.py:161} INFO - Processing /home/airflow/.local/lib/python3.7/site-packages/airflow/example_dags/example_latest_only_with_trigger.py took 0.076 seconds
[2022-07-25 12:57:49,236] {processor.py:153} INFO - Started process (PID=454) to work on /home/airflow/.local/lib/python3.7/site-packages/airflow/example_dags/example_latest_only_with_trigger.py
[2022-07-25 12:57:49,240] {processor.py:641} INFO - Processing file /home/airflow/.local/lib/python3.7/site-packages/airflow/example_dags/example_latest_only_with_trigger.py for tasks to queue
[2022-07-25 12:57:49,242] {logging_mixin.py:115} INFO - [2022-07-25 12:57:49,242] {dagbag.py:507} INFO - Filling up the DagBag from /home/airflow/.local/lib/python3.7/site-packages/airflow/example_dags/example_latest_only_with_trigger.py
[2022-07-25 12:57:49,250] {processor.py:651} INFO - DAG(s) dict_keys(['latest_only_with_trigger']) retrieved from /home/airflow/.local/lib/python3.7/site-packages/airflow/example_dags/example_latest_only_with_trigger.py
[2022-07-25 12:57:49,284] {logging_mixin.py:115} INFO - [2022-07-25 12:57:49,284] {dag.py:2379} INFO - Sync 1 DAGs
[2022-07-25 12:57:49,309] {logging_mixin.py:115} INFO - [2022-07-25 12:57:49,309] {dag.py:2931} INFO - Setting next_dagrun for latest_only_with_trigger to 2022-07-25T08:57:49.309081+00:00, run_after=2022-07-25T12:57:49.309081+00:00
[2022-07-25 12:57:49,322] {processor.py:161} INFO - Processing /home/airflow/.local/lib/python3.7/site-packages/airflow/example_dags/example_latest_only_with_trigger.py took 0.088 seconds
[2022-07-25 12:58:20,124] {processor.py:153} INFO - Started process (PID=516) to work on /home/airflow/.local/lib/python3.7/site-packages/airflow/example_dags/example_latest_only_with_trigger.py
[2022-07-25 12:58:20,126] {processor.py:641} INFO - Processing file /home/airflow/.local/lib/python3.7/site-packages/airflow/example_dags/example_latest_only_with_trigger.py for tasks to queue
[2022-07-25 12:58:20,128] {logging_mixin.py:115} INFO - [2022-07-25 12:58:20,128] {dagbag.py:507} INFO - Filling up the DagBag from /home/airflow/.local/lib/python3.7/site-packages/airflow/example_dags/example_latest_only_with_trigger.py
[2022-07-25 12:58:20,157] {processor.py:651} INFO - DAG(s) dict_keys(['latest_only_with_trigger']) retrieved from /home/airflow/.local/lib/python3.7/site-packages/airflow/example_dags/example_latest_only_with_trigger.py
[2022-07-25 12:58:20,178] {logging_mixin.py:115} INFO - [2022-07-25 12:58:20,178] {dag.py:2379} INFO - Sync 1 DAGs
[2022-07-25 12:58:20,196] {logging_mixin.py:115} INFO - [2022-07-25 12:58:20,196] {dag.py:2931} INFO - Setting next_dagrun for latest_only_with_trigger to 2022-07-25T08:58:20.196017+00:00, run_after=2022-07-25T12:58:20.196017+00:00
[2022-07-25 12:58:20,205] {processor.py:161} INFO - Processing /home/airflow/.local/lib/python3.7/site-packages/airflow/example_dags/example_latest_only_with_trigger.py took 0.083 seconds
[2022-07-25 12:58:50,919] {processor.py:153} INFO - Started process (PID=576) to work on /home/airflow/.local/lib/python3.7/site-packages/airflow/example_dags/example_latest_only_with_trigger.py
[2022-07-25 12:58:50,921] {processor.py:641} INFO - Processing file /home/airflow/.local/lib/python3.7/site-packages/airflow/example_dags/example_latest_only_with_trigger.py for tasks to queue
[2022-07-25 12:58:50,923] {logging_mixin.py:115} INFO - [2022-07-25 12:58:50,923] {dagbag.py:507} INFO - Filling up the DagBag from /home/airflow/.local/lib/python3.7/site-packages/airflow/example_dags/example_latest_only_with_trigger.py
[2022-07-25 12:58:50,933] {processor.py:651} INFO - DAG(s) dict_keys(['latest_only_with_trigger']) retrieved from /home/airflow/.local/lib/python3.7/site-packages/airflow/example_dags/example_latest_only_with_trigger.py
[2022-07-25 12:58:50,966] {logging_mixin.py:115} INFO - [2022-07-25 12:58:50,966] {dag.py:2379} INFO - Sync 1 DAGs
[2022-07-25 12:58:50,986] {logging_mixin.py:115} INFO - [2022-07-25 12:58:50,986] {dag.py:2931} INFO - Setting next_dagrun for latest_only_with_trigger to 2022-07-25T08:58:50.986039+00:00, run_after=2022-07-25T12:58:50.986039+00:00
[2022-07-25 12:58:50,998] {processor.py:161} INFO - Processing /home/airflow/.local/lib/python3.7/site-packages/airflow/example_dags/example_latest_only_with_trigger.py took 0.082 seconds
[2022-07-25 12:59:21,478] {processor.py:153} INFO - Started process (PID=629) to work on /home/airflow/.local/lib/python3.7/site-packages/airflow/example_dags/example_latest_only_with_trigger.py
[2022-07-25 12:59:21,482] {processor.py:641} INFO - Processing file /home/airflow/.local/lib/python3.7/site-packages/airflow/example_dags/example_latest_only_with_trigger.py for tasks to queue
[2022-07-25 12:59:21,484] {logging_mixin.py:115} INFO - [2022-07-25 12:59:21,484] {dagbag.py:507} INFO - Filling up the DagBag from /home/airflow/.local/lib/python3.7/site-packages/airflow/example_dags/example_latest_only_with_trigger.py
[2022-07-25 12:59:21,488] {processor.py:651} INFO - DAG(s) dict_keys(['latest_only_with_trigger']) retrieved from /home/airflow/.local/lib/python3.7/site-packages/airflow/example_dags/example_latest_only_with_trigger.py
[2022-07-25 12:59:21,514] {logging_mixin.py:115} INFO - [2022-07-25 12:59:21,513] {dag.py:2379} INFO - Sync 1 DAGs
[2022-07-25 12:59:21,537] {logging_mixin.py:115} INFO - [2022-07-25 12:59:21,537] {dag.py:2931} INFO - Setting next_dagrun for latest_only_with_trigger to 2022-07-25T08:59:21.536947+00:00, run_after=2022-07-25T12:59:21.536947+00:00
[2022-07-25 12:59:21,555] {processor.py:161} INFO - Processing /home/airflow/.local/lib/python3.7/site-packages/airflow/example_dags/example_latest_only_with_trigger.py took 0.079 seconds
[2022-07-25 12:59:52,336] {processor.py:153} INFO - Started process (PID=690) to work on /home/airflow/.local/lib/python3.7/site-packages/airflow/example_dags/example_latest_only_with_trigger.py
[2022-07-25 12:59:52,346] {processor.py:641} INFO - Processing file /home/airflow/.local/lib/python3.7/site-packages/airflow/example_dags/example_latest_only_with_trigger.py for tasks to queue
[2022-07-25 12:59:52,348] {logging_mixin.py:115} INFO - [2022-07-25 12:59:52,348] {dagbag.py:507} INFO - Filling up the DagBag from /home/airflow/.local/lib/python3.7/site-packages/airflow/example_dags/example_latest_only_with_trigger.py
[2022-07-25 12:59:52,353] {processor.py:651} INFO - DAG(s) dict_keys(['latest_only_with_trigger']) retrieved from /home/airflow/.local/lib/python3.7/site-packages/airflow/example_dags/example_latest_only_with_trigger.py
[2022-07-25 12:59:52,383] {logging_mixin.py:115} INFO - [2022-07-25 12:59:52,383] {dag.py:2379} INFO - Sync 1 DAGs
[2022-07-25 12:59:52,400] {logging_mixin.py:115} INFO - [2022-07-25 12:59:52,400] {dag.py:2931} INFO - Setting next_dagrun for latest_only_with_trigger to 2022-07-25T08:59:52.400626+00:00, run_after=2022-07-25T12:59:52.400626+00:00
[2022-07-25 12:59:52,414] {processor.py:161} INFO - Processing /home/airflow/.local/lib/python3.7/site-packages/airflow/example_dags/example_latest_only_with_trigger.py took 0.081 seconds
[2022-07-25 13:00:23,260] {processor.py:153} INFO - Started process (PID=752) to work on /home/airflow/.local/lib/python3.7/site-packages/airflow/example_dags/example_latest_only_with_trigger.py
[2022-07-25 13:00:23,261] {processor.py:641} INFO - Processing file /home/airflow/.local/lib/python3.7/site-packages/airflow/example_dags/example_latest_only_with_trigger.py for tasks to queue
[2022-07-25 13:00:23,262] {logging_mixin.py:115} INFO - [2022-07-25 13:00:23,262] {dagbag.py:507} INFO - Filling up the DagBag from /home/airflow/.local/lib/python3.7/site-packages/airflow/example_dags/example_latest_only_with_trigger.py
[2022-07-25 13:00:23,267] {processor.py:651} INFO - DAG(s) dict_keys(['latest_only_with_trigger']) retrieved from /home/airflow/.local/lib/python3.7/site-packages/airflow/example_dags/example_latest_only_with_trigger.py
[2022-07-25 13:00:23,296] {logging_mixin.py:115} INFO - [2022-07-25 13:00:23,296] {dag.py:2379} INFO - Sync 1 DAGs
[2022-07-25 13:00:23,311] {logging_mixin.py:115} INFO - [2022-07-25 13:00:23,311] {dag.py:2931} INFO - Setting next_dagrun for latest_only_with_trigger to 2022-07-25T09:00:23.311084+00:00, run_after=2022-07-25T13:00:23.311084+00:00
[2022-07-25 13:00:23,320] {processor.py:161} INFO - Processing /home/airflow/.local/lib/python3.7/site-packages/airflow/example_dags/example_latest_only_with_trigger.py took 0.062 seconds
[2022-07-25 13:00:54,240] {processor.py:153} INFO - Started process (PID=812) to work on /home/airflow/.local/lib/python3.7/site-packages/airflow/example_dags/example_latest_only_with_trigger.py
[2022-07-25 13:00:54,241] {processor.py:641} INFO - Processing file /home/airflow/.local/lib/python3.7/site-packages/airflow/example_dags/example_latest_only_with_trigger.py for tasks to queue
[2022-07-25 13:00:54,243] {logging_mixin.py:115} INFO - [2022-07-25 13:00:54,243] {dagbag.py:507} INFO - Filling up the DagBag from /home/airflow/.local/lib/python3.7/site-packages/airflow/example_dags/example_latest_only_with_trigger.py
[2022-07-25 13:00:54,248] {processor.py:651} INFO - DAG(s) dict_keys(['latest_only_with_trigger']) retrieved from /home/airflow/.local/lib/python3.7/site-packages/airflow/example_dags/example_latest_only_with_trigger.py
[2022-07-25 13:00:54,269] {logging_mixin.py:115} INFO - [2022-07-25 13:00:54,269] {dag.py:2379} INFO - Sync 1 DAGs
[2022-07-25 13:00:54,287] {logging_mixin.py:115} INFO - [2022-07-25 13:00:54,287] {dag.py:2931} INFO - Setting next_dagrun for latest_only_with_trigger to 2022-07-25T09:00:54.286901+00:00, run_after=2022-07-25T13:00:54.286901+00:00
[2022-07-25 13:00:54,296] {processor.py:161} INFO - Processing /home/airflow/.local/lib/python3.7/site-packages/airflow/example_dags/example_latest_only_with_trigger.py took 0.058 seconds
[2022-07-25 13:01:24,815] {processor.py:153} INFO - Started process (PID=866) to work on /home/airflow/.local/lib/python3.7/site-packages/airflow/example_dags/example_latest_only_with_trigger.py
[2022-07-25 13:01:24,816] {processor.py:641} INFO - Processing file /home/airflow/.local/lib/python3.7/site-packages/airflow/example_dags/example_latest_only_with_trigger.py for tasks to queue
[2022-07-25 13:01:24,817] {logging_mixin.py:115} INFO - [2022-07-25 13:01:24,817] {dagbag.py:507} INFO - Filling up the DagBag from /home/airflow/.local/lib/python3.7/site-packages/airflow/example_dags/example_latest_only_with_trigger.py
[2022-07-25 13:01:24,821] {processor.py:651} INFO - DAG(s) dict_keys(['latest_only_with_trigger']) retrieved from /home/airflow/.local/lib/python3.7/site-packages/airflow/example_dags/example_latest_only_with_trigger.py
[2022-07-25 13:01:24,841] {logging_mixin.py:115} INFO - [2022-07-25 13:01:24,841] {dag.py:2379} INFO - Sync 1 DAGs
[2022-07-25 13:01:24,855] {logging_mixin.py:115} INFO - [2022-07-25 13:01:24,855] {dag.py:2931} INFO - Setting next_dagrun for latest_only_with_trigger to 2022-07-25T09:01:24.855554+00:00, run_after=2022-07-25T13:01:24.855554+00:00
[2022-07-25 13:01:24,865] {processor.py:161} INFO - Processing /home/airflow/.local/lib/python3.7/site-packages/airflow/example_dags/example_latest_only_with_trigger.py took 0.054 seconds
[2022-07-25 13:01:55,246] {processor.py:153} INFO - Started process (PID=928) to work on /home/airflow/.local/lib/python3.7/site-packages/airflow/example_dags/example_latest_only_with_trigger.py
[2022-07-25 13:01:55,252] {processor.py:641} INFO - Processing file /home/airflow/.local/lib/python3.7/site-packages/airflow/example_dags/example_latest_only_with_trigger.py for tasks to queue
[2022-07-25 13:01:55,254] {logging_mixin.py:115} INFO - [2022-07-25 13:01:55,254] {dagbag.py:507} INFO - Filling up the DagBag from /home/airflow/.local/lib/python3.7/site-packages/airflow/example_dags/example_latest_only_with_trigger.py
[2022-07-25 13:01:55,263] {processor.py:651} INFO - DAG(s) dict_keys(['latest_only_with_trigger']) retrieved from /home/airflow/.local/lib/python3.7/site-packages/airflow/example_dags/example_latest_only_with_trigger.py
[2022-07-25 13:01:55,308] {logging_mixin.py:115} INFO - [2022-07-25 13:01:55,308] {dag.py:2379} INFO - Sync 1 DAGs
[2022-07-25 13:01:55,336] {logging_mixin.py:115} INFO - [2022-07-25 13:01:55,336] {dag.py:2931} INFO - Setting next_dagrun for latest_only_with_trigger to 2022-07-25T09:01:55.336287+00:00, run_after=2022-07-25T13:01:55.336287+00:00
[2022-07-25 13:01:55,344] {processor.py:161} INFO - Processing /home/airflow/.local/lib/python3.7/site-packages/airflow/example_dags/example_latest_only_with_trigger.py took 0.100 seconds
