[2022-07-25 12:54:19,076] {processor.py:153} INFO - Started process (PID=68) to work on /home/airflow/.local/lib/python3.7/site-packages/airflow/example_dags/example_sla_dag.py
[2022-07-25 12:54:19,077] {processor.py:641} INFO - Processing file /home/airflow/.local/lib/python3.7/site-packages/airflow/example_dags/example_sla_dag.py for tasks to queue
[2022-07-25 12:54:19,079] {logging_mixin.py:115} INFO - [2022-07-25 12:54:19,079] {dagbag.py:507} INFO - Filling up the DagBag from /home/airflow/.local/lib/python3.7/site-packages/airflow/example_dags/example_sla_dag.py
[2022-07-25 12:54:19,111] {processor.py:651} INFO - DAG(s) dict_keys(['example_sla_dag']) retrieved from /home/airflow/.local/lib/python3.7/site-packages/airflow/example_dags/example_sla_dag.py
[2022-07-25 12:54:19,150] {logging_mixin.py:115} INFO - [2022-07-25 12:54:19,150] {dag.py:2379} INFO - Sync 1 DAGs
[2022-07-25 12:54:19,195] {logging_mixin.py:115} INFO - [2022-07-25 12:54:19,195] {dag.py:2931} INFO - Setting next_dagrun for example_sla_dag to 2022-07-25T12:52:00+00:00, run_after=2022-07-25T12:54:00+00:00
[2022-07-25 12:54:19,206] {processor.py:161} INFO - Processing /home/airflow/.local/lib/python3.7/site-packages/airflow/example_dags/example_sla_dag.py took 0.135 seconds
[2022-07-25 12:54:49,729] {processor.py:153} INFO - Started process (PID=130) to work on /home/airflow/.local/lib/python3.7/site-packages/airflow/example_dags/example_sla_dag.py
[2022-07-25 12:54:49,731] {processor.py:641} INFO - Processing file /home/airflow/.local/lib/python3.7/site-packages/airflow/example_dags/example_sla_dag.py for tasks to queue
[2022-07-25 12:54:49,733] {logging_mixin.py:115} INFO - [2022-07-25 12:54:49,733] {dagbag.py:507} INFO - Filling up the DagBag from /home/airflow/.local/lib/python3.7/site-packages/airflow/example_dags/example_sla_dag.py
[2022-07-25 12:54:49,760] {processor.py:651} INFO - DAG(s) dict_keys(['example_sla_dag']) retrieved from /home/airflow/.local/lib/python3.7/site-packages/airflow/example_dags/example_sla_dag.py
[2022-07-25 12:54:49,807] {logging_mixin.py:115} INFO - [2022-07-25 12:54:49,807] {dag.py:2379} INFO - Sync 1 DAGs
[2022-07-25 12:54:49,844] {logging_mixin.py:115} INFO - [2022-07-25 12:54:49,844] {dag.py:2931} INFO - Setting next_dagrun for example_sla_dag to 2022-07-25T12:52:00+00:00, run_after=2022-07-25T12:54:00+00:00
[2022-07-25 12:54:49,876] {processor.py:161} INFO - Processing /home/airflow/.local/lib/python3.7/site-packages/airflow/example_dags/example_sla_dag.py took 0.150 seconds
[2022-07-25 12:55:20,082] {processor.py:153} INFO - Started process (PID=180) to work on /home/airflow/.local/lib/python3.7/site-packages/airflow/example_dags/example_sla_dag.py
[2022-07-25 12:55:20,086] {processor.py:641} INFO - Processing file /home/airflow/.local/lib/python3.7/site-packages/airflow/example_dags/example_sla_dag.py for tasks to queue
[2022-07-25 12:55:20,090] {logging_mixin.py:115} INFO - [2022-07-25 12:55:20,090] {dagbag.py:507} INFO - Filling up the DagBag from /home/airflow/.local/lib/python3.7/site-packages/airflow/example_dags/example_sla_dag.py
[2022-07-25 12:55:20,147] {processor.py:651} INFO - DAG(s) dict_keys(['example_sla_dag']) retrieved from /home/airflow/.local/lib/python3.7/site-packages/airflow/example_dags/example_sla_dag.py
[2022-07-25 12:55:20,194] {logging_mixin.py:115} INFO - [2022-07-25 12:55:20,194] {dag.py:2379} INFO - Sync 1 DAGs
[2022-07-25 12:55:20,220] {logging_mixin.py:115} INFO - [2022-07-25 12:55:20,220] {dag.py:2931} INFO - Setting next_dagrun for example_sla_dag to 2022-07-25T12:52:00+00:00, run_after=2022-07-25T12:54:00+00:00
[2022-07-25 12:55:20,238] {processor.py:161} INFO - Processing /home/airflow/.local/lib/python3.7/site-packages/airflow/example_dags/example_sla_dag.py took 0.157 seconds
[2022-07-25 12:55:50,526] {processor.py:153} INFO - Started process (PID=242) to work on /home/airflow/.local/lib/python3.7/site-packages/airflow/example_dags/example_sla_dag.py
[2022-07-25 12:55:50,531] {processor.py:641} INFO - Processing file /home/airflow/.local/lib/python3.7/site-packages/airflow/example_dags/example_sla_dag.py for tasks to queue
[2022-07-25 12:55:50,539] {logging_mixin.py:115} INFO - [2022-07-25 12:55:50,539] {dagbag.py:507} INFO - Filling up the DagBag from /home/airflow/.local/lib/python3.7/site-packages/airflow/example_dags/example_sla_dag.py
[2022-07-25 12:55:50,578] {processor.py:651} INFO - DAG(s) dict_keys(['example_sla_dag']) retrieved from /home/airflow/.local/lib/python3.7/site-packages/airflow/example_dags/example_sla_dag.py
[2022-07-25 12:55:50,654] {logging_mixin.py:115} INFO - [2022-07-25 12:55:50,654] {dag.py:2379} INFO - Sync 1 DAGs
[2022-07-25 12:55:50,733] {logging_mixin.py:115} INFO - [2022-07-25 12:55:50,732] {dag.py:2931} INFO - Setting next_dagrun for example_sla_dag to 2022-07-25T12:52:00+00:00, run_after=2022-07-25T12:54:00+00:00
[2022-07-25 12:55:50,764] {processor.py:161} INFO - Processing /home/airflow/.local/lib/python3.7/site-packages/airflow/example_dags/example_sla_dag.py took 0.240 seconds
[2022-07-25 12:56:21,268] {processor.py:153} INFO - Started process (PID=294) to work on /home/airflow/.local/lib/python3.7/site-packages/airflow/example_dags/example_sla_dag.py
[2022-07-25 12:56:21,270] {processor.py:641} INFO - Processing file /home/airflow/.local/lib/python3.7/site-packages/airflow/example_dags/example_sla_dag.py for tasks to queue
[2022-07-25 12:56:21,274] {logging_mixin.py:115} INFO - [2022-07-25 12:56:21,274] {dagbag.py:507} INFO - Filling up the DagBag from /home/airflow/.local/lib/python3.7/site-packages/airflow/example_dags/example_sla_dag.py
[2022-07-25 12:56:21,309] {processor.py:651} INFO - DAG(s) dict_keys(['example_sla_dag']) retrieved from /home/airflow/.local/lib/python3.7/site-packages/airflow/example_dags/example_sla_dag.py
[2022-07-25 12:56:21,337] {logging_mixin.py:115} INFO - [2022-07-25 12:56:21,337] {dag.py:2379} INFO - Sync 1 DAGs
[2022-07-25 12:56:21,367] {logging_mixin.py:115} INFO - [2022-07-25 12:56:21,367] {dag.py:2931} INFO - Setting next_dagrun for example_sla_dag to 2022-07-25T12:54:00+00:00, run_after=2022-07-25T12:56:00+00:00
[2022-07-25 12:56:21,383] {processor.py:161} INFO - Processing /home/airflow/.local/lib/python3.7/site-packages/airflow/example_dags/example_sla_dag.py took 0.118 seconds
[2022-07-25 12:56:51,664] {processor.py:153} INFO - Started process (PID=355) to work on /home/airflow/.local/lib/python3.7/site-packages/airflow/example_dags/example_sla_dag.py
[2022-07-25 12:56:51,665] {processor.py:641} INFO - Processing file /home/airflow/.local/lib/python3.7/site-packages/airflow/example_dags/example_sla_dag.py for tasks to queue
[2022-07-25 12:56:51,666] {logging_mixin.py:115} INFO - [2022-07-25 12:56:51,666] {dagbag.py:507} INFO - Filling up the DagBag from /home/airflow/.local/lib/python3.7/site-packages/airflow/example_dags/example_sla_dag.py
[2022-07-25 12:56:51,693] {processor.py:651} INFO - DAG(s) dict_keys(['example_sla_dag']) retrieved from /home/airflow/.local/lib/python3.7/site-packages/airflow/example_dags/example_sla_dag.py
[2022-07-25 12:56:51,738] {logging_mixin.py:115} INFO - [2022-07-25 12:56:51,738] {dag.py:2379} INFO - Sync 1 DAGs
[2022-07-25 12:56:51,767] {logging_mixin.py:115} INFO - [2022-07-25 12:56:51,767] {dag.py:2931} INFO - Setting next_dagrun for example_sla_dag to 2022-07-25T12:54:00+00:00, run_after=2022-07-25T12:56:00+00:00
[2022-07-25 12:56:51,780] {processor.py:161} INFO - Processing /home/airflow/.local/lib/python3.7/site-packages/airflow/example_dags/example_sla_dag.py took 0.118 seconds
[2022-07-25 12:57:22,287] {processor.py:153} INFO - Started process (PID=416) to work on /home/airflow/.local/lib/python3.7/site-packages/airflow/example_dags/example_sla_dag.py
[2022-07-25 12:57:22,290] {processor.py:641} INFO - Processing file /home/airflow/.local/lib/python3.7/site-packages/airflow/example_dags/example_sla_dag.py for tasks to queue
[2022-07-25 12:57:22,293] {logging_mixin.py:115} INFO - [2022-07-25 12:57:22,293] {dagbag.py:507} INFO - Filling up the DagBag from /home/airflow/.local/lib/python3.7/site-packages/airflow/example_dags/example_sla_dag.py
[2022-07-25 12:57:22,337] {processor.py:651} INFO - DAG(s) dict_keys(['example_sla_dag']) retrieved from /home/airflow/.local/lib/python3.7/site-packages/airflow/example_dags/example_sla_dag.py
[2022-07-25 12:57:22,380] {logging_mixin.py:115} INFO - [2022-07-25 12:57:22,380] {dag.py:2379} INFO - Sync 1 DAGs
[2022-07-25 12:57:22,423] {logging_mixin.py:115} INFO - [2022-07-25 12:57:22,423] {dag.py:2931} INFO - Setting next_dagrun for example_sla_dag to 2022-07-25T12:54:00+00:00, run_after=2022-07-25T12:56:00+00:00
[2022-07-25 12:57:22,448] {processor.py:161} INFO - Processing /home/airflow/.local/lib/python3.7/site-packages/airflow/example_dags/example_sla_dag.py took 0.163 seconds
[2022-07-25 12:57:53,685] {processor.py:153} INFO - Started process (PID=476) to work on /home/airflow/.local/lib/python3.7/site-packages/airflow/example_dags/example_sla_dag.py
[2022-07-25 12:57:53,688] {processor.py:641} INFO - Processing file /home/airflow/.local/lib/python3.7/site-packages/airflow/example_dags/example_sla_dag.py for tasks to queue
[2022-07-25 12:57:53,690] {logging_mixin.py:115} INFO - [2022-07-25 12:57:53,690] {dagbag.py:507} INFO - Filling up the DagBag from /home/airflow/.local/lib/python3.7/site-packages/airflow/example_dags/example_sla_dag.py
[2022-07-25 12:57:53,719] {processor.py:651} INFO - DAG(s) dict_keys(['example_sla_dag']) retrieved from /home/airflow/.local/lib/python3.7/site-packages/airflow/example_dags/example_sla_dag.py
[2022-07-25 12:57:53,778] {logging_mixin.py:115} INFO - [2022-07-25 12:57:53,778] {dag.py:2379} INFO - Sync 1 DAGs
[2022-07-25 12:57:53,826] {logging_mixin.py:115} INFO - [2022-07-25 12:57:53,826] {dag.py:2931} INFO - Setting next_dagrun for example_sla_dag to 2022-07-25T12:54:00+00:00, run_after=2022-07-25T12:56:00+00:00
[2022-07-25 12:57:53,852] {processor.py:161} INFO - Processing /home/airflow/.local/lib/python3.7/site-packages/airflow/example_dags/example_sla_dag.py took 0.169 seconds
[2022-07-25 12:58:24,354] {processor.py:153} INFO - Started process (PID=531) to work on /home/airflow/.local/lib/python3.7/site-packages/airflow/example_dags/example_sla_dag.py
[2022-07-25 12:58:24,356] {processor.py:641} INFO - Processing file /home/airflow/.local/lib/python3.7/site-packages/airflow/example_dags/example_sla_dag.py for tasks to queue
[2022-07-25 12:58:24,358] {logging_mixin.py:115} INFO - [2022-07-25 12:58:24,358] {dagbag.py:507} INFO - Filling up the DagBag from /home/airflow/.local/lib/python3.7/site-packages/airflow/example_dags/example_sla_dag.py
[2022-07-25 12:58:24,381] {processor.py:651} INFO - DAG(s) dict_keys(['example_sla_dag']) retrieved from /home/airflow/.local/lib/python3.7/site-packages/airflow/example_dags/example_sla_dag.py
[2022-07-25 12:58:24,406] {logging_mixin.py:115} INFO - [2022-07-25 12:58:24,406] {dag.py:2379} INFO - Sync 1 DAGs
[2022-07-25 12:58:24,425] {logging_mixin.py:115} INFO - [2022-07-25 12:58:24,425] {dag.py:2931} INFO - Setting next_dagrun for example_sla_dag to 2022-07-25T12:56:00+00:00, run_after=2022-07-25T12:58:00+00:00
[2022-07-25 12:58:24,440] {processor.py:161} INFO - Processing /home/airflow/.local/lib/python3.7/site-packages/airflow/example_dags/example_sla_dag.py took 0.089 seconds
[2022-07-25 12:58:55,100] {processor.py:153} INFO - Started process (PID=591) to work on /home/airflow/.local/lib/python3.7/site-packages/airflow/example_dags/example_sla_dag.py
[2022-07-25 12:58:55,101] {processor.py:641} INFO - Processing file /home/airflow/.local/lib/python3.7/site-packages/airflow/example_dags/example_sla_dag.py for tasks to queue
[2022-07-25 12:58:55,102] {logging_mixin.py:115} INFO - [2022-07-25 12:58:55,102] {dagbag.py:507} INFO - Filling up the DagBag from /home/airflow/.local/lib/python3.7/site-packages/airflow/example_dags/example_sla_dag.py
[2022-07-25 12:58:55,134] {processor.py:651} INFO - DAG(s) dict_keys(['example_sla_dag']) retrieved from /home/airflow/.local/lib/python3.7/site-packages/airflow/example_dags/example_sla_dag.py
[2022-07-25 12:58:55,156] {logging_mixin.py:115} INFO - [2022-07-25 12:58:55,155] {dag.py:2379} INFO - Sync 1 DAGs
[2022-07-25 12:58:55,178] {logging_mixin.py:115} INFO - [2022-07-25 12:58:55,178] {dag.py:2931} INFO - Setting next_dagrun for example_sla_dag to 2022-07-25T12:56:00+00:00, run_after=2022-07-25T12:58:00+00:00
[2022-07-25 12:58:55,190] {processor.py:161} INFO - Processing /home/airflow/.local/lib/python3.7/site-packages/airflow/example_dags/example_sla_dag.py took 0.092 seconds
[2022-07-25 12:59:26,015] {processor.py:153} INFO - Started process (PID=653) to work on /home/airflow/.local/lib/python3.7/site-packages/airflow/example_dags/example_sla_dag.py
[2022-07-25 12:59:26,019] {processor.py:641} INFO - Processing file /home/airflow/.local/lib/python3.7/site-packages/airflow/example_dags/example_sla_dag.py for tasks to queue
[2022-07-25 12:59:26,021] {logging_mixin.py:115} INFO - [2022-07-25 12:59:26,021] {dagbag.py:507} INFO - Filling up the DagBag from /home/airflow/.local/lib/python3.7/site-packages/airflow/example_dags/example_sla_dag.py
[2022-07-25 12:59:26,044] {processor.py:651} INFO - DAG(s) dict_keys(['example_sla_dag']) retrieved from /home/airflow/.local/lib/python3.7/site-packages/airflow/example_dags/example_sla_dag.py
[2022-07-25 12:59:26,077] {logging_mixin.py:115} INFO - [2022-07-25 12:59:26,076] {dag.py:2379} INFO - Sync 1 DAGs
[2022-07-25 12:59:26,100] {logging_mixin.py:115} INFO - [2022-07-25 12:59:26,100] {dag.py:2931} INFO - Setting next_dagrun for example_sla_dag to 2022-07-25T12:56:00+00:00, run_after=2022-07-25T12:58:00+00:00
[2022-07-25 12:59:26,112] {processor.py:161} INFO - Processing /home/airflow/.local/lib/python3.7/site-packages/airflow/example_dags/example_sla_dag.py took 0.099 seconds
[2022-07-25 12:59:56,692] {processor.py:153} INFO - Started process (PID=705) to work on /home/airflow/.local/lib/python3.7/site-packages/airflow/example_dags/example_sla_dag.py
[2022-07-25 12:59:56,693] {processor.py:641} INFO - Processing file /home/airflow/.local/lib/python3.7/site-packages/airflow/example_dags/example_sla_dag.py for tasks to queue
[2022-07-25 12:59:56,696] {logging_mixin.py:115} INFO - [2022-07-25 12:59:56,695] {dagbag.py:507} INFO - Filling up the DagBag from /home/airflow/.local/lib/python3.7/site-packages/airflow/example_dags/example_sla_dag.py
[2022-07-25 12:59:56,721] {processor.py:651} INFO - DAG(s) dict_keys(['example_sla_dag']) retrieved from /home/airflow/.local/lib/python3.7/site-packages/airflow/example_dags/example_sla_dag.py
[2022-07-25 12:59:56,758] {logging_mixin.py:115} INFO - [2022-07-25 12:59:56,758] {dag.py:2379} INFO - Sync 1 DAGs
[2022-07-25 12:59:56,783] {logging_mixin.py:115} INFO - [2022-07-25 12:59:56,783] {dag.py:2931} INFO - Setting next_dagrun for example_sla_dag to 2022-07-25T12:56:00+00:00, run_after=2022-07-25T12:58:00+00:00
[2022-07-25 12:59:56,805] {processor.py:161} INFO - Processing /home/airflow/.local/lib/python3.7/site-packages/airflow/example_dags/example_sla_dag.py took 0.116 seconds
[2022-07-25 13:00:27,655] {processor.py:153} INFO - Started process (PID=767) to work on /home/airflow/.local/lib/python3.7/site-packages/airflow/example_dags/example_sla_dag.py
[2022-07-25 13:00:27,656] {processor.py:641} INFO - Processing file /home/airflow/.local/lib/python3.7/site-packages/airflow/example_dags/example_sla_dag.py for tasks to queue
[2022-07-25 13:00:27,659] {logging_mixin.py:115} INFO - [2022-07-25 13:00:27,659] {dagbag.py:507} INFO - Filling up the DagBag from /home/airflow/.local/lib/python3.7/site-packages/airflow/example_dags/example_sla_dag.py
[2022-07-25 13:00:27,671] {processor.py:651} INFO - DAG(s) dict_keys(['example_sla_dag']) retrieved from /home/airflow/.local/lib/python3.7/site-packages/airflow/example_dags/example_sla_dag.py
[2022-07-25 13:00:27,706] {logging_mixin.py:115} INFO - [2022-07-25 13:00:27,706] {dag.py:2379} INFO - Sync 1 DAGs
[2022-07-25 13:00:27,731] {logging_mixin.py:115} INFO - [2022-07-25 13:00:27,730] {dag.py:2931} INFO - Setting next_dagrun for example_sla_dag to 2022-07-25T12:58:00+00:00, run_after=2022-07-25T13:00:00+00:00
[2022-07-25 13:00:27,749] {processor.py:161} INFO - Processing /home/airflow/.local/lib/python3.7/site-packages/airflow/example_dags/example_sla_dag.py took 0.103 seconds
[2022-07-25 13:00:58,471] {processor.py:153} INFO - Started process (PID=827) to work on /home/airflow/.local/lib/python3.7/site-packages/airflow/example_dags/example_sla_dag.py
[2022-07-25 13:00:58,475] {processor.py:641} INFO - Processing file /home/airflow/.local/lib/python3.7/site-packages/airflow/example_dags/example_sla_dag.py for tasks to queue
[2022-07-25 13:00:58,477] {logging_mixin.py:115} INFO - [2022-07-25 13:00:58,477] {dagbag.py:507} INFO - Filling up the DagBag from /home/airflow/.local/lib/python3.7/site-packages/airflow/example_dags/example_sla_dag.py
[2022-07-25 13:00:58,501] {processor.py:651} INFO - DAG(s) dict_keys(['example_sla_dag']) retrieved from /home/airflow/.local/lib/python3.7/site-packages/airflow/example_dags/example_sla_dag.py
[2022-07-25 13:00:58,543] {logging_mixin.py:115} INFO - [2022-07-25 13:00:58,543] {dag.py:2379} INFO - Sync 1 DAGs
[2022-07-25 13:00:58,575] {logging_mixin.py:115} INFO - [2022-07-25 13:00:58,575] {dag.py:2931} INFO - Setting next_dagrun for example_sla_dag to 2022-07-25T12:58:00+00:00, run_after=2022-07-25T13:00:00+00:00
[2022-07-25 13:00:58,596] {processor.py:161} INFO - Processing /home/airflow/.local/lib/python3.7/site-packages/airflow/example_dags/example_sla_dag.py took 0.128 seconds
[2022-07-25 13:01:29,168] {processor.py:153} INFO - Started process (PID=890) to work on /home/airflow/.local/lib/python3.7/site-packages/airflow/example_dags/example_sla_dag.py
[2022-07-25 13:01:29,169] {processor.py:641} INFO - Processing file /home/airflow/.local/lib/python3.7/site-packages/airflow/example_dags/example_sla_dag.py for tasks to queue
[2022-07-25 13:01:29,171] {logging_mixin.py:115} INFO - [2022-07-25 13:01:29,171] {dagbag.py:507} INFO - Filling up the DagBag from /home/airflow/.local/lib/python3.7/site-packages/airflow/example_dags/example_sla_dag.py
[2022-07-25 13:01:29,183] {processor.py:651} INFO - DAG(s) dict_keys(['example_sla_dag']) retrieved from /home/airflow/.local/lib/python3.7/site-packages/airflow/example_dags/example_sla_dag.py
[2022-07-25 13:01:29,199] {logging_mixin.py:115} INFO - [2022-07-25 13:01:29,199] {dag.py:2379} INFO - Sync 1 DAGs
[2022-07-25 13:01:29,215] {logging_mixin.py:115} INFO - [2022-07-25 13:01:29,215] {dag.py:2931} INFO - Setting next_dagrun for example_sla_dag to 2022-07-25T12:58:00+00:00, run_after=2022-07-25T13:00:00+00:00
[2022-07-25 13:01:29,225] {processor.py:161} INFO - Processing /home/airflow/.local/lib/python3.7/site-packages/airflow/example_dags/example_sla_dag.py took 0.059 seconds
[2022-07-25 13:01:59,742] {processor.py:153} INFO - Started process (PID=952) to work on /home/airflow/.local/lib/python3.7/site-packages/airflow/example_dags/example_sla_dag.py
[2022-07-25 13:01:59,743] {processor.py:641} INFO - Processing file /home/airflow/.local/lib/python3.7/site-packages/airflow/example_dags/example_sla_dag.py for tasks to queue
[2022-07-25 13:01:59,745] {logging_mixin.py:115} INFO - [2022-07-25 13:01:59,745] {dagbag.py:507} INFO - Filling up the DagBag from /home/airflow/.local/lib/python3.7/site-packages/airflow/example_dags/example_sla_dag.py
[2022-07-25 13:01:59,771] {processor.py:651} INFO - DAG(s) dict_keys(['example_sla_dag']) retrieved from /home/airflow/.local/lib/python3.7/site-packages/airflow/example_dags/example_sla_dag.py
[2022-07-25 13:01:59,803] {logging_mixin.py:115} INFO - [2022-07-25 13:01:59,802] {dag.py:2379} INFO - Sync 1 DAGs
[2022-07-25 13:01:59,836] {logging_mixin.py:115} INFO - [2022-07-25 13:01:59,836] {dag.py:2931} INFO - Setting next_dagrun for example_sla_dag to 2022-07-25T12:58:00+00:00, run_after=2022-07-25T13:00:00+00:00
[2022-07-25 13:01:59,852] {processor.py:161} INFO - Processing /home/airflow/.local/lib/python3.7/site-packages/airflow/example_dags/example_sla_dag.py took 0.113 seconds
