[2022-07-25 12:54:19,399] {processor.py:153} INFO - Started process (PID=70) to work on /home/airflow/.local/lib/python3.7/site-packages/airflow/example_dags/example_branch_datetime_operator.py
[2022-07-25 12:54:19,400] {processor.py:641} INFO - Processing file /home/airflow/.local/lib/python3.7/site-packages/airflow/example_dags/example_branch_datetime_operator.py for tasks to queue
[2022-07-25 12:54:19,402] {logging_mixin.py:115} INFO - [2022-07-25 12:54:19,402] {dagbag.py:507} INFO - Filling up the DagBag from /home/airflow/.local/lib/python3.7/site-packages/airflow/example_dags/example_branch_datetime_operator.py
[2022-07-25 12:54:19,415] {processor.py:651} INFO - DAG(s) dict_keys(['example_branch_datetime_operator_2']) retrieved from /home/airflow/.local/lib/python3.7/site-packages/airflow/example_dags/example_branch_datetime_operator.py
[2022-07-25 12:54:19,443] {logging_mixin.py:115} INFO - [2022-07-25 12:54:19,443] {dag.py:2379} INFO - Sync 1 DAGs
[2022-07-25 12:54:19,473] {logging_mixin.py:115} INFO - [2022-07-25 12:54:19,473] {dag.py:2931} INFO - Setting next_dagrun for example_branch_datetime_operator_2 to 2022-07-24T00:00:00+00:00, run_after=2022-07-25T00:00:00+00:00
[2022-07-25 12:54:19,510] {processor.py:161} INFO - Processing /home/airflow/.local/lib/python3.7/site-packages/airflow/example_dags/example_branch_datetime_operator.py took 0.114 seconds
[2022-07-25 12:54:50,234] {processor.py:153} INFO - Started process (PID=132) to work on /home/airflow/.local/lib/python3.7/site-packages/airflow/example_dags/example_branch_datetime_operator.py
[2022-07-25 12:54:50,236] {processor.py:641} INFO - Processing file /home/airflow/.local/lib/python3.7/site-packages/airflow/example_dags/example_branch_datetime_operator.py for tasks to queue
[2022-07-25 12:54:50,238] {logging_mixin.py:115} INFO - [2022-07-25 12:54:50,237] {dagbag.py:507} INFO - Filling up the DagBag from /home/airflow/.local/lib/python3.7/site-packages/airflow/example_dags/example_branch_datetime_operator.py
[2022-07-25 12:54:50,251] {processor.py:651} INFO - DAG(s) dict_keys(['example_branch_datetime_operator_2']) retrieved from /home/airflow/.local/lib/python3.7/site-packages/airflow/example_dags/example_branch_datetime_operator.py
[2022-07-25 12:54:50,354] {logging_mixin.py:115} INFO - [2022-07-25 12:54:50,354] {dag.py:2379} INFO - Sync 1 DAGs
[2022-07-25 12:54:50,412] {logging_mixin.py:115} INFO - [2022-07-25 12:54:50,412] {dag.py:2931} INFO - Setting next_dagrun for example_branch_datetime_operator_2 to 2022-07-24T00:00:00+00:00, run_after=2022-07-25T00:00:00+00:00
[2022-07-25 12:54:50,451] {processor.py:161} INFO - Processing /home/airflow/.local/lib/python3.7/site-packages/airflow/example_dags/example_branch_datetime_operator.py took 0.220 seconds
[2022-07-25 12:55:20,732] {processor.py:153} INFO - Started process (PID=183) to work on /home/airflow/.local/lib/python3.7/site-packages/airflow/example_dags/example_branch_datetime_operator.py
[2022-07-25 12:55:20,737] {processor.py:641} INFO - Processing file /home/airflow/.local/lib/python3.7/site-packages/airflow/example_dags/example_branch_datetime_operator.py for tasks to queue
[2022-07-25 12:55:20,740] {logging_mixin.py:115} INFO - [2022-07-25 12:55:20,740] {dagbag.py:507} INFO - Filling up the DagBag from /home/airflow/.local/lib/python3.7/site-packages/airflow/example_dags/example_branch_datetime_operator.py
[2022-07-25 12:55:20,758] {processor.py:651} INFO - DAG(s) dict_keys(['example_branch_datetime_operator_2']) retrieved from /home/airflow/.local/lib/python3.7/site-packages/airflow/example_dags/example_branch_datetime_operator.py
[2022-07-25 12:55:20,834] {logging_mixin.py:115} INFO - [2022-07-25 12:55:20,834] {dag.py:2379} INFO - Sync 1 DAGs
[2022-07-25 12:55:20,870] {logging_mixin.py:115} INFO - [2022-07-25 12:55:20,870] {dag.py:2931} INFO - Setting next_dagrun for example_branch_datetime_operator_2 to 2022-07-24T00:00:00+00:00, run_after=2022-07-25T00:00:00+00:00
[2022-07-25 12:55:20,896] {processor.py:161} INFO - Processing /home/airflow/.local/lib/python3.7/site-packages/airflow/example_dags/example_branch_datetime_operator.py took 0.166 seconds
[2022-07-25 12:55:50,980] {processor.py:153} INFO - Started process (PID=245) to work on /home/airflow/.local/lib/python3.7/site-packages/airflow/example_dags/example_branch_datetime_operator.py
[2022-07-25 12:55:50,983] {processor.py:641} INFO - Processing file /home/airflow/.local/lib/python3.7/site-packages/airflow/example_dags/example_branch_datetime_operator.py for tasks to queue
[2022-07-25 12:55:50,985] {logging_mixin.py:115} INFO - [2022-07-25 12:55:50,985] {dagbag.py:507} INFO - Filling up the DagBag from /home/airflow/.local/lib/python3.7/site-packages/airflow/example_dags/example_branch_datetime_operator.py
[2022-07-25 12:55:51,010] {processor.py:651} INFO - DAG(s) dict_keys(['example_branch_datetime_operator_2']) retrieved from /home/airflow/.local/lib/python3.7/site-packages/airflow/example_dags/example_branch_datetime_operator.py
[2022-07-25 12:55:51,086] {logging_mixin.py:115} INFO - [2022-07-25 12:55:51,086] {dag.py:2379} INFO - Sync 1 DAGs
[2022-07-25 12:55:51,142] {logging_mixin.py:115} INFO - [2022-07-25 12:55:51,142] {dag.py:2931} INFO - Setting next_dagrun for example_branch_datetime_operator_2 to 2022-07-24T00:00:00+00:00, run_after=2022-07-25T00:00:00+00:00
[2022-07-25 12:55:51,176] {processor.py:161} INFO - Processing /home/airflow/.local/lib/python3.7/site-packages/airflow/example_dags/example_branch_datetime_operator.py took 0.199 seconds
[2022-07-25 12:56:21,588] {processor.py:153} INFO - Started process (PID=297) to work on /home/airflow/.local/lib/python3.7/site-packages/airflow/example_dags/example_branch_datetime_operator.py
[2022-07-25 12:56:21,593] {processor.py:641} INFO - Processing file /home/airflow/.local/lib/python3.7/site-packages/airflow/example_dags/example_branch_datetime_operator.py for tasks to queue
[2022-07-25 12:56:21,596] {logging_mixin.py:115} INFO - [2022-07-25 12:56:21,596] {dagbag.py:507} INFO - Filling up the DagBag from /home/airflow/.local/lib/python3.7/site-packages/airflow/example_dags/example_branch_datetime_operator.py
[2022-07-25 12:56:21,611] {processor.py:651} INFO - DAG(s) dict_keys(['example_branch_datetime_operator_2']) retrieved from /home/airflow/.local/lib/python3.7/site-packages/airflow/example_dags/example_branch_datetime_operator.py
[2022-07-25 12:56:21,655] {logging_mixin.py:115} INFO - [2022-07-25 12:56:21,655] {dag.py:2379} INFO - Sync 1 DAGs
[2022-07-25 12:56:21,686] {logging_mixin.py:115} INFO - [2022-07-25 12:56:21,686] {dag.py:2931} INFO - Setting next_dagrun for example_branch_datetime_operator_2 to 2022-07-24T00:00:00+00:00, run_after=2022-07-25T00:00:00+00:00
[2022-07-25 12:56:21,701] {processor.py:161} INFO - Processing /home/airflow/.local/lib/python3.7/site-packages/airflow/example_dags/example_branch_datetime_operator.py took 0.116 seconds
[2022-07-25 12:56:51,998] {processor.py:153} INFO - Started process (PID=358) to work on /home/airflow/.local/lib/python3.7/site-packages/airflow/example_dags/example_branch_datetime_operator.py
[2022-07-25 12:56:52,003] {processor.py:641} INFO - Processing file /home/airflow/.local/lib/python3.7/site-packages/airflow/example_dags/example_branch_datetime_operator.py for tasks to queue
[2022-07-25 12:56:52,004] {logging_mixin.py:115} INFO - [2022-07-25 12:56:52,004] {dagbag.py:507} INFO - Filling up the DagBag from /home/airflow/.local/lib/python3.7/site-packages/airflow/example_dags/example_branch_datetime_operator.py
[2022-07-25 12:56:52,013] {processor.py:651} INFO - DAG(s) dict_keys(['example_branch_datetime_operator_2']) retrieved from /home/airflow/.local/lib/python3.7/site-packages/airflow/example_dags/example_branch_datetime_operator.py
[2022-07-25 12:56:52,048] {logging_mixin.py:115} INFO - [2022-07-25 12:56:52,048] {dag.py:2379} INFO - Sync 1 DAGs
[2022-07-25 12:56:52,080] {logging_mixin.py:115} INFO - [2022-07-25 12:56:52,080] {dag.py:2931} INFO - Setting next_dagrun for example_branch_datetime_operator_2 to 2022-07-24T00:00:00+00:00, run_after=2022-07-25T00:00:00+00:00
[2022-07-25 12:56:52,101] {processor.py:161} INFO - Processing /home/airflow/.local/lib/python3.7/site-packages/airflow/example_dags/example_branch_datetime_operator.py took 0.105 seconds
[2022-07-25 12:57:22,486] {processor.py:153} INFO - Started process (PID=418) to work on /home/airflow/.local/lib/python3.7/site-packages/airflow/example_dags/example_branch_datetime_operator.py
[2022-07-25 12:57:22,488] {processor.py:641} INFO - Processing file /home/airflow/.local/lib/python3.7/site-packages/airflow/example_dags/example_branch_datetime_operator.py for tasks to queue
[2022-07-25 12:57:22,489] {logging_mixin.py:115} INFO - [2022-07-25 12:57:22,489] {dagbag.py:507} INFO - Filling up the DagBag from /home/airflow/.local/lib/python3.7/site-packages/airflow/example_dags/example_branch_datetime_operator.py
[2022-07-25 12:57:22,519] {processor.py:651} INFO - DAG(s) dict_keys(['example_branch_datetime_operator_2']) retrieved from /home/airflow/.local/lib/python3.7/site-packages/airflow/example_dags/example_branch_datetime_operator.py
[2022-07-25 12:57:22,583] {logging_mixin.py:115} INFO - [2022-07-25 12:57:22,583] {dag.py:2379} INFO - Sync 1 DAGs
[2022-07-25 12:57:22,619] {logging_mixin.py:115} INFO - [2022-07-25 12:57:22,619] {dag.py:2931} INFO - Setting next_dagrun for example_branch_datetime_operator_2 to 2022-07-24T00:00:00+00:00, run_after=2022-07-25T00:00:00+00:00
[2022-07-25 12:57:22,644] {processor.py:161} INFO - Processing /home/airflow/.local/lib/python3.7/site-packages/airflow/example_dags/example_branch_datetime_operator.py took 0.160 seconds
[2022-07-25 12:57:53,892] {processor.py:153} INFO - Started process (PID=480) to work on /home/airflow/.local/lib/python3.7/site-packages/airflow/example_dags/example_branch_datetime_operator.py
[2022-07-25 12:57:53,897] {processor.py:641} INFO - Processing file /home/airflow/.local/lib/python3.7/site-packages/airflow/example_dags/example_branch_datetime_operator.py for tasks to queue
[2022-07-25 12:57:53,900] {logging_mixin.py:115} INFO - [2022-07-25 12:57:53,900] {dagbag.py:507} INFO - Filling up the DagBag from /home/airflow/.local/lib/python3.7/site-packages/airflow/example_dags/example_branch_datetime_operator.py
[2022-07-25 12:57:53,925] {processor.py:651} INFO - DAG(s) dict_keys(['example_branch_datetime_operator_2']) retrieved from /home/airflow/.local/lib/python3.7/site-packages/airflow/example_dags/example_branch_datetime_operator.py
[2022-07-25 12:57:53,962] {logging_mixin.py:115} INFO - [2022-07-25 12:57:53,962] {dag.py:2379} INFO - Sync 1 DAGs
[2022-07-25 12:57:53,988] {logging_mixin.py:115} INFO - [2022-07-25 12:57:53,987] {dag.py:2931} INFO - Setting next_dagrun for example_branch_datetime_operator_2 to 2022-07-24T00:00:00+00:00, run_after=2022-07-25T00:00:00+00:00
[2022-07-25 12:57:54,007] {processor.py:161} INFO - Processing /home/airflow/.local/lib/python3.7/site-packages/airflow/example_dags/example_branch_datetime_operator.py took 0.117 seconds
[2022-07-25 12:58:24,592] {processor.py:153} INFO - Started process (PID=533) to work on /home/airflow/.local/lib/python3.7/site-packages/airflow/example_dags/example_branch_datetime_operator.py
[2022-07-25 12:58:24,595] {processor.py:641} INFO - Processing file /home/airflow/.local/lib/python3.7/site-packages/airflow/example_dags/example_branch_datetime_operator.py for tasks to queue
[2022-07-25 12:58:24,596] {logging_mixin.py:115} INFO - [2022-07-25 12:58:24,596] {dagbag.py:507} INFO - Filling up the DagBag from /home/airflow/.local/lib/python3.7/site-packages/airflow/example_dags/example_branch_datetime_operator.py
[2022-07-25 12:58:24,604] {processor.py:651} INFO - DAG(s) dict_keys(['example_branch_datetime_operator_2']) retrieved from /home/airflow/.local/lib/python3.7/site-packages/airflow/example_dags/example_branch_datetime_operator.py
[2022-07-25 12:58:24,626] {logging_mixin.py:115} INFO - [2022-07-25 12:58:24,626] {dag.py:2379} INFO - Sync 1 DAGs
[2022-07-25 12:58:24,658] {logging_mixin.py:115} INFO - [2022-07-25 12:58:24,658] {dag.py:2931} INFO - Setting next_dagrun for example_branch_datetime_operator_2 to 2022-07-24T00:00:00+00:00, run_after=2022-07-25T00:00:00+00:00
[2022-07-25 12:58:24,680] {processor.py:161} INFO - Processing /home/airflow/.local/lib/python3.7/site-packages/airflow/example_dags/example_branch_datetime_operator.py took 0.090 seconds
[2022-07-25 12:58:55,212] {processor.py:153} INFO - Started process (PID=593) to work on /home/airflow/.local/lib/python3.7/site-packages/airflow/example_dags/example_branch_datetime_operator.py
[2022-07-25 12:58:55,214] {processor.py:641} INFO - Processing file /home/airflow/.local/lib/python3.7/site-packages/airflow/example_dags/example_branch_datetime_operator.py for tasks to queue
[2022-07-25 12:58:55,217] {logging_mixin.py:115} INFO - [2022-07-25 12:58:55,217] {dagbag.py:507} INFO - Filling up the DagBag from /home/airflow/.local/lib/python3.7/site-packages/airflow/example_dags/example_branch_datetime_operator.py
[2022-07-25 12:58:55,225] {processor.py:651} INFO - DAG(s) dict_keys(['example_branch_datetime_operator_2']) retrieved from /home/airflow/.local/lib/python3.7/site-packages/airflow/example_dags/example_branch_datetime_operator.py
[2022-07-25 12:58:55,249] {logging_mixin.py:115} INFO - [2022-07-25 12:58:55,249] {dag.py:2379} INFO - Sync 1 DAGs
[2022-07-25 12:58:55,266] {logging_mixin.py:115} INFO - [2022-07-25 12:58:55,266] {dag.py:2931} INFO - Setting next_dagrun for example_branch_datetime_operator_2 to 2022-07-24T00:00:00+00:00, run_after=2022-07-25T00:00:00+00:00
[2022-07-25 12:58:55,276] {processor.py:161} INFO - Processing /home/airflow/.local/lib/python3.7/site-packages/airflow/example_dags/example_branch_datetime_operator.py took 0.067 seconds
[2022-07-25 12:59:26,146] {processor.py:153} INFO - Started process (PID=655) to work on /home/airflow/.local/lib/python3.7/site-packages/airflow/example_dags/example_branch_datetime_operator.py
[2022-07-25 12:59:26,149] {processor.py:641} INFO - Processing file /home/airflow/.local/lib/python3.7/site-packages/airflow/example_dags/example_branch_datetime_operator.py for tasks to queue
[2022-07-25 12:59:26,153] {logging_mixin.py:115} INFO - [2022-07-25 12:59:26,152] {dagbag.py:507} INFO - Filling up the DagBag from /home/airflow/.local/lib/python3.7/site-packages/airflow/example_dags/example_branch_datetime_operator.py
[2022-07-25 12:59:26,159] {processor.py:651} INFO - DAG(s) dict_keys(['example_branch_datetime_operator_2']) retrieved from /home/airflow/.local/lib/python3.7/site-packages/airflow/example_dags/example_branch_datetime_operator.py
[2022-07-25 12:59:26,198] {logging_mixin.py:115} INFO - [2022-07-25 12:59:26,198] {dag.py:2379} INFO - Sync 1 DAGs
[2022-07-25 12:59:26,237] {logging_mixin.py:115} INFO - [2022-07-25 12:59:26,236] {dag.py:2931} INFO - Setting next_dagrun for example_branch_datetime_operator_2 to 2022-07-24T00:00:00+00:00, run_after=2022-07-25T00:00:00+00:00
[2022-07-25 12:59:26,256] {processor.py:161} INFO - Processing /home/airflow/.local/lib/python3.7/site-packages/airflow/example_dags/example_branch_datetime_operator.py took 0.113 seconds
[2022-07-25 12:59:56,854] {processor.py:153} INFO - Started process (PID=707) to work on /home/airflow/.local/lib/python3.7/site-packages/airflow/example_dags/example_branch_datetime_operator.py
[2022-07-25 12:59:56,858] {processor.py:641} INFO - Processing file /home/airflow/.local/lib/python3.7/site-packages/airflow/example_dags/example_branch_datetime_operator.py for tasks to queue
[2022-07-25 12:59:56,859] {logging_mixin.py:115} INFO - [2022-07-25 12:59:56,859] {dagbag.py:507} INFO - Filling up the DagBag from /home/airflow/.local/lib/python3.7/site-packages/airflow/example_dags/example_branch_datetime_operator.py
[2022-07-25 12:59:56,865] {processor.py:651} INFO - DAG(s) dict_keys(['example_branch_datetime_operator_2']) retrieved from /home/airflow/.local/lib/python3.7/site-packages/airflow/example_dags/example_branch_datetime_operator.py
[2022-07-25 12:59:56,912] {logging_mixin.py:115} INFO - [2022-07-25 12:59:56,912] {dag.py:2379} INFO - Sync 1 DAGs
[2022-07-25 12:59:56,946] {logging_mixin.py:115} INFO - [2022-07-25 12:59:56,946] {dag.py:2931} INFO - Setting next_dagrun for example_branch_datetime_operator_2 to 2022-07-24T00:00:00+00:00, run_after=2022-07-25T00:00:00+00:00
[2022-07-25 12:59:56,960] {processor.py:161} INFO - Processing /home/airflow/.local/lib/python3.7/site-packages/airflow/example_dags/example_branch_datetime_operator.py took 0.109 seconds
[2022-07-25 13:00:27,773] {processor.py:153} INFO - Started process (PID=769) to work on /home/airflow/.local/lib/python3.7/site-packages/airflow/example_dags/example_branch_datetime_operator.py
[2022-07-25 13:00:27,774] {processor.py:641} INFO - Processing file /home/airflow/.local/lib/python3.7/site-packages/airflow/example_dags/example_branch_datetime_operator.py for tasks to queue
[2022-07-25 13:00:27,776] {logging_mixin.py:115} INFO - [2022-07-25 13:00:27,775] {dagbag.py:507} INFO - Filling up the DagBag from /home/airflow/.local/lib/python3.7/site-packages/airflow/example_dags/example_branch_datetime_operator.py
[2022-07-25 13:00:27,781] {processor.py:651} INFO - DAG(s) dict_keys(['example_branch_datetime_operator_2']) retrieved from /home/airflow/.local/lib/python3.7/site-packages/airflow/example_dags/example_branch_datetime_operator.py
[2022-07-25 13:00:27,816] {logging_mixin.py:115} INFO - [2022-07-25 13:00:27,816] {dag.py:2379} INFO - Sync 1 DAGs
[2022-07-25 13:00:27,839] {logging_mixin.py:115} INFO - [2022-07-25 13:00:27,839] {dag.py:2931} INFO - Setting next_dagrun for example_branch_datetime_operator_2 to 2022-07-24T00:00:00+00:00, run_after=2022-07-25T00:00:00+00:00
[2022-07-25 13:00:27,854] {processor.py:161} INFO - Processing /home/airflow/.local/lib/python3.7/site-packages/airflow/example_dags/example_branch_datetime_operator.py took 0.083 seconds
[2022-07-25 13:00:58,639] {processor.py:153} INFO - Started process (PID=829) to work on /home/airflow/.local/lib/python3.7/site-packages/airflow/example_dags/example_branch_datetime_operator.py
[2022-07-25 13:00:58,641] {processor.py:641} INFO - Processing file /home/airflow/.local/lib/python3.7/site-packages/airflow/example_dags/example_branch_datetime_operator.py for tasks to queue
[2022-07-25 13:00:58,642] {logging_mixin.py:115} INFO - [2022-07-25 13:00:58,642] {dagbag.py:507} INFO - Filling up the DagBag from /home/airflow/.local/lib/python3.7/site-packages/airflow/example_dags/example_branch_datetime_operator.py
[2022-07-25 13:00:58,653] {processor.py:651} INFO - DAG(s) dict_keys(['example_branch_datetime_operator_2']) retrieved from /home/airflow/.local/lib/python3.7/site-packages/airflow/example_dags/example_branch_datetime_operator.py
[2022-07-25 13:00:58,689] {logging_mixin.py:115} INFO - [2022-07-25 13:00:58,689] {dag.py:2379} INFO - Sync 1 DAGs
[2022-07-25 13:00:58,723] {logging_mixin.py:115} INFO - [2022-07-25 13:00:58,723] {dag.py:2931} INFO - Setting next_dagrun for example_branch_datetime_operator_2 to 2022-07-24T00:00:00+00:00, run_after=2022-07-25T00:00:00+00:00
[2022-07-25 13:00:58,737] {processor.py:161} INFO - Processing /home/airflow/.local/lib/python3.7/site-packages/airflow/example_dags/example_branch_datetime_operator.py took 0.101 seconds
[2022-07-25 13:01:29,254] {processor.py:153} INFO - Started process (PID=892) to work on /home/airflow/.local/lib/python3.7/site-packages/airflow/example_dags/example_branch_datetime_operator.py
[2022-07-25 13:01:29,255] {processor.py:641} INFO - Processing file /home/airflow/.local/lib/python3.7/site-packages/airflow/example_dags/example_branch_datetime_operator.py for tasks to queue
[2022-07-25 13:01:29,256] {logging_mixin.py:115} INFO - [2022-07-25 13:01:29,256] {dagbag.py:507} INFO - Filling up the DagBag from /home/airflow/.local/lib/python3.7/site-packages/airflow/example_dags/example_branch_datetime_operator.py
[2022-07-25 13:01:29,261] {processor.py:651} INFO - DAG(s) dict_keys(['example_branch_datetime_operator_2']) retrieved from /home/airflow/.local/lib/python3.7/site-packages/airflow/example_dags/example_branch_datetime_operator.py
[2022-07-25 13:01:29,278] {logging_mixin.py:115} INFO - [2022-07-25 13:01:29,278] {dag.py:2379} INFO - Sync 1 DAGs
[2022-07-25 13:01:29,293] {logging_mixin.py:115} INFO - [2022-07-25 13:01:29,293] {dag.py:2931} INFO - Setting next_dagrun for example_branch_datetime_operator_2 to 2022-07-24T00:00:00+00:00, run_after=2022-07-25T00:00:00+00:00
[2022-07-25 13:01:29,307] {processor.py:161} INFO - Processing /home/airflow/.local/lib/python3.7/site-packages/airflow/example_dags/example_branch_datetime_operator.py took 0.056 seconds
[2022-07-25 13:01:59,903] {processor.py:153} INFO - Started process (PID=954) to work on /home/airflow/.local/lib/python3.7/site-packages/airflow/example_dags/example_branch_datetime_operator.py
[2022-07-25 13:01:59,906] {processor.py:641} INFO - Processing file /home/airflow/.local/lib/python3.7/site-packages/airflow/example_dags/example_branch_datetime_operator.py for tasks to queue
[2022-07-25 13:01:59,907] {logging_mixin.py:115} INFO - [2022-07-25 13:01:59,907] {dagbag.py:507} INFO - Filling up the DagBag from /home/airflow/.local/lib/python3.7/site-packages/airflow/example_dags/example_branch_datetime_operator.py
[2022-07-25 13:01:59,912] {processor.py:651} INFO - DAG(s) dict_keys(['example_branch_datetime_operator_2']) retrieved from /home/airflow/.local/lib/python3.7/site-packages/airflow/example_dags/example_branch_datetime_operator.py
[2022-07-25 13:01:59,942] {logging_mixin.py:115} INFO - [2022-07-25 13:01:59,942] {dag.py:2379} INFO - Sync 1 DAGs
[2022-07-25 13:01:59,978] {logging_mixin.py:115} INFO - [2022-07-25 13:01:59,977] {dag.py:2931} INFO - Setting next_dagrun for example_branch_datetime_operator_2 to 2022-07-24T00:00:00+00:00, run_after=2022-07-25T00:00:00+00:00
[2022-07-25 13:01:59,990] {processor.py:161} INFO - Processing /home/airflow/.local/lib/python3.7/site-packages/airflow/example_dags/example_branch_datetime_operator.py took 0.090 seconds
