[2022-07-25 12:54:14,744] {processor.py:153} INFO - Started process (PID=48) to work on /home/airflow/.local/lib/python3.7/site-packages/airflow/example_dags/example_branch_labels.py
[2022-07-25 12:54:14,745] {processor.py:641} INFO - Processing file /home/airflow/.local/lib/python3.7/site-packages/airflow/example_dags/example_branch_labels.py for tasks to queue
[2022-07-25 12:54:14,747] {logging_mixin.py:115} INFO - [2022-07-25 12:54:14,747] {dagbag.py:507} INFO - Filling up the DagBag from /home/airflow/.local/lib/python3.7/site-packages/airflow/example_dags/example_branch_labels.py
[2022-07-25 12:54:14,765] {processor.py:651} INFO - DAG(s) dict_keys(['example_branch_labels']) retrieved from /home/airflow/.local/lib/python3.7/site-packages/airflow/example_dags/example_branch_labels.py
[2022-07-25 12:54:14,852] {logging_mixin.py:115} INFO - [2022-07-25 12:54:14,852] {dag.py:2379} INFO - Sync 1 DAGs
[2022-07-25 12:54:14,914] {logging_mixin.py:115} INFO - [2022-07-25 12:54:14,914] {dag.py:2931} INFO - Setting next_dagrun for example_branch_labels to 2022-07-24T00:00:00+00:00, run_after=2022-07-25T00:00:00+00:00
[2022-07-25 12:54:14,972] {processor.py:161} INFO - Processing /home/airflow/.local/lib/python3.7/site-packages/airflow/example_dags/example_branch_labels.py took 0.230 seconds
[2022-07-25 12:54:45,691] {processor.py:153} INFO - Started process (PID=101) to work on /home/airflow/.local/lib/python3.7/site-packages/airflow/example_dags/example_branch_labels.py
[2022-07-25 12:54:45,694] {processor.py:641} INFO - Processing file /home/airflow/.local/lib/python3.7/site-packages/airflow/example_dags/example_branch_labels.py for tasks to queue
[2022-07-25 12:54:45,695] {logging_mixin.py:115} INFO - [2022-07-25 12:54:45,695] {dagbag.py:507} INFO - Filling up the DagBag from /home/airflow/.local/lib/python3.7/site-packages/airflow/example_dags/example_branch_labels.py
[2022-07-25 12:54:45,703] {processor.py:651} INFO - DAG(s) dict_keys(['example_branch_labels']) retrieved from /home/airflow/.local/lib/python3.7/site-packages/airflow/example_dags/example_branch_labels.py
[2022-07-25 12:54:45,739] {logging_mixin.py:115} INFO - [2022-07-25 12:54:45,739] {dag.py:2379} INFO - Sync 1 DAGs
[2022-07-25 12:54:45,764] {logging_mixin.py:115} INFO - [2022-07-25 12:54:45,764] {dag.py:2931} INFO - Setting next_dagrun for example_branch_labels to 2022-07-24T00:00:00+00:00, run_after=2022-07-25T00:00:00+00:00
[2022-07-25 12:54:45,774] {processor.py:161} INFO - Processing /home/airflow/.local/lib/python3.7/site-packages/airflow/example_dags/example_branch_labels.py took 0.085 seconds
[2022-07-25 12:55:16,250] {processor.py:153} INFO - Started process (PID=161) to work on /home/airflow/.local/lib/python3.7/site-packages/airflow/example_dags/example_branch_labels.py
[2022-07-25 12:55:16,251] {processor.py:641} INFO - Processing file /home/airflow/.local/lib/python3.7/site-packages/airflow/example_dags/example_branch_labels.py for tasks to queue
[2022-07-25 12:55:16,253] {logging_mixin.py:115} INFO - [2022-07-25 12:55:16,253] {dagbag.py:507} INFO - Filling up the DagBag from /home/airflow/.local/lib/python3.7/site-packages/airflow/example_dags/example_branch_labels.py
[2022-07-25 12:55:16,261] {processor.py:651} INFO - DAG(s) dict_keys(['example_branch_labels']) retrieved from /home/airflow/.local/lib/python3.7/site-packages/airflow/example_dags/example_branch_labels.py
[2022-07-25 12:55:16,292] {logging_mixin.py:115} INFO - [2022-07-25 12:55:16,292] {dag.py:2379} INFO - Sync 1 DAGs
[2022-07-25 12:55:16,313] {logging_mixin.py:115} INFO - [2022-07-25 12:55:16,313] {dag.py:2931} INFO - Setting next_dagrun for example_branch_labels to 2022-07-24T00:00:00+00:00, run_after=2022-07-25T00:00:00+00:00
[2022-07-25 12:55:16,325] {processor.py:161} INFO - Processing /home/airflow/.local/lib/python3.7/site-packages/airflow/example_dags/example_branch_labels.py took 0.077 seconds
[2022-07-25 12:55:46,695] {processor.py:153} INFO - Started process (PID=214) to work on /home/airflow/.local/lib/python3.7/site-packages/airflow/example_dags/example_branch_labels.py
[2022-07-25 12:55:46,706] {processor.py:641} INFO - Processing file /home/airflow/.local/lib/python3.7/site-packages/airflow/example_dags/example_branch_labels.py for tasks to queue
[2022-07-25 12:55:46,707] {logging_mixin.py:115} INFO - [2022-07-25 12:55:46,707] {dagbag.py:507} INFO - Filling up the DagBag from /home/airflow/.local/lib/python3.7/site-packages/airflow/example_dags/example_branch_labels.py
[2022-07-25 12:55:46,734] {processor.py:651} INFO - DAG(s) dict_keys(['example_branch_labels']) retrieved from /home/airflow/.local/lib/python3.7/site-packages/airflow/example_dags/example_branch_labels.py
[2022-07-25 12:55:46,796] {logging_mixin.py:115} INFO - [2022-07-25 12:55:46,796] {dag.py:2379} INFO - Sync 1 DAGs
[2022-07-25 12:55:46,856] {logging_mixin.py:115} INFO - [2022-07-25 12:55:46,855] {dag.py:2931} INFO - Setting next_dagrun for example_branch_labels to 2022-07-24T00:00:00+00:00, run_after=2022-07-25T00:00:00+00:00
[2022-07-25 12:55:46,872] {processor.py:161} INFO - Processing /home/airflow/.local/lib/python3.7/site-packages/airflow/example_dags/example_branch_labels.py took 0.203 seconds
[2022-07-25 12:56:17,494] {processor.py:153} INFO - Started process (PID=275) to work on /home/airflow/.local/lib/python3.7/site-packages/airflow/example_dags/example_branch_labels.py
[2022-07-25 12:56:17,496] {processor.py:641} INFO - Processing file /home/airflow/.local/lib/python3.7/site-packages/airflow/example_dags/example_branch_labels.py for tasks to queue
[2022-07-25 12:56:17,498] {logging_mixin.py:115} INFO - [2022-07-25 12:56:17,498] {dagbag.py:507} INFO - Filling up the DagBag from /home/airflow/.local/lib/python3.7/site-packages/airflow/example_dags/example_branch_labels.py
[2022-07-25 12:56:17,522] {processor.py:651} INFO - DAG(s) dict_keys(['example_branch_labels']) retrieved from /home/airflow/.local/lib/python3.7/site-packages/airflow/example_dags/example_branch_labels.py
[2022-07-25 12:56:17,552] {logging_mixin.py:115} INFO - [2022-07-25 12:56:17,551] {dag.py:2379} INFO - Sync 1 DAGs
[2022-07-25 12:56:17,570] {logging_mixin.py:115} INFO - [2022-07-25 12:56:17,570] {dag.py:2931} INFO - Setting next_dagrun for example_branch_labels to 2022-07-24T00:00:00+00:00, run_after=2022-07-25T00:00:00+00:00
[2022-07-25 12:56:17,581] {processor.py:161} INFO - Processing /home/airflow/.local/lib/python3.7/site-packages/airflow/example_dags/example_branch_labels.py took 0.097 seconds
[2022-07-25 12:56:47,952] {processor.py:153} INFO - Started process (PID=337) to work on /home/airflow/.local/lib/python3.7/site-packages/airflow/example_dags/example_branch_labels.py
[2022-07-25 12:56:47,955] {processor.py:641} INFO - Processing file /home/airflow/.local/lib/python3.7/site-packages/airflow/example_dags/example_branch_labels.py for tasks to queue
[2022-07-25 12:56:47,956] {logging_mixin.py:115} INFO - [2022-07-25 12:56:47,956] {dagbag.py:507} INFO - Filling up the DagBag from /home/airflow/.local/lib/python3.7/site-packages/airflow/example_dags/example_branch_labels.py
[2022-07-25 12:56:47,965] {processor.py:651} INFO - DAG(s) dict_keys(['example_branch_labels']) retrieved from /home/airflow/.local/lib/python3.7/site-packages/airflow/example_dags/example_branch_labels.py
[2022-07-25 12:56:48,010] {logging_mixin.py:115} INFO - [2022-07-25 12:56:48,010] {dag.py:2379} INFO - Sync 1 DAGs
[2022-07-25 12:56:48,049] {logging_mixin.py:115} INFO - [2022-07-25 12:56:48,049] {dag.py:2931} INFO - Setting next_dagrun for example_branch_labels to 2022-07-24T00:00:00+00:00, run_after=2022-07-25T00:00:00+00:00
[2022-07-25 12:56:48,073] {processor.py:161} INFO - Processing /home/airflow/.local/lib/python3.7/site-packages/airflow/example_dags/example_branch_labels.py took 0.124 seconds
[2022-07-25 12:57:18,195] {processor.py:153} INFO - Started process (PID=389) to work on /home/airflow/.local/lib/python3.7/site-packages/airflow/example_dags/example_branch_labels.py
[2022-07-25 12:57:18,198] {processor.py:641} INFO - Processing file /home/airflow/.local/lib/python3.7/site-packages/airflow/example_dags/example_branch_labels.py for tasks to queue
[2022-07-25 12:57:18,205] {logging_mixin.py:115} INFO - [2022-07-25 12:57:18,205] {dagbag.py:507} INFO - Filling up the DagBag from /home/airflow/.local/lib/python3.7/site-packages/airflow/example_dags/example_branch_labels.py
[2022-07-25 12:57:18,214] {processor.py:651} INFO - DAG(s) dict_keys(['example_branch_labels']) retrieved from /home/airflow/.local/lib/python3.7/site-packages/airflow/example_dags/example_branch_labels.py
[2022-07-25 12:57:18,236] {logging_mixin.py:115} INFO - [2022-07-25 12:57:18,236] {dag.py:2379} INFO - Sync 1 DAGs
[2022-07-25 12:57:18,253] {logging_mixin.py:115} INFO - [2022-07-25 12:57:18,253] {dag.py:2931} INFO - Setting next_dagrun for example_branch_labels to 2022-07-24T00:00:00+00:00, run_after=2022-07-25T00:00:00+00:00
[2022-07-25 12:57:18,265] {processor.py:161} INFO - Processing /home/airflow/.local/lib/python3.7/site-packages/airflow/example_dags/example_branch_labels.py took 0.073 seconds
[2022-07-25 12:57:48,942] {processor.py:153} INFO - Started process (PID=450) to work on /home/airflow/.local/lib/python3.7/site-packages/airflow/example_dags/example_branch_labels.py
[2022-07-25 12:57:48,944] {processor.py:641} INFO - Processing file /home/airflow/.local/lib/python3.7/site-packages/airflow/example_dags/example_branch_labels.py for tasks to queue
[2022-07-25 12:57:48,949] {logging_mixin.py:115} INFO - [2022-07-25 12:57:48,949] {dagbag.py:507} INFO - Filling up the DagBag from /home/airflow/.local/lib/python3.7/site-packages/airflow/example_dags/example_branch_labels.py
[2022-07-25 12:57:48,966] {processor.py:651} INFO - DAG(s) dict_keys(['example_branch_labels']) retrieved from /home/airflow/.local/lib/python3.7/site-packages/airflow/example_dags/example_branch_labels.py
[2022-07-25 12:57:49,007] {logging_mixin.py:115} INFO - [2022-07-25 12:57:49,007] {dag.py:2379} INFO - Sync 1 DAGs
[2022-07-25 12:57:49,033] {logging_mixin.py:115} INFO - [2022-07-25 12:57:49,033] {dag.py:2931} INFO - Setting next_dagrun for example_branch_labels to 2022-07-24T00:00:00+00:00, run_after=2022-07-25T00:00:00+00:00
[2022-07-25 12:57:49,047] {processor.py:161} INFO - Processing /home/airflow/.local/lib/python3.7/site-packages/airflow/example_dags/example_branch_labels.py took 0.108 seconds
[2022-07-25 12:58:19,881] {processor.py:153} INFO - Started process (PID=512) to work on /home/airflow/.local/lib/python3.7/site-packages/airflow/example_dags/example_branch_labels.py
[2022-07-25 12:58:19,884] {processor.py:641} INFO - Processing file /home/airflow/.local/lib/python3.7/site-packages/airflow/example_dags/example_branch_labels.py for tasks to queue
[2022-07-25 12:58:19,885] {logging_mixin.py:115} INFO - [2022-07-25 12:58:19,884] {dagbag.py:507} INFO - Filling up the DagBag from /home/airflow/.local/lib/python3.7/site-packages/airflow/example_dags/example_branch_labels.py
[2022-07-25 12:58:19,898] {processor.py:651} INFO - DAG(s) dict_keys(['example_branch_labels']) retrieved from /home/airflow/.local/lib/python3.7/site-packages/airflow/example_dags/example_branch_labels.py
[2022-07-25 12:58:19,926] {logging_mixin.py:115} INFO - [2022-07-25 12:58:19,926] {dag.py:2379} INFO - Sync 1 DAGs
[2022-07-25 12:58:19,953] {logging_mixin.py:115} INFO - [2022-07-25 12:58:19,953] {dag.py:2931} INFO - Setting next_dagrun for example_branch_labels to 2022-07-24T00:00:00+00:00, run_after=2022-07-25T00:00:00+00:00
[2022-07-25 12:58:19,969] {processor.py:161} INFO - Processing /home/airflow/.local/lib/python3.7/site-packages/airflow/example_dags/example_branch_labels.py took 0.090 seconds
[2022-07-25 12:58:50,622] {processor.py:153} INFO - Started process (PID=572) to work on /home/airflow/.local/lib/python3.7/site-packages/airflow/example_dags/example_branch_labels.py
[2022-07-25 12:58:50,624] {processor.py:641} INFO - Processing file /home/airflow/.local/lib/python3.7/site-packages/airflow/example_dags/example_branch_labels.py for tasks to queue
[2022-07-25 12:58:50,626] {logging_mixin.py:115} INFO - [2022-07-25 12:58:50,626] {dagbag.py:507} INFO - Filling up the DagBag from /home/airflow/.local/lib/python3.7/site-packages/airflow/example_dags/example_branch_labels.py
[2022-07-25 12:58:50,634] {processor.py:651} INFO - DAG(s) dict_keys(['example_branch_labels']) retrieved from /home/airflow/.local/lib/python3.7/site-packages/airflow/example_dags/example_branch_labels.py
[2022-07-25 12:58:50,686] {logging_mixin.py:115} INFO - [2022-07-25 12:58:50,686] {dag.py:2379} INFO - Sync 1 DAGs
[2022-07-25 12:58:50,718] {logging_mixin.py:115} INFO - [2022-07-25 12:58:50,718] {dag.py:2931} INFO - Setting next_dagrun for example_branch_labels to 2022-07-24T00:00:00+00:00, run_after=2022-07-25T00:00:00+00:00
[2022-07-25 12:58:50,741] {processor.py:161} INFO - Processing /home/airflow/.local/lib/python3.7/site-packages/airflow/example_dags/example_branch_labels.py took 0.121 seconds
[2022-07-25 12:59:21,273] {processor.py:153} INFO - Started process (PID=625) to work on /home/airflow/.local/lib/python3.7/site-packages/airflow/example_dags/example_branch_labels.py
[2022-07-25 12:59:21,274] {processor.py:641} INFO - Processing file /home/airflow/.local/lib/python3.7/site-packages/airflow/example_dags/example_branch_labels.py for tasks to queue
[2022-07-25 12:59:21,276] {logging_mixin.py:115} INFO - [2022-07-25 12:59:21,276] {dagbag.py:507} INFO - Filling up the DagBag from /home/airflow/.local/lib/python3.7/site-packages/airflow/example_dags/example_branch_labels.py
[2022-07-25 12:59:21,282] {processor.py:651} INFO - DAG(s) dict_keys(['example_branch_labels']) retrieved from /home/airflow/.local/lib/python3.7/site-packages/airflow/example_dags/example_branch_labels.py
[2022-07-25 12:59:21,306] {logging_mixin.py:115} INFO - [2022-07-25 12:59:21,306] {dag.py:2379} INFO - Sync 1 DAGs
[2022-07-25 12:59:21,328] {logging_mixin.py:115} INFO - [2022-07-25 12:59:21,328] {dag.py:2931} INFO - Setting next_dagrun for example_branch_labels to 2022-07-24T00:00:00+00:00, run_after=2022-07-25T00:00:00+00:00
[2022-07-25 12:59:21,339] {processor.py:161} INFO - Processing /home/airflow/.local/lib/python3.7/site-packages/airflow/example_dags/example_branch_labels.py took 0.068 seconds
[2022-07-25 12:59:52,075] {processor.py:153} INFO - Started process (PID=686) to work on /home/airflow/.local/lib/python3.7/site-packages/airflow/example_dags/example_branch_labels.py
[2022-07-25 12:59:52,080] {processor.py:641} INFO - Processing file /home/airflow/.local/lib/python3.7/site-packages/airflow/example_dags/example_branch_labels.py for tasks to queue
[2022-07-25 12:59:52,082] {logging_mixin.py:115} INFO - [2022-07-25 12:59:52,082] {dagbag.py:507} INFO - Filling up the DagBag from /home/airflow/.local/lib/python3.7/site-packages/airflow/example_dags/example_branch_labels.py
[2022-07-25 12:59:52,086] {processor.py:651} INFO - DAG(s) dict_keys(['example_branch_labels']) retrieved from /home/airflow/.local/lib/python3.7/site-packages/airflow/example_dags/example_branch_labels.py
[2022-07-25 12:59:52,137] {logging_mixin.py:115} INFO - [2022-07-25 12:59:52,137] {dag.py:2379} INFO - Sync 1 DAGs
[2022-07-25 12:59:52,164] {logging_mixin.py:115} INFO - [2022-07-25 12:59:52,164] {dag.py:2931} INFO - Setting next_dagrun for example_branch_labels to 2022-07-24T00:00:00+00:00, run_after=2022-07-25T00:00:00+00:00
[2022-07-25 12:59:52,179] {processor.py:161} INFO - Processing /home/airflow/.local/lib/python3.7/site-packages/airflow/example_dags/example_branch_labels.py took 0.107 seconds
[2022-07-25 13:00:22,998] {processor.py:153} INFO - Started process (PID=748) to work on /home/airflow/.local/lib/python3.7/site-packages/airflow/example_dags/example_branch_labels.py
[2022-07-25 13:00:23,000] {processor.py:641} INFO - Processing file /home/airflow/.local/lib/python3.7/site-packages/airflow/example_dags/example_branch_labels.py for tasks to queue
[2022-07-25 13:00:23,002] {logging_mixin.py:115} INFO - [2022-07-25 13:00:23,002] {dagbag.py:507} INFO - Filling up the DagBag from /home/airflow/.local/lib/python3.7/site-packages/airflow/example_dags/example_branch_labels.py
[2022-07-25 13:00:23,007] {processor.py:651} INFO - DAG(s) dict_keys(['example_branch_labels']) retrieved from /home/airflow/.local/lib/python3.7/site-packages/airflow/example_dags/example_branch_labels.py
[2022-07-25 13:00:23,025] {logging_mixin.py:115} INFO - [2022-07-25 13:00:23,025] {dag.py:2379} INFO - Sync 1 DAGs
[2022-07-25 13:00:23,041] {logging_mixin.py:115} INFO - [2022-07-25 13:00:23,041] {dag.py:2931} INFO - Setting next_dagrun for example_branch_labels to 2022-07-24T00:00:00+00:00, run_after=2022-07-25T00:00:00+00:00
[2022-07-25 13:00:23,050] {processor.py:161} INFO - Processing /home/airflow/.local/lib/python3.7/site-packages/airflow/example_dags/example_branch_labels.py took 0.055 seconds
[2022-07-25 13:00:53,851] {processor.py:153} INFO - Started process (PID=808) to work on /home/airflow/.local/lib/python3.7/site-packages/airflow/example_dags/example_branch_labels.py
[2022-07-25 13:00:53,856] {processor.py:641} INFO - Processing file /home/airflow/.local/lib/python3.7/site-packages/airflow/example_dags/example_branch_labels.py for tasks to queue
[2022-07-25 13:00:53,858] {logging_mixin.py:115} INFO - [2022-07-25 13:00:53,858] {dagbag.py:507} INFO - Filling up the DagBag from /home/airflow/.local/lib/python3.7/site-packages/airflow/example_dags/example_branch_labels.py
[2022-07-25 13:00:53,862] {processor.py:651} INFO - DAG(s) dict_keys(['example_branch_labels']) retrieved from /home/airflow/.local/lib/python3.7/site-packages/airflow/example_dags/example_branch_labels.py
[2022-07-25 13:00:53,912] {logging_mixin.py:115} INFO - [2022-07-25 13:00:53,912] {dag.py:2379} INFO - Sync 1 DAGs
[2022-07-25 13:00:53,941] {logging_mixin.py:115} INFO - [2022-07-25 13:00:53,941] {dag.py:2931} INFO - Setting next_dagrun for example_branch_labels to 2022-07-24T00:00:00+00:00, run_after=2022-07-25T00:00:00+00:00
[2022-07-25 13:00:53,955] {processor.py:161} INFO - Processing /home/airflow/.local/lib/python3.7/site-packages/airflow/example_dags/example_branch_labels.py took 0.107 seconds
[2022-07-25 13:01:24,594] {processor.py:153} INFO - Started process (PID=862) to work on /home/airflow/.local/lib/python3.7/site-packages/airflow/example_dags/example_branch_labels.py
[2022-07-25 13:01:24,596] {processor.py:641} INFO - Processing file /home/airflow/.local/lib/python3.7/site-packages/airflow/example_dags/example_branch_labels.py for tasks to queue
[2022-07-25 13:01:24,598] {logging_mixin.py:115} INFO - [2022-07-25 13:01:24,598] {dagbag.py:507} INFO - Filling up the DagBag from /home/airflow/.local/lib/python3.7/site-packages/airflow/example_dags/example_branch_labels.py
[2022-07-25 13:01:24,603] {processor.py:651} INFO - DAG(s) dict_keys(['example_branch_labels']) retrieved from /home/airflow/.local/lib/python3.7/site-packages/airflow/example_dags/example_branch_labels.py
[2022-07-25 13:01:24,623] {logging_mixin.py:115} INFO - [2022-07-25 13:01:24,623] {dag.py:2379} INFO - Sync 1 DAGs
[2022-07-25 13:01:24,639] {logging_mixin.py:115} INFO - [2022-07-25 13:01:24,639] {dag.py:2931} INFO - Setting next_dagrun for example_branch_labels to 2022-07-24T00:00:00+00:00, run_after=2022-07-25T00:00:00+00:00
[2022-07-25 13:01:24,651] {processor.py:161} INFO - Processing /home/airflow/.local/lib/python3.7/site-packages/airflow/example_dags/example_branch_labels.py took 0.059 seconds
[2022-07-25 13:01:54,994] {processor.py:153} INFO - Started process (PID=924) to work on /home/airflow/.local/lib/python3.7/site-packages/airflow/example_dags/example_branch_labels.py
[2022-07-25 13:01:54,997] {processor.py:641} INFO - Processing file /home/airflow/.local/lib/python3.7/site-packages/airflow/example_dags/example_branch_labels.py for tasks to queue
[2022-07-25 13:01:54,999] {logging_mixin.py:115} INFO - [2022-07-25 13:01:54,999] {dagbag.py:507} INFO - Filling up the DagBag from /home/airflow/.local/lib/python3.7/site-packages/airflow/example_dags/example_branch_labels.py
[2022-07-25 13:01:55,005] {processor.py:651} INFO - DAG(s) dict_keys(['example_branch_labels']) retrieved from /home/airflow/.local/lib/python3.7/site-packages/airflow/example_dags/example_branch_labels.py
[2022-07-25 13:01:55,038] {logging_mixin.py:115} INFO - [2022-07-25 13:01:55,038] {dag.py:2379} INFO - Sync 1 DAGs
[2022-07-25 13:01:55,062] {logging_mixin.py:115} INFO - [2022-07-25 13:01:55,062] {dag.py:2931} INFO - Setting next_dagrun for example_branch_labels to 2022-07-24T00:00:00+00:00, run_after=2022-07-25T00:00:00+00:00
[2022-07-25 13:01:55,073] {processor.py:161} INFO - Processing /home/airflow/.local/lib/python3.7/site-packages/airflow/example_dags/example_branch_labels.py took 0.081 seconds
