[2022-07-25 12:54:19,247] {processor.py:153} INFO - Started process (PID=69) to work on /home/airflow/.local/lib/python3.7/site-packages/airflow/example_dags/tutorial.py
[2022-07-25 12:54:19,250] {processor.py:641} INFO - Processing file /home/airflow/.local/lib/python3.7/site-packages/airflow/example_dags/tutorial.py for tasks to queue
[2022-07-25 12:54:19,251] {logging_mixin.py:115} INFO - [2022-07-25 12:54:19,251] {dagbag.py:507} INFO - Filling up the DagBag from /home/airflow/.local/lib/python3.7/site-packages/airflow/example_dags/tutorial.py
[2022-07-25 12:54:19,268] {processor.py:651} INFO - DAG(s) dict_keys(['tutorial']) retrieved from /home/airflow/.local/lib/python3.7/site-packages/airflow/example_dags/tutorial.py
[2022-07-25 12:54:19,310] {logging_mixin.py:115} INFO - [2022-07-25 12:54:19,310] {dag.py:2379} INFO - Sync 1 DAGs
[2022-07-25 12:54:19,354] {logging_mixin.py:115} INFO - [2022-07-25 12:54:19,354] {dag.py:2931} INFO - Setting next_dagrun for tutorial to 2022-07-24T12:54:19.354705+00:00, run_after=2022-07-25T12:54:19.354705+00:00
[2022-07-25 12:54:19,368] {processor.py:161} INFO - Processing /home/airflow/.local/lib/python3.7/site-packages/airflow/example_dags/tutorial.py took 0.123 seconds
[2022-07-25 12:54:49,977] {processor.py:153} INFO - Started process (PID=131) to work on /home/airflow/.local/lib/python3.7/site-packages/airflow/example_dags/tutorial.py
[2022-07-25 12:54:49,994] {processor.py:641} INFO - Processing file /home/airflow/.local/lib/python3.7/site-packages/airflow/example_dags/tutorial.py for tasks to queue
[2022-07-25 12:54:49,996] {logging_mixin.py:115} INFO - [2022-07-25 12:54:49,996] {dagbag.py:507} INFO - Filling up the DagBag from /home/airflow/.local/lib/python3.7/site-packages/airflow/example_dags/tutorial.py
[2022-07-25 12:54:50,036] {processor.py:651} INFO - DAG(s) dict_keys(['tutorial']) retrieved from /home/airflow/.local/lib/python3.7/site-packages/airflow/example_dags/tutorial.py
[2022-07-25 12:54:50,104] {logging_mixin.py:115} INFO - [2022-07-25 12:54:50,104] {dag.py:2379} INFO - Sync 1 DAGs
[2022-07-25 12:54:50,149] {logging_mixin.py:115} INFO - [2022-07-25 12:54:50,149] {dag.py:2931} INFO - Setting next_dagrun for tutorial to 2022-07-24T12:54:50.149692+00:00, run_after=2022-07-25T12:54:50.149692+00:00
[2022-07-25 12:54:50,167] {processor.py:161} INFO - Processing /home/airflow/.local/lib/python3.7/site-packages/airflow/example_dags/tutorial.py took 0.208 seconds
[2022-07-25 12:55:20,268] {processor.py:153} INFO - Started process (PID=181) to work on /home/airflow/.local/lib/python3.7/site-packages/airflow/example_dags/tutorial.py
[2022-07-25 12:55:20,269] {processor.py:641} INFO - Processing file /home/airflow/.local/lib/python3.7/site-packages/airflow/example_dags/tutorial.py for tasks to queue
[2022-07-25 12:55:20,271] {logging_mixin.py:115} INFO - [2022-07-25 12:55:20,271] {dagbag.py:507} INFO - Filling up the DagBag from /home/airflow/.local/lib/python3.7/site-packages/airflow/example_dags/tutorial.py
[2022-07-25 12:55:20,279] {processor.py:651} INFO - DAG(s) dict_keys(['tutorial']) retrieved from /home/airflow/.local/lib/python3.7/site-packages/airflow/example_dags/tutorial.py
[2022-07-25 12:55:20,317] {logging_mixin.py:115} INFO - [2022-07-25 12:55:20,317] {dag.py:2379} INFO - Sync 1 DAGs
[2022-07-25 12:55:20,352] {logging_mixin.py:115} INFO - [2022-07-25 12:55:20,352] {dag.py:2931} INFO - Setting next_dagrun for tutorial to 2022-07-24T12:55:20.351898+00:00, run_after=2022-07-25T12:55:20.351898+00:00
[2022-07-25 12:55:20,377] {processor.py:161} INFO - Processing /home/airflow/.local/lib/python3.7/site-packages/airflow/example_dags/tutorial.py took 0.112 seconds
[2022-07-25 12:55:50,743] {processor.py:153} INFO - Started process (PID=243) to work on /home/airflow/.local/lib/python3.7/site-packages/airflow/example_dags/tutorial.py
[2022-07-25 12:55:50,745] {processor.py:641} INFO - Processing file /home/airflow/.local/lib/python3.7/site-packages/airflow/example_dags/tutorial.py for tasks to queue
[2022-07-25 12:55:50,748] {logging_mixin.py:115} INFO - [2022-07-25 12:55:50,748] {dagbag.py:507} INFO - Filling up the DagBag from /home/airflow/.local/lib/python3.7/site-packages/airflow/example_dags/tutorial.py
[2022-07-25 12:55:50,796] {processor.py:651} INFO - DAG(s) dict_keys(['tutorial']) retrieved from /home/airflow/.local/lib/python3.7/site-packages/airflow/example_dags/tutorial.py
[2022-07-25 12:55:50,862] {logging_mixin.py:115} INFO - [2022-07-25 12:55:50,862] {dag.py:2379} INFO - Sync 1 DAGs
[2022-07-25 12:55:50,899] {logging_mixin.py:115} INFO - [2022-07-25 12:55:50,899] {dag.py:2931} INFO - Setting next_dagrun for tutorial to 2022-07-24T12:55:50.899640+00:00, run_after=2022-07-25T12:55:50.899640+00:00
[2022-07-25 12:55:50,926] {processor.py:161} INFO - Processing /home/airflow/.local/lib/python3.7/site-packages/airflow/example_dags/tutorial.py took 0.186 seconds
[2022-07-25 12:56:21,424] {processor.py:153} INFO - Started process (PID=295) to work on /home/airflow/.local/lib/python3.7/site-packages/airflow/example_dags/tutorial.py
[2022-07-25 12:56:21,428] {processor.py:641} INFO - Processing file /home/airflow/.local/lib/python3.7/site-packages/airflow/example_dags/tutorial.py for tasks to queue
[2022-07-25 12:56:21,431] {logging_mixin.py:115} INFO - [2022-07-25 12:56:21,431] {dagbag.py:507} INFO - Filling up the DagBag from /home/airflow/.local/lib/python3.7/site-packages/airflow/example_dags/tutorial.py
[2022-07-25 12:56:21,449] {processor.py:651} INFO - DAG(s) dict_keys(['tutorial']) retrieved from /home/airflow/.local/lib/python3.7/site-packages/airflow/example_dags/tutorial.py
[2022-07-25 12:56:21,481] {logging_mixin.py:115} INFO - [2022-07-25 12:56:21,481] {dag.py:2379} INFO - Sync 1 DAGs
[2022-07-25 12:56:21,516] {logging_mixin.py:115} INFO - [2022-07-25 12:56:21,516] {dag.py:2931} INFO - Setting next_dagrun for tutorial to 2022-07-24T12:56:21.516606+00:00, run_after=2022-07-25T12:56:21.516606+00:00
[2022-07-25 12:56:21,536] {processor.py:161} INFO - Processing /home/airflow/.local/lib/python3.7/site-packages/airflow/example_dags/tutorial.py took 0.114 seconds
[2022-07-25 12:56:51,812] {processor.py:153} INFO - Started process (PID=357) to work on /home/airflow/.local/lib/python3.7/site-packages/airflow/example_dags/tutorial.py
[2022-07-25 12:56:51,816] {processor.py:641} INFO - Processing file /home/airflow/.local/lib/python3.7/site-packages/airflow/example_dags/tutorial.py for tasks to queue
[2022-07-25 12:56:51,819] {logging_mixin.py:115} INFO - [2022-07-25 12:56:51,819] {dagbag.py:507} INFO - Filling up the DagBag from /home/airflow/.local/lib/python3.7/site-packages/airflow/example_dags/tutorial.py
[2022-07-25 12:56:51,848] {processor.py:651} INFO - DAG(s) dict_keys(['tutorial']) retrieved from /home/airflow/.local/lib/python3.7/site-packages/airflow/example_dags/tutorial.py
[2022-07-25 12:56:51,899] {logging_mixin.py:115} INFO - [2022-07-25 12:56:51,898] {dag.py:2379} INFO - Sync 1 DAGs
[2022-07-25 12:56:51,950] {logging_mixin.py:115} INFO - [2022-07-25 12:56:51,950] {dag.py:2931} INFO - Setting next_dagrun for tutorial to 2022-07-24T12:56:51.950355+00:00, run_after=2022-07-25T12:56:51.950355+00:00
[2022-07-25 12:56:51,967] {processor.py:161} INFO - Processing /home/airflow/.local/lib/python3.7/site-packages/airflow/example_dags/tutorial.py took 0.157 seconds
[2022-07-25 12:57:22,322] {processor.py:153} INFO - Started process (PID=417) to work on /home/airflow/.local/lib/python3.7/site-packages/airflow/example_dags/tutorial.py
[2022-07-25 12:57:22,327] {processor.py:641} INFO - Processing file /home/airflow/.local/lib/python3.7/site-packages/airflow/example_dags/tutorial.py for tasks to queue
[2022-07-25 12:57:22,332] {logging_mixin.py:115} INFO - [2022-07-25 12:57:22,332] {dagbag.py:507} INFO - Filling up the DagBag from /home/airflow/.local/lib/python3.7/site-packages/airflow/example_dags/tutorial.py
[2022-07-25 12:57:22,353] {processor.py:651} INFO - DAG(s) dict_keys(['tutorial']) retrieved from /home/airflow/.local/lib/python3.7/site-packages/airflow/example_dags/tutorial.py
[2022-07-25 12:57:22,410] {logging_mixin.py:115} INFO - [2022-07-25 12:57:22,410] {dag.py:2379} INFO - Sync 1 DAGs
[2022-07-25 12:57:22,443] {logging_mixin.py:115} INFO - [2022-07-25 12:57:22,443] {dag.py:2931} INFO - Setting next_dagrun for tutorial to 2022-07-24T12:57:22.443283+00:00, run_after=2022-07-25T12:57:22.443283+00:00
[2022-07-25 12:57:22,470] {processor.py:161} INFO - Processing /home/airflow/.local/lib/python3.7/site-packages/airflow/example_dags/tutorial.py took 0.150 seconds
[2022-07-25 12:57:53,739] {processor.py:153} INFO - Started process (PID=477) to work on /home/airflow/.local/lib/python3.7/site-packages/airflow/example_dags/tutorial.py
[2022-07-25 12:57:53,741] {processor.py:641} INFO - Processing file /home/airflow/.local/lib/python3.7/site-packages/airflow/example_dags/tutorial.py for tasks to queue
[2022-07-25 12:57:53,747] {logging_mixin.py:115} INFO - [2022-07-25 12:57:53,747] {dagbag.py:507} INFO - Filling up the DagBag from /home/airflow/.local/lib/python3.7/site-packages/airflow/example_dags/tutorial.py
[2022-07-25 12:57:53,778] {processor.py:651} INFO - DAG(s) dict_keys(['tutorial']) retrieved from /home/airflow/.local/lib/python3.7/site-packages/airflow/example_dags/tutorial.py
[2022-07-25 12:57:53,819] {logging_mixin.py:115} INFO - [2022-07-25 12:57:53,818] {dag.py:2379} INFO - Sync 1 DAGs
[2022-07-25 12:57:53,870] {logging_mixin.py:115} INFO - [2022-07-25 12:57:53,870] {dag.py:2931} INFO - Setting next_dagrun for tutorial to 2022-07-24T12:57:53.870154+00:00, run_after=2022-07-25T12:57:53.870154+00:00
[2022-07-25 12:57:53,894] {processor.py:161} INFO - Processing /home/airflow/.local/lib/python3.7/site-packages/airflow/example_dags/tutorial.py took 0.157 seconds
[2022-07-25 12:58:24,475] {processor.py:153} INFO - Started process (PID=532) to work on /home/airflow/.local/lib/python3.7/site-packages/airflow/example_dags/tutorial.py
[2022-07-25 12:58:24,477] {processor.py:641} INFO - Processing file /home/airflow/.local/lib/python3.7/site-packages/airflow/example_dags/tutorial.py for tasks to queue
[2022-07-25 12:58:24,480] {logging_mixin.py:115} INFO - [2022-07-25 12:58:24,480] {dagbag.py:507} INFO - Filling up the DagBag from /home/airflow/.local/lib/python3.7/site-packages/airflow/example_dags/tutorial.py
[2022-07-25 12:58:24,488] {processor.py:651} INFO - DAG(s) dict_keys(['tutorial']) retrieved from /home/airflow/.local/lib/python3.7/site-packages/airflow/example_dags/tutorial.py
[2022-07-25 12:58:24,522] {logging_mixin.py:115} INFO - [2022-07-25 12:58:24,522] {dag.py:2379} INFO - Sync 1 DAGs
[2022-07-25 12:58:24,548] {logging_mixin.py:115} INFO - [2022-07-25 12:58:24,548] {dag.py:2931} INFO - Setting next_dagrun for tutorial to 2022-07-24T12:58:24.548364+00:00, run_after=2022-07-25T12:58:24.548364+00:00
[2022-07-25 12:58:24,562] {processor.py:161} INFO - Processing /home/airflow/.local/lib/python3.7/site-packages/airflow/example_dags/tutorial.py took 0.090 seconds
[2022-07-25 12:58:55,121] {processor.py:153} INFO - Started process (PID=592) to work on /home/airflow/.local/lib/python3.7/site-packages/airflow/example_dags/tutorial.py
[2022-07-25 12:58:55,123] {processor.py:641} INFO - Processing file /home/airflow/.local/lib/python3.7/site-packages/airflow/example_dags/tutorial.py for tasks to queue
[2022-07-25 12:58:55,125] {logging_mixin.py:115} INFO - [2022-07-25 12:58:55,125] {dagbag.py:507} INFO - Filling up the DagBag from /home/airflow/.local/lib/python3.7/site-packages/airflow/example_dags/tutorial.py
[2022-07-25 12:58:55,136] {processor.py:651} INFO - DAG(s) dict_keys(['tutorial']) retrieved from /home/airflow/.local/lib/python3.7/site-packages/airflow/example_dags/tutorial.py
[2022-07-25 12:58:55,158] {logging_mixin.py:115} INFO - [2022-07-25 12:58:55,157] {dag.py:2379} INFO - Sync 1 DAGs
[2022-07-25 12:58:55,174] {logging_mixin.py:115} INFO - [2022-07-25 12:58:55,174] {dag.py:2931} INFO - Setting next_dagrun for tutorial to 2022-07-24T12:58:55.174044+00:00, run_after=2022-07-25T12:58:55.174044+00:00
[2022-07-25 12:58:55,185] {processor.py:161} INFO - Processing /home/airflow/.local/lib/python3.7/site-packages/airflow/example_dags/tutorial.py took 0.066 seconds
[2022-07-25 12:59:26,077] {processor.py:153} INFO - Started process (PID=654) to work on /home/airflow/.local/lib/python3.7/site-packages/airflow/example_dags/tutorial.py
[2022-07-25 12:59:26,078] {processor.py:641} INFO - Processing file /home/airflow/.local/lib/python3.7/site-packages/airflow/example_dags/tutorial.py for tasks to queue
[2022-07-25 12:59:26,080] {logging_mixin.py:115} INFO - [2022-07-25 12:59:26,079] {dagbag.py:507} INFO - Filling up the DagBag from /home/airflow/.local/lib/python3.7/site-packages/airflow/example_dags/tutorial.py
[2022-07-25 12:59:26,089] {processor.py:651} INFO - DAG(s) dict_keys(['tutorial']) retrieved from /home/airflow/.local/lib/python3.7/site-packages/airflow/example_dags/tutorial.py
[2022-07-25 12:59:26,125] {logging_mixin.py:115} INFO - [2022-07-25 12:59:26,125] {dag.py:2379} INFO - Sync 1 DAGs
[2022-07-25 12:59:26,168] {logging_mixin.py:115} INFO - [2022-07-25 12:59:26,168] {dag.py:2931} INFO - Setting next_dagrun for tutorial to 2022-07-24T12:59:26.168058+00:00, run_after=2022-07-25T12:59:26.168058+00:00
[2022-07-25 12:59:26,182] {processor.py:161} INFO - Processing /home/airflow/.local/lib/python3.7/site-packages/airflow/example_dags/tutorial.py took 0.108 seconds
[2022-07-25 12:59:56,812] {processor.py:153} INFO - Started process (PID=706) to work on /home/airflow/.local/lib/python3.7/site-packages/airflow/example_dags/tutorial.py
[2022-07-25 12:59:56,817] {processor.py:641} INFO - Processing file /home/airflow/.local/lib/python3.7/site-packages/airflow/example_dags/tutorial.py for tasks to queue
[2022-07-25 12:59:56,820] {logging_mixin.py:115} INFO - [2022-07-25 12:59:56,820] {dagbag.py:507} INFO - Filling up the DagBag from /home/airflow/.local/lib/python3.7/site-packages/airflow/example_dags/tutorial.py
[2022-07-25 12:59:56,827] {processor.py:651} INFO - DAG(s) dict_keys(['tutorial']) retrieved from /home/airflow/.local/lib/python3.7/site-packages/airflow/example_dags/tutorial.py
[2022-07-25 12:59:56,868] {logging_mixin.py:115} INFO - [2022-07-25 12:59:56,868] {dag.py:2379} INFO - Sync 1 DAGs
[2022-07-25 12:59:56,889] {logging_mixin.py:115} INFO - [2022-07-25 12:59:56,889] {dag.py:2931} INFO - Setting next_dagrun for tutorial to 2022-07-24T12:59:56.889328+00:00, run_after=2022-07-25T12:59:56.889328+00:00
[2022-07-25 12:59:56,902] {processor.py:161} INFO - Processing /home/airflow/.local/lib/python3.7/site-packages/airflow/example_dags/tutorial.py took 0.093 seconds
[2022-07-25 13:00:27,769] {processor.py:153} INFO - Started process (PID=768) to work on /home/airflow/.local/lib/python3.7/site-packages/airflow/example_dags/tutorial.py
[2022-07-25 13:00:27,770] {processor.py:641} INFO - Processing file /home/airflow/.local/lib/python3.7/site-packages/airflow/example_dags/tutorial.py for tasks to queue
[2022-07-25 13:00:27,773] {logging_mixin.py:115} INFO - [2022-07-25 13:00:27,773] {dagbag.py:507} INFO - Filling up the DagBag from /home/airflow/.local/lib/python3.7/site-packages/airflow/example_dags/tutorial.py
[2022-07-25 13:00:27,784] {processor.py:651} INFO - DAG(s) dict_keys(['tutorial']) retrieved from /home/airflow/.local/lib/python3.7/site-packages/airflow/example_dags/tutorial.py
[2022-07-25 13:00:27,803] {logging_mixin.py:115} INFO - [2022-07-25 13:00:27,803] {dag.py:2379} INFO - Sync 1 DAGs
[2022-07-25 13:00:27,838] {logging_mixin.py:115} INFO - [2022-07-25 13:00:27,838] {dag.py:2931} INFO - Setting next_dagrun for tutorial to 2022-07-24T13:00:27.837996+00:00, run_after=2022-07-25T13:00:27.837996+00:00
[2022-07-25 13:00:27,853] {processor.py:161} INFO - Processing /home/airflow/.local/lib/python3.7/site-packages/airflow/example_dags/tutorial.py took 0.087 seconds
[2022-07-25 13:00:58,529] {processor.py:153} INFO - Started process (PID=828) to work on /home/airflow/.local/lib/python3.7/site-packages/airflow/example_dags/tutorial.py
[2022-07-25 13:00:58,532] {processor.py:641} INFO - Processing file /home/airflow/.local/lib/python3.7/site-packages/airflow/example_dags/tutorial.py for tasks to queue
[2022-07-25 13:00:58,534] {logging_mixin.py:115} INFO - [2022-07-25 13:00:58,534] {dagbag.py:507} INFO - Filling up the DagBag from /home/airflow/.local/lib/python3.7/site-packages/airflow/example_dags/tutorial.py
[2022-07-25 13:00:58,542] {processor.py:651} INFO - DAG(s) dict_keys(['tutorial']) retrieved from /home/airflow/.local/lib/python3.7/site-packages/airflow/example_dags/tutorial.py
[2022-07-25 13:00:58,597] {logging_mixin.py:115} INFO - [2022-07-25 13:00:58,597] {dag.py:2379} INFO - Sync 1 DAGs
[2022-07-25 13:00:58,624] {logging_mixin.py:115} INFO - [2022-07-25 13:00:58,624] {dag.py:2931} INFO - Setting next_dagrun for tutorial to 2022-07-24T13:00:58.624619+00:00, run_after=2022-07-25T13:00:58.624619+00:00
[2022-07-25 13:00:58,644] {processor.py:161} INFO - Processing /home/airflow/.local/lib/python3.7/site-packages/airflow/example_dags/tutorial.py took 0.118 seconds
[2022-07-25 13:01:29,243] {processor.py:153} INFO - Started process (PID=891) to work on /home/airflow/.local/lib/python3.7/site-packages/airflow/example_dags/tutorial.py
[2022-07-25 13:01:29,245] {processor.py:641} INFO - Processing file /home/airflow/.local/lib/python3.7/site-packages/airflow/example_dags/tutorial.py for tasks to queue
[2022-07-25 13:01:29,246] {logging_mixin.py:115} INFO - [2022-07-25 13:01:29,246] {dagbag.py:507} INFO - Filling up the DagBag from /home/airflow/.local/lib/python3.7/site-packages/airflow/example_dags/tutorial.py
[2022-07-25 13:01:29,252] {processor.py:651} INFO - DAG(s) dict_keys(['tutorial']) retrieved from /home/airflow/.local/lib/python3.7/site-packages/airflow/example_dags/tutorial.py
[2022-07-25 13:01:29,271] {logging_mixin.py:115} INFO - [2022-07-25 13:01:29,271] {dag.py:2379} INFO - Sync 1 DAGs
[2022-07-25 13:01:29,286] {logging_mixin.py:115} INFO - [2022-07-25 13:01:29,286] {dag.py:2931} INFO - Setting next_dagrun for tutorial to 2022-07-24T13:01:29.286417+00:00, run_after=2022-07-25T13:01:29.286417+00:00
[2022-07-25 13:01:29,295] {processor.py:161} INFO - Processing /home/airflow/.local/lib/python3.7/site-packages/airflow/example_dags/tutorial.py took 0.054 seconds
[2022-07-25 13:01:59,756] {processor.py:153} INFO - Started process (PID=953) to work on /home/airflow/.local/lib/python3.7/site-packages/airflow/example_dags/tutorial.py
[2022-07-25 13:01:59,758] {processor.py:641} INFO - Processing file /home/airflow/.local/lib/python3.7/site-packages/airflow/example_dags/tutorial.py for tasks to queue
[2022-07-25 13:01:59,759] {logging_mixin.py:115} INFO - [2022-07-25 13:01:59,759] {dagbag.py:507} INFO - Filling up the DagBag from /home/airflow/.local/lib/python3.7/site-packages/airflow/example_dags/tutorial.py
[2022-07-25 13:01:59,764] {processor.py:651} INFO - DAG(s) dict_keys(['tutorial']) retrieved from /home/airflow/.local/lib/python3.7/site-packages/airflow/example_dags/tutorial.py
[2022-07-25 13:01:59,816] {logging_mixin.py:115} INFO - [2022-07-25 13:01:59,816] {dag.py:2379} INFO - Sync 1 DAGs
[2022-07-25 13:01:59,847] {logging_mixin.py:115} INFO - [2022-07-25 13:01:59,847] {dag.py:2931} INFO - Setting next_dagrun for tutorial to 2022-07-24T13:01:59.847179+00:00, run_after=2022-07-25T13:01:59.847179+00:00
[2022-07-25 13:01:59,865] {processor.py:161} INFO - Processing /home/airflow/.local/lib/python3.7/site-packages/airflow/example_dags/tutorial.py took 0.111 seconds
