[2022-08-03 07:59:13,678] {processor.py:153} INFO - Started process (PID=62) to work on /home/airflow/.local/lib/python3.7/site-packages/airflow/example_dags/example_dag_decorator.py
[2022-08-03 07:59:13,684] {processor.py:641} INFO - Processing file /home/airflow/.local/lib/python3.7/site-packages/airflow/example_dags/example_dag_decorator.py for tasks to queue
[2022-08-03 07:59:13,688] {logging_mixin.py:115} INFO - [2022-08-03 07:59:13,687] {dagbag.py:507} INFO - Filling up the DagBag from /home/airflow/.local/lib/python3.7/site-packages/airflow/example_dags/example_dag_decorator.py
[2022-08-03 07:59:13,819] {processor.py:651} INFO - DAG(s) dict_keys(['example_dag_decorator']) retrieved from /home/airflow/.local/lib/python3.7/site-packages/airflow/example_dags/example_dag_decorator.py
[2022-08-03 07:59:14,053] {logging_mixin.py:115} INFO - [2022-08-03 07:59:14,053] {dag.py:2379} INFO - Sync 1 DAGs
[2022-08-03 07:59:14,106] {logging_mixin.py:115} INFO - [2022-08-03 07:59:14,106] {dag.py:2931} INFO - Setting next_dagrun for example_dag_decorator to None, run_after=None
[2022-08-03 07:59:14,546] {processor.py:161} INFO - Processing /home/airflow/.local/lib/python3.7/site-packages/airflow/example_dags/example_dag_decorator.py took 0.876 seconds
[2022-08-03 07:59:44,914] {processor.py:153} INFO - Started process (PID=116) to work on /home/airflow/.local/lib/python3.7/site-packages/airflow/example_dags/example_dag_decorator.py
[2022-08-03 07:59:44,917] {processor.py:641} INFO - Processing file /home/airflow/.local/lib/python3.7/site-packages/airflow/example_dags/example_dag_decorator.py for tasks to queue
[2022-08-03 07:59:44,918] {logging_mixin.py:115} INFO - [2022-08-03 07:59:44,918] {dagbag.py:507} INFO - Filling up the DagBag from /home/airflow/.local/lib/python3.7/site-packages/airflow/example_dags/example_dag_decorator.py
[2022-08-03 07:59:44,953] {processor.py:651} INFO - DAG(s) dict_keys(['example_dag_decorator']) retrieved from /home/airflow/.local/lib/python3.7/site-packages/airflow/example_dags/example_dag_decorator.py
[2022-08-03 07:59:45,029] {logging_mixin.py:115} INFO - [2022-08-03 07:59:45,029] {dag.py:2379} INFO - Sync 1 DAGs
[2022-08-03 07:59:45,229] {logging_mixin.py:115} INFO - [2022-08-03 07:59:45,229] {dag.py:2931} INFO - Setting next_dagrun for example_dag_decorator to None, run_after=None
[2022-08-03 07:59:45,242] {processor.py:161} INFO - Processing /home/airflow/.local/lib/python3.7/site-packages/airflow/example_dags/example_dag_decorator.py took 0.330 seconds
[2022-08-03 12:46:12,155] {processor.py:153} INFO - Started process (PID=65) to work on /home/airflow/.local/lib/python3.7/site-packages/airflow/example_dags/example_dag_decorator.py
[2022-08-03 12:46:12,162] {processor.py:641} INFO - Processing file /home/airflow/.local/lib/python3.7/site-packages/airflow/example_dags/example_dag_decorator.py for tasks to queue
[2022-08-03 12:46:12,180] {logging_mixin.py:115} INFO - [2022-08-03 12:46:12,180] {dagbag.py:507} INFO - Filling up the DagBag from /home/airflow/.local/lib/python3.7/site-packages/airflow/example_dags/example_dag_decorator.py
[2022-08-03 12:46:12,318] {processor.py:651} INFO - DAG(s) dict_keys(['example_dag_decorator']) retrieved from /home/airflow/.local/lib/python3.7/site-packages/airflow/example_dags/example_dag_decorator.py
[2022-08-03 12:46:12,580] {logging_mixin.py:115} INFO - [2022-08-03 12:46:12,580] {dag.py:2379} INFO - Sync 1 DAGs
[2022-08-03 12:46:12,677] {logging_mixin.py:115} INFO - [2022-08-03 12:46:12,676] {dag.py:2931} INFO - Setting next_dagrun for example_dag_decorator to None, run_after=None
[2022-08-03 12:46:13,305] {processor.py:161} INFO - Processing /home/airflow/.local/lib/python3.7/site-packages/airflow/example_dags/example_dag_decorator.py took 1.152 seconds
[2022-08-03 12:46:43,565] {processor.py:153} INFO - Started process (PID=118) to work on /home/airflow/.local/lib/python3.7/site-packages/airflow/example_dags/example_dag_decorator.py
[2022-08-03 12:46:43,574] {processor.py:641} INFO - Processing file /home/airflow/.local/lib/python3.7/site-packages/airflow/example_dags/example_dag_decorator.py for tasks to queue
[2022-08-03 12:46:43,578] {logging_mixin.py:115} INFO - [2022-08-03 12:46:43,578] {dagbag.py:507} INFO - Filling up the DagBag from /home/airflow/.local/lib/python3.7/site-packages/airflow/example_dags/example_dag_decorator.py
[2022-08-03 12:46:43,615] {processor.py:651} INFO - DAG(s) dict_keys(['example_dag_decorator']) retrieved from /home/airflow/.local/lib/python3.7/site-packages/airflow/example_dags/example_dag_decorator.py
[2022-08-03 12:46:43,739] {logging_mixin.py:115} INFO - [2022-08-03 12:46:43,738] {dag.py:2379} INFO - Sync 1 DAGs
[2022-08-03 12:46:43,868] {logging_mixin.py:115} INFO - [2022-08-03 12:46:43,868] {dag.py:2931} INFO - Setting next_dagrun for example_dag_decorator to None, run_after=None
[2022-08-03 12:46:43,880] {processor.py:161} INFO - Processing /home/airflow/.local/lib/python3.7/site-packages/airflow/example_dags/example_dag_decorator.py took 0.317 seconds
[2022-08-03 12:47:14,401] {processor.py:153} INFO - Started process (PID=180) to work on /home/airflow/.local/lib/python3.7/site-packages/airflow/example_dags/example_dag_decorator.py
[2022-08-03 12:47:14,403] {processor.py:641} INFO - Processing file /home/airflow/.local/lib/python3.7/site-packages/airflow/example_dags/example_dag_decorator.py for tasks to queue
[2022-08-03 12:47:14,404] {logging_mixin.py:115} INFO - [2022-08-03 12:47:14,404] {dagbag.py:507} INFO - Filling up the DagBag from /home/airflow/.local/lib/python3.7/site-packages/airflow/example_dags/example_dag_decorator.py
[2022-08-03 12:47:14,443] {processor.py:651} INFO - DAG(s) dict_keys(['example_dag_decorator']) retrieved from /home/airflow/.local/lib/python3.7/site-packages/airflow/example_dags/example_dag_decorator.py
[2022-08-03 12:47:14,502] {logging_mixin.py:115} INFO - [2022-08-03 12:47:14,502] {dag.py:2379} INFO - Sync 1 DAGs
[2022-08-03 12:47:14,674] {logging_mixin.py:115} INFO - [2022-08-03 12:47:14,674] {dag.py:2931} INFO - Setting next_dagrun for example_dag_decorator to None, run_after=None
[2022-08-03 12:47:14,688] {processor.py:161} INFO - Processing /home/airflow/.local/lib/python3.7/site-packages/airflow/example_dags/example_dag_decorator.py took 0.290 seconds
[2022-08-03 12:47:45,224] {processor.py:153} INFO - Started process (PID=241) to work on /home/airflow/.local/lib/python3.7/site-packages/airflow/example_dags/example_dag_decorator.py
[2022-08-03 12:47:45,226] {processor.py:641} INFO - Processing file /home/airflow/.local/lib/python3.7/site-packages/airflow/example_dags/example_dag_decorator.py for tasks to queue
[2022-08-03 12:47:45,229] {logging_mixin.py:115} INFO - [2022-08-03 12:47:45,229] {dagbag.py:507} INFO - Filling up the DagBag from /home/airflow/.local/lib/python3.7/site-packages/airflow/example_dags/example_dag_decorator.py
[2022-08-03 12:47:45,266] {processor.py:651} INFO - DAG(s) dict_keys(['example_dag_decorator']) retrieved from /home/airflow/.local/lib/python3.7/site-packages/airflow/example_dags/example_dag_decorator.py
[2022-08-03 12:47:45,351] {logging_mixin.py:115} INFO - [2022-08-03 12:47:45,351] {dag.py:2379} INFO - Sync 1 DAGs
[2022-08-03 12:47:45,524] {logging_mixin.py:115} INFO - [2022-08-03 12:47:45,524] {dag.py:2931} INFO - Setting next_dagrun for example_dag_decorator to None, run_after=None
[2022-08-03 12:47:45,537] {processor.py:161} INFO - Processing /home/airflow/.local/lib/python3.7/site-packages/airflow/example_dags/example_dag_decorator.py took 0.315 seconds
[2022-08-03 12:48:15,641] {processor.py:153} INFO - Started process (PID=293) to work on /home/airflow/.local/lib/python3.7/site-packages/airflow/example_dags/example_dag_decorator.py
[2022-08-03 12:48:15,643] {processor.py:641} INFO - Processing file /home/airflow/.local/lib/python3.7/site-packages/airflow/example_dags/example_dag_decorator.py for tasks to queue
[2022-08-03 12:48:15,645] {logging_mixin.py:115} INFO - [2022-08-03 12:48:15,645] {dagbag.py:507} INFO - Filling up the DagBag from /home/airflow/.local/lib/python3.7/site-packages/airflow/example_dags/example_dag_decorator.py
[2022-08-03 12:48:15,676] {processor.py:651} INFO - DAG(s) dict_keys(['example_dag_decorator']) retrieved from /home/airflow/.local/lib/python3.7/site-packages/airflow/example_dags/example_dag_decorator.py
[2022-08-03 12:48:15,801] {logging_mixin.py:115} INFO - [2022-08-03 12:48:15,801] {dag.py:2379} INFO - Sync 1 DAGs
[2022-08-03 12:48:16,028] {logging_mixin.py:115} INFO - [2022-08-03 12:48:16,028] {dag.py:2931} INFO - Setting next_dagrun for example_dag_decorator to None, run_after=None
[2022-08-03 12:48:16,049] {processor.py:161} INFO - Processing /home/airflow/.local/lib/python3.7/site-packages/airflow/example_dags/example_dag_decorator.py took 0.410 seconds
[2022-08-03 12:48:46,791] {processor.py:153} INFO - Started process (PID=354) to work on /home/airflow/.local/lib/python3.7/site-packages/airflow/example_dags/example_dag_decorator.py
[2022-08-03 12:48:46,792] {processor.py:641} INFO - Processing file /home/airflow/.local/lib/python3.7/site-packages/airflow/example_dags/example_dag_decorator.py for tasks to queue
[2022-08-03 12:48:46,795] {logging_mixin.py:115} INFO - [2022-08-03 12:48:46,795] {dagbag.py:507} INFO - Filling up the DagBag from /home/airflow/.local/lib/python3.7/site-packages/airflow/example_dags/example_dag_decorator.py
[2022-08-03 12:48:46,825] {processor.py:651} INFO - DAG(s) dict_keys(['example_dag_decorator']) retrieved from /home/airflow/.local/lib/python3.7/site-packages/airflow/example_dags/example_dag_decorator.py
[2022-08-03 12:48:46,892] {logging_mixin.py:115} INFO - [2022-08-03 12:48:46,892] {dag.py:2379} INFO - Sync 1 DAGs
[2022-08-03 12:48:47,064] {logging_mixin.py:115} INFO - [2022-08-03 12:48:47,064] {dag.py:2931} INFO - Setting next_dagrun for example_dag_decorator to None, run_after=None
[2022-08-03 12:48:47,079] {processor.py:161} INFO - Processing /home/airflow/.local/lib/python3.7/site-packages/airflow/example_dags/example_dag_decorator.py took 0.291 seconds
[2022-08-03 12:49:17,888] {processor.py:153} INFO - Started process (PID=415) to work on /home/airflow/.local/lib/python3.7/site-packages/airflow/example_dags/example_dag_decorator.py
[2022-08-03 12:49:17,891] {processor.py:641} INFO - Processing file /home/airflow/.local/lib/python3.7/site-packages/airflow/example_dags/example_dag_decorator.py for tasks to queue
[2022-08-03 12:49:17,892] {logging_mixin.py:115} INFO - [2022-08-03 12:49:17,892] {dagbag.py:507} INFO - Filling up the DagBag from /home/airflow/.local/lib/python3.7/site-packages/airflow/example_dags/example_dag_decorator.py
[2022-08-03 12:49:17,936] {processor.py:651} INFO - DAG(s) dict_keys(['example_dag_decorator']) retrieved from /home/airflow/.local/lib/python3.7/site-packages/airflow/example_dags/example_dag_decorator.py
[2022-08-03 12:49:18,066] {logging_mixin.py:115} INFO - [2022-08-03 12:49:18,066] {dag.py:2379} INFO - Sync 1 DAGs
[2022-08-03 12:49:18,316] {logging_mixin.py:115} INFO - [2022-08-03 12:49:18,316] {dag.py:2931} INFO - Setting next_dagrun for example_dag_decorator to None, run_after=None
[2022-08-03 12:49:18,330] {processor.py:161} INFO - Processing /home/airflow/.local/lib/python3.7/site-packages/airflow/example_dags/example_dag_decorator.py took 0.445 seconds
[2022-08-03 12:49:48,903] {processor.py:153} INFO - Started process (PID=476) to work on /home/airflow/.local/lib/python3.7/site-packages/airflow/example_dags/example_dag_decorator.py
[2022-08-03 12:49:48,905] {processor.py:641} INFO - Processing file /home/airflow/.local/lib/python3.7/site-packages/airflow/example_dags/example_dag_decorator.py for tasks to queue
[2022-08-03 12:49:48,907] {logging_mixin.py:115} INFO - [2022-08-03 12:49:48,907] {dagbag.py:507} INFO - Filling up the DagBag from /home/airflow/.local/lib/python3.7/site-packages/airflow/example_dags/example_dag_decorator.py
[2022-08-03 12:49:48,933] {processor.py:651} INFO - DAG(s) dict_keys(['example_dag_decorator']) retrieved from /home/airflow/.local/lib/python3.7/site-packages/airflow/example_dags/example_dag_decorator.py
[2022-08-03 12:49:49,018] {logging_mixin.py:115} INFO - [2022-08-03 12:49:49,018] {dag.py:2379} INFO - Sync 1 DAGs
[2022-08-03 12:49:49,199] {logging_mixin.py:115} INFO - [2022-08-03 12:49:49,199] {dag.py:2931} INFO - Setting next_dagrun for example_dag_decorator to None, run_after=None
[2022-08-03 12:49:49,211] {processor.py:161} INFO - Processing /home/airflow/.local/lib/python3.7/site-packages/airflow/example_dags/example_dag_decorator.py took 0.311 seconds
[2022-08-03 12:50:19,632] {processor.py:153} INFO - Started process (PID=536) to work on /home/airflow/.local/lib/python3.7/site-packages/airflow/example_dags/example_dag_decorator.py
[2022-08-03 12:50:19,633] {processor.py:641} INFO - Processing file /home/airflow/.local/lib/python3.7/site-packages/airflow/example_dags/example_dag_decorator.py for tasks to queue
[2022-08-03 12:50:19,635] {logging_mixin.py:115} INFO - [2022-08-03 12:50:19,635] {dagbag.py:507} INFO - Filling up the DagBag from /home/airflow/.local/lib/python3.7/site-packages/airflow/example_dags/example_dag_decorator.py
[2022-08-03 12:50:19,666] {processor.py:651} INFO - DAG(s) dict_keys(['example_dag_decorator']) retrieved from /home/airflow/.local/lib/python3.7/site-packages/airflow/example_dags/example_dag_decorator.py
[2022-08-03 12:50:19,773] {logging_mixin.py:115} INFO - [2022-08-03 12:50:19,773] {dag.py:2379} INFO - Sync 1 DAGs
[2022-08-03 12:50:20,057] {logging_mixin.py:115} INFO - [2022-08-03 12:50:20,057] {dag.py:2931} INFO - Setting next_dagrun for example_dag_decorator to None, run_after=None
[2022-08-03 12:50:20,069] {processor.py:161} INFO - Processing /home/airflow/.local/lib/python3.7/site-packages/airflow/example_dags/example_dag_decorator.py took 0.441 seconds
[2022-08-03 12:50:50,253] {processor.py:153} INFO - Started process (PID=589) to work on /home/airflow/.local/lib/python3.7/site-packages/airflow/example_dags/example_dag_decorator.py
[2022-08-03 12:50:50,255] {processor.py:641} INFO - Processing file /home/airflow/.local/lib/python3.7/site-packages/airflow/example_dags/example_dag_decorator.py for tasks to queue
[2022-08-03 12:50:50,257] {logging_mixin.py:115} INFO - [2022-08-03 12:50:50,257] {dagbag.py:507} INFO - Filling up the DagBag from /home/airflow/.local/lib/python3.7/site-packages/airflow/example_dags/example_dag_decorator.py
[2022-08-03 12:50:50,286] {processor.py:651} INFO - DAG(s) dict_keys(['example_dag_decorator']) retrieved from /home/airflow/.local/lib/python3.7/site-packages/airflow/example_dags/example_dag_decorator.py
[2022-08-03 12:50:50,316] {logging_mixin.py:115} INFO - [2022-08-03 12:50:50,316] {dag.py:2379} INFO - Sync 1 DAGs
[2022-08-03 12:50:50,337] {logging_mixin.py:115} INFO - [2022-08-03 12:50:50,337] {dag.py:2931} INFO - Setting next_dagrun for example_dag_decorator to None, run_after=None
[2022-08-03 12:50:50,351] {processor.py:161} INFO - Processing /home/airflow/.local/lib/python3.7/site-packages/airflow/example_dags/example_dag_decorator.py took 0.100 seconds
[2022-08-03 12:51:20,880] {processor.py:153} INFO - Started process (PID=651) to work on /home/airflow/.local/lib/python3.7/site-packages/airflow/example_dags/example_dag_decorator.py
[2022-08-03 12:51:20,884] {processor.py:641} INFO - Processing file /home/airflow/.local/lib/python3.7/site-packages/airflow/example_dags/example_dag_decorator.py for tasks to queue
[2022-08-03 12:51:20,886] {logging_mixin.py:115} INFO - [2022-08-03 12:51:20,886] {dagbag.py:507} INFO - Filling up the DagBag from /home/airflow/.local/lib/python3.7/site-packages/airflow/example_dags/example_dag_decorator.py
[2022-08-03 12:51:20,905] {processor.py:651} INFO - DAG(s) dict_keys(['example_dag_decorator']) retrieved from /home/airflow/.local/lib/python3.7/site-packages/airflow/example_dags/example_dag_decorator.py
[2022-08-03 12:51:20,964] {logging_mixin.py:115} INFO - [2022-08-03 12:51:20,964] {dag.py:2379} INFO - Sync 1 DAGs
[2022-08-03 12:51:21,130] {logging_mixin.py:115} INFO - [2022-08-03 12:51:21,130] {dag.py:2931} INFO - Setting next_dagrun for example_dag_decorator to None, run_after=None
[2022-08-03 12:51:21,147] {processor.py:161} INFO - Processing /home/airflow/.local/lib/python3.7/site-packages/airflow/example_dags/example_dag_decorator.py took 0.270 seconds
[2022-08-03 12:51:51,899] {processor.py:153} INFO - Started process (PID=712) to work on /home/airflow/.local/lib/python3.7/site-packages/airflow/example_dags/example_dag_decorator.py
[2022-08-03 12:51:51,902] {processor.py:641} INFO - Processing file /home/airflow/.local/lib/python3.7/site-packages/airflow/example_dags/example_dag_decorator.py for tasks to queue
[2022-08-03 12:51:51,905] {logging_mixin.py:115} INFO - [2022-08-03 12:51:51,905] {dagbag.py:507} INFO - Filling up the DagBag from /home/airflow/.local/lib/python3.7/site-packages/airflow/example_dags/example_dag_decorator.py
[2022-08-03 12:51:51,930] {processor.py:651} INFO - DAG(s) dict_keys(['example_dag_decorator']) retrieved from /home/airflow/.local/lib/python3.7/site-packages/airflow/example_dags/example_dag_decorator.py
[2022-08-03 12:51:52,009] {logging_mixin.py:115} INFO - [2022-08-03 12:51:52,009] {dag.py:2379} INFO - Sync 1 DAGs
[2022-08-03 12:51:52,149] {logging_mixin.py:115} INFO - [2022-08-03 12:51:52,148] {dag.py:2931} INFO - Setting next_dagrun for example_dag_decorator to None, run_after=None
[2022-08-03 12:51:52,179] {processor.py:161} INFO - Processing /home/airflow/.local/lib/python3.7/site-packages/airflow/example_dags/example_dag_decorator.py took 0.282 seconds
[2022-08-03 12:52:22,638] {processor.py:153} INFO - Started process (PID=774) to work on /home/airflow/.local/lib/python3.7/site-packages/airflow/example_dags/example_dag_decorator.py
[2022-08-03 12:52:22,647] {processor.py:641} INFO - Processing file /home/airflow/.local/lib/python3.7/site-packages/airflow/example_dags/example_dag_decorator.py for tasks to queue
[2022-08-03 12:52:22,649] {logging_mixin.py:115} INFO - [2022-08-03 12:52:22,649] {dagbag.py:507} INFO - Filling up the DagBag from /home/airflow/.local/lib/python3.7/site-packages/airflow/example_dags/example_dag_decorator.py
[2022-08-03 12:52:22,675] {processor.py:651} INFO - DAG(s) dict_keys(['example_dag_decorator']) retrieved from /home/airflow/.local/lib/python3.7/site-packages/airflow/example_dags/example_dag_decorator.py
[2022-08-03 12:52:22,734] {logging_mixin.py:115} INFO - [2022-08-03 12:52:22,734] {dag.py:2379} INFO - Sync 1 DAGs
[2022-08-03 12:52:22,869] {logging_mixin.py:115} INFO - [2022-08-03 12:52:22,869] {dag.py:2931} INFO - Setting next_dagrun for example_dag_decorator to None, run_after=None
[2022-08-03 12:52:22,879] {processor.py:161} INFO - Processing /home/airflow/.local/lib/python3.7/site-packages/airflow/example_dags/example_dag_decorator.py took 0.244 seconds
