[2022-08-03 07:59:10,402] {processor.py:153} INFO - Started process (PID=46) to work on /home/airflow/.local/lib/python3.7/site-packages/airflow/example_dags/example_short_circuit_operator.py
[2022-08-03 07:59:10,408] {processor.py:641} INFO - Processing file /home/airflow/.local/lib/python3.7/site-packages/airflow/example_dags/example_short_circuit_operator.py for tasks to queue
[2022-08-03 07:59:10,410] {logging_mixin.py:115} INFO - [2022-08-03 07:59:10,410] {dagbag.py:507} INFO - Filling up the DagBag from /home/airflow/.local/lib/python3.7/site-packages/airflow/example_dags/example_short_circuit_operator.py
[2022-08-03 07:59:10,480] {processor.py:651} INFO - DAG(s) dict_keys(['example_short_circuit_operator']) retrieved from /home/airflow/.local/lib/python3.7/site-packages/airflow/example_dags/example_short_circuit_operator.py
[2022-08-03 07:59:10,589] {logging_mixin.py:115} INFO - [2022-08-03 07:59:10,589] {dag.py:2379} INFO - Sync 1 DAGs
[2022-08-03 07:59:10,658] {logging_mixin.py:115} INFO - [2022-08-03 07:59:10,658] {dag.py:2931} INFO - Setting next_dagrun for example_short_circuit_operator to 2022-08-02T07:59:10.658401+00:00, run_after=2022-08-03T07:59:10.658401+00:00
[2022-08-03 07:59:10,711] {processor.py:161} INFO - Processing /home/airflow/.local/lib/python3.7/site-packages/airflow/example_dags/example_short_circuit_operator.py took 0.312 seconds
[2022-08-03 07:59:41,497] {processor.py:153} INFO - Started process (PID=100) to work on /home/airflow/.local/lib/python3.7/site-packages/airflow/example_dags/example_short_circuit_operator.py
[2022-08-03 07:59:41,498] {processor.py:641} INFO - Processing file /home/airflow/.local/lib/python3.7/site-packages/airflow/example_dags/example_short_circuit_operator.py for tasks to queue
[2022-08-03 07:59:41,500] {logging_mixin.py:115} INFO - [2022-08-03 07:59:41,500] {dagbag.py:507} INFO - Filling up the DagBag from /home/airflow/.local/lib/python3.7/site-packages/airflow/example_dags/example_short_circuit_operator.py
[2022-08-03 07:59:41,518] {processor.py:651} INFO - DAG(s) dict_keys(['example_short_circuit_operator']) retrieved from /home/airflow/.local/lib/python3.7/site-packages/airflow/example_dags/example_short_circuit_operator.py
[2022-08-03 07:59:41,553] {logging_mixin.py:115} INFO - [2022-08-03 07:59:41,553] {dag.py:2379} INFO - Sync 1 DAGs
[2022-08-03 07:59:41,579] {logging_mixin.py:115} INFO - [2022-08-03 07:59:41,579] {dag.py:2931} INFO - Setting next_dagrun for example_short_circuit_operator to 2022-08-02T07:59:41.578886+00:00, run_after=2022-08-03T07:59:41.578886+00:00
[2022-08-03 07:59:41,607] {processor.py:161} INFO - Processing /home/airflow/.local/lib/python3.7/site-packages/airflow/example_dags/example_short_circuit_operator.py took 0.113 seconds
[2022-08-03 12:46:09,186] {processor.py:153} INFO - Started process (PID=47) to work on /home/airflow/.local/lib/python3.7/site-packages/airflow/example_dags/example_short_circuit_operator.py
[2022-08-03 12:46:09,195] {processor.py:641} INFO - Processing file /home/airflow/.local/lib/python3.7/site-packages/airflow/example_dags/example_short_circuit_operator.py for tasks to queue
[2022-08-03 12:46:09,197] {logging_mixin.py:115} INFO - [2022-08-03 12:46:09,197] {dagbag.py:507} INFO - Filling up the DagBag from /home/airflow/.local/lib/python3.7/site-packages/airflow/example_dags/example_short_circuit_operator.py
[2022-08-03 12:46:09,281] {processor.py:651} INFO - DAG(s) dict_keys(['example_short_circuit_operator']) retrieved from /home/airflow/.local/lib/python3.7/site-packages/airflow/example_dags/example_short_circuit_operator.py
[2022-08-03 12:46:09,400] {logging_mixin.py:115} INFO - [2022-08-03 12:46:09,400] {dag.py:2379} INFO - Sync 1 DAGs
[2022-08-03 12:46:09,476] {logging_mixin.py:115} INFO - [2022-08-03 12:46:09,476] {dag.py:2931} INFO - Setting next_dagrun for example_short_circuit_operator to 2022-08-02T12:46:09.476472+00:00, run_after=2022-08-03T12:46:09.476472+00:00
[2022-08-03 12:46:09,518] {processor.py:161} INFO - Processing /home/airflow/.local/lib/python3.7/site-packages/airflow/example_dags/example_short_circuit_operator.py took 0.347 seconds
[2022-08-03 12:46:40,110] {processor.py:153} INFO - Started process (PID=102) to work on /home/airflow/.local/lib/python3.7/site-packages/airflow/example_dags/example_short_circuit_operator.py
[2022-08-03 12:46:40,111] {processor.py:641} INFO - Processing file /home/airflow/.local/lib/python3.7/site-packages/airflow/example_dags/example_short_circuit_operator.py for tasks to queue
[2022-08-03 12:46:40,113] {logging_mixin.py:115} INFO - [2022-08-03 12:46:40,112] {dagbag.py:507} INFO - Filling up the DagBag from /home/airflow/.local/lib/python3.7/site-packages/airflow/example_dags/example_short_circuit_operator.py
[2022-08-03 12:46:40,142] {processor.py:651} INFO - DAG(s) dict_keys(['example_short_circuit_operator']) retrieved from /home/airflow/.local/lib/python3.7/site-packages/airflow/example_dags/example_short_circuit_operator.py
[2022-08-03 12:46:40,190] {logging_mixin.py:115} INFO - [2022-08-03 12:46:40,189] {dag.py:2379} INFO - Sync 1 DAGs
[2022-08-03 12:46:40,222] {logging_mixin.py:115} INFO - [2022-08-03 12:46:40,222] {dag.py:2931} INFO - Setting next_dagrun for example_short_circuit_operator to 2022-08-02T12:46:40.222185+00:00, run_after=2022-08-03T12:46:40.222185+00:00
[2022-08-03 12:46:40,236] {processor.py:161} INFO - Processing /home/airflow/.local/lib/python3.7/site-packages/airflow/example_dags/example_short_circuit_operator.py took 0.128 seconds
[2022-08-03 12:47:10,846] {processor.py:153} INFO - Started process (PID=164) to work on /home/airflow/.local/lib/python3.7/site-packages/airflow/example_dags/example_short_circuit_operator.py
[2022-08-03 12:47:10,850] {processor.py:641} INFO - Processing file /home/airflow/.local/lib/python3.7/site-packages/airflow/example_dags/example_short_circuit_operator.py for tasks to queue
[2022-08-03 12:47:10,860] {logging_mixin.py:115} INFO - [2022-08-03 12:47:10,860] {dagbag.py:507} INFO - Filling up the DagBag from /home/airflow/.local/lib/python3.7/site-packages/airflow/example_dags/example_short_circuit_operator.py
[2022-08-03 12:47:10,899] {processor.py:651} INFO - DAG(s) dict_keys(['example_short_circuit_operator']) retrieved from /home/airflow/.local/lib/python3.7/site-packages/airflow/example_dags/example_short_circuit_operator.py
[2022-08-03 12:47:10,953] {logging_mixin.py:115} INFO - [2022-08-03 12:47:10,953] {dag.py:2379} INFO - Sync 1 DAGs
[2022-08-03 12:47:10,993] {logging_mixin.py:115} INFO - [2022-08-03 12:47:10,993] {dag.py:2931} INFO - Setting next_dagrun for example_short_circuit_operator to 2022-08-02T12:47:10.993249+00:00, run_after=2022-08-03T12:47:10.993249+00:00
[2022-08-03 12:47:11,018] {processor.py:161} INFO - Processing /home/airflow/.local/lib/python3.7/site-packages/airflow/example_dags/example_short_circuit_operator.py took 0.174 seconds
[2022-08-03 12:47:41,342] {processor.py:153} INFO - Started process (PID=216) to work on /home/airflow/.local/lib/python3.7/site-packages/airflow/example_dags/example_short_circuit_operator.py
[2022-08-03 12:47:41,343] {processor.py:641} INFO - Processing file /home/airflow/.local/lib/python3.7/site-packages/airflow/example_dags/example_short_circuit_operator.py for tasks to queue
[2022-08-03 12:47:41,344] {logging_mixin.py:115} INFO - [2022-08-03 12:47:41,344] {dagbag.py:507} INFO - Filling up the DagBag from /home/airflow/.local/lib/python3.7/site-packages/airflow/example_dags/example_short_circuit_operator.py
[2022-08-03 12:47:41,353] {processor.py:651} INFO - DAG(s) dict_keys(['example_short_circuit_operator']) retrieved from /home/airflow/.local/lib/python3.7/site-packages/airflow/example_dags/example_short_circuit_operator.py
[2022-08-03 12:47:41,392] {logging_mixin.py:115} INFO - [2022-08-03 12:47:41,392] {dag.py:2379} INFO - Sync 1 DAGs
[2022-08-03 12:47:41,414] {logging_mixin.py:115} INFO - [2022-08-03 12:47:41,414] {dag.py:2931} INFO - Setting next_dagrun for example_short_circuit_operator to 2022-08-02T12:47:41.414188+00:00, run_after=2022-08-03T12:47:41.414188+00:00
[2022-08-03 12:47:41,434] {processor.py:161} INFO - Processing /home/airflow/.local/lib/python3.7/site-packages/airflow/example_dags/example_short_circuit_operator.py took 0.094 seconds
[2022-08-03 12:48:12,102] {processor.py:153} INFO - Started process (PID=277) to work on /home/airflow/.local/lib/python3.7/site-packages/airflow/example_dags/example_short_circuit_operator.py
[2022-08-03 12:48:12,108] {processor.py:641} INFO - Processing file /home/airflow/.local/lib/python3.7/site-packages/airflow/example_dags/example_short_circuit_operator.py for tasks to queue
[2022-08-03 12:48:12,111] {logging_mixin.py:115} INFO - [2022-08-03 12:48:12,111] {dagbag.py:507} INFO - Filling up the DagBag from /home/airflow/.local/lib/python3.7/site-packages/airflow/example_dags/example_short_circuit_operator.py
[2022-08-03 12:48:12,137] {processor.py:651} INFO - DAG(s) dict_keys(['example_short_circuit_operator']) retrieved from /home/airflow/.local/lib/python3.7/site-packages/airflow/example_dags/example_short_circuit_operator.py
[2022-08-03 12:48:12,201] {logging_mixin.py:115} INFO - [2022-08-03 12:48:12,201] {dag.py:2379} INFO - Sync 1 DAGs
[2022-08-03 12:48:12,227] {logging_mixin.py:115} INFO - [2022-08-03 12:48:12,226] {dag.py:2931} INFO - Setting next_dagrun for example_short_circuit_operator to 2022-08-02T12:48:12.226780+00:00, run_after=2022-08-03T12:48:12.226780+00:00
[2022-08-03 12:48:12,246] {processor.py:161} INFO - Processing /home/airflow/.local/lib/python3.7/site-packages/airflow/example_dags/example_short_circuit_operator.py took 0.146 seconds
[2022-08-03 12:48:42,396] {processor.py:153} INFO - Started process (PID=338) to work on /home/airflow/.local/lib/python3.7/site-packages/airflow/example_dags/example_short_circuit_operator.py
[2022-08-03 12:48:42,398] {processor.py:641} INFO - Processing file /home/airflow/.local/lib/python3.7/site-packages/airflow/example_dags/example_short_circuit_operator.py for tasks to queue
[2022-08-03 12:48:42,400] {logging_mixin.py:115} INFO - [2022-08-03 12:48:42,400] {dagbag.py:507} INFO - Filling up the DagBag from /home/airflow/.local/lib/python3.7/site-packages/airflow/example_dags/example_short_circuit_operator.py
[2022-08-03 12:48:42,412] {processor.py:651} INFO - DAG(s) dict_keys(['example_short_circuit_operator']) retrieved from /home/airflow/.local/lib/python3.7/site-packages/airflow/example_dags/example_short_circuit_operator.py
[2022-08-03 12:48:42,441] {logging_mixin.py:115} INFO - [2022-08-03 12:48:42,441] {dag.py:2379} INFO - Sync 1 DAGs
[2022-08-03 12:48:42,474] {logging_mixin.py:115} INFO - [2022-08-03 12:48:42,474] {dag.py:2931} INFO - Setting next_dagrun for example_short_circuit_operator to 2022-08-02T12:48:42.474336+00:00, run_after=2022-08-03T12:48:42.474336+00:00
[2022-08-03 12:48:42,496] {processor.py:161} INFO - Processing /home/airflow/.local/lib/python3.7/site-packages/airflow/example_dags/example_short_circuit_operator.py took 0.102 seconds
[2022-08-03 12:49:12,797] {processor.py:153} INFO - Started process (PID=390) to work on /home/airflow/.local/lib/python3.7/site-packages/airflow/example_dags/example_short_circuit_operator.py
[2022-08-03 12:49:12,803] {processor.py:641} INFO - Processing file /home/airflow/.local/lib/python3.7/site-packages/airflow/example_dags/example_short_circuit_operator.py for tasks to queue
[2022-08-03 12:49:12,806] {logging_mixin.py:115} INFO - [2022-08-03 12:49:12,806] {dagbag.py:507} INFO - Filling up the DagBag from /home/airflow/.local/lib/python3.7/site-packages/airflow/example_dags/example_short_circuit_operator.py
[2022-08-03 12:49:12,824] {processor.py:651} INFO - DAG(s) dict_keys(['example_short_circuit_operator']) retrieved from /home/airflow/.local/lib/python3.7/site-packages/airflow/example_dags/example_short_circuit_operator.py
[2022-08-03 12:49:12,867] {logging_mixin.py:115} INFO - [2022-08-03 12:49:12,867] {dag.py:2379} INFO - Sync 1 DAGs
[2022-08-03 12:49:12,887] {logging_mixin.py:115} INFO - [2022-08-03 12:49:12,887] {dag.py:2931} INFO - Setting next_dagrun for example_short_circuit_operator to 2022-08-02T12:49:12.886929+00:00, run_after=2022-08-03T12:49:12.886929+00:00
[2022-08-03 12:49:12,899] {processor.py:161} INFO - Processing /home/airflow/.local/lib/python3.7/site-packages/airflow/example_dags/example_short_circuit_operator.py took 0.105 seconds
[2022-08-03 12:49:43,835] {processor.py:153} INFO - Started process (PID=451) to work on /home/airflow/.local/lib/python3.7/site-packages/airflow/example_dags/example_short_circuit_operator.py
[2022-08-03 12:49:43,837] {processor.py:641} INFO - Processing file /home/airflow/.local/lib/python3.7/site-packages/airflow/example_dags/example_short_circuit_operator.py for tasks to queue
[2022-08-03 12:49:43,840] {logging_mixin.py:115} INFO - [2022-08-03 12:49:43,840] {dagbag.py:507} INFO - Filling up the DagBag from /home/airflow/.local/lib/python3.7/site-packages/airflow/example_dags/example_short_circuit_operator.py
[2022-08-03 12:49:43,855] {processor.py:651} INFO - DAG(s) dict_keys(['example_short_circuit_operator']) retrieved from /home/airflow/.local/lib/python3.7/site-packages/airflow/example_dags/example_short_circuit_operator.py
[2022-08-03 12:49:43,881] {logging_mixin.py:115} INFO - [2022-08-03 12:49:43,881] {dag.py:2379} INFO - Sync 1 DAGs
[2022-08-03 12:49:43,905] {logging_mixin.py:115} INFO - [2022-08-03 12:49:43,905] {dag.py:2931} INFO - Setting next_dagrun for example_short_circuit_operator to 2022-08-02T12:49:43.905714+00:00, run_after=2022-08-03T12:49:43.905714+00:00
[2022-08-03 12:49:43,914] {processor.py:161} INFO - Processing /home/airflow/.local/lib/python3.7/site-packages/airflow/example_dags/example_short_circuit_operator.py took 0.081 seconds
[2022-08-03 12:50:14,493] {processor.py:153} INFO - Started process (PID=512) to work on /home/airflow/.local/lib/python3.7/site-packages/airflow/example_dags/example_short_circuit_operator.py
[2022-08-03 12:50:14,495] {processor.py:641} INFO - Processing file /home/airflow/.local/lib/python3.7/site-packages/airflow/example_dags/example_short_circuit_operator.py for tasks to queue
[2022-08-03 12:50:14,496] {logging_mixin.py:115} INFO - [2022-08-03 12:50:14,496] {dagbag.py:507} INFO - Filling up the DagBag from /home/airflow/.local/lib/python3.7/site-packages/airflow/example_dags/example_short_circuit_operator.py
[2022-08-03 12:50:14,507] {processor.py:651} INFO - DAG(s) dict_keys(['example_short_circuit_operator']) retrieved from /home/airflow/.local/lib/python3.7/site-packages/airflow/example_dags/example_short_circuit_operator.py
[2022-08-03 12:50:14,532] {logging_mixin.py:115} INFO - [2022-08-03 12:50:14,532] {dag.py:2379} INFO - Sync 1 DAGs
[2022-08-03 12:50:14,551] {logging_mixin.py:115} INFO - [2022-08-03 12:50:14,551] {dag.py:2931} INFO - Setting next_dagrun for example_short_circuit_operator to 2022-08-02T12:50:14.551595+00:00, run_after=2022-08-03T12:50:14.551595+00:00
[2022-08-03 12:50:14,566] {processor.py:161} INFO - Processing /home/airflow/.local/lib/python3.7/site-packages/airflow/example_dags/example_short_circuit_operator.py took 0.075 seconds
[2022-08-03 12:50:45,202] {processor.py:153} INFO - Started process (PID=573) to work on /home/airflow/.local/lib/python3.7/site-packages/airflow/example_dags/example_short_circuit_operator.py
[2022-08-03 12:50:45,204] {processor.py:641} INFO - Processing file /home/airflow/.local/lib/python3.7/site-packages/airflow/example_dags/example_short_circuit_operator.py for tasks to queue
[2022-08-03 12:50:45,205] {logging_mixin.py:115} INFO - [2022-08-03 12:50:45,205] {dagbag.py:507} INFO - Filling up the DagBag from /home/airflow/.local/lib/python3.7/site-packages/airflow/example_dags/example_short_circuit_operator.py
[2022-08-03 12:50:45,223] {processor.py:651} INFO - DAG(s) dict_keys(['example_short_circuit_operator']) retrieved from /home/airflow/.local/lib/python3.7/site-packages/airflow/example_dags/example_short_circuit_operator.py
[2022-08-03 12:50:45,258] {logging_mixin.py:115} INFO - [2022-08-03 12:50:45,258] {dag.py:2379} INFO - Sync 1 DAGs
[2022-08-03 12:50:45,281] {logging_mixin.py:115} INFO - [2022-08-03 12:50:45,281] {dag.py:2931} INFO - Setting next_dagrun for example_short_circuit_operator to 2022-08-02T12:50:45.281687+00:00, run_after=2022-08-03T12:50:45.281687+00:00
[2022-08-03 12:50:45,296] {processor.py:161} INFO - Processing /home/airflow/.local/lib/python3.7/site-packages/airflow/example_dags/example_short_circuit_operator.py took 0.097 seconds
[2022-08-03 12:51:15,673] {processor.py:153} INFO - Started process (PID=635) to work on /home/airflow/.local/lib/python3.7/site-packages/airflow/example_dags/example_short_circuit_operator.py
[2022-08-03 12:51:15,675] {processor.py:641} INFO - Processing file /home/airflow/.local/lib/python3.7/site-packages/airflow/example_dags/example_short_circuit_operator.py for tasks to queue
[2022-08-03 12:51:15,676] {logging_mixin.py:115} INFO - [2022-08-03 12:51:15,676] {dagbag.py:507} INFO - Filling up the DagBag from /home/airflow/.local/lib/python3.7/site-packages/airflow/example_dags/example_short_circuit_operator.py
[2022-08-03 12:51:15,684] {processor.py:651} INFO - DAG(s) dict_keys(['example_short_circuit_operator']) retrieved from /home/airflow/.local/lib/python3.7/site-packages/airflow/example_dags/example_short_circuit_operator.py
[2022-08-03 12:51:15,712] {logging_mixin.py:115} INFO - [2022-08-03 12:51:15,712] {dag.py:2379} INFO - Sync 1 DAGs
[2022-08-03 12:51:15,734] {logging_mixin.py:115} INFO - [2022-08-03 12:51:15,734] {dag.py:2931} INFO - Setting next_dagrun for example_short_circuit_operator to 2022-08-02T12:51:15.734304+00:00, run_after=2022-08-03T12:51:15.734304+00:00
[2022-08-03 12:51:15,751] {processor.py:161} INFO - Processing /home/airflow/.local/lib/python3.7/site-packages/airflow/example_dags/example_short_circuit_operator.py took 0.080 seconds
[2022-08-03 12:51:46,683] {processor.py:153} INFO - Started process (PID=687) to work on /home/airflow/.local/lib/python3.7/site-packages/airflow/example_dags/example_short_circuit_operator.py
[2022-08-03 12:51:46,686] {processor.py:641} INFO - Processing file /home/airflow/.local/lib/python3.7/site-packages/airflow/example_dags/example_short_circuit_operator.py for tasks to queue
[2022-08-03 12:51:46,688] {logging_mixin.py:115} INFO - [2022-08-03 12:51:46,688] {dagbag.py:507} INFO - Filling up the DagBag from /home/airflow/.local/lib/python3.7/site-packages/airflow/example_dags/example_short_circuit_operator.py
[2022-08-03 12:51:46,695] {processor.py:651} INFO - DAG(s) dict_keys(['example_short_circuit_operator']) retrieved from /home/airflow/.local/lib/python3.7/site-packages/airflow/example_dags/example_short_circuit_operator.py
[2022-08-03 12:51:46,717] {logging_mixin.py:115} INFO - [2022-08-03 12:51:46,717] {dag.py:2379} INFO - Sync 1 DAGs
[2022-08-03 12:51:46,738] {logging_mixin.py:115} INFO - [2022-08-03 12:51:46,738] {dag.py:2931} INFO - Setting next_dagrun for example_short_circuit_operator to 2022-08-02T12:51:46.738535+00:00, run_after=2022-08-03T12:51:46.738535+00:00
[2022-08-03 12:51:46,749] {processor.py:161} INFO - Processing /home/airflow/.local/lib/python3.7/site-packages/airflow/example_dags/example_short_circuit_operator.py took 0.068 seconds
[2022-08-03 12:52:17,505] {processor.py:153} INFO - Started process (PID=749) to work on /home/airflow/.local/lib/python3.7/site-packages/airflow/example_dags/example_short_circuit_operator.py
[2022-08-03 12:52:17,507] {processor.py:641} INFO - Processing file /home/airflow/.local/lib/python3.7/site-packages/airflow/example_dags/example_short_circuit_operator.py for tasks to queue
[2022-08-03 12:52:17,509] {logging_mixin.py:115} INFO - [2022-08-03 12:52:17,509] {dagbag.py:507} INFO - Filling up the DagBag from /home/airflow/.local/lib/python3.7/site-packages/airflow/example_dags/example_short_circuit_operator.py
[2022-08-03 12:52:17,520] {processor.py:651} INFO - DAG(s) dict_keys(['example_short_circuit_operator']) retrieved from /home/airflow/.local/lib/python3.7/site-packages/airflow/example_dags/example_short_circuit_operator.py
[2022-08-03 12:52:17,551] {logging_mixin.py:115} INFO - [2022-08-03 12:52:17,551] {dag.py:2379} INFO - Sync 1 DAGs
[2022-08-03 12:52:17,571] {logging_mixin.py:115} INFO - [2022-08-03 12:52:17,571] {dag.py:2931} INFO - Setting next_dagrun for example_short_circuit_operator to 2022-08-02T12:52:17.570827+00:00, run_after=2022-08-03T12:52:17.570827+00:00
[2022-08-03 12:52:17,584] {processor.py:161} INFO - Processing /home/airflow/.local/lib/python3.7/site-packages/airflow/example_dags/example_short_circuit_operator.py took 0.081 seconds
