[2022-08-03 07:59:14,622] {processor.py:153} INFO - Started process (PID=65) to work on /home/airflow/.local/lib/python3.7/site-packages/airflow/example_dags/example_skip_dag.py
[2022-08-03 07:59:14,623] {processor.py:641} INFO - Processing file /home/airflow/.local/lib/python3.7/site-packages/airflow/example_dags/example_skip_dag.py for tasks to queue
[2022-08-03 07:59:14,627] {logging_mixin.py:115} INFO - [2022-08-03 07:59:14,627] {dagbag.py:507} INFO - Filling up the DagBag from /home/airflow/.local/lib/python3.7/site-packages/airflow/example_dags/example_skip_dag.py
[2022-08-03 07:59:14,633] {processor.py:651} INFO - DAG(s) dict_keys(['example_skip_dag']) retrieved from /home/airflow/.local/lib/python3.7/site-packages/airflow/example_dags/example_skip_dag.py
[2022-08-03 07:59:14,703] {logging_mixin.py:115} INFO - [2022-08-03 07:59:14,703] {dag.py:2379} INFO - Sync 1 DAGs
[2022-08-03 07:59:14,762] {logging_mixin.py:115} INFO - [2022-08-03 07:59:14,762] {dag.py:2931} INFO - Setting next_dagrun for example_skip_dag to 2022-08-02T07:59:14.762010+00:00, run_after=2022-08-03T07:59:14.762010+00:00
[2022-08-03 07:59:14,790] {processor.py:161} INFO - Processing /home/airflow/.local/lib/python3.7/site-packages/airflow/example_dags/example_skip_dag.py took 0.171 seconds
[2022-08-03 07:59:45,332] {processor.py:153} INFO - Started process (PID=119) to work on /home/airflow/.local/lib/python3.7/site-packages/airflow/example_dags/example_skip_dag.py
[2022-08-03 07:59:45,337] {processor.py:641} INFO - Processing file /home/airflow/.local/lib/python3.7/site-packages/airflow/example_dags/example_skip_dag.py for tasks to queue
[2022-08-03 07:59:45,339] {logging_mixin.py:115} INFO - [2022-08-03 07:59:45,339] {dagbag.py:507} INFO - Filling up the DagBag from /home/airflow/.local/lib/python3.7/site-packages/airflow/example_dags/example_skip_dag.py
[2022-08-03 07:59:45,354] {processor.py:651} INFO - DAG(s) dict_keys(['example_skip_dag']) retrieved from /home/airflow/.local/lib/python3.7/site-packages/airflow/example_dags/example_skip_dag.py
[2022-08-03 07:59:45,390] {logging_mixin.py:115} INFO - [2022-08-03 07:59:45,390] {dag.py:2379} INFO - Sync 1 DAGs
[2022-08-03 07:59:45,426] {logging_mixin.py:115} INFO - [2022-08-03 07:59:45,426] {dag.py:2931} INFO - Setting next_dagrun for example_skip_dag to 2022-08-02T07:59:45.426118+00:00, run_after=2022-08-03T07:59:45.426118+00:00
[2022-08-03 07:59:45,436] {processor.py:161} INFO - Processing /home/airflow/.local/lib/python3.7/site-packages/airflow/example_dags/example_skip_dag.py took 0.106 seconds
[2022-08-03 12:46:13,382] {processor.py:153} INFO - Started process (PID=68) to work on /home/airflow/.local/lib/python3.7/site-packages/airflow/example_dags/example_skip_dag.py
[2022-08-03 12:46:13,389] {processor.py:641} INFO - Processing file /home/airflow/.local/lib/python3.7/site-packages/airflow/example_dags/example_skip_dag.py for tasks to queue
[2022-08-03 12:46:13,393] {logging_mixin.py:115} INFO - [2022-08-03 12:46:13,393] {dagbag.py:507} INFO - Filling up the DagBag from /home/airflow/.local/lib/python3.7/site-packages/airflow/example_dags/example_skip_dag.py
[2022-08-03 12:46:13,409] {processor.py:651} INFO - DAG(s) dict_keys(['example_skip_dag']) retrieved from /home/airflow/.local/lib/python3.7/site-packages/airflow/example_dags/example_skip_dag.py
[2022-08-03 12:46:13,489] {logging_mixin.py:115} INFO - [2022-08-03 12:46:13,489] {dag.py:2379} INFO - Sync 1 DAGs
[2022-08-03 12:46:13,544] {logging_mixin.py:115} INFO - [2022-08-03 12:46:13,544] {dag.py:2931} INFO - Setting next_dagrun for example_skip_dag to 2022-08-02T12:46:13.543842+00:00, run_after=2022-08-03T12:46:13.543842+00:00
[2022-08-03 12:46:13,567] {processor.py:161} INFO - Processing /home/airflow/.local/lib/python3.7/site-packages/airflow/example_dags/example_skip_dag.py took 0.188 seconds
[2022-08-03 12:46:44,123] {processor.py:153} INFO - Started process (PID=121) to work on /home/airflow/.local/lib/python3.7/site-packages/airflow/example_dags/example_skip_dag.py
[2022-08-03 12:46:44,135] {processor.py:641} INFO - Processing file /home/airflow/.local/lib/python3.7/site-packages/airflow/example_dags/example_skip_dag.py for tasks to queue
[2022-08-03 12:46:44,142] {logging_mixin.py:115} INFO - [2022-08-03 12:46:44,141] {dagbag.py:507} INFO - Filling up the DagBag from /home/airflow/.local/lib/python3.7/site-packages/airflow/example_dags/example_skip_dag.py
[2022-08-03 12:46:44,165] {processor.py:651} INFO - DAG(s) dict_keys(['example_skip_dag']) retrieved from /home/airflow/.local/lib/python3.7/site-packages/airflow/example_dags/example_skip_dag.py
[2022-08-03 12:46:44,236] {logging_mixin.py:115} INFO - [2022-08-03 12:46:44,236] {dag.py:2379} INFO - Sync 1 DAGs
[2022-08-03 12:46:44,279] {logging_mixin.py:115} INFO - [2022-08-03 12:46:44,279] {dag.py:2931} INFO - Setting next_dagrun for example_skip_dag to 2022-08-02T12:46:44.279051+00:00, run_after=2022-08-03T12:46:44.279051+00:00
[2022-08-03 12:46:44,306] {processor.py:161} INFO - Processing /home/airflow/.local/lib/python3.7/site-packages/airflow/example_dags/example_skip_dag.py took 0.185 seconds
[2022-08-03 12:47:14,873] {processor.py:153} INFO - Started process (PID=183) to work on /home/airflow/.local/lib/python3.7/site-packages/airflow/example_dags/example_skip_dag.py
[2022-08-03 12:47:14,875] {processor.py:641} INFO - Processing file /home/airflow/.local/lib/python3.7/site-packages/airflow/example_dags/example_skip_dag.py for tasks to queue
[2022-08-03 12:47:14,876] {logging_mixin.py:115} INFO - [2022-08-03 12:47:14,876] {dagbag.py:507} INFO - Filling up the DagBag from /home/airflow/.local/lib/python3.7/site-packages/airflow/example_dags/example_skip_dag.py
[2022-08-03 12:47:14,891] {processor.py:651} INFO - DAG(s) dict_keys(['example_skip_dag']) retrieved from /home/airflow/.local/lib/python3.7/site-packages/airflow/example_dags/example_skip_dag.py
[2022-08-03 12:47:14,957] {logging_mixin.py:115} INFO - [2022-08-03 12:47:14,957] {dag.py:2379} INFO - Sync 1 DAGs
[2022-08-03 12:47:14,999] {logging_mixin.py:115} INFO - [2022-08-03 12:47:14,999] {dag.py:2931} INFO - Setting next_dagrun for example_skip_dag to 2022-08-02T12:47:14.999347+00:00, run_after=2022-08-03T12:47:14.999347+00:00
[2022-08-03 12:47:15,026] {processor.py:161} INFO - Processing /home/airflow/.local/lib/python3.7/site-packages/airflow/example_dags/example_skip_dag.py took 0.155 seconds
[2022-08-03 12:47:45,602] {processor.py:153} INFO - Started process (PID=244) to work on /home/airflow/.local/lib/python3.7/site-packages/airflow/example_dags/example_skip_dag.py
[2022-08-03 12:47:45,605] {processor.py:641} INFO - Processing file /home/airflow/.local/lib/python3.7/site-packages/airflow/example_dags/example_skip_dag.py for tasks to queue
[2022-08-03 12:47:45,607] {logging_mixin.py:115} INFO - [2022-08-03 12:47:45,607] {dagbag.py:507} INFO - Filling up the DagBag from /home/airflow/.local/lib/python3.7/site-packages/airflow/example_dags/example_skip_dag.py
[2022-08-03 12:47:45,616] {processor.py:651} INFO - DAG(s) dict_keys(['example_skip_dag']) retrieved from /home/airflow/.local/lib/python3.7/site-packages/airflow/example_dags/example_skip_dag.py
[2022-08-03 12:47:45,645] {logging_mixin.py:115} INFO - [2022-08-03 12:47:45,645] {dag.py:2379} INFO - Sync 1 DAGs
[2022-08-03 12:47:45,679] {logging_mixin.py:115} INFO - [2022-08-03 12:47:45,679] {dag.py:2931} INFO - Setting next_dagrun for example_skip_dag to 2022-08-02T12:47:45.679242+00:00, run_after=2022-08-03T12:47:45.679242+00:00
[2022-08-03 12:47:45,695] {processor.py:161} INFO - Processing /home/airflow/.local/lib/python3.7/site-packages/airflow/example_dags/example_skip_dag.py took 0.095 seconds
[2022-08-03 12:48:16,057] {processor.py:153} INFO - Started process (PID=295) to work on /home/airflow/.local/lib/python3.7/site-packages/airflow/example_dags/example_skip_dag.py
[2022-08-03 12:48:16,062] {processor.py:641} INFO - Processing file /home/airflow/.local/lib/python3.7/site-packages/airflow/example_dags/example_skip_dag.py for tasks to queue
[2022-08-03 12:48:16,064] {logging_mixin.py:115} INFO - [2022-08-03 12:48:16,064] {dagbag.py:507} INFO - Filling up the DagBag from /home/airflow/.local/lib/python3.7/site-packages/airflow/example_dags/example_skip_dag.py
[2022-08-03 12:48:16,080] {processor.py:651} INFO - DAG(s) dict_keys(['example_skip_dag']) retrieved from /home/airflow/.local/lib/python3.7/site-packages/airflow/example_dags/example_skip_dag.py
[2022-08-03 12:48:16,127] {logging_mixin.py:115} INFO - [2022-08-03 12:48:16,127] {dag.py:2379} INFO - Sync 1 DAGs
[2022-08-03 12:48:16,174] {logging_mixin.py:115} INFO - [2022-08-03 12:48:16,174] {dag.py:2931} INFO - Setting next_dagrun for example_skip_dag to 2022-08-02T12:48:16.174439+00:00, run_after=2022-08-03T12:48:16.174439+00:00
[2022-08-03 12:48:16,202] {processor.py:161} INFO - Processing /home/airflow/.local/lib/python3.7/site-packages/airflow/example_dags/example_skip_dag.py took 0.148 seconds
[2022-08-03 12:48:47,216] {processor.py:153} INFO - Started process (PID=357) to work on /home/airflow/.local/lib/python3.7/site-packages/airflow/example_dags/example_skip_dag.py
[2022-08-03 12:48:47,218] {processor.py:641} INFO - Processing file /home/airflow/.local/lib/python3.7/site-packages/airflow/example_dags/example_skip_dag.py for tasks to queue
[2022-08-03 12:48:47,219] {logging_mixin.py:115} INFO - [2022-08-03 12:48:47,219] {dagbag.py:507} INFO - Filling up the DagBag from /home/airflow/.local/lib/python3.7/site-packages/airflow/example_dags/example_skip_dag.py
[2022-08-03 12:48:47,241] {processor.py:651} INFO - DAG(s) dict_keys(['example_skip_dag']) retrieved from /home/airflow/.local/lib/python3.7/site-packages/airflow/example_dags/example_skip_dag.py
[2022-08-03 12:48:47,281] {logging_mixin.py:115} INFO - [2022-08-03 12:48:47,281] {dag.py:2379} INFO - Sync 1 DAGs
[2022-08-03 12:48:47,336] {logging_mixin.py:115} INFO - [2022-08-03 12:48:47,335] {dag.py:2931} INFO - Setting next_dagrun for example_skip_dag to 2022-08-02T12:48:47.335837+00:00, run_after=2022-08-03T12:48:47.335837+00:00
[2022-08-03 12:48:47,348] {processor.py:161} INFO - Processing /home/airflow/.local/lib/python3.7/site-packages/airflow/example_dags/example_skip_dag.py took 0.135 seconds
[2022-08-03 12:49:18,365] {processor.py:153} INFO - Started process (PID=418) to work on /home/airflow/.local/lib/python3.7/site-packages/airflow/example_dags/example_skip_dag.py
[2022-08-03 12:49:18,366] {processor.py:641} INFO - Processing file /home/airflow/.local/lib/python3.7/site-packages/airflow/example_dags/example_skip_dag.py for tasks to queue
[2022-08-03 12:49:18,367] {logging_mixin.py:115} INFO - [2022-08-03 12:49:18,367] {dagbag.py:507} INFO - Filling up the DagBag from /home/airflow/.local/lib/python3.7/site-packages/airflow/example_dags/example_skip_dag.py
[2022-08-03 12:49:18,379] {processor.py:651} INFO - DAG(s) dict_keys(['example_skip_dag']) retrieved from /home/airflow/.local/lib/python3.7/site-packages/airflow/example_dags/example_skip_dag.py
[2022-08-03 12:49:18,405] {logging_mixin.py:115} INFO - [2022-08-03 12:49:18,405] {dag.py:2379} INFO - Sync 1 DAGs
[2022-08-03 12:49:18,474] {logging_mixin.py:115} INFO - [2022-08-03 12:49:18,474] {dag.py:2931} INFO - Setting next_dagrun for example_skip_dag to 2022-08-02T12:49:18.472426+00:00, run_after=2022-08-03T12:49:18.472426+00:00
[2022-08-03 12:49:18,504] {processor.py:161} INFO - Processing /home/airflow/.local/lib/python3.7/site-packages/airflow/example_dags/example_skip_dag.py took 0.142 seconds
[2022-08-03 12:49:49,258] {processor.py:153} INFO - Started process (PID=479) to work on /home/airflow/.local/lib/python3.7/site-packages/airflow/example_dags/example_skip_dag.py
[2022-08-03 12:49:49,260] {processor.py:641} INFO - Processing file /home/airflow/.local/lib/python3.7/site-packages/airflow/example_dags/example_skip_dag.py for tasks to queue
[2022-08-03 12:49:49,262] {logging_mixin.py:115} INFO - [2022-08-03 12:49:49,262] {dagbag.py:507} INFO - Filling up the DagBag from /home/airflow/.local/lib/python3.7/site-packages/airflow/example_dags/example_skip_dag.py
[2022-08-03 12:49:49,269] {processor.py:651} INFO - DAG(s) dict_keys(['example_skip_dag']) retrieved from /home/airflow/.local/lib/python3.7/site-packages/airflow/example_dags/example_skip_dag.py
[2022-08-03 12:49:49,304] {logging_mixin.py:115} INFO - [2022-08-03 12:49:49,304] {dag.py:2379} INFO - Sync 1 DAGs
[2022-08-03 12:49:49,327] {logging_mixin.py:115} INFO - [2022-08-03 12:49:49,327] {dag.py:2931} INFO - Setting next_dagrun for example_skip_dag to 2022-08-02T12:49:49.327312+00:00, run_after=2022-08-03T12:49:49.327312+00:00
[2022-08-03 12:49:49,340] {processor.py:161} INFO - Processing /home/airflow/.local/lib/python3.7/site-packages/airflow/example_dags/example_skip_dag.py took 0.084 seconds
[2022-08-03 12:50:20,022] {processor.py:153} INFO - Started process (PID=539) to work on /home/airflow/.local/lib/python3.7/site-packages/airflow/example_dags/example_skip_dag.py
[2022-08-03 12:50:20,024] {processor.py:641} INFO - Processing file /home/airflow/.local/lib/python3.7/site-packages/airflow/example_dags/example_skip_dag.py for tasks to queue
[2022-08-03 12:50:20,024] {logging_mixin.py:115} INFO - [2022-08-03 12:50:20,024] {dagbag.py:507} INFO - Filling up the DagBag from /home/airflow/.local/lib/python3.7/site-packages/airflow/example_dags/example_skip_dag.py
[2022-08-03 12:50:20,038] {processor.py:651} INFO - DAG(s) dict_keys(['example_skip_dag']) retrieved from /home/airflow/.local/lib/python3.7/site-packages/airflow/example_dags/example_skip_dag.py
[2022-08-03 12:50:20,066] {logging_mixin.py:115} INFO - [2022-08-03 12:50:20,066] {dag.py:2379} INFO - Sync 1 DAGs
[2022-08-03 12:50:20,084] {logging_mixin.py:115} INFO - [2022-08-03 12:50:20,084] {dag.py:2931} INFO - Setting next_dagrun for example_skip_dag to 2022-08-02T12:50:20.084428+00:00, run_after=2022-08-03T12:50:20.084428+00:00
[2022-08-03 12:50:20,104] {processor.py:161} INFO - Processing /home/airflow/.local/lib/python3.7/site-packages/airflow/example_dags/example_skip_dag.py took 0.086 seconds
[2022-08-03 12:50:50,501] {processor.py:153} INFO - Started process (PID=592) to work on /home/airflow/.local/lib/python3.7/site-packages/airflow/example_dags/example_skip_dag.py
[2022-08-03 12:50:50,502] {processor.py:641} INFO - Processing file /home/airflow/.local/lib/python3.7/site-packages/airflow/example_dags/example_skip_dag.py for tasks to queue
[2022-08-03 12:50:50,503] {logging_mixin.py:115} INFO - [2022-08-03 12:50:50,503] {dagbag.py:507} INFO - Filling up the DagBag from /home/airflow/.local/lib/python3.7/site-packages/airflow/example_dags/example_skip_dag.py
[2022-08-03 12:50:50,510] {processor.py:651} INFO - DAG(s) dict_keys(['example_skip_dag']) retrieved from /home/airflow/.local/lib/python3.7/site-packages/airflow/example_dags/example_skip_dag.py
[2022-08-03 12:50:50,532] {logging_mixin.py:115} INFO - [2022-08-03 12:50:50,532] {dag.py:2379} INFO - Sync 1 DAGs
[2022-08-03 12:50:50,550] {logging_mixin.py:115} INFO - [2022-08-03 12:50:50,550] {dag.py:2931} INFO - Setting next_dagrun for example_skip_dag to 2022-08-02T12:50:50.550694+00:00, run_after=2022-08-03T12:50:50.550694+00:00
[2022-08-03 12:50:50,560] {processor.py:161} INFO - Processing /home/airflow/.local/lib/python3.7/site-packages/airflow/example_dags/example_skip_dag.py took 0.062 seconds
[2022-08-03 12:51:21,280] {processor.py:153} INFO - Started process (PID=654) to work on /home/airflow/.local/lib/python3.7/site-packages/airflow/example_dags/example_skip_dag.py
[2022-08-03 12:51:21,281] {processor.py:641} INFO - Processing file /home/airflow/.local/lib/python3.7/site-packages/airflow/example_dags/example_skip_dag.py for tasks to queue
[2022-08-03 12:51:21,285] {logging_mixin.py:115} INFO - [2022-08-03 12:51:21,284] {dagbag.py:507} INFO - Filling up the DagBag from /home/airflow/.local/lib/python3.7/site-packages/airflow/example_dags/example_skip_dag.py
[2022-08-03 12:51:21,294] {processor.py:651} INFO - DAG(s) dict_keys(['example_skip_dag']) retrieved from /home/airflow/.local/lib/python3.7/site-packages/airflow/example_dags/example_skip_dag.py
[2022-08-03 12:51:21,353] {logging_mixin.py:115} INFO - [2022-08-03 12:51:21,352] {dag.py:2379} INFO - Sync 1 DAGs
[2022-08-03 12:51:21,387] {logging_mixin.py:115} INFO - [2022-08-03 12:51:21,387] {dag.py:2931} INFO - Setting next_dagrun for example_skip_dag to 2022-08-02T12:51:21.387312+00:00, run_after=2022-08-03T12:51:21.387312+00:00
[2022-08-03 12:51:21,403] {processor.py:161} INFO - Processing /home/airflow/.local/lib/python3.7/site-packages/airflow/example_dags/example_skip_dag.py took 0.126 seconds
[2022-08-03 12:51:52,260] {processor.py:153} INFO - Started process (PID=715) to work on /home/airflow/.local/lib/python3.7/site-packages/airflow/example_dags/example_skip_dag.py
[2022-08-03 12:51:52,264] {processor.py:641} INFO - Processing file /home/airflow/.local/lib/python3.7/site-packages/airflow/example_dags/example_skip_dag.py for tasks to queue
[2022-08-03 12:51:52,266] {logging_mixin.py:115} INFO - [2022-08-03 12:51:52,266] {dagbag.py:507} INFO - Filling up the DagBag from /home/airflow/.local/lib/python3.7/site-packages/airflow/example_dags/example_skip_dag.py
[2022-08-03 12:51:52,271] {processor.py:651} INFO - DAG(s) dict_keys(['example_skip_dag']) retrieved from /home/airflow/.local/lib/python3.7/site-packages/airflow/example_dags/example_skip_dag.py
[2022-08-03 12:51:52,326] {logging_mixin.py:115} INFO - [2022-08-03 12:51:52,326] {dag.py:2379} INFO - Sync 1 DAGs
[2022-08-03 12:51:52,356] {logging_mixin.py:115} INFO - [2022-08-03 12:51:52,356] {dag.py:2931} INFO - Setting next_dagrun for example_skip_dag to 2022-08-02T12:51:52.356146+00:00, run_after=2022-08-03T12:51:52.356146+00:00
[2022-08-03 12:51:52,383] {processor.py:161} INFO - Processing /home/airflow/.local/lib/python3.7/site-packages/airflow/example_dags/example_skip_dag.py took 0.125 seconds
[2022-08-03 12:52:22,926] {processor.py:153} INFO - Started process (PID=777) to work on /home/airflow/.local/lib/python3.7/site-packages/airflow/example_dags/example_skip_dag.py
[2022-08-03 12:52:22,927] {processor.py:641} INFO - Processing file /home/airflow/.local/lib/python3.7/site-packages/airflow/example_dags/example_skip_dag.py for tasks to queue
[2022-08-03 12:52:22,929] {logging_mixin.py:115} INFO - [2022-08-03 12:52:22,929] {dagbag.py:507} INFO - Filling up the DagBag from /home/airflow/.local/lib/python3.7/site-packages/airflow/example_dags/example_skip_dag.py
[2022-08-03 12:52:22,934] {processor.py:651} INFO - DAG(s) dict_keys(['example_skip_dag']) retrieved from /home/airflow/.local/lib/python3.7/site-packages/airflow/example_dags/example_skip_dag.py
[2022-08-03 12:52:22,963] {logging_mixin.py:115} INFO - [2022-08-03 12:52:22,963] {dag.py:2379} INFO - Sync 1 DAGs
[2022-08-03 12:52:22,989] {logging_mixin.py:115} INFO - [2022-08-03 12:52:22,988] {dag.py:2931} INFO - Setting next_dagrun for example_skip_dag to 2022-08-02T12:52:22.988713+00:00, run_after=2022-08-03T12:52:22.988713+00:00
[2022-08-03 12:52:23,020] {processor.py:161} INFO - Processing /home/airflow/.local/lib/python3.7/site-packages/airflow/example_dags/example_skip_dag.py took 0.097 seconds
