[2022-08-03 07:59:14,834] {processor.py:153} INFO - Started process (PID=66) to work on /home/airflow/.local/lib/python3.7/site-packages/airflow/example_dags/example_bash_operator.py
[2022-08-03 07:59:14,836] {processor.py:641} INFO - Processing file /home/airflow/.local/lib/python3.7/site-packages/airflow/example_dags/example_bash_operator.py for tasks to queue
[2022-08-03 07:59:14,837] {logging_mixin.py:115} INFO - [2022-08-03 07:59:14,837] {dagbag.py:507} INFO - Filling up the DagBag from /home/airflow/.local/lib/python3.7/site-packages/airflow/example_dags/example_bash_operator.py
[2022-08-03 07:59:14,855] {processor.py:651} INFO - DAG(s) dict_keys(['example_bash_operator']) retrieved from /home/airflow/.local/lib/python3.7/site-packages/airflow/example_dags/example_bash_operator.py
[2022-08-03 07:59:14,897] {logging_mixin.py:115} INFO - [2022-08-03 07:59:14,896] {dag.py:2379} INFO - Sync 1 DAGs
[2022-08-03 07:59:14,923] {logging_mixin.py:115} INFO - [2022-08-03 07:59:14,923] {dag.py:2931} INFO - Setting next_dagrun for example_bash_operator to 2022-08-02T00:00:00+00:00, run_after=2022-08-03T00:00:00+00:00
[2022-08-03 07:59:14,935] {processor.py:161} INFO - Processing /home/airflow/.local/lib/python3.7/site-packages/airflow/example_dags/example_bash_operator.py took 0.104 seconds
[2022-08-03 07:59:45,502] {processor.py:153} INFO - Started process (PID=120) to work on /home/airflow/.local/lib/python3.7/site-packages/airflow/example_dags/example_bash_operator.py
[2022-08-03 07:59:45,504] {processor.py:641} INFO - Processing file /home/airflow/.local/lib/python3.7/site-packages/airflow/example_dags/example_bash_operator.py for tasks to queue
[2022-08-03 07:59:45,505] {logging_mixin.py:115} INFO - [2022-08-03 07:59:45,505] {dagbag.py:507} INFO - Filling up the DagBag from /home/airflow/.local/lib/python3.7/site-packages/airflow/example_dags/example_bash_operator.py
[2022-08-03 07:59:45,519] {processor.py:651} INFO - DAG(s) dict_keys(['example_bash_operator']) retrieved from /home/airflow/.local/lib/python3.7/site-packages/airflow/example_dags/example_bash_operator.py
[2022-08-03 07:59:45,546] {logging_mixin.py:115} INFO - [2022-08-03 07:59:45,545] {dag.py:2379} INFO - Sync 1 DAGs
[2022-08-03 07:59:45,567] {logging_mixin.py:115} INFO - [2022-08-03 07:59:45,567] {dag.py:2931} INFO - Setting next_dagrun for example_bash_operator to 2022-08-02T00:00:00+00:00, run_after=2022-08-03T00:00:00+00:00
[2022-08-03 07:59:45,582] {processor.py:161} INFO - Processing /home/airflow/.local/lib/python3.7/site-packages/airflow/example_dags/example_bash_operator.py took 0.082 seconds
[2022-08-03 12:46:13,503] {processor.py:153} INFO - Started process (PID=69) to work on /home/airflow/.local/lib/python3.7/site-packages/airflow/example_dags/example_bash_operator.py
[2022-08-03 12:46:13,505] {processor.py:641} INFO - Processing file /home/airflow/.local/lib/python3.7/site-packages/airflow/example_dags/example_bash_operator.py for tasks to queue
[2022-08-03 12:46:13,507] {logging_mixin.py:115} INFO - [2022-08-03 12:46:13,507] {dagbag.py:507} INFO - Filling up the DagBag from /home/airflow/.local/lib/python3.7/site-packages/airflow/example_dags/example_bash_operator.py
[2022-08-03 12:46:13,531] {processor.py:651} INFO - DAG(s) dict_keys(['example_bash_operator']) retrieved from /home/airflow/.local/lib/python3.7/site-packages/airflow/example_dags/example_bash_operator.py
[2022-08-03 12:46:13,585] {logging_mixin.py:115} INFO - [2022-08-03 12:46:13,585] {dag.py:2379} INFO - Sync 1 DAGs
[2022-08-03 12:46:13,629] {logging_mixin.py:115} INFO - [2022-08-03 12:46:13,629] {dag.py:2931} INFO - Setting next_dagrun for example_bash_operator to 2022-08-02T00:00:00+00:00, run_after=2022-08-03T00:00:00+00:00
[2022-08-03 12:46:13,660] {processor.py:161} INFO - Processing /home/airflow/.local/lib/python3.7/site-packages/airflow/example_dags/example_bash_operator.py took 0.159 seconds
[2022-08-03 12:46:44,216] {processor.py:153} INFO - Started process (PID=122) to work on /home/airflow/.local/lib/python3.7/site-packages/airflow/example_dags/example_bash_operator.py
[2022-08-03 12:46:44,219] {processor.py:641} INFO - Processing file /home/airflow/.local/lib/python3.7/site-packages/airflow/example_dags/example_bash_operator.py for tasks to queue
[2022-08-03 12:46:44,221] {logging_mixin.py:115} INFO - [2022-08-03 12:46:44,221] {dagbag.py:507} INFO - Filling up the DagBag from /home/airflow/.local/lib/python3.7/site-packages/airflow/example_dags/example_bash_operator.py
[2022-08-03 12:46:44,266] {processor.py:651} INFO - DAG(s) dict_keys(['example_bash_operator']) retrieved from /home/airflow/.local/lib/python3.7/site-packages/airflow/example_dags/example_bash_operator.py
[2022-08-03 12:46:44,324] {logging_mixin.py:115} INFO - [2022-08-03 12:46:44,323] {dag.py:2379} INFO - Sync 1 DAGs
[2022-08-03 12:46:44,359] {logging_mixin.py:115} INFO - [2022-08-03 12:46:44,359] {dag.py:2931} INFO - Setting next_dagrun for example_bash_operator to 2022-08-02T00:00:00+00:00, run_after=2022-08-03T00:00:00+00:00
[2022-08-03 12:46:44,383] {processor.py:161} INFO - Processing /home/airflow/.local/lib/python3.7/site-packages/airflow/example_dags/example_bash_operator.py took 0.170 seconds
[2022-08-03 12:47:14,930] {processor.py:153} INFO - Started process (PID=184) to work on /home/airflow/.local/lib/python3.7/site-packages/airflow/example_dags/example_bash_operator.py
[2022-08-03 12:47:14,931] {processor.py:641} INFO - Processing file /home/airflow/.local/lib/python3.7/site-packages/airflow/example_dags/example_bash_operator.py for tasks to queue
[2022-08-03 12:47:14,932] {logging_mixin.py:115} INFO - [2022-08-03 12:47:14,932] {dagbag.py:507} INFO - Filling up the DagBag from /home/airflow/.local/lib/python3.7/site-packages/airflow/example_dags/example_bash_operator.py
[2022-08-03 12:47:14,945] {processor.py:651} INFO - DAG(s) dict_keys(['example_bash_operator']) retrieved from /home/airflow/.local/lib/python3.7/site-packages/airflow/example_dags/example_bash_operator.py
[2022-08-03 12:47:14,969] {logging_mixin.py:115} INFO - [2022-08-03 12:47:14,969] {dag.py:2379} INFO - Sync 1 DAGs
[2022-08-03 12:47:14,987] {logging_mixin.py:115} INFO - [2022-08-03 12:47:14,987] {dag.py:2931} INFO - Setting next_dagrun for example_bash_operator to 2022-08-02T00:00:00+00:00, run_after=2022-08-03T00:00:00+00:00
[2022-08-03 12:47:15,006] {processor.py:161} INFO - Processing /home/airflow/.local/lib/python3.7/site-packages/airflow/example_dags/example_bash_operator.py took 0.079 seconds
[2022-08-03 12:47:45,720] {processor.py:153} INFO - Started process (PID=245) to work on /home/airflow/.local/lib/python3.7/site-packages/airflow/example_dags/example_bash_operator.py
[2022-08-03 12:47:45,722] {processor.py:641} INFO - Processing file /home/airflow/.local/lib/python3.7/site-packages/airflow/example_dags/example_bash_operator.py for tasks to queue
[2022-08-03 12:47:45,724] {logging_mixin.py:115} INFO - [2022-08-03 12:47:45,724] {dagbag.py:507} INFO - Filling up the DagBag from /home/airflow/.local/lib/python3.7/site-packages/airflow/example_dags/example_bash_operator.py
[2022-08-03 12:47:45,749] {processor.py:651} INFO - DAG(s) dict_keys(['example_bash_operator']) retrieved from /home/airflow/.local/lib/python3.7/site-packages/airflow/example_dags/example_bash_operator.py
[2022-08-03 12:47:45,796] {logging_mixin.py:115} INFO - [2022-08-03 12:47:45,796] {dag.py:2379} INFO - Sync 1 DAGs
[2022-08-03 12:47:45,836] {logging_mixin.py:115} INFO - [2022-08-03 12:47:45,836] {dag.py:2931} INFO - Setting next_dagrun for example_bash_operator to 2022-08-02T00:00:00+00:00, run_after=2022-08-03T00:00:00+00:00
[2022-08-03 12:47:45,856] {processor.py:161} INFO - Processing /home/airflow/.local/lib/python3.7/site-packages/airflow/example_dags/example_bash_operator.py took 0.138 seconds
[2022-08-03 12:48:16,238] {processor.py:153} INFO - Started process (PID=297) to work on /home/airflow/.local/lib/python3.7/site-packages/airflow/example_dags/example_bash_operator.py
[2022-08-03 12:48:16,240] {processor.py:641} INFO - Processing file /home/airflow/.local/lib/python3.7/site-packages/airflow/example_dags/example_bash_operator.py for tasks to queue
[2022-08-03 12:48:16,242] {logging_mixin.py:115} INFO - [2022-08-03 12:48:16,242] {dagbag.py:507} INFO - Filling up the DagBag from /home/airflow/.local/lib/python3.7/site-packages/airflow/example_dags/example_bash_operator.py
[2022-08-03 12:48:16,282] {processor.py:651} INFO - DAG(s) dict_keys(['example_bash_operator']) retrieved from /home/airflow/.local/lib/python3.7/site-packages/airflow/example_dags/example_bash_operator.py
[2022-08-03 12:48:16,342] {logging_mixin.py:115} INFO - [2022-08-03 12:48:16,342] {dag.py:2379} INFO - Sync 1 DAGs
[2022-08-03 12:48:16,365] {logging_mixin.py:115} INFO - [2022-08-03 12:48:16,365] {dag.py:2931} INFO - Setting next_dagrun for example_bash_operator to 2022-08-02T00:00:00+00:00, run_after=2022-08-03T00:00:00+00:00
[2022-08-03 12:48:16,384] {processor.py:161} INFO - Processing /home/airflow/.local/lib/python3.7/site-packages/airflow/example_dags/example_bash_operator.py took 0.148 seconds
[2022-08-03 12:48:47,323] {processor.py:153} INFO - Started process (PID=358) to work on /home/airflow/.local/lib/python3.7/site-packages/airflow/example_dags/example_bash_operator.py
[2022-08-03 12:48:47,326] {processor.py:641} INFO - Processing file /home/airflow/.local/lib/python3.7/site-packages/airflow/example_dags/example_bash_operator.py for tasks to queue
[2022-08-03 12:48:47,328] {logging_mixin.py:115} INFO - [2022-08-03 12:48:47,328] {dagbag.py:507} INFO - Filling up the DagBag from /home/airflow/.local/lib/python3.7/site-packages/airflow/example_dags/example_bash_operator.py
[2022-08-03 12:48:47,350] {processor.py:651} INFO - DAG(s) dict_keys(['example_bash_operator']) retrieved from /home/airflow/.local/lib/python3.7/site-packages/airflow/example_dags/example_bash_operator.py
[2022-08-03 12:48:47,396] {logging_mixin.py:115} INFO - [2022-08-03 12:48:47,396] {dag.py:2379} INFO - Sync 1 DAGs
[2022-08-03 12:48:47,433] {logging_mixin.py:115} INFO - [2022-08-03 12:48:47,433] {dag.py:2931} INFO - Setting next_dagrun for example_bash_operator to 2022-08-02T00:00:00+00:00, run_after=2022-08-03T00:00:00+00:00
[2022-08-03 12:48:47,452] {processor.py:161} INFO - Processing /home/airflow/.local/lib/python3.7/site-packages/airflow/example_dags/example_bash_operator.py took 0.131 seconds
[2022-08-03 12:49:18,499] {processor.py:153} INFO - Started process (PID=419) to work on /home/airflow/.local/lib/python3.7/site-packages/airflow/example_dags/example_bash_operator.py
[2022-08-03 12:49:18,503] {processor.py:641} INFO - Processing file /home/airflow/.local/lib/python3.7/site-packages/airflow/example_dags/example_bash_operator.py for tasks to queue
[2022-08-03 12:49:18,508] {logging_mixin.py:115} INFO - [2022-08-03 12:49:18,508] {dagbag.py:507} INFO - Filling up the DagBag from /home/airflow/.local/lib/python3.7/site-packages/airflow/example_dags/example_bash_operator.py
[2022-08-03 12:49:18,536] {processor.py:651} INFO - DAG(s) dict_keys(['example_bash_operator']) retrieved from /home/airflow/.local/lib/python3.7/site-packages/airflow/example_dags/example_bash_operator.py
[2022-08-03 12:49:18,582] {logging_mixin.py:115} INFO - [2022-08-03 12:49:18,582] {dag.py:2379} INFO - Sync 1 DAGs
[2022-08-03 12:49:18,619] {logging_mixin.py:115} INFO - [2022-08-03 12:49:18,619] {dag.py:2931} INFO - Setting next_dagrun for example_bash_operator to 2022-08-02T00:00:00+00:00, run_after=2022-08-03T00:00:00+00:00
[2022-08-03 12:49:18,650] {processor.py:161} INFO - Processing /home/airflow/.local/lib/python3.7/site-packages/airflow/example_dags/example_bash_operator.py took 0.153 seconds
[2022-08-03 12:49:49,371] {processor.py:153} INFO - Started process (PID=480) to work on /home/airflow/.local/lib/python3.7/site-packages/airflow/example_dags/example_bash_operator.py
[2022-08-03 12:49:49,372] {processor.py:641} INFO - Processing file /home/airflow/.local/lib/python3.7/site-packages/airflow/example_dags/example_bash_operator.py for tasks to queue
[2022-08-03 12:49:49,373] {logging_mixin.py:115} INFO - [2022-08-03 12:49:49,373] {dagbag.py:507} INFO - Filling up the DagBag from /home/airflow/.local/lib/python3.7/site-packages/airflow/example_dags/example_bash_operator.py
[2022-08-03 12:49:49,390] {processor.py:651} INFO - DAG(s) dict_keys(['example_bash_operator']) retrieved from /home/airflow/.local/lib/python3.7/site-packages/airflow/example_dags/example_bash_operator.py
[2022-08-03 12:49:49,432] {logging_mixin.py:115} INFO - [2022-08-03 12:49:49,432] {dag.py:2379} INFO - Sync 1 DAGs
[2022-08-03 12:49:49,468] {logging_mixin.py:115} INFO - [2022-08-03 12:49:49,467] {dag.py:2931} INFO - Setting next_dagrun for example_bash_operator to 2022-08-02T00:00:00+00:00, run_after=2022-08-03T00:00:00+00:00
[2022-08-03 12:49:49,487] {processor.py:161} INFO - Processing /home/airflow/.local/lib/python3.7/site-packages/airflow/example_dags/example_bash_operator.py took 0.119 seconds
[2022-08-03 12:50:20,125] {processor.py:153} INFO - Started process (PID=540) to work on /home/airflow/.local/lib/python3.7/site-packages/airflow/example_dags/example_bash_operator.py
[2022-08-03 12:50:20,133] {processor.py:641} INFO - Processing file /home/airflow/.local/lib/python3.7/site-packages/airflow/example_dags/example_bash_operator.py for tasks to queue
[2022-08-03 12:50:20,135] {logging_mixin.py:115} INFO - [2022-08-03 12:50:20,135] {dagbag.py:507} INFO - Filling up the DagBag from /home/airflow/.local/lib/python3.7/site-packages/airflow/example_dags/example_bash_operator.py
[2022-08-03 12:50:20,176] {processor.py:651} INFO - DAG(s) dict_keys(['example_bash_operator']) retrieved from /home/airflow/.local/lib/python3.7/site-packages/airflow/example_dags/example_bash_operator.py
[2022-08-03 12:50:20,245] {logging_mixin.py:115} INFO - [2022-08-03 12:50:20,245] {dag.py:2379} INFO - Sync 1 DAGs
[2022-08-03 12:50:20,292] {logging_mixin.py:115} INFO - [2022-08-03 12:50:20,292] {dag.py:2931} INFO - Setting next_dagrun for example_bash_operator to 2022-08-02T00:00:00+00:00, run_after=2022-08-03T00:00:00+00:00
[2022-08-03 12:50:20,310] {processor.py:161} INFO - Processing /home/airflow/.local/lib/python3.7/site-packages/airflow/example_dags/example_bash_operator.py took 0.187 seconds
[2022-08-03 12:50:50,600] {processor.py:153} INFO - Started process (PID=593) to work on /home/airflow/.local/lib/python3.7/site-packages/airflow/example_dags/example_bash_operator.py
[2022-08-03 12:50:50,602] {processor.py:641} INFO - Processing file /home/airflow/.local/lib/python3.7/site-packages/airflow/example_dags/example_bash_operator.py for tasks to queue
[2022-08-03 12:50:50,603] {logging_mixin.py:115} INFO - [2022-08-03 12:50:50,603] {dagbag.py:507} INFO - Filling up the DagBag from /home/airflow/.local/lib/python3.7/site-packages/airflow/example_dags/example_bash_operator.py
[2022-08-03 12:50:50,618] {processor.py:651} INFO - DAG(s) dict_keys(['example_bash_operator']) retrieved from /home/airflow/.local/lib/python3.7/site-packages/airflow/example_dags/example_bash_operator.py
[2022-08-03 12:50:50,649] {logging_mixin.py:115} INFO - [2022-08-03 12:50:50,649] {dag.py:2379} INFO - Sync 1 DAGs
[2022-08-03 12:50:50,673] {logging_mixin.py:115} INFO - [2022-08-03 12:50:50,672] {dag.py:2931} INFO - Setting next_dagrun for example_bash_operator to 2022-08-02T00:00:00+00:00, run_after=2022-08-03T00:00:00+00:00
[2022-08-03 12:50:50,690] {processor.py:161} INFO - Processing /home/airflow/.local/lib/python3.7/site-packages/airflow/example_dags/example_bash_operator.py took 0.093 seconds
[2022-08-03 12:51:21,477] {processor.py:153} INFO - Started process (PID=655) to work on /home/airflow/.local/lib/python3.7/site-packages/airflow/example_dags/example_bash_operator.py
[2022-08-03 12:51:21,480] {processor.py:641} INFO - Processing file /home/airflow/.local/lib/python3.7/site-packages/airflow/example_dags/example_bash_operator.py for tasks to queue
[2022-08-03 12:51:21,482] {logging_mixin.py:115} INFO - [2022-08-03 12:51:21,482] {dagbag.py:507} INFO - Filling up the DagBag from /home/airflow/.local/lib/python3.7/site-packages/airflow/example_dags/example_bash_operator.py
[2022-08-03 12:51:21,495] {processor.py:651} INFO - DAG(s) dict_keys(['example_bash_operator']) retrieved from /home/airflow/.local/lib/python3.7/site-packages/airflow/example_dags/example_bash_operator.py
[2022-08-03 12:51:21,521] {logging_mixin.py:115} INFO - [2022-08-03 12:51:21,520] {dag.py:2379} INFO - Sync 1 DAGs
[2022-08-03 12:51:21,550] {logging_mixin.py:115} INFO - [2022-08-03 12:51:21,550] {dag.py:2931} INFO - Setting next_dagrun for example_bash_operator to 2022-08-02T00:00:00+00:00, run_after=2022-08-03T00:00:00+00:00
[2022-08-03 12:51:21,561] {processor.py:161} INFO - Processing /home/airflow/.local/lib/python3.7/site-packages/airflow/example_dags/example_bash_operator.py took 0.087 seconds
[2022-08-03 12:51:52,420] {processor.py:153} INFO - Started process (PID=716) to work on /home/airflow/.local/lib/python3.7/site-packages/airflow/example_dags/example_bash_operator.py
[2022-08-03 12:51:52,421] {processor.py:641} INFO - Processing file /home/airflow/.local/lib/python3.7/site-packages/airflow/example_dags/example_bash_operator.py for tasks to queue
[2022-08-03 12:51:52,423] {logging_mixin.py:115} INFO - [2022-08-03 12:51:52,423] {dagbag.py:507} INFO - Filling up the DagBag from /home/airflow/.local/lib/python3.7/site-packages/airflow/example_dags/example_bash_operator.py
[2022-08-03 12:51:52,434] {processor.py:651} INFO - DAG(s) dict_keys(['example_bash_operator']) retrieved from /home/airflow/.local/lib/python3.7/site-packages/airflow/example_dags/example_bash_operator.py
[2022-08-03 12:51:52,460] {logging_mixin.py:115} INFO - [2022-08-03 12:51:52,460] {dag.py:2379} INFO - Sync 1 DAGs
[2022-08-03 12:51:52,494] {logging_mixin.py:115} INFO - [2022-08-03 12:51:52,493] {dag.py:2931} INFO - Setting next_dagrun for example_bash_operator to 2022-08-02T00:00:00+00:00, run_after=2022-08-03T00:00:00+00:00
[2022-08-03 12:51:52,509] {processor.py:161} INFO - Processing /home/airflow/.local/lib/python3.7/site-packages/airflow/example_dags/example_bash_operator.py took 0.092 seconds
[2022-08-03 12:52:23,058] {processor.py:153} INFO - Started process (PID=778) to work on /home/airflow/.local/lib/python3.7/site-packages/airflow/example_dags/example_bash_operator.py
[2022-08-03 12:52:23,062] {processor.py:641} INFO - Processing file /home/airflow/.local/lib/python3.7/site-packages/airflow/example_dags/example_bash_operator.py for tasks to queue
[2022-08-03 12:52:23,065] {logging_mixin.py:115} INFO - [2022-08-03 12:52:23,065] {dagbag.py:507} INFO - Filling up the DagBag from /home/airflow/.local/lib/python3.7/site-packages/airflow/example_dags/example_bash_operator.py
[2022-08-03 12:52:23,082] {processor.py:651} INFO - DAG(s) dict_keys(['example_bash_operator']) retrieved from /home/airflow/.local/lib/python3.7/site-packages/airflow/example_dags/example_bash_operator.py
[2022-08-03 12:52:23,119] {logging_mixin.py:115} INFO - [2022-08-03 12:52:23,119] {dag.py:2379} INFO - Sync 1 DAGs
[2022-08-03 12:52:23,150] {logging_mixin.py:115} INFO - [2022-08-03 12:52:23,150] {dag.py:2931} INFO - Setting next_dagrun for example_bash_operator to 2022-08-02T00:00:00+00:00, run_after=2022-08-03T00:00:00+00:00
[2022-08-03 12:52:23,177] {processor.py:161} INFO - Processing /home/airflow/.local/lib/python3.7/site-packages/airflow/example_dags/example_bash_operator.py took 0.121 seconds
