[2022-08-03 07:59:10,793] {processor.py:153} INFO - Started process (PID=49) to work on /home/airflow/.local/lib/python3.7/site-packages/airflow/example_dags/example_branch_operator_decorator.py
[2022-08-03 07:59:10,794] {processor.py:641} INFO - Processing file /home/airflow/.local/lib/python3.7/site-packages/airflow/example_dags/example_branch_operator_decorator.py for tasks to queue
[2022-08-03 07:59:10,815] {logging_mixin.py:115} INFO - [2022-08-03 07:59:10,815] {dagbag.py:507} INFO - Filling up the DagBag from /home/airflow/.local/lib/python3.7/site-packages/airflow/example_dags/example_branch_operator_decorator.py
[2022-08-03 07:59:10,898] {processor.py:651} INFO - DAG(s) dict_keys(['example_branch_python_operator_decorator']) retrieved from /home/airflow/.local/lib/python3.7/site-packages/airflow/example_dags/example_branch_operator_decorator.py
[2022-08-03 07:59:11,000] {logging_mixin.py:115} INFO - [2022-08-03 07:59:11,000] {dag.py:2379} INFO - Sync 1 DAGs
[2022-08-03 07:59:11,091] {logging_mixin.py:115} INFO - [2022-08-03 07:59:11,091] {dag.py:2931} INFO - Setting next_dagrun for example_branch_python_operator_decorator to 2022-08-02T00:00:00+00:00, run_after=2022-08-03T00:00:00+00:00
[2022-08-03 07:59:11,137] {processor.py:161} INFO - Processing /home/airflow/.local/lib/python3.7/site-packages/airflow/example_dags/example_branch_operator_decorator.py took 0.347 seconds
[2022-08-03 07:59:41,732] {processor.py:153} INFO - Started process (PID=103) to work on /home/airflow/.local/lib/python3.7/site-packages/airflow/example_dags/example_branch_operator_decorator.py
[2022-08-03 07:59:41,733] {processor.py:641} INFO - Processing file /home/airflow/.local/lib/python3.7/site-packages/airflow/example_dags/example_branch_operator_decorator.py for tasks to queue
[2022-08-03 07:59:41,736] {logging_mixin.py:115} INFO - [2022-08-03 07:59:41,736] {dagbag.py:507} INFO - Filling up the DagBag from /home/airflow/.local/lib/python3.7/site-packages/airflow/example_dags/example_branch_operator_decorator.py
[2022-08-03 07:59:41,751] {processor.py:651} INFO - DAG(s) dict_keys(['example_branch_python_operator_decorator']) retrieved from /home/airflow/.local/lib/python3.7/site-packages/airflow/example_dags/example_branch_operator_decorator.py
[2022-08-03 07:59:41,777] {logging_mixin.py:115} INFO - [2022-08-03 07:59:41,776] {dag.py:2379} INFO - Sync 1 DAGs
[2022-08-03 07:59:41,796] {logging_mixin.py:115} INFO - [2022-08-03 07:59:41,796] {dag.py:2931} INFO - Setting next_dagrun for example_branch_python_operator_decorator to 2022-08-02T00:00:00+00:00, run_after=2022-08-03T00:00:00+00:00
[2022-08-03 07:59:41,806] {processor.py:161} INFO - Processing /home/airflow/.local/lib/python3.7/site-packages/airflow/example_dags/example_branch_operator_decorator.py took 0.077 seconds
[2022-08-03 12:46:09,623] {processor.py:153} INFO - Started process (PID=52) to work on /home/airflow/.local/lib/python3.7/site-packages/airflow/example_dags/example_branch_operator_decorator.py
[2022-08-03 12:46:09,625] {processor.py:641} INFO - Processing file /home/airflow/.local/lib/python3.7/site-packages/airflow/example_dags/example_branch_operator_decorator.py for tasks to queue
[2022-08-03 12:46:09,642] {logging_mixin.py:115} INFO - [2022-08-03 12:46:09,642] {dagbag.py:507} INFO - Filling up the DagBag from /home/airflow/.local/lib/python3.7/site-packages/airflow/example_dags/example_branch_operator_decorator.py
[2022-08-03 12:46:09,728] {processor.py:651} INFO - DAG(s) dict_keys(['example_branch_python_operator_decorator']) retrieved from /home/airflow/.local/lib/python3.7/site-packages/airflow/example_dags/example_branch_operator_decorator.py
[2022-08-03 12:46:09,803] {logging_mixin.py:115} INFO - [2022-08-03 12:46:09,803] {dag.py:2379} INFO - Sync 1 DAGs
[2022-08-03 12:46:09,898] {logging_mixin.py:115} INFO - [2022-08-03 12:46:09,898] {dag.py:2931} INFO - Setting next_dagrun for example_branch_python_operator_decorator to 2022-08-02T00:00:00+00:00, run_after=2022-08-03T00:00:00+00:00
[2022-08-03 12:46:09,949] {processor.py:161} INFO - Processing /home/airflow/.local/lib/python3.7/site-packages/airflow/example_dags/example_branch_operator_decorator.py took 0.352 seconds
[2022-08-03 12:46:40,364] {processor.py:153} INFO - Started process (PID=105) to work on /home/airflow/.local/lib/python3.7/site-packages/airflow/example_dags/example_branch_operator_decorator.py
[2022-08-03 12:46:40,373] {processor.py:641} INFO - Processing file /home/airflow/.local/lib/python3.7/site-packages/airflow/example_dags/example_branch_operator_decorator.py for tasks to queue
[2022-08-03 12:46:40,376] {logging_mixin.py:115} INFO - [2022-08-03 12:46:40,376] {dagbag.py:507} INFO - Filling up the DagBag from /home/airflow/.local/lib/python3.7/site-packages/airflow/example_dags/example_branch_operator_decorator.py
[2022-08-03 12:46:40,413] {processor.py:651} INFO - DAG(s) dict_keys(['example_branch_python_operator_decorator']) retrieved from /home/airflow/.local/lib/python3.7/site-packages/airflow/example_dags/example_branch_operator_decorator.py
[2022-08-03 12:46:40,459] {logging_mixin.py:115} INFO - [2022-08-03 12:46:40,459] {dag.py:2379} INFO - Sync 1 DAGs
[2022-08-03 12:46:40,490] {logging_mixin.py:115} INFO - [2022-08-03 12:46:40,490] {dag.py:2931} INFO - Setting next_dagrun for example_branch_python_operator_decorator to 2022-08-02T00:00:00+00:00, run_after=2022-08-03T00:00:00+00:00
[2022-08-03 12:46:40,506] {processor.py:161} INFO - Processing /home/airflow/.local/lib/python3.7/site-packages/airflow/example_dags/example_branch_operator_decorator.py took 0.144 seconds
[2022-08-03 12:47:11,179] {processor.py:153} INFO - Started process (PID=167) to work on /home/airflow/.local/lib/python3.7/site-packages/airflow/example_dags/example_branch_operator_decorator.py
[2022-08-03 12:47:11,181] {processor.py:641} INFO - Processing file /home/airflow/.local/lib/python3.7/site-packages/airflow/example_dags/example_branch_operator_decorator.py for tasks to queue
[2022-08-03 12:47:11,183] {logging_mixin.py:115} INFO - [2022-08-03 12:47:11,183] {dagbag.py:507} INFO - Filling up the DagBag from /home/airflow/.local/lib/python3.7/site-packages/airflow/example_dags/example_branch_operator_decorator.py
[2022-08-03 12:47:11,202] {processor.py:651} INFO - DAG(s) dict_keys(['example_branch_python_operator_decorator']) retrieved from /home/airflow/.local/lib/python3.7/site-packages/airflow/example_dags/example_branch_operator_decorator.py
[2022-08-03 12:47:11,235] {logging_mixin.py:115} INFO - [2022-08-03 12:47:11,235] {dag.py:2379} INFO - Sync 1 DAGs
[2022-08-03 12:47:11,262] {logging_mixin.py:115} INFO - [2022-08-03 12:47:11,261] {dag.py:2931} INFO - Setting next_dagrun for example_branch_python_operator_decorator to 2022-08-02T00:00:00+00:00, run_after=2022-08-03T00:00:00+00:00
[2022-08-03 12:47:11,277] {processor.py:161} INFO - Processing /home/airflow/.local/lib/python3.7/site-packages/airflow/example_dags/example_branch_operator_decorator.py took 0.101 seconds
[2022-08-03 12:47:41,586] {processor.py:153} INFO - Started process (PID=219) to work on /home/airflow/.local/lib/python3.7/site-packages/airflow/example_dags/example_branch_operator_decorator.py
[2022-08-03 12:47:41,590] {processor.py:641} INFO - Processing file /home/airflow/.local/lib/python3.7/site-packages/airflow/example_dags/example_branch_operator_decorator.py for tasks to queue
[2022-08-03 12:47:41,591] {logging_mixin.py:115} INFO - [2022-08-03 12:47:41,591] {dagbag.py:507} INFO - Filling up the DagBag from /home/airflow/.local/lib/python3.7/site-packages/airflow/example_dags/example_branch_operator_decorator.py
[2022-08-03 12:47:41,612] {processor.py:651} INFO - DAG(s) dict_keys(['example_branch_python_operator_decorator']) retrieved from /home/airflow/.local/lib/python3.7/site-packages/airflow/example_dags/example_branch_operator_decorator.py
[2022-08-03 12:47:41,636] {logging_mixin.py:115} INFO - [2022-08-03 12:47:41,636] {dag.py:2379} INFO - Sync 1 DAGs
[2022-08-03 12:47:41,659] {logging_mixin.py:115} INFO - [2022-08-03 12:47:41,658] {dag.py:2931} INFO - Setting next_dagrun for example_branch_python_operator_decorator to 2022-08-02T00:00:00+00:00, run_after=2022-08-03T00:00:00+00:00
[2022-08-03 12:47:41,674] {processor.py:161} INFO - Processing /home/airflow/.local/lib/python3.7/site-packages/airflow/example_dags/example_branch_operator_decorator.py took 0.090 seconds
[2022-08-03 12:48:12,324] {processor.py:153} INFO - Started process (PID=280) to work on /home/airflow/.local/lib/python3.7/site-packages/airflow/example_dags/example_branch_operator_decorator.py
[2022-08-03 12:48:12,326] {processor.py:641} INFO - Processing file /home/airflow/.local/lib/python3.7/site-packages/airflow/example_dags/example_branch_operator_decorator.py for tasks to queue
[2022-08-03 12:48:12,331] {logging_mixin.py:115} INFO - [2022-08-03 12:48:12,329] {dagbag.py:507} INFO - Filling up the DagBag from /home/airflow/.local/lib/python3.7/site-packages/airflow/example_dags/example_branch_operator_decorator.py
[2022-08-03 12:48:12,382] {processor.py:651} INFO - DAG(s) dict_keys(['example_branch_python_operator_decorator']) retrieved from /home/airflow/.local/lib/python3.7/site-packages/airflow/example_dags/example_branch_operator_decorator.py
[2022-08-03 12:48:12,439] {logging_mixin.py:115} INFO - [2022-08-03 12:48:12,439] {dag.py:2379} INFO - Sync 1 DAGs
[2022-08-03 12:48:12,482] {logging_mixin.py:115} INFO - [2022-08-03 12:48:12,482] {dag.py:2931} INFO - Setting next_dagrun for example_branch_python_operator_decorator to 2022-08-02T00:00:00+00:00, run_after=2022-08-03T00:00:00+00:00
[2022-08-03 12:48:12,515] {processor.py:161} INFO - Processing /home/airflow/.local/lib/python3.7/site-packages/airflow/example_dags/example_branch_operator_decorator.py took 0.195 seconds
[2022-08-03 12:48:42,587] {processor.py:153} INFO - Started process (PID=341) to work on /home/airflow/.local/lib/python3.7/site-packages/airflow/example_dags/example_branch_operator_decorator.py
[2022-08-03 12:48:42,593] {processor.py:641} INFO - Processing file /home/airflow/.local/lib/python3.7/site-packages/airflow/example_dags/example_branch_operator_decorator.py for tasks to queue
[2022-08-03 12:48:42,598] {logging_mixin.py:115} INFO - [2022-08-03 12:48:42,598] {dagbag.py:507} INFO - Filling up the DagBag from /home/airflow/.local/lib/python3.7/site-packages/airflow/example_dags/example_branch_operator_decorator.py
[2022-08-03 12:48:42,667] {processor.py:651} INFO - DAG(s) dict_keys(['example_branch_python_operator_decorator']) retrieved from /home/airflow/.local/lib/python3.7/site-packages/airflow/example_dags/example_branch_operator_decorator.py
[2022-08-03 12:48:42,697] {logging_mixin.py:115} INFO - [2022-08-03 12:48:42,697] {dag.py:2379} INFO - Sync 1 DAGs
[2022-08-03 12:48:42,717] {logging_mixin.py:115} INFO - [2022-08-03 12:48:42,717] {dag.py:2931} INFO - Setting next_dagrun for example_branch_python_operator_decorator to 2022-08-02T00:00:00+00:00, run_after=2022-08-03T00:00:00+00:00
[2022-08-03 12:48:42,730] {processor.py:161} INFO - Processing /home/airflow/.local/lib/python3.7/site-packages/airflow/example_dags/example_branch_operator_decorator.py took 0.145 seconds
[2022-08-03 12:49:13,003] {processor.py:153} INFO - Started process (PID=400) to work on /home/airflow/.local/lib/python3.7/site-packages/airflow/example_dags/example_branch_operator_decorator.py
[2022-08-03 12:49:13,015] {processor.py:641} INFO - Processing file /home/airflow/.local/lib/python3.7/site-packages/airflow/example_dags/example_branch_operator_decorator.py for tasks to queue
[2022-08-03 12:49:13,018] {logging_mixin.py:115} INFO - [2022-08-03 12:49:13,018] {dagbag.py:507} INFO - Filling up the DagBag from /home/airflow/.local/lib/python3.7/site-packages/airflow/example_dags/example_branch_operator_decorator.py
[2022-08-03 12:49:13,056] {processor.py:651} INFO - DAG(s) dict_keys(['example_branch_python_operator_decorator']) retrieved from /home/airflow/.local/lib/python3.7/site-packages/airflow/example_dags/example_branch_operator_decorator.py
[2022-08-03 12:49:13,082] {logging_mixin.py:115} INFO - [2022-08-03 12:49:13,082] {dag.py:2379} INFO - Sync 1 DAGs
[2022-08-03 12:49:13,103] {logging_mixin.py:115} INFO - [2022-08-03 12:49:13,103] {dag.py:2931} INFO - Setting next_dagrun for example_branch_python_operator_decorator to 2022-08-02T00:00:00+00:00, run_after=2022-08-03T00:00:00+00:00
[2022-08-03 12:49:13,135] {processor.py:161} INFO - Processing /home/airflow/.local/lib/python3.7/site-packages/airflow/example_dags/example_branch_operator_decorator.py took 0.135 seconds
[2022-08-03 12:49:43,976] {processor.py:153} INFO - Started process (PID=454) to work on /home/airflow/.local/lib/python3.7/site-packages/airflow/example_dags/example_branch_operator_decorator.py
[2022-08-03 12:49:43,978] {processor.py:641} INFO - Processing file /home/airflow/.local/lib/python3.7/site-packages/airflow/example_dags/example_branch_operator_decorator.py for tasks to queue
[2022-08-03 12:49:43,979] {logging_mixin.py:115} INFO - [2022-08-03 12:49:43,979] {dagbag.py:507} INFO - Filling up the DagBag from /home/airflow/.local/lib/python3.7/site-packages/airflow/example_dags/example_branch_operator_decorator.py
[2022-08-03 12:49:44,005] {processor.py:651} INFO - DAG(s) dict_keys(['example_branch_python_operator_decorator']) retrieved from /home/airflow/.local/lib/python3.7/site-packages/airflow/example_dags/example_branch_operator_decorator.py
[2022-08-03 12:49:44,037] {logging_mixin.py:115} INFO - [2022-08-03 12:49:44,037] {dag.py:2379} INFO - Sync 1 DAGs
[2022-08-03 12:49:44,061] {logging_mixin.py:115} INFO - [2022-08-03 12:49:44,061] {dag.py:2931} INFO - Setting next_dagrun for example_branch_python_operator_decorator to 2022-08-02T00:00:00+00:00, run_after=2022-08-03T00:00:00+00:00
[2022-08-03 12:49:44,075] {processor.py:161} INFO - Processing /home/airflow/.local/lib/python3.7/site-packages/airflow/example_dags/example_branch_operator_decorator.py took 0.101 seconds
[2022-08-03 12:50:14,665] {processor.py:153} INFO - Started process (PID=515) to work on /home/airflow/.local/lib/python3.7/site-packages/airflow/example_dags/example_branch_operator_decorator.py
[2022-08-03 12:50:14,670] {processor.py:641} INFO - Processing file /home/airflow/.local/lib/python3.7/site-packages/airflow/example_dags/example_branch_operator_decorator.py for tasks to queue
[2022-08-03 12:50:14,673] {logging_mixin.py:115} INFO - [2022-08-03 12:50:14,673] {dagbag.py:507} INFO - Filling up the DagBag from /home/airflow/.local/lib/python3.7/site-packages/airflow/example_dags/example_branch_operator_decorator.py
[2022-08-03 12:50:14,713] {processor.py:651} INFO - DAG(s) dict_keys(['example_branch_python_operator_decorator']) retrieved from /home/airflow/.local/lib/python3.7/site-packages/airflow/example_dags/example_branch_operator_decorator.py
[2022-08-03 12:50:14,741] {logging_mixin.py:115} INFO - [2022-08-03 12:50:14,741] {dag.py:2379} INFO - Sync 1 DAGs
[2022-08-03 12:50:14,758] {logging_mixin.py:115} INFO - [2022-08-03 12:50:14,758] {dag.py:2931} INFO - Setting next_dagrun for example_branch_python_operator_decorator to 2022-08-02T00:00:00+00:00, run_after=2022-08-03T00:00:00+00:00
[2022-08-03 12:50:14,774] {processor.py:161} INFO - Processing /home/airflow/.local/lib/python3.7/site-packages/airflow/example_dags/example_branch_operator_decorator.py took 0.110 seconds
[2022-08-03 12:50:45,340] {processor.py:153} INFO - Started process (PID=576) to work on /home/airflow/.local/lib/python3.7/site-packages/airflow/example_dags/example_branch_operator_decorator.py
[2022-08-03 12:50:45,342] {processor.py:641} INFO - Processing file /home/airflow/.local/lib/python3.7/site-packages/airflow/example_dags/example_branch_operator_decorator.py for tasks to queue
[2022-08-03 12:50:45,344] {logging_mixin.py:115} INFO - [2022-08-03 12:50:45,344] {dagbag.py:507} INFO - Filling up the DagBag from /home/airflow/.local/lib/python3.7/site-packages/airflow/example_dags/example_branch_operator_decorator.py
[2022-08-03 12:50:45,361] {processor.py:651} INFO - DAG(s) dict_keys(['example_branch_python_operator_decorator']) retrieved from /home/airflow/.local/lib/python3.7/site-packages/airflow/example_dags/example_branch_operator_decorator.py
[2022-08-03 12:50:45,378] {logging_mixin.py:115} INFO - [2022-08-03 12:50:45,378] {dag.py:2379} INFO - Sync 1 DAGs
[2022-08-03 12:50:45,405] {logging_mixin.py:115} INFO - [2022-08-03 12:50:45,405] {dag.py:2931} INFO - Setting next_dagrun for example_branch_python_operator_decorator to 2022-08-02T00:00:00+00:00, run_after=2022-08-03T00:00:00+00:00
[2022-08-03 12:50:45,424] {processor.py:161} INFO - Processing /home/airflow/.local/lib/python3.7/site-packages/airflow/example_dags/example_branch_operator_decorator.py took 0.085 seconds
[2022-08-03 12:51:15,888] {processor.py:153} INFO - Started process (PID=638) to work on /home/airflow/.local/lib/python3.7/site-packages/airflow/example_dags/example_branch_operator_decorator.py
[2022-08-03 12:51:15,890] {processor.py:641} INFO - Processing file /home/airflow/.local/lib/python3.7/site-packages/airflow/example_dags/example_branch_operator_decorator.py for tasks to queue
[2022-08-03 12:51:15,891] {logging_mixin.py:115} INFO - [2022-08-03 12:51:15,891] {dagbag.py:507} INFO - Filling up the DagBag from /home/airflow/.local/lib/python3.7/site-packages/airflow/example_dags/example_branch_operator_decorator.py
[2022-08-03 12:51:15,908] {processor.py:651} INFO - DAG(s) dict_keys(['example_branch_python_operator_decorator']) retrieved from /home/airflow/.local/lib/python3.7/site-packages/airflow/example_dags/example_branch_operator_decorator.py
[2022-08-03 12:51:15,939] {logging_mixin.py:115} INFO - [2022-08-03 12:51:15,938] {dag.py:2379} INFO - Sync 1 DAGs
[2022-08-03 12:51:15,958] {logging_mixin.py:115} INFO - [2022-08-03 12:51:15,958] {dag.py:2931} INFO - Setting next_dagrun for example_branch_python_operator_decorator to 2022-08-02T00:00:00+00:00, run_after=2022-08-03T00:00:00+00:00
[2022-08-03 12:51:15,971] {processor.py:161} INFO - Processing /home/airflow/.local/lib/python3.7/site-packages/airflow/example_dags/example_branch_operator_decorator.py took 0.085 seconds
[2022-08-03 12:51:46,883] {processor.py:153} INFO - Started process (PID=690) to work on /home/airflow/.local/lib/python3.7/site-packages/airflow/example_dags/example_branch_operator_decorator.py
[2022-08-03 12:51:46,885] {processor.py:641} INFO - Processing file /home/airflow/.local/lib/python3.7/site-packages/airflow/example_dags/example_branch_operator_decorator.py for tasks to queue
[2022-08-03 12:51:46,888] {logging_mixin.py:115} INFO - [2022-08-03 12:51:46,888] {dagbag.py:507} INFO - Filling up the DagBag from /home/airflow/.local/lib/python3.7/site-packages/airflow/example_dags/example_branch_operator_decorator.py
[2022-08-03 12:51:46,908] {processor.py:651} INFO - DAG(s) dict_keys(['example_branch_python_operator_decorator']) retrieved from /home/airflow/.local/lib/python3.7/site-packages/airflow/example_dags/example_branch_operator_decorator.py
[2022-08-03 12:51:46,933] {logging_mixin.py:115} INFO - [2022-08-03 12:51:46,933] {dag.py:2379} INFO - Sync 1 DAGs
[2022-08-03 12:51:46,954] {logging_mixin.py:115} INFO - [2022-08-03 12:51:46,953] {dag.py:2931} INFO - Setting next_dagrun for example_branch_python_operator_decorator to 2022-08-02T00:00:00+00:00, run_after=2022-08-03T00:00:00+00:00
[2022-08-03 12:51:46,964] {processor.py:161} INFO - Processing /home/airflow/.local/lib/python3.7/site-packages/airflow/example_dags/example_branch_operator_decorator.py took 0.083 seconds
[2022-08-03 12:52:17,631] {processor.py:153} INFO - Started process (PID=752) to work on /home/airflow/.local/lib/python3.7/site-packages/airflow/example_dags/example_branch_operator_decorator.py
[2022-08-03 12:52:17,633] {processor.py:641} INFO - Processing file /home/airflow/.local/lib/python3.7/site-packages/airflow/example_dags/example_branch_operator_decorator.py for tasks to queue
[2022-08-03 12:52:17,634] {logging_mixin.py:115} INFO - [2022-08-03 12:52:17,634] {dagbag.py:507} INFO - Filling up the DagBag from /home/airflow/.local/lib/python3.7/site-packages/airflow/example_dags/example_branch_operator_decorator.py
[2022-08-03 12:52:17,650] {processor.py:651} INFO - DAG(s) dict_keys(['example_branch_python_operator_decorator']) retrieved from /home/airflow/.local/lib/python3.7/site-packages/airflow/example_dags/example_branch_operator_decorator.py
[2022-08-03 12:52:17,675] {logging_mixin.py:115} INFO - [2022-08-03 12:52:17,675] {dag.py:2379} INFO - Sync 1 DAGs
[2022-08-03 12:52:17,697] {logging_mixin.py:115} INFO - [2022-08-03 12:52:17,697] {dag.py:2931} INFO - Setting next_dagrun for example_branch_python_operator_decorator to 2022-08-02T00:00:00+00:00, run_after=2022-08-03T00:00:00+00:00
[2022-08-03 12:52:17,710] {processor.py:161} INFO - Processing /home/airflow/.local/lib/python3.7/site-packages/airflow/example_dags/example_branch_operator_decorator.py took 0.082 seconds
