[2022-08-03 07:59:13,597] {processor.py:153} INFO - Started process (PID=61) to work on /home/airflow/.local/lib/python3.7/site-packages/airflow/example_dags/example_branch_python_dop_operator_3.py
[2022-08-03 07:59:13,601] {processor.py:641} INFO - Processing file /home/airflow/.local/lib/python3.7/site-packages/airflow/example_dags/example_branch_python_dop_operator_3.py for tasks to queue
[2022-08-03 07:59:13,607] {logging_mixin.py:115} INFO - [2022-08-03 07:59:13,607] {dagbag.py:507} INFO - Filling up the DagBag from /home/airflow/.local/lib/python3.7/site-packages/airflow/example_dags/example_branch_python_dop_operator_3.py
[2022-08-03 07:59:13,668] {processor.py:651} INFO - DAG(s) dict_keys(['example_branch_dop_operator_v3']) retrieved from /home/airflow/.local/lib/python3.7/site-packages/airflow/example_dags/example_branch_python_dop_operator_3.py
[2022-08-03 07:59:13,758] {logging_mixin.py:115} INFO - [2022-08-03 07:59:13,758] {dag.py:2379} INFO - Sync 1 DAGs
[2022-08-03 07:59:13,838] {logging_mixin.py:115} INFO - [2022-08-03 07:59:13,838] {dag.py:2931} INFO - Setting next_dagrun for example_branch_dop_operator_v3 to 2022-08-03T07:58:00+00:00, run_after=2022-08-03T07:59:00+00:00
[2022-08-03 07:59:13,861] {processor.py:161} INFO - Processing /home/airflow/.local/lib/python3.7/site-packages/airflow/example_dags/example_branch_python_dop_operator_3.py took 0.268 seconds
[2022-08-03 07:59:43,912] {processor.py:153} INFO - Started process (PID=115) to work on /home/airflow/.local/lib/python3.7/site-packages/airflow/example_dags/example_branch_python_dop_operator_3.py
[2022-08-03 07:59:43,914] {processor.py:641} INFO - Processing file /home/airflow/.local/lib/python3.7/site-packages/airflow/example_dags/example_branch_python_dop_operator_3.py for tasks to queue
[2022-08-03 07:59:43,916] {logging_mixin.py:115} INFO - [2022-08-03 07:59:43,916] {dagbag.py:507} INFO - Filling up the DagBag from /home/airflow/.local/lib/python3.7/site-packages/airflow/example_dags/example_branch_python_dop_operator_3.py
[2022-08-03 07:59:43,930] {processor.py:651} INFO - DAG(s) dict_keys(['example_branch_dop_operator_v3']) retrieved from /home/airflow/.local/lib/python3.7/site-packages/airflow/example_dags/example_branch_python_dop_operator_3.py
[2022-08-03 07:59:43,965] {logging_mixin.py:115} INFO - [2022-08-03 07:59:43,965] {dag.py:2379} INFO - Sync 1 DAGs
[2022-08-03 07:59:43,996] {logging_mixin.py:115} INFO - [2022-08-03 07:59:43,996] {dag.py:2931} INFO - Setting next_dagrun for example_branch_dop_operator_v3 to 2022-08-03T07:58:00+00:00, run_after=2022-08-03T07:59:00+00:00
[2022-08-03 07:59:44,014] {processor.py:161} INFO - Processing /home/airflow/.local/lib/python3.7/site-packages/airflow/example_dags/example_branch_python_dop_operator_3.py took 0.105 seconds
[2022-08-03 12:46:12,052] {processor.py:153} INFO - Started process (PID=64) to work on /home/airflow/.local/lib/python3.7/site-packages/airflow/example_dags/example_branch_python_dop_operator_3.py
[2022-08-03 12:46:12,053] {processor.py:641} INFO - Processing file /home/airflow/.local/lib/python3.7/site-packages/airflow/example_dags/example_branch_python_dop_operator_3.py for tasks to queue
[2022-08-03 12:46:12,054] {logging_mixin.py:115} INFO - [2022-08-03 12:46:12,054] {dagbag.py:507} INFO - Filling up the DagBag from /home/airflow/.local/lib/python3.7/site-packages/airflow/example_dags/example_branch_python_dop_operator_3.py
[2022-08-03 12:46:12,086] {processor.py:651} INFO - DAG(s) dict_keys(['example_branch_dop_operator_v3']) retrieved from /home/airflow/.local/lib/python3.7/site-packages/airflow/example_dags/example_branch_python_dop_operator_3.py
[2022-08-03 12:46:12,228] {logging_mixin.py:115} INFO - [2022-08-03 12:46:12,228] {dag.py:2379} INFO - Sync 1 DAGs
[2022-08-03 12:46:12,341] {logging_mixin.py:115} INFO - [2022-08-03 12:46:12,341] {dag.py:2931} INFO - Setting next_dagrun for example_branch_dop_operator_v3 to 2022-08-03T12:45:00+00:00, run_after=2022-08-03T12:46:00+00:00
[2022-08-03 12:46:12,384] {processor.py:161} INFO - Processing /home/airflow/.local/lib/python3.7/site-packages/airflow/example_dags/example_branch_python_dop_operator_3.py took 0.335 seconds
[2022-08-03 12:46:42,521] {processor.py:153} INFO - Started process (PID=117) to work on /home/airflow/.local/lib/python3.7/site-packages/airflow/example_dags/example_branch_python_dop_operator_3.py
[2022-08-03 12:46:42,523] {processor.py:641} INFO - Processing file /home/airflow/.local/lib/python3.7/site-packages/airflow/example_dags/example_branch_python_dop_operator_3.py for tasks to queue
[2022-08-03 12:46:42,525] {logging_mixin.py:115} INFO - [2022-08-03 12:46:42,525] {dagbag.py:507} INFO - Filling up the DagBag from /home/airflow/.local/lib/python3.7/site-packages/airflow/example_dags/example_branch_python_dop_operator_3.py
[2022-08-03 12:46:42,549] {processor.py:651} INFO - DAG(s) dict_keys(['example_branch_dop_operator_v3']) retrieved from /home/airflow/.local/lib/python3.7/site-packages/airflow/example_dags/example_branch_python_dop_operator_3.py
[2022-08-03 12:46:42,583] {logging_mixin.py:115} INFO - [2022-08-03 12:46:42,583] {dag.py:2379} INFO - Sync 1 DAGs
[2022-08-03 12:46:42,610] {logging_mixin.py:115} INFO - [2022-08-03 12:46:42,610] {dag.py:2931} INFO - Setting next_dagrun for example_branch_dop_operator_v3 to 2022-08-03T12:45:00+00:00, run_after=2022-08-03T12:46:00+00:00
[2022-08-03 12:46:42,620] {processor.py:161} INFO - Processing /home/airflow/.local/lib/python3.7/site-packages/airflow/example_dags/example_branch_python_dop_operator_3.py took 0.101 seconds
[2022-08-03 12:47:13,283] {processor.py:153} INFO - Started process (PID=179) to work on /home/airflow/.local/lib/python3.7/site-packages/airflow/example_dags/example_branch_python_dop_operator_3.py
[2022-08-03 12:47:13,294] {processor.py:641} INFO - Processing file /home/airflow/.local/lib/python3.7/site-packages/airflow/example_dags/example_branch_python_dop_operator_3.py for tasks to queue
[2022-08-03 12:47:13,296] {logging_mixin.py:115} INFO - [2022-08-03 12:47:13,296] {dagbag.py:507} INFO - Filling up the DagBag from /home/airflow/.local/lib/python3.7/site-packages/airflow/example_dags/example_branch_python_dop_operator_3.py
[2022-08-03 12:47:13,308] {processor.py:651} INFO - DAG(s) dict_keys(['example_branch_dop_operator_v3']) retrieved from /home/airflow/.local/lib/python3.7/site-packages/airflow/example_dags/example_branch_python_dop_operator_3.py
[2022-08-03 12:47:13,334] {logging_mixin.py:115} INFO - [2022-08-03 12:47:13,334] {dag.py:2379} INFO - Sync 1 DAGs
[2022-08-03 12:47:13,360] {logging_mixin.py:115} INFO - [2022-08-03 12:47:13,359] {dag.py:2931} INFO - Setting next_dagrun for example_branch_dop_operator_v3 to 2022-08-03T12:46:00+00:00, run_after=2022-08-03T12:47:00+00:00
[2022-08-03 12:47:13,370] {processor.py:161} INFO - Processing /home/airflow/.local/lib/python3.7/site-packages/airflow/example_dags/example_branch_python_dop_operator_3.py took 0.090 seconds
[2022-08-03 12:47:44,120] {processor.py:153} INFO - Started process (PID=240) to work on /home/airflow/.local/lib/python3.7/site-packages/airflow/example_dags/example_branch_python_dop_operator_3.py
[2022-08-03 12:47:44,123] {processor.py:641} INFO - Processing file /home/airflow/.local/lib/python3.7/site-packages/airflow/example_dags/example_branch_python_dop_operator_3.py for tasks to queue
[2022-08-03 12:47:44,126] {logging_mixin.py:115} INFO - [2022-08-03 12:47:44,126] {dagbag.py:507} INFO - Filling up the DagBag from /home/airflow/.local/lib/python3.7/site-packages/airflow/example_dags/example_branch_python_dop_operator_3.py
[2022-08-03 12:47:44,153] {processor.py:651} INFO - DAG(s) dict_keys(['example_branch_dop_operator_v3']) retrieved from /home/airflow/.local/lib/python3.7/site-packages/airflow/example_dags/example_branch_python_dop_operator_3.py
[2022-08-03 12:47:44,224] {logging_mixin.py:115} INFO - [2022-08-03 12:47:44,224] {dag.py:2379} INFO - Sync 1 DAGs
[2022-08-03 12:47:44,271] {logging_mixin.py:115} INFO - [2022-08-03 12:47:44,271] {dag.py:2931} INFO - Setting next_dagrun for example_branch_dop_operator_v3 to 2022-08-03T12:46:00+00:00, run_after=2022-08-03T12:47:00+00:00
[2022-08-03 12:47:44,294] {processor.py:161} INFO - Processing /home/airflow/.local/lib/python3.7/site-packages/airflow/example_dags/example_branch_python_dop_operator_3.py took 0.177 seconds
[2022-08-03 12:48:14,608] {processor.py:153} INFO - Started process (PID=292) to work on /home/airflow/.local/lib/python3.7/site-packages/airflow/example_dags/example_branch_python_dop_operator_3.py
[2022-08-03 12:48:14,610] {processor.py:641} INFO - Processing file /home/airflow/.local/lib/python3.7/site-packages/airflow/example_dags/example_branch_python_dop_operator_3.py for tasks to queue
[2022-08-03 12:48:14,611] {logging_mixin.py:115} INFO - [2022-08-03 12:48:14,611] {dagbag.py:507} INFO - Filling up the DagBag from /home/airflow/.local/lib/python3.7/site-packages/airflow/example_dags/example_branch_python_dop_operator_3.py
[2022-08-03 12:48:14,624] {processor.py:651} INFO - DAG(s) dict_keys(['example_branch_dop_operator_v3']) retrieved from /home/airflow/.local/lib/python3.7/site-packages/airflow/example_dags/example_branch_python_dop_operator_3.py
[2022-08-03 12:48:14,666] {logging_mixin.py:115} INFO - [2022-08-03 12:48:14,666] {dag.py:2379} INFO - Sync 1 DAGs
[2022-08-03 12:48:14,685] {logging_mixin.py:115} INFO - [2022-08-03 12:48:14,685] {dag.py:2931} INFO - Setting next_dagrun for example_branch_dop_operator_v3 to 2022-08-03T12:47:00+00:00, run_after=2022-08-03T12:48:00+00:00
[2022-08-03 12:48:14,700] {processor.py:161} INFO - Processing /home/airflow/.local/lib/python3.7/site-packages/airflow/example_dags/example_branch_python_dop_operator_3.py took 0.094 seconds
[2022-08-03 12:48:45,795] {processor.py:153} INFO - Started process (PID=353) to work on /home/airflow/.local/lib/python3.7/site-packages/airflow/example_dags/example_branch_python_dop_operator_3.py
[2022-08-03 12:48:45,799] {processor.py:641} INFO - Processing file /home/airflow/.local/lib/python3.7/site-packages/airflow/example_dags/example_branch_python_dop_operator_3.py for tasks to queue
[2022-08-03 12:48:45,801] {logging_mixin.py:115} INFO - [2022-08-03 12:48:45,801] {dagbag.py:507} INFO - Filling up the DagBag from /home/airflow/.local/lib/python3.7/site-packages/airflow/example_dags/example_branch_python_dop_operator_3.py
[2022-08-03 12:48:45,823] {processor.py:651} INFO - DAG(s) dict_keys(['example_branch_dop_operator_v3']) retrieved from /home/airflow/.local/lib/python3.7/site-packages/airflow/example_dags/example_branch_python_dop_operator_3.py
[2022-08-03 12:48:45,851] {logging_mixin.py:115} INFO - [2022-08-03 12:48:45,851] {dag.py:2379} INFO - Sync 1 DAGs
[2022-08-03 12:48:45,878] {logging_mixin.py:115} INFO - [2022-08-03 12:48:45,878] {dag.py:2931} INFO - Setting next_dagrun for example_branch_dop_operator_v3 to 2022-08-03T12:47:00+00:00, run_after=2022-08-03T12:48:00+00:00
[2022-08-03 12:48:45,888] {processor.py:161} INFO - Processing /home/airflow/.local/lib/python3.7/site-packages/airflow/example_dags/example_branch_python_dop_operator_3.py took 0.096 seconds
[2022-08-03 12:49:16,884] {processor.py:153} INFO - Started process (PID=414) to work on /home/airflow/.local/lib/python3.7/site-packages/airflow/example_dags/example_branch_python_dop_operator_3.py
[2022-08-03 12:49:16,887] {processor.py:641} INFO - Processing file /home/airflow/.local/lib/python3.7/site-packages/airflow/example_dags/example_branch_python_dop_operator_3.py for tasks to queue
[2022-08-03 12:49:16,888] {logging_mixin.py:115} INFO - [2022-08-03 12:49:16,888] {dagbag.py:507} INFO - Filling up the DagBag from /home/airflow/.local/lib/python3.7/site-packages/airflow/example_dags/example_branch_python_dop_operator_3.py
[2022-08-03 12:49:16,898] {processor.py:651} INFO - DAG(s) dict_keys(['example_branch_dop_operator_v3']) retrieved from /home/airflow/.local/lib/python3.7/site-packages/airflow/example_dags/example_branch_python_dop_operator_3.py
[2022-08-03 12:49:16,918] {logging_mixin.py:115} INFO - [2022-08-03 12:49:16,918] {dag.py:2379} INFO - Sync 1 DAGs
[2022-08-03 12:49:16,939] {logging_mixin.py:115} INFO - [2022-08-03 12:49:16,939] {dag.py:2931} INFO - Setting next_dagrun for example_branch_dop_operator_v3 to 2022-08-03T12:48:00+00:00, run_after=2022-08-03T12:49:00+00:00
[2022-08-03 12:49:16,952] {processor.py:161} INFO - Processing /home/airflow/.local/lib/python3.7/site-packages/airflow/example_dags/example_branch_python_dop_operator_3.py took 0.070 seconds
[2022-08-03 12:49:47,841] {processor.py:153} INFO - Started process (PID=475) to work on /home/airflow/.local/lib/python3.7/site-packages/airflow/example_dags/example_branch_python_dop_operator_3.py
[2022-08-03 12:49:47,842] {processor.py:641} INFO - Processing file /home/airflow/.local/lib/python3.7/site-packages/airflow/example_dags/example_branch_python_dop_operator_3.py for tasks to queue
[2022-08-03 12:49:47,844] {logging_mixin.py:115} INFO - [2022-08-03 12:49:47,843] {dagbag.py:507} INFO - Filling up the DagBag from /home/airflow/.local/lib/python3.7/site-packages/airflow/example_dags/example_branch_python_dop_operator_3.py
[2022-08-03 12:49:47,857] {processor.py:651} INFO - DAG(s) dict_keys(['example_branch_dop_operator_v3']) retrieved from /home/airflow/.local/lib/python3.7/site-packages/airflow/example_dags/example_branch_python_dop_operator_3.py
[2022-08-03 12:49:47,879] {logging_mixin.py:115} INFO - [2022-08-03 12:49:47,879] {dag.py:2379} INFO - Sync 1 DAGs
[2022-08-03 12:49:47,900] {logging_mixin.py:115} INFO - [2022-08-03 12:49:47,900] {dag.py:2931} INFO - Setting next_dagrun for example_branch_dop_operator_v3 to 2022-08-03T12:48:00+00:00, run_after=2022-08-03T12:49:00+00:00
[2022-08-03 12:49:47,912] {processor.py:161} INFO - Processing /home/airflow/.local/lib/python3.7/site-packages/airflow/example_dags/example_branch_python_dop_operator_3.py took 0.074 seconds
[2022-08-03 12:50:18,594] {processor.py:153} INFO - Started process (PID=527) to work on /home/airflow/.local/lib/python3.7/site-packages/airflow/example_dags/example_branch_python_dop_operator_3.py
[2022-08-03 12:50:18,596] {processor.py:641} INFO - Processing file /home/airflow/.local/lib/python3.7/site-packages/airflow/example_dags/example_branch_python_dop_operator_3.py for tasks to queue
[2022-08-03 12:50:18,599] {logging_mixin.py:115} INFO - [2022-08-03 12:50:18,599] {dagbag.py:507} INFO - Filling up the DagBag from /home/airflow/.local/lib/python3.7/site-packages/airflow/example_dags/example_branch_python_dop_operator_3.py
[2022-08-03 12:50:18,613] {processor.py:651} INFO - DAG(s) dict_keys(['example_branch_dop_operator_v3']) retrieved from /home/airflow/.local/lib/python3.7/site-packages/airflow/example_dags/example_branch_python_dop_operator_3.py
[2022-08-03 12:50:18,639] {logging_mixin.py:115} INFO - [2022-08-03 12:50:18,639] {dag.py:2379} INFO - Sync 1 DAGs
[2022-08-03 12:50:18,668] {logging_mixin.py:115} INFO - [2022-08-03 12:50:18,668] {dag.py:2931} INFO - Setting next_dagrun for example_branch_dop_operator_v3 to 2022-08-03T12:49:00+00:00, run_after=2022-08-03T12:50:00+00:00
[2022-08-03 12:50:18,684] {processor.py:161} INFO - Processing /home/airflow/.local/lib/python3.7/site-packages/airflow/example_dags/example_branch_python_dop_operator_3.py took 0.093 seconds
[2022-08-03 12:50:49,169] {processor.py:153} INFO - Started process (PID=588) to work on /home/airflow/.local/lib/python3.7/site-packages/airflow/example_dags/example_branch_python_dop_operator_3.py
[2022-08-03 12:50:49,171] {processor.py:641} INFO - Processing file /home/airflow/.local/lib/python3.7/site-packages/airflow/example_dags/example_branch_python_dop_operator_3.py for tasks to queue
[2022-08-03 12:50:49,173] {logging_mixin.py:115} INFO - [2022-08-03 12:50:49,173] {dagbag.py:507} INFO - Filling up the DagBag from /home/airflow/.local/lib/python3.7/site-packages/airflow/example_dags/example_branch_python_dop_operator_3.py
[2022-08-03 12:50:49,193] {processor.py:651} INFO - DAG(s) dict_keys(['example_branch_dop_operator_v3']) retrieved from /home/airflow/.local/lib/python3.7/site-packages/airflow/example_dags/example_branch_python_dop_operator_3.py
[2022-08-03 12:50:49,223] {logging_mixin.py:115} INFO - [2022-08-03 12:50:49,223] {dag.py:2379} INFO - Sync 1 DAGs
[2022-08-03 12:50:49,246] {logging_mixin.py:115} INFO - [2022-08-03 12:50:49,246] {dag.py:2931} INFO - Setting next_dagrun for example_branch_dop_operator_v3 to 2022-08-03T12:49:00+00:00, run_after=2022-08-03T12:50:00+00:00
[2022-08-03 12:50:49,258] {processor.py:161} INFO - Processing /home/airflow/.local/lib/python3.7/site-packages/airflow/example_dags/example_branch_python_dop_operator_3.py took 0.092 seconds
[2022-08-03 12:51:19,784] {processor.py:153} INFO - Started process (PID=650) to work on /home/airflow/.local/lib/python3.7/site-packages/airflow/example_dags/example_branch_python_dop_operator_3.py
[2022-08-03 12:51:19,785] {processor.py:641} INFO - Processing file /home/airflow/.local/lib/python3.7/site-packages/airflow/example_dags/example_branch_python_dop_operator_3.py for tasks to queue
[2022-08-03 12:51:19,787] {logging_mixin.py:115} INFO - [2022-08-03 12:51:19,787] {dagbag.py:507} INFO - Filling up the DagBag from /home/airflow/.local/lib/python3.7/site-packages/airflow/example_dags/example_branch_python_dop_operator_3.py
[2022-08-03 12:51:19,816] {processor.py:651} INFO - DAG(s) dict_keys(['example_branch_dop_operator_v3']) retrieved from /home/airflow/.local/lib/python3.7/site-packages/airflow/example_dags/example_branch_python_dop_operator_3.py
[2022-08-03 12:51:19,841] {logging_mixin.py:115} INFO - [2022-08-03 12:51:19,840] {dag.py:2379} INFO - Sync 1 DAGs
[2022-08-03 12:51:19,867] {logging_mixin.py:115} INFO - [2022-08-03 12:51:19,867] {dag.py:2931} INFO - Setting next_dagrun for example_branch_dop_operator_v3 to 2022-08-03T12:50:00+00:00, run_after=2022-08-03T12:51:00+00:00
[2022-08-03 12:51:19,880] {processor.py:161} INFO - Processing /home/airflow/.local/lib/python3.7/site-packages/airflow/example_dags/example_branch_python_dop_operator_3.py took 0.099 seconds
[2022-08-03 12:51:50,817] {processor.py:153} INFO - Started process (PID=711) to work on /home/airflow/.local/lib/python3.7/site-packages/airflow/example_dags/example_branch_python_dop_operator_3.py
[2022-08-03 12:51:50,826] {processor.py:641} INFO - Processing file /home/airflow/.local/lib/python3.7/site-packages/airflow/example_dags/example_branch_python_dop_operator_3.py for tasks to queue
[2022-08-03 12:51:50,828] {logging_mixin.py:115} INFO - [2022-08-03 12:51:50,828] {dagbag.py:507} INFO - Filling up the DagBag from /home/airflow/.local/lib/python3.7/site-packages/airflow/example_dags/example_branch_python_dop_operator_3.py
[2022-08-03 12:51:50,851] {processor.py:651} INFO - DAG(s) dict_keys(['example_branch_dop_operator_v3']) retrieved from /home/airflow/.local/lib/python3.7/site-packages/airflow/example_dags/example_branch_python_dop_operator_3.py
[2022-08-03 12:51:50,879] {logging_mixin.py:115} INFO - [2022-08-03 12:51:50,879] {dag.py:2379} INFO - Sync 1 DAGs
[2022-08-03 12:51:50,896] {logging_mixin.py:115} INFO - [2022-08-03 12:51:50,896] {dag.py:2931} INFO - Setting next_dagrun for example_branch_dop_operator_v3 to 2022-08-03T12:50:00+00:00, run_after=2022-08-03T12:51:00+00:00
[2022-08-03 12:51:50,918] {processor.py:161} INFO - Processing /home/airflow/.local/lib/python3.7/site-packages/airflow/example_dags/example_branch_python_dop_operator_3.py took 0.104 seconds
[2022-08-03 12:52:21,634] {processor.py:153} INFO - Started process (PID=773) to work on /home/airflow/.local/lib/python3.7/site-packages/airflow/example_dags/example_branch_python_dop_operator_3.py
[2022-08-03 12:52:21,636] {processor.py:641} INFO - Processing file /home/airflow/.local/lib/python3.7/site-packages/airflow/example_dags/example_branch_python_dop_operator_3.py for tasks to queue
[2022-08-03 12:52:21,638] {logging_mixin.py:115} INFO - [2022-08-03 12:52:21,638] {dagbag.py:507} INFO - Filling up the DagBag from /home/airflow/.local/lib/python3.7/site-packages/airflow/example_dags/example_branch_python_dop_operator_3.py
[2022-08-03 12:52:21,645] {processor.py:651} INFO - DAG(s) dict_keys(['example_branch_dop_operator_v3']) retrieved from /home/airflow/.local/lib/python3.7/site-packages/airflow/example_dags/example_branch_python_dop_operator_3.py
[2022-08-03 12:52:21,666] {logging_mixin.py:115} INFO - [2022-08-03 12:52:21,666] {dag.py:2379} INFO - Sync 1 DAGs
[2022-08-03 12:52:21,685] {logging_mixin.py:115} INFO - [2022-08-03 12:52:21,685] {dag.py:2931} INFO - Setting next_dagrun for example_branch_dop_operator_v3 to 2022-08-03T12:51:00+00:00, run_after=2022-08-03T12:52:00+00:00
[2022-08-03 12:52:21,695] {processor.py:161} INFO - Processing /home/airflow/.local/lib/python3.7/site-packages/airflow/example_dags/example_branch_python_dop_operator_3.py took 0.063 seconds
