[2022-09-20 23:41:26,363] {taskinstance.py:1159} INFO - Dependencies all met for <TaskInstance: tutorial_request.silver_senators manual__2022-09-20T23:41:22.605190+00:00 [queued]>
[2022-09-20 23:41:26,382] {taskinstance.py:1159} INFO - Dependencies all met for <TaskInstance: tutorial_request.silver_senators manual__2022-09-20T23:41:22.605190+00:00 [queued]>
[2022-09-20 23:41:26,383] {taskinstance.py:1356} INFO - 
--------------------------------------------------------------------------------
[2022-09-20 23:41:26,384] {taskinstance.py:1357} INFO - Starting attempt 1 of 2
[2022-09-20 23:41:26,386] {taskinstance.py:1358} INFO - 
--------------------------------------------------------------------------------
[2022-09-20 23:41:26,410] {taskinstance.py:1377} INFO - Executing <Task(SimpleHttpOperator): silver_senators> on 2022-09-20 23:41:22.605190+00:00
[2022-09-20 23:41:26,420] {standard_task_runner.py:52} INFO - Started process 421 to run task
[2022-09-20 23:41:26,437] {standard_task_runner.py:79} INFO - Running: ['***', 'tasks', 'run', 'tutorial_request', 'silver_senators', 'manual__2022-09-20T23:41:22.605190+00:00', '--job-id', '147', '--raw', '--subdir', 'DAGS_FOLDER/hello.py', '--cfg-path', '/tmp/tmp29w06cqz', '--error-file', '/tmp/tmpdoxbmvzc']
[2022-09-20 23:41:26,454] {standard_task_runner.py:80} INFO - Job 147: Subtask silver_senators
[2022-09-20 23:41:26,584] {task_command.py:370} INFO - Running <TaskInstance: tutorial_request.silver_senators manual__2022-09-20T23:41:22.605190+00:00 [running]> on host 6e14261407f3
[2022-09-20 23:41:26,703] {taskinstance.py:1571} INFO - Exporting the following env vars:
AIRFLOW_CTX_DAG_EMAIL=***@example.com
AIRFLOW_CTX_DAG_OWNER=***
AIRFLOW_CTX_DAG_ID=tutorial_request
AIRFLOW_CTX_TASK_ID=silver_senators
AIRFLOW_CTX_EXECUTION_DATE=2022-09-20T23:41:22.605190+00:00
AIRFLOW_CTX_TRY_NUMBER=1
AIRFLOW_CTX_DAG_RUN_ID=manual__2022-09-20T23:41:22.605190+00:00
[2022-09-20 23:41:26,706] {http.py:102} INFO - Calling HTTP method
[2022-09-20 23:41:26,724] {base.py:68} INFO - Using connection ID 'request_lakehouse' for task execution.
[2022-09-20 23:41:26,727] {http.py:129} INFO - Sending 'GET' to url: http://host.docker.internal:5000/silver/senators
[2022-09-20 23:41:28,854] {logging_mixin.py:115} INFO - RESPONSE <Response [200]>
[2022-09-20 23:41:28,857] {hello.py:15} INFO - REQUEST SUCCESS
[2022-09-20 23:41:28,898] {taskinstance.py:1400} INFO - Marking task as SUCCESS. dag_id=tutorial_request, task_id=silver_senators, execution_date=20220920T234122, start_date=20220920T234126, end_date=20220920T234128
[2022-09-20 23:41:28,936] {local_task_job.py:156} INFO - Task exited with return code 0
[2022-09-20 23:41:29,024] {local_task_job.py:273} INFO - 0 downstream tasks scheduled from follow-on schedule check
