[2022-06-20 21:51:41,889] {taskinstance.py:1159} INFO - Dependencies all met for <TaskInstance: tutorial_request.print_date manual__2022-06-20T21:51:39.822338+00:00 [queued]>
[2022-06-20 21:51:41,894] {taskinstance.py:1159} INFO - Dependencies all met for <TaskInstance: tutorial_request.print_date manual__2022-06-20T21:51:39.822338+00:00 [queued]>
[2022-06-20 21:51:41,896] {taskinstance.py:1356} INFO - 
--------------------------------------------------------------------------------
[2022-06-20 21:51:41,897] {taskinstance.py:1357} INFO - Starting attempt 1 of 2
[2022-06-20 21:51:41,898] {taskinstance.py:1358} INFO - 
--------------------------------------------------------------------------------
[2022-06-20 21:51:41,906] {taskinstance.py:1377} INFO - Executing <Task(BashOperator): print_date> on 2022-06-20 21:51:39.822338+00:00
[2022-06-20 21:51:41,911] {standard_task_runner.py:52} INFO - Started process 89 to run task
[2022-06-20 21:51:41,914] {standard_task_runner.py:79} INFO - Running: ['***', 'tasks', 'run', 'tutorial_request', 'print_date', 'manual__2022-06-20T21:51:39.822338+00:00', '--job-id', '67', '--raw', '--subdir', 'DAGS_FOLDER/hello.py', '--cfg-path', '/tmp/tmp4yug5u2r', '--error-file', '/tmp/tmpsem3dvbg']
[2022-06-20 21:51:41,916] {standard_task_runner.py:80} INFO - Job 67: Subtask print_date
[2022-06-20 21:51:41,954] {task_command.py:370} INFO - Running <TaskInstance: tutorial_request.print_date manual__2022-06-20T21:51:39.822338+00:00 [running]> on host 8ea7e370cb9f
[2022-06-20 21:51:42,006] {taskinstance.py:1571} INFO - Exporting the following env vars:
AIRFLOW_CTX_DAG_EMAIL=***@example.com
AIRFLOW_CTX_DAG_OWNER=***
AIRFLOW_CTX_DAG_ID=tutorial_request
AIRFLOW_CTX_TASK_ID=print_date
AIRFLOW_CTX_EXECUTION_DATE=2022-06-20T21:51:39.822338+00:00
AIRFLOW_CTX_TRY_NUMBER=1
AIRFLOW_CTX_DAG_RUN_ID=manual__2022-06-20T21:51:39.822338+00:00
[2022-06-20 21:51:42,008] {subprocess.py:62} INFO - Tmp dir root location: 
 /tmp
[2022-06-20 21:51:42,010] {subprocess.py:74} INFO - Running command: ['bash', '-c', 'date']
[2022-06-20 21:51:42,023] {subprocess.py:85} INFO - Output:
[2022-06-20 21:51:42,026] {subprocess.py:92} INFO - Mon Jun 20 21:51:42 UTC 2022
[2022-06-20 21:51:42,028] {subprocess.py:96} INFO - Command exited with return code 0
[2022-06-20 21:51:42,049] {taskinstance.py:1400} INFO - Marking task as SUCCESS. dag_id=tutorial_request, task_id=print_date, execution_date=20220620T215139, start_date=20220620T215141, end_date=20220620T215142
[2022-06-20 21:51:42,092] {local_task_job.py:156} INFO - Task exited with return code 0
[2022-06-20 21:51:42,115] {local_task_job.py:273} INFO - 1 downstream tasks scheduled from follow-on schedule check
