[2022-06-29 16:27:30,791] {taskinstance.py:1159} INFO - Dependencies all met for <TaskInstance: tutorial_request.ola scheduled__2022-06-27T15:34:37.458791+00:00 [queued]>
[2022-06-29 16:27:30,824] {taskinstance.py:1159} INFO - Dependencies all met for <TaskInstance: tutorial_request.ola scheduled__2022-06-27T15:34:37.458791+00:00 [queued]>
[2022-06-29 16:27:30,828] {taskinstance.py:1356} INFO - 
--------------------------------------------------------------------------------
[2022-06-29 16:27:30,829] {taskinstance.py:1357} INFO - Starting attempt 1 of 2
[2022-06-29 16:27:30,831] {taskinstance.py:1358} INFO - 
--------------------------------------------------------------------------------
[2022-06-29 16:27:30,850] {taskinstance.py:1377} INFO - Executing <Task(Ola): ola> on 2022-06-27 15:34:37.458791+00:00
[2022-06-29 16:27:30,856] {standard_task_runner.py:52} INFO - Started process 72 to run task
[2022-06-29 16:27:30,866] {standard_task_runner.py:79} INFO - Running: ['***', 'tasks', 'run', 'tutorial_request', 'ola', 'scheduled__2022-06-27T15:34:37.458791+00:00', '--job-id', '134', '--raw', '--subdir', 'DAGS_FOLDER/hello.py', '--cfg-path', '/tmp/tmplzqnmwe2', '--error-file', '/tmp/tmp3ng7rvop']
[2022-06-29 16:27:30,872] {standard_task_runner.py:80} INFO - Job 134: Subtask ola
[2022-06-29 16:27:30,967] {task_command.py:370} INFO - Running <TaskInstance: tutorial_request.ola scheduled__2022-06-27T15:34:37.458791+00:00 [running]> on host 3b9da1961faf
[2022-06-29 16:27:31,074] {taskinstance.py:1571} INFO - Exporting the following env vars:
AIRFLOW_CTX_DAG_EMAIL=***@example.com
AIRFLOW_CTX_DAG_OWNER=***
AIRFLOW_CTX_DAG_ID=tutorial_request
AIRFLOW_CTX_TASK_ID=ola
AIRFLOW_CTX_EXECUTION_DATE=2022-06-27T15:34:37.458791+00:00
AIRFLOW_CTX_TRY_NUMBER=1
AIRFLOW_CTX_DAG_RUN_ID=scheduled__2022-06-27T15:34:37.458791+00:00
[2022-06-29 16:27:43,903] {logging_mixin.py:115} INFO - SPARK SESSION  <pyspark.sql.session.SparkSession object at 0xffff71534a10>
[2022-06-29 16:27:44,436] {taskinstance.py:1400} INFO - Marking task as SUCCESS. dag_id=tutorial_request, task_id=ola, execution_date=20220627T153437, start_date=20220629T162730, end_date=20220629T162744
[2022-06-29 16:27:44,518] {local_task_job.py:156} INFO - Task exited with return code 0
[2022-06-29 16:27:44,553] {local_task_job.py:273} INFO - 0 downstream tasks scheduled from follow-on schedule check
