[2022-07-17 12:27:12,323] {processor.py:153} INFO - Started process (PID=62) to work on /home/airflow/.local/lib/python3.7/site-packages/airflow/example_dags/example_branch_python_dop_operator_3.py
[2022-07-17 12:27:12,326] {processor.py:641} INFO - Processing file /home/airflow/.local/lib/python3.7/site-packages/airflow/example_dags/example_branch_python_dop_operator_3.py for tasks to queue
[2022-07-17 12:27:12,328] {logging_mixin.py:115} INFO - [2022-07-17 12:27:12,328] {dagbag.py:507} INFO - Filling up the DagBag from /home/airflow/.local/lib/python3.7/site-packages/airflow/example_dags/example_branch_python_dop_operator_3.py
[2022-07-17 12:27:12,364] {processor.py:651} INFO - DAG(s) dict_keys(['example_branch_dop_operator_v3']) retrieved from /home/airflow/.local/lib/python3.7/site-packages/airflow/example_dags/example_branch_python_dop_operator_3.py
[2022-07-17 12:27:12,430] {logging_mixin.py:115} INFO - [2022-07-17 12:27:12,430] {dag.py:2379} INFO - Sync 1 DAGs
[2022-07-17 12:27:12,471] {logging_mixin.py:115} INFO - [2022-07-17 12:27:12,471] {dag.py:2931} INFO - Setting next_dagrun for example_branch_dop_operator_v3 to 2022-07-17T12:26:00+00:00, run_after=2022-07-17T12:27:00+00:00
[2022-07-17 12:27:12,511] {processor.py:161} INFO - Processing /home/airflow/.local/lib/python3.7/site-packages/airflow/example_dags/example_branch_python_dop_operator_3.py took 0.194 seconds
[2022-07-17 12:27:42,934] {processor.py:153} INFO - Started process (PID=122) to work on /home/airflow/.local/lib/python3.7/site-packages/airflow/example_dags/example_branch_python_dop_operator_3.py
[2022-07-17 12:27:42,936] {processor.py:641} INFO - Processing file /home/airflow/.local/lib/python3.7/site-packages/airflow/example_dags/example_branch_python_dop_operator_3.py for tasks to queue
[2022-07-17 12:27:42,937] {logging_mixin.py:115} INFO - [2022-07-17 12:27:42,937] {dagbag.py:507} INFO - Filling up the DagBag from /home/airflow/.local/lib/python3.7/site-packages/airflow/example_dags/example_branch_python_dop_operator_3.py
[2022-07-17 12:27:42,947] {processor.py:651} INFO - DAG(s) dict_keys(['example_branch_dop_operator_v3']) retrieved from /home/airflow/.local/lib/python3.7/site-packages/airflow/example_dags/example_branch_python_dop_operator_3.py
[2022-07-17 12:27:42,970] {logging_mixin.py:115} INFO - [2022-07-17 12:27:42,970] {dag.py:2379} INFO - Sync 1 DAGs
[2022-07-17 12:27:42,987] {logging_mixin.py:115} INFO - [2022-07-17 12:27:42,987] {dag.py:2931} INFO - Setting next_dagrun for example_branch_dop_operator_v3 to 2022-07-17T12:26:00+00:00, run_after=2022-07-17T12:27:00+00:00
[2022-07-17 12:27:42,996] {processor.py:161} INFO - Processing /home/airflow/.local/lib/python3.7/site-packages/airflow/example_dags/example_branch_python_dop_operator_3.py took 0.064 seconds
[2022-07-17 12:28:13,150] {processor.py:153} INFO - Started process (PID=188) to work on /home/airflow/.local/lib/python3.7/site-packages/airflow/example_dags/example_branch_python_dop_operator_3.py
[2022-07-17 12:28:13,151] {processor.py:641} INFO - Processing file /home/airflow/.local/lib/python3.7/site-packages/airflow/example_dags/example_branch_python_dop_operator_3.py for tasks to queue
[2022-07-17 12:28:13,152] {logging_mixin.py:115} INFO - [2022-07-17 12:28:13,152] {dagbag.py:507} INFO - Filling up the DagBag from /home/airflow/.local/lib/python3.7/site-packages/airflow/example_dags/example_branch_python_dop_operator_3.py
[2022-07-17 12:28:13,162] {processor.py:651} INFO - DAG(s) dict_keys(['example_branch_dop_operator_v3']) retrieved from /home/airflow/.local/lib/python3.7/site-packages/airflow/example_dags/example_branch_python_dop_operator_3.py
[2022-07-17 12:28:13,180] {logging_mixin.py:115} INFO - [2022-07-17 12:28:13,179] {dag.py:2379} INFO - Sync 1 DAGs
[2022-07-17 12:28:13,195] {logging_mixin.py:115} INFO - [2022-07-17 12:28:13,195] {dag.py:2931} INFO - Setting next_dagrun for example_branch_dop_operator_v3 to 2022-07-17T12:27:00+00:00, run_after=2022-07-17T12:28:00+00:00
[2022-07-17 12:28:13,204] {processor.py:161} INFO - Processing /home/airflow/.local/lib/python3.7/site-packages/airflow/example_dags/example_branch_python_dop_operator_3.py took 0.057 seconds
[2022-07-17 12:28:43,416] {processor.py:153} INFO - Started process (PID=253) to work on /home/airflow/.local/lib/python3.7/site-packages/airflow/example_dags/example_branch_python_dop_operator_3.py
[2022-07-17 12:28:43,417] {processor.py:641} INFO - Processing file /home/airflow/.local/lib/python3.7/site-packages/airflow/example_dags/example_branch_python_dop_operator_3.py for tasks to queue
[2022-07-17 12:28:43,419] {logging_mixin.py:115} INFO - [2022-07-17 12:28:43,418] {dagbag.py:507} INFO - Filling up the DagBag from /home/airflow/.local/lib/python3.7/site-packages/airflow/example_dags/example_branch_python_dop_operator_3.py
[2022-07-17 12:28:43,429] {processor.py:651} INFO - DAG(s) dict_keys(['example_branch_dop_operator_v3']) retrieved from /home/airflow/.local/lib/python3.7/site-packages/airflow/example_dags/example_branch_python_dop_operator_3.py
[2022-07-17 12:28:43,449] {logging_mixin.py:115} INFO - [2022-07-17 12:28:43,449] {dag.py:2379} INFO - Sync 1 DAGs
[2022-07-17 12:28:43,465] {logging_mixin.py:115} INFO - [2022-07-17 12:28:43,465] {dag.py:2931} INFO - Setting next_dagrun for example_branch_dop_operator_v3 to 2022-07-17T12:27:00+00:00, run_after=2022-07-17T12:28:00+00:00
[2022-07-17 12:28:43,474] {processor.py:161} INFO - Processing /home/airflow/.local/lib/python3.7/site-packages/airflow/example_dags/example_branch_python_dop_operator_3.py took 0.061 seconds
[2022-07-17 12:29:14,480] {processor.py:153} INFO - Started process (PID=317) to work on /home/airflow/.local/lib/python3.7/site-packages/airflow/example_dags/example_branch_python_dop_operator_3.py
[2022-07-17 12:29:14,481] {processor.py:641} INFO - Processing file /home/airflow/.local/lib/python3.7/site-packages/airflow/example_dags/example_branch_python_dop_operator_3.py for tasks to queue
[2022-07-17 12:29:14,482] {logging_mixin.py:115} INFO - [2022-07-17 12:29:14,482] {dagbag.py:507} INFO - Filling up the DagBag from /home/airflow/.local/lib/python3.7/site-packages/airflow/example_dags/example_branch_python_dop_operator_3.py
[2022-07-17 12:29:14,494] {processor.py:651} INFO - DAG(s) dict_keys(['example_branch_dop_operator_v3']) retrieved from /home/airflow/.local/lib/python3.7/site-packages/airflow/example_dags/example_branch_python_dop_operator_3.py
[2022-07-17 12:29:14,514] {logging_mixin.py:115} INFO - [2022-07-17 12:29:14,514] {dag.py:2379} INFO - Sync 1 DAGs
[2022-07-17 12:29:14,530] {logging_mixin.py:115} INFO - [2022-07-17 12:29:14,530] {dag.py:2931} INFO - Setting next_dagrun for example_branch_dop_operator_v3 to 2022-07-17T12:28:00+00:00, run_after=2022-07-17T12:29:00+00:00
[2022-07-17 12:29:14,542] {processor.py:161} INFO - Processing /home/airflow/.local/lib/python3.7/site-packages/airflow/example_dags/example_branch_python_dop_operator_3.py took 0.065 seconds
[2022-07-17 12:29:44,731] {processor.py:153} INFO - Started process (PID=382) to work on /home/airflow/.local/lib/python3.7/site-packages/airflow/example_dags/example_branch_python_dop_operator_3.py
[2022-07-17 12:29:44,732] {processor.py:641} INFO - Processing file /home/airflow/.local/lib/python3.7/site-packages/airflow/example_dags/example_branch_python_dop_operator_3.py for tasks to queue
[2022-07-17 12:29:44,736] {logging_mixin.py:115} INFO - [2022-07-17 12:29:44,736] {dagbag.py:507} INFO - Filling up the DagBag from /home/airflow/.local/lib/python3.7/site-packages/airflow/example_dags/example_branch_python_dop_operator_3.py
[2022-07-17 12:29:44,750] {processor.py:651} INFO - DAG(s) dict_keys(['example_branch_dop_operator_v3']) retrieved from /home/airflow/.local/lib/python3.7/site-packages/airflow/example_dags/example_branch_python_dop_operator_3.py
[2022-07-17 12:29:44,768] {logging_mixin.py:115} INFO - [2022-07-17 12:29:44,768] {dag.py:2379} INFO - Sync 1 DAGs
[2022-07-17 12:29:44,785] {logging_mixin.py:115} INFO - [2022-07-17 12:29:44,784] {dag.py:2931} INFO - Setting next_dagrun for example_branch_dop_operator_v3 to 2022-07-17T12:28:00+00:00, run_after=2022-07-17T12:29:00+00:00
[2022-07-17 12:29:44,808] {processor.py:161} INFO - Processing /home/airflow/.local/lib/python3.7/site-packages/airflow/example_dags/example_branch_python_dop_operator_3.py took 0.080 seconds
[2022-07-17 12:30:14,976] {processor.py:153} INFO - Started process (PID=448) to work on /home/airflow/.local/lib/python3.7/site-packages/airflow/example_dags/example_branch_python_dop_operator_3.py
[2022-07-17 12:30:14,977] {processor.py:641} INFO - Processing file /home/airflow/.local/lib/python3.7/site-packages/airflow/example_dags/example_branch_python_dop_operator_3.py for tasks to queue
[2022-07-17 12:30:14,979] {logging_mixin.py:115} INFO - [2022-07-17 12:30:14,979] {dagbag.py:507} INFO - Filling up the DagBag from /home/airflow/.local/lib/python3.7/site-packages/airflow/example_dags/example_branch_python_dop_operator_3.py
[2022-07-17 12:30:14,989] {processor.py:651} INFO - DAG(s) dict_keys(['example_branch_dop_operator_v3']) retrieved from /home/airflow/.local/lib/python3.7/site-packages/airflow/example_dags/example_branch_python_dop_operator_3.py
[2022-07-17 12:30:15,007] {logging_mixin.py:115} INFO - [2022-07-17 12:30:15,007] {dag.py:2379} INFO - Sync 1 DAGs
[2022-07-17 12:30:15,022] {logging_mixin.py:115} INFO - [2022-07-17 12:30:15,022] {dag.py:2931} INFO - Setting next_dagrun for example_branch_dop_operator_v3 to 2022-07-17T12:29:00+00:00, run_after=2022-07-17T12:30:00+00:00
[2022-07-17 12:30:15,031] {processor.py:161} INFO - Processing /home/airflow/.local/lib/python3.7/site-packages/airflow/example_dags/example_branch_python_dop_operator_3.py took 0.057 seconds
[2022-07-17 12:30:45,161] {processor.py:153} INFO - Started process (PID=511) to work on /home/airflow/.local/lib/python3.7/site-packages/airflow/example_dags/example_branch_python_dop_operator_3.py
[2022-07-17 12:30:45,162] {processor.py:641} INFO - Processing file /home/airflow/.local/lib/python3.7/site-packages/airflow/example_dags/example_branch_python_dop_operator_3.py for tasks to queue
[2022-07-17 12:30:45,163] {logging_mixin.py:115} INFO - [2022-07-17 12:30:45,163] {dagbag.py:507} INFO - Filling up the DagBag from /home/airflow/.local/lib/python3.7/site-packages/airflow/example_dags/example_branch_python_dop_operator_3.py
[2022-07-17 12:30:45,174] {processor.py:651} INFO - DAG(s) dict_keys(['example_branch_dop_operator_v3']) retrieved from /home/airflow/.local/lib/python3.7/site-packages/airflow/example_dags/example_branch_python_dop_operator_3.py
[2022-07-17 12:30:45,192] {logging_mixin.py:115} INFO - [2022-07-17 12:30:45,192] {dag.py:2379} INFO - Sync 1 DAGs
[2022-07-17 12:30:45,209] {logging_mixin.py:115} INFO - [2022-07-17 12:30:45,209] {dag.py:2931} INFO - Setting next_dagrun for example_branch_dop_operator_v3 to 2022-07-17T12:29:00+00:00, run_after=2022-07-17T12:30:00+00:00
[2022-07-17 12:30:45,220] {processor.py:161} INFO - Processing /home/airflow/.local/lib/python3.7/site-packages/airflow/example_dags/example_branch_python_dop_operator_3.py took 0.061 seconds
[2022-07-17 12:31:16,132] {processor.py:153} INFO - Started process (PID=570) to work on /home/airflow/.local/lib/python3.7/site-packages/airflow/example_dags/example_branch_python_dop_operator_3.py
[2022-07-17 12:31:16,151] {processor.py:641} INFO - Processing file /home/airflow/.local/lib/python3.7/site-packages/airflow/example_dags/example_branch_python_dop_operator_3.py for tasks to queue
[2022-07-17 12:31:16,153] {logging_mixin.py:115} INFO - [2022-07-17 12:31:16,152] {dagbag.py:507} INFO - Filling up the DagBag from /home/airflow/.local/lib/python3.7/site-packages/airflow/example_dags/example_branch_python_dop_operator_3.py
[2022-07-17 12:31:16,162] {processor.py:651} INFO - DAG(s) dict_keys(['example_branch_dop_operator_v3']) retrieved from /home/airflow/.local/lib/python3.7/site-packages/airflow/example_dags/example_branch_python_dop_operator_3.py
[2022-07-17 12:31:16,179] {logging_mixin.py:115} INFO - [2022-07-17 12:31:16,179] {dag.py:2379} INFO - Sync 1 DAGs
[2022-07-17 12:31:16,195] {logging_mixin.py:115} INFO - [2022-07-17 12:31:16,195] {dag.py:2931} INFO - Setting next_dagrun for example_branch_dop_operator_v3 to 2022-07-17T12:30:00+00:00, run_after=2022-07-17T12:31:00+00:00
[2022-07-17 12:31:16,206] {processor.py:161} INFO - Processing /home/airflow/.local/lib/python3.7/site-packages/airflow/example_dags/example_branch_python_dop_operator_3.py took 0.077 seconds
[2022-07-17 12:31:47,119] {processor.py:153} INFO - Started process (PID=635) to work on /home/airflow/.local/lib/python3.7/site-packages/airflow/example_dags/example_branch_python_dop_operator_3.py
[2022-07-17 12:31:47,120] {processor.py:641} INFO - Processing file /home/airflow/.local/lib/python3.7/site-packages/airflow/example_dags/example_branch_python_dop_operator_3.py for tasks to queue
[2022-07-17 12:31:47,121] {logging_mixin.py:115} INFO - [2022-07-17 12:31:47,121] {dagbag.py:507} INFO - Filling up the DagBag from /home/airflow/.local/lib/python3.7/site-packages/airflow/example_dags/example_branch_python_dop_operator_3.py
[2022-07-17 12:31:47,132] {processor.py:651} INFO - DAG(s) dict_keys(['example_branch_dop_operator_v3']) retrieved from /home/airflow/.local/lib/python3.7/site-packages/airflow/example_dags/example_branch_python_dop_operator_3.py
[2022-07-17 12:31:47,150] {logging_mixin.py:115} INFO - [2022-07-17 12:31:47,150] {dag.py:2379} INFO - Sync 1 DAGs
[2022-07-17 12:31:47,166] {logging_mixin.py:115} INFO - [2022-07-17 12:31:47,166] {dag.py:2931} INFO - Setting next_dagrun for example_branch_dop_operator_v3 to 2022-07-17T12:30:00+00:00, run_after=2022-07-17T12:31:00+00:00
[2022-07-17 12:31:47,176] {processor.py:161} INFO - Processing /home/airflow/.local/lib/python3.7/site-packages/airflow/example_dags/example_branch_python_dop_operator_3.py took 0.060 seconds
[2022-07-17 12:32:19,009] {processor.py:153} INFO - Started process (PID=699) to work on /home/airflow/.local/lib/python3.7/site-packages/airflow/example_dags/example_branch_python_dop_operator_3.py
[2022-07-17 12:32:19,010] {processor.py:641} INFO - Processing file /home/airflow/.local/lib/python3.7/site-packages/airflow/example_dags/example_branch_python_dop_operator_3.py for tasks to queue
[2022-07-17 12:32:19,012] {logging_mixin.py:115} INFO - [2022-07-17 12:32:19,012] {dagbag.py:507} INFO - Filling up the DagBag from /home/airflow/.local/lib/python3.7/site-packages/airflow/example_dags/example_branch_python_dop_operator_3.py
[2022-07-17 12:32:19,020] {processor.py:651} INFO - DAG(s) dict_keys(['example_branch_dop_operator_v3']) retrieved from /home/airflow/.local/lib/python3.7/site-packages/airflow/example_dags/example_branch_python_dop_operator_3.py
[2022-07-17 12:32:19,043] {logging_mixin.py:115} INFO - [2022-07-17 12:32:19,043] {dag.py:2379} INFO - Sync 1 DAGs
[2022-07-17 12:32:19,060] {logging_mixin.py:115} INFO - [2022-07-17 12:32:19,060] {dag.py:2931} INFO - Setting next_dagrun for example_branch_dop_operator_v3 to 2022-07-17T12:31:00+00:00, run_after=2022-07-17T12:32:00+00:00
[2022-07-17 12:32:19,071] {processor.py:161} INFO - Processing /home/airflow/.local/lib/python3.7/site-packages/airflow/example_dags/example_branch_python_dop_operator_3.py took 0.065 seconds
