[2022-07-17 12:27:13,794] {processor.py:153} INFO - Started process (PID=72) to work on /home/airflow/.local/lib/python3.7/site-packages/airflow/example_dags/example_local_kubernetes_executor.py
[2022-07-17 12:27:13,809] {processor.py:641} INFO - Processing file /home/airflow/.local/lib/python3.7/site-packages/airflow/example_dags/example_local_kubernetes_executor.py for tasks to queue
[2022-07-17 12:27:13,811] {logging_mixin.py:115} INFO - [2022-07-17 12:27:13,810] {dagbag.py:507} INFO - Filling up the DagBag from /home/airflow/.local/lib/python3.7/site-packages/airflow/example_dags/example_local_kubernetes_executor.py
[2022-07-17 12:27:13,839] {processor.py:651} INFO - DAG(s) dict_keys(['example_local_kubernetes_executor']) retrieved from /home/airflow/.local/lib/python3.7/site-packages/airflow/example_dags/example_local_kubernetes_executor.py
[2022-07-17 12:27:13,878] {logging_mixin.py:115} INFO - [2022-07-17 12:27:13,878] {dag.py:2379} INFO - Sync 1 DAGs
[2022-07-17 12:27:13,903] {logging_mixin.py:115} INFO - [2022-07-17 12:27:13,903] {dag.py:2931} INFO - Setting next_dagrun for example_local_kubernetes_executor to None, run_after=None
[2022-07-17 12:27:13,941] {processor.py:161} INFO - Processing /home/airflow/.local/lib/python3.7/site-packages/airflow/example_dags/example_local_kubernetes_executor.py took 0.149 seconds
[2022-07-17 12:27:44,578] {processor.py:153} INFO - Started process (PID=141) to work on /home/airflow/.local/lib/python3.7/site-packages/airflow/example_dags/example_local_kubernetes_executor.py
[2022-07-17 12:27:44,580] {processor.py:641} INFO - Processing file /home/airflow/.local/lib/python3.7/site-packages/airflow/example_dags/example_local_kubernetes_executor.py for tasks to queue
[2022-07-17 12:27:44,581] {logging_mixin.py:115} INFO - [2022-07-17 12:27:44,581] {dagbag.py:507} INFO - Filling up the DagBag from /home/airflow/.local/lib/python3.7/site-packages/airflow/example_dags/example_local_kubernetes_executor.py
[2022-07-17 12:27:44,595] {processor.py:651} INFO - DAG(s) dict_keys(['example_local_kubernetes_executor']) retrieved from /home/airflow/.local/lib/python3.7/site-packages/airflow/example_dags/example_local_kubernetes_executor.py
[2022-07-17 12:27:44,612] {logging_mixin.py:115} INFO - [2022-07-17 12:27:44,612] {dag.py:2379} INFO - Sync 1 DAGs
[2022-07-17 12:27:44,625] {logging_mixin.py:115} INFO - [2022-07-17 12:27:44,625] {dag.py:2931} INFO - Setting next_dagrun for example_local_kubernetes_executor to None, run_after=None
[2022-07-17 12:27:44,633] {processor.py:161} INFO - Processing /home/airflow/.local/lib/python3.7/site-packages/airflow/example_dags/example_local_kubernetes_executor.py took 0.056 seconds
[2022-07-17 12:28:14,754] {processor.py:153} INFO - Started process (PID=198) to work on /home/airflow/.local/lib/python3.7/site-packages/airflow/example_dags/example_local_kubernetes_executor.py
[2022-07-17 12:28:14,756] {processor.py:641} INFO - Processing file /home/airflow/.local/lib/python3.7/site-packages/airflow/example_dags/example_local_kubernetes_executor.py for tasks to queue
[2022-07-17 12:28:14,757] {logging_mixin.py:115} INFO - [2022-07-17 12:28:14,757] {dagbag.py:507} INFO - Filling up the DagBag from /home/airflow/.local/lib/python3.7/site-packages/airflow/example_dags/example_local_kubernetes_executor.py
[2022-07-17 12:28:14,771] {processor.py:651} INFO - DAG(s) dict_keys(['example_local_kubernetes_executor']) retrieved from /home/airflow/.local/lib/python3.7/site-packages/airflow/example_dags/example_local_kubernetes_executor.py
[2022-07-17 12:28:14,788] {logging_mixin.py:115} INFO - [2022-07-17 12:28:14,787] {dag.py:2379} INFO - Sync 1 DAGs
[2022-07-17 12:28:14,801] {logging_mixin.py:115} INFO - [2022-07-17 12:28:14,801] {dag.py:2931} INFO - Setting next_dagrun for example_local_kubernetes_executor to None, run_after=None
[2022-07-17 12:28:14,808] {processor.py:161} INFO - Processing /home/airflow/.local/lib/python3.7/site-packages/airflow/example_dags/example_local_kubernetes_executor.py took 0.057 seconds
[2022-07-17 12:28:45,069] {processor.py:153} INFO - Started process (PID=264) to work on /home/airflow/.local/lib/python3.7/site-packages/airflow/example_dags/example_local_kubernetes_executor.py
[2022-07-17 12:28:45,071] {processor.py:641} INFO - Processing file /home/airflow/.local/lib/python3.7/site-packages/airflow/example_dags/example_local_kubernetes_executor.py for tasks to queue
[2022-07-17 12:28:45,072] {logging_mixin.py:115} INFO - [2022-07-17 12:28:45,072] {dagbag.py:507} INFO - Filling up the DagBag from /home/airflow/.local/lib/python3.7/site-packages/airflow/example_dags/example_local_kubernetes_executor.py
[2022-07-17 12:28:45,085] {processor.py:651} INFO - DAG(s) dict_keys(['example_local_kubernetes_executor']) retrieved from /home/airflow/.local/lib/python3.7/site-packages/airflow/example_dags/example_local_kubernetes_executor.py
[2022-07-17 12:28:45,103] {logging_mixin.py:115} INFO - [2022-07-17 12:28:45,103] {dag.py:2379} INFO - Sync 1 DAGs
[2022-07-17 12:28:45,117] {logging_mixin.py:115} INFO - [2022-07-17 12:28:45,116] {dag.py:2931} INFO - Setting next_dagrun for example_local_kubernetes_executor to None, run_after=None
[2022-07-17 12:28:45,124] {processor.py:161} INFO - Processing /home/airflow/.local/lib/python3.7/site-packages/airflow/example_dags/example_local_kubernetes_executor.py took 0.058 seconds
[2022-07-17 12:29:16,047] {processor.py:153} INFO - Started process (PID=327) to work on /home/airflow/.local/lib/python3.7/site-packages/airflow/example_dags/example_local_kubernetes_executor.py
[2022-07-17 12:29:16,048] {processor.py:641} INFO - Processing file /home/airflow/.local/lib/python3.7/site-packages/airflow/example_dags/example_local_kubernetes_executor.py for tasks to queue
[2022-07-17 12:29:16,049] {logging_mixin.py:115} INFO - [2022-07-17 12:29:16,049] {dagbag.py:507} INFO - Filling up the DagBag from /home/airflow/.local/lib/python3.7/site-packages/airflow/example_dags/example_local_kubernetes_executor.py
[2022-07-17 12:29:16,064] {processor.py:651} INFO - DAG(s) dict_keys(['example_local_kubernetes_executor']) retrieved from /home/airflow/.local/lib/python3.7/site-packages/airflow/example_dags/example_local_kubernetes_executor.py
[2022-07-17 12:29:16,083] {logging_mixin.py:115} INFO - [2022-07-17 12:29:16,083] {dag.py:2379} INFO - Sync 1 DAGs
[2022-07-17 12:29:16,097] {logging_mixin.py:115} INFO - [2022-07-17 12:29:16,097] {dag.py:2931} INFO - Setting next_dagrun for example_local_kubernetes_executor to None, run_after=None
[2022-07-17 12:29:16,104] {processor.py:161} INFO - Processing /home/airflow/.local/lib/python3.7/site-packages/airflow/example_dags/example_local_kubernetes_executor.py took 0.060 seconds
[2022-07-17 12:29:46,285] {processor.py:153} INFO - Started process (PID=392) to work on /home/airflow/.local/lib/python3.7/site-packages/airflow/example_dags/example_local_kubernetes_executor.py
[2022-07-17 12:29:46,286] {processor.py:641} INFO - Processing file /home/airflow/.local/lib/python3.7/site-packages/airflow/example_dags/example_local_kubernetes_executor.py for tasks to queue
[2022-07-17 12:29:46,288] {logging_mixin.py:115} INFO - [2022-07-17 12:29:46,288] {dagbag.py:507} INFO - Filling up the DagBag from /home/airflow/.local/lib/python3.7/site-packages/airflow/example_dags/example_local_kubernetes_executor.py
[2022-07-17 12:29:46,304] {processor.py:651} INFO - DAG(s) dict_keys(['example_local_kubernetes_executor']) retrieved from /home/airflow/.local/lib/python3.7/site-packages/airflow/example_dags/example_local_kubernetes_executor.py
[2022-07-17 12:29:46,329] {logging_mixin.py:115} INFO - [2022-07-17 12:29:46,329] {dag.py:2379} INFO - Sync 1 DAGs
[2022-07-17 12:29:46,345] {logging_mixin.py:115} INFO - [2022-07-17 12:29:46,345] {dag.py:2931} INFO - Setting next_dagrun for example_local_kubernetes_executor to None, run_after=None
[2022-07-17 12:29:46,353] {processor.py:161} INFO - Processing /home/airflow/.local/lib/python3.7/site-packages/airflow/example_dags/example_local_kubernetes_executor.py took 0.071 seconds
[2022-07-17 12:30:16,482] {processor.py:153} INFO - Started process (PID=458) to work on /home/airflow/.local/lib/python3.7/site-packages/airflow/example_dags/example_local_kubernetes_executor.py
[2022-07-17 12:30:16,484] {processor.py:641} INFO - Processing file /home/airflow/.local/lib/python3.7/site-packages/airflow/example_dags/example_local_kubernetes_executor.py for tasks to queue
[2022-07-17 12:30:16,485] {logging_mixin.py:115} INFO - [2022-07-17 12:30:16,485] {dagbag.py:507} INFO - Filling up the DagBag from /home/airflow/.local/lib/python3.7/site-packages/airflow/example_dags/example_local_kubernetes_executor.py
[2022-07-17 12:30:16,498] {processor.py:651} INFO - DAG(s) dict_keys(['example_local_kubernetes_executor']) retrieved from /home/airflow/.local/lib/python3.7/site-packages/airflow/example_dags/example_local_kubernetes_executor.py
[2022-07-17 12:30:16,513] {logging_mixin.py:115} INFO - [2022-07-17 12:30:16,513] {dag.py:2379} INFO - Sync 1 DAGs
[2022-07-17 12:30:16,525] {logging_mixin.py:115} INFO - [2022-07-17 12:30:16,525] {dag.py:2931} INFO - Setting next_dagrun for example_local_kubernetes_executor to None, run_after=None
[2022-07-17 12:30:16,532] {processor.py:161} INFO - Processing /home/airflow/.local/lib/python3.7/site-packages/airflow/example_dags/example_local_kubernetes_executor.py took 0.052 seconds
[2022-07-17 12:30:46,643] {processor.py:153} INFO - Started process (PID=524) to work on /home/airflow/.local/lib/python3.7/site-packages/airflow/example_dags/example_local_kubernetes_executor.py
[2022-07-17 12:30:46,644] {processor.py:641} INFO - Processing file /home/airflow/.local/lib/python3.7/site-packages/airflow/example_dags/example_local_kubernetes_executor.py for tasks to queue
[2022-07-17 12:30:46,645] {logging_mixin.py:115} INFO - [2022-07-17 12:30:46,645] {dagbag.py:507} INFO - Filling up the DagBag from /home/airflow/.local/lib/python3.7/site-packages/airflow/example_dags/example_local_kubernetes_executor.py
[2022-07-17 12:30:46,660] {processor.py:651} INFO - DAG(s) dict_keys(['example_local_kubernetes_executor']) retrieved from /home/airflow/.local/lib/python3.7/site-packages/airflow/example_dags/example_local_kubernetes_executor.py
[2022-07-17 12:30:46,677] {logging_mixin.py:115} INFO - [2022-07-17 12:30:46,677] {dag.py:2379} INFO - Sync 1 DAGs
[2022-07-17 12:30:46,691] {logging_mixin.py:115} INFO - [2022-07-17 12:30:46,691] {dag.py:2931} INFO - Setting next_dagrun for example_local_kubernetes_executor to None, run_after=None
[2022-07-17 12:30:46,699] {processor.py:161} INFO - Processing /home/airflow/.local/lib/python3.7/site-packages/airflow/example_dags/example_local_kubernetes_executor.py took 0.058 seconds
[2022-07-17 12:31:17,677] {processor.py:153} INFO - Started process (PID=589) to work on /home/airflow/.local/lib/python3.7/site-packages/airflow/example_dags/example_local_kubernetes_executor.py
[2022-07-17 12:31:17,679] {processor.py:641} INFO - Processing file /home/airflow/.local/lib/python3.7/site-packages/airflow/example_dags/example_local_kubernetes_executor.py for tasks to queue
[2022-07-17 12:31:17,681] {logging_mixin.py:115} INFO - [2022-07-17 12:31:17,681] {dagbag.py:507} INFO - Filling up the DagBag from /home/airflow/.local/lib/python3.7/site-packages/airflow/example_dags/example_local_kubernetes_executor.py
[2022-07-17 12:31:17,696] {processor.py:651} INFO - DAG(s) dict_keys(['example_local_kubernetes_executor']) retrieved from /home/airflow/.local/lib/python3.7/site-packages/airflow/example_dags/example_local_kubernetes_executor.py
[2022-07-17 12:31:17,718] {logging_mixin.py:115} INFO - [2022-07-17 12:31:17,717] {dag.py:2379} INFO - Sync 1 DAGs
[2022-07-17 12:31:17,732] {logging_mixin.py:115} INFO - [2022-07-17 12:31:17,732] {dag.py:2931} INFO - Setting next_dagrun for example_local_kubernetes_executor to None, run_after=None
[2022-07-17 12:31:17,747] {processor.py:161} INFO - Processing /home/airflow/.local/lib/python3.7/site-packages/airflow/example_dags/example_local_kubernetes_executor.py took 0.072 seconds
[2022-07-17 12:31:48,731] {processor.py:153} INFO - Started process (PID=645) to work on /home/airflow/.local/lib/python3.7/site-packages/airflow/example_dags/example_local_kubernetes_executor.py
[2022-07-17 12:31:48,733] {processor.py:641} INFO - Processing file /home/airflow/.local/lib/python3.7/site-packages/airflow/example_dags/example_local_kubernetes_executor.py for tasks to queue
[2022-07-17 12:31:48,735] {logging_mixin.py:115} INFO - [2022-07-17 12:31:48,735] {dagbag.py:507} INFO - Filling up the DagBag from /home/airflow/.local/lib/python3.7/site-packages/airflow/example_dags/example_local_kubernetes_executor.py
[2022-07-17 12:31:48,750] {processor.py:651} INFO - DAG(s) dict_keys(['example_local_kubernetes_executor']) retrieved from /home/airflow/.local/lib/python3.7/site-packages/airflow/example_dags/example_local_kubernetes_executor.py
[2022-07-17 12:31:48,773] {logging_mixin.py:115} INFO - [2022-07-17 12:31:48,773] {dag.py:2379} INFO - Sync 1 DAGs
[2022-07-17 12:31:48,786] {logging_mixin.py:115} INFO - [2022-07-17 12:31:48,785] {dag.py:2931} INFO - Setting next_dagrun for example_local_kubernetes_executor to None, run_after=None
[2022-07-17 12:31:48,793] {processor.py:161} INFO - Processing /home/airflow/.local/lib/python3.7/site-packages/airflow/example_dags/example_local_kubernetes_executor.py took 0.065 seconds
[2022-07-17 12:32:19,826] {processor.py:153} INFO - Started process (PID=709) to work on /home/airflow/.local/lib/python3.7/site-packages/airflow/example_dags/example_local_kubernetes_executor.py
[2022-07-17 12:32:19,828] {processor.py:641} INFO - Processing file /home/airflow/.local/lib/python3.7/site-packages/airflow/example_dags/example_local_kubernetes_executor.py for tasks to queue
[2022-07-17 12:32:19,830] {logging_mixin.py:115} INFO - [2022-07-17 12:32:19,830] {dagbag.py:507} INFO - Filling up the DagBag from /home/airflow/.local/lib/python3.7/site-packages/airflow/example_dags/example_local_kubernetes_executor.py
[2022-07-17 12:32:19,847] {processor.py:651} INFO - DAG(s) dict_keys(['example_local_kubernetes_executor']) retrieved from /home/airflow/.local/lib/python3.7/site-packages/airflow/example_dags/example_local_kubernetes_executor.py
[2022-07-17 12:32:19,872] {logging_mixin.py:115} INFO - [2022-07-17 12:32:19,872] {dag.py:2379} INFO - Sync 1 DAGs
[2022-07-17 12:32:19,890] {logging_mixin.py:115} INFO - [2022-07-17 12:32:19,890] {dag.py:2931} INFO - Setting next_dagrun for example_local_kubernetes_executor to None, run_after=None
[2022-07-17 12:32:19,900] {processor.py:161} INFO - Processing /home/airflow/.local/lib/python3.7/site-packages/airflow/example_dags/example_local_kubernetes_executor.py took 0.077 seconds
