[2022-07-17 12:27:13,149] {processor.py:153} INFO - Started process (PID=66) to work on /home/airflow/.local/lib/python3.7/site-packages/airflow/example_dags/example_skip_dag.py
[2022-07-17 12:27:13,162] {processor.py:641} INFO - Processing file /home/airflow/.local/lib/python3.7/site-packages/airflow/example_dags/example_skip_dag.py for tasks to queue
[2022-07-17 12:27:13,164] {logging_mixin.py:115} INFO - [2022-07-17 12:27:13,164] {dagbag.py:507} INFO - Filling up the DagBag from /home/airflow/.local/lib/python3.7/site-packages/airflow/example_dags/example_skip_dag.py
[2022-07-17 12:27:13,169] {processor.py:651} INFO - DAG(s) dict_keys(['example_skip_dag']) retrieved from /home/airflow/.local/lib/python3.7/site-packages/airflow/example_dags/example_skip_dag.py
[2022-07-17 12:27:13,209] {logging_mixin.py:115} INFO - [2022-07-17 12:27:13,209] {dag.py:2379} INFO - Sync 1 DAGs
[2022-07-17 12:27:13,229] {logging_mixin.py:115} INFO - [2022-07-17 12:27:13,229] {dag.py:2931} INFO - Setting next_dagrun for example_skip_dag to 2022-07-16T12:27:13.229234+00:00, run_after=2022-07-17T12:27:13.229234+00:00
[2022-07-17 12:27:13,243] {processor.py:161} INFO - Processing /home/airflow/.local/lib/python3.7/site-packages/airflow/example_dags/example_skip_dag.py took 0.099 seconds
[2022-07-17 12:27:43,280] {processor.py:153} INFO - Started process (PID=135) to work on /home/airflow/.local/lib/python3.7/site-packages/airflow/example_dags/example_skip_dag.py
[2022-07-17 12:27:43,281] {processor.py:641} INFO - Processing file /home/airflow/.local/lib/python3.7/site-packages/airflow/example_dags/example_skip_dag.py for tasks to queue
[2022-07-17 12:27:43,283] {logging_mixin.py:115} INFO - [2022-07-17 12:27:43,283] {dagbag.py:507} INFO - Filling up the DagBag from /home/airflow/.local/lib/python3.7/site-packages/airflow/example_dags/example_skip_dag.py
[2022-07-17 12:27:43,290] {processor.py:651} INFO - DAG(s) dict_keys(['example_skip_dag']) retrieved from /home/airflow/.local/lib/python3.7/site-packages/airflow/example_dags/example_skip_dag.py
[2022-07-17 12:27:43,307] {logging_mixin.py:115} INFO - [2022-07-17 12:27:43,307] {dag.py:2379} INFO - Sync 1 DAGs
[2022-07-17 12:27:43,320] {logging_mixin.py:115} INFO - [2022-07-17 12:27:43,320] {dag.py:2931} INFO - Setting next_dagrun for example_skip_dag to 2022-07-16T12:27:43.320075+00:00, run_after=2022-07-17T12:27:43.320075+00:00
[2022-07-17 12:27:43,329] {processor.py:161} INFO - Processing /home/airflow/.local/lib/python3.7/site-packages/airflow/example_dags/example_skip_dag.py took 0.052 seconds
[2022-07-17 12:28:13,584] {processor.py:153} INFO - Started process (PID=192) to work on /home/airflow/.local/lib/python3.7/site-packages/airflow/example_dags/example_skip_dag.py
[2022-07-17 12:28:13,599] {processor.py:641} INFO - Processing file /home/airflow/.local/lib/python3.7/site-packages/airflow/example_dags/example_skip_dag.py for tasks to queue
[2022-07-17 12:28:13,600] {logging_mixin.py:115} INFO - [2022-07-17 12:28:13,600] {dagbag.py:507} INFO - Filling up the DagBag from /home/airflow/.local/lib/python3.7/site-packages/airflow/example_dags/example_skip_dag.py
[2022-07-17 12:28:13,607] {processor.py:651} INFO - DAG(s) dict_keys(['example_skip_dag']) retrieved from /home/airflow/.local/lib/python3.7/site-packages/airflow/example_dags/example_skip_dag.py
[2022-07-17 12:28:13,637] {logging_mixin.py:115} INFO - [2022-07-17 12:28:13,637] {dag.py:2379} INFO - Sync 1 DAGs
[2022-07-17 12:28:13,657] {logging_mixin.py:115} INFO - [2022-07-17 12:28:13,657] {dag.py:2931} INFO - Setting next_dagrun for example_skip_dag to 2022-07-16T12:28:13.657091+00:00, run_after=2022-07-17T12:28:13.657091+00:00
[2022-07-17 12:28:13,708] {processor.py:161} INFO - Processing /home/airflow/.local/lib/python3.7/site-packages/airflow/example_dags/example_skip_dag.py took 0.126 seconds
[2022-07-17 12:28:43,794] {processor.py:153} INFO - Started process (PID=258) to work on /home/airflow/.local/lib/python3.7/site-packages/airflow/example_dags/example_skip_dag.py
[2022-07-17 12:28:43,796] {processor.py:641} INFO - Processing file /home/airflow/.local/lib/python3.7/site-packages/airflow/example_dags/example_skip_dag.py for tasks to queue
[2022-07-17 12:28:43,799] {logging_mixin.py:115} INFO - [2022-07-17 12:28:43,799] {dagbag.py:507} INFO - Filling up the DagBag from /home/airflow/.local/lib/python3.7/site-packages/airflow/example_dags/example_skip_dag.py
[2022-07-17 12:28:43,807] {processor.py:651} INFO - DAG(s) dict_keys(['example_skip_dag']) retrieved from /home/airflow/.local/lib/python3.7/site-packages/airflow/example_dags/example_skip_dag.py
[2022-07-17 12:28:43,829] {logging_mixin.py:115} INFO - [2022-07-17 12:28:43,828] {dag.py:2379} INFO - Sync 1 DAGs
[2022-07-17 12:28:43,847] {logging_mixin.py:115} INFO - [2022-07-17 12:28:43,847] {dag.py:2931} INFO - Setting next_dagrun for example_skip_dag to 2022-07-16T12:28:43.847215+00:00, run_after=2022-07-17T12:28:43.847215+00:00
[2022-07-17 12:28:43,856] {processor.py:161} INFO - Processing /home/airflow/.local/lib/python3.7/site-packages/airflow/example_dags/example_skip_dag.py took 0.067 seconds
[2022-07-17 12:29:14,743] {processor.py:153} INFO - Started process (PID=321) to work on /home/airflow/.local/lib/python3.7/site-packages/airflow/example_dags/example_skip_dag.py
[2022-07-17 12:29:14,744] {processor.py:641} INFO - Processing file /home/airflow/.local/lib/python3.7/site-packages/airflow/example_dags/example_skip_dag.py for tasks to queue
[2022-07-17 12:29:14,745] {logging_mixin.py:115} INFO - [2022-07-17 12:29:14,745] {dagbag.py:507} INFO - Filling up the DagBag from /home/airflow/.local/lib/python3.7/site-packages/airflow/example_dags/example_skip_dag.py
[2022-07-17 12:29:14,752] {processor.py:651} INFO - DAG(s) dict_keys(['example_skip_dag']) retrieved from /home/airflow/.local/lib/python3.7/site-packages/airflow/example_dags/example_skip_dag.py
[2022-07-17 12:29:14,769] {logging_mixin.py:115} INFO - [2022-07-17 12:29:14,769] {dag.py:2379} INFO - Sync 1 DAGs
[2022-07-17 12:29:14,781] {logging_mixin.py:115} INFO - [2022-07-17 12:29:14,781] {dag.py:2931} INFO - Setting next_dagrun for example_skip_dag to 2022-07-16T12:29:14.781223+00:00, run_after=2022-07-17T12:29:14.781223+00:00
[2022-07-17 12:29:14,790] {processor.py:161} INFO - Processing /home/airflow/.local/lib/python3.7/site-packages/airflow/example_dags/example_skip_dag.py took 0.049 seconds
[2022-07-17 12:29:44,982] {processor.py:153} INFO - Started process (PID=386) to work on /home/airflow/.local/lib/python3.7/site-packages/airflow/example_dags/example_skip_dag.py
[2022-07-17 12:29:44,983] {processor.py:641} INFO - Processing file /home/airflow/.local/lib/python3.7/site-packages/airflow/example_dags/example_skip_dag.py for tasks to queue
[2022-07-17 12:29:44,984] {logging_mixin.py:115} INFO - [2022-07-17 12:29:44,984] {dagbag.py:507} INFO - Filling up the DagBag from /home/airflow/.local/lib/python3.7/site-packages/airflow/example_dags/example_skip_dag.py
[2022-07-17 12:29:44,991] {processor.py:651} INFO - DAG(s) dict_keys(['example_skip_dag']) retrieved from /home/airflow/.local/lib/python3.7/site-packages/airflow/example_dags/example_skip_dag.py
[2022-07-17 12:29:45,010] {logging_mixin.py:115} INFO - [2022-07-17 12:29:45,010] {dag.py:2379} INFO - Sync 1 DAGs
[2022-07-17 12:29:45,023] {logging_mixin.py:115} INFO - [2022-07-17 12:29:45,023] {dag.py:2931} INFO - Setting next_dagrun for example_skip_dag to 2022-07-16T12:29:45.023725+00:00, run_after=2022-07-17T12:29:45.023725+00:00
[2022-07-17 12:29:45,032] {processor.py:161} INFO - Processing /home/airflow/.local/lib/python3.7/site-packages/airflow/example_dags/example_skip_dag.py took 0.052 seconds
[2022-07-17 12:30:15,144] {processor.py:153} INFO - Started process (PID=452) to work on /home/airflow/.local/lib/python3.7/site-packages/airflow/example_dags/example_skip_dag.py
[2022-07-17 12:30:15,146] {processor.py:641} INFO - Processing file /home/airflow/.local/lib/python3.7/site-packages/airflow/example_dags/example_skip_dag.py for tasks to queue
[2022-07-17 12:30:15,147] {logging_mixin.py:115} INFO - [2022-07-17 12:30:15,147] {dagbag.py:507} INFO - Filling up the DagBag from /home/airflow/.local/lib/python3.7/site-packages/airflow/example_dags/example_skip_dag.py
[2022-07-17 12:30:15,155] {processor.py:651} INFO - DAG(s) dict_keys(['example_skip_dag']) retrieved from /home/airflow/.local/lib/python3.7/site-packages/airflow/example_dags/example_skip_dag.py
[2022-07-17 12:30:15,174] {logging_mixin.py:115} INFO - [2022-07-17 12:30:15,174] {dag.py:2379} INFO - Sync 1 DAGs
[2022-07-17 12:30:15,189] {logging_mixin.py:115} INFO - [2022-07-17 12:30:15,189] {dag.py:2931} INFO - Setting next_dagrun for example_skip_dag to 2022-07-16T12:30:15.189492+00:00, run_after=2022-07-17T12:30:15.189492+00:00
[2022-07-17 12:30:15,198] {processor.py:161} INFO - Processing /home/airflow/.local/lib/python3.7/site-packages/airflow/example_dags/example_skip_dag.py took 0.057 seconds
[2022-07-17 12:30:45,384] {processor.py:153} INFO - Started process (PID=518) to work on /home/airflow/.local/lib/python3.7/site-packages/airflow/example_dags/example_skip_dag.py
[2022-07-17 12:30:45,386] {processor.py:641} INFO - Processing file /home/airflow/.local/lib/python3.7/site-packages/airflow/example_dags/example_skip_dag.py for tasks to queue
[2022-07-17 12:30:45,388] {logging_mixin.py:115} INFO - [2022-07-17 12:30:45,388] {dagbag.py:507} INFO - Filling up the DagBag from /home/airflow/.local/lib/python3.7/site-packages/airflow/example_dags/example_skip_dag.py
[2022-07-17 12:30:45,395] {processor.py:651} INFO - DAG(s) dict_keys(['example_skip_dag']) retrieved from /home/airflow/.local/lib/python3.7/site-packages/airflow/example_dags/example_skip_dag.py
[2022-07-17 12:30:45,415] {logging_mixin.py:115} INFO - [2022-07-17 12:30:45,415] {dag.py:2379} INFO - Sync 1 DAGs
[2022-07-17 12:30:45,432] {logging_mixin.py:115} INFO - [2022-07-17 12:30:45,432] {dag.py:2931} INFO - Setting next_dagrun for example_skip_dag to 2022-07-16T12:30:45.432633+00:00, run_after=2022-07-17T12:30:45.432633+00:00
[2022-07-17 12:30:45,442] {processor.py:161} INFO - Processing /home/airflow/.local/lib/python3.7/site-packages/airflow/example_dags/example_skip_dag.py took 0.059 seconds
[2022-07-17 12:31:16,359] {processor.py:153} INFO - Started process (PID=574) to work on /home/airflow/.local/lib/python3.7/site-packages/airflow/example_dags/example_skip_dag.py
[2022-07-17 12:31:16,361] {processor.py:641} INFO - Processing file /home/airflow/.local/lib/python3.7/site-packages/airflow/example_dags/example_skip_dag.py for tasks to queue
[2022-07-17 12:31:16,362] {logging_mixin.py:115} INFO - [2022-07-17 12:31:16,362] {dagbag.py:507} INFO - Filling up the DagBag from /home/airflow/.local/lib/python3.7/site-packages/airflow/example_dags/example_skip_dag.py
[2022-07-17 12:31:16,369] {processor.py:651} INFO - DAG(s) dict_keys(['example_skip_dag']) retrieved from /home/airflow/.local/lib/python3.7/site-packages/airflow/example_dags/example_skip_dag.py
[2022-07-17 12:31:16,396] {logging_mixin.py:115} INFO - [2022-07-17 12:31:16,396] {dag.py:2379} INFO - Sync 1 DAGs
[2022-07-17 12:31:16,410] {logging_mixin.py:115} INFO - [2022-07-17 12:31:16,410] {dag.py:2931} INFO - Setting next_dagrun for example_skip_dag to 2022-07-16T12:31:16.410264+00:00, run_after=2022-07-17T12:31:16.410264+00:00
[2022-07-17 12:31:16,423] {processor.py:161} INFO - Processing /home/airflow/.local/lib/python3.7/site-packages/airflow/example_dags/example_skip_dag.py took 0.066 seconds
[2022-07-17 12:31:47,396] {processor.py:153} INFO - Started process (PID=639) to work on /home/airflow/.local/lib/python3.7/site-packages/airflow/example_dags/example_skip_dag.py
[2022-07-17 12:31:47,397] {processor.py:641} INFO - Processing file /home/airflow/.local/lib/python3.7/site-packages/airflow/example_dags/example_skip_dag.py for tasks to queue
[2022-07-17 12:31:47,398] {logging_mixin.py:115} INFO - [2022-07-17 12:31:47,398] {dagbag.py:507} INFO - Filling up the DagBag from /home/airflow/.local/lib/python3.7/site-packages/airflow/example_dags/example_skip_dag.py
[2022-07-17 12:31:47,404] {processor.py:651} INFO - DAG(s) dict_keys(['example_skip_dag']) retrieved from /home/airflow/.local/lib/python3.7/site-packages/airflow/example_dags/example_skip_dag.py
[2022-07-17 12:31:47,423] {logging_mixin.py:115} INFO - [2022-07-17 12:31:47,422] {dag.py:2379} INFO - Sync 1 DAGs
[2022-07-17 12:31:47,435] {logging_mixin.py:115} INFO - [2022-07-17 12:31:47,435] {dag.py:2931} INFO - Setting next_dagrun for example_skip_dag to 2022-07-16T12:31:47.435435+00:00, run_after=2022-07-17T12:31:47.435435+00:00
[2022-07-17 12:31:47,444] {processor.py:161} INFO - Processing /home/airflow/.local/lib/python3.7/site-packages/airflow/example_dags/example_skip_dag.py took 0.050 seconds
[2022-07-17 12:32:19,350] {processor.py:153} INFO - Started process (PID=703) to work on /home/airflow/.local/lib/python3.7/site-packages/airflow/example_dags/example_skip_dag.py
[2022-07-17 12:32:19,351] {processor.py:641} INFO - Processing file /home/airflow/.local/lib/python3.7/site-packages/airflow/example_dags/example_skip_dag.py for tasks to queue
[2022-07-17 12:32:19,352] {logging_mixin.py:115} INFO - [2022-07-17 12:32:19,352] {dagbag.py:507} INFO - Filling up the DagBag from /home/airflow/.local/lib/python3.7/site-packages/airflow/example_dags/example_skip_dag.py
[2022-07-17 12:32:19,359] {processor.py:651} INFO - DAG(s) dict_keys(['example_skip_dag']) retrieved from /home/airflow/.local/lib/python3.7/site-packages/airflow/example_dags/example_skip_dag.py
[2022-07-17 12:32:19,380] {logging_mixin.py:115} INFO - [2022-07-17 12:32:19,379] {dag.py:2379} INFO - Sync 1 DAGs
[2022-07-17 12:32:19,394] {logging_mixin.py:115} INFO - [2022-07-17 12:32:19,394] {dag.py:2931} INFO - Setting next_dagrun for example_skip_dag to 2022-07-16T12:32:19.394545+00:00, run_after=2022-07-17T12:32:19.394545+00:00
[2022-07-17 12:32:19,411] {processor.py:161} INFO - Processing /home/airflow/.local/lib/python3.7/site-packages/airflow/example_dags/example_skip_dag.py took 0.064 seconds
